[1.548s] Invoking command in '/home/wyatt/ros2_ws/src/common/geodetic_conversion': PYTHONPATH=/home/wyatt/ros2_ws/build/geodetic_conversion/prefix_override:/usr/lib/python3/dist-packages/colcon_core/task/python/colcon_distutils_commands:/home/wyatt/ros2_ws/install/geodetic_conversion/lib/python3.10/site-packages:${PYTHONPATH} /usr/bin/python3 -W ignore:setup.py install is deprecated -W ignore:easy_install command is deprecated setup.py egg_info --egg-base ../../../build/geodetic_conversion build --build-base /home/wyatt/ros2_ws/build/geodetic_conversion/build install --record /home/wyatt/ros2_ws/build/geodetic_conversion/install.log --single-version-externally-managed install_data
[2.053s] running egg_info
[2.055s] writing ../../../build/geodetic_conversion/geodetic_conversion.egg-info/PKG-INFO
[2.056s] writing dependency_links to ../../../build/geodetic_conversion/geodetic_conversion.egg-info/dependency_links.txt
[2.056s] writing entry points to ../../../build/geodetic_conversion/geodetic_conversion.egg-info/entry_points.txt
[2.059s] writing requirements to ../../../build/geodetic_conversion/geodetic_conversion.egg-info/requires.txt
[2.059s] writing top-level names to ../../../build/geodetic_conversion/geodetic_conversion.egg-info/top_level.txt
[2.061s] reading manifest file '../../../build/geodetic_conversion/geodetic_conversion.egg-info/SOURCES.txt'
[2.063s] writing manifest file '../../../build/geodetic_conversion/geodetic_conversion.egg-info/SOURCES.txt'
[2.063s] running build
[2.063s] running build_py
[2.063s] running install
[2.064s] running install_lib
[2.067s] running install_data
[2.068s] running install_egg_info
[2.071s] removing '/home/wyatt/ros2_ws/install/geodetic_conversion/lib/python3.10/site-packages/geodetic_conversion-0.0.0-py3.10.egg-info' (and everything under it)
[2.072s] Copying ../../../build/geodetic_conversion/geodetic_conversion.egg-info to /home/wyatt/ros2_ws/install/geodetic_conversion/lib/python3.10/site-packages/geodetic_conversion-0.0.0-py3.10.egg-info
[2.073s] running install_scripts
[2.112s] Installing geodetic_conversion_node script to /home/wyatt/ros2_ws/install/geodetic_conversion/lib/geodetic_conversion
[2.112s] writing list of installed files to '/home/wyatt/ros2_ws/build/geodetic_conversion/install.log'
[2.441s] Invoked command in '/home/wyatt/ros2_ws/src/common/geodetic_conversion' returned '0': PYTHONPATH=/home/wyatt/ros2_ws/build/geodetic_conversion/prefix_override:/usr/lib/python3/dist-packages/colcon_core/task/python/colcon_distutils_commands:/home/wyatt/ros2_ws/install/geodetic_conversion/lib/python3.10/site-packages:${PYTHONPATH} /usr/bin/python3 -W ignore:setup.py install is deprecated -W ignore:easy_install command is deprecated setup.py egg_info --egg-base ../../../build/geodetic_conversion build --build-base /home/wyatt/ros2_ws/build/geodetic_conversion/build install --record /home/wyatt/ros2_ws/build/geodetic_conversion/install.log --single-version-externally-managed install_data
