[3.368s] Invoking command in '/home/wyatt/ros2_ws/src/matplotlib_sim': PYTHONPATH=/home/wyatt/ros2_ws/build/matplotlib_sim/prefix_override:/home/wyatt/ros2_ws/install/matplotlib_sim/lib/python3.10/site-packages:${PYTHONPATH} /usr/bin/python3 -W ignore:setup.py install is deprecated setup.py egg_info --egg-base ../../build/matplotlib_sim build --build-base /home/wyatt/ros2_ws/build/matplotlib_sim/build install --record /home/wyatt/ros2_ws/build/matplotlib_sim/install.log --single-version-externally-managed install_data
[4.415s] running egg_info
[4.422s] creating ../../build/matplotlib_sim/matplotlib_sim.egg-info
[4.423s] writing ../../build/matplotlib_sim/matplotlib_sim.egg-info/PKG-INFO
[4.423s] writing dependency_links to ../../build/matplotlib_sim/matplotlib_sim.egg-info/dependency_links.txt
[4.424s] writing entry points to ../../build/matplotlib_sim/matplotlib_sim.egg-info/entry_points.txt
[4.424s] writing requirements to ../../build/matplotlib_sim/matplotlib_sim.egg-info/requires.txt
[4.424s] writing top-level names to ../../build/matplotlib_sim/matplotlib_sim.egg-info/top_level.txt
[4.424s] writing manifest file '../../build/matplotlib_sim/matplotlib_sim.egg-info/SOURCES.txt'
[4.434s] reading manifest file '../../build/matplotlib_sim/matplotlib_sim.egg-info/SOURCES.txt'
[4.439s] writing manifest file '../../build/matplotlib_sim/matplotlib_sim.egg-info/SOURCES.txt'
[4.439s] running build
[4.439s] running build_py
[4.440s] creating /home/wyatt/ros2_ws/build/matplotlib_sim/build
[4.440s] creating /home/wyatt/ros2_ws/build/matplotlib_sim/build/lib
[4.441s] creating /home/wyatt/ros2_ws/build/matplotlib_sim/build/lib/matplotlib_sim
[4.441s] copying matplotlib_sim/__init__.py -> /home/wyatt/ros2_ws/build/matplotlib_sim/build/lib/matplotlib_sim
[4.441s] copying matplotlib_sim/matplotlib_sim_node.py -> /home/wyatt/ros2_ws/build/matplotlib_sim/build/lib/matplotlib_sim
[4.441s] running install
[4.442s] running install_lib
[4.444s] creating /home/wyatt/ros2_ws/install/matplotlib_sim/lib/python3.10/site-packages/matplotlib_sim
[4.444s] copying /home/wyatt/ros2_ws/build/matplotlib_sim/build/lib/matplotlib_sim/__init__.py -> /home/wyatt/ros2_ws/install/matplotlib_sim/lib/python3.10/site-packages/matplotlib_sim
[4.445s] copying /home/wyatt/ros2_ws/build/matplotlib_sim/build/lib/matplotlib_sim/matplotlib_sim_node.py -> /home/wyatt/ros2_ws/install/matplotlib_sim/lib/python3.10/site-packages/matplotlib_sim
[4.446s] byte-compiling /home/wyatt/ros2_ws/install/matplotlib_sim/lib/python3.10/site-packages/matplotlib_sim/__init__.py to __init__.cpython-310.pyc
[4.446s] byte-compiling /home/wyatt/ros2_ws/install/matplotlib_sim/lib/python3.10/site-packages/matplotlib_sim/matplotlib_sim_node.py to matplotlib_sim_node.cpython-310.pyc
[4.449s] running install_data
[4.449s] creating /home/wyatt/ros2_ws/install/matplotlib_sim/share/ament_index
[4.449s] creating /home/wyatt/ros2_ws/install/matplotlib_sim/share/ament_index/resource_index
[4.449s] creating /home/wyatt/ros2_ws/install/matplotlib_sim/share/ament_index/resource_index/packages
[4.450s] copying resource/matplotlib_sim -> /home/wyatt/ros2_ws/install/matplotlib_sim/share/ament_index/resource_index/packages
[4.450s] copying package.xml -> /home/wyatt/ros2_ws/install/matplotlib_sim/share/matplotlib_sim
[4.450s] creating /home/wyatt/ros2_ws/install/matplotlib_sim/share/matplotlib_sim/launch
[4.451s] copying launch/matplotlib_herding_launch.py -> /home/wyatt/ros2_ws/install/matplotlib_sim/share/matplotlib_sim/launch
[4.451s] copying launch/matplotlib_static_launch.py -> /home/wyatt/ros2_ws/install/matplotlib_sim/share/matplotlib_sim/launch
[4.451s] copying launch/matplotlib_sim_launch.py -> /home/wyatt/ros2_ws/install/matplotlib_sim/share/matplotlib_sim/launch
[4.451s] copying launch/matplotlib_demo_launch.py -> /home/wyatt/ros2_ws/install/matplotlib_sim/share/matplotlib_sim/launch
[4.452s] running install_egg_info
[4.462s] Copying ../../build/matplotlib_sim/matplotlib_sim.egg-info to /home/wyatt/ros2_ws/install/matplotlib_sim/lib/python3.10/site-packages/matplotlib_sim-0.0.0-py3.10.egg-info
[4.464s] running install_scripts
[4.517s] Installing matplotlib_sim_node script to /home/wyatt/ros2_ws/install/matplotlib_sim/lib/matplotlib_sim
[4.528s] writing list of installed files to '/home/wyatt/ros2_ws/build/matplotlib_sim/install.log'
[5.284s] Invoked command in '/home/wyatt/ros2_ws/src/matplotlib_sim' returned '0': PYTHONPATH=/home/wyatt/ros2_ws/build/matplotlib_sim/prefix_override:/home/wyatt/ros2_ws/install/matplotlib_sim/lib/python3.10/site-packages:${PYTHONPATH} /usr/bin/python3 -W ignore:setup.py install is deprecated setup.py egg_info --egg-base ../../build/matplotlib_sim build --build-base /home/wyatt/ros2_ws/build/matplotlib_sim/build install --record /home/wyatt/ros2_ws/build/matplotlib_sim/install.log --single-version-externally-managed install_data
