[0.037s] Invoking command in '/home/wyatt/ros2_ws/build/uf_interfaces': CMAKE_PREFIX_PATH=${CMAKE_PREFIX_PATH}:/home/wyatt/ros2_ws/install/wpt_control_xy:/home/wyatt/ros2_ws/install/single_integrator_agent:/home/wyatt/ros2_ws/install/position_broadcaster:/home/wyatt/ros2_ws/install/minimal_startup:/home/wyatt/ros2_ws/install/matplotlib_sim:/home/wyatt/ros2_ws/install/herding_control:/home/wyatt/ros2_ws/install/geodetic_conversion:/home/wyatt/ros2_ws/install/frame_pose_test_package:/home/wyatt/ros2_ws/install/emlid_interface:/opt/ros/humble /usr/bin/cmake --build /home/wyatt/ros2_ws/build/uf_interfaces -- -j4 -l4
[0.273s] [  1%] Built target uf_interfaces__cpp
[0.307s] [ 12%] Built target uf_interfaces__rosidl_generator_c
[0.353s] [ 12%] Built target ament_cmake_python_copy_uf_interfaces
[0.420s] [ 23%] Built target uf_interfaces__rosidl_typesupport_cpp
[0.450s] [ 34%] Built target uf_interfaces__rosidl_typesupport_fastrtps_cpp
[0.525s] [ 46%] Built target uf_interfaces__rosidl_typesupport_introspection_cpp
[0.532s] [ 57%] Built target uf_interfaces__rosidl_typesupport_fastrtps_c
[0.579s] [ 68%] Built target uf_interfaces__rosidl_typesupport_c
[0.592s] [ 79%] Built target uf_interfaces__rosidl_typesupport_introspection_c
[0.675s] [ 79%] Built target uf_interfaces
[0.803s] [ 80%] Built target uf_interfaces__py
[0.926s] [ 90%] Built target uf_interfaces__rosidl_generator_py
[1.086s] [ 93%] Built target uf_interfaces__rosidl_typesupport_fastrtps_c__pyext
[1.102s] [ 96%] Built target uf_interfaces__rosidl_typesupport_introspection_c__pyext
[1.113s] [100%] Built target uf_interfaces__rosidl_typesupport_c__pyext
[1.280s] running egg_info
[1.282s] writing uf_interfaces.egg-info/PKG-INFO
[1.282s] writing dependency_links to uf_interfaces.egg-info/dependency_links.txt
[1.282s] writing top-level names to uf_interfaces.egg-info/top_level.txt
[1.294s] reading manifest file 'uf_interfaces.egg-info/SOURCES.txt'
[1.296s] writing manifest file 'uf_interfaces.egg-info/SOURCES.txt'
[1.386s] [100%] Built target ament_cmake_python_build_uf_interfaces_egg
[1.432s] Invoked command in '/home/wyatt/ros2_ws/build/uf_interfaces' returned '0': CMAKE_PREFIX_PATH=${CMAKE_PREFIX_PATH}:/home/wyatt/ros2_ws/install/wpt_control_xy:/home/wyatt/ros2_ws/install/single_integrator_agent:/home/wyatt/ros2_ws/install/position_broadcaster:/home/wyatt/ros2_ws/install/minimal_startup:/home/wyatt/ros2_ws/install/matplotlib_sim:/home/wyatt/ros2_ws/install/herding_control:/home/wyatt/ros2_ws/install/geodetic_conversion:/home/wyatt/ros2_ws/install/frame_pose_test_package:/home/wyatt/ros2_ws/install/emlid_interface:/opt/ros/humble /usr/bin/cmake --build /home/wyatt/ros2_ws/build/uf_interfaces -- -j4 -l4
[1.437s] Invoking command in '/home/wyatt/ros2_ws/build/uf_interfaces': CMAKE_PREFIX_PATH=${CMAKE_PREFIX_PATH}:/home/wyatt/ros2_ws/install/wpt_control_xy:/home/wyatt/ros2_ws/install/single_integrator_agent:/home/wyatt/ros2_ws/install/position_broadcaster:/home/wyatt/ros2_ws/install/minimal_startup:/home/wyatt/ros2_ws/install/matplotlib_sim:/home/wyatt/ros2_ws/install/herding_control:/home/wyatt/ros2_ws/install/geodetic_conversion:/home/wyatt/ros2_ws/install/frame_pose_test_package:/home/wyatt/ros2_ws/install/emlid_interface:/opt/ros/humble /usr/bin/cmake --install /home/wyatt/ros2_ws/build/uf_interfaces
[1.492s] -- Install configuration: ""
[1.493s] -- Up-to-date: /home/wyatt/ros2_ws/install/uf_interfaces/share/ament_index/resource_index/rosidl_interfaces/uf_interfaces
[1.493s] -- Up-to-date: /home/wyatt/ros2_ws/install/uf_interfaces/include/uf_interfaces/uf_interfaces
[1.493s] -- Up-to-date: /home/wyatt/ros2_ws/install/uf_interfaces/include/uf_interfaces/uf_interfaces/msg
[1.493s] -- Up-to-date: /home/wyatt/ros2_ws/install/uf_interfaces/include/uf_interfaces/uf_interfaces/msg/position.h
[1.493s] -- Up-to-date: /home/wyatt/ros2_ws/install/uf_interfaces/include/uf_interfaces/uf_interfaces/msg/rosidl_generator_c__visibility_control.h
[1.493s] -- Up-to-date: /home/wyatt/ros2_ws/install/uf_interfaces/include/uf_interfaces/uf_interfaces/msg/detail
[1.493s] -- Up-to-date: /home/wyatt/ros2_ws/install/uf_interfaces/include/uf_interfaces/uf_interfaces/msg/detail/position__functions.c
[1.494s] -- Up-to-date: /home/wyatt/ros2_ws/install/uf_interfaces/include/uf_interfaces/uf_interfaces/msg/detail/position__functions.h
[1.494s] -- Up-to-date: /home/wyatt/ros2_ws/install/uf_interfaces/include/uf_interfaces/uf_interfaces/msg/detail/position__type_support.h
[1.494s] -- Up-to-date: /home/wyatt/ros2_ws/install/uf_interfaces/include/uf_interfaces/uf_interfaces/msg/detail/position__struct.h
[1.494s] -- Up-to-date: /home/wyatt/ros2_ws/install/uf_interfaces/include/uf_interfaces/uf_interfaces/srv
[1.494s] -- Up-to-date: /home/wyatt/ros2_ws/install/uf_interfaces/include/uf_interfaces/uf_interfaces/srv/geo_conv.h
[1.494s] -- Up-to-date: /home/wyatt/ros2_ws/install/uf_interfaces/include/uf_interfaces/uf_interfaces/srv/task_assign.h
[1.496s] -- Up-to-date: /home/wyatt/ros2_ws/install/uf_interfaces/include/uf_interfaces/uf_interfaces/srv/detail
[1.496s] -- Up-to-date: /home/wyatt/ros2_ws/install/uf_interfaces/include/uf_interfaces/uf_interfaces/srv/detail/geo_conv__functions.c
[1.497s] -- Up-to-date: /home/wyatt/ros2_ws/install/uf_interfaces/include/uf_interfaces/uf_interfaces/srv/detail/geo_conv__type_support.h
[1.497s] -- Up-to-date: /home/wyatt/ros2_ws/install/uf_interfaces/include/uf_interfaces/uf_interfaces/srv/detail/geo_conv__functions.h
[1.498s] -- Up-to-date: /home/wyatt/ros2_ws/install/uf_interfaces/include/uf_interfaces/uf_interfaces/srv/detail/task_assign__functions.h
[1.498s] -- Up-to-date: /home/wyatt/ros2_ws/install/uf_interfaces/include/uf_interfaces/uf_interfaces/srv/detail/task_assign__struct.h
[1.500s] -- Up-to-date: /home/wyatt/ros2_ws/install/uf_interfaces/include/uf_interfaces/uf_interfaces/srv/detail/geo_conv__struct.h
[1.501s] -- Up-to-date: /home/wyatt/ros2_ws/install/uf_interfaces/include/uf_interfaces/uf_interfaces/srv/detail/task_assign__functions.c
[1.501s] -- Up-to-date: /home/wyatt/ros2_ws/install/uf_interfaces/include/uf_interfaces/uf_interfaces/srv/detail/task_assign__type_support.h
[1.501s] -- Up-to-date: /home/wyatt/ros2_ws/install/uf_interfaces/include/uf_interfaces/uf_interfaces/action
[1.503s] -- Up-to-date: /home/wyatt/ros2_ws/install/uf_interfaces/include/uf_interfaces/uf_interfaces/action/defend.h
[1.503s] -- Up-to-date: /home/wyatt/ros2_ws/install/uf_interfaces/include/uf_interfaces/uf_interfaces/action/herd.h
[1.503s] -- Up-to-date: /home/wyatt/ros2_ws/install/uf_interfaces/include/uf_interfaces/uf_interfaces/action/detail
[1.504s] -- Up-to-date: /home/wyatt/ros2_ws/install/uf_interfaces/include/uf_interfaces/uf_interfaces/action/detail/herd__functions.h
[1.504s] -- Up-to-date: /home/wyatt/ros2_ws/install/uf_interfaces/include/uf_interfaces/uf_interfaces/action/detail/defend__type_support.h
[1.504s] -- Up-to-date: /home/wyatt/ros2_ws/install/uf_interfaces/include/uf_interfaces/uf_interfaces/action/detail/defend__functions.h
[1.504s] -- Up-to-date: /home/wyatt/ros2_ws/install/uf_interfaces/include/uf_interfaces/uf_interfaces/action/detail/herd__struct.h
[1.504s] -- Up-to-date: /home/wyatt/ros2_ws/install/uf_interfaces/include/uf_interfaces/uf_interfaces/action/detail/defend__struct.h
[1.504s] -- Up-to-date: /home/wyatt/ros2_ws/install/uf_interfaces/include/uf_interfaces/uf_interfaces/action/detail/herd__functions.c
[1.506s] -- Up-to-date: /home/wyatt/ros2_ws/install/uf_interfaces/include/uf_interfaces/uf_interfaces/action/detail/defend__functions.c
[1.506s] -- Up-to-date: /home/wyatt/ros2_ws/install/uf_interfaces/include/uf_interfaces/uf_interfaces/action/detail/herd__type_support.h
[1.506s] -- Up-to-date: /home/wyatt/ros2_ws/install/uf_interfaces/share/uf_interfaces/environment/library_path.sh
[1.506s] -- Up-to-date: /home/wyatt/ros2_ws/install/uf_interfaces/share/uf_interfaces/environment/library_path.dsv
[1.506s] -- Up-to-date: /home/wyatt/ros2_ws/install/uf_interfaces/lib/libuf_interfaces__rosidl_generator_c.so
[1.507s] -- Up-to-date: /home/wyatt/ros2_ws/install/uf_interfaces/include/uf_interfaces/uf_interfaces
[1.507s] -- Up-to-date: /home/wyatt/ros2_ws/install/uf_interfaces/include/uf_interfaces/uf_interfaces/msg
[1.507s] -- Up-to-date: /home/wyatt/ros2_ws/install/uf_interfaces/include/uf_interfaces/uf_interfaces/msg/rosidl_typesupport_fastrtps_c__visibility_control.h
[1.507s] -- Up-to-date: /home/wyatt/ros2_ws/install/uf_interfaces/include/uf_interfaces/uf_interfaces/msg/detail
[1.507s] -- Up-to-date: /home/wyatt/ros2_ws/install/uf_interfaces/include/uf_interfaces/uf_interfaces/msg/detail/position__rosidl_typesupport_fastrtps_c.h
[1.509s] -- Up-to-date: /home/wyatt/ros2_ws/install/uf_interfaces/include/uf_interfaces/uf_interfaces/srv
[1.510s] -- Up-to-date: /home/wyatt/ros2_ws/install/uf_interfaces/include/uf_interfaces/uf_interfaces/srv/detail
[1.510s] -- Up-to-date: /home/wyatt/ros2_ws/install/uf_interfaces/include/uf_interfaces/uf_interfaces/srv/detail/geo_conv__rosidl_typesupport_fastrtps_c.h
[1.510s] -- Up-to-date: /home/wyatt/ros2_ws/install/uf_interfaces/include/uf_interfaces/uf_interfaces/srv/detail/task_assign__rosidl_typesupport_fastrtps_c.h
[1.510s] -- Up-to-date: /home/wyatt/ros2_ws/install/uf_interfaces/include/uf_interfaces/uf_interfaces/action
[1.515s] -- Up-to-date: /home/wyatt/ros2_ws/install/uf_interfaces/include/uf_interfaces/uf_interfaces/action/detail
[1.515s] -- Up-to-date: /home/wyatt/ros2_ws/install/uf_interfaces/include/uf_interfaces/uf_interfaces/action/detail/defend__rosidl_typesupport_fastrtps_c.h
[1.516s] -- Up-to-date: /home/wyatt/ros2_ws/install/uf_interfaces/include/uf_interfaces/uf_interfaces/action/detail/herd__rosidl_typesupport_fastrtps_c.h
[1.516s] -- Up-to-date: /home/wyatt/ros2_ws/install/uf_interfaces/lib/libuf_interfaces__rosidl_typesupport_fastrtps_c.so
[1.516s] -- Up-to-date: /home/wyatt/ros2_ws/install/uf_interfaces/include/uf_interfaces/uf_interfaces
[1.516s] -- Up-to-date: /home/wyatt/ros2_ws/install/uf_interfaces/include/uf_interfaces/uf_interfaces/msg
[1.516s] -- Up-to-date: /home/wyatt/ros2_ws/install/uf_interfaces/include/uf_interfaces/uf_interfaces/msg/position.hpp
[1.516s] -- Up-to-date: /home/wyatt/ros2_ws/install/uf_interfaces/include/uf_interfaces/uf_interfaces/msg/detail
[1.518s] -- Up-to-date: /home/wyatt/ros2_ws/install/uf_interfaces/include/uf_interfaces/uf_interfaces/msg/detail/position__traits.hpp
[1.518s] -- Up-to-date: /home/wyatt/ros2_ws/install/uf_interfaces/include/uf_interfaces/uf_interfaces/msg/detail/position__builder.hpp
[1.519s] -- Up-to-date: /home/wyatt/ros2_ws/install/uf_interfaces/include/uf_interfaces/uf_interfaces/msg/detail/position__struct.hpp
[1.519s] -- Up-to-date: /home/wyatt/ros2_ws/install/uf_interfaces/include/uf_interfaces/uf_interfaces/srv
[1.519s] -- Up-to-date: /home/wyatt/ros2_ws/install/uf_interfaces/include/uf_interfaces/uf_interfaces/srv/task_assign.hpp
[1.519s] -- Up-to-date: /home/wyatt/ros2_ws/install/uf_interfaces/include/uf_interfaces/uf_interfaces/srv/geo_conv.hpp
[1.519s] -- Up-to-date: /home/wyatt/ros2_ws/install/uf_interfaces/include/uf_interfaces/uf_interfaces/srv/detail
[1.519s] -- Up-to-date: /home/wyatt/ros2_ws/install/uf_interfaces/include/uf_interfaces/uf_interfaces/srv/detail/geo_conv__traits.hpp
[1.519s] -- Up-to-date: /home/wyatt/ros2_ws/install/uf_interfaces/include/uf_interfaces/uf_interfaces/srv/detail/task_assign__builder.hpp
[1.520s] -- Up-to-date: /home/wyatt/ros2_ws/install/uf_interfaces/include/uf_interfaces/uf_interfaces/srv/detail/task_assign__struct.hpp
[1.520s] -- Up-to-date: /home/wyatt/ros2_ws/install/uf_interfaces/include/uf_interfaces/uf_interfaces/srv/detail/geo_conv__builder.hpp
[1.523s] -- Up-to-date: /home/wyatt/ros2_ws/install/uf_interfaces/include/uf_interfaces/uf_interfaces/srv/detail/geo_conv__struct.hpp
[1.523s] -- Up-to-date: /home/wyatt/ros2_ws/install/uf_interfaces/include/uf_interfaces/uf_interfaces/srv/detail/task_assign__traits.hpp
[1.523s] -- Up-to-date: /home/wyatt/ros2_ws/install/uf_interfaces/include/uf_interfaces/uf_interfaces/action
[1.523s] -- Up-to-date: /home/wyatt/ros2_ws/install/uf_interfaces/include/uf_interfaces/uf_interfaces/action/defend.hpp
[1.524s] -- Up-to-date: /home/wyatt/ros2_ws/install/uf_interfaces/include/uf_interfaces/uf_interfaces/action/herd.hpp
[1.524s] -- Up-to-date: /home/wyatt/ros2_ws/install/uf_interfaces/include/uf_interfaces/uf_interfaces/action/detail
[1.524s] -- Up-to-date: /home/wyatt/ros2_ws/install/uf_interfaces/include/uf_interfaces/uf_interfaces/action/detail/herd__traits.hpp
[1.524s] -- Up-to-date: /home/wyatt/ros2_ws/install/uf_interfaces/include/uf_interfaces/uf_interfaces/action/detail/defend__builder.hpp
[1.524s] -- Up-to-date: /home/wyatt/ros2_ws/install/uf_interfaces/include/uf_interfaces/uf_interfaces/action/detail/herd__builder.hpp
[1.524s] -- Up-to-date: /home/wyatt/ros2_ws/install/uf_interfaces/include/uf_interfaces/uf_interfaces/action/detail/herd__struct.hpp
[1.524s] -- Up-to-date: /home/wyatt/ros2_ws/install/uf_interfaces/include/uf_interfaces/uf_interfaces/action/detail/defend__traits.hpp
[1.525s] -- Up-to-date: /home/wyatt/ros2_ws/install/uf_interfaces/include/uf_interfaces/uf_interfaces/action/detail/defend__struct.hpp
[1.525s] -- Up-to-date: /home/wyatt/ros2_ws/install/uf_interfaces/include/uf_interfaces/uf_interfaces
[1.525s] -- Up-to-date: /home/wyatt/ros2_ws/install/uf_interfaces/include/uf_interfaces/uf_interfaces/msg
[1.525s] -- Up-to-date: /home/wyatt/ros2_ws/install/uf_interfaces/include/uf_interfaces/uf_interfaces/msg/rosidl_typesupport_fastrtps_cpp__visibility_control.h
[1.525s] -- Up-to-date: /home/wyatt/ros2_ws/install/uf_interfaces/include/uf_interfaces/uf_interfaces/msg/detail
[1.525s] -- Up-to-date: /home/wyatt/ros2_ws/install/uf_interfaces/include/uf_interfaces/uf_interfaces/msg/detail/position__rosidl_typesupport_fastrtps_cpp.hpp
[1.525s] -- Up-to-date: /home/wyatt/ros2_ws/install/uf_interfaces/include/uf_interfaces/uf_interfaces/msg/detail/dds_fastrtps
[1.525s] -- Up-to-date: /home/wyatt/ros2_ws/install/uf_interfaces/include/uf_interfaces/uf_interfaces/srv
[1.526s] -- Up-to-date: /home/wyatt/ros2_ws/install/uf_interfaces/include/uf_interfaces/uf_interfaces/srv/detail
[1.526s] -- Up-to-date: /home/wyatt/ros2_ws/install/uf_interfaces/include/uf_interfaces/uf_interfaces/srv/detail/task_assign__rosidl_typesupport_fastrtps_cpp.hpp
[1.526s] -- Up-to-date: /home/wyatt/ros2_ws/install/uf_interfaces/include/uf_interfaces/uf_interfaces/srv/detail/dds_fastrtps
[1.526s] -- Up-to-date: /home/wyatt/ros2_ws/install/uf_interfaces/include/uf_interfaces/uf_interfaces/srv/detail/geo_conv__rosidl_typesupport_fastrtps_cpp.hpp
[1.526s] -- Up-to-date: /home/wyatt/ros2_ws/install/uf_interfaces/include/uf_interfaces/uf_interfaces/action
[1.526s] -- Up-to-date: /home/wyatt/ros2_ws/install/uf_interfaces/include/uf_interfaces/uf_interfaces/action/detail
[1.526s] -- Up-to-date: /home/wyatt/ros2_ws/install/uf_interfaces/include/uf_interfaces/uf_interfaces/action/detail/defend__rosidl_typesupport_fastrtps_cpp.hpp
[1.526s] -- Up-to-date: /home/wyatt/ros2_ws/install/uf_interfaces/include/uf_interfaces/uf_interfaces/action/detail/herd__rosidl_typesupport_fastrtps_cpp.hpp
[1.526s] -- Up-to-date: /home/wyatt/ros2_ws/install/uf_interfaces/include/uf_interfaces/uf_interfaces/action/detail/dds_fastrtps
[1.527s] -- Up-to-date: /home/wyatt/ros2_ws/install/uf_interfaces/lib/libuf_interfaces__rosidl_typesupport_fastrtps_cpp.so
[1.527s] -- Up-to-date: /home/wyatt/ros2_ws/install/uf_interfaces/include/uf_interfaces/uf_interfaces
[1.527s] -- Up-to-date: /home/wyatt/ros2_ws/install/uf_interfaces/include/uf_interfaces/uf_interfaces/msg
[1.527s] -- Up-to-date: /home/wyatt/ros2_ws/install/uf_interfaces/include/uf_interfaces/uf_interfaces/msg/rosidl_typesupport_introspection_c__visibility_control.h
[1.527s] -- Up-to-date: /home/wyatt/ros2_ws/install/uf_interfaces/include/uf_interfaces/uf_interfaces/msg/detail
[1.527s] -- Up-to-date: /home/wyatt/ros2_ws/install/uf_interfaces/include/uf_interfaces/uf_interfaces/msg/detail/position__type_support.c
[1.527s] -- Up-to-date: /home/wyatt/ros2_ws/install/uf_interfaces/include/uf_interfaces/uf_interfaces/msg/detail/position__rosidl_typesupport_introspection_c.h
[1.527s] -- Up-to-date: /home/wyatt/ros2_ws/install/uf_interfaces/include/uf_interfaces/uf_interfaces/srv
[1.528s] -- Up-to-date: /home/wyatt/ros2_ws/install/uf_interfaces/include/uf_interfaces/uf_interfaces/srv/detail
[1.528s] -- Up-to-date: /home/wyatt/ros2_ws/install/uf_interfaces/include/uf_interfaces/uf_interfaces/srv/detail/geo_conv__rosidl_typesupport_introspection_c.h
[1.528s] -- Up-to-date: /home/wyatt/ros2_ws/install/uf_interfaces/include/uf_interfaces/uf_interfaces/srv/detail/task_assign__rosidl_typesupport_introspection_c.h
[1.528s] -- Up-to-date: /home/wyatt/ros2_ws/install/uf_interfaces/include/uf_interfaces/uf_interfaces/srv/detail/task_assign__type_support.c
[1.528s] -- Up-to-date: /home/wyatt/ros2_ws/install/uf_interfaces/include/uf_interfaces/uf_interfaces/srv/detail/geo_conv__type_support.c
[1.528s] -- Up-to-date: /home/wyatt/ros2_ws/install/uf_interfaces/include/uf_interfaces/uf_interfaces/action
[1.532s] -- Up-to-date: /home/wyatt/ros2_ws/install/uf_interfaces/include/uf_interfaces/uf_interfaces/action/detail
[1.532s] -- Up-to-date: /home/wyatt/ros2_ws/install/uf_interfaces/include/uf_interfaces/uf_interfaces/action/detail/defend__rosidl_typesupport_introspection_c.h
[1.532s] -- Up-to-date: /home/wyatt/ros2_ws/install/uf_interfaces/include/uf_interfaces/uf_interfaces/action/detail/herd__rosidl_typesupport_introspection_c.h
[1.532s] -- Up-to-date: /home/wyatt/ros2_ws/install/uf_interfaces/include/uf_interfaces/uf_interfaces/action/detail/defend__type_support.c
[1.532s] -- Up-to-date: /home/wyatt/ros2_ws/install/uf_interfaces/include/uf_interfaces/uf_interfaces/action/detail/herd__type_support.c
[1.532s] -- Up-to-date: /home/wyatt/ros2_ws/install/uf_interfaces/lib/libuf_interfaces__rosidl_typesupport_introspection_c.so
[1.533s] -- Up-to-date: /home/wyatt/ros2_ws/install/uf_interfaces/lib/libuf_interfaces__rosidl_typesupport_c.so
[1.533s] -- Up-to-date: /home/wyatt/ros2_ws/install/uf_interfaces/include/uf_interfaces/uf_interfaces
[1.533s] -- Up-to-date: /home/wyatt/ros2_ws/install/uf_interfaces/include/uf_interfaces/uf_interfaces/msg
[1.533s] -- Up-to-date: /home/wyatt/ros2_ws/install/uf_interfaces/include/uf_interfaces/uf_interfaces/msg/detail
[1.533s] -- Up-to-date: /home/wyatt/ros2_ws/install/uf_interfaces/include/uf_interfaces/uf_interfaces/msg/detail/position__rosidl_typesupport_introspection_cpp.hpp
[1.533s] -- Up-to-date: /home/wyatt/ros2_ws/install/uf_interfaces/include/uf_interfaces/uf_interfaces/msg/detail/position__type_support.cpp
[1.533s] -- Up-to-date: /home/wyatt/ros2_ws/install/uf_interfaces/include/uf_interfaces/uf_interfaces/srv
[1.533s] -- Up-to-date: /home/wyatt/ros2_ws/install/uf_interfaces/include/uf_interfaces/uf_interfaces/srv/detail
[1.534s] -- Up-to-date: /home/wyatt/ros2_ws/install/uf_interfaces/include/uf_interfaces/uf_interfaces/srv/detail/geo_conv__rosidl_typesupport_introspection_cpp.hpp
[1.534s] -- Up-to-date: /home/wyatt/ros2_ws/install/uf_interfaces/include/uf_interfaces/uf_interfaces/srv/detail/task_assign__rosidl_typesupport_introspection_cpp.hpp
[1.534s] -- Up-to-date: /home/wyatt/ros2_ws/install/uf_interfaces/include/uf_interfaces/uf_interfaces/srv/detail/task_assign__type_support.cpp
[1.534s] -- Up-to-date: /home/wyatt/ros2_ws/install/uf_interfaces/include/uf_interfaces/uf_interfaces/srv/detail/geo_conv__type_support.cpp
[1.534s] -- Up-to-date: /home/wyatt/ros2_ws/install/uf_interfaces/include/uf_interfaces/uf_interfaces/action
[1.538s] -- Up-to-date: /home/wyatt/ros2_ws/install/uf_interfaces/include/uf_interfaces/uf_interfaces/action/detail
[1.538s] -- Up-to-date: /home/wyatt/ros2_ws/install/uf_interfaces/include/uf_interfaces/uf_interfaces/action/detail/defend__rosidl_typesupport_introspection_cpp.hpp
[1.538s] -- Up-to-date: /home/wyatt/ros2_ws/install/uf_interfaces/include/uf_interfaces/uf_interfaces/action/detail/defend__type_support.cpp
[1.538s] -- Up-to-date: /home/wyatt/ros2_ws/install/uf_interfaces/include/uf_interfaces/uf_interfaces/action/detail/herd__type_support.cpp
[1.538s] -- Up-to-date: /home/wyatt/ros2_ws/install/uf_interfaces/include/uf_interfaces/uf_interfaces/action/detail/herd__rosidl_typesupport_introspection_cpp.hpp
[1.542s] -- Up-to-date: /home/wyatt/ros2_ws/install/uf_interfaces/lib/libuf_interfaces__rosidl_typesupport_introspection_cpp.so
[1.542s] -- Up-to-date: /home/wyatt/ros2_ws/install/uf_interfaces/lib/libuf_interfaces__rosidl_typesupport_cpp.so
[1.542s] -- Up-to-date: /home/wyatt/ros2_ws/install/uf_interfaces/share/uf_interfaces/environment/pythonpath.sh
[1.542s] -- Up-to-date: /home/wyatt/ros2_ws/install/uf_interfaces/share/uf_interfaces/environment/pythonpath.dsv
[1.542s] -- Up-to-date: /home/wyatt/ros2_ws/install/uf_interfaces/local/lib/python3.10/dist-packages/uf_interfaces-0.0.0-py3.10.egg-info
[1.542s] -- Installing: /home/wyatt/ros2_ws/install/uf_interfaces/local/lib/python3.10/dist-packages/uf_interfaces-0.0.0-py3.10.egg-info/SOURCES.txt
[1.542s] -- Installing: /home/wyatt/ros2_ws/install/uf_interfaces/local/lib/python3.10/dist-packages/uf_interfaces-0.0.0-py3.10.egg-info/PKG-INFO
[1.543s] -- Installing: /home/wyatt/ros2_ws/install/uf_interfaces/local/lib/python3.10/dist-packages/uf_interfaces-0.0.0-py3.10.egg-info/dependency_links.txt
[1.543s] -- Installing: /home/wyatt/ros2_ws/install/uf_interfaces/local/lib/python3.10/dist-packages/uf_interfaces-0.0.0-py3.10.egg-info/top_level.txt
[1.543s] -- Up-to-date: /home/wyatt/ros2_ws/install/uf_interfaces/local/lib/python3.10/dist-packages/uf_interfaces
[1.543s] -- Up-to-date: /home/wyatt/ros2_ws/install/uf_interfaces/local/lib/python3.10/dist-packages/uf_interfaces/uf_interfaces_s__rosidl_typesupport_introspection_c.cpython-310-x86_64-linux-gnu.so
[1.543s] -- Up-to-date: /home/wyatt/ros2_ws/install/uf_interfaces/local/lib/python3.10/dist-packages/uf_interfaces/_uf_interfaces_s.ep.rosidl_typesupport_fastrtps_c.c
[1.543s] -- Up-to-date: /home/wyatt/ros2_ws/install/uf_interfaces/local/lib/python3.10/dist-packages/uf_interfaces/_uf_interfaces_s.ep.rosidl_typesupport_introspection_c.c
[1.543s] -- Up-to-date: /home/wyatt/ros2_ws/install/uf_interfaces/local/lib/python3.10/dist-packages/uf_interfaces/uf_interfaces_s__rosidl_typesupport_c.cpython-310-x86_64-linux-gnu.so
[1.543s] -- Up-to-date: /home/wyatt/ros2_ws/install/uf_interfaces/local/lib/python3.10/dist-packages/uf_interfaces/msg
[1.544s] -- Up-to-date: /home/wyatt/ros2_ws/install/uf_interfaces/local/lib/python3.10/dist-packages/uf_interfaces/msg/_position.py
[1.544s] -- Up-to-date: /home/wyatt/ros2_ws/install/uf_interfaces/local/lib/python3.10/dist-packages/uf_interfaces/msg/__init__.py
[1.544s] -- Up-to-date: /home/wyatt/ros2_ws/install/uf_interfaces/local/lib/python3.10/dist-packages/uf_interfaces/msg/_position_s.c
[1.544s] -- Up-to-date: /home/wyatt/ros2_ws/install/uf_interfaces/local/lib/python3.10/dist-packages/uf_interfaces/srv
[1.544s] -- Up-to-date: /home/wyatt/ros2_ws/install/uf_interfaces/local/lib/python3.10/dist-packages/uf_interfaces/srv/_geo_conv_s.c
[1.544s] -- Up-to-date: /home/wyatt/ros2_ws/install/uf_interfaces/local/lib/python3.10/dist-packages/uf_interfaces/srv/_task_assign.py
[1.545s] -- Up-to-date: /home/wyatt/ros2_ws/install/uf_interfaces/local/lib/python3.10/dist-packages/uf_interfaces/srv/__init__.py
[1.546s] -- Up-to-date: /home/wyatt/ros2_ws/install/uf_interfaces/local/lib/python3.10/dist-packages/uf_interfaces/srv/_task_assign_s.c
[1.546s] -- Up-to-date: /home/wyatt/ros2_ws/install/uf_interfaces/local/lib/python3.10/dist-packages/uf_interfaces/srv/_geo_conv.py
[1.546s] -- Up-to-date: /home/wyatt/ros2_ws/install/uf_interfaces/local/lib/python3.10/dist-packages/uf_interfaces/__init__.py
[1.546s] -- Up-to-date: /home/wyatt/ros2_ws/install/uf_interfaces/local/lib/python3.10/dist-packages/uf_interfaces/_uf_interfaces_s.ep.rosidl_typesupport_c.c
[1.546s] -- Up-to-date: /home/wyatt/ros2_ws/install/uf_interfaces/local/lib/python3.10/dist-packages/uf_interfaces/libuf_interfaces__rosidl_generator_py.so
[1.547s] -- Up-to-date: /home/wyatt/ros2_ws/install/uf_interfaces/local/lib/python3.10/dist-packages/uf_interfaces/uf_interfaces_s__rosidl_typesupport_fastrtps_c.cpython-310-x86_64-linux-gnu.so
[1.551s] -- Up-to-date: /home/wyatt/ros2_ws/install/uf_interfaces/local/lib/python3.10/dist-packages/uf_interfaces/action
[1.551s] -- Up-to-date: /home/wyatt/ros2_ws/install/uf_interfaces/local/lib/python3.10/dist-packages/uf_interfaces/action/_defend_s.c
[1.551s] -- Up-to-date: /home/wyatt/ros2_ws/install/uf_interfaces/local/lib/python3.10/dist-packages/uf_interfaces/action/_defend.py
[1.551s] -- Up-to-date: /home/wyatt/ros2_ws/install/uf_interfaces/local/lib/python3.10/dist-packages/uf_interfaces/action/__init__.py
[1.551s] -- Up-to-date: /home/wyatt/ros2_ws/install/uf_interfaces/local/lib/python3.10/dist-packages/uf_interfaces/action/_herd.py
[1.552s] -- Up-to-date: /home/wyatt/ros2_ws/install/uf_interfaces/local/lib/python3.10/dist-packages/uf_interfaces/action/_herd_s.c
[1.733s] Listing '/home/wyatt/ros2_ws/install/uf_interfaces/local/lib/python3.10/dist-packages/uf_interfaces'...
[1.733s] Listing '/home/wyatt/ros2_ws/install/uf_interfaces/local/lib/python3.10/dist-packages/uf_interfaces/action'...
[1.734s] Listing '/home/wyatt/ros2_ws/install/uf_interfaces/local/lib/python3.10/dist-packages/uf_interfaces/msg'...
[1.734s] Listing '/home/wyatt/ros2_ws/install/uf_interfaces/local/lib/python3.10/dist-packages/uf_interfaces/srv'...
[1.752s] -- Up-to-date: /home/wyatt/ros2_ws/install/uf_interfaces/local/lib/python3.10/dist-packages/uf_interfaces/uf_interfaces_s__rosidl_typesupport_fastrtps_c.cpython-310-x86_64-linux-gnu.so
[1.756s] -- Up-to-date: /home/wyatt/ros2_ws/install/uf_interfaces/local/lib/python3.10/dist-packages/uf_interfaces/uf_interfaces_s__rosidl_typesupport_introspection_c.cpython-310-x86_64-linux-gnu.so
[1.757s] -- Up-to-date: /home/wyatt/ros2_ws/install/uf_interfaces/local/lib/python3.10/dist-packages/uf_interfaces/uf_interfaces_s__rosidl_typesupport_c.cpython-310-x86_64-linux-gnu.so
[1.757s] -- Up-to-date: /home/wyatt/ros2_ws/install/uf_interfaces/lib/libuf_interfaces__rosidl_generator_py.so
[1.762s] -- Up-to-date: /home/wyatt/ros2_ws/install/uf_interfaces/share/uf_interfaces/action/Defend.idl
[1.762s] -- Up-to-date: /home/wyatt/ros2_ws/install/uf_interfaces/share/uf_interfaces/action/Herd.idl
[1.762s] -- Up-to-date: /home/wyatt/ros2_ws/install/uf_interfaces/share/uf_interfaces/msg/Position.idl
[1.762s] -- Up-to-date: /home/wyatt/ros2_ws/install/uf_interfaces/share/uf_interfaces/srv/TaskAssign.idl
[1.762s] -- Up-to-date: /home/wyatt/ros2_ws/install/uf_interfaces/share/uf_interfaces/srv/GeoConv.idl
[1.763s] -- Up-to-date: /home/wyatt/ros2_ws/install/uf_interfaces/share/uf_interfaces/action/Defend.action
[1.764s] -- Up-to-date: /home/wyatt/ros2_ws/install/uf_interfaces/share/uf_interfaces/action/Herd.action
[1.764s] -- Up-to-date: /home/wyatt/ros2_ws/install/uf_interfaces/share/uf_interfaces/msg/Position.msg
[1.764s] -- Up-to-date: /home/wyatt/ros2_ws/install/uf_interfaces/share/uf_interfaces/srv/TaskAssign.srv
[1.764s] -- Up-to-date: /home/wyatt/ros2_ws/install/uf_interfaces/share/uf_interfaces/srv/TaskAssign_Request.msg
[1.765s] -- Up-to-date: /home/wyatt/ros2_ws/install/uf_interfaces/share/uf_interfaces/srv/TaskAssign_Response.msg
[1.765s] -- Up-to-date: /home/wyatt/ros2_ws/install/uf_interfaces/share/uf_interfaces/srv/GeoConv.srv
[1.771s] -- Up-to-date: /home/wyatt/ros2_ws/install/uf_interfaces/share/uf_interfaces/srv/GeoConv_Request.msg
[1.771s] -- Up-to-date: /home/wyatt/ros2_ws/install/uf_interfaces/share/uf_interfaces/srv/GeoConv_Response.msg
[1.771s] -- Up-to-date: /home/wyatt/ros2_ws/install/uf_interfaces/share/ament_index/resource_index/package_run_dependencies/uf_interfaces
[1.777s] -- Up-to-date: /home/wyatt/ros2_ws/install/uf_interfaces/share/ament_index/resource_index/parent_prefix_path/uf_interfaces
[1.777s] -- Up-to-date: /home/wyatt/ros2_ws/install/uf_interfaces/share/uf_interfaces/environment/ament_prefix_path.sh
[1.777s] -- Up-to-date: /home/wyatt/ros2_ws/install/uf_interfaces/share/uf_interfaces/environment/ament_prefix_path.dsv
[1.777s] -- Up-to-date: /home/wyatt/ros2_ws/install/uf_interfaces/share/uf_interfaces/environment/path.sh
[1.777s] -- Up-to-date: /home/wyatt/ros2_ws/install/uf_interfaces/share/uf_interfaces/environment/path.dsv
[1.777s] -- Up-to-date: /home/wyatt/ros2_ws/install/uf_interfaces/share/uf_interfaces/local_setup.bash
[1.778s] -- Up-to-date: /home/wyatt/ros2_ws/install/uf_interfaces/share/uf_interfaces/local_setup.sh
[1.778s] -- Up-to-date: /home/wyatt/ros2_ws/install/uf_interfaces/share/uf_interfaces/local_setup.zsh
[1.778s] -- Up-to-date: /home/wyatt/ros2_ws/install/uf_interfaces/share/uf_interfaces/local_setup.dsv
[1.778s] -- Installing: /home/wyatt/ros2_ws/install/uf_interfaces/share/uf_interfaces/package.dsv
[1.778s] -- Up-to-date: /home/wyatt/ros2_ws/install/uf_interfaces/share/ament_index/resource_index/packages/uf_interfaces
[1.788s] -- Up-to-date: /home/wyatt/ros2_ws/install/uf_interfaces/share/uf_interfaces/cmake/export_uf_interfaces__rosidl_generator_cExport.cmake
[1.788s] -- Up-to-date: /home/wyatt/ros2_ws/install/uf_interfaces/share/uf_interfaces/cmake/export_uf_interfaces__rosidl_generator_cExport-noconfig.cmake
[1.788s] -- Up-to-date: /home/wyatt/ros2_ws/install/uf_interfaces/share/uf_interfaces/cmake/export_uf_interfaces__rosidl_typesupport_fastrtps_cExport.cmake
[1.788s] -- Up-to-date: /home/wyatt/ros2_ws/install/uf_interfaces/share/uf_interfaces/cmake/export_uf_interfaces__rosidl_typesupport_fastrtps_cExport-noconfig.cmake
[1.788s] -- Up-to-date: /home/wyatt/ros2_ws/install/uf_interfaces/share/uf_interfaces/cmake/export_uf_interfaces__rosidl_generator_cppExport.cmake
[1.788s] -- Up-to-date: /home/wyatt/ros2_ws/install/uf_interfaces/share/uf_interfaces/cmake/export_uf_interfaces__rosidl_typesupport_fastrtps_cppExport.cmake
[1.788s] -- Up-to-date: /home/wyatt/ros2_ws/install/uf_interfaces/share/uf_interfaces/cmake/export_uf_interfaces__rosidl_typesupport_fastrtps_cppExport-noconfig.cmake
[1.789s] -- Up-to-date: /home/wyatt/ros2_ws/install/uf_interfaces/share/uf_interfaces/cmake/uf_interfaces__rosidl_typesupport_introspection_cExport.cmake
[1.789s] -- Up-to-date: /home/wyatt/ros2_ws/install/uf_interfaces/share/uf_interfaces/cmake/uf_interfaces__rosidl_typesupport_introspection_cExport-noconfig.cmake
[1.789s] -- Up-to-date: /home/wyatt/ros2_ws/install/uf_interfaces/share/uf_interfaces/cmake/uf_interfaces__rosidl_typesupport_cExport.cmake
[1.789s] -- Up-to-date: /home/wyatt/ros2_ws/install/uf_interfaces/share/uf_interfaces/cmake/uf_interfaces__rosidl_typesupport_cExport-noconfig.cmake
[1.789s] -- Up-to-date: /home/wyatt/ros2_ws/install/uf_interfaces/share/uf_interfaces/cmake/uf_interfaces__rosidl_typesupport_introspection_cppExport.cmake
[1.790s] -- Up-to-date: /home/wyatt/ros2_ws/install/uf_interfaces/share/uf_interfaces/cmake/uf_interfaces__rosidl_typesupport_introspection_cppExport-noconfig.cmake
[1.790s] -- Up-to-date: /home/wyatt/ros2_ws/install/uf_interfaces/share/uf_interfaces/cmake/uf_interfaces__rosidl_typesupport_cppExport.cmake
[1.790s] -- Up-to-date: /home/wyatt/ros2_ws/install/uf_interfaces/share/uf_interfaces/cmake/uf_interfaces__rosidl_typesupport_cppExport-noconfig.cmake
[1.790s] -- Up-to-date: /home/wyatt/ros2_ws/install/uf_interfaces/share/uf_interfaces/cmake/export_uf_interfaces__rosidl_generator_pyExport.cmake
[1.790s] -- Up-to-date: /home/wyatt/ros2_ws/install/uf_interfaces/share/uf_interfaces/cmake/export_uf_interfaces__rosidl_generator_pyExport-noconfig.cmake
[1.790s] -- Up-to-date: /home/wyatt/ros2_ws/install/uf_interfaces/share/uf_interfaces/cmake/rosidl_cmake-extras.cmake
[1.797s] -- Up-to-date: /home/wyatt/ros2_ws/install/uf_interfaces/share/uf_interfaces/cmake/ament_cmake_export_dependencies-extras.cmake
[1.797s] -- Up-to-date: /home/wyatt/ros2_ws/install/uf_interfaces/share/uf_interfaces/cmake/ament_cmake_export_include_directories-extras.cmake
[1.797s] -- Up-to-date: /home/wyatt/ros2_ws/install/uf_interfaces/share/uf_interfaces/cmake/ament_cmake_export_libraries-extras.cmake
[1.797s] -- Up-to-date: /home/wyatt/ros2_ws/install/uf_interfaces/share/uf_interfaces/cmake/ament_cmake_export_targets-extras.cmake
[1.797s] -- Up-to-date: /home/wyatt/ros2_ws/install/uf_interfaces/share/uf_interfaces/cmake/rosidl_cmake_export_typesupport_targets-extras.cmake
[1.797s] -- Up-to-date: /home/wyatt/ros2_ws/install/uf_interfaces/share/uf_interfaces/cmake/rosidl_cmake_export_typesupport_libraries-extras.cmake
[1.798s] -- Up-to-date: /home/wyatt/ros2_ws/install/uf_interfaces/share/uf_interfaces/cmake/uf_interfacesConfig.cmake
[1.798s] -- Up-to-date: /home/wyatt/ros2_ws/install/uf_interfaces/share/uf_interfaces/cmake/uf_interfacesConfig-version.cmake
[1.798s] -- Up-to-date: /home/wyatt/ros2_ws/install/uf_interfaces/share/uf_interfaces/package.xml
[2.094s] Invoked command in '/home/wyatt/ros2_ws/build/uf_interfaces' returned '0': CMAKE_PREFIX_PATH=${CMAKE_PREFIX_PATH}:/home/wyatt/ros2_ws/install/wpt_control_xy:/home/wyatt/ros2_ws/install/single_integrator_agent:/home/wyatt/ros2_ws/install/position_broadcaster:/home/wyatt/ros2_ws/install/minimal_startup:/home/wyatt/ros2_ws/install/matplotlib_sim:/home/wyatt/ros2_ws/install/herding_control:/home/wyatt/ros2_ws/install/geodetic_conversion:/home/wyatt/ros2_ws/install/frame_pose_test_package:/home/wyatt/ros2_ws/install/emlid_interface:/opt/ros/humble /usr/bin/cmake --install /home/wyatt/ros2_ws/build/uf_interfaces
