running egg_info
writing ../../build/vehicle_position_checker/vehicle_position_checker.egg-info/PKG-INFO
writing dependency_links to ../../build/vehicle_position_checker/vehicle_position_checker.egg-info/dependency_links.txt
writing entry points to ../../build/vehicle_position_checker/vehicle_position_checker.egg-info/entry_points.txt
writing requirements to ../../build/vehicle_position_checker/vehicle_position_checker.egg-info/requires.txt
writing top-level names to ../../build/vehicle_position_checker/vehicle_position_checker.egg-info/top_level.txt
reading manifest file '../../build/vehicle_position_checker/vehicle_position_checker.egg-info/SOURCES.txt'
writing manifest file '../../build/vehicle_position_checker/vehicle_position_checker.egg-info/SOURCES.txt'
running build
running build_py
running install
/usr/lib/python3/dist-packages/setuptools/command/install.py:34: SetuptoolsDeprecationWarning: setup.py install is deprecated. Use build and pip and other standards-based tools.
  warnings.warn(
running install_lib
running install_data
running install_egg_info
removing '/home/wyatt/git_ros2/ros2_ws/install/vehicle_position_checker/lib/python3.10/site-packages/vehicle_position_checker-0.0.0-py3.10.egg-info' (and everything under it)
Copying ../../build/vehicle_position_checker/vehicle_position_checker.egg-info to /home/wyatt/git_ros2/ros2_ws/install/vehicle_position_checker/lib/python3.10/site-packages/vehicle_position_checker-0.0.0-py3.10.egg-info
running install_scripts
Installing vehicle_positon_checker_node script to /home/wyatt/git_ros2/ros2_ws/install/vehicle_position_checker/lib/vehicle_position_checker
writing list of installed files to '/home/wyatt/git_ros2/ros2_ws/build/vehicle_position_checker/install.log'
