[2.524s] Invoking command in '/home/wyatt/ros2_ws/src/jhyv_experiment_pkg': PYTHONPATH=/home/wyatt/ros2_ws/build/jhyv_experiment_pkg/prefix_override:/usr/lib/python3/dist-packages/colcon_core/task/python/colcon_distutils_commands:/home/wyatt/ros2_ws/install/jhyv_experiment_pkg/lib/python3.10/site-packages:${PYTHONPATH} /usr/bin/python3 -W ignore:setup.py install is deprecated -W ignore:easy_install command is deprecated setup.py egg_info --egg-base ../../build/jhyv_experiment_pkg build --build-base /home/wyatt/ros2_ws/build/jhyv_experiment_pkg/build install --record /home/wyatt/ros2_ws/build/jhyv_experiment_pkg/install.log --single-version-externally-managed install_data
[3.406s] running egg_info
[3.407s] creating ../../build/jhyv_experiment_pkg/jhyv_experiment_pkg.egg-info
[3.408s] writing ../../build/jhyv_experiment_pkg/jhyv_experiment_pkg.egg-info/PKG-INFO
[3.408s] writing dependency_links to ../../build/jhyv_experiment_pkg/jhyv_experiment_pkg.egg-info/dependency_links.txt
[3.408s] writing entry points to ../../build/jhyv_experiment_pkg/jhyv_experiment_pkg.egg-info/entry_points.txt
[3.408s] writing requirements to ../../build/jhyv_experiment_pkg/jhyv_experiment_pkg.egg-info/requires.txt
[3.409s] writing top-level names to ../../build/jhyv_experiment_pkg/jhyv_experiment_pkg.egg-info/top_level.txt
[3.409s] writing manifest file '../../build/jhyv_experiment_pkg/jhyv_experiment_pkg.egg-info/SOURCES.txt'
[3.412s] reading manifest file '../../build/jhyv_experiment_pkg/jhyv_experiment_pkg.egg-info/SOURCES.txt'
[3.413s] writing manifest file '../../build/jhyv_experiment_pkg/jhyv_experiment_pkg.egg-info/SOURCES.txt'
[3.417s] running build
[3.418s] running build_py
[3.418s] creating /home/wyatt/ros2_ws/build/jhyv_experiment_pkg/build
[3.418s] creating /home/wyatt/ros2_ws/build/jhyv_experiment_pkg/build/lib
[3.418s] creating /home/wyatt/ros2_ws/build/jhyv_experiment_pkg/build/lib/jhyv_experiment_pkg
[3.418s] copying jhyv_experiment_pkg/__init__.py -> /home/wyatt/ros2_ws/build/jhyv_experiment_pkg/build/lib/jhyv_experiment_pkg
[3.418s] copying jhyv_experiment_pkg/fear_and_random_walk_node.py -> /home/wyatt/ros2_ws/build/jhyv_experiment_pkg/build/lib/jhyv_experiment_pkg
[3.418s] running install
[3.420s] running install_lib
[3.420s] creating /home/wyatt/ros2_ws/install/jhyv_experiment_pkg/lib/python3.10/site-packages/jhyv_experiment_pkg
[3.420s] copying /home/wyatt/ros2_ws/build/jhyv_experiment_pkg/build/lib/jhyv_experiment_pkg/__init__.py -> /home/wyatt/ros2_ws/install/jhyv_experiment_pkg/lib/python3.10/site-packages/jhyv_experiment_pkg
[3.421s] copying /home/wyatt/ros2_ws/build/jhyv_experiment_pkg/build/lib/jhyv_experiment_pkg/fear_and_random_walk_node.py -> /home/wyatt/ros2_ws/install/jhyv_experiment_pkg/lib/python3.10/site-packages/jhyv_experiment_pkg
[3.424s] byte-compiling /home/wyatt/ros2_ws/install/jhyv_experiment_pkg/lib/python3.10/site-packages/jhyv_experiment_pkg/__init__.py to __init__.cpython-310.pyc
[3.425s] byte-compiling /home/wyatt/ros2_ws/install/jhyv_experiment_pkg/lib/python3.10/site-packages/jhyv_experiment_pkg/fear_and_random_walk_node.py to fear_and_random_walk_node.cpython-310.pyc
[3.428s] running install_data
[3.428s] creating /home/wyatt/ros2_ws/install/jhyv_experiment_pkg/share/ament_index
[3.429s] creating /home/wyatt/ros2_ws/install/jhyv_experiment_pkg/share/ament_index/resource_index
[3.429s] creating /home/wyatt/ros2_ws/install/jhyv_experiment_pkg/share/ament_index/resource_index/packages
[3.430s] copying resource/jhyv_experiment_pkg -> /home/wyatt/ros2_ws/install/jhyv_experiment_pkg/share/ament_index/resource_index/packages
[3.430s] copying package.xml -> /home/wyatt/ros2_ws/install/jhyv_experiment_pkg/share/jhyv_experiment_pkg
[3.431s] running install_egg_info
[3.436s] Copying ../../build/jhyv_experiment_pkg/jhyv_experiment_pkg.egg-info to /home/wyatt/ros2_ws/install/jhyv_experiment_pkg/lib/python3.10/site-packages/jhyv_experiment_pkg-0.0.0-py3.10.egg-info
[3.441s] running install_scripts
[3.485s] Installing fear_and_random_walk_node script to /home/wyatt/ros2_ws/install/jhyv_experiment_pkg/lib/jhyv_experiment_pkg
[3.489s] writing list of installed files to '/home/wyatt/ros2_ws/build/jhyv_experiment_pkg/install.log'
[3.856s] Invoked command in '/home/wyatt/ros2_ws/src/jhyv_experiment_pkg' returned '0': PYTHONPATH=/home/wyatt/ros2_ws/build/jhyv_experiment_pkg/prefix_override:/usr/lib/python3/dist-packages/colcon_core/task/python/colcon_distutils_commands:/home/wyatt/ros2_ws/install/jhyv_experiment_pkg/lib/python3.10/site-packages:${PYTHONPATH} /usr/bin/python3 -W ignore:setup.py install is deprecated -W ignore:easy_install command is deprecated setup.py egg_info --egg-base ../../build/jhyv_experiment_pkg build --build-base /home/wyatt/ros2_ws/build/jhyv_experiment_pkg/build install --record /home/wyatt/ros2_ws/build/jhyv_experiment_pkg/install.log --single-version-externally-managed install_data
