[1.546s] Invoking command in '/home/wyatt/ros2_ws/src/common/wpt_control_xy': PYTHONPATH=/home/wyatt/ros2_ws/build/wpt_control_xy/prefix_override:/usr/lib/python3/dist-packages/colcon_core/task/python/colcon_distutils_commands:/home/wyatt/ros2_ws/install/wpt_control_xy/lib/python3.10/site-packages:${PYTHONPATH} /usr/bin/python3 -W ignore:setup.py install is deprecated -W ignore:easy_install command is deprecated setup.py egg_info --egg-base ../../../build/wpt_control_xy build --build-base /home/wyatt/ros2_ws/build/wpt_control_xy/build install --record /home/wyatt/ros2_ws/build/wpt_control_xy/install.log --single-version-externally-managed install_data
[2.066s] running egg_info
[2.066s] creating ../../../build/wpt_control_xy/wpt_control_xy.egg-info
[2.066s] writing ../../../build/wpt_control_xy/wpt_control_xy.egg-info/PKG-INFO
[2.066s] writing dependency_links to ../../../build/wpt_control_xy/wpt_control_xy.egg-info/dependency_links.txt
[2.068s] writing entry points to ../../../build/wpt_control_xy/wpt_control_xy.egg-info/entry_points.txt
[2.069s] writing requirements to ../../../build/wpt_control_xy/wpt_control_xy.egg-info/requires.txt
[2.069s] writing top-level names to ../../../build/wpt_control_xy/wpt_control_xy.egg-info/top_level.txt
[2.069s] writing manifest file '../../../build/wpt_control_xy/wpt_control_xy.egg-info/SOURCES.txt'
[2.069s] reading manifest file '../../../build/wpt_control_xy/wpt_control_xy.egg-info/SOURCES.txt'
[2.070s] writing manifest file '../../../build/wpt_control_xy/wpt_control_xy.egg-info/SOURCES.txt'
[2.071s] running build
[2.071s] running build_py
[2.071s] creating /home/wyatt/ros2_ws/build/wpt_control_xy/build
[2.071s] creating /home/wyatt/ros2_ws/build/wpt_control_xy/build/lib
[2.072s] creating /home/wyatt/ros2_ws/build/wpt_control_xy/build/lib/wpt_control_xy
[2.072s] copying wpt_control_xy/wpt_control_xy_node.py -> /home/wyatt/ros2_ws/build/wpt_control_xy/build/lib/wpt_control_xy
[2.072s] copying wpt_control_xy/__init__.py -> /home/wyatt/ros2_ws/build/wpt_control_xy/build/lib/wpt_control_xy
[2.072s] running install
[2.072s] running install_lib
[2.073s] creating /home/wyatt/ros2_ws/install/wpt_control_xy/lib/python3.10/site-packages/wpt_control_xy
[2.073s] copying /home/wyatt/ros2_ws/build/wpt_control_xy/build/lib/wpt_control_xy/wpt_control_xy_node.py -> /home/wyatt/ros2_ws/install/wpt_control_xy/lib/python3.10/site-packages/wpt_control_xy
[2.073s] copying /home/wyatt/ros2_ws/build/wpt_control_xy/build/lib/wpt_control_xy/__init__.py -> /home/wyatt/ros2_ws/install/wpt_control_xy/lib/python3.10/site-packages/wpt_control_xy
[2.075s] byte-compiling /home/wyatt/ros2_ws/install/wpt_control_xy/lib/python3.10/site-packages/wpt_control_xy/wpt_control_xy_node.py to wpt_control_xy_node.cpython-310.pyc
[2.078s] byte-compiling /home/wyatt/ros2_ws/install/wpt_control_xy/lib/python3.10/site-packages/wpt_control_xy/__init__.py to __init__.cpython-310.pyc
[2.078s] running install_data
[2.078s] creating /home/wyatt/ros2_ws/install/wpt_control_xy/share/ament_index
[2.079s] creating /home/wyatt/ros2_ws/install/wpt_control_xy/share/ament_index/resource_index
[2.079s] creating /home/wyatt/ros2_ws/install/wpt_control_xy/share/ament_index/resource_index/packages
[2.079s] copying resource/wpt_control_xy -> /home/wyatt/ros2_ws/install/wpt_control_xy/share/ament_index/resource_index/packages
[2.079s] copying package.xml -> /home/wyatt/ros2_ws/install/wpt_control_xy/share/wpt_control_xy
[2.079s] creating /home/wyatt/ros2_ws/install/wpt_control_xy/share/wpt_control_xy/launch
[2.079s] copying launch/wpt_control_xy_launch.py -> /home/wyatt/ros2_ws/install/wpt_control_xy/share/wpt_control_xy/launch
[2.079s] running install_egg_info
[2.083s] Copying ../../../build/wpt_control_xy/wpt_control_xy.egg-info to /home/wyatt/ros2_ws/install/wpt_control_xy/lib/python3.10/site-packages/wpt_control_xy-0.0.0-py3.10.egg-info
[2.084s] running install_scripts
[2.125s] Installing wpt_control_xy_node script to /home/wyatt/ros2_ws/install/wpt_control_xy/lib/wpt_control_xy
[2.126s] writing list of installed files to '/home/wyatt/ros2_ws/build/wpt_control_xy/install.log'
[2.163s] Invoked command in '/home/wyatt/ros2_ws/src/common/wpt_control_xy' returned '0': PYTHONPATH=/home/wyatt/ros2_ws/build/wpt_control_xy/prefix_override:/usr/lib/python3/dist-packages/colcon_core/task/python/colcon_distutils_commands:/home/wyatt/ros2_ws/install/wpt_control_xy/lib/python3.10/site-packages:${PYTHONPATH} /usr/bin/python3 -W ignore:setup.py install is deprecated -W ignore:easy_install command is deprecated setup.py egg_info --egg-base ../../../build/wpt_control_xy build --build-base /home/wyatt/ros2_ws/build/wpt_control_xy/build install --record /home/wyatt/ros2_ws/build/wpt_control_xy/install.log --single-version-externally-managed install_data
