[1.667s] DEBUG:colcon:Command line arguments: ['/usr/bin/colcon', 'build']
[1.667s] DEBUG:colcon:Parsed command line arguments: Namespace(log_base=None, log_level=None, verb_name='build', build_base='build', install_base='install', merge_install=False, symlink_install=False, test_result_base=None, continue_on_error=False, executor='parallel', parallel_workers=4, event_handlers=None, ignore_user_meta=False, metas=['./colcon.meta'], base_paths=['.'], packages_ignore=None, packages_ignore_regex=None, paths=None, packages_up_to=None, packages_up_to_regex=None, packages_above=None, packages_above_and_dependencies=None, packages_above_depth=None, packages_select_by_dep=None, packages_skip_by_dep=None, packages_skip_up_to=None, packages_select_build_failed=False, packages_skip_build_finished=False, packages_select_test_failures=False, packages_skip_test_passed=False, packages_select=None, packages_skip=None, packages_select_regex=None, packages_skip_regex=None, packages_start=None, packages_end=None, allow_overriding=[], cmake_args=None, cmake_target=None, cmake_target_skip_unavailable=False, cmake_clean_cache=False, cmake_clean_first=False, cmake_force_configure=False, ament_cmake_args=None, catkin_cmake_args=None, catkin_skip_building_tests=False, verb_parser=<colcon_defaults.argument_parser.defaults.DefaultArgumentsDecorator object at 0x7fd47a00a110>, verb_extension=<colcon_core.verb.build.BuildVerb object at 0x7fd47a4e3fd0>, main=<bound method BuildVerb.main of <colcon_core.verb.build.BuildVerb object at 0x7fd47a4e3fd0>>)
[1.740s] Level 1:colcon.colcon_core.package_discovery:discover_packages(colcon_meta) check parameters
[1.741s] Level 1:colcon.colcon_core.package_discovery:discover_packages(recursive) check parameters
[1.741s] Level 1:colcon.colcon_core.package_discovery:discover_packages(ignore) check parameters
[1.741s] Level 1:colcon.colcon_core.package_discovery:discover_packages(path) check parameters
[1.741s] Level 1:colcon.colcon_core.package_discovery:discover_packages(colcon_meta) discover
[1.741s] Level 1:colcon.colcon_core.package_discovery:discover_packages(recursive) discover
[1.741s] INFO:colcon.colcon_core.package_discovery:Crawling recursively for packages in '/home/wyatt/ros2_ws'
[1.741s] Level 1:colcon.colcon_core.package_identification:_identify(.) by extensions ['ignore', 'ignore_ament_install']
[1.741s] Level 1:colcon.colcon_core.package_identification:_identify(.) by extension 'ignore'
[1.742s] Level 1:colcon.colcon_core.package_identification:_identify(.) by extension 'ignore_ament_install'
[1.742s] Level 1:colcon.colcon_core.package_identification:_identify(.) by extensions ['colcon_pkg']
[1.742s] Level 1:colcon.colcon_core.package_identification:_identify(.) by extension 'colcon_pkg'
[1.742s] Level 1:colcon.colcon_core.package_identification:_identify(.) by extensions ['colcon_meta']
[1.742s] Level 1:colcon.colcon_core.package_identification:_identify(.) by extension 'colcon_meta'
[1.742s] Level 1:colcon.colcon_core.package_identification:_identify(.) by extensions ['ros']
[1.742s] Level 1:colcon.colcon_core.package_identification:_identify(.) by extension 'ros'
[1.759s] Level 1:colcon.colcon_core.package_identification:_identify(.) by extensions ['cmake', 'python']
[1.759s] Level 1:colcon.colcon_core.package_identification:_identify(.) by extension 'cmake'
[1.759s] Level 1:colcon.colcon_core.package_identification:_identify(.) by extension 'python'
[1.759s] Level 1:colcon.colcon_core.package_identification:_identify(.) by extensions ['python_setup_py']
[1.759s] Level 1:colcon.colcon_core.package_identification:_identify(.) by extension 'python_setup_py'
[1.760s] Level 1:colcon.colcon_core.package_identification:_identify(Simulation_2024-02-29_14-03-57) by extensions ['ignore', 'ignore_ament_install']
[1.760s] Level 1:colcon.colcon_core.package_identification:_identify(Simulation_2024-02-29_14-03-57) by extension 'ignore'
[1.760s] Level 1:colcon.colcon_core.package_identification:_identify(Simulation_2024-02-29_14-03-57) by extension 'ignore_ament_install'
[1.760s] Level 1:colcon.colcon_core.package_identification:_identify(Simulation_2024-02-29_14-03-57) by extensions ['colcon_pkg']
[1.760s] Level 1:colcon.colcon_core.package_identification:_identify(Simulation_2024-02-29_14-03-57) by extension 'colcon_pkg'
[1.760s] Level 1:colcon.colcon_core.package_identification:_identify(Simulation_2024-02-29_14-03-57) by extensions ['colcon_meta']
[1.760s] Level 1:colcon.colcon_core.package_identification:_identify(Simulation_2024-02-29_14-03-57) by extension 'colcon_meta'
[1.760s] Level 1:colcon.colcon_core.package_identification:_identify(Simulation_2024-02-29_14-03-57) by extensions ['ros']
[1.760s] Level 1:colcon.colcon_core.package_identification:_identify(Simulation_2024-02-29_14-03-57) by extension 'ros'
[1.761s] Level 1:colcon.colcon_core.package_identification:_identify(Simulation_2024-02-29_14-03-57) by extensions ['cmake', 'python']
[1.761s] Level 1:colcon.colcon_core.package_identification:_identify(Simulation_2024-02-29_14-03-57) by extension 'cmake'
[1.761s] Level 1:colcon.colcon_core.package_identification:_identify(Simulation_2024-02-29_14-03-57) by extension 'python'
[1.761s] Level 1:colcon.colcon_core.package_identification:_identify(Simulation_2024-02-29_14-03-57) by extensions ['python_setup_py']
[1.761s] Level 1:colcon.colcon_core.package_identification:_identify(Simulation_2024-02-29_14-03-57) by extension 'python_setup_py'
[1.761s] Level 1:colcon.colcon_core.package_identification:_identify(a_NO-DELETE-Simulation_2024-02-25_13-50-01) by extensions ['ignore', 'ignore_ament_install']
[1.761s] Level 1:colcon.colcon_core.package_identification:_identify(a_NO-DELETE-Simulation_2024-02-25_13-50-01) by extension 'ignore'
[1.761s] Level 1:colcon.colcon_core.package_identification:_identify(a_NO-DELETE-Simulation_2024-02-25_13-50-01) by extension 'ignore_ament_install'
[1.762s] Level 1:colcon.colcon_core.package_identification:_identify(a_NO-DELETE-Simulation_2024-02-25_13-50-01) by extensions ['colcon_pkg']
[1.762s] Level 1:colcon.colcon_core.package_identification:_identify(a_NO-DELETE-Simulation_2024-02-25_13-50-01) by extension 'colcon_pkg'
[1.762s] Level 1:colcon.colcon_core.package_identification:_identify(a_NO-DELETE-Simulation_2024-02-25_13-50-01) by extensions ['colcon_meta']
[1.762s] Level 1:colcon.colcon_core.package_identification:_identify(a_NO-DELETE-Simulation_2024-02-25_13-50-01) by extension 'colcon_meta'
[1.762s] Level 1:colcon.colcon_core.package_identification:_identify(a_NO-DELETE-Simulation_2024-02-25_13-50-01) by extensions ['ros']
[1.762s] Level 1:colcon.colcon_core.package_identification:_identify(a_NO-DELETE-Simulation_2024-02-25_13-50-01) by extension 'ros'
[1.762s] Level 1:colcon.colcon_core.package_identification:_identify(a_NO-DELETE-Simulation_2024-02-25_13-50-01) by extensions ['cmake', 'python']
[1.762s] Level 1:colcon.colcon_core.package_identification:_identify(a_NO-DELETE-Simulation_2024-02-25_13-50-01) by extension 'cmake'
[1.762s] Level 1:colcon.colcon_core.package_identification:_identify(a_NO-DELETE-Simulation_2024-02-25_13-50-01) by extension 'python'
[1.762s] Level 1:colcon.colcon_core.package_identification:_identify(a_NO-DELETE-Simulation_2024-02-25_13-50-01) by extensions ['python_setup_py']
[1.763s] Level 1:colcon.colcon_core.package_identification:_identify(a_NO-DELETE-Simulation_2024-02-25_13-50-01) by extension 'python_setup_py'
[1.763s] Level 1:colcon.colcon_core.package_identification:_identify(build) by extensions ['ignore', 'ignore_ament_install']
[1.763s] Level 1:colcon.colcon_core.package_identification:_identify(build) by extension 'ignore'
[1.763s] Level 1:colcon.colcon_core.package_identification:_identify(build) ignored
[1.763s] Level 1:colcon.colcon_core.package_identification:_identify(install) by extensions ['ignore', 'ignore_ament_install']
[1.763s] Level 1:colcon.colcon_core.package_identification:_identify(install) by extension 'ignore'
[1.764s] Level 1:colcon.colcon_core.package_identification:_identify(install) ignored
[1.764s] Level 1:colcon.colcon_core.package_identification:_identify(log) by extensions ['ignore', 'ignore_ament_install']
[1.764s] Level 1:colcon.colcon_core.package_identification:_identify(log) by extension 'ignore'
[1.764s] Level 1:colcon.colcon_core.package_identification:_identify(log) ignored
[1.764s] Level 1:colcon.colcon_core.package_identification:_identify(src) by extensions ['ignore', 'ignore_ament_install']
[1.764s] Level 1:colcon.colcon_core.package_identification:_identify(src) by extension 'ignore'
[1.765s] Level 1:colcon.colcon_core.package_identification:_identify(src) by extension 'ignore_ament_install'
[1.765s] Level 1:colcon.colcon_core.package_identification:_identify(src) by extensions ['colcon_pkg']
[1.765s] Level 1:colcon.colcon_core.package_identification:_identify(src) by extension 'colcon_pkg'
[1.765s] Level 1:colcon.colcon_core.package_identification:_identify(src) by extensions ['colcon_meta']
[1.765s] Level 1:colcon.colcon_core.package_identification:_identify(src) by extension 'colcon_meta'
[1.765s] Level 1:colcon.colcon_core.package_identification:_identify(src) by extensions ['ros']
[1.765s] Level 1:colcon.colcon_core.package_identification:_identify(src) by extension 'ros'
[1.765s] Level 1:colcon.colcon_core.package_identification:_identify(src) by extensions ['cmake', 'python']
[1.765s] Level 1:colcon.colcon_core.package_identification:_identify(src) by extension 'cmake'
[1.765s] Level 1:colcon.colcon_core.package_identification:_identify(src) by extension 'python'
[1.766s] Level 1:colcon.colcon_core.package_identification:_identify(src) by extensions ['python_setup_py']
[1.766s] Level 1:colcon.colcon_core.package_identification:_identify(src) by extension 'python_setup_py'
[1.766s] Level 1:colcon.colcon_core.package_identification:_identify(src/estop_button) by extensions ['ignore', 'ignore_ament_install']
[1.766s] Level 1:colcon.colcon_core.package_identification:_identify(src/estop_button) by extension 'ignore'
[1.766s] Level 1:colcon.colcon_core.package_identification:_identify(src/estop_button) by extension 'ignore_ament_install'
[1.766s] Level 1:colcon.colcon_core.package_identification:_identify(src/estop_button) by extensions ['colcon_pkg']
[1.766s] Level 1:colcon.colcon_core.package_identification:_identify(src/estop_button) by extension 'colcon_pkg'
[1.766s] Level 1:colcon.colcon_core.package_identification:_identify(src/estop_button) by extensions ['colcon_meta']
[1.766s] Level 1:colcon.colcon_core.package_identification:_identify(src/estop_button) by extension 'colcon_meta'
[1.767s] Level 1:colcon.colcon_core.package_identification:_identify(src/estop_button) by extensions ['ros']
[1.767s] Level 1:colcon.colcon_core.package_identification:_identify(src/estop_button) by extension 'ros'
[1.770s] DEBUG:colcon.colcon_core.package_identification:Package 'src/estop_button' with type 'ros.ament_python' and name 'estop_button'
[1.770s] Level 1:colcon.colcon_core.package_identification:_identify(src/herding_v1_package) by extensions ['ignore', 'ignore_ament_install']
[1.770s] Level 1:colcon.colcon_core.package_identification:_identify(src/herding_v1_package) by extension 'ignore'
[1.771s] Level 1:colcon.colcon_core.package_identification:_identify(src/herding_v1_package) by extension 'ignore_ament_install'
[1.771s] Level 1:colcon.colcon_core.package_identification:_identify(src/herding_v1_package) by extensions ['colcon_pkg']
[1.771s] Level 1:colcon.colcon_core.package_identification:_identify(src/herding_v1_package) by extension 'colcon_pkg'
[1.771s] Level 1:colcon.colcon_core.package_identification:_identify(src/herding_v1_package) by extensions ['colcon_meta']
[1.771s] Level 1:colcon.colcon_core.package_identification:_identify(src/herding_v1_package) by extension 'colcon_meta'
[1.771s] Level 1:colcon.colcon_core.package_identification:_identify(src/herding_v1_package) by extensions ['ros']
[1.771s] Level 1:colcon.colcon_core.package_identification:_identify(src/herding_v1_package) by extension 'ros'
[1.772s] DEBUG:colcon.colcon_core.package_identification:Package 'src/herding_v1_package' with type 'ros.ament_python' and name 'herding_v1_package'
[1.772s] Level 1:colcon.colcon_core.package_identification:_identify(src/uf_interfaces) by extensions ['ignore', 'ignore_ament_install']
[1.772s] Level 1:colcon.colcon_core.package_identification:_identify(src/uf_interfaces) by extension 'ignore'
[1.772s] Level 1:colcon.colcon_core.package_identification:_identify(src/uf_interfaces) by extension 'ignore_ament_install'
[1.772s] Level 1:colcon.colcon_core.package_identification:_identify(src/uf_interfaces) by extensions ['colcon_pkg']
[1.772s] Level 1:colcon.colcon_core.package_identification:_identify(src/uf_interfaces) by extension 'colcon_pkg'
[1.773s] Level 1:colcon.colcon_core.package_identification:_identify(src/uf_interfaces) by extensions ['colcon_meta']
[1.773s] Level 1:colcon.colcon_core.package_identification:_identify(src/uf_interfaces) by extension 'colcon_meta'
[1.773s] Level 1:colcon.colcon_core.package_identification:_identify(src/uf_interfaces) by extensions ['ros']
[1.773s] Level 1:colcon.colcon_core.package_identification:_identify(src/uf_interfaces) by extension 'ros'
[1.774s] DEBUG:colcon.colcon_core.package_identification:Package 'src/uf_interfaces' with type 'ros.ament_cmake' and name 'uf_interfaces'
[1.774s] Level 1:colcon.colcon_core.package_identification:_identify(src/vehicle_position_checker) by extensions ['ignore', 'ignore_ament_install']
[1.774s] Level 1:colcon.colcon_core.package_identification:_identify(src/vehicle_position_checker) by extension 'ignore'
[1.774s] Level 1:colcon.colcon_core.package_identification:_identify(src/vehicle_position_checker) by extension 'ignore_ament_install'
[1.774s] Level 1:colcon.colcon_core.package_identification:_identify(src/vehicle_position_checker) by extensions ['colcon_pkg']
[1.775s] Level 1:colcon.colcon_core.package_identification:_identify(src/vehicle_position_checker) by extension 'colcon_pkg'
[1.775s] Level 1:colcon.colcon_core.package_identification:_identify(src/vehicle_position_checker) by extensions ['colcon_meta']
[1.775s] Level 1:colcon.colcon_core.package_identification:_identify(src/vehicle_position_checker) by extension 'colcon_meta'
[1.775s] Level 1:colcon.colcon_core.package_identification:_identify(src/vehicle_position_checker) by extensions ['ros']
[1.775s] Level 1:colcon.colcon_core.package_identification:_identify(src/vehicle_position_checker) by extension 'ros'
[1.776s] DEBUG:colcon.colcon_core.package_identification:Package 'src/vehicle_position_checker' with type 'ros.ament_python' and name 'vehicle_position_checker'
[1.776s] Level 1:colcon.colcon_core.package_identification:_identify(src/wind_speed_package) by extensions ['ignore', 'ignore_ament_install']
[1.776s] Level 1:colcon.colcon_core.package_identification:_identify(src/wind_speed_package) by extension 'ignore'
[1.776s] Level 1:colcon.colcon_core.package_identification:_identify(src/wind_speed_package) by extension 'ignore_ament_install'
[1.776s] Level 1:colcon.colcon_core.package_identification:_identify(src/wind_speed_package) by extensions ['colcon_pkg']
[1.776s] Level 1:colcon.colcon_core.package_identification:_identify(src/wind_speed_package) by extension 'colcon_pkg'
[1.776s] Level 1:colcon.colcon_core.package_identification:_identify(src/wind_speed_package) by extensions ['colcon_meta']
[1.776s] Level 1:colcon.colcon_core.package_identification:_identify(src/wind_speed_package) by extension 'colcon_meta'
[1.777s] Level 1:colcon.colcon_core.package_identification:_identify(src/wind_speed_package) by extensions ['ros']
[1.777s] Level 1:colcon.colcon_core.package_identification:_identify(src/wind_speed_package) by extension 'ros'
[1.777s] DEBUG:colcon.colcon_core.package_identification:Package 'src/wind_speed_package' with type 'ros.ament_python' and name 'wind_speed_package'
[1.777s] Level 1:colcon.colcon_core.package_discovery:discover_packages(recursive) using defaults
[1.777s] Level 1:colcon.colcon_core.package_discovery:discover_packages(ignore) discover
[1.777s] Level 1:colcon.colcon_core.package_discovery:discover_packages(ignore) using defaults
[1.778s] Level 1:colcon.colcon_core.package_discovery:discover_packages(path) discover
[1.778s] Level 1:colcon.colcon_core.package_discovery:discover_packages(path) using defaults
[1.927s] Level 1:colcon.colcon_core.package_discovery:discover_packages(prefix_path) check parameters
[1.927s] Level 1:colcon.colcon_core.package_discovery:discover_packages(prefix_path) discover
[1.977s] DEBUG:colcon.colcon_installed_package_information.package_discovery:Found 5 installed packages in /home/wyatt/ros2_ws/install
[2.003s] DEBUG:colcon.colcon_installed_package_information.package_discovery:Found 286 installed packages in /opt/ros/humble
[2.005s] Level 1:colcon.colcon_core.package_discovery:discover_packages(prefix_path) using defaults
[2.156s] Level 5:colcon.colcon_core.verb:set package 'estop_button' build argument 'cmake_args' from command line to 'None'
[2.156s] Level 5:colcon.colcon_core.verb:set package 'estop_button' build argument 'cmake_target' from command line to 'None'
[2.156s] Level 5:colcon.colcon_core.verb:set package 'estop_button' build argument 'cmake_target_skip_unavailable' from command line to 'False'
[2.156s] Level 5:colcon.colcon_core.verb:set package 'estop_button' build argument 'cmake_clean_cache' from command line to 'False'
[2.156s] Level 5:colcon.colcon_core.verb:set package 'estop_button' build argument 'cmake_clean_first' from command line to 'False'
[2.157s] Level 5:colcon.colcon_core.verb:set package 'estop_button' build argument 'cmake_force_configure' from command line to 'False'
[2.157s] Level 5:colcon.colcon_core.verb:set package 'estop_button' build argument 'ament_cmake_args' from command line to 'None'
[2.157s] Level 5:colcon.colcon_core.verb:set package 'estop_button' build argument 'catkin_cmake_args' from command line to 'None'
[2.157s] Level 5:colcon.colcon_core.verb:set package 'estop_button' build argument 'catkin_skip_building_tests' from command line to 'False'
[2.157s] DEBUG:colcon.colcon_core.verb:Building package 'estop_button' with the following arguments: {'ament_cmake_args': None, 'build_base': '/home/wyatt/ros2_ws/build/estop_button', 'catkin_cmake_args': None, 'catkin_skip_building_tests': False, 'cmake_args': None, 'cmake_clean_cache': False, 'cmake_clean_first': False, 'cmake_force_configure': False, 'cmake_target': None, 'cmake_target_skip_unavailable': False, 'install_base': '/home/wyatt/ros2_ws/install/estop_button', 'merge_install': False, 'path': '/home/wyatt/ros2_ws/src/estop_button', 'symlink_install': False, 'test_result_base': None}
[2.181s] Level 5:colcon.colcon_core.verb:set package 'herding_v1_package' build argument 'cmake_args' from command line to 'None'
[2.181s] Level 5:colcon.colcon_core.verb:set package 'herding_v1_package' build argument 'cmake_target' from command line to 'None'
[2.181s] Level 5:colcon.colcon_core.verb:set package 'herding_v1_package' build argument 'cmake_target_skip_unavailable' from command line to 'False'
[2.181s] Level 5:colcon.colcon_core.verb:set package 'herding_v1_package' build argument 'cmake_clean_cache' from command line to 'False'
[2.182s] Level 5:colcon.colcon_core.verb:set package 'herding_v1_package' build argument 'cmake_clean_first' from command line to 'False'
[2.182s] Level 5:colcon.colcon_core.verb:set package 'herding_v1_package' build argument 'cmake_force_configure' from command line to 'False'
[2.182s] Level 5:colcon.colcon_core.verb:set package 'herding_v1_package' build argument 'ament_cmake_args' from command line to 'None'
[2.182s] Level 5:colcon.colcon_core.verb:set package 'herding_v1_package' build argument 'catkin_cmake_args' from command line to 'None'
[2.182s] Level 5:colcon.colcon_core.verb:set package 'herding_v1_package' build argument 'catkin_skip_building_tests' from command line to 'False'
[2.182s] DEBUG:colcon.colcon_core.verb:Building package 'herding_v1_package' with the following arguments: {'ament_cmake_args': None, 'build_base': '/home/wyatt/ros2_ws/build/herding_v1_package', 'catkin_cmake_args': None, 'catkin_skip_building_tests': False, 'cmake_args': None, 'cmake_clean_cache': False, 'cmake_clean_first': False, 'cmake_force_configure': False, 'cmake_target': None, 'cmake_target_skip_unavailable': False, 'install_base': '/home/wyatt/ros2_ws/install/herding_v1_package', 'merge_install': False, 'path': '/home/wyatt/ros2_ws/src/herding_v1_package', 'symlink_install': False, 'test_result_base': None}
[2.206s] Level 5:colcon.colcon_core.verb:set package 'uf_interfaces' build argument 'cmake_args' from command line to 'None'
[2.206s] Level 5:colcon.colcon_core.verb:set package 'uf_interfaces' build argument 'cmake_target' from command line to 'None'
[2.206s] Level 5:colcon.colcon_core.verb:set package 'uf_interfaces' build argument 'cmake_target_skip_unavailable' from command line to 'False'
[2.207s] Level 5:colcon.colcon_core.verb:set package 'uf_interfaces' build argument 'cmake_clean_cache' from command line to 'False'
[2.207s] Level 5:colcon.colcon_core.verb:set package 'uf_interfaces' build argument 'cmake_clean_first' from command line to 'False'
[2.207s] Level 5:colcon.colcon_core.verb:set package 'uf_interfaces' build argument 'cmake_force_configure' from command line to 'False'
[2.207s] Level 5:colcon.colcon_core.verb:set package 'uf_interfaces' build argument 'ament_cmake_args' from command line to 'None'
[2.207s] Level 5:colcon.colcon_core.verb:set package 'uf_interfaces' build argument 'catkin_cmake_args' from command line to 'None'
[2.207s] Level 5:colcon.colcon_core.verb:set package 'uf_interfaces' build argument 'catkin_skip_building_tests' from command line to 'False'
[2.207s] DEBUG:colcon.colcon_core.verb:Building package 'uf_interfaces' with the following arguments: {'ament_cmake_args': None, 'build_base': '/home/wyatt/ros2_ws/build/uf_interfaces', 'catkin_cmake_args': None, 'catkin_skip_building_tests': False, 'cmake_args': None, 'cmake_clean_cache': False, 'cmake_clean_first': False, 'cmake_force_configure': False, 'cmake_target': None, 'cmake_target_skip_unavailable': False, 'install_base': '/home/wyatt/ros2_ws/install/uf_interfaces', 'merge_install': False, 'path': '/home/wyatt/ros2_ws/src/uf_interfaces', 'symlink_install': False, 'test_result_base': None}
[2.232s] Level 5:colcon.colcon_core.verb:set package 'vehicle_position_checker' build argument 'cmake_args' from command line to 'None'
[2.232s] Level 5:colcon.colcon_core.verb:set package 'vehicle_position_checker' build argument 'cmake_target' from command line to 'None'
[2.232s] Level 5:colcon.colcon_core.verb:set package 'vehicle_position_checker' build argument 'cmake_target_skip_unavailable' from command line to 'False'
[2.232s] Level 5:colcon.colcon_core.verb:set package 'vehicle_position_checker' build argument 'cmake_clean_cache' from command line to 'False'
[2.232s] Level 5:colcon.colcon_core.verb:set package 'vehicle_position_checker' build argument 'cmake_clean_first' from command line to 'False'
[2.232s] Level 5:colcon.colcon_core.verb:set package 'vehicle_position_checker' build argument 'cmake_force_configure' from command line to 'False'
[2.232s] Level 5:colcon.colcon_core.verb:set package 'vehicle_position_checker' build argument 'ament_cmake_args' from command line to 'None'
[2.232s] Level 5:colcon.colcon_core.verb:set package 'vehicle_position_checker' build argument 'catkin_cmake_args' from command line to 'None'
[2.232s] Level 5:colcon.colcon_core.verb:set package 'vehicle_position_checker' build argument 'catkin_skip_building_tests' from command line to 'False'
[2.233s] DEBUG:colcon.colcon_core.verb:Building package 'vehicle_position_checker' with the following arguments: {'ament_cmake_args': None, 'build_base': '/home/wyatt/ros2_ws/build/vehicle_position_checker', 'catkin_cmake_args': None, 'catkin_skip_building_tests': False, 'cmake_args': None, 'cmake_clean_cache': False, 'cmake_clean_first': False, 'cmake_force_configure': False, 'cmake_target': None, 'cmake_target_skip_unavailable': False, 'install_base': '/home/wyatt/ros2_ws/install/vehicle_position_checker', 'merge_install': False, 'path': '/home/wyatt/ros2_ws/src/vehicle_position_checker', 'symlink_install': False, 'test_result_base': None}
[2.264s] Level 5:colcon.colcon_core.verb:set package 'wind_speed_package' build argument 'cmake_args' from command line to 'None'
[2.265s] Level 5:colcon.colcon_core.verb:set package 'wind_speed_package' build argument 'cmake_target' from command line to 'None'
[2.265s] Level 5:colcon.colcon_core.verb:set package 'wind_speed_package' build argument 'cmake_target_skip_unavailable' from command line to 'False'
[2.265s] Level 5:colcon.colcon_core.verb:set package 'wind_speed_package' build argument 'cmake_clean_cache' from command line to 'False'
[2.265s] Level 5:colcon.colcon_core.verb:set package 'wind_speed_package' build argument 'cmake_clean_first' from command line to 'False'
[2.265s] Level 5:colcon.colcon_core.verb:set package 'wind_speed_package' build argument 'cmake_force_configure' from command line to 'False'
[2.265s] Level 5:colcon.colcon_core.verb:set package 'wind_speed_package' build argument 'ament_cmake_args' from command line to 'None'
[2.265s] Level 5:colcon.colcon_core.verb:set package 'wind_speed_package' build argument 'catkin_cmake_args' from command line to 'None'
[2.265s] Level 5:colcon.colcon_core.verb:set package 'wind_speed_package' build argument 'catkin_skip_building_tests' from command line to 'False'
[2.265s] DEBUG:colcon.colcon_core.verb:Building package 'wind_speed_package' with the following arguments: {'ament_cmake_args': None, 'build_base': '/home/wyatt/ros2_ws/build/wind_speed_package', 'catkin_cmake_args': None, 'catkin_skip_building_tests': False, 'cmake_args': None, 'cmake_clean_cache': False, 'cmake_clean_first': False, 'cmake_force_configure': False, 'cmake_target': None, 'cmake_target_skip_unavailable': False, 'install_base': '/home/wyatt/ros2_ws/install/wind_speed_package', 'merge_install': False, 'path': '/home/wyatt/ros2_ws/src/wind_speed_package', 'symlink_install': False, 'test_result_base': None}
[2.300s] INFO:colcon.colcon_core.executor:Executing jobs using 'parallel' executor
[2.330s] DEBUG:colcon.colcon_parallel_executor.executor.parallel:run_until_complete
[2.330s] INFO:colcon.colcon_ros.task.ament_python.build:Building ROS package in '/home/wyatt/ros2_ws/src/estop_button' with build type 'ament_python'
[2.331s] Level 1:colcon.colcon_core.shell:create_environment_hook('estop_button', 'ament_prefix_path')
[2.365s] INFO:colcon.colcon_core.plugin_system:Skipping extension 'colcon_core.shell.bat': Not used on non-Windows systems
[2.365s] INFO:colcon.colcon_core.shell:Creating environment hook '/home/wyatt/ros2_ws/install/estop_button/share/estop_button/hook/ament_prefix_path.ps1'
[2.366s] INFO:colcon.colcon_core.shell:Creating environment descriptor '/home/wyatt/ros2_ws/install/estop_button/share/estop_button/hook/ament_prefix_path.dsv'
[2.367s] INFO:colcon.colcon_core.shell:Creating environment hook '/home/wyatt/ros2_ws/install/estop_button/share/estop_button/hook/ament_prefix_path.sh'
[2.393s] INFO:colcon.colcon_core.shell:Skip shell extension 'powershell' for command environment: Not usable outside of PowerShell
[2.393s] DEBUG:colcon.colcon_core.shell:Skip shell extension 'dsv' for command environment
[2.475s] INFO:colcon.colcon_ros.task.ament_python.build:Building ROS package in '/home/wyatt/ros2_ws/src/herding_v1_package' with build type 'ament_python'
[2.475s] Level 1:colcon.colcon_core.shell:create_environment_hook('herding_v1_package', 'ament_prefix_path')
[2.505s] INFO:colcon.colcon_core.shell:Creating environment hook '/home/wyatt/ros2_ws/install/herding_v1_package/share/herding_v1_package/hook/ament_prefix_path.ps1'
[2.506s] INFO:colcon.colcon_core.shell:Creating environment descriptor '/home/wyatt/ros2_ws/install/herding_v1_package/share/herding_v1_package/hook/ament_prefix_path.dsv'
[2.506s] INFO:colcon.colcon_core.shell:Creating environment hook '/home/wyatt/ros2_ws/install/herding_v1_package/share/herding_v1_package/hook/ament_prefix_path.sh'
[2.536s] INFO:colcon.colcon_core.shell:Skip shell extension 'powershell' for command environment: Not usable outside of PowerShell
[2.536s] DEBUG:colcon.colcon_core.shell:Skip shell extension 'dsv' for command environment
[2.618s] INFO:colcon.colcon_ros.task.ament_cmake.build:Building ROS package in '/home/wyatt/ros2_ws/src/uf_interfaces' with build type 'ament_cmake'
[2.618s] INFO:colcon.colcon_cmake.task.cmake.build:Building CMake package in '/home/wyatt/ros2_ws/src/uf_interfaces'
[2.645s] INFO:colcon.colcon_core.shell:Skip shell extension 'powershell' for command environment: Not usable outside of PowerShell
[2.645s] DEBUG:colcon.colcon_core.shell:Skip shell extension 'dsv' for command environment
[2.729s] INFO:colcon.colcon_ros.task.ament_python.build:Building ROS package in '/home/wyatt/ros2_ws/src/vehicle_position_checker' with build type 'ament_python'
[2.729s] Level 1:colcon.colcon_core.shell:create_environment_hook('vehicle_position_checker', 'ament_prefix_path')
[2.760s] INFO:colcon.colcon_core.shell:Creating environment hook '/home/wyatt/ros2_ws/install/vehicle_position_checker/share/vehicle_position_checker/hook/ament_prefix_path.ps1'
[2.761s] INFO:colcon.colcon_core.shell:Creating environment descriptor '/home/wyatt/ros2_ws/install/vehicle_position_checker/share/vehicle_position_checker/hook/ament_prefix_path.dsv'
[2.762s] INFO:colcon.colcon_core.shell:Creating environment hook '/home/wyatt/ros2_ws/install/vehicle_position_checker/share/vehicle_position_checker/hook/ament_prefix_path.sh'
[2.804s] INFO:colcon.colcon_core.shell:Skip shell extension 'powershell' for command environment: Not usable outside of PowerShell
[2.804s] DEBUG:colcon.colcon_core.shell:Skip shell extension 'dsv' for command environment
[3.315s] INFO:colcon.colcon_core.task.python.build:Building Python package in '/home/wyatt/ros2_ws/src/estop_button'
[3.345s] INFO:colcon.colcon_core.shell:Skip shell extension 'powershell' for command environment: Not usable outside of PowerShell
[3.345s] DEBUG:colcon.colcon_core.shell:Skip shell extension 'dsv' for command environment
[3.879s] INFO:colcon.colcon_core.task.python.build:Building Python package in '/home/wyatt/ros2_ws/src/herding_v1_package'
[3.906s] INFO:colcon.colcon_core.shell:Skip shell extension 'powershell' for command environment: Not usable outside of PowerShell
[3.906s] DEBUG:colcon.colcon_core.shell:Skip shell extension 'dsv' for command environment
[3.998s] DEBUG:colcon.colcon_core.event_handler.log_command:Invoking command in '/home/wyatt/ros2_ws/build/uf_interfaces': CMAKE_PREFIX_PATH=${CMAKE_PREFIX_PATH}:/home/wyatt/ros2_ws/install/wind_speed_package:/home/wyatt/ros2_ws/install/vehicle_position_checker:/home/wyatt/ros2_ws/install/herding_v1_package:/home/wyatt/ros2_ws/install/estop_button:/opt/ros/humble /usr/bin/cmake --build /home/wyatt/ros2_ws/build/uf_interfaces -- -j4 -l4
[4.627s] INFO:colcon.colcon_core.task.python.build:Building Python package in '/home/wyatt/ros2_ws/src/vehicle_position_checker'
[4.664s] INFO:colcon.colcon_core.shell:Skip shell extension 'powershell' for command environment: Not usable outside of PowerShell
[4.665s] DEBUG:colcon.colcon_core.shell:Skip shell extension 'dsv' for command environment
[4.924s] DEBUG:colcon.colcon_core.event_handler.log_command:Invoked command in '/home/wyatt/ros2_ws/build/uf_interfaces' returned '0': CMAKE_PREFIX_PATH=${CMAKE_PREFIX_PATH}:/home/wyatt/ros2_ws/install/wind_speed_package:/home/wyatt/ros2_ws/install/vehicle_position_checker:/home/wyatt/ros2_ws/install/herding_v1_package:/home/wyatt/ros2_ws/install/estop_button:/opt/ros/humble /usr/bin/cmake --build /home/wyatt/ros2_ws/build/uf_interfaces -- -j4 -l4
[5.290s] DEBUG:colcon.colcon_core.event_handler.log_command:Invoking command in '/home/wyatt/ros2_ws/build/uf_interfaces': CMAKE_PREFIX_PATH=${CMAKE_PREFIX_PATH}:/home/wyatt/ros2_ws/install/wind_speed_package:/home/wyatt/ros2_ws/install/vehicle_position_checker:/home/wyatt/ros2_ws/install/herding_v1_package:/home/wyatt/ros2_ws/install/estop_button:/opt/ros/humble /usr/bin/cmake --install /home/wyatt/ros2_ws/build/uf_interfaces
[5.669s] Level 1:colcon.colcon_core.environment:create_environment_scripts_only(uf_interfaces)
[5.695s] DEBUG:colcon.colcon_core.event_handler.log_command:Invoked command in '/home/wyatt/ros2_ws/build/uf_interfaces' returned '0': CMAKE_PREFIX_PATH=${CMAKE_PREFIX_PATH}:/home/wyatt/ros2_ws/install/wind_speed_package:/home/wyatt/ros2_ws/install/vehicle_position_checker:/home/wyatt/ros2_ws/install/herding_v1_package:/home/wyatt/ros2_ws/install/estop_button:/opt/ros/humble /usr/bin/cmake --install /home/wyatt/ros2_ws/build/uf_interfaces
[5.774s] Level 1:colcon.colcon_core.environment:checking '/home/wyatt/ros2_ws/install/uf_interfaces' for CMake module files
[5.776s] Level 1:colcon.colcon_core.environment:checking '/home/wyatt/ros2_ws/install/uf_interfaces' for CMake config files
[5.778s] Level 1:colcon.colcon_core.shell:create_environment_hook('uf_interfaces', 'cmake_prefix_path')
[5.831s] INFO:colcon.colcon_core.shell:Creating environment hook '/home/wyatt/ros2_ws/install/uf_interfaces/share/uf_interfaces/hook/cmake_prefix_path.ps1'
[5.835s] INFO:colcon.colcon_core.shell:Creating environment descriptor '/home/wyatt/ros2_ws/install/uf_interfaces/share/uf_interfaces/hook/cmake_prefix_path.dsv'
[5.838s] INFO:colcon.colcon_core.shell:Creating environment hook '/home/wyatt/ros2_ws/install/uf_interfaces/share/uf_interfaces/hook/cmake_prefix_path.sh'
[5.840s] Level 1:colcon.colcon_core.environment:checking '/home/wyatt/ros2_ws/install/uf_interfaces/lib'
[5.841s] Level 1:colcon.colcon_core.shell:create_environment_hook('uf_interfaces', 'ld_library_path_lib')
[5.887s] INFO:colcon.colcon_core.shell:Creating environment hook '/home/wyatt/ros2_ws/install/uf_interfaces/share/uf_interfaces/hook/ld_library_path_lib.ps1'
[5.888s] INFO:colcon.colcon_core.shell:Creating environment descriptor '/home/wyatt/ros2_ws/install/uf_interfaces/share/uf_interfaces/hook/ld_library_path_lib.dsv'
[5.889s] INFO:colcon.colcon_core.shell:Creating environment hook '/home/wyatt/ros2_ws/install/uf_interfaces/share/uf_interfaces/hook/ld_library_path_lib.sh'
[5.889s] Level 1:colcon.colcon_core.environment:checking '/home/wyatt/ros2_ws/install/uf_interfaces/bin'
[5.890s] Level 1:colcon.colcon_core.environment:checking '/home/wyatt/ros2_ws/install/uf_interfaces/lib/pkgconfig/uf_interfaces.pc'
[5.890s] Level 1:colcon.colcon_core.environment:checking '/home/wyatt/ros2_ws/install/uf_interfaces/lib/python3.10/site-packages'
[5.891s] Level 1:colcon.colcon_core.environment:checking '/home/wyatt/ros2_ws/install/uf_interfaces/bin'
[5.926s] INFO:colcon.colcon_core.shell:Creating package script '/home/wyatt/ros2_ws/install/uf_interfaces/share/uf_interfaces/package.ps1'
[5.928s] INFO:colcon.colcon_core.shell:Creating package descriptor '/home/wyatt/ros2_ws/install/uf_interfaces/share/uf_interfaces/package.dsv'
[5.929s] INFO:colcon.colcon_core.shell:Creating package script '/home/wyatt/ros2_ws/install/uf_interfaces/share/uf_interfaces/package.sh'
[5.931s] INFO:colcon.colcon_core.shell:Creating package script '/home/wyatt/ros2_ws/install/uf_interfaces/share/uf_interfaces/package.bash'
[5.933s] INFO:colcon.colcon_core.shell:Creating package script '/home/wyatt/ros2_ws/install/uf_interfaces/share/uf_interfaces/package.zsh'
[5.934s] Level 1:colcon.colcon_core.environment:create_file_with_runtime_dependencies(/home/wyatt/ros2_ws/install/uf_interfaces/share/colcon-core/packages/uf_interfaces)
[5.943s] DEBUG:colcon.colcon_core.event_handler.log_command:Invoking command in '/home/wyatt/ros2_ws/src/estop_button': PYTHONPATH=/home/wyatt/ros2_ws/build/estop_button/prefix_override:/home/wyatt/ros2_ws/install/estop_button/lib/python3.10/site-packages:${PYTHONPATH} /usr/bin/python3 setup.py egg_info --egg-base ../../build/estop_button build --build-base /home/wyatt/ros2_ws/build/estop_button/build install --record /home/wyatt/ros2_ws/build/estop_button/install.log --single-version-externally-managed
[5.949s] DEBUG:colcon.colcon_core.event_handler.log_command:Invoking command in '/home/wyatt/ros2_ws/src/vehicle_position_checker': PYTHONPATH=/home/wyatt/ros2_ws/build/vehicle_position_checker/prefix_override:/home/wyatt/ros2_ws/install/vehicle_position_checker/lib/python3.10/site-packages:${PYTHONPATH} /usr/bin/python3 setup.py egg_info --egg-base ../../build/vehicle_position_checker build --build-base /home/wyatt/ros2_ws/build/vehicle_position_checker/build install --record /home/wyatt/ros2_ws/build/vehicle_position_checker/install.log --single-version-externally-managed
[5.992s] DEBUG:colcon.colcon_core.event_handler.log_command:Invoking command in '/home/wyatt/ros2_ws/src/herding_v1_package': PYTHONPATH=/home/wyatt/ros2_ws/build/herding_v1_package/prefix_override:/home/wyatt/ros2_ws/install/herding_v1_package/lib/python3.10/site-packages:${PYTHONPATH} /usr/bin/python3 setup.py egg_info --egg-base ../../build/herding_v1_package build --build-base /home/wyatt/ros2_ws/build/herding_v1_package/build install --record /home/wyatt/ros2_ws/build/herding_v1_package/install.log --single-version-externally-managed
[6.329s] Level 1:colcon.colcon_core.environment:create_environment_scripts_only(uf_interfaces)
[6.374s] Level 1:colcon.colcon_core.environment:checking '/home/wyatt/ros2_ws/install/uf_interfaces' for CMake module files
[6.376s] Level 1:colcon.colcon_core.environment:checking '/home/wyatt/ros2_ws/install/uf_interfaces' for CMake config files
[6.384s] Level 1:colcon.colcon_core.shell:create_environment_hook('uf_interfaces', 'cmake_prefix_path')
[6.430s] INFO:colcon.colcon_core.shell:Creating environment hook '/home/wyatt/ros2_ws/install/uf_interfaces/share/uf_interfaces/hook/cmake_prefix_path.ps1'
[6.431s] INFO:colcon.colcon_core.shell:Creating environment descriptor '/home/wyatt/ros2_ws/install/uf_interfaces/share/uf_interfaces/hook/cmake_prefix_path.dsv'
[6.432s] INFO:colcon.colcon_core.shell:Creating environment hook '/home/wyatt/ros2_ws/install/uf_interfaces/share/uf_interfaces/hook/cmake_prefix_path.sh'
[6.433s] Level 1:colcon.colcon_core.environment:checking '/home/wyatt/ros2_ws/install/uf_interfaces/lib'
[6.433s] Level 1:colcon.colcon_core.shell:create_environment_hook('uf_interfaces', 'ld_library_path_lib')
[6.481s] INFO:colcon.colcon_core.shell:Creating environment hook '/home/wyatt/ros2_ws/install/uf_interfaces/share/uf_interfaces/hook/ld_library_path_lib.ps1'
[6.482s] INFO:colcon.colcon_core.shell:Creating environment descriptor '/home/wyatt/ros2_ws/install/uf_interfaces/share/uf_interfaces/hook/ld_library_path_lib.dsv'
[6.483s] INFO:colcon.colcon_core.shell:Creating environment hook '/home/wyatt/ros2_ws/install/uf_interfaces/share/uf_interfaces/hook/ld_library_path_lib.sh'
[6.484s] Level 1:colcon.colcon_core.environment:checking '/home/wyatt/ros2_ws/install/uf_interfaces/bin'
[6.484s] Level 1:colcon.colcon_core.environment:checking '/home/wyatt/ros2_ws/install/uf_interfaces/lib/pkgconfig/uf_interfaces.pc'
[6.485s] Level 1:colcon.colcon_core.environment:checking '/home/wyatt/ros2_ws/install/uf_interfaces/lib/python3.10/site-packages'
[6.486s] Level 1:colcon.colcon_core.environment:checking '/home/wyatt/ros2_ws/install/uf_interfaces/bin'
[6.532s] INFO:colcon.colcon_core.shell:Creating package script '/home/wyatt/ros2_ws/install/uf_interfaces/share/uf_interfaces/package.ps1'
[6.534s] INFO:colcon.colcon_core.shell:Creating package descriptor '/home/wyatt/ros2_ws/install/uf_interfaces/share/uf_interfaces/package.dsv'
[6.535s] INFO:colcon.colcon_core.shell:Creating package script '/home/wyatt/ros2_ws/install/uf_interfaces/share/uf_interfaces/package.sh'
[6.537s] INFO:colcon.colcon_core.shell:Creating package script '/home/wyatt/ros2_ws/install/uf_interfaces/share/uf_interfaces/package.bash'
[6.538s] INFO:colcon.colcon_core.shell:Creating package script '/home/wyatt/ros2_ws/install/uf_interfaces/share/uf_interfaces/package.zsh'
[6.539s] Level 1:colcon.colcon_core.environment:create_file_with_runtime_dependencies(/home/wyatt/ros2_ws/install/uf_interfaces/share/colcon-core/packages/uf_interfaces)
[6.541s] INFO:colcon.colcon_ros.task.ament_python.build:Building ROS package in '/home/wyatt/ros2_ws/src/wind_speed_package' with build type 'ament_python'
[6.541s] Level 1:colcon.colcon_core.shell:create_environment_hook('wind_speed_package', 'ament_prefix_path')
[6.623s] INFO:colcon.colcon_core.shell:Creating environment hook '/home/wyatt/ros2_ws/install/wind_speed_package/share/wind_speed_package/hook/ament_prefix_path.ps1'
[6.625s] INFO:colcon.colcon_core.shell:Creating environment descriptor '/home/wyatt/ros2_ws/install/wind_speed_package/share/wind_speed_package/hook/ament_prefix_path.dsv'
[6.627s] INFO:colcon.colcon_core.shell:Creating environment hook '/home/wyatt/ros2_ws/install/wind_speed_package/share/wind_speed_package/hook/ament_prefix_path.sh'
[6.734s] INFO:colcon.colcon_core.shell:Skip shell extension 'powershell' for command environment: Not usable outside of PowerShell
[6.734s] DEBUG:colcon.colcon_core.shell:Skip shell extension 'dsv' for command environment
[6.999s] DEBUG:colcon.colcon_core.event_handler.log_command:Invoked command in '/home/wyatt/ros2_ws/src/estop_button' returned '0': PYTHONPATH=/home/wyatt/ros2_ws/build/estop_button/prefix_override:/home/wyatt/ros2_ws/install/estop_button/lib/python3.10/site-packages:${PYTHONPATH} /usr/bin/python3 setup.py egg_info --egg-base ../../build/estop_button build --build-base /home/wyatt/ros2_ws/build/estop_button/build install --record /home/wyatt/ros2_ws/build/estop_button/install.log --single-version-externally-managed
[7.030s] Level 1:colcon.colcon_core.environment:checking '/home/wyatt/ros2_ws/install/estop_button' for CMake module files
[7.031s] Level 1:colcon.colcon_core.environment:checking '/home/wyatt/ros2_ws/install/estop_button' for CMake config files
[7.032s] Level 1:colcon.colcon_core.environment:checking '/home/wyatt/ros2_ws/install/estop_button/lib'
[7.032s] Level 1:colcon.colcon_core.environment:checking '/home/wyatt/ros2_ws/install/estop_button/bin'
[7.032s] Level 1:colcon.colcon_core.environment:checking '/home/wyatt/ros2_ws/install/estop_button/lib/pkgconfig/estop_button.pc'
[7.032s] Level 1:colcon.colcon_core.environment:checking '/home/wyatt/ros2_ws/install/estop_button/lib/python3.10/site-packages'
[7.033s] Level 1:colcon.colcon_core.shell:create_environment_hook('estop_button', 'pythonpath')
[7.077s] INFO:colcon.colcon_core.shell:Creating environment hook '/home/wyatt/ros2_ws/install/estop_button/share/estop_button/hook/pythonpath.ps1'
[7.078s] INFO:colcon.colcon_core.shell:Creating environment descriptor '/home/wyatt/ros2_ws/install/estop_button/share/estop_button/hook/pythonpath.dsv'
[7.079s] INFO:colcon.colcon_core.shell:Creating environment hook '/home/wyatt/ros2_ws/install/estop_button/share/estop_button/hook/pythonpath.sh'
[7.080s] Level 1:colcon.colcon_core.environment:checking '/home/wyatt/ros2_ws/install/estop_button/bin'
[7.081s] Level 1:colcon.colcon_core.environment:create_environment_scripts_only(estop_button)
[7.131s] INFO:colcon.colcon_core.shell:Creating package script '/home/wyatt/ros2_ws/install/estop_button/share/estop_button/package.ps1'
[7.133s] INFO:colcon.colcon_core.shell:Creating package descriptor '/home/wyatt/ros2_ws/install/estop_button/share/estop_button/package.dsv'
[7.134s] INFO:colcon.colcon_core.shell:Creating package script '/home/wyatt/ros2_ws/install/estop_button/share/estop_button/package.sh'
[7.135s] INFO:colcon.colcon_core.shell:Creating package script '/home/wyatt/ros2_ws/install/estop_button/share/estop_button/package.bash'
[7.136s] INFO:colcon.colcon_core.shell:Creating package script '/home/wyatt/ros2_ws/install/estop_button/share/estop_button/package.zsh'
[7.137s] Level 1:colcon.colcon_core.environment:create_file_with_runtime_dependencies(/home/wyatt/ros2_ws/install/estop_button/share/colcon-core/packages/estop_button)
[7.139s] DEBUG:colcon.colcon_core.event_handler.log_command:Invoked command in '/home/wyatt/ros2_ws/src/vehicle_position_checker' returned '0': PYTHONPATH=/home/wyatt/ros2_ws/build/vehicle_position_checker/prefix_override:/home/wyatt/ros2_ws/install/vehicle_position_checker/lib/python3.10/site-packages:${PYTHONPATH} /usr/bin/python3 setup.py egg_info --egg-base ../../build/vehicle_position_checker build --build-base /home/wyatt/ros2_ws/build/vehicle_position_checker/build install --record /home/wyatt/ros2_ws/build/vehicle_position_checker/install.log --single-version-externally-managed
[7.192s] Level 1:colcon.colcon_core.environment:checking '/home/wyatt/ros2_ws/install/vehicle_position_checker' for CMake module files
[7.194s] Level 1:colcon.colcon_core.environment:checking '/home/wyatt/ros2_ws/install/vehicle_position_checker' for CMake config files
[7.195s] Level 1:colcon.colcon_core.environment:checking '/home/wyatt/ros2_ws/install/vehicle_position_checker/lib'
[7.195s] Level 1:colcon.colcon_core.environment:checking '/home/wyatt/ros2_ws/install/vehicle_position_checker/bin'
[7.195s] Level 1:colcon.colcon_core.environment:checking '/home/wyatt/ros2_ws/install/vehicle_position_checker/lib/pkgconfig/vehicle_position_checker.pc'
[7.196s] Level 1:colcon.colcon_core.environment:checking '/home/wyatt/ros2_ws/install/vehicle_position_checker/lib/python3.10/site-packages'
[7.196s] Level 1:colcon.colcon_core.shell:create_environment_hook('vehicle_position_checker', 'pythonpath')
[7.244s] INFO:colcon.colcon_core.shell:Creating environment hook '/home/wyatt/ros2_ws/install/vehicle_position_checker/share/vehicle_position_checker/hook/pythonpath.ps1'
[7.245s] INFO:colcon.colcon_core.shell:Creating environment descriptor '/home/wyatt/ros2_ws/install/vehicle_position_checker/share/vehicle_position_checker/hook/pythonpath.dsv'
[7.246s] INFO:colcon.colcon_core.shell:Creating environment hook '/home/wyatt/ros2_ws/install/vehicle_position_checker/share/vehicle_position_checker/hook/pythonpath.sh'
[7.247s] Level 1:colcon.colcon_core.environment:checking '/home/wyatt/ros2_ws/install/vehicle_position_checker/bin'
[7.247s] Level 1:colcon.colcon_core.environment:create_environment_scripts_only(vehicle_position_checker)
[7.294s] INFO:colcon.colcon_core.shell:Creating package script '/home/wyatt/ros2_ws/install/vehicle_position_checker/share/vehicle_position_checker/package.ps1'
[7.295s] INFO:colcon.colcon_core.shell:Creating package descriptor '/home/wyatt/ros2_ws/install/vehicle_position_checker/share/vehicle_position_checker/package.dsv'
[7.296s] INFO:colcon.colcon_core.shell:Creating package script '/home/wyatt/ros2_ws/install/vehicle_position_checker/share/vehicle_position_checker/package.sh'
[7.297s] INFO:colcon.colcon_core.shell:Creating package script '/home/wyatt/ros2_ws/install/vehicle_position_checker/share/vehicle_position_checker/package.bash'
[7.298s] INFO:colcon.colcon_core.shell:Creating package script '/home/wyatt/ros2_ws/install/vehicle_position_checker/share/vehicle_position_checker/package.zsh'
[7.299s] Level 1:colcon.colcon_core.environment:create_file_with_runtime_dependencies(/home/wyatt/ros2_ws/install/vehicle_position_checker/share/colcon-core/packages/vehicle_position_checker)
[7.302s] DEBUG:colcon.colcon_core.event_handler.log_command:Invoked command in '/home/wyatt/ros2_ws/src/herding_v1_package' returned '0': PYTHONPATH=/home/wyatt/ros2_ws/build/herding_v1_package/prefix_override:/home/wyatt/ros2_ws/install/herding_v1_package/lib/python3.10/site-packages:${PYTHONPATH} /usr/bin/python3 setup.py egg_info --egg-base ../../build/herding_v1_package build --build-base /home/wyatt/ros2_ws/build/herding_v1_package/build install --record /home/wyatt/ros2_ws/build/herding_v1_package/install.log --single-version-externally-managed
[7.332s] Level 1:colcon.colcon_core.environment:checking '/home/wyatt/ros2_ws/install/herding_v1_package' for CMake module files
[7.333s] Level 1:colcon.colcon_core.environment:checking '/home/wyatt/ros2_ws/install/herding_v1_package' for CMake config files
[7.334s] Level 1:colcon.colcon_core.environment:checking '/home/wyatt/ros2_ws/install/herding_v1_package/lib'
[7.334s] Level 1:colcon.colcon_core.environment:checking '/home/wyatt/ros2_ws/install/herding_v1_package/bin'
[7.334s] Level 1:colcon.colcon_core.environment:checking '/home/wyatt/ros2_ws/install/herding_v1_package/lib/pkgconfig/herding_v1_package.pc'
[7.334s] Level 1:colcon.colcon_core.environment:checking '/home/wyatt/ros2_ws/install/herding_v1_package/lib/python3.10/site-packages'
[7.335s] Level 1:colcon.colcon_core.shell:create_environment_hook('herding_v1_package', 'pythonpath')
[7.367s] INFO:colcon.colcon_core.shell:Creating environment hook '/home/wyatt/ros2_ws/install/herding_v1_package/share/herding_v1_package/hook/pythonpath.ps1'
[7.368s] INFO:colcon.colcon_core.shell:Creating environment descriptor '/home/wyatt/ros2_ws/install/herding_v1_package/share/herding_v1_package/hook/pythonpath.dsv'
[7.368s] INFO:colcon.colcon_core.shell:Creating environment hook '/home/wyatt/ros2_ws/install/herding_v1_package/share/herding_v1_package/hook/pythonpath.sh'
[7.370s] Level 1:colcon.colcon_core.environment:checking '/home/wyatt/ros2_ws/install/herding_v1_package/bin'
[7.370s] Level 1:colcon.colcon_core.environment:create_environment_scripts_only(herding_v1_package)
[7.404s] INFO:colcon.colcon_core.shell:Creating package script '/home/wyatt/ros2_ws/install/herding_v1_package/share/herding_v1_package/package.ps1'
[7.405s] INFO:colcon.colcon_core.shell:Creating package descriptor '/home/wyatt/ros2_ws/install/herding_v1_package/share/herding_v1_package/package.dsv'
[7.406s] INFO:colcon.colcon_core.shell:Creating package script '/home/wyatt/ros2_ws/install/herding_v1_package/share/herding_v1_package/package.sh'
[7.406s] INFO:colcon.colcon_core.shell:Creating package script '/home/wyatt/ros2_ws/install/herding_v1_package/share/herding_v1_package/package.bash'
[7.407s] INFO:colcon.colcon_core.shell:Creating package script '/home/wyatt/ros2_ws/install/herding_v1_package/share/herding_v1_package/package.zsh'
[7.408s] Level 1:colcon.colcon_core.environment:create_file_with_runtime_dependencies(/home/wyatt/ros2_ws/install/herding_v1_package/share/colcon-core/packages/herding_v1_package)
[7.947s] INFO:colcon.colcon_core.task.python.build:Building Python package in '/home/wyatt/ros2_ws/src/wind_speed_package'
[7.989s] INFO:colcon.colcon_core.shell:Skip shell extension 'powershell' for command environment: Not usable outside of PowerShell
[7.990s] DEBUG:colcon.colcon_core.shell:Skip shell extension 'dsv' for command environment
[9.054s] DEBUG:colcon.colcon_core.event_handler.log_command:Invoking command in '/home/wyatt/ros2_ws/src/wind_speed_package': PYTHONPATH=/home/wyatt/ros2_ws/build/wind_speed_package/prefix_override:/home/wyatt/ros2_ws/install/wind_speed_package/lib/python3.10/site-packages:${PYTHONPATH} /usr/bin/python3 setup.py egg_info --egg-base ../../build/wind_speed_package build --build-base /home/wyatt/ros2_ws/build/wind_speed_package/build install --record /home/wyatt/ros2_ws/build/wind_speed_package/install.log --single-version-externally-managed
[9.592s] DEBUG:colcon.colcon_core.event_handler.log_command:Invoked command in '/home/wyatt/ros2_ws/src/wind_speed_package' returned '0': PYTHONPATH=/home/wyatt/ros2_ws/build/wind_speed_package/prefix_override:/home/wyatt/ros2_ws/install/wind_speed_package/lib/python3.10/site-packages:${PYTHONPATH} /usr/bin/python3 setup.py egg_info --egg-base ../../build/wind_speed_package build --build-base /home/wyatt/ros2_ws/build/wind_speed_package/build install --record /home/wyatt/ros2_ws/build/wind_speed_package/install.log --single-version-externally-managed
[9.651s] Level 1:colcon.colcon_core.environment:checking '/home/wyatt/ros2_ws/install/wind_speed_package' for CMake module files
[9.653s] Level 1:colcon.colcon_core.environment:checking '/home/wyatt/ros2_ws/install/wind_speed_package' for CMake config files
[9.654s] Level 1:colcon.colcon_core.environment:checking '/home/wyatt/ros2_ws/install/wind_speed_package/lib'
[9.654s] Level 1:colcon.colcon_core.environment:checking '/home/wyatt/ros2_ws/install/wind_speed_package/bin'
[9.654s] Level 1:colcon.colcon_core.environment:checking '/home/wyatt/ros2_ws/install/wind_speed_package/lib/pkgconfig/wind_speed_package.pc'
[9.655s] Level 1:colcon.colcon_core.environment:checking '/home/wyatt/ros2_ws/install/wind_speed_package/lib/python3.10/site-packages'
[9.655s] Level 1:colcon.colcon_core.shell:create_environment_hook('wind_speed_package', 'pythonpath')
[9.692s] INFO:colcon.colcon_core.shell:Creating environment hook '/home/wyatt/ros2_ws/install/wind_speed_package/share/wind_speed_package/hook/pythonpath.ps1'
[9.693s] INFO:colcon.colcon_core.shell:Creating environment descriptor '/home/wyatt/ros2_ws/install/wind_speed_package/share/wind_speed_package/hook/pythonpath.dsv'
[9.695s] INFO:colcon.colcon_core.shell:Creating environment hook '/home/wyatt/ros2_ws/install/wind_speed_package/share/wind_speed_package/hook/pythonpath.sh'
[9.696s] Level 1:colcon.colcon_core.environment:checking '/home/wyatt/ros2_ws/install/wind_speed_package/bin'
[9.697s] Level 1:colcon.colcon_core.environment:create_environment_scripts_only(wind_speed_package)
[9.732s] INFO:colcon.colcon_core.shell:Creating package script '/home/wyatt/ros2_ws/install/wind_speed_package/share/wind_speed_package/package.ps1'
[9.733s] INFO:colcon.colcon_core.shell:Creating package descriptor '/home/wyatt/ros2_ws/install/wind_speed_package/share/wind_speed_package/package.dsv'
[9.733s] INFO:colcon.colcon_core.shell:Creating package script '/home/wyatt/ros2_ws/install/wind_speed_package/share/wind_speed_package/package.sh'
[9.734s] INFO:colcon.colcon_core.shell:Creating package script '/home/wyatt/ros2_ws/install/wind_speed_package/share/wind_speed_package/package.bash'
[9.734s] INFO:colcon.colcon_core.shell:Creating package script '/home/wyatt/ros2_ws/install/wind_speed_package/share/wind_speed_package/package.zsh'
[9.735s] Level 1:colcon.colcon_core.environment:create_file_with_runtime_dependencies(/home/wyatt/ros2_ws/install/wind_speed_package/share/colcon-core/packages/wind_speed_package)
[9.735s] DEBUG:colcon.colcon_parallel_executor.executor.parallel:closing loop
[9.735s] DEBUG:colcon.colcon_parallel_executor.executor.parallel:loop closed
[9.736s] DEBUG:colcon.colcon_parallel_executor.executor.parallel:run_until_complete finished with '0'
[9.736s] DEBUG:colcon.colcon_core.event_reactor:joining thread
[9.795s] INFO:colcon.colcon_core.plugin_system:Skipping extension 'colcon_notification.desktop_notification.terminal_notifier': Not used on non-Darwin systems
[9.795s] INFO:colcon.colcon_core.plugin_system:Skipping extension 'colcon_notification.desktop_notification.win32': Not used on non-Windows systems
[9.795s] INFO:colcon.colcon_notification.desktop_notification:Sending desktop notification using 'notify2'
[9.825s] DEBUG:colcon.colcon_core.event_reactor:joined thread
[9.859s] INFO:colcon.colcon_core.shell:Creating prefix script '/home/wyatt/ros2_ws/install/local_setup.ps1'
[9.861s] INFO:colcon.colcon_core.shell:Creating prefix util module '/home/wyatt/ros2_ws/install/_local_setup_util_ps1.py'
[9.863s] INFO:colcon.colcon_core.shell:Creating prefix chain script '/home/wyatt/ros2_ws/install/setup.ps1'
[9.893s] INFO:colcon.colcon_core.shell:Creating prefix script '/home/wyatt/ros2_ws/install/local_setup.sh'
[9.894s] INFO:colcon.colcon_core.shell:Creating prefix util module '/home/wyatt/ros2_ws/install/_local_setup_util_sh.py'
[9.895s] INFO:colcon.colcon_core.shell:Creating prefix chain script '/home/wyatt/ros2_ws/install/setup.sh'
[9.921s] INFO:colcon.colcon_core.shell:Creating prefix script '/home/wyatt/ros2_ws/install/local_setup.bash'
[9.922s] INFO:colcon.colcon_core.shell:Creating prefix chain script '/home/wyatt/ros2_ws/install/setup.bash'
[9.948s] INFO:colcon.colcon_core.shell:Creating prefix script '/home/wyatt/ros2_ws/install/local_setup.zsh'
[9.949s] INFO:colcon.colcon_core.shell:Creating prefix chain script '/home/wyatt/ros2_ws/install/setup.zsh'
