running egg_info
creating ../../build/estop_button/estop_button.egg-info
writing ../../build/estop_button/estop_button.egg-info/PKG-INFO
writing dependency_links to ../../build/estop_button/estop_button.egg-info/dependency_links.txt
writing requirements to ../../build/estop_button/estop_button.egg-info/requires.txt
writing top-level names to ../../build/estop_button/estop_button.egg-info/top_level.txt
writing manifest file '../../build/estop_button/estop_button.egg-info/SOURCES.txt'
reading manifest file '../../build/estop_button/estop_button.egg-info/SOURCES.txt'
writing manifest file '../../build/estop_button/estop_button.egg-info/SOURCES.txt'
running build
running build_py
creating /home/wyatt/Documents/GitHub/ros2_ws/build/estop_button/build
creating /home/wyatt/Documents/GitHub/ros2_ws/build/estop_button/build/lib
creating /home/wyatt/Documents/GitHub/ros2_ws/build/estop_button/build/lib/estop_button
copying estop_button/__init__.py -> /home/wyatt/Documents/GitHub/ros2_ws/build/estop_button/build/lib/estop_button
copying estop_button/estop_button.py -> /home/wyatt/Documents/GitHub/ros2_ws/build/estop_button/build/lib/estop_button
running install
running install_lib
creating /home/wyatt/Documents/GitHub/ros2_ws/install/estop_button/lib/python3.12/site-packages/estop_button
copying /home/wyatt/Documents/GitHub/ros2_ws/build/estop_button/build/lib/estop_button/__init__.py -> /home/wyatt/Documents/GitHub/ros2_ws/install/estop_button/lib/python3.12/site-packages/estop_button
copying /home/wyatt/Documents/GitHub/ros2_ws/build/estop_button/build/lib/estop_button/estop_button.py -> /home/wyatt/Documents/GitHub/ros2_ws/install/estop_button/lib/python3.12/site-packages/estop_button
byte-compiling /home/wyatt/Documents/GitHub/ros2_ws/install/estop_button/lib/python3.12/site-packages/estop_button/__init__.py to __init__.cpython-312.pyc
byte-compiling /home/wyatt/Documents/GitHub/ros2_ws/install/estop_button/lib/python3.12/site-packages/estop_button/estop_button.py to estop_button.cpython-312.pyc
running install_data
creating /home/wyatt/Documents/GitHub/ros2_ws/install/estop_button/share/ament_index
creating /home/wyatt/Documents/GitHub/ros2_ws/install/estop_button/share/ament_index/resource_index
creating /home/wyatt/Documents/GitHub/ros2_ws/install/estop_button/share/ament_index/resource_index/packages
copying resource/estop_button -> /home/wyatt/Documents/GitHub/ros2_ws/install/estop_button/share/ament_index/resource_index/packages
copying package.xml -> /home/wyatt/Documents/GitHub/ros2_ws/install/estop_button/share/estop_button
running install_egg_info
Copying ../../build/estop_button/estop_button.egg-info to /home/wyatt/Documents/GitHub/ros2_ws/install/estop_button/lib/python3.12/site-packages/estop_button-0.0.0-py3.12.egg-info
running install_scripts
writing list of installed files to '/home/wyatt/Documents/GitHub/ros2_ws/build/estop_button/install.log'
