[2.441s] Invoking command in '/home/wyatt/Documents/GitHub/ros2_ws/src/estop_button': DEBUGINFOD_URLS=https://debuginfod.ubuntu.com PYTHONPATH=/home/wyatt/Documents/GitHub/ros2_ws/build/estop_button/prefix_override:/usr/lib/python3/dist-packages/colcon_core/task/python/colcon_distutils_commands:/home/wyatt/Documents/GitHub/ros2_ws/install/estop_button/lib/python3.12/site-packages:${PYTHONPATH} /usr/bin/python3 -W ignore:setup.py install is deprecated setup.py egg_info --egg-base ../../build/estop_button build --build-base /home/wyatt/Documents/GitHub/ros2_ws/build/estop_button/build install --record /home/wyatt/Documents/GitHub/ros2_ws/build/estop_button/install.log --single-version-externally-managed install_data
[3.326s] running egg_info
[3.332s] creating ../../build/estop_button/estop_button.egg-info
[3.439s] writing ../../build/estop_button/estop_button.egg-info/PKG-INFO
[3.443s] writing dependency_links to ../../build/estop_button/estop_button.egg-info/dependency_links.txt
[3.444s] writing requirements to ../../build/estop_button/estop_button.egg-info/requires.txt
[3.448s] writing top-level names to ../../build/estop_button/estop_button.egg-info/top_level.txt
[3.448s] writing manifest file '../../build/estop_button/estop_button.egg-info/SOURCES.txt'
[3.571s] reading manifest file '../../build/estop_button/estop_button.egg-info/SOURCES.txt'
[3.572s] writing manifest file '../../build/estop_button/estop_button.egg-info/SOURCES.txt'
[3.573s] running build
[3.573s] running build_py
[3.574s] creating /home/wyatt/Documents/GitHub/ros2_ws/build/estop_button/build
[3.574s] creating /home/wyatt/Documents/GitHub/ros2_ws/build/estop_button/build/lib
[3.575s] creating /home/wyatt/Documents/GitHub/ros2_ws/build/estop_button/build/lib/estop_button
[3.575s] copying estop_button/__init__.py -> /home/wyatt/Documents/GitHub/ros2_ws/build/estop_button/build/lib/estop_button
[3.576s] copying estop_button/estop_button.py -> /home/wyatt/Documents/GitHub/ros2_ws/build/estop_button/build/lib/estop_button
[3.576s] running install
[3.593s] running install_lib
[3.639s] creating /home/wyatt/Documents/GitHub/ros2_ws/install/estop_button/lib/python3.12/site-packages/estop_button
[3.640s] copying /home/wyatt/Documents/GitHub/ros2_ws/build/estop_button/build/lib/estop_button/__init__.py -> /home/wyatt/Documents/GitHub/ros2_ws/install/estop_button/lib/python3.12/site-packages/estop_button
[3.640s] copying /home/wyatt/Documents/GitHub/ros2_ws/build/estop_button/build/lib/estop_button/estop_button.py -> /home/wyatt/Documents/GitHub/ros2_ws/install/estop_button/lib/python3.12/site-packages/estop_button
[3.642s] byte-compiling /home/wyatt/Documents/GitHub/ros2_ws/install/estop_button/lib/python3.12/site-packages/estop_button/__init__.py to __init__.cpython-312.pyc
[3.645s] byte-compiling /home/wyatt/Documents/GitHub/ros2_ws/install/estop_button/lib/python3.12/site-packages/estop_button/estop_button.py to estop_button.cpython-312.pyc
[3.645s] running install_data
[3.646s] creating /home/wyatt/Documents/GitHub/ros2_ws/install/estop_button/share/ament_index
[3.647s] creating /home/wyatt/Documents/GitHub/ros2_ws/install/estop_button/share/ament_index/resource_index
[3.647s] creating /home/wyatt/Documents/GitHub/ros2_ws/install/estop_button/share/ament_index/resource_index/packages
[3.648s] copying resource/estop_button -> /home/wyatt/Documents/GitHub/ros2_ws/install/estop_button/share/ament_index/resource_index/packages
[3.649s] copying package.xml -> /home/wyatt/Documents/GitHub/ros2_ws/install/estop_button/share/estop_button
[3.649s] running install_egg_info
[3.722s] Copying ../../build/estop_button/estop_button.egg-info to /home/wyatt/Documents/GitHub/ros2_ws/install/estop_button/lib/python3.12/site-packages/estop_button-0.0.0-py3.12.egg-info
[3.730s] running install_scripts
[4.037s] writing list of installed files to '/home/wyatt/Documents/GitHub/ros2_ws/build/estop_button/install.log'
[4.172s] Invoked command in '/home/wyatt/Documents/GitHub/ros2_ws/src/estop_button' returned '0': DEBUGINFOD_URLS=https://debuginfod.ubuntu.com PYTHONPATH=/home/wyatt/Documents/GitHub/ros2_ws/build/estop_button/prefix_override:/usr/lib/python3/dist-packages/colcon_core/task/python/colcon_distutils_commands:/home/wyatt/Documents/GitHub/ros2_ws/install/estop_button/lib/python3.12/site-packages:${PYTHONPATH} /usr/bin/python3 -W ignore:setup.py install is deprecated setup.py egg_info --egg-base ../../build/estop_button build --build-base /home/wyatt/Documents/GitHub/ros2_ws/build/estop_button/build install --record /home/wyatt/Documents/GitHub/ros2_ws/build/estop_button/install.log --single-version-externally-managed install_data
