[1.248s] Invoking command in '/home/wyatt/ros2_ws/src/wind_speed_package': PYTHONPATH=/home/wyatt/ros2_ws/build/wind_speed_package/prefix_override:/usr/lib/python3/dist-packages/colcon_core/task/python/colcon_distutils_commands:/home/wyatt/ros2_ws/install/wind_speed_package/lib/python3.10/site-packages:${PYTHONPATH} /usr/bin/python3 -W ignore:setup.py install is deprecated setup.py egg_info --egg-base ../../build/wind_speed_package build --build-base /home/wyatt/ros2_ws/build/wind_speed_package/build install --record /home/wyatt/ros2_ws/build/wind_speed_package/install.log --single-version-externally-managed install_data
[1.735s] running egg_info
[1.736s] creating ../../build/wind_speed_package/wind_speed_package.egg-info
[1.736s] writing ../../build/wind_speed_package/wind_speed_package.egg-info/PKG-INFO
[1.737s] writing dependency_links to ../../build/wind_speed_package/wind_speed_package.egg-info/dependency_links.txt
[1.737s] writing entry points to ../../build/wind_speed_package/wind_speed_package.egg-info/entry_points.txt
[1.737s] writing requirements to ../../build/wind_speed_package/wind_speed_package.egg-info/requires.txt
[1.737s] writing top-level names to ../../build/wind_speed_package/wind_speed_package.egg-info/top_level.txt
[1.738s] writing manifest file '../../build/wind_speed_package/wind_speed_package.egg-info/SOURCES.txt'
[1.740s] reading manifest file '../../build/wind_speed_package/wind_speed_package.egg-info/SOURCES.txt'
[1.742s] writing manifest file '../../build/wind_speed_package/wind_speed_package.egg-info/SOURCES.txt'
[1.742s] running build
[1.742s] running build_py
[1.742s] creating /home/wyatt/ros2_ws/build/wind_speed_package/build
[1.742s] creating /home/wyatt/ros2_ws/build/wind_speed_package/build/lib
[1.742s] creating /home/wyatt/ros2_ws/build/wind_speed_package/build/lib/wind_speed_package
[1.743s] copying wind_speed_package/__init__.py -> /home/wyatt/ros2_ws/build/wind_speed_package/build/lib/wind_speed_package
[1.743s] copying wind_speed_package/wind_speed_node.py -> /home/wyatt/ros2_ws/build/wind_speed_package/build/lib/wind_speed_package
[1.747s] running install
[1.748s] running install_lib
[1.748s] creating /home/wyatt/ros2_ws/install/wind_speed_package/lib/python3.10/site-packages/wind_speed_package
[1.748s] copying /home/wyatt/ros2_ws/build/wind_speed_package/build/lib/wind_speed_package/__init__.py -> /home/wyatt/ros2_ws/install/wind_speed_package/lib/python3.10/site-packages/wind_speed_package
[1.750s] copying /home/wyatt/ros2_ws/build/wind_speed_package/build/lib/wind_speed_package/wind_speed_node.py -> /home/wyatt/ros2_ws/install/wind_speed_package/lib/python3.10/site-packages/wind_speed_package
[1.750s] byte-compiling /home/wyatt/ros2_ws/install/wind_speed_package/lib/python3.10/site-packages/wind_speed_package/__init__.py to __init__.cpython-310.pyc
[1.750s] byte-compiling /home/wyatt/ros2_ws/install/wind_speed_package/lib/python3.10/site-packages/wind_speed_package/wind_speed_node.py to wind_speed_node.cpython-310.pyc
[1.750s] running install_data
[1.750s] creating /home/wyatt/ros2_ws/install/wind_speed_package/share/ament_index
[1.752s] creating /home/wyatt/ros2_ws/install/wind_speed_package/share/ament_index/resource_index
[1.752s] creating /home/wyatt/ros2_ws/install/wind_speed_package/share/ament_index/resource_index/packages
[1.752s] copying resource/wind_speed_package -> /home/wyatt/ros2_ws/install/wind_speed_package/share/ament_index/resource_index/packages
[1.752s] copying package.xml -> /home/wyatt/ros2_ws/install/wind_speed_package/share/wind_speed_package
[1.752s] running install_egg_info
[1.753s] Copying ../../build/wind_speed_package/wind_speed_package.egg-info to /home/wyatt/ros2_ws/install/wind_speed_package/lib/python3.10/site-packages/wind_speed_package-0.0.0-py3.10.egg-info
[1.755s] running install_scripts
[1.795s] Installing wind_speed_node script to /home/wyatt/ros2_ws/install/wind_speed_package/lib/wind_speed_package
[1.795s] writing list of installed files to '/home/wyatt/ros2_ws/build/wind_speed_package/install.log'
[1.990s] Invoked command in '/home/wyatt/ros2_ws/src/wind_speed_package' returned '0': PYTHONPATH=/home/wyatt/ros2_ws/build/wind_speed_package/prefix_override:/usr/lib/python3/dist-packages/colcon_core/task/python/colcon_distutils_commands:/home/wyatt/ros2_ws/install/wind_speed_package/lib/python3.10/site-packages:${PYTHONPATH} /usr/bin/python3 -W ignore:setup.py install is deprecated setup.py egg_info --egg-base ../../build/wind_speed_package build --build-base /home/wyatt/ros2_ws/build/wind_speed_package/build install --record /home/wyatt/ros2_ws/build/wind_speed_package/install.log --single-version-externally-managed install_data
