[0.635s] DEBUG:colcon:Command line arguments: ['/usr/bin/colcon', 'build']
[0.635s] DEBUG:colcon:Parsed command line arguments: Namespace(log_base=None, log_level=None, verb_name='build', build_base='build', install_base='install', merge_install=False, symlink_install=False, test_result_base=None, continue_on_error=False, executor='parallel', parallel_workers=8, event_handlers=None, ignore_user_meta=False, metas=['./colcon.meta'], base_paths=['.'], packages_ignore=None, packages_ignore_regex=None, paths=None, packages_up_to=None, packages_up_to_regex=None, packages_above=None, packages_above_and_dependencies=None, packages_above_depth=None, packages_select_by_dep=None, packages_skip_by_dep=None, packages_skip_up_to=None, packages_select_build_failed=False, packages_skip_build_finished=False, packages_select_test_failures=False, packages_skip_test_passed=False, packages_select=None, packages_skip=None, packages_select_regex=None, packages_skip_regex=None, packages_start=None, packages_end=None, allow_overriding=[], cmake_args=None, cmake_target=None, cmake_target_skip_unavailable=False, cmake_clean_cache=False, cmake_clean_first=False, cmake_force_configure=False, ament_cmake_args=None, catkin_cmake_args=None, catkin_skip_building_tests=False, verb_parser=<colcon_defaults.argument_parser.defaults.DefaultArgumentsDecorator object at 0x7efe14c7e5f0>, verb_extension=<colcon_core.verb.build.BuildVerb object at 0x7efe14c7d3c0>, main=<bound method BuildVerb.main of <colcon_core.verb.build.BuildVerb object at 0x7efe14c7d3c0>>)
[0.666s] Level 1:colcon.colcon_core.package_discovery:discover_packages(colcon_meta) check parameters
[0.666s] Level 1:colcon.colcon_core.package_discovery:discover_packages(recursive) check parameters
[0.666s] Level 1:colcon.colcon_core.package_discovery:discover_packages(ignore) check parameters
[0.666s] Level 1:colcon.colcon_core.package_discovery:discover_packages(path) check parameters
[0.667s] Level 1:colcon.colcon_core.package_discovery:discover_packages(colcon_meta) discover
[0.667s] Level 1:colcon.colcon_core.package_discovery:discover_packages(recursive) discover
[0.667s] INFO:colcon.colcon_core.package_discovery:Crawling recursively for packages in '/home/wyatt/git_ros2/ros2_ws'
[0.667s] Level 1:colcon.colcon_core.package_identification:_identify(.) by extensions ['ignore', 'ignore_ament_install']
[0.667s] Level 1:colcon.colcon_core.package_identification:_identify(.) by extension 'ignore'
[0.667s] Level 1:colcon.colcon_core.package_identification:_identify(.) by extension 'ignore_ament_install'
[0.667s] Level 1:colcon.colcon_core.package_identification:_identify(.) by extensions ['colcon_pkg']
[0.667s] Level 1:colcon.colcon_core.package_identification:_identify(.) by extension 'colcon_pkg'
[0.667s] Level 1:colcon.colcon_core.package_identification:_identify(.) by extensions ['colcon_meta']
[0.667s] Level 1:colcon.colcon_core.package_identification:_identify(.) by extension 'colcon_meta'
[0.667s] Level 1:colcon.colcon_core.package_identification:_identify(.) by extensions ['ros']
[0.667s] Level 1:colcon.colcon_core.package_identification:_identify(.) by extension 'ros'
[0.675s] Level 1:colcon.colcon_core.package_identification:_identify(.) by extensions ['cmake', 'python']
[0.675s] Level 1:colcon.colcon_core.package_identification:_identify(.) by extension 'cmake'
[0.675s] Level 1:colcon.colcon_core.package_identification:_identify(.) by extension 'python'
[0.675s] Level 1:colcon.colcon_core.package_identification:_identify(.) by extensions ['python_setup_py']
[0.675s] Level 1:colcon.colcon_core.package_identification:_identify(.) by extension 'python_setup_py'
[0.675s] Level 1:colcon.colcon_core.package_identification:_identify(Simulation_2024-03-19_13-54-36) by extensions ['ignore', 'ignore_ament_install']
[0.676s] Level 1:colcon.colcon_core.package_identification:_identify(Simulation_2024-03-19_13-54-36) by extension 'ignore'
[0.676s] Level 1:colcon.colcon_core.package_identification:_identify(Simulation_2024-03-19_13-54-36) by extension 'ignore_ament_install'
[0.676s] Level 1:colcon.colcon_core.package_identification:_identify(Simulation_2024-03-19_13-54-36) by extensions ['colcon_pkg']
[0.676s] Level 1:colcon.colcon_core.package_identification:_identify(Simulation_2024-03-19_13-54-36) by extension 'colcon_pkg'
[0.676s] Level 1:colcon.colcon_core.package_identification:_identify(Simulation_2024-03-19_13-54-36) by extensions ['colcon_meta']
[0.676s] Level 1:colcon.colcon_core.package_identification:_identify(Simulation_2024-03-19_13-54-36) by extension 'colcon_meta'
[0.676s] Level 1:colcon.colcon_core.package_identification:_identify(Simulation_2024-03-19_13-54-36) by extensions ['ros']
[0.676s] Level 1:colcon.colcon_core.package_identification:_identify(Simulation_2024-03-19_13-54-36) by extension 'ros'
[0.676s] Level 1:colcon.colcon_core.package_identification:_identify(Simulation_2024-03-19_13-54-36) by extensions ['cmake', 'python']
[0.676s] Level 1:colcon.colcon_core.package_identification:_identify(Simulation_2024-03-19_13-54-36) by extension 'cmake'
[0.676s] Level 1:colcon.colcon_core.package_identification:_identify(Simulation_2024-03-19_13-54-36) by extension 'python'
[0.676s] Level 1:colcon.colcon_core.package_identification:_identify(Simulation_2024-03-19_13-54-36) by extensions ['python_setup_py']
[0.676s] Level 1:colcon.colcon_core.package_identification:_identify(Simulation_2024-03-19_13-54-36) by extension 'python_setup_py'
[0.676s] Level 1:colcon.colcon_core.package_identification:_identify(Simulation_2024-03-19_14-02-58) by extensions ['ignore', 'ignore_ament_install']
[0.676s] Level 1:colcon.colcon_core.package_identification:_identify(Simulation_2024-03-19_14-02-58) by extension 'ignore'
[0.676s] Level 1:colcon.colcon_core.package_identification:_identify(Simulation_2024-03-19_14-02-58) by extension 'ignore_ament_install'
[0.676s] Level 1:colcon.colcon_core.package_identification:_identify(Simulation_2024-03-19_14-02-58) by extensions ['colcon_pkg']
[0.676s] Level 1:colcon.colcon_core.package_identification:_identify(Simulation_2024-03-19_14-02-58) by extension 'colcon_pkg'
[0.677s] Level 1:colcon.colcon_core.package_identification:_identify(Simulation_2024-03-19_14-02-58) by extensions ['colcon_meta']
[0.677s] Level 1:colcon.colcon_core.package_identification:_identify(Simulation_2024-03-19_14-02-58) by extension 'colcon_meta'
[0.677s] Level 1:colcon.colcon_core.package_identification:_identify(Simulation_2024-03-19_14-02-58) by extensions ['ros']
[0.677s] Level 1:colcon.colcon_core.package_identification:_identify(Simulation_2024-03-19_14-02-58) by extension 'ros'
[0.677s] Level 1:colcon.colcon_core.package_identification:_identify(Simulation_2024-03-19_14-02-58) by extensions ['cmake', 'python']
[0.677s] Level 1:colcon.colcon_core.package_identification:_identify(Simulation_2024-03-19_14-02-58) by extension 'cmake'
[0.677s] Level 1:colcon.colcon_core.package_identification:_identify(Simulation_2024-03-19_14-02-58) by extension 'python'
[0.677s] Level 1:colcon.colcon_core.package_identification:_identify(Simulation_2024-03-19_14-02-58) by extensions ['python_setup_py']
[0.677s] Level 1:colcon.colcon_core.package_identification:_identify(Simulation_2024-03-19_14-02-58) by extension 'python_setup_py'
[0.677s] Level 1:colcon.colcon_core.package_identification:_identify(Simulation_2024-03-19_14-14-00) by extensions ['ignore', 'ignore_ament_install']
[0.677s] Level 1:colcon.colcon_core.package_identification:_identify(Simulation_2024-03-19_14-14-00) by extension 'ignore'
[0.677s] Level 1:colcon.colcon_core.package_identification:_identify(Simulation_2024-03-19_14-14-00) by extension 'ignore_ament_install'
[0.677s] Level 1:colcon.colcon_core.package_identification:_identify(Simulation_2024-03-19_14-14-00) by extensions ['colcon_pkg']
[0.677s] Level 1:colcon.colcon_core.package_identification:_identify(Simulation_2024-03-19_14-14-00) by extension 'colcon_pkg'
[0.677s] Level 1:colcon.colcon_core.package_identification:_identify(Simulation_2024-03-19_14-14-00) by extensions ['colcon_meta']
[0.677s] Level 1:colcon.colcon_core.package_identification:_identify(Simulation_2024-03-19_14-14-00) by extension 'colcon_meta'
[0.677s] Level 1:colcon.colcon_core.package_identification:_identify(Simulation_2024-03-19_14-14-00) by extensions ['ros']
[0.677s] Level 1:colcon.colcon_core.package_identification:_identify(Simulation_2024-03-19_14-14-00) by extension 'ros'
[0.677s] Level 1:colcon.colcon_core.package_identification:_identify(Simulation_2024-03-19_14-14-00) by extensions ['cmake', 'python']
[0.677s] Level 1:colcon.colcon_core.package_identification:_identify(Simulation_2024-03-19_14-14-00) by extension 'cmake'
[0.677s] Level 1:colcon.colcon_core.package_identification:_identify(Simulation_2024-03-19_14-14-00) by extension 'python'
[0.677s] Level 1:colcon.colcon_core.package_identification:_identify(Simulation_2024-03-19_14-14-00) by extensions ['python_setup_py']
[0.678s] Level 1:colcon.colcon_core.package_identification:_identify(Simulation_2024-03-19_14-14-00) by extension 'python_setup_py'
[0.678s] Level 1:colcon.colcon_core.package_identification:_identify(Simulation_2024-03-19_14-16-35) by extensions ['ignore', 'ignore_ament_install']
[0.678s] Level 1:colcon.colcon_core.package_identification:_identify(Simulation_2024-03-19_14-16-35) by extension 'ignore'
[0.678s] Level 1:colcon.colcon_core.package_identification:_identify(Simulation_2024-03-19_14-16-35) by extension 'ignore_ament_install'
[0.678s] Level 1:colcon.colcon_core.package_identification:_identify(Simulation_2024-03-19_14-16-35) by extensions ['colcon_pkg']
[0.678s] Level 1:colcon.colcon_core.package_identification:_identify(Simulation_2024-03-19_14-16-35) by extension 'colcon_pkg'
[0.678s] Level 1:colcon.colcon_core.package_identification:_identify(Simulation_2024-03-19_14-16-35) by extensions ['colcon_meta']
[0.678s] Level 1:colcon.colcon_core.package_identification:_identify(Simulation_2024-03-19_14-16-35) by extension 'colcon_meta'
[0.678s] Level 1:colcon.colcon_core.package_identification:_identify(Simulation_2024-03-19_14-16-35) by extensions ['ros']
[0.678s] Level 1:colcon.colcon_core.package_identification:_identify(Simulation_2024-03-19_14-16-35) by extension 'ros'
[0.678s] Level 1:colcon.colcon_core.package_identification:_identify(Simulation_2024-03-19_14-16-35) by extensions ['cmake', 'python']
[0.678s] Level 1:colcon.colcon_core.package_identification:_identify(Simulation_2024-03-19_14-16-35) by extension 'cmake'
[0.678s] Level 1:colcon.colcon_core.package_identification:_identify(Simulation_2024-03-19_14-16-35) by extension 'python'
[0.678s] Level 1:colcon.colcon_core.package_identification:_identify(Simulation_2024-03-19_14-16-35) by extensions ['python_setup_py']
[0.678s] Level 1:colcon.colcon_core.package_identification:_identify(Simulation_2024-03-19_14-16-35) by extension 'python_setup_py'
[0.678s] Level 1:colcon.colcon_core.package_identification:_identify(a_NO-DELETE-Simulation_2024-02-25_13-50-01) by extensions ['ignore', 'ignore_ament_install']
[0.678s] Level 1:colcon.colcon_core.package_identification:_identify(a_NO-DELETE-Simulation_2024-02-25_13-50-01) by extension 'ignore'
[0.678s] Level 1:colcon.colcon_core.package_identification:_identify(a_NO-DELETE-Simulation_2024-02-25_13-50-01) by extension 'ignore_ament_install'
[0.678s] Level 1:colcon.colcon_core.package_identification:_identify(a_NO-DELETE-Simulation_2024-02-25_13-50-01) by extensions ['colcon_pkg']
[0.678s] Level 1:colcon.colcon_core.package_identification:_identify(a_NO-DELETE-Simulation_2024-02-25_13-50-01) by extension 'colcon_pkg'
[0.679s] Level 1:colcon.colcon_core.package_identification:_identify(a_NO-DELETE-Simulation_2024-02-25_13-50-01) by extensions ['colcon_meta']
[0.679s] Level 1:colcon.colcon_core.package_identification:_identify(a_NO-DELETE-Simulation_2024-02-25_13-50-01) by extension 'colcon_meta'
[0.679s] Level 1:colcon.colcon_core.package_identification:_identify(a_NO-DELETE-Simulation_2024-02-25_13-50-01) by extensions ['ros']
[0.679s] Level 1:colcon.colcon_core.package_identification:_identify(a_NO-DELETE-Simulation_2024-02-25_13-50-01) by extension 'ros'
[0.679s] Level 1:colcon.colcon_core.package_identification:_identify(a_NO-DELETE-Simulation_2024-02-25_13-50-01) by extensions ['cmake', 'python']
[0.679s] Level 1:colcon.colcon_core.package_identification:_identify(a_NO-DELETE-Simulation_2024-02-25_13-50-01) by extension 'cmake'
[0.679s] Level 1:colcon.colcon_core.package_identification:_identify(a_NO-DELETE-Simulation_2024-02-25_13-50-01) by extension 'python'
[0.679s] Level 1:colcon.colcon_core.package_identification:_identify(a_NO-DELETE-Simulation_2024-02-25_13-50-01) by extensions ['python_setup_py']
[0.679s] Level 1:colcon.colcon_core.package_identification:_identify(a_NO-DELETE-Simulation_2024-02-25_13-50-01) by extension 'python_setup_py'
[0.679s] Level 1:colcon.colcon_core.package_identification:_identify(a_NO-DELETE-rosbag2_2024_02_29-14_30_00) by extensions ['ignore', 'ignore_ament_install']
[0.679s] Level 1:colcon.colcon_core.package_identification:_identify(a_NO-DELETE-rosbag2_2024_02_29-14_30_00) by extension 'ignore'
[0.679s] Level 1:colcon.colcon_core.package_identification:_identify(a_NO-DELETE-rosbag2_2024_02_29-14_30_00) by extension 'ignore_ament_install'
[0.679s] Level 1:colcon.colcon_core.package_identification:_identify(a_NO-DELETE-rosbag2_2024_02_29-14_30_00) by extensions ['colcon_pkg']
[0.679s] Level 1:colcon.colcon_core.package_identification:_identify(a_NO-DELETE-rosbag2_2024_02_29-14_30_00) by extension 'colcon_pkg'
[0.679s] Level 1:colcon.colcon_core.package_identification:_identify(a_NO-DELETE-rosbag2_2024_02_29-14_30_00) by extensions ['colcon_meta']
[0.679s] Level 1:colcon.colcon_core.package_identification:_identify(a_NO-DELETE-rosbag2_2024_02_29-14_30_00) by extension 'colcon_meta'
[0.679s] Level 1:colcon.colcon_core.package_identification:_identify(a_NO-DELETE-rosbag2_2024_02_29-14_30_00) by extensions ['ros']
[0.679s] Level 1:colcon.colcon_core.package_identification:_identify(a_NO-DELETE-rosbag2_2024_02_29-14_30_00) by extension 'ros'
[0.679s] Level 1:colcon.colcon_core.package_identification:_identify(a_NO-DELETE-rosbag2_2024_02_29-14_30_00) by extensions ['cmake', 'python']
[0.679s] Level 1:colcon.colcon_core.package_identification:_identify(a_NO-DELETE-rosbag2_2024_02_29-14_30_00) by extension 'cmake'
[0.679s] Level 1:colcon.colcon_core.package_identification:_identify(a_NO-DELETE-rosbag2_2024_02_29-14_30_00) by extension 'python'
[0.679s] Level 1:colcon.colcon_core.package_identification:_identify(a_NO-DELETE-rosbag2_2024_02_29-14_30_00) by extensions ['python_setup_py']
[0.679s] Level 1:colcon.colcon_core.package_identification:_identify(a_NO-DELETE-rosbag2_2024_02_29-14_30_00) by extension 'python_setup_py'
[0.680s] Level 1:colcon.colcon_core.package_identification:_identify(build) by extensions ['ignore', 'ignore_ament_install']
[0.680s] Level 1:colcon.colcon_core.package_identification:_identify(build) by extension 'ignore'
[0.680s] Level 1:colcon.colcon_core.package_identification:_identify(build) ignored
[0.680s] Level 1:colcon.colcon_core.package_identification:_identify(install) by extensions ['ignore', 'ignore_ament_install']
[0.680s] Level 1:colcon.colcon_core.package_identification:_identify(install) by extension 'ignore'
[0.680s] Level 1:colcon.colcon_core.package_identification:_identify(install) ignored
[0.680s] Level 1:colcon.colcon_core.package_identification:_identify(log) by extensions ['ignore', 'ignore_ament_install']
[0.680s] Level 1:colcon.colcon_core.package_identification:_identify(log) by extension 'ignore'
[0.680s] Level 1:colcon.colcon_core.package_identification:_identify(log) ignored
[0.680s] Level 1:colcon.colcon_core.package_identification:_identify(src) by extensions ['ignore', 'ignore_ament_install']
[0.680s] Level 1:colcon.colcon_core.package_identification:_identify(src) by extension 'ignore'
[0.680s] Level 1:colcon.colcon_core.package_identification:_identify(src) by extension 'ignore_ament_install'
[0.680s] Level 1:colcon.colcon_core.package_identification:_identify(src) by extensions ['colcon_pkg']
[0.681s] Level 1:colcon.colcon_core.package_identification:_identify(src) by extension 'colcon_pkg'
[0.681s] Level 1:colcon.colcon_core.package_identification:_identify(src) by extensions ['colcon_meta']
[0.681s] Level 1:colcon.colcon_core.package_identification:_identify(src) by extension 'colcon_meta'
[0.681s] Level 1:colcon.colcon_core.package_identification:_identify(src) by extensions ['ros']
[0.681s] Level 1:colcon.colcon_core.package_identification:_identify(src) by extension 'ros'
[0.681s] Level 1:colcon.colcon_core.package_identification:_identify(src) by extensions ['cmake', 'python']
[0.681s] Level 1:colcon.colcon_core.package_identification:_identify(src) by extension 'cmake'
[0.681s] Level 1:colcon.colcon_core.package_identification:_identify(src) by extension 'python'
[0.681s] Level 1:colcon.colcon_core.package_identification:_identify(src) by extensions ['python_setup_py']
[0.681s] Level 1:colcon.colcon_core.package_identification:_identify(src) by extension 'python_setup_py'
[0.681s] Level 1:colcon.colcon_core.package_identification:_identify(src/estop_button) by extensions ['ignore', 'ignore_ament_install']
[0.681s] Level 1:colcon.colcon_core.package_identification:_identify(src/estop_button) by extension 'ignore'
[0.681s] Level 1:colcon.colcon_core.package_identification:_identify(src/estop_button) by extension 'ignore_ament_install'
[0.681s] Level 1:colcon.colcon_core.package_identification:_identify(src/estop_button) by extensions ['colcon_pkg']
[0.681s] Level 1:colcon.colcon_core.package_identification:_identify(src/estop_button) by extension 'colcon_pkg'
[0.681s] Level 1:colcon.colcon_core.package_identification:_identify(src/estop_button) by extensions ['colcon_meta']
[0.681s] Level 1:colcon.colcon_core.package_identification:_identify(src/estop_button) by extension 'colcon_meta'
[0.681s] Level 1:colcon.colcon_core.package_identification:_identify(src/estop_button) by extensions ['ros']
[0.681s] Level 1:colcon.colcon_core.package_identification:_identify(src/estop_button) by extension 'ros'
[0.683s] DEBUG:colcon.colcon_core.package_identification:Package 'src/estop_button' with type 'ros.ament_python' and name 'estop_button'
[0.683s] Level 1:colcon.colcon_core.package_identification:_identify(src/herding_v1_package) by extensions ['ignore', 'ignore_ament_install']
[0.683s] Level 1:colcon.colcon_core.package_identification:_identify(src/herding_v1_package) by extension 'ignore'
[0.683s] Level 1:colcon.colcon_core.package_identification:_identify(src/herding_v1_package) by extension 'ignore_ament_install'
[0.683s] Level 1:colcon.colcon_core.package_identification:_identify(src/herding_v1_package) by extensions ['colcon_pkg']
[0.683s] Level 1:colcon.colcon_core.package_identification:_identify(src/herding_v1_package) by extension 'colcon_pkg'
[0.683s] Level 1:colcon.colcon_core.package_identification:_identify(src/herding_v1_package) by extensions ['colcon_meta']
[0.684s] Level 1:colcon.colcon_core.package_identification:_identify(src/herding_v1_package) by extension 'colcon_meta'
[0.684s] Level 1:colcon.colcon_core.package_identification:_identify(src/herding_v1_package) by extensions ['ros']
[0.684s] Level 1:colcon.colcon_core.package_identification:_identify(src/herding_v1_package) by extension 'ros'
[0.684s] DEBUG:colcon.colcon_core.package_identification:Package 'src/herding_v1_package' with type 'ros.ament_python' and name 'herding_v1_package'
[0.684s] Level 1:colcon.colcon_core.package_identification:_identify(src/test_herding_pkg) by extensions ['ignore', 'ignore_ament_install']
[0.684s] Level 1:colcon.colcon_core.package_identification:_identify(src/test_herding_pkg) by extension 'ignore'
[0.684s] Level 1:colcon.colcon_core.package_identification:_identify(src/test_herding_pkg) by extension 'ignore_ament_install'
[0.684s] Level 1:colcon.colcon_core.package_identification:_identify(src/test_herding_pkg) by extensions ['colcon_pkg']
[0.684s] Level 1:colcon.colcon_core.package_identification:_identify(src/test_herding_pkg) by extension 'colcon_pkg'
[0.684s] Level 1:colcon.colcon_core.package_identification:_identify(src/test_herding_pkg) by extensions ['colcon_meta']
[0.684s] Level 1:colcon.colcon_core.package_identification:_identify(src/test_herding_pkg) by extension 'colcon_meta'
[0.684s] Level 1:colcon.colcon_core.package_identification:_identify(src/test_herding_pkg) by extensions ['ros']
[0.684s] Level 1:colcon.colcon_core.package_identification:_identify(src/test_herding_pkg) by extension 'ros'
[0.685s] DEBUG:colcon.colcon_core.package_identification:Package 'src/test_herding_pkg' with type 'ros.ament_python' and name 'test_herding_pkg'
[0.685s] Level 1:colcon.colcon_core.package_identification:_identify(src/uf_interfaces) by extensions ['ignore', 'ignore_ament_install']
[0.685s] Level 1:colcon.colcon_core.package_identification:_identify(src/uf_interfaces) by extension 'ignore'
[0.685s] Level 1:colcon.colcon_core.package_identification:_identify(src/uf_interfaces) by extension 'ignore_ament_install'
[0.685s] Level 1:colcon.colcon_core.package_identification:_identify(src/uf_interfaces) by extensions ['colcon_pkg']
[0.685s] Level 1:colcon.colcon_core.package_identification:_identify(src/uf_interfaces) by extension 'colcon_pkg'
[0.685s] Level 1:colcon.colcon_core.package_identification:_identify(src/uf_interfaces) by extensions ['colcon_meta']
[0.685s] Level 1:colcon.colcon_core.package_identification:_identify(src/uf_interfaces) by extension 'colcon_meta'
[0.685s] Level 1:colcon.colcon_core.package_identification:_identify(src/uf_interfaces) by extensions ['ros']
[0.685s] Level 1:colcon.colcon_core.package_identification:_identify(src/uf_interfaces) by extension 'ros'
[0.686s] DEBUG:colcon.colcon_core.package_identification:Package 'src/uf_interfaces' with type 'ros.ament_cmake' and name 'uf_interfaces'
[0.686s] Level 1:colcon.colcon_core.package_identification:_identify(src/vehicle_position_checker) by extensions ['ignore', 'ignore_ament_install']
[0.686s] Level 1:colcon.colcon_core.package_identification:_identify(src/vehicle_position_checker) by extension 'ignore'
[0.686s] Level 1:colcon.colcon_core.package_identification:_identify(src/vehicle_position_checker) by extension 'ignore_ament_install'
[0.686s] Level 1:colcon.colcon_core.package_identification:_identify(src/vehicle_position_checker) by extensions ['colcon_pkg']
[0.686s] Level 1:colcon.colcon_core.package_identification:_identify(src/vehicle_position_checker) by extension 'colcon_pkg'
[0.686s] Level 1:colcon.colcon_core.package_identification:_identify(src/vehicle_position_checker) by extensions ['colcon_meta']
[0.686s] Level 1:colcon.colcon_core.package_identification:_identify(src/vehicle_position_checker) by extension 'colcon_meta'
[0.687s] Level 1:colcon.colcon_core.package_identification:_identify(src/vehicle_position_checker) by extensions ['ros']
[0.687s] Level 1:colcon.colcon_core.package_identification:_identify(src/vehicle_position_checker) by extension 'ros'
[0.687s] DEBUG:colcon.colcon_core.package_identification:Package 'src/vehicle_position_checker' with type 'ros.ament_python' and name 'vehicle_position_checker'
[0.687s] Level 1:colcon.colcon_core.package_identification:_identify(src/wind_speed_package) by extensions ['ignore', 'ignore_ament_install']
[0.687s] Level 1:colcon.colcon_core.package_identification:_identify(src/wind_speed_package) by extension 'ignore'
[0.687s] Level 1:colcon.colcon_core.package_identification:_identify(src/wind_speed_package) by extension 'ignore_ament_install'
[0.687s] Level 1:colcon.colcon_core.package_identification:_identify(src/wind_speed_package) by extensions ['colcon_pkg']
[0.687s] Level 1:colcon.colcon_core.package_identification:_identify(src/wind_speed_package) by extension 'colcon_pkg'
[0.687s] Level 1:colcon.colcon_core.package_identification:_identify(src/wind_speed_package) by extensions ['colcon_meta']
[0.687s] Level 1:colcon.colcon_core.package_identification:_identify(src/wind_speed_package) by extension 'colcon_meta'
[0.687s] Level 1:colcon.colcon_core.package_identification:_identify(src/wind_speed_package) by extensions ['ros']
[0.687s] Level 1:colcon.colcon_core.package_identification:_identify(src/wind_speed_package) by extension 'ros'
[0.688s] DEBUG:colcon.colcon_core.package_identification:Package 'src/wind_speed_package' with type 'ros.ament_python' and name 'wind_speed_package'
[0.688s] Level 1:colcon.colcon_core.package_discovery:discover_packages(recursive) using defaults
[0.688s] Level 1:colcon.colcon_core.package_discovery:discover_packages(ignore) discover
[0.688s] Level 1:colcon.colcon_core.package_discovery:discover_packages(ignore) using defaults
[0.688s] Level 1:colcon.colcon_core.package_discovery:discover_packages(path) discover
[0.688s] Level 1:colcon.colcon_core.package_discovery:discover_packages(path) using defaults
[0.751s] Level 1:colcon.colcon_core.package_discovery:discover_packages(prefix_path) check parameters
[0.751s] Level 1:colcon.colcon_core.package_discovery:discover_packages(prefix_path) discover
[0.771s] DEBUG:colcon.colcon_installed_package_information.package_discovery:Found 6 installed packages in /home/wyatt/git_ros2/ros2_ws/install
[0.780s] DEBUG:colcon.colcon_installed_package_information.package_discovery:Found 280 installed packages in /opt/ros/humble
[0.781s] Level 1:colcon.colcon_core.package_discovery:discover_packages(prefix_path) using defaults
[0.842s] Level 5:colcon.colcon_core.verb:set package 'estop_button' build argument 'cmake_args' from command line to 'None'
[0.842s] Level 5:colcon.colcon_core.verb:set package 'estop_button' build argument 'cmake_target' from command line to 'None'
[0.842s] Level 5:colcon.colcon_core.verb:set package 'estop_button' build argument 'cmake_target_skip_unavailable' from command line to 'False'
[0.842s] Level 5:colcon.colcon_core.verb:set package 'estop_button' build argument 'cmake_clean_cache' from command line to 'False'
[0.842s] Level 5:colcon.colcon_core.verb:set package 'estop_button' build argument 'cmake_clean_first' from command line to 'False'
[0.842s] Level 5:colcon.colcon_core.verb:set package 'estop_button' build argument 'cmake_force_configure' from command line to 'False'
[0.842s] Level 5:colcon.colcon_core.verb:set package 'estop_button' build argument 'ament_cmake_args' from command line to 'None'
[0.842s] Level 5:colcon.colcon_core.verb:set package 'estop_button' build argument 'catkin_cmake_args' from command line to 'None'
[0.842s] Level 5:colcon.colcon_core.verb:set package 'estop_button' build argument 'catkin_skip_building_tests' from command line to 'False'
[0.842s] DEBUG:colcon.colcon_core.verb:Building package 'estop_button' with the following arguments: {'ament_cmake_args': None, 'build_base': '/home/wyatt/git_ros2/ros2_ws/build/estop_button', 'catkin_cmake_args': None, 'catkin_skip_building_tests': False, 'cmake_args': None, 'cmake_clean_cache': False, 'cmake_clean_first': False, 'cmake_force_configure': False, 'cmake_target': None, 'cmake_target_skip_unavailable': False, 'install_base': '/home/wyatt/git_ros2/ros2_ws/install/estop_button', 'merge_install': False, 'path': '/home/wyatt/git_ros2/ros2_ws/src/estop_button', 'symlink_install': False, 'test_result_base': None}
[0.851s] Level 5:colcon.colcon_core.verb:set package 'herding_v1_package' build argument 'cmake_args' from command line to 'None'
[0.851s] Level 5:colcon.colcon_core.verb:set package 'herding_v1_package' build argument 'cmake_target' from command line to 'None'
[0.851s] Level 5:colcon.colcon_core.verb:set package 'herding_v1_package' build argument 'cmake_target_skip_unavailable' from command line to 'False'
[0.851s] Level 5:colcon.colcon_core.verb:set package 'herding_v1_package' build argument 'cmake_clean_cache' from command line to 'False'
[0.851s] Level 5:colcon.colcon_core.verb:set package 'herding_v1_package' build argument 'cmake_clean_first' from command line to 'False'
[0.851s] Level 5:colcon.colcon_core.verb:set package 'herding_v1_package' build argument 'cmake_force_configure' from command line to 'False'
[0.851s] Level 5:colcon.colcon_core.verb:set package 'herding_v1_package' build argument 'ament_cmake_args' from command line to 'None'
[0.851s] Level 5:colcon.colcon_core.verb:set package 'herding_v1_package' build argument 'catkin_cmake_args' from command line to 'None'
[0.851s] Level 5:colcon.colcon_core.verb:set package 'herding_v1_package' build argument 'catkin_skip_building_tests' from command line to 'False'
[0.851s] DEBUG:colcon.colcon_core.verb:Building package 'herding_v1_package' with the following arguments: {'ament_cmake_args': None, 'build_base': '/home/wyatt/git_ros2/ros2_ws/build/herding_v1_package', 'catkin_cmake_args': None, 'catkin_skip_building_tests': False, 'cmake_args': None, 'cmake_clean_cache': False, 'cmake_clean_first': False, 'cmake_force_configure': False, 'cmake_target': None, 'cmake_target_skip_unavailable': False, 'install_base': '/home/wyatt/git_ros2/ros2_ws/install/herding_v1_package', 'merge_install': False, 'path': '/home/wyatt/git_ros2/ros2_ws/src/herding_v1_package', 'symlink_install': False, 'test_result_base': None}
[0.861s] Level 5:colcon.colcon_core.verb:set package 'test_herding_pkg' build argument 'cmake_args' from command line to 'None'
[0.861s] Level 5:colcon.colcon_core.verb:set package 'test_herding_pkg' build argument 'cmake_target' from command line to 'None'
[0.861s] Level 5:colcon.colcon_core.verb:set package 'test_herding_pkg' build argument 'cmake_target_skip_unavailable' from command line to 'False'
[0.861s] Level 5:colcon.colcon_core.verb:set package 'test_herding_pkg' build argument 'cmake_clean_cache' from command line to 'False'
[0.861s] Level 5:colcon.colcon_core.verb:set package 'test_herding_pkg' build argument 'cmake_clean_first' from command line to 'False'
[0.861s] Level 5:colcon.colcon_core.verb:set package 'test_herding_pkg' build argument 'cmake_force_configure' from command line to 'False'
[0.861s] Level 5:colcon.colcon_core.verb:set package 'test_herding_pkg' build argument 'ament_cmake_args' from command line to 'None'
[0.861s] Level 5:colcon.colcon_core.verb:set package 'test_herding_pkg' build argument 'catkin_cmake_args' from command line to 'None'
[0.861s] Level 5:colcon.colcon_core.verb:set package 'test_herding_pkg' build argument 'catkin_skip_building_tests' from command line to 'False'
[0.861s] DEBUG:colcon.colcon_core.verb:Building package 'test_herding_pkg' with the following arguments: {'ament_cmake_args': None, 'build_base': '/home/wyatt/git_ros2/ros2_ws/build/test_herding_pkg', 'catkin_cmake_args': None, 'catkin_skip_building_tests': False, 'cmake_args': None, 'cmake_clean_cache': False, 'cmake_clean_first': False, 'cmake_force_configure': False, 'cmake_target': None, 'cmake_target_skip_unavailable': False, 'install_base': '/home/wyatt/git_ros2/ros2_ws/install/test_herding_pkg', 'merge_install': False, 'path': '/home/wyatt/git_ros2/ros2_ws/src/test_herding_pkg', 'symlink_install': False, 'test_result_base': None}
[0.870s] Level 5:colcon.colcon_core.verb:set package 'uf_interfaces' build argument 'cmake_args' from command line to 'None'
[0.870s] Level 5:colcon.colcon_core.verb:set package 'uf_interfaces' build argument 'cmake_target' from command line to 'None'
[0.870s] Level 5:colcon.colcon_core.verb:set package 'uf_interfaces' build argument 'cmake_target_skip_unavailable' from command line to 'False'
[0.870s] Level 5:colcon.colcon_core.verb:set package 'uf_interfaces' build argument 'cmake_clean_cache' from command line to 'False'
[0.870s] Level 5:colcon.colcon_core.verb:set package 'uf_interfaces' build argument 'cmake_clean_first' from command line to 'False'
[0.870s] Level 5:colcon.colcon_core.verb:set package 'uf_interfaces' build argument 'cmake_force_configure' from command line to 'False'
[0.870s] Level 5:colcon.colcon_core.verb:set package 'uf_interfaces' build argument 'ament_cmake_args' from command line to 'None'
[0.870s] Level 5:colcon.colcon_core.verb:set package 'uf_interfaces' build argument 'catkin_cmake_args' from command line to 'None'
[0.870s] Level 5:colcon.colcon_core.verb:set package 'uf_interfaces' build argument 'catkin_skip_building_tests' from command line to 'False'
[0.870s] DEBUG:colcon.colcon_core.verb:Building package 'uf_interfaces' with the following arguments: {'ament_cmake_args': None, 'build_base': '/home/wyatt/git_ros2/ros2_ws/build/uf_interfaces', 'catkin_cmake_args': None, 'catkin_skip_building_tests': False, 'cmake_args': None, 'cmake_clean_cache': False, 'cmake_clean_first': False, 'cmake_force_configure': False, 'cmake_target': None, 'cmake_target_skip_unavailable': False, 'install_base': '/home/wyatt/git_ros2/ros2_ws/install/uf_interfaces', 'merge_install': False, 'path': '/home/wyatt/git_ros2/ros2_ws/src/uf_interfaces', 'symlink_install': False, 'test_result_base': None}
[0.879s] Level 5:colcon.colcon_core.verb:set package 'vehicle_position_checker' build argument 'cmake_args' from command line to 'None'
[0.879s] Level 5:colcon.colcon_core.verb:set package 'vehicle_position_checker' build argument 'cmake_target' from command line to 'None'
[0.879s] Level 5:colcon.colcon_core.verb:set package 'vehicle_position_checker' build argument 'cmake_target_skip_unavailable' from command line to 'False'
[0.879s] Level 5:colcon.colcon_core.verb:set package 'vehicle_position_checker' build argument 'cmake_clean_cache' from command line to 'False'
[0.879s] Level 5:colcon.colcon_core.verb:set package 'vehicle_position_checker' build argument 'cmake_clean_first' from command line to 'False'
[0.879s] Level 5:colcon.colcon_core.verb:set package 'vehicle_position_checker' build argument 'cmake_force_configure' from command line to 'False'
[0.879s] Level 5:colcon.colcon_core.verb:set package 'vehicle_position_checker' build argument 'ament_cmake_args' from command line to 'None'
[0.879s] Level 5:colcon.colcon_core.verb:set package 'vehicle_position_checker' build argument 'catkin_cmake_args' from command line to 'None'
[0.879s] Level 5:colcon.colcon_core.verb:set package 'vehicle_position_checker' build argument 'catkin_skip_building_tests' from command line to 'False'
[0.879s] DEBUG:colcon.colcon_core.verb:Building package 'vehicle_position_checker' with the following arguments: {'ament_cmake_args': None, 'build_base': '/home/wyatt/git_ros2/ros2_ws/build/vehicle_position_checker', 'catkin_cmake_args': None, 'catkin_skip_building_tests': False, 'cmake_args': None, 'cmake_clean_cache': False, 'cmake_clean_first': False, 'cmake_force_configure': False, 'cmake_target': None, 'cmake_target_skip_unavailable': False, 'install_base': '/home/wyatt/git_ros2/ros2_ws/install/vehicle_position_checker', 'merge_install': False, 'path': '/home/wyatt/git_ros2/ros2_ws/src/vehicle_position_checker', 'symlink_install': False, 'test_result_base': None}
[0.888s] Level 5:colcon.colcon_core.verb:set package 'wind_speed_package' build argument 'cmake_args' from command line to 'None'
[0.888s] Level 5:colcon.colcon_core.verb:set package 'wind_speed_package' build argument 'cmake_target' from command line to 'None'
[0.888s] Level 5:colcon.colcon_core.verb:set package 'wind_speed_package' build argument 'cmake_target_skip_unavailable' from command line to 'False'
[0.888s] Level 5:colcon.colcon_core.verb:set package 'wind_speed_package' build argument 'cmake_clean_cache' from command line to 'False'
[0.888s] Level 5:colcon.colcon_core.verb:set package 'wind_speed_package' build argument 'cmake_clean_first' from command line to 'False'
[0.888s] Level 5:colcon.colcon_core.verb:set package 'wind_speed_package' build argument 'cmake_force_configure' from command line to 'False'
[0.888s] Level 5:colcon.colcon_core.verb:set package 'wind_speed_package' build argument 'ament_cmake_args' from command line to 'None'
[0.888s] Level 5:colcon.colcon_core.verb:set package 'wind_speed_package' build argument 'catkin_cmake_args' from command line to 'None'
[0.888s] Level 5:colcon.colcon_core.verb:set package 'wind_speed_package' build argument 'catkin_skip_building_tests' from command line to 'False'
[0.888s] DEBUG:colcon.colcon_core.verb:Building package 'wind_speed_package' with the following arguments: {'ament_cmake_args': None, 'build_base': '/home/wyatt/git_ros2/ros2_ws/build/wind_speed_package', 'catkin_cmake_args': None, 'catkin_skip_building_tests': False, 'cmake_args': None, 'cmake_clean_cache': False, 'cmake_clean_first': False, 'cmake_force_configure': False, 'cmake_target': None, 'cmake_target_skip_unavailable': False, 'install_base': '/home/wyatt/git_ros2/ros2_ws/install/wind_speed_package', 'merge_install': False, 'path': '/home/wyatt/git_ros2/ros2_ws/src/wind_speed_package', 'symlink_install': False, 'test_result_base': None}
[0.897s] INFO:colcon.colcon_core.executor:Executing jobs using 'parallel' executor
[0.907s] DEBUG:colcon.colcon_parallel_executor.executor.parallel:run_until_complete
[0.907s] INFO:colcon.colcon_ros.task.ament_python.build:Building ROS package in '/home/wyatt/git_ros2/ros2_ws/src/estop_button' with build type 'ament_python'
[0.907s] Level 1:colcon.colcon_core.shell:create_environment_hook('estop_button', 'ament_prefix_path')
[0.920s] INFO:colcon.colcon_core.plugin_system:Skipping extension 'colcon_core.shell.bat': Not used on non-Windows systems
[0.921s] INFO:colcon.colcon_core.shell:Creating environment hook '/home/wyatt/git_ros2/ros2_ws/install/estop_button/share/estop_button/hook/ament_prefix_path.ps1'
[0.921s] INFO:colcon.colcon_core.shell:Creating environment descriptor '/home/wyatt/git_ros2/ros2_ws/install/estop_button/share/estop_button/hook/ament_prefix_path.dsv'
[0.922s] INFO:colcon.colcon_core.shell:Creating environment hook '/home/wyatt/git_ros2/ros2_ws/install/estop_button/share/estop_button/hook/ament_prefix_path.sh'
[0.936s] INFO:colcon.colcon_core.shell:Skip shell extension 'powershell' for command environment: Not usable outside of PowerShell
[0.937s] DEBUG:colcon.colcon_core.shell:Skip shell extension 'dsv' for command environment
[0.977s] INFO:colcon.colcon_ros.task.ament_python.build:Building ROS package in '/home/wyatt/git_ros2/ros2_ws/src/herding_v1_package' with build type 'ament_python'
[0.977s] Level 1:colcon.colcon_core.shell:create_environment_hook('herding_v1_package', 'ament_prefix_path')
[0.988s] INFO:colcon.colcon_core.shell:Creating environment hook '/home/wyatt/git_ros2/ros2_ws/install/herding_v1_package/share/herding_v1_package/hook/ament_prefix_path.ps1'
[0.988s] INFO:colcon.colcon_core.shell:Creating environment descriptor '/home/wyatt/git_ros2/ros2_ws/install/herding_v1_package/share/herding_v1_package/hook/ament_prefix_path.dsv'
[0.989s] INFO:colcon.colcon_core.shell:Creating environment hook '/home/wyatt/git_ros2/ros2_ws/install/herding_v1_package/share/herding_v1_package/hook/ament_prefix_path.sh'
[1.002s] INFO:colcon.colcon_core.shell:Skip shell extension 'powershell' for command environment: Not usable outside of PowerShell
[1.003s] DEBUG:colcon.colcon_core.shell:Skip shell extension 'dsv' for command environment
[1.055s] INFO:colcon.colcon_ros.task.ament_python.build:Building ROS package in '/home/wyatt/git_ros2/ros2_ws/src/test_herding_pkg' with build type 'ament_python'
[1.056s] Level 1:colcon.colcon_core.shell:create_environment_hook('test_herding_pkg', 'ament_prefix_path')
[1.069s] INFO:colcon.colcon_core.shell:Creating environment hook '/home/wyatt/git_ros2/ros2_ws/install/test_herding_pkg/share/test_herding_pkg/hook/ament_prefix_path.ps1'
[1.070s] INFO:colcon.colcon_core.shell:Creating environment descriptor '/home/wyatt/git_ros2/ros2_ws/install/test_herding_pkg/share/test_herding_pkg/hook/ament_prefix_path.dsv'
[1.071s] INFO:colcon.colcon_core.shell:Creating environment hook '/home/wyatt/git_ros2/ros2_ws/install/test_herding_pkg/share/test_herding_pkg/hook/ament_prefix_path.sh'
[1.084s] INFO:colcon.colcon_core.shell:Skip shell extension 'powershell' for command environment: Not usable outside of PowerShell
[1.084s] DEBUG:colcon.colcon_core.shell:Skip shell extension 'dsv' for command environment
[1.117s] INFO:colcon.colcon_ros.task.ament_cmake.build:Building ROS package in '/home/wyatt/git_ros2/ros2_ws/src/uf_interfaces' with build type 'ament_cmake'
[1.117s] INFO:colcon.colcon_cmake.task.cmake.build:Building CMake package in '/home/wyatt/git_ros2/ros2_ws/src/uf_interfaces'
[1.136s] INFO:colcon.colcon_core.shell:Skip shell extension 'powershell' for command environment: Not usable outside of PowerShell
[1.137s] DEBUG:colcon.colcon_core.shell:Skip shell extension 'dsv' for command environment
[1.203s] INFO:colcon.colcon_ros.task.ament_python.build:Building ROS package in '/home/wyatt/git_ros2/ros2_ws/src/vehicle_position_checker' with build type 'ament_python'
[1.203s] Level 1:colcon.colcon_core.shell:create_environment_hook('vehicle_position_checker', 'ament_prefix_path')
[1.213s] INFO:colcon.colcon_core.shell:Creating environment hook '/home/wyatt/git_ros2/ros2_ws/install/vehicle_position_checker/share/vehicle_position_checker/hook/ament_prefix_path.ps1'
[1.214s] INFO:colcon.colcon_core.shell:Creating environment descriptor '/home/wyatt/git_ros2/ros2_ws/install/vehicle_position_checker/share/vehicle_position_checker/hook/ament_prefix_path.dsv'
[1.215s] INFO:colcon.colcon_core.shell:Creating environment hook '/home/wyatt/git_ros2/ros2_ws/install/vehicle_position_checker/share/vehicle_position_checker/hook/ament_prefix_path.sh'
[1.234s] INFO:colcon.colcon_core.shell:Skip shell extension 'powershell' for command environment: Not usable outside of PowerShell
[1.235s] DEBUG:colcon.colcon_core.shell:Skip shell extension 'dsv' for command environment
[1.297s] INFO:colcon.colcon_ros.task.ament_python.build:Building ROS package in '/home/wyatt/git_ros2/ros2_ws/src/wind_speed_package' with build type 'ament_python'
[1.297s] Level 1:colcon.colcon_core.shell:create_environment_hook('wind_speed_package', 'ament_prefix_path')
[1.309s] INFO:colcon.colcon_core.shell:Creating environment hook '/home/wyatt/git_ros2/ros2_ws/install/wind_speed_package/share/wind_speed_package/hook/ament_prefix_path.ps1'
[1.310s] INFO:colcon.colcon_core.shell:Creating environment descriptor '/home/wyatt/git_ros2/ros2_ws/install/wind_speed_package/share/wind_speed_package/hook/ament_prefix_path.dsv'
[1.310s] INFO:colcon.colcon_core.shell:Creating environment hook '/home/wyatt/git_ros2/ros2_ws/install/wind_speed_package/share/wind_speed_package/hook/ament_prefix_path.sh'
[1.329s] INFO:colcon.colcon_core.shell:Skip shell extension 'powershell' for command environment: Not usable outside of PowerShell
[1.329s] DEBUG:colcon.colcon_core.shell:Skip shell extension 'dsv' for command environment
[1.657s] INFO:colcon.colcon_core.task.python.build:Building Python package in '/home/wyatt/git_ros2/ros2_ws/src/estop_button'
[1.669s] INFO:colcon.colcon_core.shell:Skip shell extension 'powershell' for command environment: Not usable outside of PowerShell
[1.669s] DEBUG:colcon.colcon_core.shell:Skip shell extension 'dsv' for command environment
[1.915s] INFO:colcon.colcon_core.task.python.build:Building Python package in '/home/wyatt/git_ros2/ros2_ws/src/herding_v1_package'
[1.925s] INFO:colcon.colcon_core.shell:Skip shell extension 'powershell' for command environment: Not usable outside of PowerShell
[1.925s] DEBUG:colcon.colcon_core.shell:Skip shell extension 'dsv' for command environment
[2.149s] INFO:colcon.colcon_core.task.python.build:Building Python package in '/home/wyatt/git_ros2/ros2_ws/src/test_herding_pkg'
[2.160s] INFO:colcon.colcon_core.shell:Skip shell extension 'powershell' for command environment: Not usable outside of PowerShell
[2.161s] DEBUG:colcon.colcon_core.shell:Skip shell extension 'dsv' for command environment
[2.198s] DEBUG:colcon.colcon_core.event_handler.log_command:Invoking command in '/home/wyatt/git_ros2/ros2_ws/build/uf_interfaces': CMAKE_PREFIX_PATH=${CMAKE_PREFIX_PATH}:/home/wyatt/git_ros2/ros2_ws/install/wind_speed_package:/home/wyatt/git_ros2/ros2_ws/install/vehicle_position_checker:/home/wyatt/git_ros2/ros2_ws/install/test_herding_pkg:/home/wyatt/git_ros2/ros2_ws/install/herding_v1_package:/home/wyatt/git_ros2/ros2_ws/install/estop_button:/opt/ros/humble /usr/bin/cmake --build /home/wyatt/git_ros2/ros2_ws/build/uf_interfaces -- -j8 -l8
[2.425s] INFO:colcon.colcon_core.task.python.build:Building Python package in '/home/wyatt/git_ros2/ros2_ws/src/vehicle_position_checker'
[2.437s] INFO:colcon.colcon_core.shell:Skip shell extension 'powershell' for command environment: Not usable outside of PowerShell
[2.437s] DEBUG:colcon.colcon_core.shell:Skip shell extension 'dsv' for command environment
[2.697s] INFO:colcon.colcon_core.task.python.build:Building Python package in '/home/wyatt/git_ros2/ros2_ws/src/wind_speed_package'
[2.707s] INFO:colcon.colcon_core.shell:Skip shell extension 'powershell' for command environment: Not usable outside of PowerShell
[2.707s] DEBUG:colcon.colcon_core.shell:Skip shell extension 'dsv' for command environment
[2.748s] DEBUG:colcon.colcon_core.event_handler.log_command:Invoked command in '/home/wyatt/git_ros2/ros2_ws/build/uf_interfaces' returned '0': CMAKE_PREFIX_PATH=${CMAKE_PREFIX_PATH}:/home/wyatt/git_ros2/ros2_ws/install/wind_speed_package:/home/wyatt/git_ros2/ros2_ws/install/vehicle_position_checker:/home/wyatt/git_ros2/ros2_ws/install/test_herding_pkg:/home/wyatt/git_ros2/ros2_ws/install/herding_v1_package:/home/wyatt/git_ros2/ros2_ws/install/estop_button:/opt/ros/humble /usr/bin/cmake --build /home/wyatt/git_ros2/ros2_ws/build/uf_interfaces -- -j8 -l8
[3.017s] DEBUG:colcon.colcon_core.event_handler.log_command:Invoking command in '/home/wyatt/git_ros2/ros2_ws/src/herding_v1_package': PYTHONPATH=/home/wyatt/git_ros2/ros2_ws/build/herding_v1_package/prefix_override:/home/wyatt/git_ros2/ros2_ws/install/herding_v1_package/lib/python3.10/site-packages:${PYTHONPATH} /usr/bin/python3 setup.py egg_info --egg-base ../../build/herding_v1_package build --build-base /home/wyatt/git_ros2/ros2_ws/build/herding_v1_package/build install --record /home/wyatt/git_ros2/ros2_ws/build/herding_v1_package/install.log --single-version-externally-managed
[3.074s] DEBUG:colcon.colcon_core.event_handler.log_command:Invoking command in '/home/wyatt/git_ros2/ros2_ws/build/uf_interfaces': CMAKE_PREFIX_PATH=${CMAKE_PREFIX_PATH}:/home/wyatt/git_ros2/ros2_ws/install/wind_speed_package:/home/wyatt/git_ros2/ros2_ws/install/vehicle_position_checker:/home/wyatt/git_ros2/ros2_ws/install/test_herding_pkg:/home/wyatt/git_ros2/ros2_ws/install/herding_v1_package:/home/wyatt/git_ros2/ros2_ws/install/estop_button:/opt/ros/humble /usr/bin/cmake --install /home/wyatt/git_ros2/ros2_ws/build/uf_interfaces
[3.080s] DEBUG:colcon.colcon_core.event_handler.log_command:Invoking command in '/home/wyatt/git_ros2/ros2_ws/src/vehicle_position_checker': PYTHONPATH=/home/wyatt/git_ros2/ros2_ws/build/vehicle_position_checker/prefix_override:/home/wyatt/git_ros2/ros2_ws/install/vehicle_position_checker/lib/python3.10/site-packages:${PYTHONPATH} /usr/bin/python3 setup.py egg_info --egg-base ../../build/vehicle_position_checker build --build-base /home/wyatt/git_ros2/ros2_ws/build/vehicle_position_checker/build install --record /home/wyatt/git_ros2/ros2_ws/build/vehicle_position_checker/install.log --single-version-externally-managed
[3.082s] DEBUG:colcon.colcon_core.event_handler.log_command:Invoking command in '/home/wyatt/git_ros2/ros2_ws/src/wind_speed_package': PYTHONPATH=/home/wyatt/git_ros2/ros2_ws/build/wind_speed_package/prefix_override:/home/wyatt/git_ros2/ros2_ws/install/wind_speed_package/lib/python3.10/site-packages:${PYTHONPATH} /usr/bin/python3 setup.py egg_info --egg-base ../../build/wind_speed_package build --build-base /home/wyatt/git_ros2/ros2_ws/build/wind_speed_package/build install --record /home/wyatt/git_ros2/ros2_ws/build/wind_speed_package/install.log --single-version-externally-managed
[3.119s] DEBUG:colcon.colcon_core.event_handler.log_command:Invoking command in '/home/wyatt/git_ros2/ros2_ws/src/estop_button': PYTHONPATH=/home/wyatt/git_ros2/ros2_ws/build/estop_button/prefix_override:/home/wyatt/git_ros2/ros2_ws/install/estop_button/lib/python3.10/site-packages:${PYTHONPATH} /usr/bin/python3 setup.py egg_info --egg-base ../../build/estop_button build --build-base /home/wyatt/git_ros2/ros2_ws/build/estop_button/build install --record /home/wyatt/git_ros2/ros2_ws/build/estop_button/install.log --single-version-externally-managed
[3.130s] DEBUG:colcon.colcon_core.event_handler.log_command:Invoking command in '/home/wyatt/git_ros2/ros2_ws/src/test_herding_pkg': PYTHONPATH=/home/wyatt/git_ros2/ros2_ws/build/test_herding_pkg/prefix_override:/home/wyatt/git_ros2/ros2_ws/install/test_herding_pkg/lib/python3.10/site-packages:${PYTHONPATH} /usr/bin/python3 setup.py egg_info --egg-base ../../build/test_herding_pkg build --build-base /home/wyatt/git_ros2/ros2_ws/build/test_herding_pkg/build install --record /home/wyatt/git_ros2/ros2_ws/build/test_herding_pkg/install.log --single-version-externally-managed
[3.153s] Level 1:colcon.colcon_core.environment:create_environment_scripts_only(uf_interfaces)
[3.153s] DEBUG:colcon.colcon_core.event_handler.log_command:Invoked command in '/home/wyatt/git_ros2/ros2_ws/build/uf_interfaces' returned '0': CMAKE_PREFIX_PATH=${CMAKE_PREFIX_PATH}:/home/wyatt/git_ros2/ros2_ws/install/wind_speed_package:/home/wyatt/git_ros2/ros2_ws/install/vehicle_position_checker:/home/wyatt/git_ros2/ros2_ws/install/test_herding_pkg:/home/wyatt/git_ros2/ros2_ws/install/herding_v1_package:/home/wyatt/git_ros2/ros2_ws/install/estop_button:/opt/ros/humble /usr/bin/cmake --install /home/wyatt/git_ros2/ros2_ws/build/uf_interfaces
[3.167s] Level 1:colcon.colcon_core.environment:checking '/home/wyatt/git_ros2/ros2_ws/install/uf_interfaces' for CMake module files
[3.168s] Level 1:colcon.colcon_core.environment:checking '/home/wyatt/git_ros2/ros2_ws/install/uf_interfaces' for CMake config files
[3.169s] Level 1:colcon.colcon_core.shell:create_environment_hook('uf_interfaces', 'cmake_prefix_path')
[3.181s] INFO:colcon.colcon_core.shell:Creating environment hook '/home/wyatt/git_ros2/ros2_ws/install/uf_interfaces/share/uf_interfaces/hook/cmake_prefix_path.ps1'
[3.182s] INFO:colcon.colcon_core.shell:Creating environment descriptor '/home/wyatt/git_ros2/ros2_ws/install/uf_interfaces/share/uf_interfaces/hook/cmake_prefix_path.dsv'
[3.182s] INFO:colcon.colcon_core.shell:Creating environment hook '/home/wyatt/git_ros2/ros2_ws/install/uf_interfaces/share/uf_interfaces/hook/cmake_prefix_path.sh'
[3.183s] Level 1:colcon.colcon_core.environment:checking '/home/wyatt/git_ros2/ros2_ws/install/uf_interfaces/lib'
[3.183s] Level 1:colcon.colcon_core.shell:create_environment_hook('uf_interfaces', 'ld_library_path_lib')
[3.194s] INFO:colcon.colcon_core.shell:Creating environment hook '/home/wyatt/git_ros2/ros2_ws/install/uf_interfaces/share/uf_interfaces/hook/ld_library_path_lib.ps1'
[3.195s] INFO:colcon.colcon_core.shell:Creating environment descriptor '/home/wyatt/git_ros2/ros2_ws/install/uf_interfaces/share/uf_interfaces/hook/ld_library_path_lib.dsv'
[3.196s] INFO:colcon.colcon_core.shell:Creating environment hook '/home/wyatt/git_ros2/ros2_ws/install/uf_interfaces/share/uf_interfaces/hook/ld_library_path_lib.sh'
[3.196s] Level 1:colcon.colcon_core.environment:checking '/home/wyatt/git_ros2/ros2_ws/install/uf_interfaces/bin'
[3.196s] Level 1:colcon.colcon_core.environment:checking '/home/wyatt/git_ros2/ros2_ws/install/uf_interfaces/lib/pkgconfig/uf_interfaces.pc'
[3.197s] Level 1:colcon.colcon_core.environment:checking '/home/wyatt/git_ros2/ros2_ws/install/uf_interfaces/lib/python3.10/site-packages'
[3.197s] Level 1:colcon.colcon_core.environment:checking '/home/wyatt/git_ros2/ros2_ws/install/uf_interfaces/bin'
[3.208s] INFO:colcon.colcon_core.shell:Creating package script '/home/wyatt/git_ros2/ros2_ws/install/uf_interfaces/share/uf_interfaces/package.ps1'
[3.209s] INFO:colcon.colcon_core.shell:Creating package descriptor '/home/wyatt/git_ros2/ros2_ws/install/uf_interfaces/share/uf_interfaces/package.dsv'
[3.209s] INFO:colcon.colcon_core.shell:Creating package script '/home/wyatt/git_ros2/ros2_ws/install/uf_interfaces/share/uf_interfaces/package.sh'
[3.210s] INFO:colcon.colcon_core.shell:Creating package script '/home/wyatt/git_ros2/ros2_ws/install/uf_interfaces/share/uf_interfaces/package.bash'
[3.211s] INFO:colcon.colcon_core.shell:Creating package script '/home/wyatt/git_ros2/ros2_ws/install/uf_interfaces/share/uf_interfaces/package.zsh'
[3.211s] Level 1:colcon.colcon_core.environment:create_file_with_runtime_dependencies(/home/wyatt/git_ros2/ros2_ws/install/uf_interfaces/share/colcon-core/packages/uf_interfaces)
[3.345s] DEBUG:colcon.colcon_core.event_handler.log_command:Invoked command in '/home/wyatt/git_ros2/ros2_ws/src/herding_v1_package' returned '0': PYTHONPATH=/home/wyatt/git_ros2/ros2_ws/build/herding_v1_package/prefix_override:/home/wyatt/git_ros2/ros2_ws/install/herding_v1_package/lib/python3.10/site-packages:${PYTHONPATH} /usr/bin/python3 setup.py egg_info --egg-base ../../build/herding_v1_package build --build-base /home/wyatt/git_ros2/ros2_ws/build/herding_v1_package/build install --record /home/wyatt/git_ros2/ros2_ws/build/herding_v1_package/install.log --single-version-externally-managed
[3.364s] Level 1:colcon.colcon_core.environment:checking '/home/wyatt/git_ros2/ros2_ws/install/herding_v1_package' for CMake module files
[3.365s] Level 1:colcon.colcon_core.environment:checking '/home/wyatt/git_ros2/ros2_ws/install/herding_v1_package' for CMake config files
[3.366s] Level 1:colcon.colcon_core.environment:checking '/home/wyatt/git_ros2/ros2_ws/install/herding_v1_package/lib'
[3.367s] Level 1:colcon.colcon_core.environment:checking '/home/wyatt/git_ros2/ros2_ws/install/herding_v1_package/bin'
[3.367s] Level 1:colcon.colcon_core.environment:checking '/home/wyatt/git_ros2/ros2_ws/install/herding_v1_package/lib/pkgconfig/herding_v1_package.pc'
[3.367s] Level 1:colcon.colcon_core.environment:checking '/home/wyatt/git_ros2/ros2_ws/install/herding_v1_package/lib/python3.10/site-packages'
[3.368s] Level 1:colcon.colcon_core.shell:create_environment_hook('herding_v1_package', 'pythonpath')
[3.389s] INFO:colcon.colcon_core.shell:Creating environment hook '/home/wyatt/git_ros2/ros2_ws/install/herding_v1_package/share/herding_v1_package/hook/pythonpath.ps1'
[3.390s] INFO:colcon.colcon_core.shell:Creating environment descriptor '/home/wyatt/git_ros2/ros2_ws/install/herding_v1_package/share/herding_v1_package/hook/pythonpath.dsv'
[3.391s] INFO:colcon.colcon_core.shell:Creating environment hook '/home/wyatt/git_ros2/ros2_ws/install/herding_v1_package/share/herding_v1_package/hook/pythonpath.sh'
[3.392s] Level 1:colcon.colcon_core.environment:checking '/home/wyatt/git_ros2/ros2_ws/install/herding_v1_package/bin'
[3.392s] Level 1:colcon.colcon_core.environment:create_environment_scripts_only(herding_v1_package)
[3.411s] INFO:colcon.colcon_core.shell:Creating package script '/home/wyatt/git_ros2/ros2_ws/install/herding_v1_package/share/herding_v1_package/package.ps1'
[3.414s] INFO:colcon.colcon_core.shell:Creating package descriptor '/home/wyatt/git_ros2/ros2_ws/install/herding_v1_package/share/herding_v1_package/package.dsv'
[3.415s] INFO:colcon.colcon_core.shell:Creating package script '/home/wyatt/git_ros2/ros2_ws/install/herding_v1_package/share/herding_v1_package/package.sh'
[3.415s] INFO:colcon.colcon_core.shell:Creating package script '/home/wyatt/git_ros2/ros2_ws/install/herding_v1_package/share/herding_v1_package/package.bash'
[3.415s] INFO:colcon.colcon_core.shell:Creating package script '/home/wyatt/git_ros2/ros2_ws/install/herding_v1_package/share/herding_v1_package/package.zsh'
[3.416s] Level 1:colcon.colcon_core.environment:create_file_with_runtime_dependencies(/home/wyatt/git_ros2/ros2_ws/install/herding_v1_package/share/colcon-core/packages/herding_v1_package)
[3.420s] DEBUG:colcon.colcon_core.event_handler.log_command:Invoked command in '/home/wyatt/git_ros2/ros2_ws/src/wind_speed_package' returned '0': PYTHONPATH=/home/wyatt/git_ros2/ros2_ws/build/wind_speed_package/prefix_override:/home/wyatt/git_ros2/ros2_ws/install/wind_speed_package/lib/python3.10/site-packages:${PYTHONPATH} /usr/bin/python3 setup.py egg_info --egg-base ../../build/wind_speed_package build --build-base /home/wyatt/git_ros2/ros2_ws/build/wind_speed_package/build install --record /home/wyatt/git_ros2/ros2_ws/build/wind_speed_package/install.log --single-version-externally-managed
[3.430s] Level 1:colcon.colcon_core.environment:checking '/home/wyatt/git_ros2/ros2_ws/install/wind_speed_package' for CMake module files
[3.431s] Level 1:colcon.colcon_core.environment:checking '/home/wyatt/git_ros2/ros2_ws/install/wind_speed_package' for CMake config files
[3.431s] Level 1:colcon.colcon_core.environment:checking '/home/wyatt/git_ros2/ros2_ws/install/wind_speed_package/lib'
[3.432s] Level 1:colcon.colcon_core.environment:checking '/home/wyatt/git_ros2/ros2_ws/install/wind_speed_package/bin'
[3.432s] Level 1:colcon.colcon_core.environment:checking '/home/wyatt/git_ros2/ros2_ws/install/wind_speed_package/lib/pkgconfig/wind_speed_package.pc'
[3.432s] Level 1:colcon.colcon_core.environment:checking '/home/wyatt/git_ros2/ros2_ws/install/wind_speed_package/lib/python3.10/site-packages'
[3.432s] Level 1:colcon.colcon_core.shell:create_environment_hook('wind_speed_package', 'pythonpath')
[3.446s] INFO:colcon.colcon_core.shell:Creating environment hook '/home/wyatt/git_ros2/ros2_ws/install/wind_speed_package/share/wind_speed_package/hook/pythonpath.ps1'
[3.447s] INFO:colcon.colcon_core.shell:Creating environment descriptor '/home/wyatt/git_ros2/ros2_ws/install/wind_speed_package/share/wind_speed_package/hook/pythonpath.dsv'
[3.448s] INFO:colcon.colcon_core.shell:Creating environment hook '/home/wyatt/git_ros2/ros2_ws/install/wind_speed_package/share/wind_speed_package/hook/pythonpath.sh'
[3.449s] Level 1:colcon.colcon_core.environment:checking '/home/wyatt/git_ros2/ros2_ws/install/wind_speed_package/bin'
[3.450s] Level 1:colcon.colcon_core.environment:create_environment_scripts_only(wind_speed_package)
[3.462s] INFO:colcon.colcon_core.shell:Creating package script '/home/wyatt/git_ros2/ros2_ws/install/wind_speed_package/share/wind_speed_package/package.ps1'
[3.463s] INFO:colcon.colcon_core.shell:Creating package descriptor '/home/wyatt/git_ros2/ros2_ws/install/wind_speed_package/share/wind_speed_package/package.dsv'
[3.463s] INFO:colcon.colcon_core.shell:Creating package script '/home/wyatt/git_ros2/ros2_ws/install/wind_speed_package/share/wind_speed_package/package.sh'
[3.464s] INFO:colcon.colcon_core.shell:Creating package script '/home/wyatt/git_ros2/ros2_ws/install/wind_speed_package/share/wind_speed_package/package.bash'
[3.464s] INFO:colcon.colcon_core.shell:Creating package script '/home/wyatt/git_ros2/ros2_ws/install/wind_speed_package/share/wind_speed_package/package.zsh'
[3.465s] Level 1:colcon.colcon_core.environment:create_file_with_runtime_dependencies(/home/wyatt/git_ros2/ros2_ws/install/wind_speed_package/share/colcon-core/packages/wind_speed_package)
[3.468s] DEBUG:colcon.colcon_core.event_handler.log_command:Invoked command in '/home/wyatt/git_ros2/ros2_ws/src/test_herding_pkg' returned '0': PYTHONPATH=/home/wyatt/git_ros2/ros2_ws/build/test_herding_pkg/prefix_override:/home/wyatt/git_ros2/ros2_ws/install/test_herding_pkg/lib/python3.10/site-packages:${PYTHONPATH} /usr/bin/python3 setup.py egg_info --egg-base ../../build/test_herding_pkg build --build-base /home/wyatt/git_ros2/ros2_ws/build/test_herding_pkg/build install --record /home/wyatt/git_ros2/ros2_ws/build/test_herding_pkg/install.log --single-version-externally-managed
[3.482s] Level 1:colcon.colcon_core.environment:checking '/home/wyatt/git_ros2/ros2_ws/install/test_herding_pkg' for CMake module files
[3.483s] Level 1:colcon.colcon_core.environment:checking '/home/wyatt/git_ros2/ros2_ws/install/test_herding_pkg' for CMake config files
[3.484s] Level 1:colcon.colcon_core.environment:checking '/home/wyatt/git_ros2/ros2_ws/install/test_herding_pkg/lib'
[3.484s] Level 1:colcon.colcon_core.environment:checking '/home/wyatt/git_ros2/ros2_ws/install/test_herding_pkg/bin'
[3.484s] Level 1:colcon.colcon_core.environment:checking '/home/wyatt/git_ros2/ros2_ws/install/test_herding_pkg/lib/pkgconfig/test_herding_pkg.pc'
[3.484s] Level 1:colcon.colcon_core.environment:checking '/home/wyatt/git_ros2/ros2_ws/install/test_herding_pkg/lib/python3.10/site-packages'
[3.484s] Level 1:colcon.colcon_core.shell:create_environment_hook('test_herding_pkg', 'pythonpath')
[3.495s] INFO:colcon.colcon_core.shell:Creating environment hook '/home/wyatt/git_ros2/ros2_ws/install/test_herding_pkg/share/test_herding_pkg/hook/pythonpath.ps1'
[3.496s] INFO:colcon.colcon_core.shell:Creating environment descriptor '/home/wyatt/git_ros2/ros2_ws/install/test_herding_pkg/share/test_herding_pkg/hook/pythonpath.dsv'
[3.496s] INFO:colcon.colcon_core.shell:Creating environment hook '/home/wyatt/git_ros2/ros2_ws/install/test_herding_pkg/share/test_herding_pkg/hook/pythonpath.sh'
[3.497s] Level 1:colcon.colcon_core.environment:checking '/home/wyatt/git_ros2/ros2_ws/install/test_herding_pkg/bin'
[3.497s] Level 1:colcon.colcon_core.environment:create_environment_scripts_only(test_herding_pkg)
[3.512s] INFO:colcon.colcon_core.shell:Creating package script '/home/wyatt/git_ros2/ros2_ws/install/test_herding_pkg/share/test_herding_pkg/package.ps1'
[3.513s] INFO:colcon.colcon_core.shell:Creating package descriptor '/home/wyatt/git_ros2/ros2_ws/install/test_herding_pkg/share/test_herding_pkg/package.dsv'
[3.513s] INFO:colcon.colcon_core.shell:Creating package script '/home/wyatt/git_ros2/ros2_ws/install/test_herding_pkg/share/test_herding_pkg/package.sh'
[3.514s] INFO:colcon.colcon_core.shell:Creating package script '/home/wyatt/git_ros2/ros2_ws/install/test_herding_pkg/share/test_herding_pkg/package.bash'
[3.514s] INFO:colcon.colcon_core.shell:Creating package script '/home/wyatt/git_ros2/ros2_ws/install/test_herding_pkg/share/test_herding_pkg/package.zsh'
[3.514s] Level 1:colcon.colcon_core.environment:create_file_with_runtime_dependencies(/home/wyatt/git_ros2/ros2_ws/install/test_herding_pkg/share/colcon-core/packages/test_herding_pkg)
[3.517s] DEBUG:colcon.colcon_core.event_handler.log_command:Invoked command in '/home/wyatt/git_ros2/ros2_ws/src/vehicle_position_checker' returned '0': PYTHONPATH=/home/wyatt/git_ros2/ros2_ws/build/vehicle_position_checker/prefix_override:/home/wyatt/git_ros2/ros2_ws/install/vehicle_position_checker/lib/python3.10/site-packages:${PYTHONPATH} /usr/bin/python3 setup.py egg_info --egg-base ../../build/vehicle_position_checker build --build-base /home/wyatt/git_ros2/ros2_ws/build/vehicle_position_checker/build install --record /home/wyatt/git_ros2/ros2_ws/build/vehicle_position_checker/install.log --single-version-externally-managed
[3.531s] Level 1:colcon.colcon_core.environment:checking '/home/wyatt/git_ros2/ros2_ws/install/vehicle_position_checker' for CMake module files
[3.532s] Level 1:colcon.colcon_core.environment:checking '/home/wyatt/git_ros2/ros2_ws/install/vehicle_position_checker' for CMake config files
[3.532s] Level 1:colcon.colcon_core.environment:checking '/home/wyatt/git_ros2/ros2_ws/install/vehicle_position_checker/lib'
[3.532s] Level 1:colcon.colcon_core.environment:checking '/home/wyatt/git_ros2/ros2_ws/install/vehicle_position_checker/bin'
[3.532s] Level 1:colcon.colcon_core.environment:checking '/home/wyatt/git_ros2/ros2_ws/install/vehicle_position_checker/lib/pkgconfig/vehicle_position_checker.pc'
[3.533s] Level 1:colcon.colcon_core.environment:checking '/home/wyatt/git_ros2/ros2_ws/install/vehicle_position_checker/lib/python3.10/site-packages'
[3.533s] Level 1:colcon.colcon_core.shell:create_environment_hook('vehicle_position_checker', 'pythonpath')
[3.552s] INFO:colcon.colcon_core.shell:Creating environment hook '/home/wyatt/git_ros2/ros2_ws/install/vehicle_position_checker/share/vehicle_position_checker/hook/pythonpath.ps1'
[3.553s] INFO:colcon.colcon_core.shell:Creating environment descriptor '/home/wyatt/git_ros2/ros2_ws/install/vehicle_position_checker/share/vehicle_position_checker/hook/pythonpath.dsv'
[3.554s] INFO:colcon.colcon_core.shell:Creating environment hook '/home/wyatt/git_ros2/ros2_ws/install/vehicle_position_checker/share/vehicle_position_checker/hook/pythonpath.sh'
[3.555s] Level 1:colcon.colcon_core.environment:checking '/home/wyatt/git_ros2/ros2_ws/install/vehicle_position_checker/bin'
[3.555s] Level 1:colcon.colcon_core.environment:create_environment_scripts_only(vehicle_position_checker)
[3.565s] INFO:colcon.colcon_core.shell:Creating package script '/home/wyatt/git_ros2/ros2_ws/install/vehicle_position_checker/share/vehicle_position_checker/package.ps1'
[3.567s] INFO:colcon.colcon_core.shell:Creating package descriptor '/home/wyatt/git_ros2/ros2_ws/install/vehicle_position_checker/share/vehicle_position_checker/package.dsv'
[3.568s] INFO:colcon.colcon_core.shell:Creating package script '/home/wyatt/git_ros2/ros2_ws/install/vehicle_position_checker/share/vehicle_position_checker/package.sh'
[3.569s] INFO:colcon.colcon_core.shell:Creating package script '/home/wyatt/git_ros2/ros2_ws/install/vehicle_position_checker/share/vehicle_position_checker/package.bash'
[3.569s] INFO:colcon.colcon_core.shell:Creating package script '/home/wyatt/git_ros2/ros2_ws/install/vehicle_position_checker/share/vehicle_position_checker/package.zsh'
[3.570s] Level 1:colcon.colcon_core.environment:create_file_with_runtime_dependencies(/home/wyatt/git_ros2/ros2_ws/install/vehicle_position_checker/share/colcon-core/packages/vehicle_position_checker)
[3.587s] Level 1:colcon.colcon_core.environment:create_environment_scripts_only(uf_interfaces)
[3.604s] Level 1:colcon.colcon_core.environment:checking '/home/wyatt/git_ros2/ros2_ws/install/uf_interfaces' for CMake module files
[3.605s] Level 1:colcon.colcon_core.environment:checking '/home/wyatt/git_ros2/ros2_ws/install/uf_interfaces' for CMake config files
[3.605s] Level 1:colcon.colcon_core.shell:create_environment_hook('uf_interfaces', 'cmake_prefix_path')
[3.622s] INFO:colcon.colcon_core.shell:Creating environment hook '/home/wyatt/git_ros2/ros2_ws/install/uf_interfaces/share/uf_interfaces/hook/cmake_prefix_path.ps1'
[3.624s] INFO:colcon.colcon_core.shell:Creating environment descriptor '/home/wyatt/git_ros2/ros2_ws/install/uf_interfaces/share/uf_interfaces/hook/cmake_prefix_path.dsv'
[3.625s] INFO:colcon.colcon_core.shell:Creating environment hook '/home/wyatt/git_ros2/ros2_ws/install/uf_interfaces/share/uf_interfaces/hook/cmake_prefix_path.sh'
[3.627s] Level 1:colcon.colcon_core.environment:checking '/home/wyatt/git_ros2/ros2_ws/install/uf_interfaces/lib'
[3.627s] Level 1:colcon.colcon_core.shell:create_environment_hook('uf_interfaces', 'ld_library_path_lib')
[3.643s] INFO:colcon.colcon_core.shell:Creating environment hook '/home/wyatt/git_ros2/ros2_ws/install/uf_interfaces/share/uf_interfaces/hook/ld_library_path_lib.ps1'
[3.644s] INFO:colcon.colcon_core.shell:Creating environment descriptor '/home/wyatt/git_ros2/ros2_ws/install/uf_interfaces/share/uf_interfaces/hook/ld_library_path_lib.dsv'
[3.644s] INFO:colcon.colcon_core.shell:Creating environment hook '/home/wyatt/git_ros2/ros2_ws/install/uf_interfaces/share/uf_interfaces/hook/ld_library_path_lib.sh'
[3.645s] Level 1:colcon.colcon_core.environment:checking '/home/wyatt/git_ros2/ros2_ws/install/uf_interfaces/bin'
[3.645s] Level 1:colcon.colcon_core.environment:checking '/home/wyatt/git_ros2/ros2_ws/install/uf_interfaces/lib/pkgconfig/uf_interfaces.pc'
[3.646s] Level 1:colcon.colcon_core.environment:checking '/home/wyatt/git_ros2/ros2_ws/install/uf_interfaces/lib/python3.10/site-packages'
[3.646s] Level 1:colcon.colcon_core.environment:checking '/home/wyatt/git_ros2/ros2_ws/install/uf_interfaces/bin'
[3.665s] INFO:colcon.colcon_core.shell:Creating package script '/home/wyatt/git_ros2/ros2_ws/install/uf_interfaces/share/uf_interfaces/package.ps1'
[3.666s] INFO:colcon.colcon_core.shell:Creating package descriptor '/home/wyatt/git_ros2/ros2_ws/install/uf_interfaces/share/uf_interfaces/package.dsv'
[3.666s] INFO:colcon.colcon_core.shell:Creating package script '/home/wyatt/git_ros2/ros2_ws/install/uf_interfaces/share/uf_interfaces/package.sh'
[3.667s] INFO:colcon.colcon_core.shell:Creating package script '/home/wyatt/git_ros2/ros2_ws/install/uf_interfaces/share/uf_interfaces/package.bash'
[3.667s] INFO:colcon.colcon_core.shell:Creating package script '/home/wyatt/git_ros2/ros2_ws/install/uf_interfaces/share/uf_interfaces/package.zsh'
[3.668s] Level 1:colcon.colcon_core.environment:create_file_with_runtime_dependencies(/home/wyatt/git_ros2/ros2_ws/install/uf_interfaces/share/colcon-core/packages/uf_interfaces)
[3.670s] DEBUG:colcon.colcon_core.event_handler.log_command:Invoked command in '/home/wyatt/git_ros2/ros2_ws/src/estop_button' returned '0': PYTHONPATH=/home/wyatt/git_ros2/ros2_ws/build/estop_button/prefix_override:/home/wyatt/git_ros2/ros2_ws/install/estop_button/lib/python3.10/site-packages:${PYTHONPATH} /usr/bin/python3 setup.py egg_info --egg-base ../../build/estop_button build --build-base /home/wyatt/git_ros2/ros2_ws/build/estop_button/build install --record /home/wyatt/git_ros2/ros2_ws/build/estop_button/install.log --single-version-externally-managed
[3.681s] Level 1:colcon.colcon_core.environment:checking '/home/wyatt/git_ros2/ros2_ws/install/estop_button' for CMake module files
[3.681s] Level 1:colcon.colcon_core.environment:checking '/home/wyatt/git_ros2/ros2_ws/install/estop_button' for CMake config files
[3.681s] Level 1:colcon.colcon_core.environment:checking '/home/wyatt/git_ros2/ros2_ws/install/estop_button/lib'
[3.682s] Level 1:colcon.colcon_core.environment:checking '/home/wyatt/git_ros2/ros2_ws/install/estop_button/bin'
[3.682s] Level 1:colcon.colcon_core.environment:checking '/home/wyatt/git_ros2/ros2_ws/install/estop_button/lib/pkgconfig/estop_button.pc'
[3.682s] Level 1:colcon.colcon_core.environment:checking '/home/wyatt/git_ros2/ros2_ws/install/estop_button/lib/python3.10/site-packages'
[3.682s] Level 1:colcon.colcon_core.shell:create_environment_hook('estop_button', 'pythonpath')
[3.695s] INFO:colcon.colcon_core.shell:Creating environment hook '/home/wyatt/git_ros2/ros2_ws/install/estop_button/share/estop_button/hook/pythonpath.ps1'
[3.698s] INFO:colcon.colcon_core.shell:Creating environment descriptor '/home/wyatt/git_ros2/ros2_ws/install/estop_button/share/estop_button/hook/pythonpath.dsv'
[3.699s] INFO:colcon.colcon_core.shell:Creating environment hook '/home/wyatt/git_ros2/ros2_ws/install/estop_button/share/estop_button/hook/pythonpath.sh'
[3.700s] Level 1:colcon.colcon_core.environment:checking '/home/wyatt/git_ros2/ros2_ws/install/estop_button/bin'
[3.701s] Level 1:colcon.colcon_core.environment:create_environment_scripts_only(estop_button)
[3.718s] INFO:colcon.colcon_core.shell:Creating package script '/home/wyatt/git_ros2/ros2_ws/install/estop_button/share/estop_button/package.ps1'
[3.719s] INFO:colcon.colcon_core.shell:Creating package descriptor '/home/wyatt/git_ros2/ros2_ws/install/estop_button/share/estop_button/package.dsv'
[3.720s] INFO:colcon.colcon_core.shell:Creating package script '/home/wyatt/git_ros2/ros2_ws/install/estop_button/share/estop_button/package.sh'
[3.721s] INFO:colcon.colcon_core.shell:Creating package script '/home/wyatt/git_ros2/ros2_ws/install/estop_button/share/estop_button/package.bash'
[3.721s] INFO:colcon.colcon_core.shell:Creating package script '/home/wyatt/git_ros2/ros2_ws/install/estop_button/share/estop_button/package.zsh'
[3.722s] Level 1:colcon.colcon_core.environment:create_file_with_runtime_dependencies(/home/wyatt/git_ros2/ros2_ws/install/estop_button/share/colcon-core/packages/estop_button)
[3.723s] DEBUG:colcon.colcon_parallel_executor.executor.parallel:closing loop
[3.723s] DEBUG:colcon.colcon_parallel_executor.executor.parallel:loop closed
[3.723s] DEBUG:colcon.colcon_parallel_executor.executor.parallel:run_until_complete finished with '0'
[3.724s] DEBUG:colcon.colcon_core.event_reactor:joining thread
[3.742s] INFO:colcon.colcon_core.plugin_system:Skipping extension 'colcon_notification.desktop_notification.terminal_notifier': Not used on non-Darwin systems
[3.743s] INFO:colcon.colcon_core.plugin_system:Skipping extension 'colcon_notification.desktop_notification.win32': Not used on non-Windows systems
[3.743s] INFO:colcon.colcon_notification.desktop_notification:Sending desktop notification using 'notify2'
[3.762s] DEBUG:colcon.colcon_core.event_reactor:joined thread
[3.773s] INFO:colcon.colcon_core.shell:Creating prefix script '/home/wyatt/git_ros2/ros2_ws/install/local_setup.ps1'
[3.774s] INFO:colcon.colcon_core.shell:Creating prefix util module '/home/wyatt/git_ros2/ros2_ws/install/_local_setup_util_ps1.py'
[3.775s] INFO:colcon.colcon_core.shell:Creating prefix chain script '/home/wyatt/git_ros2/ros2_ws/install/setup.ps1'
[3.795s] INFO:colcon.colcon_core.shell:Creating prefix script '/home/wyatt/git_ros2/ros2_ws/install/local_setup.sh'
[3.796s] INFO:colcon.colcon_core.shell:Creating prefix util module '/home/wyatt/git_ros2/ros2_ws/install/_local_setup_util_sh.py'
[3.796s] INFO:colcon.colcon_core.shell:Creating prefix chain script '/home/wyatt/git_ros2/ros2_ws/install/setup.sh'
[3.813s] INFO:colcon.colcon_core.shell:Creating prefix script '/home/wyatt/git_ros2/ros2_ws/install/local_setup.bash'
[3.813s] INFO:colcon.colcon_core.shell:Creating prefix chain script '/home/wyatt/git_ros2/ros2_ws/install/setup.bash'
[3.827s] INFO:colcon.colcon_core.shell:Creating prefix script '/home/wyatt/git_ros2/ros2_ws/install/local_setup.zsh'
[3.829s] INFO:colcon.colcon_core.shell:Creating prefix chain script '/home/wyatt/git_ros2/ros2_ws/install/setup.zsh'
