running egg_info
creating ../../build/herding_control/herding_control.egg-info
writing ../../build/herding_control/herding_control.egg-info/PKG-INFO
writing dependency_links to ../../build/herding_control/herding_control.egg-info/dependency_links.txt
writing entry points to ../../build/herding_control/herding_control.egg-info/entry_points.txt
writing requirements to ../../build/herding_control/herding_control.egg-info/requires.txt
writing top-level names to ../../build/herding_control/herding_control.egg-info/top_level.txt
writing manifest file '../../build/herding_control/herding_control.egg-info/SOURCES.txt'
reading manifest file '../../build/herding_control/herding_control.egg-info/SOURCES.txt'
writing manifest file '../../build/herding_control/herding_control.egg-info/SOURCES.txt'
running build
running build_py
creating /home/wyatt/ros2_ws/build/herding_control/build
creating /home/wyatt/ros2_ws/build/herding_control/build/lib
creating /home/wyatt/ros2_ws/build/herding_control/build/lib/herding_control
copying herding_control/herding_agent_node.py -> /home/wyatt/ros2_ws/build/herding_control/build/lib/herding_control
copying herding_control/__init__.py -> /home/wyatt/ros2_ws/build/herding_control/build/lib/herding_control
copying herding_control/herding_target_node.py -> /home/wyatt/ros2_ws/build/herding_control/build/lib/herding_control
running install
running install_lib
creating /home/wyatt/ros2_ws/install/herding_control/lib/python3.10/site-packages/herding_control
copying /home/wyatt/ros2_ws/build/herding_control/build/lib/herding_control/herding_agent_node.py -> /home/wyatt/ros2_ws/install/herding_control/lib/python3.10/site-packages/herding_control
copying /home/wyatt/ros2_ws/build/herding_control/build/lib/herding_control/__init__.py -> /home/wyatt/ros2_ws/install/herding_control/lib/python3.10/site-packages/herding_control
copying /home/wyatt/ros2_ws/build/herding_control/build/lib/herding_control/herding_target_node.py -> /home/wyatt/ros2_ws/install/herding_control/lib/python3.10/site-packages/herding_control
byte-compiling /home/wyatt/ros2_ws/install/herding_control/lib/python3.10/site-packages/herding_control/herding_agent_node.py to herding_agent_node.cpython-310.pyc
byte-compiling /home/wyatt/ros2_ws/install/herding_control/lib/python3.10/site-packages/herding_control/__init__.py to __init__.cpython-310.pyc
byte-compiling /home/wyatt/ros2_ws/install/herding_control/lib/python3.10/site-packages/herding_control/herding_target_node.py to herding_target_node.cpython-310.pyc
running install_data
creating /home/wyatt/ros2_ws/install/herding_control/share/ament_index
creating /home/wyatt/ros2_ws/install/herding_control/share/ament_index/resource_index
creating /home/wyatt/ros2_ws/install/herding_control/share/ament_index/resource_index/packages
copying resource/herding_control -> /home/wyatt/ros2_ws/install/herding_control/share/ament_index/resource_index/packages
copying package.xml -> /home/wyatt/ros2_ws/install/herding_control/share/herding_control
creating /home/wyatt/ros2_ws/install/herding_control/share/herding_control/launch
copying launch/herding_sim_rviz_launch.py -> /home/wyatt/ros2_ws/install/herding_control/share/herding_control/launch
copying launch/herding_sim_launch.py -> /home/wyatt/ros2_ws/install/herding_control/share/herding_control/launch
running install_egg_info
Copying ../../build/herding_control/herding_control.egg-info to /home/wyatt/ros2_ws/install/herding_control/lib/python3.10/site-packages/herding_control-0.0.0-py3.10.egg-info
running install_scripts
Installing herding_agent_node script to /home/wyatt/ros2_ws/install/herding_control/lib/herding_control
Installing herding_target_node script to /home/wyatt/ros2_ws/install/herding_control/lib/herding_control
writing list of installed files to '/home/wyatt/ros2_ws/build/herding_control/install.log'
