[100%] Built target autonomy_park_viz_node
-- Install configuration: ""
-- Up-to-date: /home/wyatt/ros2_ws/install/autonomy_park_viz/lib/autonomy_park_viz/autonomy_park_viz_node
-- Up-to-date: /home/wyatt/ros2_ws/install/autonomy_park_viz/share/autonomy_park_viz/launch
-- Up-to-date: /home/wyatt/ros2_ws/install/autonomy_park_viz/share/autonomy_park_viz/launch/viz.launch.py
-- Up-to-date: /home/wyatt/ros2_ws/install/autonomy_park_viz/share/autonomy_park_viz/param
-- Up-to-date: /home/wyatt/ros2_ws/install/autonomy_park_viz/share/autonomy_park_viz/param/park_geometry.yaml
-- Up-to-date: /home/wyatt/ros2_ws/install/autonomy_park_viz/share/autonomy_park_viz/rviz
-- Up-to-date: /home/wyatt/ros2_ws/install/autonomy_park_viz/share/autonomy_park_viz/rviz/autonomy_park.rviz
-- Up-to-date: /home/wyatt/ros2_ws/install/autonomy_park_viz/share/ament_index/resource_index/package_run_dependencies/autonomy_park_viz
-- Up-to-date: /home/wyatt/ros2_ws/install/autonomy_park_viz/share/ament_index/resource_index/parent_prefix_path/autonomy_park_viz
-- Up-to-date: /home/wyatt/ros2_ws/install/autonomy_park_viz/share/autonomy_park_viz/environment/ament_prefix_path.sh
-- Up-to-date: /home/wyatt/ros2_ws/install/autonomy_park_viz/share/autonomy_park_viz/environment/ament_prefix_path.dsv
-- Up-to-date: /home/wyatt/ros2_ws/install/autonomy_park_viz/share/autonomy_park_viz/environment/path.sh
-- Up-to-date: /home/wyatt/ros2_ws/install/autonomy_park_viz/share/autonomy_park_viz/environment/path.dsv
-- Up-to-date: /home/wyatt/ros2_ws/install/autonomy_park_viz/share/autonomy_park_viz/local_setup.bash
-- Up-to-date: /home/wyatt/ros2_ws/install/autonomy_park_viz/share/autonomy_park_viz/local_setup.sh
-- Up-to-date: /home/wyatt/ros2_ws/install/autonomy_park_viz/share/autonomy_park_viz/local_setup.zsh
-- Up-to-date: /home/wyatt/ros2_ws/install/autonomy_park_viz/share/autonomy_park_viz/local_setup.dsv
-- Installing: /home/wyatt/ros2_ws/install/autonomy_park_viz/share/autonomy_park_viz/package.dsv
-- Up-to-date: /home/wyatt/ros2_ws/install/autonomy_park_viz/share/ament_index/resource_index/packages/autonomy_park_viz
-- Up-to-date: /home/wyatt/ros2_ws/install/autonomy_park_viz/share/autonomy_park_viz/cmake/autonomy_park_vizConfig.cmake
-- Up-to-date: /home/wyatt/ros2_ws/install/autonomy_park_viz/share/autonomy_park_viz/cmake/autonomy_park_vizConfig-version.cmake
-- Up-to-date: /home/wyatt/ros2_ws/install/autonomy_park_viz/share/autonomy_park_viz/package.xml
