[2.447s] Invoking command in '/home/wyatt/ros2_ws/src/matplotlib_sim': PYTHONPATH=/home/wyatt/ros2_ws/build/matplotlib_sim/prefix_override:/usr/lib/python3/dist-packages/colcon_core/task/python/colcon_distutils_commands:/home/wyatt/ros2_ws/install/matplotlib_sim/lib/python3.10/site-packages:${PYTHONPATH} /usr/bin/python3 -W ignore:setup.py install is deprecated -W ignore:easy_install command is deprecated setup.py egg_info --egg-base ../../build/matplotlib_sim build --build-base /home/wyatt/ros2_ws/build/matplotlib_sim/build install --record /home/wyatt/ros2_ws/build/matplotlib_sim/install.log --single-version-externally-managed install_data
[3.176s] running egg_info
[3.181s] creating ../../build/matplotlib_sim/matplotlib_sim.egg-info
[3.181s] writing ../../build/matplotlib_sim/matplotlib_sim.egg-info/PKG-INFO
[3.182s] writing dependency_links to ../../build/matplotlib_sim/matplotlib_sim.egg-info/dependency_links.txt
[3.182s] writing entry points to ../../build/matplotlib_sim/matplotlib_sim.egg-info/entry_points.txt
[3.182s] writing requirements to ../../build/matplotlib_sim/matplotlib_sim.egg-info/requires.txt
[3.186s] writing top-level names to ../../build/matplotlib_sim/matplotlib_sim.egg-info/top_level.txt
[3.186s] writing manifest file '../../build/matplotlib_sim/matplotlib_sim.egg-info/SOURCES.txt'
[3.187s] reading manifest file '../../build/matplotlib_sim/matplotlib_sim.egg-info/SOURCES.txt'
[3.187s] writing manifest file '../../build/matplotlib_sim/matplotlib_sim.egg-info/SOURCES.txt'
[3.187s] running build
[3.187s] running build_py
[3.187s] creating /home/wyatt/ros2_ws/build/matplotlib_sim/build
[3.187s] creating /home/wyatt/ros2_ws/build/matplotlib_sim/build/lib
[3.187s] creating /home/wyatt/ros2_ws/build/matplotlib_sim/build/lib/matplotlib_sim
[3.188s] copying matplotlib_sim/__init__.py -> /home/wyatt/ros2_ws/build/matplotlib_sim/build/lib/matplotlib_sim
[3.188s] copying matplotlib_sim/conductor_node.py -> /home/wyatt/ros2_ws/build/matplotlib_sim/build/lib/matplotlib_sim
[3.190s] copying matplotlib_sim/matplotlib_sim_node.py -> /home/wyatt/ros2_ws/build/matplotlib_sim/build/lib/matplotlib_sim
[3.190s] running install
[3.190s] running install_lib
[3.191s] creating /home/wyatt/ros2_ws/install/matplotlib_sim/lib/python3.10/site-packages/matplotlib_sim
[3.191s] copying /home/wyatt/ros2_ws/build/matplotlib_sim/build/lib/matplotlib_sim/__init__.py -> /home/wyatt/ros2_ws/install/matplotlib_sim/lib/python3.10/site-packages/matplotlib_sim
[3.191s] copying /home/wyatt/ros2_ws/build/matplotlib_sim/build/lib/matplotlib_sim/conductor_node.py -> /home/wyatt/ros2_ws/install/matplotlib_sim/lib/python3.10/site-packages/matplotlib_sim
[3.191s] copying /home/wyatt/ros2_ws/build/matplotlib_sim/build/lib/matplotlib_sim/matplotlib_sim_node.py -> /home/wyatt/ros2_ws/install/matplotlib_sim/lib/python3.10/site-packages/matplotlib_sim
[3.191s] byte-compiling /home/wyatt/ros2_ws/install/matplotlib_sim/lib/python3.10/site-packages/matplotlib_sim/__init__.py to __init__.cpython-310.pyc
[3.191s] byte-compiling /home/wyatt/ros2_ws/install/matplotlib_sim/lib/python3.10/site-packages/matplotlib_sim/conductor_node.py to conductor_node.cpython-310.pyc
[3.194s] byte-compiling /home/wyatt/ros2_ws/install/matplotlib_sim/lib/python3.10/site-packages/matplotlib_sim/matplotlib_sim_node.py to matplotlib_sim_node.cpython-310.pyc
[3.197s] running install_data
[3.197s] creating /home/wyatt/ros2_ws/install/matplotlib_sim/share/ament_index
[3.197s] creating /home/wyatt/ros2_ws/install/matplotlib_sim/share/ament_index/resource_index
[3.198s] creating /home/wyatt/ros2_ws/install/matplotlib_sim/share/ament_index/resource_index/packages
[3.198s] copying resource/matplotlib_sim -> /home/wyatt/ros2_ws/install/matplotlib_sim/share/ament_index/resource_index/packages
[3.198s] copying package.xml -> /home/wyatt/ros2_ws/install/matplotlib_sim/share/matplotlib_sim
[3.198s] creating /home/wyatt/ros2_ws/install/matplotlib_sim/share/matplotlib_sim/launch
[3.202s] copying launch/matplotlib_herding_launch.py -> /home/wyatt/ros2_ws/install/matplotlib_sim/share/matplotlib_sim/launch
[3.204s] copying launch/matplotlib_static_launch.py -> /home/wyatt/ros2_ws/install/matplotlib_sim/share/matplotlib_sim/launch
[3.204s] copying launch/herding_experiment_launch.py -> /home/wyatt/ros2_ws/install/matplotlib_sim/share/matplotlib_sim/launch
[3.204s] copying launch/matplotlib_demo_launch.py -> /home/wyatt/ros2_ws/install/matplotlib_sim/share/matplotlib_sim/launch
[3.204s] copying launch/matplotlib_sim_launch.py -> /home/wyatt/ros2_ws/install/matplotlib_sim/share/matplotlib_sim/launch
[3.204s] copying launch/herding_launch.py -> /home/wyatt/ros2_ws/install/matplotlib_sim/share/matplotlib_sim/launch
[3.204s] running install_egg_info
[3.204s] Copying ../../build/matplotlib_sim/matplotlib_sim.egg-info to /home/wyatt/ros2_ws/install/matplotlib_sim/lib/python3.10/site-packages/matplotlib_sim-0.0.0-py3.10.egg-info
[3.205s] running install_scripts
[3.244s] Installing matplotlib_sim_node script to /home/wyatt/ros2_ws/install/matplotlib_sim/lib/matplotlib_sim
[3.245s] writing list of installed files to '/home/wyatt/ros2_ws/build/matplotlib_sim/install.log'
[3.291s] Invoked command in '/home/wyatt/ros2_ws/src/matplotlib_sim' returned '0': PYTHONPATH=/home/wyatt/ros2_ws/build/matplotlib_sim/prefix_override:/usr/lib/python3/dist-packages/colcon_core/task/python/colcon_distutils_commands:/home/wyatt/ros2_ws/install/matplotlib_sim/lib/python3.10/site-packages:${PYTHONPATH} /usr/bin/python3 -W ignore:setup.py install is deprecated -W ignore:easy_install command is deprecated setup.py egg_info --egg-base ../../build/matplotlib_sim build --build-base /home/wyatt/ros2_ws/build/matplotlib_sim/build install --record /home/wyatt/ros2_ws/build/matplotlib_sim/install.log --single-version-externally-managed install_data
