[2.089s] Invoking command in '/home/wyatt/ros2_ws/src/common/wpt_control_xy': PYTHONPATH=/home/wyatt/ros2_ws/build/wpt_control_xy/prefix_override:/usr/lib/python3/dist-packages/colcon_core/task/python/colcon_distutils_commands:/home/wyatt/ros2_ws/install/wpt_control_xy/lib/python3.10/site-packages:${PYTHONPATH} /usr/bin/python3 -W ignore:setup.py install is deprecated -W ignore:easy_install command is deprecated setup.py egg_info --egg-base ../../../build/wpt_control_xy build --build-base /home/wyatt/ros2_ws/build/wpt_control_xy/build install --record /home/wyatt/ros2_ws/build/wpt_control_xy/install.log --single-version-externally-managed install_data
[2.815s] running egg_info
[2.815s] creating ../../../build/wpt_control_xy/wpt_control_xy.egg-info
[2.815s] writing ../../../build/wpt_control_xy/wpt_control_xy.egg-info/PKG-INFO
[2.815s] writing dependency_links to ../../../build/wpt_control_xy/wpt_control_xy.egg-info/dependency_links.txt
[2.815s] writing entry points to ../../../build/wpt_control_xy/wpt_control_xy.egg-info/entry_points.txt
[2.815s] writing requirements to ../../../build/wpt_control_xy/wpt_control_xy.egg-info/requires.txt
[2.815s] writing top-level names to ../../../build/wpt_control_xy/wpt_control_xy.egg-info/top_level.txt
[2.816s] writing manifest file '../../../build/wpt_control_xy/wpt_control_xy.egg-info/SOURCES.txt'
[2.818s] reading manifest file '../../../build/wpt_control_xy/wpt_control_xy.egg-info/SOURCES.txt'
[2.819s] writing manifest file '../../../build/wpt_control_xy/wpt_control_xy.egg-info/SOURCES.txt'
[2.820s] running build
[2.820s] running build_py
[2.820s] creating /home/wyatt/ros2_ws/build/wpt_control_xy/build
[2.820s] creating /home/wyatt/ros2_ws/build/wpt_control_xy/build/lib
[2.820s] creating /home/wyatt/ros2_ws/build/wpt_control_xy/build/lib/wpt_control_xy
[2.820s] copying wpt_control_xy/wpt_control_xy_node.py -> /home/wyatt/ros2_ws/build/wpt_control_xy/build/lib/wpt_control_xy
[2.820s] copying wpt_control_xy/__init__.py -> /home/wyatt/ros2_ws/build/wpt_control_xy/build/lib/wpt_control_xy
[2.821s] running install
[2.821s] running install_lib
[2.822s] creating /home/wyatt/ros2_ws/install/wpt_control_xy/lib/python3.10/site-packages/wpt_control_xy
[2.823s] copying /home/wyatt/ros2_ws/build/wpt_control_xy/build/lib/wpt_control_xy/wpt_control_xy_node.py -> /home/wyatt/ros2_ws/install/wpt_control_xy/lib/python3.10/site-packages/wpt_control_xy
[2.823s] copying /home/wyatt/ros2_ws/build/wpt_control_xy/build/lib/wpt_control_xy/__init__.py -> /home/wyatt/ros2_ws/install/wpt_control_xy/lib/python3.10/site-packages/wpt_control_xy
[2.824s] byte-compiling /home/wyatt/ros2_ws/install/wpt_control_xy/lib/python3.10/site-packages/wpt_control_xy/wpt_control_xy_node.py to wpt_control_xy_node.cpython-310.pyc
[2.827s] byte-compiling /home/wyatt/ros2_ws/install/wpt_control_xy/lib/python3.10/site-packages/wpt_control_xy/__init__.py to __init__.cpython-310.pyc
[2.827s] running install_data
[2.827s] creating /home/wyatt/ros2_ws/install/wpt_control_xy/share/ament_index
[2.827s] creating /home/wyatt/ros2_ws/install/wpt_control_xy/share/ament_index/resource_index
[2.827s] creating /home/wyatt/ros2_ws/install/wpt_control_xy/share/ament_index/resource_index/packages
[2.828s] copying resource/wpt_control_xy -> /home/wyatt/ros2_ws/install/wpt_control_xy/share/ament_index/resource_index/packages
[2.828s] copying package.xml -> /home/wyatt/ros2_ws/install/wpt_control_xy/share/wpt_control_xy
[2.828s] creating /home/wyatt/ros2_ws/install/wpt_control_xy/share/wpt_control_xy/launch
[2.828s] copying launch/wpt_control_xy_launch.py -> /home/wyatt/ros2_ws/install/wpt_control_xy/share/wpt_control_xy/launch
[2.828s] running install_egg_info
[2.832s] Copying ../../../build/wpt_control_xy/wpt_control_xy.egg-info to /home/wyatt/ros2_ws/install/wpt_control_xy/lib/python3.10/site-packages/wpt_control_xy-0.0.0-py3.10.egg-info
[2.832s] running install_scripts
[2.871s] Installing wpt_control_xy_node script to /home/wyatt/ros2_ws/install/wpt_control_xy/lib/wpt_control_xy
[2.875s] writing list of installed files to '/home/wyatt/ros2_ws/build/wpt_control_xy/install.log'
[2.924s] Invoked command in '/home/wyatt/ros2_ws/src/common/wpt_control_xy' returned '0': PYTHONPATH=/home/wyatt/ros2_ws/build/wpt_control_xy/prefix_override:/usr/lib/python3/dist-packages/colcon_core/task/python/colcon_distutils_commands:/home/wyatt/ros2_ws/install/wpt_control_xy/lib/python3.10/site-packages:${PYTHONPATH} /usr/bin/python3 -W ignore:setup.py install is deprecated -W ignore:easy_install command is deprecated setup.py egg_info --egg-base ../../../build/wpt_control_xy build --build-base /home/wyatt/ros2_ws/build/wpt_control_xy/build install --record /home/wyatt/ros2_ws/build/wpt_control_xy/install.log --single-version-externally-managed install_data
