[2.355s] Invoking command in '/home/wyatt/ros2_ws/src/estop_button': PYTHONPATH=/home/wyatt/ros2_ws/build/estop_button/prefix_override:/home/wyatt/ros2_ws/install/estop_button/lib/python3.10/site-packages:${PYTHONPATH} /usr/bin/python3 -W ignore:setup.py install is deprecated setup.py egg_info --egg-base ../../build/estop_button build --build-base /home/wyatt/ros2_ws/build/estop_button/build install --record /home/wyatt/ros2_ws/build/estop_button/install.log --single-version-externally-managed install_data
[3.113s] running egg_info
[3.115s] creating ../../build/estop_button/estop_button.egg-info
[3.116s] writing ../../build/estop_button/estop_button.egg-info/PKG-INFO
[3.116s] writing dependency_links to ../../build/estop_button/estop_button.egg-info/dependency_links.txt
[3.117s] writing entry points to ../../build/estop_button/estop_button.egg-info/entry_points.txt
[3.118s] writing requirements to ../../build/estop_button/estop_button.egg-info/requires.txt
[3.118s] writing top-level names to ../../build/estop_button/estop_button.egg-info/top_level.txt
[3.119s] writing manifest file '../../build/estop_button/estop_button.egg-info/SOURCES.txt'
[3.124s] reading manifest file '../../build/estop_button/estop_button.egg-info/SOURCES.txt'
[3.126s] writing manifest file '../../build/estop_button/estop_button.egg-info/SOURCES.txt'
[3.126s] running build
[3.127s] running build_py
[3.127s] creating /home/wyatt/ros2_ws/build/estop_button/build
[3.127s] creating /home/wyatt/ros2_ws/build/estop_button/build/lib
[3.127s] creating /home/wyatt/ros2_ws/build/estop_button/build/lib/estop_button
[3.127s] copying estop_button/__init__.py -> /home/wyatt/ros2_ws/build/estop_button/build/lib/estop_button
[3.128s] copying estop_button/estop_button.py -> /home/wyatt/ros2_ws/build/estop_button/build/lib/estop_button
[3.128s] running install
[3.129s] running install_lib
[3.131s] creating /home/wyatt/ros2_ws/install/estop_button/lib/python3.10/site-packages/estop_button
[3.131s] copying /home/wyatt/ros2_ws/build/estop_button/build/lib/estop_button/__init__.py -> /home/wyatt/ros2_ws/install/estop_button/lib/python3.10/site-packages/estop_button
[3.131s] copying /home/wyatt/ros2_ws/build/estop_button/build/lib/estop_button/estop_button.py -> /home/wyatt/ros2_ws/install/estop_button/lib/python3.10/site-packages/estop_button
[3.132s] byte-compiling /home/wyatt/ros2_ws/install/estop_button/lib/python3.10/site-packages/estop_button/__init__.py to __init__.cpython-310.pyc
[3.133s] byte-compiling /home/wyatt/ros2_ws/install/estop_button/lib/python3.10/site-packages/estop_button/estop_button.py to estop_button.cpython-310.pyc
[3.134s] running install_data
[3.135s] creating /home/wyatt/ros2_ws/install/estop_button/share/ament_index
[3.135s] creating /home/wyatt/ros2_ws/install/estop_button/share/ament_index/resource_index
[3.135s] creating /home/wyatt/ros2_ws/install/estop_button/share/ament_index/resource_index/packages
[3.135s] copying resource/estop_button -> /home/wyatt/ros2_ws/install/estop_button/share/ament_index/resource_index/packages
[3.135s] copying package.xml -> /home/wyatt/ros2_ws/install/estop_button/share/estop_button
[3.136s] running install_egg_info
[3.139s] Copying ../../build/estop_button/estop_button.egg-info to /home/wyatt/ros2_ws/install/estop_button/lib/python3.10/site-packages/estop_button-0.0.0-py3.10.egg-info
[3.141s] running install_scripts
[3.199s] writing list of installed files to '/home/wyatt/ros2_ws/build/estop_button/install.log'
[3.728s] Invoked command in '/home/wyatt/ros2_ws/src/estop_button' returned '0': PYTHONPATH=/home/wyatt/ros2_ws/build/estop_button/prefix_override:/home/wyatt/ros2_ws/install/estop_button/lib/python3.10/site-packages:${PYTHONPATH} /usr/bin/python3 -W ignore:setup.py install is deprecated setup.py egg_info --egg-base ../../build/estop_button build --build-base /home/wyatt/ros2_ws/build/estop_button/build install --record /home/wyatt/ros2_ws/build/estop_button/install.log --single-version-externally-managed install_data
