[2.345s] Invoking command in '/home/wyatt/Documents/GitHub/ros2_ws/src/matplotlib_sim': DEBUGINFOD_URLS=https://debuginfod.ubuntu.com PYTHONPATH=/home/wyatt/Documents/GitHub/ros2_ws/build/matplotlib_sim/prefix_override:/usr/lib/python3/dist-packages/colcon_core/task/python/colcon_distutils_commands:/home/wyatt/Documents/GitHub/ros2_ws/install/matplotlib_sim/lib/python3.12/site-packages:${PYTHONPATH} /usr/bin/python3 -W ignore:setup.py install is deprecated setup.py egg_info --egg-base ../../build/matplotlib_sim build --build-base /home/wyatt/Documents/GitHub/ros2_ws/build/matplotlib_sim/build install --record /home/wyatt/Documents/GitHub/ros2_ws/build/matplotlib_sim/install.log --single-version-externally-managed install_data
[2.869s] running egg_info
[2.869s] creating ../../build/matplotlib_sim/matplotlib_sim.egg-info
[2.911s] writing ../../build/matplotlib_sim/matplotlib_sim.egg-info/PKG-INFO
[2.911s] writing dependency_links to ../../build/matplotlib_sim/matplotlib_sim.egg-info/dependency_links.txt
[2.912s] writing entry points to ../../build/matplotlib_sim/matplotlib_sim.egg-info/entry_points.txt
[2.913s] writing requirements to ../../build/matplotlib_sim/matplotlib_sim.egg-info/requires.txt
[2.914s] writing top-level names to ../../build/matplotlib_sim/matplotlib_sim.egg-info/top_level.txt
[2.914s] writing manifest file '../../build/matplotlib_sim/matplotlib_sim.egg-info/SOURCES.txt'
[3.000s] reading manifest file '../../build/matplotlib_sim/matplotlib_sim.egg-info/SOURCES.txt'
[3.003s] writing manifest file '../../build/matplotlib_sim/matplotlib_sim.egg-info/SOURCES.txt'
[3.007s] running build
[3.007s] running build_py
[3.007s] creating /home/wyatt/Documents/GitHub/ros2_ws/build/matplotlib_sim/build
[3.007s] creating /home/wyatt/Documents/GitHub/ros2_ws/build/matplotlib_sim/build/lib
[3.007s] creating /home/wyatt/Documents/GitHub/ros2_ws/build/matplotlib_sim/build/lib/matplotlib_sim
[3.007s] copying matplotlib_sim/__init__.py -> /home/wyatt/Documents/GitHub/ros2_ws/build/matplotlib_sim/build/lib/matplotlib_sim
[3.008s] copying matplotlib_sim/matplotlib_sim_node.py -> /home/wyatt/Documents/GitHub/ros2_ws/build/matplotlib_sim/build/lib/matplotlib_sim
[3.008s] running install
[3.022s] running install_lib
[3.082s] creating /home/wyatt/Documents/GitHub/ros2_ws/install/matplotlib_sim/lib/python3.12/site-packages/matplotlib_sim
[3.082s] copying /home/wyatt/Documents/GitHub/ros2_ws/build/matplotlib_sim/build/lib/matplotlib_sim/__init__.py -> /home/wyatt/Documents/GitHub/ros2_ws/install/matplotlib_sim/lib/python3.12/site-packages/matplotlib_sim
[3.082s] copying /home/wyatt/Documents/GitHub/ros2_ws/build/matplotlib_sim/build/lib/matplotlib_sim/matplotlib_sim_node.py -> /home/wyatt/Documents/GitHub/ros2_ws/install/matplotlib_sim/lib/python3.12/site-packages/matplotlib_sim
[3.083s] byte-compiling /home/wyatt/Documents/GitHub/ros2_ws/install/matplotlib_sim/lib/python3.12/site-packages/matplotlib_sim/__init__.py to __init__.cpython-312.pyc
[3.084s] byte-compiling /home/wyatt/Documents/GitHub/ros2_ws/install/matplotlib_sim/lib/python3.12/site-packages/matplotlib_sim/matplotlib_sim_node.py to matplotlib_sim_node.cpython-312.pyc
[3.093s] running install_data
[3.093s] creating /home/wyatt/Documents/GitHub/ros2_ws/install/matplotlib_sim/share/ament_index
[3.093s] creating /home/wyatt/Documents/GitHub/ros2_ws/install/matplotlib_sim/share/ament_index/resource_index
[3.093s] creating /home/wyatt/Documents/GitHub/ros2_ws/install/matplotlib_sim/share/ament_index/resource_index/packages
[3.093s] copying resource/matplotlib_sim -> /home/wyatt/Documents/GitHub/ros2_ws/install/matplotlib_sim/share/ament_index/resource_index/packages
[3.093s] copying package.xml -> /home/wyatt/Documents/GitHub/ros2_ws/install/matplotlib_sim/share/matplotlib_sim
[3.094s] creating /home/wyatt/Documents/GitHub/ros2_ws/install/matplotlib_sim/share/matplotlib_sim/launch
[3.094s] copying launch/matplotlib_demo_launch.py -> /home/wyatt/Documents/GitHub/ros2_ws/install/matplotlib_sim/share/matplotlib_sim/launch
[3.101s] copying launch/matplotlib_herding_launch.py -> /home/wyatt/Documents/GitHub/ros2_ws/install/matplotlib_sim/share/matplotlib_sim/launch
[3.101s] copying launch/matplotlib_sim_launch.py -> /home/wyatt/Documents/GitHub/ros2_ws/install/matplotlib_sim/share/matplotlib_sim/launch
[3.101s] copying launch/matplotlib_static_launch.py -> /home/wyatt/Documents/GitHub/ros2_ws/install/matplotlib_sim/share/matplotlib_sim/launch
[3.102s] running install_egg_info
[3.182s] Copying ../../build/matplotlib_sim/matplotlib_sim.egg-info to /home/wyatt/Documents/GitHub/ros2_ws/install/matplotlib_sim/lib/python3.12/site-packages/matplotlib_sim-0.0.0-py3.12.egg-info
[3.183s] running install_scripts
[3.449s] Installing matplotlib_sim_node script to /home/wyatt/Documents/GitHub/ros2_ws/install/matplotlib_sim/lib/matplotlib_sim
[3.449s] writing list of installed files to '/home/wyatt/Documents/GitHub/ros2_ws/build/matplotlib_sim/install.log'
[3.501s] Invoked command in '/home/wyatt/Documents/GitHub/ros2_ws/src/matplotlib_sim' returned '0': DEBUGINFOD_URLS=https://debuginfod.ubuntu.com PYTHONPATH=/home/wyatt/Documents/GitHub/ros2_ws/build/matplotlib_sim/prefix_override:/usr/lib/python3/dist-packages/colcon_core/task/python/colcon_distutils_commands:/home/wyatt/Documents/GitHub/ros2_ws/install/matplotlib_sim/lib/python3.12/site-packages:${PYTHONPATH} /usr/bin/python3 -W ignore:setup.py install is deprecated setup.py egg_info --egg-base ../../build/matplotlib_sim build --build-base /home/wyatt/Documents/GitHub/ros2_ws/build/matplotlib_sim/build install --record /home/wyatt/Documents/GitHub/ros2_ws/build/matplotlib_sim/install.log --single-version-externally-managed install_data
