-- The C compiler identification is GNU 13.2.0
-- The CXX compiler identification is GNU 13.2.0
-- Detecting C compiler ABI info
-- Detecting C compiler ABI info - done
-- Check for working C compiler: /usr/bin/cc - skipped
-- Detecting C compile features
-- Detecting C compile features - done
-- Detecting CXX compiler ABI info
-- Detecting CXX compiler ABI info - done
-- Check for working CXX compiler: /usr/bin/c++ - skipped
-- Detecting CXX compile features
-- Detecting CXX compile features - done
-- Found ament_cmake: 2.5.2 (/opt/ros/jazzy/share/ament_cmake/cmake)
-- Found Python3: /usr/bin/python3 (found version "3.12.3") found components: Interpreter 
-- Found std_msgs: 5.3.5 (/opt/ros/jazzy/share/std_msgs/cmake)
-- Found rosidl_generator_c: 4.6.3 (/opt/ros/jazzy/share/rosidl_generator_c/cmake)
-- Found rosidl_generator_cpp: 4.6.3 (/opt/ros/jazzy/share/rosidl_generator_cpp/cmake)
-- Using all available rosidl_typesupport_c: rosidl_typesupport_fastrtps_c;rosidl_typesupport_introspection_c
-- Using all available rosidl_typesupport_cpp: rosidl_typesupport_fastrtps_cpp;rosidl_typesupport_introspection_cpp
-- Found rosidl_default_generators: 1.6.0 (/opt/ros/jazzy/share/rosidl_default_generators/cmake)
-- Found rosidl_adapter: 4.6.3 (/opt/ros/jazzy/share/rosidl_adapter/cmake)
-- Found ament_cmake_ros: 0.12.0 (/opt/ros/jazzy/share/ament_cmake_ros/cmake)
-- Using all available rosidl_typesupport_c: rosidl_typesupport_fastrtps_c;rosidl_typesupport_introspection_c
-- Using all available rosidl_typesupport_cpp: rosidl_typesupport_fastrtps_cpp;rosidl_typesupport_introspection_cpp
-- Found python_cmake_module: 0.11.1 (/opt/ros/jazzy/share/python_cmake_module/cmake)
-- Found PythonExtra: /usr/bin/python3  
-- Found Python3: /usr/bin/python3 (found version "3.12.3") found components: Interpreter Development NumPy Development.Module Development.Embed 
-- Found ament_lint_auto: 0.17.1 (/opt/ros/jazzy/share/ament_lint_auto/cmake)
-- Added test 'copyright' to check source files copyright and LICENSE
-- Added test 'lint_cmake' to check CMake code style
-- Added test 'xmllint' to check XML markup files
-- Configuring done (7.4s)
-- Generating done (0.0s)
-- Build files have been written to: /home/wyatt/Documents/GitHub/ros2_ws/build/uf_interfaces
[  1%] [34m[1mGenerating type hashes for ROS interfaces[0m
[  1%] Built target ament_cmake_python_copy_uf_interfaces
running egg_info
creating uf_interfaces.egg-info
writing uf_interfaces.egg-info/PKG-INFO
writing dependency_links to uf_interfaces.egg-info/dependency_links.txt
writing top-level names to uf_interfaces.egg-info/top_level.txt
writing manifest file 'uf_interfaces.egg-info/SOURCES.txt'
reading manifest file 'uf_interfaces.egg-info/SOURCES.txt'
writing manifest file 'uf_interfaces.egg-info/SOURCES.txt'
[  1%] Built target ament_cmake_python_build_uf_interfaces_egg
[  1%] Built target uf_interfaces__rosidl_generator_type_description
[  2%] [34m[1mGenerating C code for ROS interfaces[0m
[  4%] [34m[1mGenerating C++ code for ROS interfaces[0m
[  4%] Built target uf_interfaces__cpp
[  5%] [32mBuilding C object CMakeFiles/uf_interfaces__rosidl_generator_c.dir/rosidl_generator_c/uf_interfaces/action/detail/defend__type_support.c.o[0m
[  6%] [32mBuilding C object CMakeFiles/uf_interfaces__rosidl_generator_c.dir/rosidl_generator_c/uf_interfaces/action/detail/defend__description.c.o[0m
[  8%] [32mBuilding C object CMakeFiles/uf_interfaces__rosidl_generator_c.dir/rosidl_generator_c/uf_interfaces/action/detail/herd__description.c.o[0m
[  9%] [32mBuilding C object CMakeFiles/uf_interfaces__rosidl_generator_c.dir/rosidl_generator_c/uf_interfaces/action/detail/defend__functions.c.o[0m
[ 10%] [32mBuilding C object CMakeFiles/uf_interfaces__rosidl_generator_c.dir/rosidl_generator_c/uf_interfaces/action/detail/herd__functions.c.o[0m
[ 12%] [32mBuilding C object CMakeFiles/uf_interfaces__rosidl_generator_c.dir/rosidl_generator_c/uf_interfaces/action/detail/herd__type_support.c.o[0m
[ 13%] [32mBuilding C object CMakeFiles/uf_interfaces__rosidl_generator_c.dir/rosidl_generator_c/uf_interfaces/msg/detail/position__description.c.o[0m
[ 14%] [32mBuilding C object CMakeFiles/uf_interfaces__rosidl_generator_c.dir/rosidl_generator_c/uf_interfaces/msg/detail/position__functions.c.o[0m
[ 16%] [32mBuilding C object CMakeFiles/uf_interfaces__rosidl_generator_c.dir/rosidl_generator_c/uf_interfaces/msg/detail/position__type_support.c.o[0m
[ 17%] [32mBuilding C object CMakeFiles/uf_interfaces__rosidl_generator_c.dir/rosidl_generator_c/uf_interfaces/srv/detail/task_assign__description.c.o[0m
[ 18%] [32mBuilding C object CMakeFiles/uf_interfaces__rosidl_generator_c.dir/rosidl_generator_c/uf_interfaces/srv/detail/task_assign__functions.c.o[0m
[ 20%] [32mBuilding C object CMakeFiles/uf_interfaces__rosidl_generator_c.dir/rosidl_generator_c/uf_interfaces/srv/detail/task_assign__type_support.c.o[0m
[ 21%] [32mBuilding C object CMakeFiles/uf_interfaces__rosidl_generator_c.dir/rosidl_generator_c/uf_interfaces/srv/detail/geo_conv__description.c.o[0m
[ 22%] [32mBuilding C object CMakeFiles/uf_interfaces__rosidl_generator_c.dir/rosidl_generator_c/uf_interfaces/srv/detail/geo_conv__functions.c.o[0m
[ 24%] [32mBuilding C object CMakeFiles/uf_interfaces__rosidl_generator_c.dir/rosidl_generator_c/uf_interfaces/srv/detail/geo_conv__type_support.c.o[0m
[ 25%] [32m[1mLinking C shared library libuf_interfaces__rosidl_generator_c.so[0m
[ 25%] Built target uf_interfaces__rosidl_generator_c
[ 27%] [34m[1mGenerating C++ type support dispatch for ROS interfaces[0m
[ 29%] [34m[1mGenerating C type support for eProsima Fast-RTPS[0m
[ 31%] [34m[1mGenerating C++ type support for eProsima Fast-RTPS[0m
[ 31%] [34m[1mGenerating C introspection for ROS interfaces[0m
[ 32%] [32mBuilding CXX object CMakeFiles/uf_interfaces__rosidl_typesupport_cpp.dir/rosidl_typesupport_cpp/uf_interfaces/action/defend__type_support.cpp.o[0m
[ 33%] [32mBuilding C object CMakeFiles/uf_interfaces__rosidl_typesupport_introspection_c.dir/rosidl_typesupport_introspection_c/uf_interfaces/action/detail/defend__type_support.c.o[0m
[ 35%] [32mBuilding C object CMakeFiles/uf_interfaces__rosidl_typesupport_introspection_c.dir/rosidl_typesupport_introspection_c/uf_interfaces/action/detail/herd__type_support.c.o[0m
[ 36%] [32mBuilding C object CMakeFiles/uf_interfaces__rosidl_typesupport_introspection_c.dir/rosidl_typesupport_introspection_c/uf_interfaces/msg/detail/position__type_support.c.o[0m
[ 37%] [32mBuilding C object CMakeFiles/uf_interfaces__rosidl_typesupport_introspection_c.dir/rosidl_typesupport_introspection_c/uf_interfaces/srv/detail/task_assign__type_support.c.o[0m
[ 39%] [32mBuilding C object CMakeFiles/uf_interfaces__rosidl_typesupport_introspection_c.dir/rosidl_typesupport_introspection_c/uf_interfaces/srv/detail/geo_conv__type_support.c.o[0m
[ 40%] [32mBuilding CXX object CMakeFiles/uf_interfaces__rosidl_typesupport_fastrtps_cpp.dir/rosidl_typesupport_fastrtps_cpp/uf_interfaces/action/detail/dds_fastrtps/defend__type_support.cpp.o[0m
[ 41%] [32m[1mLinking C shared library libuf_interfaces__rosidl_typesupport_introspection_c.so[0m
[ 41%] Built target uf_interfaces__rosidl_typesupport_introspection_c
[ 43%] [32mBuilding CXX object CMakeFiles/uf_interfaces__rosidl_typesupport_fastrtps_cpp.dir/rosidl_typesupport_fastrtps_cpp/uf_interfaces/action/detail/dds_fastrtps/herd__type_support.cpp.o[0m
[ 44%] [32mBuilding CXX object CMakeFiles/uf_interfaces__rosidl_typesupport_fastrtps_c.dir/rosidl_typesupport_fastrtps_c/uf_interfaces/action/detail/defend__type_support_c.cpp.o[0m
[ 45%] [32mBuilding CXX object CMakeFiles/uf_interfaces__rosidl_typesupport_cpp.dir/rosidl_typesupport_cpp/uf_interfaces/action/herd__type_support.cpp.o[0m
[ 47%] [32mBuilding CXX object CMakeFiles/uf_interfaces__rosidl_typesupport_fastrtps_c.dir/rosidl_typesupport_fastrtps_c/uf_interfaces/action/detail/herd__type_support_c.cpp.o[0m
[ 48%] [32mBuilding CXX object CMakeFiles/uf_interfaces__rosidl_typesupport_cpp.dir/rosidl_typesupport_cpp/uf_interfaces/msg/position__type_support.cpp.o[0m
[ 50%] [34m[1mGenerating C type support dispatch for ROS interfaces[0m
[ 51%] [32mBuilding CXX object CMakeFiles/uf_interfaces__rosidl_typesupport_fastrtps_cpp.dir/rosidl_typesupport_fastrtps_cpp/uf_interfaces/msg/detail/dds_fastrtps/position__type_support.cpp.o[0m
[ 52%] [32mBuilding CXX object CMakeFiles/uf_interfaces__rosidl_typesupport_cpp.dir/rosidl_typesupport_cpp/uf_interfaces/srv/task_assign__type_support.cpp.o[0m
[ 54%] [32mBuilding CXX object CMakeFiles/uf_interfaces__rosidl_typesupport_fastrtps_c.dir/rosidl_typesupport_fastrtps_c/uf_interfaces/msg/detail/position__type_support_c.cpp.o[0m
[ 55%] [32mBuilding CXX object CMakeFiles/uf_interfaces__rosidl_typesupport_c.dir/rosidl_typesupport_c/uf_interfaces/action/defend__type_support.cpp.o[0m
[ 56%] [32mBuilding CXX object CMakeFiles/uf_interfaces__rosidl_typesupport_fastrtps_cpp.dir/rosidl_typesupport_fastrtps_cpp/uf_interfaces/srv/detail/dds_fastrtps/task_assign__type_support.cpp.o[0m
[ 58%] [32mBuilding CXX object CMakeFiles/uf_interfaces__rosidl_typesupport_c.dir/rosidl_typesupport_c/uf_interfaces/action/herd__type_support.cpp.o[0m
[ 59%] [32mBuilding CXX object CMakeFiles/uf_interfaces__rosidl_typesupport_c.dir/rosidl_typesupport_c/uf_interfaces/msg/position__type_support.cpp.o[0m
[ 60%] [32mBuilding CXX object CMakeFiles/uf_interfaces__rosidl_typesupport_cpp.dir/rosidl_typesupport_cpp/uf_interfaces/srv/geo_conv__type_support.cpp.o[0m
[ 62%] [32mBuilding CXX object CMakeFiles/uf_interfaces__rosidl_typesupport_c.dir/rosidl_typesupport_c/uf_interfaces/srv/task_assign__type_support.cpp.o[0m
[ 63%] [32mBuilding CXX object CMakeFiles/uf_interfaces__rosidl_typesupport_c.dir/rosidl_typesupport_c/uf_interfaces/srv/geo_conv__type_support.cpp.o[0m
[ 64%] [32m[1mLinking CXX shared library libuf_interfaces__rosidl_typesupport_c.so[0m
[ 64%] Built target uf_interfaces__rosidl_typesupport_c
[ 66%] [32mBuilding CXX object CMakeFiles/uf_interfaces__rosidl_typesupport_fastrtps_c.dir/rosidl_typesupport_fastrtps_c/uf_interfaces/srv/detail/task_assign__type_support_c.cpp.o[0m
[ 67%] [34m[1mGenerating C++ introspection for ROS interfaces[0m
[ 68%] [32m[1mLinking CXX shared library libuf_interfaces__rosidl_typesupport_cpp.so[0m
[ 68%] Built target uf_interfaces__rosidl_typesupport_cpp
[ 70%] [32mBuilding CXX object CMakeFiles/uf_interfaces__rosidl_typesupport_fastrtps_cpp.dir/rosidl_typesupport_fastrtps_cpp/uf_interfaces/srv/detail/dds_fastrtps/geo_conv__type_support.cpp.o[0m
[ 71%] [32mBuilding CXX object CMakeFiles/uf_interfaces__rosidl_typesupport_fastrtps_c.dir/rosidl_typesupport_fastrtps_c/uf_interfaces/srv/detail/geo_conv__type_support_c.cpp.o[0m
[ 72%] [32mBuilding CXX object CMakeFiles/uf_interfaces__rosidl_typesupport_introspection_cpp.dir/rosidl_typesupport_introspection_cpp/uf_interfaces/action/detail/herd__type_support.cpp.o[0m
[ 74%] [32mBuilding CXX object CMakeFiles/uf_interfaces__rosidl_typesupport_introspection_cpp.dir/rosidl_typesupport_introspection_cpp/uf_interfaces/action/detail/defend__type_support.cpp.o[0m
[ 75%] [32m[1mLinking CXX shared library libuf_interfaces__rosidl_typesupport_fastrtps_c.so[0m
[ 77%] [32m[1mLinking CXX shared library libuf_interfaces__rosidl_typesupport_fastrtps_cpp.so[0m
[ 77%] Built target uf_interfaces__rosidl_typesupport_fastrtps_c
[ 78%] [32mBuilding CXX object CMakeFiles/uf_interfaces__rosidl_typesupport_introspection_cpp.dir/rosidl_typesupport_introspection_cpp/uf_interfaces/msg/detail/position__type_support.cpp.o[0m
[ 78%] Built target uf_interfaces__rosidl_typesupport_fastrtps_cpp
[ 79%] [32mBuilding CXX object CMakeFiles/uf_interfaces__rosidl_typesupport_introspection_cpp.dir/rosidl_typesupport_introspection_cpp/uf_interfaces/srv/detail/task_assign__type_support.cpp.o[0m
[ 81%] [32mBuilding CXX object CMakeFiles/uf_interfaces__rosidl_typesupport_introspection_cpp.dir/rosidl_typesupport_introspection_cpp/uf_interfaces/srv/detail/geo_conv__type_support.cpp.o[0m
[ 82%] [32m[1mLinking CXX shared library libuf_interfaces__rosidl_typesupport_introspection_cpp.so[0m
[ 82%] Built target uf_interfaces__rosidl_typesupport_introspection_cpp
[ 82%] Built target uf_interfaces
[ 83%] [34m[1mGenerating Python code for ROS interfaces[0m
[ 83%] Built target uf_interfaces__py
[ 85%] [32mBuilding C object CMakeFiles/uf_interfaces__rosidl_generator_py.dir/rosidl_generator_py/uf_interfaces/action/_defend_s.c.o[0m
[ 86%] [32mBuilding C object CMakeFiles/uf_interfaces__rosidl_generator_py.dir/rosidl_generator_py/uf_interfaces/action/_herd_s.c.o[0m
[ 87%] [32mBuilding C object CMakeFiles/uf_interfaces__rosidl_generator_py.dir/rosidl_generator_py/uf_interfaces/srv/_task_assign_s.c.o[0m
[ 89%] [32mBuilding C object CMakeFiles/uf_interfaces__rosidl_generator_py.dir/rosidl_generator_py/uf_interfaces/msg/_position_s.c.o[0m
[ 90%] [32mBuilding C object CMakeFiles/uf_interfaces__rosidl_generator_py.dir/rosidl_generator_py/uf_interfaces/srv/_geo_conv_s.c.o[0m
[ 91%] [32m[1mLinking C shared library libuf_interfaces__rosidl_generator_py.so[0m
[ 91%] Built target uf_interfaces__rosidl_generator_py
[ 93%] [32mBuilding C object CMakeFiles/uf_interfaces_s__rosidl_typesupport_c.dir/rosidl_generator_py/uf_interfaces/_uf_interfaces_s.ep.rosidl_typesupport_c.c.o[0m
[ 94%] [32mBuilding C object CMakeFiles/uf_interfaces_s__rosidl_typesupport_fastrtps_c.dir/rosidl_generator_py/uf_interfaces/_uf_interfaces_s.ep.rosidl_typesupport_fastrtps_c.c.o[0m
[ 95%] [32mBuilding C object CMakeFiles/uf_interfaces_s__rosidl_typesupport_introspection_c.dir/rosidl_generator_py/uf_interfaces/_uf_interfaces_s.ep.rosidl_typesupport_introspection_c.c.o[0m
[ 97%] [32m[1mLinking C shared module rosidl_generator_py/uf_interfaces/uf_interfaces_s__rosidl_typesupport_fastrtps_c.so[0m
[ 97%] Built target uf_interfaces_s__rosidl_typesupport_fastrtps_c
[ 98%] [32m[1mLinking C shared module rosidl_generator_py/uf_interfaces/uf_interfaces_s__rosidl_typesupport_c.so[0m
[100%] [32m[1mLinking C shared module rosidl_generator_py/uf_interfaces/uf_interfaces_s__rosidl_typesupport_introspection_c.so[0m
[100%] Built target uf_interfaces_s__rosidl_typesupport_c
[100%] Built target uf_interfaces_s__rosidl_typesupport_introspection_c
-- Install configuration: ""
-- Installing: /home/wyatt/Documents/GitHub/ros2_ws/install/uf_interfaces/share/ament_index/resource_index/rosidl_interfaces/uf_interfaces
-- Installing: /home/wyatt/Documents/GitHub/ros2_ws/install/uf_interfaces/share/uf_interfaces/action/Defend.json
-- Installing: /home/wyatt/Documents/GitHub/ros2_ws/install/uf_interfaces/share/uf_interfaces/action/Herd.json
-- Installing: /home/wyatt/Documents/GitHub/ros2_ws/install/uf_interfaces/share/uf_interfaces/msg/Position.json
-- Installing: /home/wyatt/Documents/GitHub/ros2_ws/install/uf_interfaces/share/uf_interfaces/srv/TaskAssign.json
-- Installing: /home/wyatt/Documents/GitHub/ros2_ws/install/uf_interfaces/share/uf_interfaces/srv/GeoConv.json
-- Installing: /home/wyatt/Documents/GitHub/ros2_ws/install/uf_interfaces/include/uf_interfaces/uf_interfaces
-- Installing: /home/wyatt/Documents/GitHub/ros2_ws/install/uf_interfaces/include/uf_interfaces/uf_interfaces/msg
-- Installing: /home/wyatt/Documents/GitHub/ros2_ws/install/uf_interfaces/include/uf_interfaces/uf_interfaces/msg/rosidl_generator_c__visibility_control.h
-- Installing: /home/wyatt/Documents/GitHub/ros2_ws/install/uf_interfaces/include/uf_interfaces/uf_interfaces/msg/detail
-- Installing: /home/wyatt/Documents/GitHub/ros2_ws/install/uf_interfaces/include/uf_interfaces/uf_interfaces/msg/detail/position__struct.h
-- Installing: /home/wyatt/Documents/GitHub/ros2_ws/install/uf_interfaces/include/uf_interfaces/uf_interfaces/msg/detail/position__functions.h
-- Installing: /home/wyatt/Documents/GitHub/ros2_ws/install/uf_interfaces/include/uf_interfaces/uf_interfaces/msg/detail/position__functions.c
-- Installing: /home/wyatt/Documents/GitHub/ros2_ws/install/uf_interfaces/include/uf_interfaces/uf_interfaces/msg/detail/position__type_support.c
-- Installing: /home/wyatt/Documents/GitHub/ros2_ws/install/uf_interfaces/include/uf_interfaces/uf_interfaces/msg/detail/position__description.c
-- Installing: /home/wyatt/Documents/GitHub/ros2_ws/install/uf_interfaces/include/uf_interfaces/uf_interfaces/msg/detail/position__type_support.h
-- Installing: /home/wyatt/Documents/GitHub/ros2_ws/install/uf_interfaces/include/uf_interfaces/uf_interfaces/msg/position.h
-- Installing: /home/wyatt/Documents/GitHub/ros2_ws/install/uf_interfaces/include/uf_interfaces/uf_interfaces/srv
-- Installing: /home/wyatt/Documents/GitHub/ros2_ws/install/uf_interfaces/include/uf_interfaces/uf_interfaces/srv/task_assign.h
-- Installing: /home/wyatt/Documents/GitHub/ros2_ws/install/uf_interfaces/include/uf_interfaces/uf_interfaces/srv/detail
-- Installing: /home/wyatt/Documents/GitHub/ros2_ws/install/uf_interfaces/include/uf_interfaces/uf_interfaces/srv/detail/task_assign__struct.h
-- Installing: /home/wyatt/Documents/GitHub/ros2_ws/install/uf_interfaces/include/uf_interfaces/uf_interfaces/srv/detail/geo_conv__functions.c
-- Installing: /home/wyatt/Documents/GitHub/ros2_ws/install/uf_interfaces/include/uf_interfaces/uf_interfaces/srv/detail/task_assign__description.c
-- Installing: /home/wyatt/Documents/GitHub/ros2_ws/install/uf_interfaces/include/uf_interfaces/uf_interfaces/srv/detail/geo_conv__type_support.h
-- Installing: /home/wyatt/Documents/GitHub/ros2_ws/install/uf_interfaces/include/uf_interfaces/uf_interfaces/srv/detail/task_assign__functions.c
-- Installing: /home/wyatt/Documents/GitHub/ros2_ws/install/uf_interfaces/include/uf_interfaces/uf_interfaces/srv/detail/geo_conv__struct.h
-- Installing: /home/wyatt/Documents/GitHub/ros2_ws/install/uf_interfaces/include/uf_interfaces/uf_interfaces/srv/detail/geo_conv__description.c
-- Installing: /home/wyatt/Documents/GitHub/ros2_ws/install/uf_interfaces/include/uf_interfaces/uf_interfaces/srv/detail/geo_conv__type_support.c
-- Installing: /home/wyatt/Documents/GitHub/ros2_ws/install/uf_interfaces/include/uf_interfaces/uf_interfaces/srv/detail/task_assign__type_support.h
-- Installing: /home/wyatt/Documents/GitHub/ros2_ws/install/uf_interfaces/include/uf_interfaces/uf_interfaces/srv/detail/task_assign__type_support.c
-- Installing: /home/wyatt/Documents/GitHub/ros2_ws/install/uf_interfaces/include/uf_interfaces/uf_interfaces/srv/detail/task_assign__functions.h
-- Installing: /home/wyatt/Documents/GitHub/ros2_ws/install/uf_interfaces/include/uf_interfaces/uf_interfaces/srv/detail/geo_conv__functions.h
-- Installing: /home/wyatt/Documents/GitHub/ros2_ws/install/uf_interfaces/include/uf_interfaces/uf_interfaces/srv/geo_conv.h
-- Installing: /home/wyatt/Documents/GitHub/ros2_ws/install/uf_interfaces/include/uf_interfaces/uf_interfaces/action
-- Installing: /home/wyatt/Documents/GitHub/ros2_ws/install/uf_interfaces/include/uf_interfaces/uf_interfaces/action/defend.h
-- Installing: /home/wyatt/Documents/GitHub/ros2_ws/install/uf_interfaces/include/uf_interfaces/uf_interfaces/action/detail
-- Installing: /home/wyatt/Documents/GitHub/ros2_ws/install/uf_interfaces/include/uf_interfaces/uf_interfaces/action/detail/herd__description.c
-- Installing: /home/wyatt/Documents/GitHub/ros2_ws/install/uf_interfaces/include/uf_interfaces/uf_interfaces/action/detail/defend__struct.h
-- Installing: /home/wyatt/Documents/GitHub/ros2_ws/install/uf_interfaces/include/uf_interfaces/uf_interfaces/action/detail/defend__type_support.h
-- Installing: /home/wyatt/Documents/GitHub/ros2_ws/install/uf_interfaces/include/uf_interfaces/uf_interfaces/action/detail/defend__functions.c
-- Installing: /home/wyatt/Documents/GitHub/ros2_ws/install/uf_interfaces/include/uf_interfaces/uf_interfaces/action/detail/herd__functions.c
-- Installing: /home/wyatt/Documents/GitHub/ros2_ws/install/uf_interfaces/include/uf_interfaces/uf_interfaces/action/detail/herd__type_support.h
-- Installing: /home/wyatt/Documents/GitHub/ros2_ws/install/uf_interfaces/include/uf_interfaces/uf_interfaces/action/detail/herd__functions.h
-- Installing: /home/wyatt/Documents/GitHub/ros2_ws/install/uf_interfaces/include/uf_interfaces/uf_interfaces/action/detail/defend__type_support.c
-- Installing: /home/wyatt/Documents/GitHub/ros2_ws/install/uf_interfaces/include/uf_interfaces/uf_interfaces/action/detail/herd__struct.h
-- Installing: /home/wyatt/Documents/GitHub/ros2_ws/install/uf_interfaces/include/uf_interfaces/uf_interfaces/action/detail/herd__type_support.c
-- Installing: /home/wyatt/Documents/GitHub/ros2_ws/install/uf_interfaces/include/uf_interfaces/uf_interfaces/action/detail/defend__description.c
-- Installing: /home/wyatt/Documents/GitHub/ros2_ws/install/uf_interfaces/include/uf_interfaces/uf_interfaces/action/detail/defend__functions.h
-- Installing: /home/wyatt/Documents/GitHub/ros2_ws/install/uf_interfaces/include/uf_interfaces/uf_interfaces/action/herd.h
-- Installing: /home/wyatt/Documents/GitHub/ros2_ws/install/uf_interfaces/share/uf_interfaces/environment/library_path.sh
-- Installing: /home/wyatt/Documents/GitHub/ros2_ws/install/uf_interfaces/share/uf_interfaces/environment/library_path.dsv
-- Installing: /home/wyatt/Documents/GitHub/ros2_ws/install/uf_interfaces/lib/libuf_interfaces__rosidl_generator_c.so
-- Set non-toolchain portion of runtime path of "/home/wyatt/Documents/GitHub/ros2_ws/install/uf_interfaces/lib/libuf_interfaces__rosidl_generator_c.so" to ""
-- Up-to-date: /home/wyatt/Documents/GitHub/ros2_ws/install/uf_interfaces/include/uf_interfaces/uf_interfaces
-- Up-to-date: /home/wyatt/Documents/GitHub/ros2_ws/install/uf_interfaces/include/uf_interfaces/uf_interfaces/msg
-- Up-to-date: /home/wyatt/Documents/GitHub/ros2_ws/install/uf_interfaces/include/uf_interfaces/uf_interfaces/msg/detail
-- Installing: /home/wyatt/Documents/GitHub/ros2_ws/install/uf_interfaces/include/uf_interfaces/uf_interfaces/msg/detail/position__rosidl_typesupport_fastrtps_c.h
-- Installing: /home/wyatt/Documents/GitHub/ros2_ws/install/uf_interfaces/include/uf_interfaces/uf_interfaces/msg/rosidl_typesupport_fastrtps_c__visibility_control.h
-- Up-to-date: /home/wyatt/Documents/GitHub/ros2_ws/install/uf_interfaces/include/uf_interfaces/uf_interfaces/srv
-- Up-to-date: /home/wyatt/Documents/GitHub/ros2_ws/install/uf_interfaces/include/uf_interfaces/uf_interfaces/srv/detail
-- Installing: /home/wyatt/Documents/GitHub/ros2_ws/install/uf_interfaces/include/uf_interfaces/uf_interfaces/srv/detail/geo_conv__rosidl_typesupport_fastrtps_c.h
-- Installing: /home/wyatt/Documents/GitHub/ros2_ws/install/uf_interfaces/include/uf_interfaces/uf_interfaces/srv/detail/task_assign__rosidl_typesupport_fastrtps_c.h
-- Up-to-date: /home/wyatt/Documents/GitHub/ros2_ws/install/uf_interfaces/include/uf_interfaces/uf_interfaces/action
-- Up-to-date: /home/wyatt/Documents/GitHub/ros2_ws/install/uf_interfaces/include/uf_interfaces/uf_interfaces/action/detail
-- Installing: /home/wyatt/Documents/GitHub/ros2_ws/install/uf_interfaces/include/uf_interfaces/uf_interfaces/action/detail/defend__rosidl_typesupport_fastrtps_c.h
-- Installing: /home/wyatt/Documents/GitHub/ros2_ws/install/uf_interfaces/include/uf_interfaces/uf_interfaces/action/detail/herd__rosidl_typesupport_fastrtps_c.h
-- Installing: /home/wyatt/Documents/GitHub/ros2_ws/install/uf_interfaces/lib/libuf_interfaces__rosidl_typesupport_fastrtps_c.so
-- Set non-toolchain portion of runtime path of "/home/wyatt/Documents/GitHub/ros2_ws/install/uf_interfaces/lib/libuf_interfaces__rosidl_typesupport_fastrtps_c.so" to ""
-- Up-to-date: /home/wyatt/Documents/GitHub/ros2_ws/install/uf_interfaces/include/uf_interfaces/uf_interfaces
-- Up-to-date: /home/wyatt/Documents/GitHub/ros2_ws/install/uf_interfaces/include/uf_interfaces/uf_interfaces/msg
-- Installing: /home/wyatt/Documents/GitHub/ros2_ws/install/uf_interfaces/include/uf_interfaces/uf_interfaces/msg/position.hpp
-- Up-to-date: /home/wyatt/Documents/GitHub/ros2_ws/install/uf_interfaces/include/uf_interfaces/uf_interfaces/msg/detail
-- Installing: /home/wyatt/Documents/GitHub/ros2_ws/install/uf_interfaces/include/uf_interfaces/uf_interfaces/msg/detail/position__type_support.hpp
-- Installing: /home/wyatt/Documents/GitHub/ros2_ws/install/uf_interfaces/include/uf_interfaces/uf_interfaces/msg/detail/position__builder.hpp
-- Installing: /home/wyatt/Documents/GitHub/ros2_ws/install/uf_interfaces/include/uf_interfaces/uf_interfaces/msg/detail/position__traits.hpp
-- Installing: /home/wyatt/Documents/GitHub/ros2_ws/install/uf_interfaces/include/uf_interfaces/uf_interfaces/msg/detail/position__struct.hpp
-- Installing: /home/wyatt/Documents/GitHub/ros2_ws/install/uf_interfaces/include/uf_interfaces/uf_interfaces/msg/rosidl_generator_cpp__visibility_control.hpp
-- Up-to-date: /home/wyatt/Documents/GitHub/ros2_ws/install/uf_interfaces/include/uf_interfaces/uf_interfaces/srv
-- Up-to-date: /home/wyatt/Documents/GitHub/ros2_ws/install/uf_interfaces/include/uf_interfaces/uf_interfaces/srv/detail
-- Installing: /home/wyatt/Documents/GitHub/ros2_ws/install/uf_interfaces/include/uf_interfaces/uf_interfaces/srv/detail/task_assign__type_support.hpp
-- Installing: /home/wyatt/Documents/GitHub/ros2_ws/install/uf_interfaces/include/uf_interfaces/uf_interfaces/srv/detail/task_assign__traits.hpp
-- Installing: /home/wyatt/Documents/GitHub/ros2_ws/install/uf_interfaces/include/uf_interfaces/uf_interfaces/srv/detail/geo_conv__struct.hpp
-- Installing: /home/wyatt/Documents/GitHub/ros2_ws/install/uf_interfaces/include/uf_interfaces/uf_interfaces/srv/detail/task_assign__builder.hpp
-- Installing: /home/wyatt/Documents/GitHub/ros2_ws/install/uf_interfaces/include/uf_interfaces/uf_interfaces/srv/detail/geo_conv__type_support.hpp
-- Installing: /home/wyatt/Documents/GitHub/ros2_ws/install/uf_interfaces/include/uf_interfaces/uf_interfaces/srv/detail/task_assign__struct.hpp
-- Installing: /home/wyatt/Documents/GitHub/ros2_ws/install/uf_interfaces/include/uf_interfaces/uf_interfaces/srv/detail/geo_conv__traits.hpp
-- Installing: /home/wyatt/Documents/GitHub/ros2_ws/install/uf_interfaces/include/uf_interfaces/uf_interfaces/srv/detail/geo_conv__builder.hpp
-- Installing: /home/wyatt/Documents/GitHub/ros2_ws/install/uf_interfaces/include/uf_interfaces/uf_interfaces/srv/geo_conv.hpp
-- Installing: /home/wyatt/Documents/GitHub/ros2_ws/install/uf_interfaces/include/uf_interfaces/uf_interfaces/srv/task_assign.hpp
-- Up-to-date: /home/wyatt/Documents/GitHub/ros2_ws/install/uf_interfaces/include/uf_interfaces/uf_interfaces/action
-- Up-to-date: /home/wyatt/Documents/GitHub/ros2_ws/install/uf_interfaces/include/uf_interfaces/uf_interfaces/action/detail
-- Installing: /home/wyatt/Documents/GitHub/ros2_ws/install/uf_interfaces/include/uf_interfaces/uf_interfaces/action/detail/herd__builder.hpp
-- Installing: /home/wyatt/Documents/GitHub/ros2_ws/install/uf_interfaces/include/uf_interfaces/uf_interfaces/action/detail/defend__builder.hpp
-- Installing: /home/wyatt/Documents/GitHub/ros2_ws/install/uf_interfaces/include/uf_interfaces/uf_interfaces/action/detail/herd__type_support.hpp
-- Installing: /home/wyatt/Documents/GitHub/ros2_ws/install/uf_interfaces/include/uf_interfaces/uf_interfaces/action/detail/defend__traits.hpp
-- Installing: /home/wyatt/Documents/GitHub/ros2_ws/install/uf_interfaces/include/uf_interfaces/uf_interfaces/action/detail/defend__type_support.hpp
-- Installing: /home/wyatt/Documents/GitHub/ros2_ws/install/uf_interfaces/include/uf_interfaces/uf_interfaces/action/detail/defend__struct.hpp
-- Installing: /home/wyatt/Documents/GitHub/ros2_ws/install/uf_interfaces/include/uf_interfaces/uf_interfaces/action/detail/herd__traits.hpp
-- Installing: /home/wyatt/Documents/GitHub/ros2_ws/install/uf_interfaces/include/uf_interfaces/uf_interfaces/action/detail/herd__struct.hpp
-- Installing: /home/wyatt/Documents/GitHub/ros2_ws/install/uf_interfaces/include/uf_interfaces/uf_interfaces/action/defend.hpp
-- Installing: /home/wyatt/Documents/GitHub/ros2_ws/install/uf_interfaces/include/uf_interfaces/uf_interfaces/action/herd.hpp
-- Up-to-date: /home/wyatt/Documents/GitHub/ros2_ws/install/uf_interfaces/include/uf_interfaces/uf_interfaces
-- Up-to-date: /home/wyatt/Documents/GitHub/ros2_ws/install/uf_interfaces/include/uf_interfaces/uf_interfaces/msg
-- Up-to-date: /home/wyatt/Documents/GitHub/ros2_ws/install/uf_interfaces/include/uf_interfaces/uf_interfaces/msg/detail
-- Installing: /home/wyatt/Documents/GitHub/ros2_ws/install/uf_interfaces/include/uf_interfaces/uf_interfaces/msg/detail/dds_fastrtps
-- Installing: /home/wyatt/Documents/GitHub/ros2_ws/install/uf_interfaces/include/uf_interfaces/uf_interfaces/msg/detail/position__rosidl_typesupport_fastrtps_cpp.hpp
-- Installing: /home/wyatt/Documents/GitHub/ros2_ws/install/uf_interfaces/include/uf_interfaces/uf_interfaces/msg/rosidl_typesupport_fastrtps_cpp__visibility_control.h
-- Up-to-date: /home/wyatt/Documents/GitHub/ros2_ws/install/uf_interfaces/include/uf_interfaces/uf_interfaces/srv
-- Up-to-date: /home/wyatt/Documents/GitHub/ros2_ws/install/uf_interfaces/include/uf_interfaces/uf_interfaces/srv/detail
-- Installing: /home/wyatt/Documents/GitHub/ros2_ws/install/uf_interfaces/include/uf_interfaces/uf_interfaces/srv/detail/geo_conv__rosidl_typesupport_fastrtps_cpp.hpp
-- Installing: /home/wyatt/Documents/GitHub/ros2_ws/install/uf_interfaces/include/uf_interfaces/uf_interfaces/srv/detail/dds_fastrtps
-- Installing: /home/wyatt/Documents/GitHub/ros2_ws/install/uf_interfaces/include/uf_interfaces/uf_interfaces/srv/detail/task_assign__rosidl_typesupport_fastrtps_cpp.hpp
-- Up-to-date: /home/wyatt/Documents/GitHub/ros2_ws/install/uf_interfaces/include/uf_interfaces/uf_interfaces/action
-- Up-to-date: /home/wyatt/Documents/GitHub/ros2_ws/install/uf_interfaces/include/uf_interfaces/uf_interfaces/action/detail
-- Installing: /home/wyatt/Documents/GitHub/ros2_ws/install/uf_interfaces/include/uf_interfaces/uf_interfaces/action/detail/dds_fastrtps
-- Installing: /home/wyatt/Documents/GitHub/ros2_ws/install/uf_interfaces/include/uf_interfaces/uf_interfaces/action/detail/herd__rosidl_typesupport_fastrtps_cpp.hpp
-- Installing: /home/wyatt/Documents/GitHub/ros2_ws/install/uf_interfaces/include/uf_interfaces/uf_interfaces/action/detail/defend__rosidl_typesupport_fastrtps_cpp.hpp
-- Installing: /home/wyatt/Documents/GitHub/ros2_ws/install/uf_interfaces/lib/libuf_interfaces__rosidl_typesupport_fastrtps_cpp.so
-- Set non-toolchain portion of runtime path of "/home/wyatt/Documents/GitHub/ros2_ws/install/uf_interfaces/lib/libuf_interfaces__rosidl_typesupport_fastrtps_cpp.so" to ""
-- Up-to-date: /home/wyatt/Documents/GitHub/ros2_ws/install/uf_interfaces/include/uf_interfaces/uf_interfaces
-- Up-to-date: /home/wyatt/Documents/GitHub/ros2_ws/install/uf_interfaces/include/uf_interfaces/uf_interfaces/msg
-- Up-to-date: /home/wyatt/Documents/GitHub/ros2_ws/install/uf_interfaces/include/uf_interfaces/uf_interfaces/msg/detail
-- Installing: /home/wyatt/Documents/GitHub/ros2_ws/install/uf_interfaces/include/uf_interfaces/uf_interfaces/msg/detail/position__type_support.c
-- Installing: /home/wyatt/Documents/GitHub/ros2_ws/install/uf_interfaces/include/uf_interfaces/uf_interfaces/msg/detail/position__rosidl_typesupport_introspection_c.h
-- Installing: /home/wyatt/Documents/GitHub/ros2_ws/install/uf_interfaces/include/uf_interfaces/uf_interfaces/msg/rosidl_typesupport_introspection_c__visibility_control.h
-- Up-to-date: /home/wyatt/Documents/GitHub/ros2_ws/install/uf_interfaces/include/uf_interfaces/uf_interfaces/srv
-- Up-to-date: /home/wyatt/Documents/GitHub/ros2_ws/install/uf_interfaces/include/uf_interfaces/uf_interfaces/srv/detail
-- Installing: /home/wyatt/Documents/GitHub/ros2_ws/install/uf_interfaces/include/uf_interfaces/uf_interfaces/srv/detail/task_assign__rosidl_typesupport_introspection_c.h
-- Installing: /home/wyatt/Documents/GitHub/ros2_ws/install/uf_interfaces/include/uf_interfaces/uf_interfaces/srv/detail/geo_conv__rosidl_typesupport_introspection_c.h
-- Installing: /home/wyatt/Documents/GitHub/ros2_ws/install/uf_interfaces/include/uf_interfaces/uf_interfaces/srv/detail/geo_conv__type_support.c
-- Installing: /home/wyatt/Documents/GitHub/ros2_ws/install/uf_interfaces/include/uf_interfaces/uf_interfaces/srv/detail/task_assign__type_support.c
-- Up-to-date: /home/wyatt/Documents/GitHub/ros2_ws/install/uf_interfaces/include/uf_interfaces/uf_interfaces/action
-- Up-to-date: /home/wyatt/Documents/GitHub/ros2_ws/install/uf_interfaces/include/uf_interfaces/uf_interfaces/action/detail
-- Installing: /home/wyatt/Documents/GitHub/ros2_ws/install/uf_interfaces/include/uf_interfaces/uf_interfaces/action/detail/defend__rosidl_typesupport_introspection_c.h
-- Installing: /home/wyatt/Documents/GitHub/ros2_ws/install/uf_interfaces/include/uf_interfaces/uf_interfaces/action/detail/defend__type_support.c
-- Installing: /home/wyatt/Documents/GitHub/ros2_ws/install/uf_interfaces/include/uf_interfaces/uf_interfaces/action/detail/herd__type_support.c
-- Installing: /home/wyatt/Documents/GitHub/ros2_ws/install/uf_interfaces/include/uf_interfaces/uf_interfaces/action/detail/herd__rosidl_typesupport_introspection_c.h
-- Installing: /home/wyatt/Documents/GitHub/ros2_ws/install/uf_interfaces/lib/libuf_interfaces__rosidl_typesupport_introspection_c.so
-- Set non-toolchain portion of runtime path of "/home/wyatt/Documents/GitHub/ros2_ws/install/uf_interfaces/lib/libuf_interfaces__rosidl_typesupport_introspection_c.so" to ""
-- Installing: /home/wyatt/Documents/GitHub/ros2_ws/install/uf_interfaces/lib/libuf_interfaces__rosidl_typesupport_c.so
-- Set non-toolchain portion of runtime path of "/home/wyatt/Documents/GitHub/ros2_ws/install/uf_interfaces/lib/libuf_interfaces__rosidl_typesupport_c.so" to ""
-- Up-to-date: /home/wyatt/Documents/GitHub/ros2_ws/install/uf_interfaces/include/uf_interfaces/uf_interfaces
-- Up-to-date: /home/wyatt/Documents/GitHub/ros2_ws/install/uf_interfaces/include/uf_interfaces/uf_interfaces/msg
-- Up-to-date: /home/wyatt/Documents/GitHub/ros2_ws/install/uf_interfaces/include/uf_interfaces/uf_interfaces/msg/detail
-- Installing: /home/wyatt/Documents/GitHub/ros2_ws/install/uf_interfaces/include/uf_interfaces/uf_interfaces/msg/detail/position__rosidl_typesupport_introspection_cpp.hpp
-- Installing: /home/wyatt/Documents/GitHub/ros2_ws/install/uf_interfaces/include/uf_interfaces/uf_interfaces/msg/detail/position__type_support.cpp
-- Up-to-date: /home/wyatt/Documents/GitHub/ros2_ws/install/uf_interfaces/include/uf_interfaces/uf_interfaces/srv
-- Up-to-date: /home/wyatt/Documents/GitHub/ros2_ws/install/uf_interfaces/include/uf_interfaces/uf_interfaces/srv/detail
-- Installing: /home/wyatt/Documents/GitHub/ros2_ws/install/uf_interfaces/include/uf_interfaces/uf_interfaces/srv/detail/task_assign__rosidl_typesupport_introspection_cpp.hpp
-- Installing: /home/wyatt/Documents/GitHub/ros2_ws/install/uf_interfaces/include/uf_interfaces/uf_interfaces/srv/detail/geo_conv__rosidl_typesupport_introspection_cpp.hpp
-- Installing: /home/wyatt/Documents/GitHub/ros2_ws/install/uf_interfaces/include/uf_interfaces/uf_interfaces/srv/detail/task_assign__type_support.cpp
-- Installing: /home/wyatt/Documents/GitHub/ros2_ws/install/uf_interfaces/include/uf_interfaces/uf_interfaces/srv/detail/geo_conv__type_support.cpp
-- Up-to-date: /home/wyatt/Documents/GitHub/ros2_ws/install/uf_interfaces/include/uf_interfaces/uf_interfaces/action
-- Up-to-date: /home/wyatt/Documents/GitHub/ros2_ws/install/uf_interfaces/include/uf_interfaces/uf_interfaces/action/detail
-- Installing: /home/wyatt/Documents/GitHub/ros2_ws/install/uf_interfaces/include/uf_interfaces/uf_interfaces/action/detail/herd__type_support.cpp
-- Installing: /home/wyatt/Documents/GitHub/ros2_ws/install/uf_interfaces/include/uf_interfaces/uf_interfaces/action/detail/defend__rosidl_typesupport_introspection_cpp.hpp
-- Installing: /home/wyatt/Documents/GitHub/ros2_ws/install/uf_interfaces/include/uf_interfaces/uf_interfaces/action/detail/herd__rosidl_typesupport_introspection_cpp.hpp
-- Installing: /home/wyatt/Documents/GitHub/ros2_ws/install/uf_interfaces/include/uf_interfaces/uf_interfaces/action/detail/defend__type_support.cpp
-- Installing: /home/wyatt/Documents/GitHub/ros2_ws/install/uf_interfaces/lib/libuf_interfaces__rosidl_typesupport_introspection_cpp.so
-- Set non-toolchain portion of runtime path of "/home/wyatt/Documents/GitHub/ros2_ws/install/uf_interfaces/lib/libuf_interfaces__rosidl_typesupport_introspection_cpp.so" to ""
-- Installing: /home/wyatt/Documents/GitHub/ros2_ws/install/uf_interfaces/lib/libuf_interfaces__rosidl_typesupport_cpp.so
-- Set non-toolchain portion of runtime path of "/home/wyatt/Documents/GitHub/ros2_ws/install/uf_interfaces/lib/libuf_interfaces__rosidl_typesupport_cpp.so" to ""
-- Installing: /home/wyatt/Documents/GitHub/ros2_ws/install/uf_interfaces/share/uf_interfaces/environment/pythonpath.sh
-- Installing: /home/wyatt/Documents/GitHub/ros2_ws/install/uf_interfaces/share/uf_interfaces/environment/pythonpath.dsv
-- Installing: /home/wyatt/Documents/GitHub/ros2_ws/install/uf_interfaces/lib/python3.12/site-packages/uf_interfaces-0.0.0-py3.12.egg-info
-- Installing: /home/wyatt/Documents/GitHub/ros2_ws/install/uf_interfaces/lib/python3.12/site-packages/uf_interfaces-0.0.0-py3.12.egg-info/PKG-INFO
-- Installing: /home/wyatt/Documents/GitHub/ros2_ws/install/uf_interfaces/lib/python3.12/site-packages/uf_interfaces-0.0.0-py3.12.egg-info/dependency_links.txt
-- Installing: /home/wyatt/Documents/GitHub/ros2_ws/install/uf_interfaces/lib/python3.12/site-packages/uf_interfaces-0.0.0-py3.12.egg-info/top_level.txt
-- Installing: /home/wyatt/Documents/GitHub/ros2_ws/install/uf_interfaces/lib/python3.12/site-packages/uf_interfaces-0.0.0-py3.12.egg-info/SOURCES.txt
-- Installing: /home/wyatt/Documents/GitHub/ros2_ws/install/uf_interfaces/lib/python3.12/site-packages/uf_interfaces
-- Installing: /home/wyatt/Documents/GitHub/ros2_ws/install/uf_interfaces/lib/python3.12/site-packages/uf_interfaces/_uf_interfaces_s.ep.rosidl_typesupport_fastrtps_c.c
-- Installing: /home/wyatt/Documents/GitHub/ros2_ws/install/uf_interfaces/lib/python3.12/site-packages/uf_interfaces/uf_interfaces_s__rosidl_typesupport_fastrtps_c.so
-- Installing: /home/wyatt/Documents/GitHub/ros2_ws/install/uf_interfaces/lib/python3.12/site-packages/uf_interfaces/uf_interfaces_s__rosidl_typesupport_introspection_c.so
-- Installing: /home/wyatt/Documents/GitHub/ros2_ws/install/uf_interfaces/lib/python3.12/site-packages/uf_interfaces/msg
-- Installing: /home/wyatt/Documents/GitHub/ros2_ws/install/uf_interfaces/lib/python3.12/site-packages/uf_interfaces/msg/_position_s.c
-- Installing: /home/wyatt/Documents/GitHub/ros2_ws/install/uf_interfaces/lib/python3.12/site-packages/uf_interfaces/msg/__init__.py
-- Installing: /home/wyatt/Documents/GitHub/ros2_ws/install/uf_interfaces/lib/python3.12/site-packages/uf_interfaces/msg/_position.py
-- Installing: /home/wyatt/Documents/GitHub/ros2_ws/install/uf_interfaces/lib/python3.12/site-packages/uf_interfaces/__init__.py
-- Installing: /home/wyatt/Documents/GitHub/ros2_ws/install/uf_interfaces/lib/python3.12/site-packages/uf_interfaces/srv
-- Installing: /home/wyatt/Documents/GitHub/ros2_ws/install/uf_interfaces/lib/python3.12/site-packages/uf_interfaces/srv/_geo_conv_s.c
-- Installing: /home/wyatt/Documents/GitHub/ros2_ws/install/uf_interfaces/lib/python3.12/site-packages/uf_interfaces/srv/_task_assign_s.c
-- Installing: /home/wyatt/Documents/GitHub/ros2_ws/install/uf_interfaces/lib/python3.12/site-packages/uf_interfaces/srv/__init__.py
-- Installing: /home/wyatt/Documents/GitHub/ros2_ws/install/uf_interfaces/lib/python3.12/site-packages/uf_interfaces/srv/_geo_conv.py
-- Installing: /home/wyatt/Documents/GitHub/ros2_ws/install/uf_interfaces/lib/python3.12/site-packages/uf_interfaces/srv/_task_assign.py
-- Installing: /home/wyatt/Documents/GitHub/ros2_ws/install/uf_interfaces/lib/python3.12/site-packages/uf_interfaces/uf_interfaces_s__rosidl_typesupport_c.so
-- Installing: /home/wyatt/Documents/GitHub/ros2_ws/install/uf_interfaces/lib/python3.12/site-packages/uf_interfaces/_uf_interfaces_s.ep.rosidl_typesupport_c.c
-- Installing: /home/wyatt/Documents/GitHub/ros2_ws/install/uf_interfaces/lib/python3.12/site-packages/uf_interfaces/_uf_interfaces_s.ep.rosidl_typesupport_introspection_c.c
-- Installing: /home/wyatt/Documents/GitHub/ros2_ws/install/uf_interfaces/lib/python3.12/site-packages/uf_interfaces/action
-- Installing: /home/wyatt/Documents/GitHub/ros2_ws/install/uf_interfaces/lib/python3.12/site-packages/uf_interfaces/action/_herd.py
-- Installing: /home/wyatt/Documents/GitHub/ros2_ws/install/uf_interfaces/lib/python3.12/site-packages/uf_interfaces/action/_defend_s.c
-- Installing: /home/wyatt/Documents/GitHub/ros2_ws/install/uf_interfaces/lib/python3.12/site-packages/uf_interfaces/action/__init__.py
-- Installing: /home/wyatt/Documents/GitHub/ros2_ws/install/uf_interfaces/lib/python3.12/site-packages/uf_interfaces/action/_herd_s.c
-- Installing: /home/wyatt/Documents/GitHub/ros2_ws/install/uf_interfaces/lib/python3.12/site-packages/uf_interfaces/action/_defend.py
Listing '/home/wyatt/Documents/GitHub/ros2_ws/install/uf_interfaces/lib/python3.12/site-packages/uf_interfaces'...
Compiling '/home/wyatt/Documents/GitHub/ros2_ws/install/uf_interfaces/lib/python3.12/site-packages/uf_interfaces/__init__.py'...
Listing '/home/wyatt/Documents/GitHub/ros2_ws/install/uf_interfaces/lib/python3.12/site-packages/uf_interfaces/action'...
Compiling '/home/wyatt/Documents/GitHub/ros2_ws/install/uf_interfaces/lib/python3.12/site-packages/uf_interfaces/action/__init__.py'...
Compiling '/home/wyatt/Documents/GitHub/ros2_ws/install/uf_interfaces/lib/python3.12/site-packages/uf_interfaces/action/_defend.py'...
Compiling '/home/wyatt/Documents/GitHub/ros2_ws/install/uf_interfaces/lib/python3.12/site-packages/uf_interfaces/action/_herd.py'...
Listing '/home/wyatt/Documents/GitHub/ros2_ws/install/uf_interfaces/lib/python3.12/site-packages/uf_interfaces/msg'...
Compiling '/home/wyatt/Documents/GitHub/ros2_ws/install/uf_interfaces/lib/python3.12/site-packages/uf_interfaces/msg/__init__.py'...
Compiling '/home/wyatt/Documents/GitHub/ros2_ws/install/uf_interfaces/lib/python3.12/site-packages/uf_interfaces/msg/_position.py'...
Listing '/home/wyatt/Documents/GitHub/ros2_ws/install/uf_interfaces/lib/python3.12/site-packages/uf_interfaces/srv'...
Compiling '/home/wyatt/Documents/GitHub/ros2_ws/install/uf_interfaces/lib/python3.12/site-packages/uf_interfaces/srv/__init__.py'...
Compiling '/home/wyatt/Documents/GitHub/ros2_ws/install/uf_interfaces/lib/python3.12/site-packages/uf_interfaces/srv/_geo_conv.py'...
Compiling '/home/wyatt/Documents/GitHub/ros2_ws/install/uf_interfaces/lib/python3.12/site-packages/uf_interfaces/srv/_task_assign.py'...
-- Installing: /home/wyatt/Documents/GitHub/ros2_ws/install/uf_interfaces/lib/python3.12/site-packages/uf_interfaces/uf_interfaces_s__rosidl_typesupport_fastrtps_c.so
-- Set non-toolchain portion of runtime path of "/home/wyatt/Documents/GitHub/ros2_ws/install/uf_interfaces/lib/python3.12/site-packages/uf_interfaces/uf_interfaces_s__rosidl_typesupport_fastrtps_c.so" to ""
-- Installing: /home/wyatt/Documents/GitHub/ros2_ws/install/uf_interfaces/lib/python3.12/site-packages/uf_interfaces/uf_interfaces_s__rosidl_typesupport_introspection_c.so
-- Set non-toolchain portion of runtime path of "/home/wyatt/Documents/GitHub/ros2_ws/install/uf_interfaces/lib/python3.12/site-packages/uf_interfaces/uf_interfaces_s__rosidl_typesupport_introspection_c.so" to ""
-- Installing: /home/wyatt/Documents/GitHub/ros2_ws/install/uf_interfaces/lib/python3.12/site-packages/uf_interfaces/uf_interfaces_s__rosidl_typesupport_c.so
-- Set non-toolchain portion of runtime path of "/home/wyatt/Documents/GitHub/ros2_ws/install/uf_interfaces/lib/python3.12/site-packages/uf_interfaces/uf_interfaces_s__rosidl_typesupport_c.so" to ""
-- Installing: /home/wyatt/Documents/GitHub/ros2_ws/install/uf_interfaces/lib/libuf_interfaces__rosidl_generator_py.so
-- Set non-toolchain portion of runtime path of "/home/wyatt/Documents/GitHub/ros2_ws/install/uf_interfaces/lib/libuf_interfaces__rosidl_generator_py.so" to ""
-- Installing: /home/wyatt/Documents/GitHub/ros2_ws/install/uf_interfaces/share/uf_interfaces/action/Defend.idl
-- Installing: /home/wyatt/Documents/GitHub/ros2_ws/install/uf_interfaces/share/uf_interfaces/action/Herd.idl
-- Installing: /home/wyatt/Documents/GitHub/ros2_ws/install/uf_interfaces/share/uf_interfaces/msg/Position.idl
-- Installing: /home/wyatt/Documents/GitHub/ros2_ws/install/uf_interfaces/share/uf_interfaces/srv/TaskAssign.idl
-- Installing: /home/wyatt/Documents/GitHub/ros2_ws/install/uf_interfaces/share/uf_interfaces/srv/GeoConv.idl
-- Installing: /home/wyatt/Documents/GitHub/ros2_ws/install/uf_interfaces/share/uf_interfaces/action/Defend.action
-- Installing: /home/wyatt/Documents/GitHub/ros2_ws/install/uf_interfaces/share/uf_interfaces/action/Herd.action
-- Installing: /home/wyatt/Documents/GitHub/ros2_ws/install/uf_interfaces/share/uf_interfaces/msg/Position.msg
-- Installing: /home/wyatt/Documents/GitHub/ros2_ws/install/uf_interfaces/share/uf_interfaces/srv/TaskAssign.srv
-- Installing: /home/wyatt/Documents/GitHub/ros2_ws/install/uf_interfaces/share/uf_interfaces/srv/GeoConv.srv
-- Installing: /home/wyatt/Documents/GitHub/ros2_ws/install/uf_interfaces/share/ament_index/resource_index/package_run_dependencies/uf_interfaces
-- Installing: /home/wyatt/Documents/GitHub/ros2_ws/install/uf_interfaces/share/ament_index/resource_index/parent_prefix_path/uf_interfaces
-- Installing: /home/wyatt/Documents/GitHub/ros2_ws/install/uf_interfaces/share/uf_interfaces/environment/ament_prefix_path.sh
-- Installing: /home/wyatt/Documents/GitHub/ros2_ws/install/uf_interfaces/share/uf_interfaces/environment/ament_prefix_path.dsv
-- Installing: /home/wyatt/Documents/GitHub/ros2_ws/install/uf_interfaces/share/uf_interfaces/environment/path.sh
-- Installing: /home/wyatt/Documents/GitHub/ros2_ws/install/uf_interfaces/share/uf_interfaces/environment/path.dsv
-- Installing: /home/wyatt/Documents/GitHub/ros2_ws/install/uf_interfaces/share/uf_interfaces/local_setup.bash
-- Installing: /home/wyatt/Documents/GitHub/ros2_ws/install/uf_interfaces/share/uf_interfaces/local_setup.sh
-- Installing: /home/wyatt/Documents/GitHub/ros2_ws/install/uf_interfaces/share/uf_interfaces/local_setup.zsh
-- Installing: /home/wyatt/Documents/GitHub/ros2_ws/install/uf_interfaces/share/uf_interfaces/local_setup.dsv
-- Installing: /home/wyatt/Documents/GitHub/ros2_ws/install/uf_interfaces/share/uf_interfaces/package.dsv
-- Installing: /home/wyatt/Documents/GitHub/ros2_ws/install/uf_interfaces/share/ament_index/resource_index/packages/uf_interfaces
-- Installing: /home/wyatt/Documents/GitHub/ros2_ws/install/uf_interfaces/share/uf_interfaces/cmake/export_uf_interfaces__rosidl_generator_cExport.cmake
-- Installing: /home/wyatt/Documents/GitHub/ros2_ws/install/uf_interfaces/share/uf_interfaces/cmake/export_uf_interfaces__rosidl_generator_cExport-noconfig.cmake
-- Installing: /home/wyatt/Documents/GitHub/ros2_ws/install/uf_interfaces/share/uf_interfaces/cmake/export_uf_interfaces__rosidl_typesupport_fastrtps_cExport.cmake
-- Installing: /home/wyatt/Documents/GitHub/ros2_ws/install/uf_interfaces/share/uf_interfaces/cmake/export_uf_interfaces__rosidl_typesupport_fastrtps_cExport-noconfig.cmake
-- Installing: /home/wyatt/Documents/GitHub/ros2_ws/install/uf_interfaces/share/uf_interfaces/cmake/export_uf_interfaces__rosidl_generator_cppExport.cmake
-- Installing: /home/wyatt/Documents/GitHub/ros2_ws/install/uf_interfaces/share/uf_interfaces/cmake/export_uf_interfaces__rosidl_typesupport_fastrtps_cppExport.cmake
-- Installing: /home/wyatt/Documents/GitHub/ros2_ws/install/uf_interfaces/share/uf_interfaces/cmake/export_uf_interfaces__rosidl_typesupport_fastrtps_cppExport-noconfig.cmake
-- Installing: /home/wyatt/Documents/GitHub/ros2_ws/install/uf_interfaces/share/uf_interfaces/cmake/uf_interfaces__rosidl_typesupport_introspection_cExport.cmake
-- Installing: /home/wyatt/Documents/GitHub/ros2_ws/install/uf_interfaces/share/uf_interfaces/cmake/uf_interfaces__rosidl_typesupport_introspection_cExport-noconfig.cmake
-- Installing: /home/wyatt/Documents/GitHub/ros2_ws/install/uf_interfaces/share/uf_interfaces/cmake/uf_interfaces__rosidl_typesupport_cExport.cmake
-- Installing: /home/wyatt/Documents/GitHub/ros2_ws/install/uf_interfaces/share/uf_interfaces/cmake/uf_interfaces__rosidl_typesupport_cExport-noconfig.cmake
-- Installing: /home/wyatt/Documents/GitHub/ros2_ws/install/uf_interfaces/share/uf_interfaces/cmake/uf_interfaces__rosidl_typesupport_introspection_cppExport.cmake
-- Installing: /home/wyatt/Documents/GitHub/ros2_ws/install/uf_interfaces/share/uf_interfaces/cmake/uf_interfaces__rosidl_typesupport_introspection_cppExport-noconfig.cmake
-- Installing: /home/wyatt/Documents/GitHub/ros2_ws/install/uf_interfaces/share/uf_interfaces/cmake/uf_interfaces__rosidl_typesupport_cppExport.cmake
-- Installing: /home/wyatt/Documents/GitHub/ros2_ws/install/uf_interfaces/share/uf_interfaces/cmake/uf_interfaces__rosidl_typesupport_cppExport-noconfig.cmake
-- Installing: /home/wyatt/Documents/GitHub/ros2_ws/install/uf_interfaces/share/uf_interfaces/cmake/export_uf_interfaces__rosidl_generator_pyExport.cmake
-- Installing: /home/wyatt/Documents/GitHub/ros2_ws/install/uf_interfaces/share/uf_interfaces/cmake/export_uf_interfaces__rosidl_generator_pyExport-noconfig.cmake
-- Installing: /home/wyatt/Documents/GitHub/ros2_ws/install/uf_interfaces/share/uf_interfaces/cmake/rosidl_cmake-extras.cmake
-- Installing: /home/wyatt/Documents/GitHub/ros2_ws/install/uf_interfaces/share/uf_interfaces/cmake/ament_cmake_export_dependencies-extras.cmake
-- Installing: /home/wyatt/Documents/GitHub/ros2_ws/install/uf_interfaces/share/uf_interfaces/cmake/ament_cmake_export_include_directories-extras.cmake
-- Installing: /home/wyatt/Documents/GitHub/ros2_ws/install/uf_interfaces/share/uf_interfaces/cmake/ament_cmake_export_libraries-extras.cmake
-- Installing: /home/wyatt/Documents/GitHub/ros2_ws/install/uf_interfaces/share/uf_interfaces/cmake/ament_cmake_export_targets-extras.cmake
-- Installing: /home/wyatt/Documents/GitHub/ros2_ws/install/uf_interfaces/share/uf_interfaces/cmake/rosidl_cmake_export_typesupport_targets-extras.cmake
-- Installing: /home/wyatt/Documents/GitHub/ros2_ws/install/uf_interfaces/share/uf_interfaces/cmake/rosidl_cmake_export_typesupport_libraries-extras.cmake
-- Installing: /home/wyatt/Documents/GitHub/ros2_ws/install/uf_interfaces/share/uf_interfaces/cmake/uf_interfacesConfig.cmake
-- Installing: /home/wyatt/Documents/GitHub/ros2_ws/install/uf_interfaces/share/uf_interfaces/cmake/uf_interfacesConfig-version.cmake
-- Installing: /home/wyatt/Documents/GitHub/ros2_ws/install/uf_interfaces/share/uf_interfaces/package.xml
