[2.815s] Invoking command in '/home/wyatt/ros2_ws/src/matplotlib_sim': PYTHONPATH=/home/wyatt/ros2_ws/build/matplotlib_sim/prefix_override:/home/wyatt/ros2_ws/install/matplotlib_sim/lib/python3.10/site-packages:${PYTHONPATH} /usr/bin/python3 -W ignore:setup.py install is deprecated setup.py egg_info --egg-base ../../build/matplotlib_sim build --build-base /home/wyatt/ros2_ws/build/matplotlib_sim/build install --record /home/wyatt/ros2_ws/build/matplotlib_sim/install.log --single-version-externally-managed install_data
[3.522s] running egg_info
[3.524s] writing ../../build/matplotlib_sim/matplotlib_sim.egg-info/PKG-INFO
[3.525s] writing dependency_links to ../../build/matplotlib_sim/matplotlib_sim.egg-info/dependency_links.txt
[3.526s] writing entry points to ../../build/matplotlib_sim/matplotlib_sim.egg-info/entry_points.txt
[3.527s] writing requirements to ../../build/matplotlib_sim/matplotlib_sim.egg-info/requires.txt
[3.527s] writing top-level names to ../../build/matplotlib_sim/matplotlib_sim.egg-info/top_level.txt
[3.532s] reading manifest file '../../build/matplotlib_sim/matplotlib_sim.egg-info/SOURCES.txt'
[3.537s] writing manifest file '../../build/matplotlib_sim/matplotlib_sim.egg-info/SOURCES.txt'
[3.539s] running build
[3.539s] running build_py
[3.539s] running install
[3.540s] running install_lib
[3.543s] running install_data
[3.544s] running install_egg_info
[3.548s] removing '/home/wyatt/ros2_ws/install/matplotlib_sim/lib/python3.10/site-packages/matplotlib_sim-0.0.0-py3.10.egg-info' (and everything under it)
[3.555s] Copying ../../build/matplotlib_sim/matplotlib_sim.egg-info to /home/wyatt/ros2_ws/install/matplotlib_sim/lib/python3.10/site-packages/matplotlib_sim-0.0.0-py3.10.egg-info
[3.559s] running install_scripts
[3.624s] Installing matplotlib_sim_node script to /home/wyatt/ros2_ws/install/matplotlib_sim/lib/matplotlib_sim
[3.625s] writing list of installed files to '/home/wyatt/ros2_ws/build/matplotlib_sim/install.log'
[3.754s] Invoked command in '/home/wyatt/ros2_ws/src/matplotlib_sim' returned '0': PYTHONPATH=/home/wyatt/ros2_ws/build/matplotlib_sim/prefix_override:/home/wyatt/ros2_ws/install/matplotlib_sim/lib/python3.10/site-packages:${PYTHONPATH} /usr/bin/python3 -W ignore:setup.py install is deprecated setup.py egg_info --egg-base ../../build/matplotlib_sim build --build-base /home/wyatt/ros2_ws/build/matplotlib_sim/build install --record /home/wyatt/ros2_ws/build/matplotlib_sim/install.log --single-version-externally-managed install_data
