[1.679s] Invoking command in '/home/wyatt/ros2_ws/src/herding_control': PYTHONPATH=/home/wyatt/ros2_ws/build/herding_control/prefix_override:/usr/lib/python3/dist-packages/colcon_core/task/python/colcon_distutils_commands:/home/wyatt/ros2_ws/install/herding_control/lib/python3.10/site-packages:${PYTHONPATH} /usr/bin/python3 -W ignore:setup.py install is deprecated -W ignore:easy_install command is deprecated setup.py egg_info --egg-base ../../build/herding_control build --build-base /home/wyatt/ros2_ws/build/herding_control/build install --record /home/wyatt/ros2_ws/build/herding_control/install.log --single-version-externally-managed install_data
[2.339s] running egg_info
[2.341s] writing ../../build/herding_control/herding_control.egg-info/PKG-INFO
[2.342s] writing dependency_links to ../../build/herding_control/herding_control.egg-info/dependency_links.txt
[2.342s] writing entry points to ../../build/herding_control/herding_control.egg-info/entry_points.txt
[2.342s] writing requirements to ../../build/herding_control/herding_control.egg-info/requires.txt
[2.343s] writing top-level names to ../../build/herding_control/herding_control.egg-info/top_level.txt
[2.347s] reading manifest file '../../build/herding_control/herding_control.egg-info/SOURCES.txt'
[2.349s] writing manifest file '../../build/herding_control/herding_control.egg-info/SOURCES.txt'
[2.353s] running build
[2.353s] running build_py
[2.355s] running install
[2.355s] running install_lib
[2.355s] running install_data
[2.355s] copying launch/herding_sim_rviz_launch.py -> /home/wyatt/ros2_ws/install/herding_control/share/herding_control/launch
[2.355s] running install_egg_info
[2.362s] removing '/home/wyatt/ros2_ws/install/herding_control/lib/python3.10/site-packages/herding_control-0.0.0-py3.10.egg-info' (and everything under it)
[2.362s] Copying ../../build/herding_control/herding_control.egg-info to /home/wyatt/ros2_ws/install/herding_control/lib/python3.10/site-packages/herding_control-0.0.0-py3.10.egg-info
[2.362s] running install_scripts
[2.422s] Installing herding_agent_node script to /home/wyatt/ros2_ws/install/herding_control/lib/herding_control
[2.422s] Installing herding_target_node script to /home/wyatt/ros2_ws/install/herding_control/lib/herding_control
[2.422s] writing list of installed files to '/home/wyatt/ros2_ws/build/herding_control/install.log'
[3.094s] Invoked command in '/home/wyatt/ros2_ws/src/herding_control' returned '0': PYTHONPATH=/home/wyatt/ros2_ws/build/herding_control/prefix_override:/usr/lib/python3/dist-packages/colcon_core/task/python/colcon_distutils_commands:/home/wyatt/ros2_ws/install/herding_control/lib/python3.10/site-packages:${PYTHONPATH} /usr/bin/python3 -W ignore:setup.py install is deprecated -W ignore:easy_install command is deprecated setup.py egg_info --egg-base ../../build/herding_control build --build-base /home/wyatt/ros2_ws/build/herding_control/build install --record /home/wyatt/ros2_ws/build/herding_control/install.log --single-version-externally-managed install_data
