[0.704s] DEBUG:colcon:Command line arguments: ['/usr/bin/colcon', 'build']
[0.704s] DEBUG:colcon:Parsed command line arguments: Namespace(log_base=None, log_level=None, verb_name='build', build_base='build', install_base='install', merge_install=False, symlink_install=False, test_result_base=None, continue_on_error=False, executor='parallel', parallel_workers=8, event_handlers=None, ignore_user_meta=False, metas=['./colcon.meta'], base_paths=['.'], packages_ignore=None, packages_ignore_regex=None, paths=None, packages_up_to=None, packages_up_to_regex=None, packages_above=None, packages_above_and_dependencies=None, packages_above_depth=None, packages_select_by_dep=None, packages_skip_by_dep=None, packages_skip_up_to=None, packages_select_build_failed=False, packages_skip_build_finished=False, packages_select_test_failures=False, packages_skip_test_passed=False, packages_select=None, packages_skip=None, packages_select_regex=None, packages_skip_regex=None, packages_start=None, packages_end=None, allow_overriding=[], cmake_args=None, cmake_target=None, cmake_target_skip_unavailable=False, cmake_clean_cache=False, cmake_clean_first=False, cmake_force_configure=False, ament_cmake_args=None, catkin_cmake_args=None, catkin_skip_building_tests=False, verb_parser=<colcon_defaults.argument_parser.defaults.DefaultArgumentsDecorator object at 0x7fe7b2980d60>, verb_extension=<colcon_core.verb.build.BuildVerb object at 0x7fe7b2981a20>, main=<bound method BuildVerb.main of <colcon_core.verb.build.BuildVerb object at 0x7fe7b2981a20>>)
[0.736s] Level 1:colcon.colcon_core.package_discovery:discover_packages(colcon_meta) check parameters
[0.736s] Level 1:colcon.colcon_core.package_discovery:discover_packages(recursive) check parameters
[0.736s] Level 1:colcon.colcon_core.package_discovery:discover_packages(ignore) check parameters
[0.736s] Level 1:colcon.colcon_core.package_discovery:discover_packages(path) check parameters
[0.736s] Level 1:colcon.colcon_core.package_discovery:discover_packages(colcon_meta) discover
[0.737s] Level 1:colcon.colcon_core.package_discovery:discover_packages(recursive) discover
[0.737s] INFO:colcon.colcon_core.package_discovery:Crawling recursively for packages in '/home/wyatt/git_ros2/ros2_ws'
[0.737s] Level 1:colcon.colcon_core.package_identification:_identify(.) by extensions ['ignore', 'ignore_ament_install']
[0.737s] Level 1:colcon.colcon_core.package_identification:_identify(.) by extension 'ignore'
[0.737s] Level 1:colcon.colcon_core.package_identification:_identify(.) by extension 'ignore_ament_install'
[0.737s] Level 1:colcon.colcon_core.package_identification:_identify(.) by extensions ['colcon_pkg']
[0.737s] Level 1:colcon.colcon_core.package_identification:_identify(.) by extension 'colcon_pkg'
[0.737s] Level 1:colcon.colcon_core.package_identification:_identify(.) by extensions ['colcon_meta']
[0.737s] Level 1:colcon.colcon_core.package_identification:_identify(.) by extension 'colcon_meta'
[0.737s] Level 1:colcon.colcon_core.package_identification:_identify(.) by extensions ['ros']
[0.737s] Level 1:colcon.colcon_core.package_identification:_identify(.) by extension 'ros'
[0.745s] Level 1:colcon.colcon_core.package_identification:_identify(.) by extensions ['cmake', 'python']
[0.745s] Level 1:colcon.colcon_core.package_identification:_identify(.) by extension 'cmake'
[0.745s] Level 1:colcon.colcon_core.package_identification:_identify(.) by extension 'python'
[0.745s] Level 1:colcon.colcon_core.package_identification:_identify(.) by extensions ['python_setup_py']
[0.745s] Level 1:colcon.colcon_core.package_identification:_identify(.) by extension 'python_setup_py'
[0.745s] Level 1:colcon.colcon_core.package_identification:_identify(Simulation_2024-03-19_13-54-36) by extensions ['ignore', 'ignore_ament_install']
[0.745s] Level 1:colcon.colcon_core.package_identification:_identify(Simulation_2024-03-19_13-54-36) by extension 'ignore'
[0.745s] Level 1:colcon.colcon_core.package_identification:_identify(Simulation_2024-03-19_13-54-36) by extension 'ignore_ament_install'
[0.745s] Level 1:colcon.colcon_core.package_identification:_identify(Simulation_2024-03-19_13-54-36) by extensions ['colcon_pkg']
[0.746s] Level 1:colcon.colcon_core.package_identification:_identify(Simulation_2024-03-19_13-54-36) by extension 'colcon_pkg'
[0.746s] Level 1:colcon.colcon_core.package_identification:_identify(Simulation_2024-03-19_13-54-36) by extensions ['colcon_meta']
[0.746s] Level 1:colcon.colcon_core.package_identification:_identify(Simulation_2024-03-19_13-54-36) by extension 'colcon_meta'
[0.746s] Level 1:colcon.colcon_core.package_identification:_identify(Simulation_2024-03-19_13-54-36) by extensions ['ros']
[0.746s] Level 1:colcon.colcon_core.package_identification:_identify(Simulation_2024-03-19_13-54-36) by extension 'ros'
[0.746s] Level 1:colcon.colcon_core.package_identification:_identify(Simulation_2024-03-19_13-54-36) by extensions ['cmake', 'python']
[0.746s] Level 1:colcon.colcon_core.package_identification:_identify(Simulation_2024-03-19_13-54-36) by extension 'cmake'
[0.746s] Level 1:colcon.colcon_core.package_identification:_identify(Simulation_2024-03-19_13-54-36) by extension 'python'
[0.746s] Level 1:colcon.colcon_core.package_identification:_identify(Simulation_2024-03-19_13-54-36) by extensions ['python_setup_py']
[0.746s] Level 1:colcon.colcon_core.package_identification:_identify(Simulation_2024-03-19_13-54-36) by extension 'python_setup_py'
[0.746s] Level 1:colcon.colcon_core.package_identification:_identify(Simulation_2024-03-19_14-02-58) by extensions ['ignore', 'ignore_ament_install']
[0.746s] Level 1:colcon.colcon_core.package_identification:_identify(Simulation_2024-03-19_14-02-58) by extension 'ignore'
[0.746s] Level 1:colcon.colcon_core.package_identification:_identify(Simulation_2024-03-19_14-02-58) by extension 'ignore_ament_install'
[0.746s] Level 1:colcon.colcon_core.package_identification:_identify(Simulation_2024-03-19_14-02-58) by extensions ['colcon_pkg']
[0.746s] Level 1:colcon.colcon_core.package_identification:_identify(Simulation_2024-03-19_14-02-58) by extension 'colcon_pkg'
[0.746s] Level 1:colcon.colcon_core.package_identification:_identify(Simulation_2024-03-19_14-02-58) by extensions ['colcon_meta']
[0.746s] Level 1:colcon.colcon_core.package_identification:_identify(Simulation_2024-03-19_14-02-58) by extension 'colcon_meta'
[0.746s] Level 1:colcon.colcon_core.package_identification:_identify(Simulation_2024-03-19_14-02-58) by extensions ['ros']
[0.746s] Level 1:colcon.colcon_core.package_identification:_identify(Simulation_2024-03-19_14-02-58) by extension 'ros'
[0.746s] Level 1:colcon.colcon_core.package_identification:_identify(Simulation_2024-03-19_14-02-58) by extensions ['cmake', 'python']
[0.746s] Level 1:colcon.colcon_core.package_identification:_identify(Simulation_2024-03-19_14-02-58) by extension 'cmake'
[0.747s] Level 1:colcon.colcon_core.package_identification:_identify(Simulation_2024-03-19_14-02-58) by extension 'python'
[0.747s] Level 1:colcon.colcon_core.package_identification:_identify(Simulation_2024-03-19_14-02-58) by extensions ['python_setup_py']
[0.747s] Level 1:colcon.colcon_core.package_identification:_identify(Simulation_2024-03-19_14-02-58) by extension 'python_setup_py'
[0.747s] Level 1:colcon.colcon_core.package_identification:_identify(Simulation_2024-03-19_14-14-00) by extensions ['ignore', 'ignore_ament_install']
[0.747s] Level 1:colcon.colcon_core.package_identification:_identify(Simulation_2024-03-19_14-14-00) by extension 'ignore'
[0.747s] Level 1:colcon.colcon_core.package_identification:_identify(Simulation_2024-03-19_14-14-00) by extension 'ignore_ament_install'
[0.747s] Level 1:colcon.colcon_core.package_identification:_identify(Simulation_2024-03-19_14-14-00) by extensions ['colcon_pkg']
[0.747s] Level 1:colcon.colcon_core.package_identification:_identify(Simulation_2024-03-19_14-14-00) by extension 'colcon_pkg'
[0.747s] Level 1:colcon.colcon_core.package_identification:_identify(Simulation_2024-03-19_14-14-00) by extensions ['colcon_meta']
[0.747s] Level 1:colcon.colcon_core.package_identification:_identify(Simulation_2024-03-19_14-14-00) by extension 'colcon_meta'
[0.747s] Level 1:colcon.colcon_core.package_identification:_identify(Simulation_2024-03-19_14-14-00) by extensions ['ros']
[0.747s] Level 1:colcon.colcon_core.package_identification:_identify(Simulation_2024-03-19_14-14-00) by extension 'ros'
[0.747s] Level 1:colcon.colcon_core.package_identification:_identify(Simulation_2024-03-19_14-14-00) by extensions ['cmake', 'python']
[0.747s] Level 1:colcon.colcon_core.package_identification:_identify(Simulation_2024-03-19_14-14-00) by extension 'cmake'
[0.747s] Level 1:colcon.colcon_core.package_identification:_identify(Simulation_2024-03-19_14-14-00) by extension 'python'
[0.747s] Level 1:colcon.colcon_core.package_identification:_identify(Simulation_2024-03-19_14-14-00) by extensions ['python_setup_py']
[0.747s] Level 1:colcon.colcon_core.package_identification:_identify(Simulation_2024-03-19_14-14-00) by extension 'python_setup_py'
[0.747s] Level 1:colcon.colcon_core.package_identification:_identify(a_NO-DELETE-Simulation_2024-02-25_13-50-01) by extensions ['ignore', 'ignore_ament_install']
[0.747s] Level 1:colcon.colcon_core.package_identification:_identify(a_NO-DELETE-Simulation_2024-02-25_13-50-01) by extension 'ignore'
[0.747s] Level 1:colcon.colcon_core.package_identification:_identify(a_NO-DELETE-Simulation_2024-02-25_13-50-01) by extension 'ignore_ament_install'
[0.748s] Level 1:colcon.colcon_core.package_identification:_identify(a_NO-DELETE-Simulation_2024-02-25_13-50-01) by extensions ['colcon_pkg']
[0.748s] Level 1:colcon.colcon_core.package_identification:_identify(a_NO-DELETE-Simulation_2024-02-25_13-50-01) by extension 'colcon_pkg'
[0.748s] Level 1:colcon.colcon_core.package_identification:_identify(a_NO-DELETE-Simulation_2024-02-25_13-50-01) by extensions ['colcon_meta']
[0.748s] Level 1:colcon.colcon_core.package_identification:_identify(a_NO-DELETE-Simulation_2024-02-25_13-50-01) by extension 'colcon_meta'
[0.748s] Level 1:colcon.colcon_core.package_identification:_identify(a_NO-DELETE-Simulation_2024-02-25_13-50-01) by extensions ['ros']
[0.748s] Level 1:colcon.colcon_core.package_identification:_identify(a_NO-DELETE-Simulation_2024-02-25_13-50-01) by extension 'ros'
[0.748s] Level 1:colcon.colcon_core.package_identification:_identify(a_NO-DELETE-Simulation_2024-02-25_13-50-01) by extensions ['cmake', 'python']
[0.748s] Level 1:colcon.colcon_core.package_identification:_identify(a_NO-DELETE-Simulation_2024-02-25_13-50-01) by extension 'cmake'
[0.748s] Level 1:colcon.colcon_core.package_identification:_identify(a_NO-DELETE-Simulation_2024-02-25_13-50-01) by extension 'python'
[0.748s] Level 1:colcon.colcon_core.package_identification:_identify(a_NO-DELETE-Simulation_2024-02-25_13-50-01) by extensions ['python_setup_py']
[0.748s] Level 1:colcon.colcon_core.package_identification:_identify(a_NO-DELETE-Simulation_2024-02-25_13-50-01) by extension 'python_setup_py'
[0.748s] Level 1:colcon.colcon_core.package_identification:_identify(a_NO-DELETE-rosbag2_2024_02_29-14_30_00) by extensions ['ignore', 'ignore_ament_install']
[0.748s] Level 1:colcon.colcon_core.package_identification:_identify(a_NO-DELETE-rosbag2_2024_02_29-14_30_00) by extension 'ignore'
[0.748s] Level 1:colcon.colcon_core.package_identification:_identify(a_NO-DELETE-rosbag2_2024_02_29-14_30_00) by extension 'ignore_ament_install'
[0.748s] Level 1:colcon.colcon_core.package_identification:_identify(a_NO-DELETE-rosbag2_2024_02_29-14_30_00) by extensions ['colcon_pkg']
[0.748s] Level 1:colcon.colcon_core.package_identification:_identify(a_NO-DELETE-rosbag2_2024_02_29-14_30_00) by extension 'colcon_pkg'
[0.748s] Level 1:colcon.colcon_core.package_identification:_identify(a_NO-DELETE-rosbag2_2024_02_29-14_30_00) by extensions ['colcon_meta']
[0.748s] Level 1:colcon.colcon_core.package_identification:_identify(a_NO-DELETE-rosbag2_2024_02_29-14_30_00) by extension 'colcon_meta'
[0.748s] Level 1:colcon.colcon_core.package_identification:_identify(a_NO-DELETE-rosbag2_2024_02_29-14_30_00) by extensions ['ros']
[0.748s] Level 1:colcon.colcon_core.package_identification:_identify(a_NO-DELETE-rosbag2_2024_02_29-14_30_00) by extension 'ros'
[0.748s] Level 1:colcon.colcon_core.package_identification:_identify(a_NO-DELETE-rosbag2_2024_02_29-14_30_00) by extensions ['cmake', 'python']
[0.748s] Level 1:colcon.colcon_core.package_identification:_identify(a_NO-DELETE-rosbag2_2024_02_29-14_30_00) by extension 'cmake'
[0.748s] Level 1:colcon.colcon_core.package_identification:_identify(a_NO-DELETE-rosbag2_2024_02_29-14_30_00) by extension 'python'
[0.748s] Level 1:colcon.colcon_core.package_identification:_identify(a_NO-DELETE-rosbag2_2024_02_29-14_30_00) by extensions ['python_setup_py']
[0.749s] Level 1:colcon.colcon_core.package_identification:_identify(a_NO-DELETE-rosbag2_2024_02_29-14_30_00) by extension 'python_setup_py'
[0.749s] Level 1:colcon.colcon_core.package_identification:_identify(build) by extensions ['ignore', 'ignore_ament_install']
[0.749s] Level 1:colcon.colcon_core.package_identification:_identify(build) by extension 'ignore'
[0.749s] Level 1:colcon.colcon_core.package_identification:_identify(build) ignored
[0.749s] Level 1:colcon.colcon_core.package_identification:_identify(install) by extensions ['ignore', 'ignore_ament_install']
[0.749s] Level 1:colcon.colcon_core.package_identification:_identify(install) by extension 'ignore'
[0.749s] Level 1:colcon.colcon_core.package_identification:_identify(install) ignored
[0.749s] Level 1:colcon.colcon_core.package_identification:_identify(log) by extensions ['ignore', 'ignore_ament_install']
[0.749s] Level 1:colcon.colcon_core.package_identification:_identify(log) by extension 'ignore'
[0.749s] Level 1:colcon.colcon_core.package_identification:_identify(log) ignored
[0.749s] Level 1:colcon.colcon_core.package_identification:_identify(src) by extensions ['ignore', 'ignore_ament_install']
[0.749s] Level 1:colcon.colcon_core.package_identification:_identify(src) by extension 'ignore'
[0.749s] Level 1:colcon.colcon_core.package_identification:_identify(src) by extension 'ignore_ament_install'
[0.749s] Level 1:colcon.colcon_core.package_identification:_identify(src) by extensions ['colcon_pkg']
[0.750s] Level 1:colcon.colcon_core.package_identification:_identify(src) by extension 'colcon_pkg'
[0.750s] Level 1:colcon.colcon_core.package_identification:_identify(src) by extensions ['colcon_meta']
[0.750s] Level 1:colcon.colcon_core.package_identification:_identify(src) by extension 'colcon_meta'
[0.750s] Level 1:colcon.colcon_core.package_identification:_identify(src) by extensions ['ros']
[0.750s] Level 1:colcon.colcon_core.package_identification:_identify(src) by extension 'ros'
[0.750s] Level 1:colcon.colcon_core.package_identification:_identify(src) by extensions ['cmake', 'python']
[0.750s] Level 1:colcon.colcon_core.package_identification:_identify(src) by extension 'cmake'
[0.750s] Level 1:colcon.colcon_core.package_identification:_identify(src) by extension 'python'
[0.750s] Level 1:colcon.colcon_core.package_identification:_identify(src) by extensions ['python_setup_py']
[0.750s] Level 1:colcon.colcon_core.package_identification:_identify(src) by extension 'python_setup_py'
[0.750s] Level 1:colcon.colcon_core.package_identification:_identify(src/estop_button) by extensions ['ignore', 'ignore_ament_install']
[0.750s] Level 1:colcon.colcon_core.package_identification:_identify(src/estop_button) by extension 'ignore'
[0.750s] Level 1:colcon.colcon_core.package_identification:_identify(src/estop_button) by extension 'ignore_ament_install'
[0.750s] Level 1:colcon.colcon_core.package_identification:_identify(src/estop_button) by extensions ['colcon_pkg']
[0.750s] Level 1:colcon.colcon_core.package_identification:_identify(src/estop_button) by extension 'colcon_pkg'
[0.750s] Level 1:colcon.colcon_core.package_identification:_identify(src/estop_button) by extensions ['colcon_meta']
[0.750s] Level 1:colcon.colcon_core.package_identification:_identify(src/estop_button) by extension 'colcon_meta'
[0.750s] Level 1:colcon.colcon_core.package_identification:_identify(src/estop_button) by extensions ['ros']
[0.750s] Level 1:colcon.colcon_core.package_identification:_identify(src/estop_button) by extension 'ros'
[0.752s] DEBUG:colcon.colcon_core.package_identification:Package 'src/estop_button' with type 'ros.ament_python' and name 'estop_button'
[0.752s] Level 1:colcon.colcon_core.package_identification:_identify(src/herding_v1_package) by extensions ['ignore', 'ignore_ament_install']
[0.752s] Level 1:colcon.colcon_core.package_identification:_identify(src/herding_v1_package) by extension 'ignore'
[0.752s] Level 1:colcon.colcon_core.package_identification:_identify(src/herding_v1_package) by extension 'ignore_ament_install'
[0.752s] Level 1:colcon.colcon_core.package_identification:_identify(src/herding_v1_package) by extensions ['colcon_pkg']
[0.752s] Level 1:colcon.colcon_core.package_identification:_identify(src/herding_v1_package) by extension 'colcon_pkg'
[0.752s] Level 1:colcon.colcon_core.package_identification:_identify(src/herding_v1_package) by extensions ['colcon_meta']
[0.752s] Level 1:colcon.colcon_core.package_identification:_identify(src/herding_v1_package) by extension 'colcon_meta'
[0.753s] Level 1:colcon.colcon_core.package_identification:_identify(src/herding_v1_package) by extensions ['ros']
[0.753s] Level 1:colcon.colcon_core.package_identification:_identify(src/herding_v1_package) by extension 'ros'
[0.753s] DEBUG:colcon.colcon_core.package_identification:Package 'src/herding_v1_package' with type 'ros.ament_python' and name 'herding_v1_package'
[0.753s] Level 1:colcon.colcon_core.package_identification:_identify(src/test_herding_pkg) by extensions ['ignore', 'ignore_ament_install']
[0.753s] Level 1:colcon.colcon_core.package_identification:_identify(src/test_herding_pkg) by extension 'ignore'
[0.753s] Level 1:colcon.colcon_core.package_identification:_identify(src/test_herding_pkg) by extension 'ignore_ament_install'
[0.753s] Level 1:colcon.colcon_core.package_identification:_identify(src/test_herding_pkg) by extensions ['colcon_pkg']
[0.753s] Level 1:colcon.colcon_core.package_identification:_identify(src/test_herding_pkg) by extension 'colcon_pkg'
[0.753s] Level 1:colcon.colcon_core.package_identification:_identify(src/test_herding_pkg) by extensions ['colcon_meta']
[0.753s] Level 1:colcon.colcon_core.package_identification:_identify(src/test_herding_pkg) by extension 'colcon_meta'
[0.753s] Level 1:colcon.colcon_core.package_identification:_identify(src/test_herding_pkg) by extensions ['ros']
[0.753s] Level 1:colcon.colcon_core.package_identification:_identify(src/test_herding_pkg) by extension 'ros'
[0.754s] DEBUG:colcon.colcon_core.package_identification:Package 'src/test_herding_pkg' with type 'ros.ament_python' and name 'test_herding_pkg'
[0.754s] Level 1:colcon.colcon_core.package_identification:_identify(src/uf_interfaces) by extensions ['ignore', 'ignore_ament_install']
[0.754s] Level 1:colcon.colcon_core.package_identification:_identify(src/uf_interfaces) by extension 'ignore'
[0.754s] Level 1:colcon.colcon_core.package_identification:_identify(src/uf_interfaces) by extension 'ignore_ament_install'
[0.754s] Level 1:colcon.colcon_core.package_identification:_identify(src/uf_interfaces) by extensions ['colcon_pkg']
[0.754s] Level 1:colcon.colcon_core.package_identification:_identify(src/uf_interfaces) by extension 'colcon_pkg'
[0.754s] Level 1:colcon.colcon_core.package_identification:_identify(src/uf_interfaces) by extensions ['colcon_meta']
[0.754s] Level 1:colcon.colcon_core.package_identification:_identify(src/uf_interfaces) by extension 'colcon_meta'
[0.754s] Level 1:colcon.colcon_core.package_identification:_identify(src/uf_interfaces) by extensions ['ros']
[0.754s] Level 1:colcon.colcon_core.package_identification:_identify(src/uf_interfaces) by extension 'ros'
[0.755s] DEBUG:colcon.colcon_core.package_identification:Package 'src/uf_interfaces' with type 'ros.ament_cmake' and name 'uf_interfaces'
[0.755s] Level 1:colcon.colcon_core.package_identification:_identify(src/vehicle_position_checker) by extensions ['ignore', 'ignore_ament_install']
[0.755s] Level 1:colcon.colcon_core.package_identification:_identify(src/vehicle_position_checker) by extension 'ignore'
[0.755s] Level 1:colcon.colcon_core.package_identification:_identify(src/vehicle_position_checker) by extension 'ignore_ament_install'
[0.755s] Level 1:colcon.colcon_core.package_identification:_identify(src/vehicle_position_checker) by extensions ['colcon_pkg']
[0.755s] Level 1:colcon.colcon_core.package_identification:_identify(src/vehicle_position_checker) by extension 'colcon_pkg'
[0.755s] Level 1:colcon.colcon_core.package_identification:_identify(src/vehicle_position_checker) by extensions ['colcon_meta']
[0.755s] Level 1:colcon.colcon_core.package_identification:_identify(src/vehicle_position_checker) by extension 'colcon_meta'
[0.755s] Level 1:colcon.colcon_core.package_identification:_identify(src/vehicle_position_checker) by extensions ['ros']
[0.755s] Level 1:colcon.colcon_core.package_identification:_identify(src/vehicle_position_checker) by extension 'ros'
[0.756s] DEBUG:colcon.colcon_core.package_identification:Package 'src/vehicle_position_checker' with type 'ros.ament_python' and name 'vehicle_position_checker'
[0.756s] Level 1:colcon.colcon_core.package_identification:_identify(src/wind_speed_package) by extensions ['ignore', 'ignore_ament_install']
[0.756s] Level 1:colcon.colcon_core.package_identification:_identify(src/wind_speed_package) by extension 'ignore'
[0.756s] Level 1:colcon.colcon_core.package_identification:_identify(src/wind_speed_package) by extension 'ignore_ament_install'
[0.756s] Level 1:colcon.colcon_core.package_identification:_identify(src/wind_speed_package) by extensions ['colcon_pkg']
[0.756s] Level 1:colcon.colcon_core.package_identification:_identify(src/wind_speed_package) by extension 'colcon_pkg'
[0.756s] Level 1:colcon.colcon_core.package_identification:_identify(src/wind_speed_package) by extensions ['colcon_meta']
[0.756s] Level 1:colcon.colcon_core.package_identification:_identify(src/wind_speed_package) by extension 'colcon_meta'
[0.756s] Level 1:colcon.colcon_core.package_identification:_identify(src/wind_speed_package) by extensions ['ros']
[0.756s] Level 1:colcon.colcon_core.package_identification:_identify(src/wind_speed_package) by extension 'ros'
[0.756s] DEBUG:colcon.colcon_core.package_identification:Package 'src/wind_speed_package' with type 'ros.ament_python' and name 'wind_speed_package'
[0.756s] Level 1:colcon.colcon_core.package_discovery:discover_packages(recursive) using defaults
[0.757s] Level 1:colcon.colcon_core.package_discovery:discover_packages(ignore) discover
[0.757s] Level 1:colcon.colcon_core.package_discovery:discover_packages(ignore) using defaults
[0.757s] Level 1:colcon.colcon_core.package_discovery:discover_packages(path) discover
[0.757s] Level 1:colcon.colcon_core.package_discovery:discover_packages(path) using defaults
[0.815s] Level 1:colcon.colcon_core.package_discovery:discover_packages(prefix_path) check parameters
[0.815s] Level 1:colcon.colcon_core.package_discovery:discover_packages(prefix_path) discover
[0.836s] DEBUG:colcon.colcon_installed_package_information.package_discovery:Found 6 installed packages in /home/wyatt/git_ros2/ros2_ws/install
[0.845s] DEBUG:colcon.colcon_installed_package_information.package_discovery:Found 280 installed packages in /opt/ros/humble
[0.846s] Level 1:colcon.colcon_core.package_discovery:discover_packages(prefix_path) using defaults
[0.908s] Level 5:colcon.colcon_core.verb:set package 'estop_button' build argument 'cmake_args' from command line to 'None'
[0.908s] Level 5:colcon.colcon_core.verb:set package 'estop_button' build argument 'cmake_target' from command line to 'None'
[0.908s] Level 5:colcon.colcon_core.verb:set package 'estop_button' build argument 'cmake_target_skip_unavailable' from command line to 'False'
[0.908s] Level 5:colcon.colcon_core.verb:set package 'estop_button' build argument 'cmake_clean_cache' from command line to 'False'
[0.908s] Level 5:colcon.colcon_core.verb:set package 'estop_button' build argument 'cmake_clean_first' from command line to 'False'
[0.908s] Level 5:colcon.colcon_core.verb:set package 'estop_button' build argument 'cmake_force_configure' from command line to 'False'
[0.908s] Level 5:colcon.colcon_core.verb:set package 'estop_button' build argument 'ament_cmake_args' from command line to 'None'
[0.908s] Level 5:colcon.colcon_core.verb:set package 'estop_button' build argument 'catkin_cmake_args' from command line to 'None'
[0.908s] Level 5:colcon.colcon_core.verb:set package 'estop_button' build argument 'catkin_skip_building_tests' from command line to 'False'
[0.908s] DEBUG:colcon.colcon_core.verb:Building package 'estop_button' with the following arguments: {'ament_cmake_args': None, 'build_base': '/home/wyatt/git_ros2/ros2_ws/build/estop_button', 'catkin_cmake_args': None, 'catkin_skip_building_tests': False, 'cmake_args': None, 'cmake_clean_cache': False, 'cmake_clean_first': False, 'cmake_force_configure': False, 'cmake_target': None, 'cmake_target_skip_unavailable': False, 'install_base': '/home/wyatt/git_ros2/ros2_ws/install/estop_button', 'merge_install': False, 'path': '/home/wyatt/git_ros2/ros2_ws/src/estop_button', 'symlink_install': False, 'test_result_base': None}
[0.918s] Level 5:colcon.colcon_core.verb:set package 'herding_v1_package' build argument 'cmake_args' from command line to 'None'
[0.918s] Level 5:colcon.colcon_core.verb:set package 'herding_v1_package' build argument 'cmake_target' from command line to 'None'
[0.918s] Level 5:colcon.colcon_core.verb:set package 'herding_v1_package' build argument 'cmake_target_skip_unavailable' from command line to 'False'
[0.918s] Level 5:colcon.colcon_core.verb:set package 'herding_v1_package' build argument 'cmake_clean_cache' from command line to 'False'
[0.918s] Level 5:colcon.colcon_core.verb:set package 'herding_v1_package' build argument 'cmake_clean_first' from command line to 'False'
[0.918s] Level 5:colcon.colcon_core.verb:set package 'herding_v1_package' build argument 'cmake_force_configure' from command line to 'False'
[0.918s] Level 5:colcon.colcon_core.verb:set package 'herding_v1_package' build argument 'ament_cmake_args' from command line to 'None'
[0.918s] Level 5:colcon.colcon_core.verb:set package 'herding_v1_package' build argument 'catkin_cmake_args' from command line to 'None'
[0.918s] Level 5:colcon.colcon_core.verb:set package 'herding_v1_package' build argument 'catkin_skip_building_tests' from command line to 'False'
[0.919s] DEBUG:colcon.colcon_core.verb:Building package 'herding_v1_package' with the following arguments: {'ament_cmake_args': None, 'build_base': '/home/wyatt/git_ros2/ros2_ws/build/herding_v1_package', 'catkin_cmake_args': None, 'catkin_skip_building_tests': False, 'cmake_args': None, 'cmake_clean_cache': False, 'cmake_clean_first': False, 'cmake_force_configure': False, 'cmake_target': None, 'cmake_target_skip_unavailable': False, 'install_base': '/home/wyatt/git_ros2/ros2_ws/install/herding_v1_package', 'merge_install': False, 'path': '/home/wyatt/git_ros2/ros2_ws/src/herding_v1_package', 'symlink_install': False, 'test_result_base': None}
[0.928s] Level 5:colcon.colcon_core.verb:set package 'test_herding_pkg' build argument 'cmake_args' from command line to 'None'
[0.928s] Level 5:colcon.colcon_core.verb:set package 'test_herding_pkg' build argument 'cmake_target' from command line to 'None'
[0.928s] Level 5:colcon.colcon_core.verb:set package 'test_herding_pkg' build argument 'cmake_target_skip_unavailable' from command line to 'False'
[0.928s] Level 5:colcon.colcon_core.verb:set package 'test_herding_pkg' build argument 'cmake_clean_cache' from command line to 'False'
[0.928s] Level 5:colcon.colcon_core.verb:set package 'test_herding_pkg' build argument 'cmake_clean_first' from command line to 'False'
[0.928s] Level 5:colcon.colcon_core.verb:set package 'test_herding_pkg' build argument 'cmake_force_configure' from command line to 'False'
[0.928s] Level 5:colcon.colcon_core.verb:set package 'test_herding_pkg' build argument 'ament_cmake_args' from command line to 'None'
[0.928s] Level 5:colcon.colcon_core.verb:set package 'test_herding_pkg' build argument 'catkin_cmake_args' from command line to 'None'
[0.928s] Level 5:colcon.colcon_core.verb:set package 'test_herding_pkg' build argument 'catkin_skip_building_tests' from command line to 'False'
[0.928s] DEBUG:colcon.colcon_core.verb:Building package 'test_herding_pkg' with the following arguments: {'ament_cmake_args': None, 'build_base': '/home/wyatt/git_ros2/ros2_ws/build/test_herding_pkg', 'catkin_cmake_args': None, 'catkin_skip_building_tests': False, 'cmake_args': None, 'cmake_clean_cache': False, 'cmake_clean_first': False, 'cmake_force_configure': False, 'cmake_target': None, 'cmake_target_skip_unavailable': False, 'install_base': '/home/wyatt/git_ros2/ros2_ws/install/test_herding_pkg', 'merge_install': False, 'path': '/home/wyatt/git_ros2/ros2_ws/src/test_herding_pkg', 'symlink_install': False, 'test_result_base': None}
[0.937s] Level 5:colcon.colcon_core.verb:set package 'uf_interfaces' build argument 'cmake_args' from command line to 'None'
[0.937s] Level 5:colcon.colcon_core.verb:set package 'uf_interfaces' build argument 'cmake_target' from command line to 'None'
[0.937s] Level 5:colcon.colcon_core.verb:set package 'uf_interfaces' build argument 'cmake_target_skip_unavailable' from command line to 'False'
[0.937s] Level 5:colcon.colcon_core.verb:set package 'uf_interfaces' build argument 'cmake_clean_cache' from command line to 'False'
[0.937s] Level 5:colcon.colcon_core.verb:set package 'uf_interfaces' build argument 'cmake_clean_first' from command line to 'False'
[0.937s] Level 5:colcon.colcon_core.verb:set package 'uf_interfaces' build argument 'cmake_force_configure' from command line to 'False'
[0.937s] Level 5:colcon.colcon_core.verb:set package 'uf_interfaces' build argument 'ament_cmake_args' from command line to 'None'
[0.937s] Level 5:colcon.colcon_core.verb:set package 'uf_interfaces' build argument 'catkin_cmake_args' from command line to 'None'
[0.937s] Level 5:colcon.colcon_core.verb:set package 'uf_interfaces' build argument 'catkin_skip_building_tests' from command line to 'False'
[0.937s] DEBUG:colcon.colcon_core.verb:Building package 'uf_interfaces' with the following arguments: {'ament_cmake_args': None, 'build_base': '/home/wyatt/git_ros2/ros2_ws/build/uf_interfaces', 'catkin_cmake_args': None, 'catkin_skip_building_tests': False, 'cmake_args': None, 'cmake_clean_cache': False, 'cmake_clean_first': False, 'cmake_force_configure': False, 'cmake_target': None, 'cmake_target_skip_unavailable': False, 'install_base': '/home/wyatt/git_ros2/ros2_ws/install/uf_interfaces', 'merge_install': False, 'path': '/home/wyatt/git_ros2/ros2_ws/src/uf_interfaces', 'symlink_install': False, 'test_result_base': None}
[0.945s] Level 5:colcon.colcon_core.verb:set package 'vehicle_position_checker' build argument 'cmake_args' from command line to 'None'
[0.946s] Level 5:colcon.colcon_core.verb:set package 'vehicle_position_checker' build argument 'cmake_target' from command line to 'None'
[0.946s] Level 5:colcon.colcon_core.verb:set package 'vehicle_position_checker' build argument 'cmake_target_skip_unavailable' from command line to 'False'
[0.946s] Level 5:colcon.colcon_core.verb:set package 'vehicle_position_checker' build argument 'cmake_clean_cache' from command line to 'False'
[0.946s] Level 5:colcon.colcon_core.verb:set package 'vehicle_position_checker' build argument 'cmake_clean_first' from command line to 'False'
[0.946s] Level 5:colcon.colcon_core.verb:set package 'vehicle_position_checker' build argument 'cmake_force_configure' from command line to 'False'
[0.946s] Level 5:colcon.colcon_core.verb:set package 'vehicle_position_checker' build argument 'ament_cmake_args' from command line to 'None'
[0.946s] Level 5:colcon.colcon_core.verb:set package 'vehicle_position_checker' build argument 'catkin_cmake_args' from command line to 'None'
[0.946s] Level 5:colcon.colcon_core.verb:set package 'vehicle_position_checker' build argument 'catkin_skip_building_tests' from command line to 'False'
[0.946s] DEBUG:colcon.colcon_core.verb:Building package 'vehicle_position_checker' with the following arguments: {'ament_cmake_args': None, 'build_base': '/home/wyatt/git_ros2/ros2_ws/build/vehicle_position_checker', 'catkin_cmake_args': None, 'catkin_skip_building_tests': False, 'cmake_args': None, 'cmake_clean_cache': False, 'cmake_clean_first': False, 'cmake_force_configure': False, 'cmake_target': None, 'cmake_target_skip_unavailable': False, 'install_base': '/home/wyatt/git_ros2/ros2_ws/install/vehicle_position_checker', 'merge_install': False, 'path': '/home/wyatt/git_ros2/ros2_ws/src/vehicle_position_checker', 'symlink_install': False, 'test_result_base': None}
[0.955s] Level 5:colcon.colcon_core.verb:set package 'wind_speed_package' build argument 'cmake_args' from command line to 'None'
[0.955s] Level 5:colcon.colcon_core.verb:set package 'wind_speed_package' build argument 'cmake_target' from command line to 'None'
[0.955s] Level 5:colcon.colcon_core.verb:set package 'wind_speed_package' build argument 'cmake_target_skip_unavailable' from command line to 'False'
[0.955s] Level 5:colcon.colcon_core.verb:set package 'wind_speed_package' build argument 'cmake_clean_cache' from command line to 'False'
[0.955s] Level 5:colcon.colcon_core.verb:set package 'wind_speed_package' build argument 'cmake_clean_first' from command line to 'False'
[0.955s] Level 5:colcon.colcon_core.verb:set package 'wind_speed_package' build argument 'cmake_force_configure' from command line to 'False'
[0.955s] Level 5:colcon.colcon_core.verb:set package 'wind_speed_package' build argument 'ament_cmake_args' from command line to 'None'
[0.955s] Level 5:colcon.colcon_core.verb:set package 'wind_speed_package' build argument 'catkin_cmake_args' from command line to 'None'
[0.955s] Level 5:colcon.colcon_core.verb:set package 'wind_speed_package' build argument 'catkin_skip_building_tests' from command line to 'False'
[0.955s] DEBUG:colcon.colcon_core.verb:Building package 'wind_speed_package' with the following arguments: {'ament_cmake_args': None, 'build_base': '/home/wyatt/git_ros2/ros2_ws/build/wind_speed_package', 'catkin_cmake_args': None, 'catkin_skip_building_tests': False, 'cmake_args': None, 'cmake_clean_cache': False, 'cmake_clean_first': False, 'cmake_force_configure': False, 'cmake_target': None, 'cmake_target_skip_unavailable': False, 'install_base': '/home/wyatt/git_ros2/ros2_ws/install/wind_speed_package', 'merge_install': False, 'path': '/home/wyatt/git_ros2/ros2_ws/src/wind_speed_package', 'symlink_install': False, 'test_result_base': None}
[0.963s] INFO:colcon.colcon_core.executor:Executing jobs using 'parallel' executor
[0.973s] DEBUG:colcon.colcon_parallel_executor.executor.parallel:run_until_complete
[0.973s] INFO:colcon.colcon_ros.task.ament_python.build:Building ROS package in '/home/wyatt/git_ros2/ros2_ws/src/estop_button' with build type 'ament_python'
[0.974s] Level 1:colcon.colcon_core.shell:create_environment_hook('estop_button', 'ament_prefix_path')
[0.985s] INFO:colcon.colcon_core.plugin_system:Skipping extension 'colcon_core.shell.bat': Not used on non-Windows systems
[0.985s] INFO:colcon.colcon_core.shell:Creating environment hook '/home/wyatt/git_ros2/ros2_ws/install/estop_button/share/estop_button/hook/ament_prefix_path.ps1'
[0.986s] INFO:colcon.colcon_core.shell:Creating environment descriptor '/home/wyatt/git_ros2/ros2_ws/install/estop_button/share/estop_button/hook/ament_prefix_path.dsv'
[0.986s] INFO:colcon.colcon_core.shell:Creating environment hook '/home/wyatt/git_ros2/ros2_ws/install/estop_button/share/estop_button/hook/ament_prefix_path.sh'
[0.998s] INFO:colcon.colcon_core.shell:Skip shell extension 'powershell' for command environment: Not usable outside of PowerShell
[0.998s] DEBUG:colcon.colcon_core.shell:Skip shell extension 'dsv' for command environment
[1.043s] INFO:colcon.colcon_ros.task.ament_python.build:Building ROS package in '/home/wyatt/git_ros2/ros2_ws/src/herding_v1_package' with build type 'ament_python'
[1.043s] Level 1:colcon.colcon_core.shell:create_environment_hook('herding_v1_package', 'ament_prefix_path')
[1.053s] INFO:colcon.colcon_core.shell:Creating environment hook '/home/wyatt/git_ros2/ros2_ws/install/herding_v1_package/share/herding_v1_package/hook/ament_prefix_path.ps1'
[1.053s] INFO:colcon.colcon_core.shell:Creating environment descriptor '/home/wyatt/git_ros2/ros2_ws/install/herding_v1_package/share/herding_v1_package/hook/ament_prefix_path.dsv'
[1.053s] INFO:colcon.colcon_core.shell:Creating environment hook '/home/wyatt/git_ros2/ros2_ws/install/herding_v1_package/share/herding_v1_package/hook/ament_prefix_path.sh'
[1.067s] INFO:colcon.colcon_core.shell:Skip shell extension 'powershell' for command environment: Not usable outside of PowerShell
[1.067s] DEBUG:colcon.colcon_core.shell:Skip shell extension 'dsv' for command environment
[1.115s] INFO:colcon.colcon_ros.task.ament_python.build:Building ROS package in '/home/wyatt/git_ros2/ros2_ws/src/test_herding_pkg' with build type 'ament_python'
[1.115s] Level 1:colcon.colcon_core.shell:create_environment_hook('test_herding_pkg', 'ament_prefix_path')
[1.127s] INFO:colcon.colcon_core.shell:Creating environment hook '/home/wyatt/git_ros2/ros2_ws/install/test_herding_pkg/share/test_herding_pkg/hook/ament_prefix_path.ps1'
[1.128s] INFO:colcon.colcon_core.shell:Creating environment descriptor '/home/wyatt/git_ros2/ros2_ws/install/test_herding_pkg/share/test_herding_pkg/hook/ament_prefix_path.dsv'
[1.128s] INFO:colcon.colcon_core.shell:Creating environment hook '/home/wyatt/git_ros2/ros2_ws/install/test_herding_pkg/share/test_herding_pkg/hook/ament_prefix_path.sh'
[1.140s] INFO:colcon.colcon_core.shell:Skip shell extension 'powershell' for command environment: Not usable outside of PowerShell
[1.140s] DEBUG:colcon.colcon_core.shell:Skip shell extension 'dsv' for command environment
[1.180s] INFO:colcon.colcon_ros.task.ament_cmake.build:Building ROS package in '/home/wyatt/git_ros2/ros2_ws/src/uf_interfaces' with build type 'ament_cmake'
[1.180s] INFO:colcon.colcon_cmake.task.cmake.build:Building CMake package in '/home/wyatt/git_ros2/ros2_ws/src/uf_interfaces'
[1.192s] INFO:colcon.colcon_core.shell:Skip shell extension 'powershell' for command environment: Not usable outside of PowerShell
[1.192s] DEBUG:colcon.colcon_core.shell:Skip shell extension 'dsv' for command environment
[1.242s] INFO:colcon.colcon_ros.task.ament_python.build:Building ROS package in '/home/wyatt/git_ros2/ros2_ws/src/vehicle_position_checker' with build type 'ament_python'
[1.242s] Level 1:colcon.colcon_core.shell:create_environment_hook('vehicle_position_checker', 'ament_prefix_path')
[1.252s] INFO:colcon.colcon_core.shell:Creating environment hook '/home/wyatt/git_ros2/ros2_ws/install/vehicle_position_checker/share/vehicle_position_checker/hook/ament_prefix_path.ps1'
[1.252s] INFO:colcon.colcon_core.shell:Creating environment descriptor '/home/wyatt/git_ros2/ros2_ws/install/vehicle_position_checker/share/vehicle_position_checker/hook/ament_prefix_path.dsv'
[1.253s] INFO:colcon.colcon_core.shell:Creating environment hook '/home/wyatt/git_ros2/ros2_ws/install/vehicle_position_checker/share/vehicle_position_checker/hook/ament_prefix_path.sh'
[1.263s] INFO:colcon.colcon_core.shell:Skip shell extension 'powershell' for command environment: Not usable outside of PowerShell
[1.263s] DEBUG:colcon.colcon_core.shell:Skip shell extension 'dsv' for command environment
[1.327s] INFO:colcon.colcon_ros.task.ament_python.build:Building ROS package in '/home/wyatt/git_ros2/ros2_ws/src/wind_speed_package' with build type 'ament_python'
[1.328s] Level 1:colcon.colcon_core.shell:create_environment_hook('wind_speed_package', 'ament_prefix_path')
[1.348s] INFO:colcon.colcon_core.shell:Creating environment hook '/home/wyatt/git_ros2/ros2_ws/install/wind_speed_package/share/wind_speed_package/hook/ament_prefix_path.ps1'
[1.349s] INFO:colcon.colcon_core.shell:Creating environment descriptor '/home/wyatt/git_ros2/ros2_ws/install/wind_speed_package/share/wind_speed_package/hook/ament_prefix_path.dsv'
[1.349s] INFO:colcon.colcon_core.shell:Creating environment hook '/home/wyatt/git_ros2/ros2_ws/install/wind_speed_package/share/wind_speed_package/hook/ament_prefix_path.sh'
[1.362s] INFO:colcon.colcon_core.shell:Skip shell extension 'powershell' for command environment: Not usable outside of PowerShell
[1.362s] DEBUG:colcon.colcon_core.shell:Skip shell extension 'dsv' for command environment
[1.634s] INFO:colcon.colcon_core.task.python.build:Building Python package in '/home/wyatt/git_ros2/ros2_ws/src/estop_button'
[1.643s] INFO:colcon.colcon_core.shell:Skip shell extension 'powershell' for command environment: Not usable outside of PowerShell
[1.644s] DEBUG:colcon.colcon_core.shell:Skip shell extension 'dsv' for command environment
[1.871s] INFO:colcon.colcon_core.task.python.build:Building Python package in '/home/wyatt/git_ros2/ros2_ws/src/herding_v1_package'
[1.883s] INFO:colcon.colcon_core.shell:Skip shell extension 'powershell' for command environment: Not usable outside of PowerShell
[1.883s] DEBUG:colcon.colcon_core.shell:Skip shell extension 'dsv' for command environment
[2.114s] INFO:colcon.colcon_core.task.python.build:Building Python package in '/home/wyatt/git_ros2/ros2_ws/src/test_herding_pkg'
[2.128s] INFO:colcon.colcon_core.shell:Skip shell extension 'powershell' for command environment: Not usable outside of PowerShell
[2.128s] DEBUG:colcon.colcon_core.shell:Skip shell extension 'dsv' for command environment
[2.165s] DEBUG:colcon.colcon_core.event_handler.log_command:Invoking command in '/home/wyatt/git_ros2/ros2_ws/build/uf_interfaces': CMAKE_PREFIX_PATH=${CMAKE_PREFIX_PATH}:/home/wyatt/git_ros2/ros2_ws/install/wind_speed_package:/home/wyatt/git_ros2/ros2_ws/install/vehicle_position_checker:/home/wyatt/git_ros2/ros2_ws/install/test_herding_pkg:/home/wyatt/git_ros2/ros2_ws/install/herding_v1_package:/home/wyatt/git_ros2/ros2_ws/install/estop_button:/opt/ros/humble /usr/bin/cmake --build /home/wyatt/git_ros2/ros2_ws/build/uf_interfaces -- -j8 -l8
[2.428s] INFO:colcon.colcon_core.task.python.build:Building Python package in '/home/wyatt/git_ros2/ros2_ws/src/vehicle_position_checker'
[2.440s] INFO:colcon.colcon_core.shell:Skip shell extension 'powershell' for command environment: Not usable outside of PowerShell
[2.440s] DEBUG:colcon.colcon_core.shell:Skip shell extension 'dsv' for command environment
[2.752s] INFO:colcon.colcon_core.task.python.build:Building Python package in '/home/wyatt/git_ros2/ros2_ws/src/wind_speed_package'
[2.767s] INFO:colcon.colcon_core.shell:Skip shell extension 'powershell' for command environment: Not usable outside of PowerShell
[2.767s] DEBUG:colcon.colcon_core.shell:Skip shell extension 'dsv' for command environment
[2.826s] DEBUG:colcon.colcon_core.event_handler.log_command:Invoked command in '/home/wyatt/git_ros2/ros2_ws/build/uf_interfaces' returned '0': CMAKE_PREFIX_PATH=${CMAKE_PREFIX_PATH}:/home/wyatt/git_ros2/ros2_ws/install/wind_speed_package:/home/wyatt/git_ros2/ros2_ws/install/vehicle_position_checker:/home/wyatt/git_ros2/ros2_ws/install/test_herding_pkg:/home/wyatt/git_ros2/ros2_ws/install/herding_v1_package:/home/wyatt/git_ros2/ros2_ws/install/estop_button:/opt/ros/humble /usr/bin/cmake --build /home/wyatt/git_ros2/ros2_ws/build/uf_interfaces -- -j8 -l8
[3.221s] DEBUG:colcon.colcon_core.event_handler.log_command:Invoking command in '/home/wyatt/git_ros2/ros2_ws/build/uf_interfaces': CMAKE_PREFIX_PATH=${CMAKE_PREFIX_PATH}:/home/wyatt/git_ros2/ros2_ws/install/wind_speed_package:/home/wyatt/git_ros2/ros2_ws/install/vehicle_position_checker:/home/wyatt/git_ros2/ros2_ws/install/test_herding_pkg:/home/wyatt/git_ros2/ros2_ws/install/herding_v1_package:/home/wyatt/git_ros2/ros2_ws/install/estop_button:/opt/ros/humble /usr/bin/cmake --install /home/wyatt/git_ros2/ros2_ws/build/uf_interfaces
[3.226s] DEBUG:colcon.colcon_core.event_handler.log_command:Invoking command in '/home/wyatt/git_ros2/ros2_ws/src/estop_button': PYTHONPATH=/home/wyatt/git_ros2/ros2_ws/build/estop_button/prefix_override:/home/wyatt/git_ros2/ros2_ws/install/estop_button/lib/python3.10/site-packages:${PYTHONPATH} /usr/bin/python3 setup.py egg_info --egg-base ../../build/estop_button build --build-base /home/wyatt/git_ros2/ros2_ws/build/estop_button/build install --record /home/wyatt/git_ros2/ros2_ws/build/estop_button/install.log --single-version-externally-managed
[3.281s] DEBUG:colcon.colcon_core.event_handler.log_command:Invoking command in '/home/wyatt/git_ros2/ros2_ws/src/herding_v1_package': PYTHONPATH=/home/wyatt/git_ros2/ros2_ws/build/herding_v1_package/prefix_override:/home/wyatt/git_ros2/ros2_ws/install/herding_v1_package/lib/python3.10/site-packages:${PYTHONPATH} /usr/bin/python3 setup.py egg_info --egg-base ../../build/herding_v1_package build --build-base /home/wyatt/git_ros2/ros2_ws/build/herding_v1_package/build install --record /home/wyatt/git_ros2/ros2_ws/build/herding_v1_package/install.log --single-version-externally-managed
[3.285s] DEBUG:colcon.colcon_core.event_handler.log_command:Invoking command in '/home/wyatt/git_ros2/ros2_ws/src/wind_speed_package': PYTHONPATH=/home/wyatt/git_ros2/ros2_ws/build/wind_speed_package/prefix_override:/home/wyatt/git_ros2/ros2_ws/install/wind_speed_package/lib/python3.10/site-packages:${PYTHONPATH} /usr/bin/python3 setup.py egg_info --egg-base ../../build/wind_speed_package build --build-base /home/wyatt/git_ros2/ros2_ws/build/wind_speed_package/build install --record /home/wyatt/git_ros2/ros2_ws/build/wind_speed_package/install.log --single-version-externally-managed
[3.298s] DEBUG:colcon.colcon_core.event_handler.log_command:Invoking command in '/home/wyatt/git_ros2/ros2_ws/src/vehicle_position_checker': PYTHONPATH=/home/wyatt/git_ros2/ros2_ws/build/vehicle_position_checker/prefix_override:/home/wyatt/git_ros2/ros2_ws/install/vehicle_position_checker/lib/python3.10/site-packages:${PYTHONPATH} /usr/bin/python3 setup.py egg_info --egg-base ../../build/vehicle_position_checker build --build-base /home/wyatt/git_ros2/ros2_ws/build/vehicle_position_checker/build install --record /home/wyatt/git_ros2/ros2_ws/build/vehicle_position_checker/install.log --single-version-externally-managed
[3.301s] DEBUG:colcon.colcon_core.event_handler.log_command:Invoking command in '/home/wyatt/git_ros2/ros2_ws/src/test_herding_pkg': PYTHONPATH=/home/wyatt/git_ros2/ros2_ws/build/test_herding_pkg/prefix_override:/home/wyatt/git_ros2/ros2_ws/install/test_herding_pkg/lib/python3.10/site-packages:${PYTHONPATH} /usr/bin/python3 setup.py egg_info --egg-base ../../build/test_herding_pkg build --build-base /home/wyatt/git_ros2/ros2_ws/build/test_herding_pkg/build install --record /home/wyatt/git_ros2/ros2_ws/build/test_herding_pkg/install.log --single-version-externally-managed
[3.320s] Level 1:colcon.colcon_core.environment:create_environment_scripts_only(uf_interfaces)
[3.331s] DEBUG:colcon.colcon_core.event_handler.log_command:Invoked command in '/home/wyatt/git_ros2/ros2_ws/build/uf_interfaces' returned '0': CMAKE_PREFIX_PATH=${CMAKE_PREFIX_PATH}:/home/wyatt/git_ros2/ros2_ws/install/wind_speed_package:/home/wyatt/git_ros2/ros2_ws/install/vehicle_position_checker:/home/wyatt/git_ros2/ros2_ws/install/test_herding_pkg:/home/wyatt/git_ros2/ros2_ws/install/herding_v1_package:/home/wyatt/git_ros2/ros2_ws/install/estop_button:/opt/ros/humble /usr/bin/cmake --install /home/wyatt/git_ros2/ros2_ws/build/uf_interfaces
[3.354s] Level 1:colcon.colcon_core.environment:checking '/home/wyatt/git_ros2/ros2_ws/install/uf_interfaces' for CMake module files
[3.354s] Level 1:colcon.colcon_core.environment:checking '/home/wyatt/git_ros2/ros2_ws/install/uf_interfaces' for CMake config files
[3.355s] Level 1:colcon.colcon_core.shell:create_environment_hook('uf_interfaces', 'cmake_prefix_path')
[3.364s] INFO:colcon.colcon_core.shell:Creating environment hook '/home/wyatt/git_ros2/ros2_ws/install/uf_interfaces/share/uf_interfaces/hook/cmake_prefix_path.ps1'
[3.365s] INFO:colcon.colcon_core.shell:Creating environment descriptor '/home/wyatt/git_ros2/ros2_ws/install/uf_interfaces/share/uf_interfaces/hook/cmake_prefix_path.dsv'
[3.365s] INFO:colcon.colcon_core.shell:Creating environment hook '/home/wyatt/git_ros2/ros2_ws/install/uf_interfaces/share/uf_interfaces/hook/cmake_prefix_path.sh'
[3.366s] Level 1:colcon.colcon_core.environment:checking '/home/wyatt/git_ros2/ros2_ws/install/uf_interfaces/lib'
[3.366s] Level 1:colcon.colcon_core.shell:create_environment_hook('uf_interfaces', 'ld_library_path_lib')
[3.381s] INFO:colcon.colcon_core.shell:Creating environment hook '/home/wyatt/git_ros2/ros2_ws/install/uf_interfaces/share/uf_interfaces/hook/ld_library_path_lib.ps1'
[3.382s] INFO:colcon.colcon_core.shell:Creating environment descriptor '/home/wyatt/git_ros2/ros2_ws/install/uf_interfaces/share/uf_interfaces/hook/ld_library_path_lib.dsv'
[3.382s] INFO:colcon.colcon_core.shell:Creating environment hook '/home/wyatt/git_ros2/ros2_ws/install/uf_interfaces/share/uf_interfaces/hook/ld_library_path_lib.sh'
[3.383s] Level 1:colcon.colcon_core.environment:checking '/home/wyatt/git_ros2/ros2_ws/install/uf_interfaces/bin'
[3.383s] Level 1:colcon.colcon_core.environment:checking '/home/wyatt/git_ros2/ros2_ws/install/uf_interfaces/lib/pkgconfig/uf_interfaces.pc'
[3.383s] Level 1:colcon.colcon_core.environment:checking '/home/wyatt/git_ros2/ros2_ws/install/uf_interfaces/lib/python3.10/site-packages'
[3.383s] Level 1:colcon.colcon_core.environment:checking '/home/wyatt/git_ros2/ros2_ws/install/uf_interfaces/bin'
[3.401s] INFO:colcon.colcon_core.shell:Creating package script '/home/wyatt/git_ros2/ros2_ws/install/uf_interfaces/share/uf_interfaces/package.ps1'
[3.403s] INFO:colcon.colcon_core.shell:Creating package descriptor '/home/wyatt/git_ros2/ros2_ws/install/uf_interfaces/share/uf_interfaces/package.dsv'
[3.403s] INFO:colcon.colcon_core.shell:Creating package script '/home/wyatt/git_ros2/ros2_ws/install/uf_interfaces/share/uf_interfaces/package.sh'
[3.404s] INFO:colcon.colcon_core.shell:Creating package script '/home/wyatt/git_ros2/ros2_ws/install/uf_interfaces/share/uf_interfaces/package.bash'
[3.405s] INFO:colcon.colcon_core.shell:Creating package script '/home/wyatt/git_ros2/ros2_ws/install/uf_interfaces/share/uf_interfaces/package.zsh'
[3.406s] Level 1:colcon.colcon_core.environment:create_file_with_runtime_dependencies(/home/wyatt/git_ros2/ros2_ws/install/uf_interfaces/share/colcon-core/packages/uf_interfaces)
[3.535s] DEBUG:colcon.colcon_core.event_handler.log_command:Invoked command in '/home/wyatt/git_ros2/ros2_ws/src/herding_v1_package' returned '0': PYTHONPATH=/home/wyatt/git_ros2/ros2_ws/build/herding_v1_package/prefix_override:/home/wyatt/git_ros2/ros2_ws/install/herding_v1_package/lib/python3.10/site-packages:${PYTHONPATH} /usr/bin/python3 setup.py egg_info --egg-base ../../build/herding_v1_package build --build-base /home/wyatt/git_ros2/ros2_ws/build/herding_v1_package/build install --record /home/wyatt/git_ros2/ros2_ws/build/herding_v1_package/install.log --single-version-externally-managed
[3.557s] Level 1:colcon.colcon_core.environment:checking '/home/wyatt/git_ros2/ros2_ws/install/herding_v1_package' for CMake module files
[3.558s] Level 1:colcon.colcon_core.environment:checking '/home/wyatt/git_ros2/ros2_ws/install/herding_v1_package' for CMake config files
[3.559s] Level 1:colcon.colcon_core.environment:checking '/home/wyatt/git_ros2/ros2_ws/install/herding_v1_package/lib'
[3.559s] Level 1:colcon.colcon_core.environment:checking '/home/wyatt/git_ros2/ros2_ws/install/herding_v1_package/bin'
[3.559s] Level 1:colcon.colcon_core.environment:checking '/home/wyatt/git_ros2/ros2_ws/install/herding_v1_package/lib/pkgconfig/herding_v1_package.pc'
[3.559s] Level 1:colcon.colcon_core.environment:checking '/home/wyatt/git_ros2/ros2_ws/install/herding_v1_package/lib/python3.10/site-packages'
[3.559s] Level 1:colcon.colcon_core.shell:create_environment_hook('herding_v1_package', 'pythonpath')
[3.601s] INFO:colcon.colcon_core.shell:Creating environment hook '/home/wyatt/git_ros2/ros2_ws/install/herding_v1_package/share/herding_v1_package/hook/pythonpath.ps1'
[3.603s] INFO:colcon.colcon_core.shell:Creating environment descriptor '/home/wyatt/git_ros2/ros2_ws/install/herding_v1_package/share/herding_v1_package/hook/pythonpath.dsv'
[3.603s] INFO:colcon.colcon_core.shell:Creating environment hook '/home/wyatt/git_ros2/ros2_ws/install/herding_v1_package/share/herding_v1_package/hook/pythonpath.sh'
[3.604s] Level 1:colcon.colcon_core.environment:checking '/home/wyatt/git_ros2/ros2_ws/install/herding_v1_package/bin'
[3.604s] Level 1:colcon.colcon_core.environment:create_environment_scripts_only(herding_v1_package)
[3.627s] INFO:colcon.colcon_core.shell:Creating package script '/home/wyatt/git_ros2/ros2_ws/install/herding_v1_package/share/herding_v1_package/package.ps1'
[3.628s] INFO:colcon.colcon_core.shell:Creating package descriptor '/home/wyatt/git_ros2/ros2_ws/install/herding_v1_package/share/herding_v1_package/package.dsv'
[3.629s] INFO:colcon.colcon_core.shell:Creating package script '/home/wyatt/git_ros2/ros2_ws/install/herding_v1_package/share/herding_v1_package/package.sh'
[3.630s] INFO:colcon.colcon_core.shell:Creating package script '/home/wyatt/git_ros2/ros2_ws/install/herding_v1_package/share/herding_v1_package/package.bash'
[3.630s] INFO:colcon.colcon_core.shell:Creating package script '/home/wyatt/git_ros2/ros2_ws/install/herding_v1_package/share/herding_v1_package/package.zsh'
[3.631s] Level 1:colcon.colcon_core.environment:create_file_with_runtime_dependencies(/home/wyatt/git_ros2/ros2_ws/install/herding_v1_package/share/colcon-core/packages/herding_v1_package)
[3.637s] DEBUG:colcon.colcon_core.event_handler.log_command:Invoked command in '/home/wyatt/git_ros2/ros2_ws/src/vehicle_position_checker' returned '0': PYTHONPATH=/home/wyatt/git_ros2/ros2_ws/build/vehicle_position_checker/prefix_override:/home/wyatt/git_ros2/ros2_ws/install/vehicle_position_checker/lib/python3.10/site-packages:${PYTHONPATH} /usr/bin/python3 setup.py egg_info --egg-base ../../build/vehicle_position_checker build --build-base /home/wyatt/git_ros2/ros2_ws/build/vehicle_position_checker/build install --record /home/wyatt/git_ros2/ros2_ws/build/vehicle_position_checker/install.log --single-version-externally-managed
[3.664s] Level 1:colcon.colcon_core.environment:checking '/home/wyatt/git_ros2/ros2_ws/install/vehicle_position_checker' for CMake module files
[3.665s] Level 1:colcon.colcon_core.environment:checking '/home/wyatt/git_ros2/ros2_ws/install/vehicle_position_checker' for CMake config files
[3.666s] Level 1:colcon.colcon_core.environment:checking '/home/wyatt/git_ros2/ros2_ws/install/vehicle_position_checker/lib'
[3.666s] Level 1:colcon.colcon_core.environment:checking '/home/wyatt/git_ros2/ros2_ws/install/vehicle_position_checker/bin'
[3.666s] Level 1:colcon.colcon_core.environment:checking '/home/wyatt/git_ros2/ros2_ws/install/vehicle_position_checker/lib/pkgconfig/vehicle_position_checker.pc'
[3.666s] Level 1:colcon.colcon_core.environment:checking '/home/wyatt/git_ros2/ros2_ws/install/vehicle_position_checker/lib/python3.10/site-packages'
[3.667s] Level 1:colcon.colcon_core.shell:create_environment_hook('vehicle_position_checker', 'pythonpath')
[3.681s] INFO:colcon.colcon_core.shell:Creating environment hook '/home/wyatt/git_ros2/ros2_ws/install/vehicle_position_checker/share/vehicle_position_checker/hook/pythonpath.ps1'
[3.682s] INFO:colcon.colcon_core.shell:Creating environment descriptor '/home/wyatt/git_ros2/ros2_ws/install/vehicle_position_checker/share/vehicle_position_checker/hook/pythonpath.dsv'
[3.682s] INFO:colcon.colcon_core.shell:Creating environment hook '/home/wyatt/git_ros2/ros2_ws/install/vehicle_position_checker/share/vehicle_position_checker/hook/pythonpath.sh'
[3.683s] Level 1:colcon.colcon_core.environment:checking '/home/wyatt/git_ros2/ros2_ws/install/vehicle_position_checker/bin'
[3.683s] Level 1:colcon.colcon_core.environment:create_environment_scripts_only(vehicle_position_checker)
[3.694s] INFO:colcon.colcon_core.shell:Creating package script '/home/wyatt/git_ros2/ros2_ws/install/vehicle_position_checker/share/vehicle_position_checker/package.ps1'
[3.694s] INFO:colcon.colcon_core.shell:Creating package descriptor '/home/wyatt/git_ros2/ros2_ws/install/vehicle_position_checker/share/vehicle_position_checker/package.dsv'
[3.695s] INFO:colcon.colcon_core.shell:Creating package script '/home/wyatt/git_ros2/ros2_ws/install/vehicle_position_checker/share/vehicle_position_checker/package.sh'
[3.695s] INFO:colcon.colcon_core.shell:Creating package script '/home/wyatt/git_ros2/ros2_ws/install/vehicle_position_checker/share/vehicle_position_checker/package.bash'
[3.695s] INFO:colcon.colcon_core.shell:Creating package script '/home/wyatt/git_ros2/ros2_ws/install/vehicle_position_checker/share/vehicle_position_checker/package.zsh'
[3.696s] Level 1:colcon.colcon_core.environment:create_file_with_runtime_dependencies(/home/wyatt/git_ros2/ros2_ws/install/vehicle_position_checker/share/colcon-core/packages/vehicle_position_checker)
[3.700s] DEBUG:colcon.colcon_core.event_handler.log_command:Invoked command in '/home/wyatt/git_ros2/ros2_ws/src/estop_button' returned '0': PYTHONPATH=/home/wyatt/git_ros2/ros2_ws/build/estop_button/prefix_override:/home/wyatt/git_ros2/ros2_ws/install/estop_button/lib/python3.10/site-packages:${PYTHONPATH} /usr/bin/python3 setup.py egg_info --egg-base ../../build/estop_button build --build-base /home/wyatt/git_ros2/ros2_ws/build/estop_button/build install --record /home/wyatt/git_ros2/ros2_ws/build/estop_button/install.log --single-version-externally-managed
[3.714s] Level 1:colcon.colcon_core.environment:checking '/home/wyatt/git_ros2/ros2_ws/install/estop_button' for CMake module files
[3.716s] Level 1:colcon.colcon_core.environment:checking '/home/wyatt/git_ros2/ros2_ws/install/estop_button' for CMake config files
[3.717s] Level 1:colcon.colcon_core.environment:checking '/home/wyatt/git_ros2/ros2_ws/install/estop_button/lib'
[3.717s] Level 1:colcon.colcon_core.environment:checking '/home/wyatt/git_ros2/ros2_ws/install/estop_button/bin'
[3.717s] Level 1:colcon.colcon_core.environment:checking '/home/wyatt/git_ros2/ros2_ws/install/estop_button/lib/pkgconfig/estop_button.pc'
[3.717s] Level 1:colcon.colcon_core.environment:checking '/home/wyatt/git_ros2/ros2_ws/install/estop_button/lib/python3.10/site-packages'
[3.717s] Level 1:colcon.colcon_core.shell:create_environment_hook('estop_button', 'pythonpath')
[3.733s] INFO:colcon.colcon_core.shell:Creating environment hook '/home/wyatt/git_ros2/ros2_ws/install/estop_button/share/estop_button/hook/pythonpath.ps1'
[3.734s] INFO:colcon.colcon_core.shell:Creating environment descriptor '/home/wyatt/git_ros2/ros2_ws/install/estop_button/share/estop_button/hook/pythonpath.dsv'
[3.735s] INFO:colcon.colcon_core.shell:Creating environment hook '/home/wyatt/git_ros2/ros2_ws/install/estop_button/share/estop_button/hook/pythonpath.sh'
[3.736s] Level 1:colcon.colcon_core.environment:checking '/home/wyatt/git_ros2/ros2_ws/install/estop_button/bin'
[3.736s] Level 1:colcon.colcon_core.environment:create_environment_scripts_only(estop_button)
[3.753s] INFO:colcon.colcon_core.shell:Creating package script '/home/wyatt/git_ros2/ros2_ws/install/estop_button/share/estop_button/package.ps1'
[3.754s] INFO:colcon.colcon_core.shell:Creating package descriptor '/home/wyatt/git_ros2/ros2_ws/install/estop_button/share/estop_button/package.dsv'
[3.755s] INFO:colcon.colcon_core.shell:Creating package script '/home/wyatt/git_ros2/ros2_ws/install/estop_button/share/estop_button/package.sh'
[3.755s] INFO:colcon.colcon_core.shell:Creating package script '/home/wyatt/git_ros2/ros2_ws/install/estop_button/share/estop_button/package.bash'
[3.756s] INFO:colcon.colcon_core.shell:Creating package script '/home/wyatt/git_ros2/ros2_ws/install/estop_button/share/estop_button/package.zsh'
[3.756s] Level 1:colcon.colcon_core.environment:create_file_with_runtime_dependencies(/home/wyatt/git_ros2/ros2_ws/install/estop_button/share/colcon-core/packages/estop_button)
[3.760s] DEBUG:colcon.colcon_core.event_handler.log_command:Invoked command in '/home/wyatt/git_ros2/ros2_ws/src/wind_speed_package' returned '0': PYTHONPATH=/home/wyatt/git_ros2/ros2_ws/build/wind_speed_package/prefix_override:/home/wyatt/git_ros2/ros2_ws/install/wind_speed_package/lib/python3.10/site-packages:${PYTHONPATH} /usr/bin/python3 setup.py egg_info --egg-base ../../build/wind_speed_package build --build-base /home/wyatt/git_ros2/ros2_ws/build/wind_speed_package/build install --record /home/wyatt/git_ros2/ros2_ws/build/wind_speed_package/install.log --single-version-externally-managed
[3.772s] Level 1:colcon.colcon_core.environment:checking '/home/wyatt/git_ros2/ros2_ws/install/wind_speed_package' for CMake module files
[3.772s] Level 1:colcon.colcon_core.environment:checking '/home/wyatt/git_ros2/ros2_ws/install/wind_speed_package' for CMake config files
[3.773s] Level 1:colcon.colcon_core.environment:checking '/home/wyatt/git_ros2/ros2_ws/install/wind_speed_package/lib'
[3.773s] Level 1:colcon.colcon_core.environment:checking '/home/wyatt/git_ros2/ros2_ws/install/wind_speed_package/bin'
[3.773s] Level 1:colcon.colcon_core.environment:checking '/home/wyatt/git_ros2/ros2_ws/install/wind_speed_package/lib/pkgconfig/wind_speed_package.pc'
[3.773s] Level 1:colcon.colcon_core.environment:checking '/home/wyatt/git_ros2/ros2_ws/install/wind_speed_package/lib/python3.10/site-packages'
[3.773s] Level 1:colcon.colcon_core.shell:create_environment_hook('wind_speed_package', 'pythonpath')
[3.790s] INFO:colcon.colcon_core.shell:Creating environment hook '/home/wyatt/git_ros2/ros2_ws/install/wind_speed_package/share/wind_speed_package/hook/pythonpath.ps1'
[3.791s] INFO:colcon.colcon_core.shell:Creating environment descriptor '/home/wyatt/git_ros2/ros2_ws/install/wind_speed_package/share/wind_speed_package/hook/pythonpath.dsv'
[3.791s] INFO:colcon.colcon_core.shell:Creating environment hook '/home/wyatt/git_ros2/ros2_ws/install/wind_speed_package/share/wind_speed_package/hook/pythonpath.sh'
[3.792s] Level 1:colcon.colcon_core.environment:checking '/home/wyatt/git_ros2/ros2_ws/install/wind_speed_package/bin'
[3.792s] Level 1:colcon.colcon_core.environment:create_environment_scripts_only(wind_speed_package)
[3.807s] INFO:colcon.colcon_core.shell:Creating package script '/home/wyatt/git_ros2/ros2_ws/install/wind_speed_package/share/wind_speed_package/package.ps1'
[3.809s] INFO:colcon.colcon_core.shell:Creating package descriptor '/home/wyatt/git_ros2/ros2_ws/install/wind_speed_package/share/wind_speed_package/package.dsv'
[3.811s] INFO:colcon.colcon_core.shell:Creating package script '/home/wyatt/git_ros2/ros2_ws/install/wind_speed_package/share/wind_speed_package/package.sh'
[3.812s] INFO:colcon.colcon_core.shell:Creating package script '/home/wyatt/git_ros2/ros2_ws/install/wind_speed_package/share/wind_speed_package/package.bash'
[3.812s] INFO:colcon.colcon_core.shell:Creating package script '/home/wyatt/git_ros2/ros2_ws/install/wind_speed_package/share/wind_speed_package/package.zsh'
[3.813s] Level 1:colcon.colcon_core.environment:create_file_with_runtime_dependencies(/home/wyatt/git_ros2/ros2_ws/install/wind_speed_package/share/colcon-core/packages/wind_speed_package)
[3.816s] DEBUG:colcon.colcon_core.event_handler.log_command:Invoked command in '/home/wyatt/git_ros2/ros2_ws/src/test_herding_pkg' returned '0': PYTHONPATH=/home/wyatt/git_ros2/ros2_ws/build/test_herding_pkg/prefix_override:/home/wyatt/git_ros2/ros2_ws/install/test_herding_pkg/lib/python3.10/site-packages:${PYTHONPATH} /usr/bin/python3 setup.py egg_info --egg-base ../../build/test_herding_pkg build --build-base /home/wyatt/git_ros2/ros2_ws/build/test_herding_pkg/build install --record /home/wyatt/git_ros2/ros2_ws/build/test_herding_pkg/install.log --single-version-externally-managed
[3.832s] Level 1:colcon.colcon_core.environment:checking '/home/wyatt/git_ros2/ros2_ws/install/test_herding_pkg' for CMake module files
[3.833s] Level 1:colcon.colcon_core.environment:checking '/home/wyatt/git_ros2/ros2_ws/install/test_herding_pkg' for CMake config files
[3.834s] Level 1:colcon.colcon_core.environment:checking '/home/wyatt/git_ros2/ros2_ws/install/test_herding_pkg/lib'
[3.834s] Level 1:colcon.colcon_core.environment:checking '/home/wyatt/git_ros2/ros2_ws/install/test_herding_pkg/bin'
[3.834s] Level 1:colcon.colcon_core.environment:checking '/home/wyatt/git_ros2/ros2_ws/install/test_herding_pkg/lib/pkgconfig/test_herding_pkg.pc'
[3.834s] Level 1:colcon.colcon_core.environment:checking '/home/wyatt/git_ros2/ros2_ws/install/test_herding_pkg/lib/python3.10/site-packages'
[3.835s] Level 1:colcon.colcon_core.shell:create_environment_hook('test_herding_pkg', 'pythonpath')
[3.847s] INFO:colcon.colcon_core.shell:Creating environment hook '/home/wyatt/git_ros2/ros2_ws/install/test_herding_pkg/share/test_herding_pkg/hook/pythonpath.ps1'
[3.849s] INFO:colcon.colcon_core.shell:Creating environment descriptor '/home/wyatt/git_ros2/ros2_ws/install/test_herding_pkg/share/test_herding_pkg/hook/pythonpath.dsv'
[3.850s] INFO:colcon.colcon_core.shell:Creating environment hook '/home/wyatt/git_ros2/ros2_ws/install/test_herding_pkg/share/test_herding_pkg/hook/pythonpath.sh'
[3.851s] Level 1:colcon.colcon_core.environment:checking '/home/wyatt/git_ros2/ros2_ws/install/test_herding_pkg/bin'
[3.851s] Level 1:colcon.colcon_core.environment:create_environment_scripts_only(test_herding_pkg)
[3.867s] INFO:colcon.colcon_core.shell:Creating package script '/home/wyatt/git_ros2/ros2_ws/install/test_herding_pkg/share/test_herding_pkg/package.ps1'
[3.869s] INFO:colcon.colcon_core.shell:Creating package descriptor '/home/wyatt/git_ros2/ros2_ws/install/test_herding_pkg/share/test_herding_pkg/package.dsv'
[3.871s] INFO:colcon.colcon_core.shell:Creating package script '/home/wyatt/git_ros2/ros2_ws/install/test_herding_pkg/share/test_herding_pkg/package.sh'
[3.871s] INFO:colcon.colcon_core.shell:Creating package script '/home/wyatt/git_ros2/ros2_ws/install/test_herding_pkg/share/test_herding_pkg/package.bash'
[3.872s] INFO:colcon.colcon_core.shell:Creating package script '/home/wyatt/git_ros2/ros2_ws/install/test_herding_pkg/share/test_herding_pkg/package.zsh'
[3.872s] Level 1:colcon.colcon_core.environment:create_file_with_runtime_dependencies(/home/wyatt/git_ros2/ros2_ws/install/test_herding_pkg/share/colcon-core/packages/test_herding_pkg)
[3.890s] Level 1:colcon.colcon_core.environment:create_environment_scripts_only(uf_interfaces)
[3.907s] Level 1:colcon.colcon_core.environment:checking '/home/wyatt/git_ros2/ros2_ws/install/uf_interfaces' for CMake module files
[3.908s] Level 1:colcon.colcon_core.environment:checking '/home/wyatt/git_ros2/ros2_ws/install/uf_interfaces' for CMake config files
[3.908s] Level 1:colcon.colcon_core.shell:create_environment_hook('uf_interfaces', 'cmake_prefix_path')
[3.922s] INFO:colcon.colcon_core.shell:Creating environment hook '/home/wyatt/git_ros2/ros2_ws/install/uf_interfaces/share/uf_interfaces/hook/cmake_prefix_path.ps1'
[3.924s] INFO:colcon.colcon_core.shell:Creating environment descriptor '/home/wyatt/git_ros2/ros2_ws/install/uf_interfaces/share/uf_interfaces/hook/cmake_prefix_path.dsv'
[3.925s] INFO:colcon.colcon_core.shell:Creating environment hook '/home/wyatt/git_ros2/ros2_ws/install/uf_interfaces/share/uf_interfaces/hook/cmake_prefix_path.sh'
[3.926s] Level 1:colcon.colcon_core.environment:checking '/home/wyatt/git_ros2/ros2_ws/install/uf_interfaces/lib'
[3.926s] Level 1:colcon.colcon_core.shell:create_environment_hook('uf_interfaces', 'ld_library_path_lib')
[3.940s] INFO:colcon.colcon_core.shell:Creating environment hook '/home/wyatt/git_ros2/ros2_ws/install/uf_interfaces/share/uf_interfaces/hook/ld_library_path_lib.ps1'
[3.941s] INFO:colcon.colcon_core.shell:Creating environment descriptor '/home/wyatt/git_ros2/ros2_ws/install/uf_interfaces/share/uf_interfaces/hook/ld_library_path_lib.dsv'
[3.942s] INFO:colcon.colcon_core.shell:Creating environment hook '/home/wyatt/git_ros2/ros2_ws/install/uf_interfaces/share/uf_interfaces/hook/ld_library_path_lib.sh'
[3.942s] Level 1:colcon.colcon_core.environment:checking '/home/wyatt/git_ros2/ros2_ws/install/uf_interfaces/bin'
[3.942s] Level 1:colcon.colcon_core.environment:checking '/home/wyatt/git_ros2/ros2_ws/install/uf_interfaces/lib/pkgconfig/uf_interfaces.pc'
[3.943s] Level 1:colcon.colcon_core.environment:checking '/home/wyatt/git_ros2/ros2_ws/install/uf_interfaces/lib/python3.10/site-packages'
[3.943s] Level 1:colcon.colcon_core.environment:checking '/home/wyatt/git_ros2/ros2_ws/install/uf_interfaces/bin'
[3.952s] INFO:colcon.colcon_core.shell:Creating package script '/home/wyatt/git_ros2/ros2_ws/install/uf_interfaces/share/uf_interfaces/package.ps1'
[3.953s] INFO:colcon.colcon_core.shell:Creating package descriptor '/home/wyatt/git_ros2/ros2_ws/install/uf_interfaces/share/uf_interfaces/package.dsv'
[3.953s] INFO:colcon.colcon_core.shell:Creating package script '/home/wyatt/git_ros2/ros2_ws/install/uf_interfaces/share/uf_interfaces/package.sh'
[3.954s] INFO:colcon.colcon_core.shell:Creating package script '/home/wyatt/git_ros2/ros2_ws/install/uf_interfaces/share/uf_interfaces/package.bash'
[3.954s] INFO:colcon.colcon_core.shell:Creating package script '/home/wyatt/git_ros2/ros2_ws/install/uf_interfaces/share/uf_interfaces/package.zsh'
[3.954s] Level 1:colcon.colcon_core.environment:create_file_with_runtime_dependencies(/home/wyatt/git_ros2/ros2_ws/install/uf_interfaces/share/colcon-core/packages/uf_interfaces)
[3.955s] DEBUG:colcon.colcon_parallel_executor.executor.parallel:closing loop
[3.955s] DEBUG:colcon.colcon_parallel_executor.executor.parallel:loop closed
[3.956s] DEBUG:colcon.colcon_parallel_executor.executor.parallel:run_until_complete finished with '0'
[3.956s] DEBUG:colcon.colcon_core.event_reactor:joining thread
[3.971s] INFO:colcon.colcon_core.plugin_system:Skipping extension 'colcon_notification.desktop_notification.terminal_notifier': Not used on non-Darwin systems
[3.971s] INFO:colcon.colcon_core.plugin_system:Skipping extension 'colcon_notification.desktop_notification.win32': Not used on non-Windows systems
[3.971s] INFO:colcon.colcon_notification.desktop_notification:Sending desktop notification using 'notify2'
[3.992s] DEBUG:colcon.colcon_core.event_reactor:joined thread
[4.003s] INFO:colcon.colcon_core.shell:Creating prefix script '/home/wyatt/git_ros2/ros2_ws/install/local_setup.ps1'
[4.004s] INFO:colcon.colcon_core.shell:Creating prefix util module '/home/wyatt/git_ros2/ros2_ws/install/_local_setup_util_ps1.py'
[4.005s] INFO:colcon.colcon_core.shell:Creating prefix chain script '/home/wyatt/git_ros2/ros2_ws/install/setup.ps1'
[4.022s] INFO:colcon.colcon_core.shell:Creating prefix script '/home/wyatt/git_ros2/ros2_ws/install/local_setup.sh'
[4.023s] INFO:colcon.colcon_core.shell:Creating prefix util module '/home/wyatt/git_ros2/ros2_ws/install/_local_setup_util_sh.py'
[4.024s] INFO:colcon.colcon_core.shell:Creating prefix chain script '/home/wyatt/git_ros2/ros2_ws/install/setup.sh'
[4.041s] INFO:colcon.colcon_core.shell:Creating prefix script '/home/wyatt/git_ros2/ros2_ws/install/local_setup.bash'
[4.043s] INFO:colcon.colcon_core.shell:Creating prefix chain script '/home/wyatt/git_ros2/ros2_ws/install/setup.bash'
[4.061s] INFO:colcon.colcon_core.shell:Creating prefix script '/home/wyatt/git_ros2/ros2_ws/install/local_setup.zsh'
[4.063s] INFO:colcon.colcon_core.shell:Creating prefix chain script '/home/wyatt/git_ros2/ros2_ws/install/setup.zsh'
