[0.978s] Invoking command in '/home/wyatt/ros2_ws/src/common/wpt_control_xy': PYTHONPATH=/home/wyatt/ros2_ws/build/wpt_control_xy/prefix_override:/usr/lib/python3/dist-packages/colcon_core/task/python/colcon_distutils_commands:/home/wyatt/ros2_ws/install/wpt_control_xy/lib/python3.10/site-packages:${PYTHONPATH} /usr/bin/python3 -W ignore:setup.py install is deprecated setup.py egg_info --egg-base ../../../build/wpt_control_xy build --build-base /home/wyatt/ros2_ws/build/wpt_control_xy/build install --record /home/wyatt/ros2_ws/build/wpt_control_xy/install.log --single-version-externally-managed install_data
[1.232s] running egg_info
[1.233s] writing ../../../build/wpt_control_xy/wpt_control_xy.egg-info/PKG-INFO
[1.233s] writing dependency_links to ../../../build/wpt_control_xy/wpt_control_xy.egg-info/dependency_links.txt
[1.234s] writing entry points to ../../../build/wpt_control_xy/wpt_control_xy.egg-info/entry_points.txt
[1.234s] writing requirements to ../../../build/wpt_control_xy/wpt_control_xy.egg-info/requires.txt
[1.234s] writing top-level names to ../../../build/wpt_control_xy/wpt_control_xy.egg-info/top_level.txt
[1.236s] reading manifest file '../../../build/wpt_control_xy/wpt_control_xy.egg-info/SOURCES.txt'
[1.237s] writing manifest file '../../../build/wpt_control_xy/wpt_control_xy.egg-info/SOURCES.txt'
[1.237s] running build
[1.237s] running build_py
[1.237s] running install
[1.238s] running install_lib
[1.239s] running install_data
[1.239s] running install_egg_info
[1.241s] removing '/home/wyatt/ros2_ws/install/wpt_control_xy/lib/python3.10/site-packages/wpt_control_xy-0.0.0-py3.10.egg-info' (and everything under it)
[1.242s] Copying ../../../build/wpt_control_xy/wpt_control_xy.egg-info to /home/wyatt/ros2_ws/install/wpt_control_xy/lib/python3.10/site-packages/wpt_control_xy-0.0.0-py3.10.egg-info
[1.242s] running install_scripts
[1.264s] Installing wpt_control_xy_node script to /home/wyatt/ros2_ws/install/wpt_control_xy/lib/wpt_control_xy
[1.265s] writing list of installed files to '/home/wyatt/ros2_ws/build/wpt_control_xy/install.log'
[1.287s] Invoked command in '/home/wyatt/ros2_ws/src/common/wpt_control_xy' returned '0': PYTHONPATH=/home/wyatt/ros2_ws/build/wpt_control_xy/prefix_override:/usr/lib/python3/dist-packages/colcon_core/task/python/colcon_distutils_commands:/home/wyatt/ros2_ws/install/wpt_control_xy/lib/python3.10/site-packages:${PYTHONPATH} /usr/bin/python3 -W ignore:setup.py install is deprecated setup.py egg_info --egg-base ../../../build/wpt_control_xy build --build-base /home/wyatt/ros2_ws/build/wpt_control_xy/build install --record /home/wyatt/ros2_ws/build/wpt_control_xy/install.log --single-version-externally-managed install_data
