[1.255s] Invoking command in '/home/wyatt/ros2_ws/src/herding_v1_package': PYTHONPATH=/home/wyatt/ros2_ws/build/herding_v1_package/prefix_override:/home/wyatt/ros2_ws/install/herding_v1_package/lib/python3.10/site-packages:${PYTHONPATH} /usr/bin/python3 setup.py egg_info --egg-base ../../build/herding_v1_package build --build-base /home/wyatt/ros2_ws/build/herding_v1_package/build install --record /home/wyatt/ros2_ws/build/herding_v1_package/install.log --single-version-externally-managed
[1.665s] running egg_info
[1.667s] writing ../../build/herding_v1_package/herding_v1_package.egg-info/PKG-INFO
[1.667s] writing dependency_links to ../../build/herding_v1_package/herding_v1_package.egg-info/dependency_links.txt
[1.667s] writing entry points to ../../build/herding_v1_package/herding_v1_package.egg-info/entry_points.txt
[1.668s] writing requirements to ../../build/herding_v1_package/herding_v1_package.egg-info/requires.txt
[1.668s] writing top-level names to ../../build/herding_v1_package/herding_v1_package.egg-info/top_level.txt
[1.672s] reading manifest file '../../build/herding_v1_package/herding_v1_package.egg-info/SOURCES.txt'
[1.674s] writing manifest file '../../build/herding_v1_package/herding_v1_package.egg-info/SOURCES.txt'
[1.674s] running build
[1.674s] running build_py
[1.674s] copying herding_v1_package/herding_node.py -> /home/wyatt/ros2_ws/build/herding_v1_package/build/lib/herding_v1_package
[1.675s] running install
[1.675s] running install_lib
[1.677s] copying /home/wyatt/ros2_ws/build/herding_v1_package/build/lib/herding_v1_package/herding_node.py -> /home/wyatt/ros2_ws/install/herding_v1_package/lib/python3.10/site-packages/herding_v1_package
[1.678s] byte-compiling /home/wyatt/ros2_ws/install/herding_v1_package/lib/python3.10/site-packages/herding_v1_package/herding_node.py to herding_node.cpython-310.pyc
[1.681s] running install_data
[1.682s] running install_egg_info
[1.685s] removing '/home/wyatt/ros2_ws/install/herding_v1_package/lib/python3.10/site-packages/herding_v1_package-0.0.0-py3.10.egg-info' (and everything under it)
[1.686s] Copying ../../build/herding_v1_package/herding_v1_package.egg-info to /home/wyatt/ros2_ws/install/herding_v1_package/lib/python3.10/site-packages/herding_v1_package-0.0.0-py3.10.egg-info
[1.688s] running install_scripts
[1.718s] Installing herding_node script to /home/wyatt/ros2_ws/install/herding_v1_package/lib/herding_v1_package
[1.718s] writing list of installed files to '/home/wyatt/ros2_ws/build/herding_v1_package/install.log'
[1.766s] Invoked command in '/home/wyatt/ros2_ws/src/herding_v1_package' returned '0': PYTHONPATH=/home/wyatt/ros2_ws/build/herding_v1_package/prefix_override:/home/wyatt/ros2_ws/install/herding_v1_package/lib/python3.10/site-packages:${PYTHONPATH} /usr/bin/python3 setup.py egg_info --egg-base ../../build/herding_v1_package build --build-base /home/wyatt/ros2_ws/build/herding_v1_package/build install --record /home/wyatt/ros2_ws/build/herding_v1_package/install.log --single-version-externally-managed
