[1.755s] Invoking command in '/home/wyatt/ros2_ws/src/common/emlid_interface': PYTHONPATH=/home/wyatt/ros2_ws/build/emlid_interface/prefix_override:/usr/lib/python3/dist-packages/colcon_core/task/python/colcon_distutils_commands:/home/wyatt/ros2_ws/install/emlid_interface/lib/python3.10/site-packages:${PYTHONPATH} /usr/bin/python3 -W ignore:setup.py install is deprecated -W ignore:easy_install command is deprecated setup.py egg_info --egg-base ../../../build/emlid_interface build --build-base /home/wyatt/ros2_ws/build/emlid_interface/build install --record /home/wyatt/ros2_ws/build/emlid_interface/install.log --single-version-externally-managed install_data
[2.271s] running egg_info
[2.273s] creating ../../../build/emlid_interface/emlid_interface.egg-info
[2.273s] writing ../../../build/emlid_interface/emlid_interface.egg-info/PKG-INFO
[2.273s] writing dependency_links to ../../../build/emlid_interface/emlid_interface.egg-info/dependency_links.txt
[2.273s] writing entry points to ../../../build/emlid_interface/emlid_interface.egg-info/entry_points.txt
[2.273s] writing requirements to ../../../build/emlid_interface/emlid_interface.egg-info/requires.txt
[2.275s] writing top-level names to ../../../build/emlid_interface/emlid_interface.egg-info/top_level.txt
[2.276s] writing manifest file '../../../build/emlid_interface/emlid_interface.egg-info/SOURCES.txt'
[2.278s] reading manifest file '../../../build/emlid_interface/emlid_interface.egg-info/SOURCES.txt'
[2.279s] writing manifest file '../../../build/emlid_interface/emlid_interface.egg-info/SOURCES.txt'
[2.279s] running build
[2.279s] running build_py
[2.281s] creating /home/wyatt/ros2_ws/build/emlid_interface/build
[2.282s] creating /home/wyatt/ros2_ws/build/emlid_interface/build/lib
[2.282s] creating /home/wyatt/ros2_ws/build/emlid_interface/build/lib/emlid_interface
[2.284s] copying emlid_interface/emlid_interface_node.py -> /home/wyatt/ros2_ws/build/emlid_interface/build/lib/emlid_interface
[2.284s] copying emlid_interface/__init__.py -> /home/wyatt/ros2_ws/build/emlid_interface/build/lib/emlid_interface
[2.284s] running install
[2.285s] running install_lib
[2.285s] creating /home/wyatt/ros2_ws/install/emlid_interface/lib/python3.10/site-packages/emlid_interface
[2.286s] copying /home/wyatt/ros2_ws/build/emlid_interface/build/lib/emlid_interface/emlid_interface_node.py -> /home/wyatt/ros2_ws/install/emlid_interface/lib/python3.10/site-packages/emlid_interface
[2.286s] copying /home/wyatt/ros2_ws/build/emlid_interface/build/lib/emlid_interface/__init__.py -> /home/wyatt/ros2_ws/install/emlid_interface/lib/python3.10/site-packages/emlid_interface
[2.286s] byte-compiling /home/wyatt/ros2_ws/install/emlid_interface/lib/python3.10/site-packages/emlid_interface/emlid_interface_node.py to emlid_interface_node.cpython-310.pyc
[2.286s] byte-compiling /home/wyatt/ros2_ws/install/emlid_interface/lib/python3.10/site-packages/emlid_interface/__init__.py to __init__.cpython-310.pyc
[2.286s] running install_data
[2.286s] creating /home/wyatt/ros2_ws/install/emlid_interface/share/ament_index
[2.286s] creating /home/wyatt/ros2_ws/install/emlid_interface/share/ament_index/resource_index
[2.287s] creating /home/wyatt/ros2_ws/install/emlid_interface/share/ament_index/resource_index/packages
[2.294s] copying resource/emlid_interface -> /home/wyatt/ros2_ws/install/emlid_interface/share/ament_index/resource_index/packages
[2.294s] copying package.xml -> /home/wyatt/ros2_ws/install/emlid_interface/share/emlid_interface
[2.294s] creating /home/wyatt/ros2_ws/install/emlid_interface/share/emlid_interface/launch
[2.294s] copying launch/emlid_interface_launch.py -> /home/wyatt/ros2_ws/install/emlid_interface/share/emlid_interface/launch
[2.294s] running install_egg_info
[2.294s] Copying ../../../build/emlid_interface/emlid_interface.egg-info to /home/wyatt/ros2_ws/install/emlid_interface/lib/python3.10/site-packages/emlid_interface-0.0.0-py3.10.egg-info
[2.295s] running install_scripts
[2.331s] Installing emlid_interface_node script to /home/wyatt/ros2_ws/install/emlid_interface/lib/emlid_interface
[2.333s] writing list of installed files to '/home/wyatt/ros2_ws/build/emlid_interface/install.log'
[2.718s] Invoked command in '/home/wyatt/ros2_ws/src/common/emlid_interface' returned '0': PYTHONPATH=/home/wyatt/ros2_ws/build/emlid_interface/prefix_override:/usr/lib/python3/dist-packages/colcon_core/task/python/colcon_distutils_commands:/home/wyatt/ros2_ws/install/emlid_interface/lib/python3.10/site-packages:${PYTHONPATH} /usr/bin/python3 -W ignore:setup.py install is deprecated -W ignore:easy_install command is deprecated setup.py egg_info --egg-base ../../../build/emlid_interface build --build-base /home/wyatt/ros2_ws/build/emlid_interface/build install --record /home/wyatt/ros2_ws/build/emlid_interface/install.log --single-version-externally-managed install_data
