[1.451s] Invoking command in '/home/wyatt/git_ros2/ros2_ws/src/vehicle_position_checker': PYTHONPATH=/home/wyatt/git_ros2/ros2_ws/build/vehicle_position_checker/prefix_override:/home/wyatt/git_ros2/ros2_ws/install/vehicle_position_checker/lib/python3.10/site-packages:${PYTHONPATH} /usr/bin/python3 setup.py egg_info --egg-base ../../build/vehicle_position_checker build --build-base /home/wyatt/git_ros2/ros2_ws/build/vehicle_position_checker/build install --record /home/wyatt/git_ros2/ros2_ws/build/vehicle_position_checker/install.log --single-version-externally-managed
[1.686s] running egg_info
[1.688s] creating ../../build/vehicle_position_checker/vehicle_position_checker.egg-info
[1.689s] writing ../../build/vehicle_position_checker/vehicle_position_checker.egg-info/PKG-INFO
[1.689s] writing dependency_links to ../../build/vehicle_position_checker/vehicle_position_checker.egg-info/dependency_links.txt
[1.690s] writing entry points to ../../build/vehicle_position_checker/vehicle_position_checker.egg-info/entry_points.txt
[1.690s] writing requirements to ../../build/vehicle_position_checker/vehicle_position_checker.egg-info/requires.txt
[1.691s] writing top-level names to ../../build/vehicle_position_checker/vehicle_position_checker.egg-info/top_level.txt
[1.691s] writing manifest file '../../build/vehicle_position_checker/vehicle_position_checker.egg-info/SOURCES.txt'
[1.696s] reading manifest file '../../build/vehicle_position_checker/vehicle_position_checker.egg-info/SOURCES.txt'
[1.698s] writing manifest file '../../build/vehicle_position_checker/vehicle_position_checker.egg-info/SOURCES.txt'
[1.699s] running build
[1.699s] running build_py
[1.700s] creating /home/wyatt/git_ros2/ros2_ws/build/vehicle_position_checker/build
[1.700s] creating /home/wyatt/git_ros2/ros2_ws/build/vehicle_position_checker/build/lib
[1.700s] creating /home/wyatt/git_ros2/ros2_ws/build/vehicle_position_checker/build/lib/vehicle_position_checker
[1.701s] copying vehicle_position_checker/__init__.py -> /home/wyatt/git_ros2/ros2_ws/build/vehicle_position_checker/build/lib/vehicle_position_checker
[1.701s] copying vehicle_position_checker/vehicle_position_checker.py -> /home/wyatt/git_ros2/ros2_ws/build/vehicle_position_checker/build/lib/vehicle_position_checker
[1.701s] running install
[1.702s] /usr/lib/python3/dist-packages/setuptools/command/install.py:34: SetuptoolsDeprecationWarning: setup.py install is deprecated. Use build and pip and other standards-based tools.
[1.702s]   warnings.warn(
[1.702s] running install_lib
[1.705s] creating /home/wyatt/git_ros2/ros2_ws/install/vehicle_position_checker/lib/python3.10/site-packages/vehicle_position_checker
[1.705s] copying /home/wyatt/git_ros2/ros2_ws/build/vehicle_position_checker/build/lib/vehicle_position_checker/__init__.py -> /home/wyatt/git_ros2/ros2_ws/install/vehicle_position_checker/lib/python3.10/site-packages/vehicle_position_checker
[1.706s] copying /home/wyatt/git_ros2/ros2_ws/build/vehicle_position_checker/build/lib/vehicle_position_checker/vehicle_position_checker.py -> /home/wyatt/git_ros2/ros2_ws/install/vehicle_position_checker/lib/python3.10/site-packages/vehicle_position_checker
[1.713s] byte-compiling /home/wyatt/git_ros2/ros2_ws/install/vehicle_position_checker/lib/python3.10/site-packages/vehicle_position_checker/__init__.py to __init__.cpython-310.pyc
[1.713s] byte-compiling /home/wyatt/git_ros2/ros2_ws/install/vehicle_position_checker/lib/python3.10/site-packages/vehicle_position_checker/vehicle_position_checker.py to vehicle_position_checker.cpython-310.pyc
[1.714s] running install_data
[1.715s] creating /home/wyatt/git_ros2/ros2_ws/install/vehicle_position_checker/share/ament_index
[1.715s] creating /home/wyatt/git_ros2/ros2_ws/install/vehicle_position_checker/share/ament_index/resource_index
[1.715s] creating /home/wyatt/git_ros2/ros2_ws/install/vehicle_position_checker/share/ament_index/resource_index/packages
[1.715s] copying resource/vehicle_position_checker -> /home/wyatt/git_ros2/ros2_ws/install/vehicle_position_checker/share/ament_index/resource_index/packages
[1.715s] copying package.xml -> /home/wyatt/git_ros2/ros2_ws/install/vehicle_position_checker/share/vehicle_position_checker
[1.716s] running install_egg_info
[1.717s] Copying ../../build/vehicle_position_checker/vehicle_position_checker.egg-info to /home/wyatt/git_ros2/ros2_ws/install/vehicle_position_checker/lib/python3.10/site-packages/vehicle_position_checker-0.0.0-py3.10.egg-info
[1.718s] running install_scripts
[1.736s] Installing vehicle_positon_checker_node script to /home/wyatt/git_ros2/ros2_ws/install/vehicle_position_checker/lib/vehicle_position_checker
[1.737s] writing list of installed files to '/home/wyatt/git_ros2/ros2_ws/build/vehicle_position_checker/install.log'
[1.761s] Invoked command in '/home/wyatt/git_ros2/ros2_ws/src/vehicle_position_checker' returned '0': PYTHONPATH=/home/wyatt/git_ros2/ros2_ws/build/vehicle_position_checker/prefix_override:/home/wyatt/git_ros2/ros2_ws/install/vehicle_position_checker/lib/python3.10/site-packages:${PYTHONPATH} /usr/bin/python3 setup.py egg_info --egg-base ../../build/vehicle_position_checker build --build-base /home/wyatt/git_ros2/ros2_ws/build/vehicle_position_checker/build install --record /home/wyatt/git_ros2/ros2_ws/build/vehicle_position_checker/install.log --single-version-externally-managed
