[2.301s] Invoking command in '/home/wyatt/Documents/GitHub/ros2_ws/src/estop_button': DEBUGINFOD_URLS=https://debuginfod.ubuntu.com PYTHONPATH=/home/wyatt/Documents/GitHub/ros2_ws/build/estop_button/prefix_override:/usr/lib/python3/dist-packages/colcon_core/task/python/colcon_distutils_commands:/home/wyatt/Documents/GitHub/ros2_ws/install/estop_button/lib/python3.12/site-packages:${PYTHONPATH} /usr/bin/python3 -W ignore:setup.py install is deprecated setup.py egg_info --egg-base ../../build/estop_button build --build-base /home/wyatt/Documents/GitHub/ros2_ws/build/estop_button/build install --record /home/wyatt/Documents/GitHub/ros2_ws/build/estop_button/install.log --single-version-externally-managed install_data
[3.237s] running egg_info
[3.237s] creating ../../build/estop_button/estop_button.egg-info
[3.325s] writing ../../build/estop_button/estop_button.egg-info/PKG-INFO
[3.325s] writing dependency_links to ../../build/estop_button/estop_button.egg-info/dependency_links.txt
[3.325s] writing requirements to ../../build/estop_button/estop_button.egg-info/requires.txt
[3.326s] writing top-level names to ../../build/estop_button/estop_button.egg-info/top_level.txt
[3.326s] writing manifest file '../../build/estop_button/estop_button.egg-info/SOURCES.txt'
[3.492s] reading manifest file '../../build/estop_button/estop_button.egg-info/SOURCES.txt'
[3.495s] writing manifest file '../../build/estop_button/estop_button.egg-info/SOURCES.txt'
[3.496s] running build
[3.496s] running build_py
[3.497s] creating /home/wyatt/Documents/GitHub/ros2_ws/build/estop_button/build
[3.497s] creating /home/wyatt/Documents/GitHub/ros2_ws/build/estop_button/build/lib
[3.498s] creating /home/wyatt/Documents/GitHub/ros2_ws/build/estop_button/build/lib/estop_button
[3.498s] copying estop_button/__init__.py -> /home/wyatt/Documents/GitHub/ros2_ws/build/estop_button/build/lib/estop_button
[3.502s] copying estop_button/estop_button.py -> /home/wyatt/Documents/GitHub/ros2_ws/build/estop_button/build/lib/estop_button
[3.502s] running install
[3.515s] running install_lib
[3.573s] creating /home/wyatt/Documents/GitHub/ros2_ws/install/estop_button/lib/python3.12/site-packages/estop_button
[3.573s] copying /home/wyatt/Documents/GitHub/ros2_ws/build/estop_button/build/lib/estop_button/__init__.py -> /home/wyatt/Documents/GitHub/ros2_ws/install/estop_button/lib/python3.12/site-packages/estop_button
[3.574s] copying /home/wyatt/Documents/GitHub/ros2_ws/build/estop_button/build/lib/estop_button/estop_button.py -> /home/wyatt/Documents/GitHub/ros2_ws/install/estop_button/lib/python3.12/site-packages/estop_button
[3.577s] byte-compiling /home/wyatt/Documents/GitHub/ros2_ws/install/estop_button/lib/python3.12/site-packages/estop_button/__init__.py to __init__.cpython-312.pyc
[3.577s] byte-compiling /home/wyatt/Documents/GitHub/ros2_ws/install/estop_button/lib/python3.12/site-packages/estop_button/estop_button.py to estop_button.cpython-312.pyc
[3.578s] running install_data
[3.578s] creating /home/wyatt/Documents/GitHub/ros2_ws/install/estop_button/share/ament_index
[3.578s] creating /home/wyatt/Documents/GitHub/ros2_ws/install/estop_button/share/ament_index/resource_index
[3.578s] creating /home/wyatt/Documents/GitHub/ros2_ws/install/estop_button/share/ament_index/resource_index/packages
[3.578s] copying resource/estop_button -> /home/wyatt/Documents/GitHub/ros2_ws/install/estop_button/share/ament_index/resource_index/packages
[3.578s] copying package.xml -> /home/wyatt/Documents/GitHub/ros2_ws/install/estop_button/share/estop_button
[3.578s] running install_egg_info
[3.628s] Copying ../../build/estop_button/estop_button.egg-info to /home/wyatt/Documents/GitHub/ros2_ws/install/estop_button/lib/python3.12/site-packages/estop_button-0.0.0-py3.12.egg-info
[3.634s] running install_scripts
[3.888s] writing list of installed files to '/home/wyatt/Documents/GitHub/ros2_ws/build/estop_button/install.log'
[4.019s] Invoked command in '/home/wyatt/Documents/GitHub/ros2_ws/src/estop_button' returned '0': DEBUGINFOD_URLS=https://debuginfod.ubuntu.com PYTHONPATH=/home/wyatt/Documents/GitHub/ros2_ws/build/estop_button/prefix_override:/usr/lib/python3/dist-packages/colcon_core/task/python/colcon_distutils_commands:/home/wyatt/Documents/GitHub/ros2_ws/install/estop_button/lib/python3.12/site-packages:${PYTHONPATH} /usr/bin/python3 -W ignore:setup.py install is deprecated setup.py egg_info --egg-base ../../build/estop_button build --build-base /home/wyatt/Documents/GitHub/ros2_ws/build/estop_button/build install --record /home/wyatt/Documents/GitHub/ros2_ws/build/estop_button/install.log --single-version-externally-managed install_data
