[0.264s] DEBUG:colcon:Command line arguments: ['/usr/bin/colcon', 'build']
[0.265s] DEBUG:colcon:Parsed command line arguments: Namespace(log_base=None, log_level=None, verb_name='build', build_base='build', install_base='install', merge_install=False, symlink_install=False, test_result_base=None, continue_on_error=False, executor='parallel', parallel_workers=4, event_handlers=None, ignore_user_meta=False, metas=['./colcon.meta'], base_paths=['.'], packages_ignore=None, packages_ignore_regex=None, paths=None, packages_up_to=None, packages_up_to_regex=None, packages_above=None, packages_above_and_dependencies=None, packages_above_depth=None, packages_select_by_dep=None, packages_skip_by_dep=None, packages_skip_up_to=None, packages_select_build_failed=False, packages_skip_build_finished=False, packages_select_test_failures=False, packages_skip_test_passed=False, packages_select=None, packages_skip=None, packages_select_regex=None, packages_skip_regex=None, packages_start=None, packages_end=None, allow_overriding=[], cmake_args=None, cmake_target=None, cmake_target_skip_unavailable=False, cmake_clean_cache=False, cmake_clean_first=False, cmake_force_configure=False, ament_cmake_args=None, catkin_cmake_args=None, catkin_skip_building_tests=False, verb_parser=<colcon_defaults.argument_parser.defaults.DefaultArgumentsDecorator object at 0x74f74ee7d0f0>, verb_extension=<colcon_core.verb.build.BuildVerb object at 0x74f74eea9480>, main=<bound method BuildVerb.main of <colcon_core.verb.build.BuildVerb object at 0x74f74eea9480>>)
[0.610s] Level 1:colcon.colcon_core.package_discovery:discover_packages(colcon_meta) check parameters
[0.610s] Level 1:colcon.colcon_core.package_discovery:discover_packages(recursive) check parameters
[0.610s] Level 1:colcon.colcon_core.package_discovery:discover_packages(ignore) check parameters
[0.610s] Level 1:colcon.colcon_core.package_discovery:discover_packages(path) check parameters
[0.610s] Level 1:colcon.colcon_core.package_discovery:discover_packages(colcon_meta) discover
[0.610s] Level 1:colcon.colcon_core.package_discovery:discover_packages(recursive) discover
[0.610s] INFO:colcon.colcon_core.package_discovery:Crawling recursively for packages in '/home/wyatt/ros2_ws'
[0.610s] Level 1:colcon.colcon_core.package_identification:_identify(.) by extensions ['ignore', 'ignore_ament_install']
[0.610s] Level 1:colcon.colcon_core.package_identification:_identify(.) by extension 'ignore'
[0.610s] Level 1:colcon.colcon_core.package_identification:_identify(.) by extension 'ignore_ament_install'
[0.611s] Level 1:colcon.colcon_core.package_identification:_identify(.) by extensions ['colcon_pkg']
[0.611s] Level 1:colcon.colcon_core.package_identification:_identify(.) by extension 'colcon_pkg'
[0.611s] Level 1:colcon.colcon_core.package_identification:_identify(.) by extensions ['colcon_meta']
[0.611s] Level 1:colcon.colcon_core.package_identification:_identify(.) by extension 'colcon_meta'
[0.611s] Level 1:colcon.colcon_core.package_identification:_identify(.) by extensions ['ros']
[0.611s] Level 1:colcon.colcon_core.package_identification:_identify(.) by extension 'ros'
[0.637s] Level 1:colcon.colcon_core.package_identification:_identify(.) by extensions ['cmake', 'python']
[0.637s] Level 1:colcon.colcon_core.package_identification:_identify(.) by extension 'cmake'
[0.637s] Level 1:colcon.colcon_core.package_identification:_identify(.) by extension 'python'
[0.637s] Level 1:colcon.colcon_core.package_identification:_identify(.) by extensions ['python_setup_py']
[0.637s] Level 1:colcon.colcon_core.package_identification:_identify(.) by extension 'python_setup_py'
[0.637s] Level 1:colcon.colcon_core.package_identification:_identify(Simulation_2024-03-24_12-57-23) by extensions ['ignore', 'ignore_ament_install']
[0.638s] Level 1:colcon.colcon_core.package_identification:_identify(Simulation_2024-03-24_12-57-23) by extension 'ignore'
[0.638s] Level 1:colcon.colcon_core.package_identification:_identify(Simulation_2024-03-24_12-57-23) by extension 'ignore_ament_install'
[0.638s] Level 1:colcon.colcon_core.package_identification:_identify(Simulation_2024-03-24_12-57-23) by extensions ['colcon_pkg']
[0.638s] Level 1:colcon.colcon_core.package_identification:_identify(Simulation_2024-03-24_12-57-23) by extension 'colcon_pkg'
[0.638s] Level 1:colcon.colcon_core.package_identification:_identify(Simulation_2024-03-24_12-57-23) by extensions ['colcon_meta']
[0.638s] Level 1:colcon.colcon_core.package_identification:_identify(Simulation_2024-03-24_12-57-23) by extension 'colcon_meta'
[0.638s] Level 1:colcon.colcon_core.package_identification:_identify(Simulation_2024-03-24_12-57-23) by extensions ['ros']
[0.638s] Level 1:colcon.colcon_core.package_identification:_identify(Simulation_2024-03-24_12-57-23) by extension 'ros'
[0.638s] Level 1:colcon.colcon_core.package_identification:_identify(Simulation_2024-03-24_12-57-23) by extensions ['cmake', 'python']
[0.638s] Level 1:colcon.colcon_core.package_identification:_identify(Simulation_2024-03-24_12-57-23) by extension 'cmake'
[0.638s] Level 1:colcon.colcon_core.package_identification:_identify(Simulation_2024-03-24_12-57-23) by extension 'python'
[0.638s] Level 1:colcon.colcon_core.package_identification:_identify(Simulation_2024-03-24_12-57-23) by extensions ['python_setup_py']
[0.638s] Level 1:colcon.colcon_core.package_identification:_identify(Simulation_2024-03-24_12-57-23) by extension 'python_setup_py'
[0.639s] Level 1:colcon.colcon_core.package_identification:_identify(a_NO-DELETE-rosbag2_2024_02_29-14_30_00) by extensions ['ignore', 'ignore_ament_install']
[0.639s] Level 1:colcon.colcon_core.package_identification:_identify(a_NO-DELETE-rosbag2_2024_02_29-14_30_00) by extension 'ignore'
[0.639s] Level 1:colcon.colcon_core.package_identification:_identify(a_NO-DELETE-rosbag2_2024_02_29-14_30_00) by extension 'ignore_ament_install'
[0.639s] Level 1:colcon.colcon_core.package_identification:_identify(a_NO-DELETE-rosbag2_2024_02_29-14_30_00) by extensions ['colcon_pkg']
[0.639s] Level 1:colcon.colcon_core.package_identification:_identify(a_NO-DELETE-rosbag2_2024_02_29-14_30_00) by extension 'colcon_pkg'
[0.639s] Level 1:colcon.colcon_core.package_identification:_identify(a_NO-DELETE-rosbag2_2024_02_29-14_30_00) by extensions ['colcon_meta']
[0.639s] Level 1:colcon.colcon_core.package_identification:_identify(a_NO-DELETE-rosbag2_2024_02_29-14_30_00) by extension 'colcon_meta'
[0.639s] Level 1:colcon.colcon_core.package_identification:_identify(a_NO-DELETE-rosbag2_2024_02_29-14_30_00) by extensions ['ros']
[0.639s] Level 1:colcon.colcon_core.package_identification:_identify(a_NO-DELETE-rosbag2_2024_02_29-14_30_00) by extension 'ros'
[0.639s] Level 1:colcon.colcon_core.package_identification:_identify(a_NO-DELETE-rosbag2_2024_02_29-14_30_00) by extensions ['cmake', 'python']
[0.639s] Level 1:colcon.colcon_core.package_identification:_identify(a_NO-DELETE-rosbag2_2024_02_29-14_30_00) by extension 'cmake'
[0.639s] Level 1:colcon.colcon_core.package_identification:_identify(a_NO-DELETE-rosbag2_2024_02_29-14_30_00) by extension 'python'
[0.639s] Level 1:colcon.colcon_core.package_identification:_identify(a_NO-DELETE-rosbag2_2024_02_29-14_30_00) by extensions ['python_setup_py']
[0.639s] Level 1:colcon.colcon_core.package_identification:_identify(a_NO-DELETE-rosbag2_2024_02_29-14_30_00) by extension 'python_setup_py'
[0.640s] Level 1:colcon.colcon_core.package_identification:_identify(build) by extensions ['ignore', 'ignore_ament_install']
[0.640s] Level 1:colcon.colcon_core.package_identification:_identify(build) by extension 'ignore'
[0.640s] Level 1:colcon.colcon_core.package_identification:_identify(build) ignored
[0.640s] Level 1:colcon.colcon_core.package_identification:_identify(install) by extensions ['ignore', 'ignore_ament_install']
[0.640s] Level 1:colcon.colcon_core.package_identification:_identify(install) by extension 'ignore'
[0.640s] Level 1:colcon.colcon_core.package_identification:_identify(install) ignored
[0.640s] Level 1:colcon.colcon_core.package_identification:_identify(log) by extensions ['ignore', 'ignore_ament_install']
[0.640s] Level 1:colcon.colcon_core.package_identification:_identify(log) by extension 'ignore'
[0.640s] Level 1:colcon.colcon_core.package_identification:_identify(log) ignored
[0.640s] Level 1:colcon.colcon_core.package_identification:_identify(src) by extensions ['ignore', 'ignore_ament_install']
[0.641s] Level 1:colcon.colcon_core.package_identification:_identify(src) by extension 'ignore'
[0.641s] Level 1:colcon.colcon_core.package_identification:_identify(src) by extension 'ignore_ament_install'
[0.641s] Level 1:colcon.colcon_core.package_identification:_identify(src) by extensions ['colcon_pkg']
[0.641s] Level 1:colcon.colcon_core.package_identification:_identify(src) by extension 'colcon_pkg'
[0.641s] Level 1:colcon.colcon_core.package_identification:_identify(src) by extensions ['colcon_meta']
[0.641s] Level 1:colcon.colcon_core.package_identification:_identify(src) by extension 'colcon_meta'
[0.641s] Level 1:colcon.colcon_core.package_identification:_identify(src) by extensions ['ros']
[0.641s] Level 1:colcon.colcon_core.package_identification:_identify(src) by extension 'ros'
[0.641s] Level 1:colcon.colcon_core.package_identification:_identify(src) by extensions ['cmake', 'python']
[0.641s] Level 1:colcon.colcon_core.package_identification:_identify(src) by extension 'cmake'
[0.641s] Level 1:colcon.colcon_core.package_identification:_identify(src) by extension 'python'
[0.641s] Level 1:colcon.colcon_core.package_identification:_identify(src) by extensions ['python_setup_py']
[0.641s] Level 1:colcon.colcon_core.package_identification:_identify(src) by extension 'python_setup_py'
[0.641s] Level 1:colcon.colcon_core.package_identification:_identify(src/estop_button) by extensions ['ignore', 'ignore_ament_install']
[0.642s] Level 1:colcon.colcon_core.package_identification:_identify(src/estop_button) by extension 'ignore'
[0.642s] Level 1:colcon.colcon_core.package_identification:_identify(src/estop_button) by extension 'ignore_ament_install'
[0.642s] Level 1:colcon.colcon_core.package_identification:_identify(src/estop_button) by extensions ['colcon_pkg']
[0.642s] Level 1:colcon.colcon_core.package_identification:_identify(src/estop_button) by extension 'colcon_pkg'
[0.642s] Level 1:colcon.colcon_core.package_identification:_identify(src/estop_button) by extensions ['colcon_meta']
[0.642s] Level 1:colcon.colcon_core.package_identification:_identify(src/estop_button) by extension 'colcon_meta'
[0.642s] Level 1:colcon.colcon_core.package_identification:_identify(src/estop_button) by extensions ['ros']
[0.642s] Level 1:colcon.colcon_core.package_identification:_identify(src/estop_button) by extension 'ros'
[0.647s] DEBUG:colcon.colcon_core.package_identification:Package 'src/estop_button' with type 'ros.ament_python' and name 'estop_button'
[0.648s] Level 1:colcon.colcon_core.package_identification:_identify(src/herding_v1_package) by extensions ['ignore', 'ignore_ament_install']
[0.648s] Level 1:colcon.colcon_core.package_identification:_identify(src/herding_v1_package) by extension 'ignore'
[0.648s] Level 1:colcon.colcon_core.package_identification:_identify(src/herding_v1_package) by extension 'ignore_ament_install'
[0.648s] Level 1:colcon.colcon_core.package_identification:_identify(src/herding_v1_package) by extensions ['colcon_pkg']
[0.648s] Level 1:colcon.colcon_core.package_identification:_identify(src/herding_v1_package) by extension 'colcon_pkg'
[0.648s] Level 1:colcon.colcon_core.package_identification:_identify(src/herding_v1_package) by extensions ['colcon_meta']
[0.648s] Level 1:colcon.colcon_core.package_identification:_identify(src/herding_v1_package) by extension 'colcon_meta'
[0.648s] Level 1:colcon.colcon_core.package_identification:_identify(src/herding_v1_package) by extensions ['ros']
[0.648s] Level 1:colcon.colcon_core.package_identification:_identify(src/herding_v1_package) by extension 'ros'
[0.649s] DEBUG:colcon.colcon_core.package_identification:Package 'src/herding_v1_package' with type 'ros.ament_python' and name 'herding_v1_package'
[0.649s] Level 1:colcon.colcon_core.package_identification:_identify(src/matplotlib_sim) by extensions ['ignore', 'ignore_ament_install']
[0.650s] Level 1:colcon.colcon_core.package_identification:_identify(src/matplotlib_sim) by extension 'ignore'
[0.650s] Level 1:colcon.colcon_core.package_identification:_identify(src/matplotlib_sim) by extension 'ignore_ament_install'
[0.650s] Level 1:colcon.colcon_core.package_identification:_identify(src/matplotlib_sim) by extensions ['colcon_pkg']
[0.650s] Level 1:colcon.colcon_core.package_identification:_identify(src/matplotlib_sim) by extension 'colcon_pkg'
[0.650s] Level 1:colcon.colcon_core.package_identification:_identify(src/matplotlib_sim) by extensions ['colcon_meta']
[0.650s] Level 1:colcon.colcon_core.package_identification:_identify(src/matplotlib_sim) by extension 'colcon_meta'
[0.650s] Level 1:colcon.colcon_core.package_identification:_identify(src/matplotlib_sim) by extensions ['ros']
[0.650s] Level 1:colcon.colcon_core.package_identification:_identify(src/matplotlib_sim) by extension 'ros'
[0.651s] DEBUG:colcon.colcon_core.package_identification:Package 'src/matplotlib_sim' with type 'ros.ament_python' and name 'matplotlib_sim'
[0.651s] Level 1:colcon.colcon_core.package_identification:_identify(src/single_integrator_agent) by extensions ['ignore', 'ignore_ament_install']
[0.651s] Level 1:colcon.colcon_core.package_identification:_identify(src/single_integrator_agent) by extension 'ignore'
[0.651s] Level 1:colcon.colcon_core.package_identification:_identify(src/single_integrator_agent) by extension 'ignore_ament_install'
[0.652s] Level 1:colcon.colcon_core.package_identification:_identify(src/single_integrator_agent) by extensions ['colcon_pkg']
[0.652s] Level 1:colcon.colcon_core.package_identification:_identify(src/single_integrator_agent) by extension 'colcon_pkg'
[0.652s] Level 1:colcon.colcon_core.package_identification:_identify(src/single_integrator_agent) by extensions ['colcon_meta']
[0.652s] Level 1:colcon.colcon_core.package_identification:_identify(src/single_integrator_agent) by extension 'colcon_meta'
[0.652s] Level 1:colcon.colcon_core.package_identification:_identify(src/single_integrator_agent) by extensions ['ros']
[0.652s] Level 1:colcon.colcon_core.package_identification:_identify(src/single_integrator_agent) by extension 'ros'
[0.653s] DEBUG:colcon.colcon_core.package_identification:Package 'src/single_integrator_agent' with type 'ros.ament_python' and name 'single_integrator_agent'
[0.653s] Level 1:colcon.colcon_core.package_identification:_identify(src/test_herding_pkg) by extensions ['ignore', 'ignore_ament_install']
[0.653s] Level 1:colcon.colcon_core.package_identification:_identify(src/test_herding_pkg) by extension 'ignore'
[0.653s] Level 1:colcon.colcon_core.package_identification:_identify(src/test_herding_pkg) by extension 'ignore_ament_install'
[0.653s] Level 1:colcon.colcon_core.package_identification:_identify(src/test_herding_pkg) by extensions ['colcon_pkg']
[0.653s] Level 1:colcon.colcon_core.package_identification:_identify(src/test_herding_pkg) by extension 'colcon_pkg'
[0.653s] Level 1:colcon.colcon_core.package_identification:_identify(src/test_herding_pkg) by extensions ['colcon_meta']
[0.653s] Level 1:colcon.colcon_core.package_identification:_identify(src/test_herding_pkg) by extension 'colcon_meta'
[0.653s] Level 1:colcon.colcon_core.package_identification:_identify(src/test_herding_pkg) by extensions ['ros']
[0.654s] Level 1:colcon.colcon_core.package_identification:_identify(src/test_herding_pkg) by extension 'ros'
[0.655s] DEBUG:colcon.colcon_core.package_identification:Package 'src/test_herding_pkg' with type 'ros.ament_python' and name 'test_herding_pkg'
[0.655s] Level 1:colcon.colcon_core.package_identification:_identify(src/uf_interfaces) by extensions ['ignore', 'ignore_ament_install']
[0.655s] Level 1:colcon.colcon_core.package_identification:_identify(src/uf_interfaces) by extension 'ignore'
[0.655s] Level 1:colcon.colcon_core.package_identification:_identify(src/uf_interfaces) by extension 'ignore_ament_install'
[0.655s] Level 1:colcon.colcon_core.package_identification:_identify(src/uf_interfaces) by extensions ['colcon_pkg']
[0.655s] Level 1:colcon.colcon_core.package_identification:_identify(src/uf_interfaces) by extension 'colcon_pkg'
[0.655s] Level 1:colcon.colcon_core.package_identification:_identify(src/uf_interfaces) by extensions ['colcon_meta']
[0.655s] Level 1:colcon.colcon_core.package_identification:_identify(src/uf_interfaces) by extension 'colcon_meta'
[0.655s] Level 1:colcon.colcon_core.package_identification:_identify(src/uf_interfaces) by extensions ['ros']
[0.655s] Level 1:colcon.colcon_core.package_identification:_identify(src/uf_interfaces) by extension 'ros'
[0.656s] DEBUG:colcon.colcon_core.package_identification:Package 'src/uf_interfaces' with type 'ros.ament_cmake' and name 'uf_interfaces'
[0.657s] Level 1:colcon.colcon_core.package_identification:_identify(src/vehicle_position_checker) by extensions ['ignore', 'ignore_ament_install']
[0.657s] Level 1:colcon.colcon_core.package_identification:_identify(src/vehicle_position_checker) by extension 'ignore'
[0.657s] Level 1:colcon.colcon_core.package_identification:_identify(src/vehicle_position_checker) by extension 'ignore_ament_install'
[0.657s] Level 1:colcon.colcon_core.package_identification:_identify(src/vehicle_position_checker) by extensions ['colcon_pkg']
[0.657s] Level 1:colcon.colcon_core.package_identification:_identify(src/vehicle_position_checker) by extension 'colcon_pkg'
[0.657s] Level 1:colcon.colcon_core.package_identification:_identify(src/vehicle_position_checker) by extensions ['colcon_meta']
[0.657s] Level 1:colcon.colcon_core.package_identification:_identify(src/vehicle_position_checker) by extension 'colcon_meta'
[0.657s] Level 1:colcon.colcon_core.package_identification:_identify(src/vehicle_position_checker) by extensions ['ros']
[0.657s] Level 1:colcon.colcon_core.package_identification:_identify(src/vehicle_position_checker) by extension 'ros'
[0.658s] DEBUG:colcon.colcon_core.package_identification:Package 'src/vehicle_position_checker' with type 'ros.ament_python' and name 'vehicle_position_checker'
[0.658s] Level 1:colcon.colcon_core.package_identification:_identify(src/wind_speed_package) by extensions ['ignore', 'ignore_ament_install']
[0.658s] Level 1:colcon.colcon_core.package_identification:_identify(src/wind_speed_package) by extension 'ignore'
[0.659s] Level 1:colcon.colcon_core.package_identification:_identify(src/wind_speed_package) by extension 'ignore_ament_install'
[0.659s] Level 1:colcon.colcon_core.package_identification:_identify(src/wind_speed_package) by extensions ['colcon_pkg']
[0.659s] Level 1:colcon.colcon_core.package_identification:_identify(src/wind_speed_package) by extension 'colcon_pkg'
[0.659s] Level 1:colcon.colcon_core.package_identification:_identify(src/wind_speed_package) by extensions ['colcon_meta']
[0.659s] Level 1:colcon.colcon_core.package_identification:_identify(src/wind_speed_package) by extension 'colcon_meta'
[0.659s] Level 1:colcon.colcon_core.package_identification:_identify(src/wind_speed_package) by extensions ['ros']
[0.659s] Level 1:colcon.colcon_core.package_identification:_identify(src/wind_speed_package) by extension 'ros'
[0.660s] DEBUG:colcon.colcon_core.package_identification:Package 'src/wind_speed_package' with type 'ros.ament_python' and name 'wind_speed_package'
[0.660s] Level 1:colcon.colcon_core.package_discovery:discover_packages(recursive) using defaults
[0.660s] Level 1:colcon.colcon_core.package_discovery:discover_packages(ignore) discover
[0.660s] Level 1:colcon.colcon_core.package_discovery:discover_packages(ignore) using defaults
[0.660s] Level 1:colcon.colcon_core.package_discovery:discover_packages(path) discover
[0.660s] Level 1:colcon.colcon_core.package_discovery:discover_packages(path) using defaults
[0.709s] Level 1:colcon.colcon_core.package_discovery:discover_packages(prefix_path) check parameters
[0.709s] Level 1:colcon.colcon_core.package_discovery:discover_packages(prefix_path) discover
[0.715s] DEBUG:colcon.colcon_installed_package_information.package_discovery:Found 287 installed packages in /opt/ros/humble
[0.718s] Level 1:colcon.colcon_core.package_discovery:discover_packages(prefix_path) using defaults
[0.784s] Level 5:colcon.colcon_core.verb:set package 'estop_button' build argument 'cmake_args' from command line to 'None'
[0.784s] Level 5:colcon.colcon_core.verb:set package 'estop_button' build argument 'cmake_target' from command line to 'None'
[0.784s] Level 5:colcon.colcon_core.verb:set package 'estop_button' build argument 'cmake_target_skip_unavailable' from command line to 'False'
[0.784s] Level 5:colcon.colcon_core.verb:set package 'estop_button' build argument 'cmake_clean_cache' from command line to 'False'
[0.784s] Level 5:colcon.colcon_core.verb:set package 'estop_button' build argument 'cmake_clean_first' from command line to 'False'
[0.784s] Level 5:colcon.colcon_core.verb:set package 'estop_button' build argument 'cmake_force_configure' from command line to 'False'
[0.784s] Level 5:colcon.colcon_core.verb:set package 'estop_button' build argument 'ament_cmake_args' from command line to 'None'
[0.784s] Level 5:colcon.colcon_core.verb:set package 'estop_button' build argument 'catkin_cmake_args' from command line to 'None'
[0.784s] Level 5:colcon.colcon_core.verb:set package 'estop_button' build argument 'catkin_skip_building_tests' from command line to 'False'
[0.784s] DEBUG:colcon.colcon_core.verb:Building package 'estop_button' with the following arguments: {'ament_cmake_args': None, 'build_base': '/home/wyatt/ros2_ws/build/estop_button', 'catkin_cmake_args': None, 'catkin_skip_building_tests': False, 'cmake_args': None, 'cmake_clean_cache': False, 'cmake_clean_first': False, 'cmake_force_configure': False, 'cmake_target': None, 'cmake_target_skip_unavailable': False, 'install_base': '/home/wyatt/ros2_ws/install/estop_button', 'merge_install': False, 'path': '/home/wyatt/ros2_ws/src/estop_button', 'symlink_install': False, 'test_result_base': None}
[0.785s] Level 5:colcon.colcon_core.verb:set package 'herding_v1_package' build argument 'cmake_args' from command line to 'None'
[0.785s] Level 5:colcon.colcon_core.verb:set package 'herding_v1_package' build argument 'cmake_target' from command line to 'None'
[0.785s] Level 5:colcon.colcon_core.verb:set package 'herding_v1_package' build argument 'cmake_target_skip_unavailable' from command line to 'False'
[0.785s] Level 5:colcon.colcon_core.verb:set package 'herding_v1_package' build argument 'cmake_clean_cache' from command line to 'False'
[0.785s] Level 5:colcon.colcon_core.verb:set package 'herding_v1_package' build argument 'cmake_clean_first' from command line to 'False'
[0.785s] Level 5:colcon.colcon_core.verb:set package 'herding_v1_package' build argument 'cmake_force_configure' from command line to 'False'
[0.785s] Level 5:colcon.colcon_core.verb:set package 'herding_v1_package' build argument 'ament_cmake_args' from command line to 'None'
[0.785s] Level 5:colcon.colcon_core.verb:set package 'herding_v1_package' build argument 'catkin_cmake_args' from command line to 'None'
[0.785s] Level 5:colcon.colcon_core.verb:set package 'herding_v1_package' build argument 'catkin_skip_building_tests' from command line to 'False'
[0.785s] DEBUG:colcon.colcon_core.verb:Building package 'herding_v1_package' with the following arguments: {'ament_cmake_args': None, 'build_base': '/home/wyatt/ros2_ws/build/herding_v1_package', 'catkin_cmake_args': None, 'catkin_skip_building_tests': False, 'cmake_args': None, 'cmake_clean_cache': False, 'cmake_clean_first': False, 'cmake_force_configure': False, 'cmake_target': None, 'cmake_target_skip_unavailable': False, 'install_base': '/home/wyatt/ros2_ws/install/herding_v1_package', 'merge_install': False, 'path': '/home/wyatt/ros2_ws/src/herding_v1_package', 'symlink_install': False, 'test_result_base': None}
[0.785s] Level 5:colcon.colcon_core.verb:set package 'matplotlib_sim' build argument 'cmake_args' from command line to 'None'
[0.786s] Level 5:colcon.colcon_core.verb:set package 'matplotlib_sim' build argument 'cmake_target' from command line to 'None'
[0.786s] Level 5:colcon.colcon_core.verb:set package 'matplotlib_sim' build argument 'cmake_target_skip_unavailable' from command line to 'False'
[0.786s] Level 5:colcon.colcon_core.verb:set package 'matplotlib_sim' build argument 'cmake_clean_cache' from command line to 'False'
[0.786s] Level 5:colcon.colcon_core.verb:set package 'matplotlib_sim' build argument 'cmake_clean_first' from command line to 'False'
[0.786s] Level 5:colcon.colcon_core.verb:set package 'matplotlib_sim' build argument 'cmake_force_configure' from command line to 'False'
[0.786s] Level 5:colcon.colcon_core.verb:set package 'matplotlib_sim' build argument 'ament_cmake_args' from command line to 'None'
[0.786s] Level 5:colcon.colcon_core.verb:set package 'matplotlib_sim' build argument 'catkin_cmake_args' from command line to 'None'
[0.786s] Level 5:colcon.colcon_core.verb:set package 'matplotlib_sim' build argument 'catkin_skip_building_tests' from command line to 'False'
[0.786s] DEBUG:colcon.colcon_core.verb:Building package 'matplotlib_sim' with the following arguments: {'ament_cmake_args': None, 'build_base': '/home/wyatt/ros2_ws/build/matplotlib_sim', 'catkin_cmake_args': None, 'catkin_skip_building_tests': False, 'cmake_args': None, 'cmake_clean_cache': False, 'cmake_clean_first': False, 'cmake_force_configure': False, 'cmake_target': None, 'cmake_target_skip_unavailable': False, 'install_base': '/home/wyatt/ros2_ws/install/matplotlib_sim', 'merge_install': False, 'path': '/home/wyatt/ros2_ws/src/matplotlib_sim', 'symlink_install': False, 'test_result_base': None}
[0.786s] Level 5:colcon.colcon_core.verb:set package 'single_integrator_agent' build argument 'cmake_args' from command line to 'None'
[0.786s] Level 5:colcon.colcon_core.verb:set package 'single_integrator_agent' build argument 'cmake_target' from command line to 'None'
[0.787s] Level 5:colcon.colcon_core.verb:set package 'single_integrator_agent' build argument 'cmake_target_skip_unavailable' from command line to 'False'
[0.787s] Level 5:colcon.colcon_core.verb:set package 'single_integrator_agent' build argument 'cmake_clean_cache' from command line to 'False'
[0.787s] Level 5:colcon.colcon_core.verb:set package 'single_integrator_agent' build argument 'cmake_clean_first' from command line to 'False'
[0.787s] Level 5:colcon.colcon_core.verb:set package 'single_integrator_agent' build argument 'cmake_force_configure' from command line to 'False'
[0.787s] Level 5:colcon.colcon_core.verb:set package 'single_integrator_agent' build argument 'ament_cmake_args' from command line to 'None'
[0.787s] Level 5:colcon.colcon_core.verb:set package 'single_integrator_agent' build argument 'catkin_cmake_args' from command line to 'None'
[0.787s] Level 5:colcon.colcon_core.verb:set package 'single_integrator_agent' build argument 'catkin_skip_building_tests' from command line to 'False'
[0.787s] DEBUG:colcon.colcon_core.verb:Building package 'single_integrator_agent' with the following arguments: {'ament_cmake_args': None, 'build_base': '/home/wyatt/ros2_ws/build/single_integrator_agent', 'catkin_cmake_args': None, 'catkin_skip_building_tests': False, 'cmake_args': None, 'cmake_clean_cache': False, 'cmake_clean_first': False, 'cmake_force_configure': False, 'cmake_target': None, 'cmake_target_skip_unavailable': False, 'install_base': '/home/wyatt/ros2_ws/install/single_integrator_agent', 'merge_install': False, 'path': '/home/wyatt/ros2_ws/src/single_integrator_agent', 'symlink_install': False, 'test_result_base': None}
[0.787s] Level 5:colcon.colcon_core.verb:set package 'test_herding_pkg' build argument 'cmake_args' from command line to 'None'
[0.787s] Level 5:colcon.colcon_core.verb:set package 'test_herding_pkg' build argument 'cmake_target' from command line to 'None'
[0.787s] Level 5:colcon.colcon_core.verb:set package 'test_herding_pkg' build argument 'cmake_target_skip_unavailable' from command line to 'False'
[0.787s] Level 5:colcon.colcon_core.verb:set package 'test_herding_pkg' build argument 'cmake_clean_cache' from command line to 'False'
[0.787s] Level 5:colcon.colcon_core.verb:set package 'test_herding_pkg' build argument 'cmake_clean_first' from command line to 'False'
[0.788s] Level 5:colcon.colcon_core.verb:set package 'test_herding_pkg' build argument 'cmake_force_configure' from command line to 'False'
[0.788s] Level 5:colcon.colcon_core.verb:set package 'test_herding_pkg' build argument 'ament_cmake_args' from command line to 'None'
[0.788s] Level 5:colcon.colcon_core.verb:set package 'test_herding_pkg' build argument 'catkin_cmake_args' from command line to 'None'
[0.788s] Level 5:colcon.colcon_core.verb:set package 'test_herding_pkg' build argument 'catkin_skip_building_tests' from command line to 'False'
[0.788s] DEBUG:colcon.colcon_core.verb:Building package 'test_herding_pkg' with the following arguments: {'ament_cmake_args': None, 'build_base': '/home/wyatt/ros2_ws/build/test_herding_pkg', 'catkin_cmake_args': None, 'catkin_skip_building_tests': False, 'cmake_args': None, 'cmake_clean_cache': False, 'cmake_clean_first': False, 'cmake_force_configure': False, 'cmake_target': None, 'cmake_target_skip_unavailable': False, 'install_base': '/home/wyatt/ros2_ws/install/test_herding_pkg', 'merge_install': False, 'path': '/home/wyatt/ros2_ws/src/test_herding_pkg', 'symlink_install': False, 'test_result_base': None}
[0.788s] Level 5:colcon.colcon_core.verb:set package 'uf_interfaces' build argument 'cmake_args' from command line to 'None'
[0.788s] Level 5:colcon.colcon_core.verb:set package 'uf_interfaces' build argument 'cmake_target' from command line to 'None'
[0.788s] Level 5:colcon.colcon_core.verb:set package 'uf_interfaces' build argument 'cmake_target_skip_unavailable' from command line to 'False'
[0.788s] Level 5:colcon.colcon_core.verb:set package 'uf_interfaces' build argument 'cmake_clean_cache' from command line to 'False'
[0.788s] Level 5:colcon.colcon_core.verb:set package 'uf_interfaces' build argument 'cmake_clean_first' from command line to 'False'
[0.788s] Level 5:colcon.colcon_core.verb:set package 'uf_interfaces' build argument 'cmake_force_configure' from command line to 'False'
[0.788s] Level 5:colcon.colcon_core.verb:set package 'uf_interfaces' build argument 'ament_cmake_args' from command line to 'None'
[0.789s] Level 5:colcon.colcon_core.verb:set package 'uf_interfaces' build argument 'catkin_cmake_args' from command line to 'None'
[0.789s] Level 5:colcon.colcon_core.verb:set package 'uf_interfaces' build argument 'catkin_skip_building_tests' from command line to 'False'
[0.789s] DEBUG:colcon.colcon_core.verb:Building package 'uf_interfaces' with the following arguments: {'ament_cmake_args': None, 'build_base': '/home/wyatt/ros2_ws/build/uf_interfaces', 'catkin_cmake_args': None, 'catkin_skip_building_tests': False, 'cmake_args': None, 'cmake_clean_cache': False, 'cmake_clean_first': False, 'cmake_force_configure': False, 'cmake_target': None, 'cmake_target_skip_unavailable': False, 'install_base': '/home/wyatt/ros2_ws/install/uf_interfaces', 'merge_install': False, 'path': '/home/wyatt/ros2_ws/src/uf_interfaces', 'symlink_install': False, 'test_result_base': None}
[0.789s] Level 5:colcon.colcon_core.verb:set package 'vehicle_position_checker' build argument 'cmake_args' from command line to 'None'
[0.789s] Level 5:colcon.colcon_core.verb:set package 'vehicle_position_checker' build argument 'cmake_target' from command line to 'None'
[0.789s] Level 5:colcon.colcon_core.verb:set package 'vehicle_position_checker' build argument 'cmake_target_skip_unavailable' from command line to 'False'
[0.789s] Level 5:colcon.colcon_core.verb:set package 'vehicle_position_checker' build argument 'cmake_clean_cache' from command line to 'False'
[0.789s] Level 5:colcon.colcon_core.verb:set package 'vehicle_position_checker' build argument 'cmake_clean_first' from command line to 'False'
[0.789s] Level 5:colcon.colcon_core.verb:set package 'vehicle_position_checker' build argument 'cmake_force_configure' from command line to 'False'
[0.789s] Level 5:colcon.colcon_core.verb:set package 'vehicle_position_checker' build argument 'ament_cmake_args' from command line to 'None'
[0.789s] Level 5:colcon.colcon_core.verb:set package 'vehicle_position_checker' build argument 'catkin_cmake_args' from command line to 'None'
[0.789s] Level 5:colcon.colcon_core.verb:set package 'vehicle_position_checker' build argument 'catkin_skip_building_tests' from command line to 'False'
[0.789s] DEBUG:colcon.colcon_core.verb:Building package 'vehicle_position_checker' with the following arguments: {'ament_cmake_args': None, 'build_base': '/home/wyatt/ros2_ws/build/vehicle_position_checker', 'catkin_cmake_args': None, 'catkin_skip_building_tests': False, 'cmake_args': None, 'cmake_clean_cache': False, 'cmake_clean_first': False, 'cmake_force_configure': False, 'cmake_target': None, 'cmake_target_skip_unavailable': False, 'install_base': '/home/wyatt/ros2_ws/install/vehicle_position_checker', 'merge_install': False, 'path': '/home/wyatt/ros2_ws/src/vehicle_position_checker', 'symlink_install': False, 'test_result_base': None}
[0.790s] Level 5:colcon.colcon_core.verb:set package 'wind_speed_package' build argument 'cmake_args' from command line to 'None'
[0.790s] Level 5:colcon.colcon_core.verb:set package 'wind_speed_package' build argument 'cmake_target' from command line to 'None'
[0.790s] Level 5:colcon.colcon_core.verb:set package 'wind_speed_package' build argument 'cmake_target_skip_unavailable' from command line to 'False'
[0.790s] Level 5:colcon.colcon_core.verb:set package 'wind_speed_package' build argument 'cmake_clean_cache' from command line to 'False'
[0.790s] Level 5:colcon.colcon_core.verb:set package 'wind_speed_package' build argument 'cmake_clean_first' from command line to 'False'
[0.790s] Level 5:colcon.colcon_core.verb:set package 'wind_speed_package' build argument 'cmake_force_configure' from command line to 'False'
[0.790s] Level 5:colcon.colcon_core.verb:set package 'wind_speed_package' build argument 'ament_cmake_args' from command line to 'None'
[0.790s] Level 5:colcon.colcon_core.verb:set package 'wind_speed_package' build argument 'catkin_cmake_args' from command line to 'None'
[0.790s] Level 5:colcon.colcon_core.verb:set package 'wind_speed_package' build argument 'catkin_skip_building_tests' from command line to 'False'
[0.790s] DEBUG:colcon.colcon_core.verb:Building package 'wind_speed_package' with the following arguments: {'ament_cmake_args': None, 'build_base': '/home/wyatt/ros2_ws/build/wind_speed_package', 'catkin_cmake_args': None, 'catkin_skip_building_tests': False, 'cmake_args': None, 'cmake_clean_cache': False, 'cmake_clean_first': False, 'cmake_force_configure': False, 'cmake_target': None, 'cmake_target_skip_unavailable': False, 'install_base': '/home/wyatt/ros2_ws/install/wind_speed_package', 'merge_install': False, 'path': '/home/wyatt/ros2_ws/src/wind_speed_package', 'symlink_install': False, 'test_result_base': None}
[0.791s] INFO:colcon.colcon_core.executor:Executing jobs using 'parallel' executor
[0.792s] DEBUG:colcon.colcon_parallel_executor.executor.parallel:run_until_complete
[0.793s] INFO:colcon.colcon_ros.task.ament_python.build:Building ROS package in '/home/wyatt/ros2_ws/src/estop_button' with build type 'ament_python'
[0.793s] Level 1:colcon.colcon_core.shell:create_environment_hook('estop_button', 'ament_prefix_path')
[0.804s] INFO:colcon.colcon_core.plugin_system:Skipping extension 'colcon_core.shell.bat': Not used on non-Windows systems
[0.804s] INFO:colcon.colcon_core.shell:Creating environment hook '/home/wyatt/ros2_ws/install/estop_button/share/estop_button/hook/ament_prefix_path.ps1'
[0.805s] INFO:colcon.colcon_core.shell:Creating environment descriptor '/home/wyatt/ros2_ws/install/estop_button/share/estop_button/hook/ament_prefix_path.dsv'
[0.806s] INFO:colcon.colcon_core.shell:Creating environment hook '/home/wyatt/ros2_ws/install/estop_button/share/estop_button/hook/ament_prefix_path.sh'
[0.807s] INFO:colcon.colcon_core.shell:Skip shell extension 'powershell' for command environment: Not usable outside of PowerShell
[0.807s] DEBUG:colcon.colcon_core.shell:Skip shell extension 'dsv' for command environment
[0.811s] INFO:colcon.colcon_ros.task.ament_python.build:Building ROS package in '/home/wyatt/ros2_ws/src/herding_v1_package' with build type 'ament_python'
[0.812s] Level 1:colcon.colcon_core.shell:create_environment_hook('herding_v1_package', 'ament_prefix_path')
[0.812s] INFO:colcon.colcon_core.shell:Creating environment hook '/home/wyatt/ros2_ws/install/herding_v1_package/share/herding_v1_package/hook/ament_prefix_path.ps1'
[0.813s] INFO:colcon.colcon_core.shell:Creating environment descriptor '/home/wyatt/ros2_ws/install/herding_v1_package/share/herding_v1_package/hook/ament_prefix_path.dsv'
[0.813s] INFO:colcon.colcon_core.shell:Creating environment hook '/home/wyatt/ros2_ws/install/herding_v1_package/share/herding_v1_package/hook/ament_prefix_path.sh'
[0.814s] INFO:colcon.colcon_core.shell:Skip shell extension 'powershell' for command environment: Not usable outside of PowerShell
[0.814s] DEBUG:colcon.colcon_core.shell:Skip shell extension 'dsv' for command environment
[0.817s] INFO:colcon.colcon_ros.task.ament_python.build:Building ROS package in '/home/wyatt/ros2_ws/src/matplotlib_sim' with build type 'ament_python'
[0.818s] Level 1:colcon.colcon_core.shell:create_environment_hook('matplotlib_sim', 'ament_prefix_path')
[0.818s] INFO:colcon.colcon_core.shell:Creating environment hook '/home/wyatt/ros2_ws/install/matplotlib_sim/share/matplotlib_sim/hook/ament_prefix_path.ps1'
[0.819s] INFO:colcon.colcon_core.shell:Creating environment descriptor '/home/wyatt/ros2_ws/install/matplotlib_sim/share/matplotlib_sim/hook/ament_prefix_path.dsv'
[0.820s] INFO:colcon.colcon_core.shell:Creating environment hook '/home/wyatt/ros2_ws/install/matplotlib_sim/share/matplotlib_sim/hook/ament_prefix_path.sh'
[0.821s] INFO:colcon.colcon_core.shell:Skip shell extension 'powershell' for command environment: Not usable outside of PowerShell
[0.821s] DEBUG:colcon.colcon_core.shell:Skip shell extension 'dsv' for command environment
[0.826s] INFO:colcon.colcon_ros.task.ament_python.build:Building ROS package in '/home/wyatt/ros2_ws/src/single_integrator_agent' with build type 'ament_python'
[0.826s] Level 1:colcon.colcon_core.shell:create_environment_hook('single_integrator_agent', 'ament_prefix_path')
[0.827s] INFO:colcon.colcon_core.shell:Creating environment hook '/home/wyatt/ros2_ws/install/single_integrator_agent/share/single_integrator_agent/hook/ament_prefix_path.ps1'
[0.828s] INFO:colcon.colcon_core.shell:Creating environment descriptor '/home/wyatt/ros2_ws/install/single_integrator_agent/share/single_integrator_agent/hook/ament_prefix_path.dsv'
[0.828s] INFO:colcon.colcon_core.shell:Creating environment hook '/home/wyatt/ros2_ws/install/single_integrator_agent/share/single_integrator_agent/hook/ament_prefix_path.sh'
[0.829s] INFO:colcon.colcon_core.shell:Skip shell extension 'powershell' for command environment: Not usable outside of PowerShell
[0.829s] DEBUG:colcon.colcon_core.shell:Skip shell extension 'dsv' for command environment
[1.249s] INFO:colcon.colcon_core.task.python.build:Building Python package in '/home/wyatt/ros2_ws/src/estop_button'
[1.249s] INFO:colcon.colcon_core.shell:Skip shell extension 'powershell' for command environment: Not usable outside of PowerShell
[1.249s] DEBUG:colcon.colcon_core.shell:Skip shell extension 'dsv' for command environment
[1.655s] INFO:colcon.colcon_core.task.python.build:Building Python package in '/home/wyatt/ros2_ws/src/herding_v1_package'
[1.655s] INFO:colcon.colcon_core.shell:Skip shell extension 'powershell' for command environment: Not usable outside of PowerShell
[1.656s] DEBUG:colcon.colcon_core.shell:Skip shell extension 'dsv' for command environment
[2.063s] INFO:colcon.colcon_core.task.python.build:Building Python package in '/home/wyatt/ros2_ws/src/matplotlib_sim'
[2.064s] INFO:colcon.colcon_core.shell:Skip shell extension 'powershell' for command environment: Not usable outside of PowerShell
[2.064s] DEBUG:colcon.colcon_core.shell:Skip shell extension 'dsv' for command environment
[2.498s] INFO:colcon.colcon_core.task.python.build:Building Python package in '/home/wyatt/ros2_ws/src/single_integrator_agent'
[2.498s] INFO:colcon.colcon_core.shell:Skip shell extension 'powershell' for command environment: Not usable outside of PowerShell
[2.498s] DEBUG:colcon.colcon_core.shell:Skip shell extension 'dsv' for command environment
[3.740s] DEBUG:colcon.colcon_core.event_handler.log_command:Invoking command in '/home/wyatt/ros2_ws/src/estop_button': PYTHONPATH=/home/wyatt/ros2_ws/build/estop_button/prefix_override:/home/wyatt/ros2_ws/install/estop_button/lib/python3.10/site-packages:${PYTHONPATH} /usr/bin/python3 -W ignore:setup.py install is deprecated setup.py egg_info --egg-base ../../build/estop_button build --build-base /home/wyatt/ros2_ws/build/estop_button/build install --record /home/wyatt/ros2_ws/build/estop_button/install.log --single-version-externally-managed install_data
[3.820s] DEBUG:colcon.colcon_core.event_handler.log_command:Invoking command in '/home/wyatt/ros2_ws/src/single_integrator_agent': PYTHONPATH=/home/wyatt/ros2_ws/build/single_integrator_agent/prefix_override:/home/wyatt/ros2_ws/install/single_integrator_agent/lib/python3.10/site-packages:${PYTHONPATH} /usr/bin/python3 -W ignore:setup.py install is deprecated setup.py egg_info --egg-base ../../build/single_integrator_agent build --build-base /home/wyatt/ros2_ws/build/single_integrator_agent/build install --record /home/wyatt/ros2_ws/build/single_integrator_agent/install.log --install-scripts $base/lib/single_integrator_agent --single-version-externally-managed install_data
[3.964s] DEBUG:colcon.colcon_core.event_handler.log_command:Invoking command in '/home/wyatt/ros2_ws/src/herding_v1_package': PYTHONPATH=/home/wyatt/ros2_ws/build/herding_v1_package/prefix_override:/home/wyatt/ros2_ws/install/herding_v1_package/lib/python3.10/site-packages:${PYTHONPATH} /usr/bin/python3 -W ignore:setup.py install is deprecated setup.py egg_info --egg-base ../../build/herding_v1_package build --build-base /home/wyatt/ros2_ws/build/herding_v1_package/build install --record /home/wyatt/ros2_ws/build/herding_v1_package/install.log --single-version-externally-managed install_data
[4.020s] DEBUG:colcon.colcon_core.event_handler.log_command:Invoking command in '/home/wyatt/ros2_ws/src/matplotlib_sim': PYTHONPATH=/home/wyatt/ros2_ws/build/matplotlib_sim/prefix_override:/home/wyatt/ros2_ws/install/matplotlib_sim/lib/python3.10/site-packages:${PYTHONPATH} /usr/bin/python3 -W ignore:setup.py install is deprecated setup.py egg_info --egg-base ../../build/matplotlib_sim build --build-base /home/wyatt/ros2_ws/build/matplotlib_sim/build install --record /home/wyatt/ros2_ws/build/matplotlib_sim/install.log --single-version-externally-managed install_data
[5.236s] DEBUG:colcon.colcon_core.event_handler.log_command:Invoked command in '/home/wyatt/ros2_ws/src/estop_button' returned '0': PYTHONPATH=/home/wyatt/ros2_ws/build/estop_button/prefix_override:/home/wyatt/ros2_ws/install/estop_button/lib/python3.10/site-packages:${PYTHONPATH} /usr/bin/python3 -W ignore:setup.py install is deprecated setup.py egg_info --egg-base ../../build/estop_button build --build-base /home/wyatt/ros2_ws/build/estop_button/build install --record /home/wyatt/ros2_ws/build/estop_button/install.log --single-version-externally-managed install_data
[5.256s] Level 1:colcon.colcon_core.environment:checking '/home/wyatt/ros2_ws/install/estop_button' for CMake module files
[5.257s] Level 1:colcon.colcon_core.environment:checking '/home/wyatt/ros2_ws/install/estop_button' for CMake config files
[5.258s] Level 1:colcon.colcon_core.environment:checking '/home/wyatt/ros2_ws/install/estop_button/lib'
[5.259s] Level 1:colcon.colcon_core.environment:checking '/home/wyatt/ros2_ws/install/estop_button/bin'
[5.259s] Level 1:colcon.colcon_core.environment:checking '/home/wyatt/ros2_ws/install/estop_button/lib/pkgconfig/estop_button.pc'
[5.260s] Level 1:colcon.colcon_core.environment:checking '/home/wyatt/ros2_ws/install/estop_button/lib/python3.10/site-packages'
[5.260s] Level 1:colcon.colcon_core.shell:create_environment_hook('estop_button', 'pythonpath')
[5.260s] INFO:colcon.colcon_core.shell:Creating environment hook '/home/wyatt/ros2_ws/install/estop_button/share/estop_button/hook/pythonpath.ps1'
[5.261s] INFO:colcon.colcon_core.shell:Creating environment descriptor '/home/wyatt/ros2_ws/install/estop_button/share/estop_button/hook/pythonpath.dsv'
[5.262s] INFO:colcon.colcon_core.shell:Creating environment hook '/home/wyatt/ros2_ws/install/estop_button/share/estop_button/hook/pythonpath.sh'
[5.263s] Level 1:colcon.colcon_core.environment:checking '/home/wyatt/ros2_ws/install/estop_button/bin'
[5.263s] Level 1:colcon.colcon_core.environment:create_environment_scripts_only(estop_button)
[5.264s] INFO:colcon.colcon_core.shell:Creating package script '/home/wyatt/ros2_ws/install/estop_button/share/estop_button/package.ps1'
[5.277s] INFO:colcon.colcon_core.shell:Creating package descriptor '/home/wyatt/ros2_ws/install/estop_button/share/estop_button/package.dsv'
[5.278s] INFO:colcon.colcon_core.shell:Creating package script '/home/wyatt/ros2_ws/install/estop_button/share/estop_button/package.sh'
[5.283s] INFO:colcon.colcon_core.shell:Creating package script '/home/wyatt/ros2_ws/install/estop_button/share/estop_button/package.bash'
[5.292s] INFO:colcon.colcon_core.shell:Creating package script '/home/wyatt/ros2_ws/install/estop_button/share/estop_button/package.zsh'
[5.312s] Level 1:colcon.colcon_core.environment:create_file_with_runtime_dependencies(/home/wyatt/ros2_ws/install/estop_button/share/colcon-core/packages/estop_button)
[5.313s] INFO:colcon.colcon_ros.task.ament_python.build:Building ROS package in '/home/wyatt/ros2_ws/src/test_herding_pkg' with build type 'ament_python'
[5.313s] Level 1:colcon.colcon_core.shell:create_environment_hook('test_herding_pkg', 'ament_prefix_path')
[5.314s] INFO:colcon.colcon_core.shell:Creating environment hook '/home/wyatt/ros2_ws/install/test_herding_pkg/share/test_herding_pkg/hook/ament_prefix_path.ps1'
[5.315s] INFO:colcon.colcon_core.shell:Creating environment descriptor '/home/wyatt/ros2_ws/install/test_herding_pkg/share/test_herding_pkg/hook/ament_prefix_path.dsv'
[5.316s] INFO:colcon.colcon_core.shell:Creating environment hook '/home/wyatt/ros2_ws/install/test_herding_pkg/share/test_herding_pkg/hook/ament_prefix_path.sh'
[5.318s] INFO:colcon.colcon_core.shell:Skip shell extension 'powershell' for command environment: Not usable outside of PowerShell
[5.318s] DEBUG:colcon.colcon_core.shell:Skip shell extension 'dsv' for command environment
[5.888s] INFO:colcon.colcon_core.task.python.build:Building Python package in '/home/wyatt/ros2_ws/src/test_herding_pkg'
[5.889s] INFO:colcon.colcon_core.shell:Skip shell extension 'powershell' for command environment: Not usable outside of PowerShell
[5.889s] DEBUG:colcon.colcon_core.shell:Skip shell extension 'dsv' for command environment
[5.895s] Level 1:colcon.colcon_core.environment:checking '/home/wyatt/ros2_ws/install/herding_v1_package' for CMake module files
[5.896s] DEBUG:colcon.colcon_core.event_handler.log_command:Invoked command in '/home/wyatt/ros2_ws/src/herding_v1_package' returned '0': PYTHONPATH=/home/wyatt/ros2_ws/build/herding_v1_package/prefix_override:/home/wyatt/ros2_ws/install/herding_v1_package/lib/python3.10/site-packages:${PYTHONPATH} /usr/bin/python3 -W ignore:setup.py install is deprecated setup.py egg_info --egg-base ../../build/herding_v1_package build --build-base /home/wyatt/ros2_ws/build/herding_v1_package/build install --record /home/wyatt/ros2_ws/build/herding_v1_package/install.log --single-version-externally-managed install_data
[5.896s] Level 1:colcon.colcon_core.environment:checking '/home/wyatt/ros2_ws/install/herding_v1_package' for CMake config files
[5.897s] Level 1:colcon.colcon_core.environment:checking '/home/wyatt/ros2_ws/install/herding_v1_package/lib'
[5.897s] Level 1:colcon.colcon_core.environment:checking '/home/wyatt/ros2_ws/install/herding_v1_package/bin'
[5.897s] Level 1:colcon.colcon_core.environment:checking '/home/wyatt/ros2_ws/install/herding_v1_package/lib/pkgconfig/herding_v1_package.pc'
[5.897s] Level 1:colcon.colcon_core.environment:checking '/home/wyatt/ros2_ws/install/herding_v1_package/lib/python3.10/site-packages'
[5.898s] Level 1:colcon.colcon_core.shell:create_environment_hook('herding_v1_package', 'pythonpath')
[5.898s] INFO:colcon.colcon_core.shell:Creating environment hook '/home/wyatt/ros2_ws/install/herding_v1_package/share/herding_v1_package/hook/pythonpath.ps1'
[5.898s] INFO:colcon.colcon_core.shell:Creating environment descriptor '/home/wyatt/ros2_ws/install/herding_v1_package/share/herding_v1_package/hook/pythonpath.dsv'
[5.899s] INFO:colcon.colcon_core.shell:Creating environment hook '/home/wyatt/ros2_ws/install/herding_v1_package/share/herding_v1_package/hook/pythonpath.sh'
[5.900s] Level 1:colcon.colcon_core.environment:checking '/home/wyatt/ros2_ws/install/herding_v1_package/bin'
[5.900s] Level 1:colcon.colcon_core.environment:create_environment_scripts_only(herding_v1_package)
[5.900s] INFO:colcon.colcon_core.shell:Creating package script '/home/wyatt/ros2_ws/install/herding_v1_package/share/herding_v1_package/package.ps1'
[5.901s] INFO:colcon.colcon_core.shell:Creating package descriptor '/home/wyatt/ros2_ws/install/herding_v1_package/share/herding_v1_package/package.dsv'
[5.901s] INFO:colcon.colcon_core.shell:Creating package script '/home/wyatt/ros2_ws/install/herding_v1_package/share/herding_v1_package/package.sh'
[5.902s] INFO:colcon.colcon_core.shell:Creating package script '/home/wyatt/ros2_ws/install/herding_v1_package/share/herding_v1_package/package.bash'
[5.902s] INFO:colcon.colcon_core.shell:Creating package script '/home/wyatt/ros2_ws/install/herding_v1_package/share/herding_v1_package/package.zsh'
[5.903s] Level 1:colcon.colcon_core.environment:create_file_with_runtime_dependencies(/home/wyatt/ros2_ws/install/herding_v1_package/share/colcon-core/packages/herding_v1_package)
[5.904s] Level 1:colcon.colcon_core.environment:checking '/home/wyatt/ros2_ws/install/matplotlib_sim' for CMake module files
[5.905s] DEBUG:colcon.colcon_core.event_handler.log_command:Invoked command in '/home/wyatt/ros2_ws/src/matplotlib_sim' returned '0': PYTHONPATH=/home/wyatt/ros2_ws/build/matplotlib_sim/prefix_override:/home/wyatt/ros2_ws/install/matplotlib_sim/lib/python3.10/site-packages:${PYTHONPATH} /usr/bin/python3 -W ignore:setup.py install is deprecated setup.py egg_info --egg-base ../../build/matplotlib_sim build --build-base /home/wyatt/ros2_ws/build/matplotlib_sim/build install --record /home/wyatt/ros2_ws/build/matplotlib_sim/install.log --single-version-externally-managed install_data
[5.906s] Level 1:colcon.colcon_core.environment:checking '/home/wyatt/ros2_ws/install/matplotlib_sim' for CMake config files
[5.907s] Level 1:colcon.colcon_core.environment:checking '/home/wyatt/ros2_ws/install/matplotlib_sim/lib'
[5.907s] Level 1:colcon.colcon_core.environment:checking '/home/wyatt/ros2_ws/install/matplotlib_sim/bin'
[5.907s] Level 1:colcon.colcon_core.environment:checking '/home/wyatt/ros2_ws/install/matplotlib_sim/lib/pkgconfig/matplotlib_sim.pc'
[5.908s] Level 1:colcon.colcon_core.environment:checking '/home/wyatt/ros2_ws/install/matplotlib_sim/lib/python3.10/site-packages'
[5.908s] Level 1:colcon.colcon_core.shell:create_environment_hook('matplotlib_sim', 'pythonpath')
[5.908s] INFO:colcon.colcon_core.shell:Creating environment hook '/home/wyatt/ros2_ws/install/matplotlib_sim/share/matplotlib_sim/hook/pythonpath.ps1'
[5.909s] INFO:colcon.colcon_core.shell:Creating environment descriptor '/home/wyatt/ros2_ws/install/matplotlib_sim/share/matplotlib_sim/hook/pythonpath.dsv'
[5.909s] INFO:colcon.colcon_core.shell:Creating environment hook '/home/wyatt/ros2_ws/install/matplotlib_sim/share/matplotlib_sim/hook/pythonpath.sh'
[5.910s] Level 1:colcon.colcon_core.environment:checking '/home/wyatt/ros2_ws/install/matplotlib_sim/bin'
[5.910s] Level 1:colcon.colcon_core.environment:create_environment_scripts_only(matplotlib_sim)
[5.911s] INFO:colcon.colcon_core.shell:Creating package script '/home/wyatt/ros2_ws/install/matplotlib_sim/share/matplotlib_sim/package.ps1'
[5.911s] INFO:colcon.colcon_core.shell:Creating package descriptor '/home/wyatt/ros2_ws/install/matplotlib_sim/share/matplotlib_sim/package.dsv'
[5.912s] INFO:colcon.colcon_core.shell:Creating package script '/home/wyatt/ros2_ws/install/matplotlib_sim/share/matplotlib_sim/package.sh'
[5.912s] INFO:colcon.colcon_core.shell:Creating package script '/home/wyatt/ros2_ws/install/matplotlib_sim/share/matplotlib_sim/package.bash'
[5.913s] INFO:colcon.colcon_core.shell:Creating package script '/home/wyatt/ros2_ws/install/matplotlib_sim/share/matplotlib_sim/package.zsh'
[5.913s] Level 1:colcon.colcon_core.environment:create_file_with_runtime_dependencies(/home/wyatt/ros2_ws/install/matplotlib_sim/share/colcon-core/packages/matplotlib_sim)
[5.914s] Level 1:colcon.colcon_core.environment:checking '/home/wyatt/ros2_ws/install/single_integrator_agent' for CMake module files
[5.915s] DEBUG:colcon.colcon_core.event_handler.log_command:Invoked command in '/home/wyatt/ros2_ws/src/single_integrator_agent' returned '0': PYTHONPATH=/home/wyatt/ros2_ws/build/single_integrator_agent/prefix_override:/home/wyatt/ros2_ws/install/single_integrator_agent/lib/python3.10/site-packages:${PYTHONPATH} /usr/bin/python3 -W ignore:setup.py install is deprecated setup.py egg_info --egg-base ../../build/single_integrator_agent build --build-base /home/wyatt/ros2_ws/build/single_integrator_agent/build install --record /home/wyatt/ros2_ws/build/single_integrator_agent/install.log --install-scripts $base/lib/single_integrator_agent --single-version-externally-managed install_data
[5.916s] Level 1:colcon.colcon_core.environment:checking '/home/wyatt/ros2_ws/install/single_integrator_agent' for CMake config files
[5.916s] Level 1:colcon.colcon_core.environment:checking '/home/wyatt/ros2_ws/install/single_integrator_agent/lib'
[5.916s] Level 1:colcon.colcon_core.environment:checking '/home/wyatt/ros2_ws/install/single_integrator_agent/bin'
[5.917s] Level 1:colcon.colcon_core.environment:checking '/home/wyatt/ros2_ws/install/single_integrator_agent/lib/pkgconfig/single_integrator_agent.pc'
[5.917s] Level 1:colcon.colcon_core.environment:checking '/home/wyatt/ros2_ws/install/single_integrator_agent/lib/python3.10/site-packages'
[5.917s] Level 1:colcon.colcon_core.shell:create_environment_hook('single_integrator_agent', 'pythonpath')
[5.917s] INFO:colcon.colcon_core.shell:Creating environment hook '/home/wyatt/ros2_ws/install/single_integrator_agent/share/single_integrator_agent/hook/pythonpath.ps1'
[5.918s] INFO:colcon.colcon_core.shell:Creating environment descriptor '/home/wyatt/ros2_ws/install/single_integrator_agent/share/single_integrator_agent/hook/pythonpath.dsv'
[5.918s] INFO:colcon.colcon_core.shell:Creating environment hook '/home/wyatt/ros2_ws/install/single_integrator_agent/share/single_integrator_agent/hook/pythonpath.sh'
[5.919s] Level 1:colcon.colcon_core.environment:checking '/home/wyatt/ros2_ws/install/single_integrator_agent/bin'
[5.919s] Level 1:colcon.colcon_core.environment:create_environment_scripts_only(single_integrator_agent)
[5.919s] INFO:colcon.colcon_core.shell:Creating package script '/home/wyatt/ros2_ws/install/single_integrator_agent/share/single_integrator_agent/package.ps1'
[5.920s] INFO:colcon.colcon_core.shell:Creating package descriptor '/home/wyatt/ros2_ws/install/single_integrator_agent/share/single_integrator_agent/package.dsv'
[5.920s] INFO:colcon.colcon_core.shell:Creating package script '/home/wyatt/ros2_ws/install/single_integrator_agent/share/single_integrator_agent/package.sh'
[5.921s] INFO:colcon.colcon_core.shell:Creating package script '/home/wyatt/ros2_ws/install/single_integrator_agent/share/single_integrator_agent/package.bash'
[5.921s] INFO:colcon.colcon_core.shell:Creating package script '/home/wyatt/ros2_ws/install/single_integrator_agent/share/single_integrator_agent/package.zsh'
[5.922s] Level 1:colcon.colcon_core.environment:create_file_with_runtime_dependencies(/home/wyatt/ros2_ws/install/single_integrator_agent/share/colcon-core/packages/single_integrator_agent)
[5.923s] INFO:colcon.colcon_ros.task.ament_cmake.build:Building ROS package in '/home/wyatt/ros2_ws/src/uf_interfaces' with build type 'ament_cmake'
[5.923s] INFO:colcon.colcon_cmake.task.cmake.build:Building CMake package in '/home/wyatt/ros2_ws/src/uf_interfaces'
[5.924s] INFO:colcon.colcon_core.shell:Skip shell extension 'powershell' for command environment: Not usable outside of PowerShell
[5.924s] DEBUG:colcon.colcon_core.shell:Skip shell extension 'dsv' for command environment
[5.928s] INFO:colcon.colcon_ros.task.ament_python.build:Building ROS package in '/home/wyatt/ros2_ws/src/vehicle_position_checker' with build type 'ament_python'
[5.928s] Level 1:colcon.colcon_core.shell:create_environment_hook('vehicle_position_checker', 'ament_prefix_path')
[5.928s] INFO:colcon.colcon_core.shell:Creating environment hook '/home/wyatt/ros2_ws/install/vehicle_position_checker/share/vehicle_position_checker/hook/ament_prefix_path.ps1'
[5.929s] INFO:colcon.colcon_core.shell:Creating environment descriptor '/home/wyatt/ros2_ws/install/vehicle_position_checker/share/vehicle_position_checker/hook/ament_prefix_path.dsv'
[5.930s] INFO:colcon.colcon_core.shell:Creating environment hook '/home/wyatt/ros2_ws/install/vehicle_position_checker/share/vehicle_position_checker/hook/ament_prefix_path.sh'
[5.931s] INFO:colcon.colcon_core.shell:Skip shell extension 'powershell' for command environment: Not usable outside of PowerShell
[5.931s] DEBUG:colcon.colcon_core.shell:Skip shell extension 'dsv' for command environment
[5.934s] INFO:colcon.colcon_ros.task.ament_python.build:Building ROS package in '/home/wyatt/ros2_ws/src/wind_speed_package' with build type 'ament_python'
[5.934s] Level 1:colcon.colcon_core.shell:create_environment_hook('wind_speed_package', 'ament_prefix_path')
[5.935s] INFO:colcon.colcon_core.shell:Creating environment hook '/home/wyatt/ros2_ws/install/wind_speed_package/share/wind_speed_package/hook/ament_prefix_path.ps1'
[5.936s] INFO:colcon.colcon_core.shell:Creating environment descriptor '/home/wyatt/ros2_ws/install/wind_speed_package/share/wind_speed_package/hook/ament_prefix_path.dsv'
[5.937s] INFO:colcon.colcon_core.shell:Creating environment hook '/home/wyatt/ros2_ws/install/wind_speed_package/share/wind_speed_package/hook/ament_prefix_path.sh'
[5.937s] INFO:colcon.colcon_core.shell:Skip shell extension 'powershell' for command environment: Not usable outside of PowerShell
[5.938s] DEBUG:colcon.colcon_core.shell:Skip shell extension 'dsv' for command environment
[5.954s] DEBUG:colcon.colcon_core.event_handler.log_command:Invoking command in '/home/wyatt/ros2_ws/build/uf_interfaces': CMAKE_PREFIX_PATH=/opt/ros/humble /usr/bin/cmake /home/wyatt/ros2_ws/src/uf_interfaces -DCMAKE_INSTALL_PREFIX=/home/wyatt/ros2_ws/install/uf_interfaces
[6.650s] INFO:colcon.colcon_core.task.python.build:Building Python package in '/home/wyatt/ros2_ws/src/vehicle_position_checker'
[6.650s] INFO:colcon.colcon_core.shell:Skip shell extension 'powershell' for command environment: Not usable outside of PowerShell
[6.651s] DEBUG:colcon.colcon_core.shell:Skip shell extension 'dsv' for command environment
[7.270s] INFO:colcon.colcon_core.task.python.build:Building Python package in '/home/wyatt/ros2_ws/src/wind_speed_package'
[7.270s] INFO:colcon.colcon_core.shell:Skip shell extension 'powershell' for command environment: Not usable outside of PowerShell
[7.271s] DEBUG:colcon.colcon_core.shell:Skip shell extension 'dsv' for command environment
[7.289s] DEBUG:colcon.colcon_core.event_handler.log_command:Invoking command in '/home/wyatt/ros2_ws/src/test_herding_pkg': PYTHONPATH=/home/wyatt/ros2_ws/build/test_herding_pkg/prefix_override:/home/wyatt/ros2_ws/install/test_herding_pkg/lib/python3.10/site-packages:${PYTHONPATH} /usr/bin/python3 -W ignore:setup.py install is deprecated setup.py egg_info --egg-base ../../build/test_herding_pkg build --build-base /home/wyatt/ros2_ws/build/test_herding_pkg/build install --record /home/wyatt/ros2_ws/build/test_herding_pkg/install.log --single-version-externally-managed install_data
[8.196s] Level 1:colcon.colcon_core.environment:checking '/home/wyatt/ros2_ws/install/test_herding_pkg' for CMake module files
[8.197s] Level 1:colcon.colcon_core.environment:checking '/home/wyatt/ros2_ws/install/test_herding_pkg' for CMake config files
[8.199s] Level 1:colcon.colcon_core.environment:checking '/home/wyatt/ros2_ws/install/test_herding_pkg/lib'
[8.199s] DEBUG:colcon.colcon_core.event_handler.log_command:Invoked command in '/home/wyatt/ros2_ws/src/test_herding_pkg' returned '0': PYTHONPATH=/home/wyatt/ros2_ws/build/test_herding_pkg/prefix_override:/home/wyatt/ros2_ws/install/test_herding_pkg/lib/python3.10/site-packages:${PYTHONPATH} /usr/bin/python3 -W ignore:setup.py install is deprecated setup.py egg_info --egg-base ../../build/test_herding_pkg build --build-base /home/wyatt/ros2_ws/build/test_herding_pkg/build install --record /home/wyatt/ros2_ws/build/test_herding_pkg/install.log --single-version-externally-managed install_data
[8.200s] Level 1:colcon.colcon_core.environment:checking '/home/wyatt/ros2_ws/install/test_herding_pkg/bin'
[8.200s] Level 1:colcon.colcon_core.environment:checking '/home/wyatt/ros2_ws/install/test_herding_pkg/lib/pkgconfig/test_herding_pkg.pc'
[8.201s] Level 1:colcon.colcon_core.environment:checking '/home/wyatt/ros2_ws/install/test_herding_pkg/lib/python3.10/site-packages'
[8.201s] Level 1:colcon.colcon_core.shell:create_environment_hook('test_herding_pkg', 'pythonpath')
[8.202s] INFO:colcon.colcon_core.shell:Creating environment hook '/home/wyatt/ros2_ws/install/test_herding_pkg/share/test_herding_pkg/hook/pythonpath.ps1'
[8.202s] INFO:colcon.colcon_core.shell:Creating environment descriptor '/home/wyatt/ros2_ws/install/test_herding_pkg/share/test_herding_pkg/hook/pythonpath.dsv'
[8.203s] INFO:colcon.colcon_core.shell:Creating environment hook '/home/wyatt/ros2_ws/install/test_herding_pkg/share/test_herding_pkg/hook/pythonpath.sh'
[8.205s] Level 1:colcon.colcon_core.environment:checking '/home/wyatt/ros2_ws/install/test_herding_pkg/bin'
[8.205s] Level 1:colcon.colcon_core.environment:create_environment_scripts_only(test_herding_pkg)
[8.206s] INFO:colcon.colcon_core.shell:Creating package script '/home/wyatt/ros2_ws/install/test_herding_pkg/share/test_herding_pkg/package.ps1'
[8.207s] INFO:colcon.colcon_core.shell:Creating package descriptor '/home/wyatt/ros2_ws/install/test_herding_pkg/share/test_herding_pkg/package.dsv'
[8.208s] INFO:colcon.colcon_core.shell:Creating package script '/home/wyatt/ros2_ws/install/test_herding_pkg/share/test_herding_pkg/package.sh'
[8.209s] INFO:colcon.colcon_core.shell:Creating package script '/home/wyatt/ros2_ws/install/test_herding_pkg/share/test_herding_pkg/package.bash'
[8.209s] INFO:colcon.colcon_core.shell:Creating package script '/home/wyatt/ros2_ws/install/test_herding_pkg/share/test_herding_pkg/package.zsh'
[8.210s] Level 1:colcon.colcon_core.environment:create_file_with_runtime_dependencies(/home/wyatt/ros2_ws/install/test_herding_pkg/share/colcon-core/packages/test_herding_pkg)
[8.301s] DEBUG:colcon.colcon_core.event_handler.log_command:Invoking command in '/home/wyatt/ros2_ws/src/wind_speed_package': PYTHONPATH=/home/wyatt/ros2_ws/build/wind_speed_package/prefix_override:/home/wyatt/ros2_ws/install/wind_speed_package/lib/python3.10/site-packages:${PYTHONPATH} /usr/bin/python3 -W ignore:setup.py install is deprecated setup.py egg_info --egg-base ../../build/wind_speed_package build --build-base /home/wyatt/ros2_ws/build/wind_speed_package/build install --record /home/wyatt/ros2_ws/build/wind_speed_package/install.log --single-version-externally-managed install_data
[8.497s] DEBUG:colcon.colcon_core.event_handler.log_command:Invoking command in '/home/wyatt/ros2_ws/src/vehicle_position_checker': PYTHONPATH=/home/wyatt/ros2_ws/build/vehicle_position_checker/prefix_override:/home/wyatt/ros2_ws/install/vehicle_position_checker/lib/python3.10/site-packages:${PYTHONPATH} /usr/bin/python3 -W ignore:setup.py install is deprecated setup.py egg_info --egg-base ../../build/vehicle_position_checker build --build-base /home/wyatt/ros2_ws/build/vehicle_position_checker/build install --record /home/wyatt/ros2_ws/build/vehicle_position_checker/install.log --single-version-externally-managed install_data
[9.155s] Level 1:colcon.colcon_core.environment:checking '/home/wyatt/ros2_ws/install/wind_speed_package' for CMake module files
[9.156s] Level 1:colcon.colcon_core.environment:checking '/home/wyatt/ros2_ws/install/wind_speed_package' for CMake config files
[9.158s] Level 1:colcon.colcon_core.environment:checking '/home/wyatt/ros2_ws/install/wind_speed_package/lib'
[9.158s] Level 1:colcon.colcon_core.environment:checking '/home/wyatt/ros2_ws/install/wind_speed_package/bin'
[9.158s] Level 1:colcon.colcon_core.environment:checking '/home/wyatt/ros2_ws/install/wind_speed_package/lib/pkgconfig/wind_speed_package.pc'
[9.159s] Level 1:colcon.colcon_core.environment:checking '/home/wyatt/ros2_ws/install/wind_speed_package/lib/python3.10/site-packages'
[9.159s] Level 1:colcon.colcon_core.shell:create_environment_hook('wind_speed_package', 'pythonpath')
[9.159s] INFO:colcon.colcon_core.shell:Creating environment hook '/home/wyatt/ros2_ws/install/wind_speed_package/share/wind_speed_package/hook/pythonpath.ps1'
[9.160s] INFO:colcon.colcon_core.shell:Creating environment descriptor '/home/wyatt/ros2_ws/install/wind_speed_package/share/wind_speed_package/hook/pythonpath.dsv'
[9.161s] INFO:colcon.colcon_core.shell:Creating environment hook '/home/wyatt/ros2_ws/install/wind_speed_package/share/wind_speed_package/hook/pythonpath.sh'
[9.162s] Level 1:colcon.colcon_core.environment:checking '/home/wyatt/ros2_ws/install/wind_speed_package/bin'
[9.162s] Level 1:colcon.colcon_core.environment:create_environment_scripts_only(wind_speed_package)
[9.163s] INFO:colcon.colcon_core.shell:Creating package script '/home/wyatt/ros2_ws/install/wind_speed_package/share/wind_speed_package/package.ps1'
[9.164s] INFO:colcon.colcon_core.shell:Creating package descriptor '/home/wyatt/ros2_ws/install/wind_speed_package/share/wind_speed_package/package.dsv'
[9.165s] INFO:colcon.colcon_core.shell:Creating package script '/home/wyatt/ros2_ws/install/wind_speed_package/share/wind_speed_package/package.sh'
[9.166s] INFO:colcon.colcon_core.shell:Creating package script '/home/wyatt/ros2_ws/install/wind_speed_package/share/wind_speed_package/package.bash'
[9.167s] DEBUG:colcon.colcon_core.event_handler.log_command:Invoked command in '/home/wyatt/ros2_ws/src/wind_speed_package' returned '0': PYTHONPATH=/home/wyatt/ros2_ws/build/wind_speed_package/prefix_override:/home/wyatt/ros2_ws/install/wind_speed_package/lib/python3.10/site-packages:${PYTHONPATH} /usr/bin/python3 -W ignore:setup.py install is deprecated setup.py egg_info --egg-base ../../build/wind_speed_package build --build-base /home/wyatt/ros2_ws/build/wind_speed_package/build install --record /home/wyatt/ros2_ws/build/wind_speed_package/install.log --single-version-externally-managed install_data
[9.168s] INFO:colcon.colcon_core.shell:Creating package script '/home/wyatt/ros2_ws/install/wind_speed_package/share/wind_speed_package/package.zsh'
[9.169s] Level 1:colcon.colcon_core.environment:create_file_with_runtime_dependencies(/home/wyatt/ros2_ws/install/wind_speed_package/share/colcon-core/packages/wind_speed_package)
[9.330s] Level 1:colcon.colcon_core.environment:checking '/home/wyatt/ros2_ws/install/vehicle_position_checker' for CMake module files
[9.332s] DEBUG:colcon.colcon_core.event_handler.log_command:Invoked command in '/home/wyatt/ros2_ws/src/vehicle_position_checker' returned '0': PYTHONPATH=/home/wyatt/ros2_ws/build/vehicle_position_checker/prefix_override:/home/wyatt/ros2_ws/install/vehicle_position_checker/lib/python3.10/site-packages:${PYTHONPATH} /usr/bin/python3 -W ignore:setup.py install is deprecated setup.py egg_info --egg-base ../../build/vehicle_position_checker build --build-base /home/wyatt/ros2_ws/build/vehicle_position_checker/build install --record /home/wyatt/ros2_ws/build/vehicle_position_checker/install.log --single-version-externally-managed install_data
[9.332s] Level 1:colcon.colcon_core.environment:checking '/home/wyatt/ros2_ws/install/vehicle_position_checker' for CMake config files
[9.333s] Level 1:colcon.colcon_core.environment:checking '/home/wyatt/ros2_ws/install/vehicle_position_checker/lib'
[9.334s] Level 1:colcon.colcon_core.environment:checking '/home/wyatt/ros2_ws/install/vehicle_position_checker/bin'
[9.334s] Level 1:colcon.colcon_core.environment:checking '/home/wyatt/ros2_ws/install/vehicle_position_checker/lib/pkgconfig/vehicle_position_checker.pc'
[9.335s] Level 1:colcon.colcon_core.environment:checking '/home/wyatt/ros2_ws/install/vehicle_position_checker/lib/python3.10/site-packages'
[9.335s] Level 1:colcon.colcon_core.shell:create_environment_hook('vehicle_position_checker', 'pythonpath')
[9.335s] INFO:colcon.colcon_core.shell:Creating environment hook '/home/wyatt/ros2_ws/install/vehicle_position_checker/share/vehicle_position_checker/hook/pythonpath.ps1'
[9.336s] INFO:colcon.colcon_core.shell:Creating environment descriptor '/home/wyatt/ros2_ws/install/vehicle_position_checker/share/vehicle_position_checker/hook/pythonpath.dsv'
[9.337s] INFO:colcon.colcon_core.shell:Creating environment hook '/home/wyatt/ros2_ws/install/vehicle_position_checker/share/vehicle_position_checker/hook/pythonpath.sh'
[9.338s] Level 1:colcon.colcon_core.environment:checking '/home/wyatt/ros2_ws/install/vehicle_position_checker/bin'
[9.338s] Level 1:colcon.colcon_core.environment:create_environment_scripts_only(vehicle_position_checker)
[9.339s] INFO:colcon.colcon_core.shell:Creating package script '/home/wyatt/ros2_ws/install/vehicle_position_checker/share/vehicle_position_checker/package.ps1'
[9.340s] INFO:colcon.colcon_core.shell:Creating package descriptor '/home/wyatt/ros2_ws/install/vehicle_position_checker/share/vehicle_position_checker/package.dsv'
[9.341s] INFO:colcon.colcon_core.shell:Creating package script '/home/wyatt/ros2_ws/install/vehicle_position_checker/share/vehicle_position_checker/package.sh'
[9.342s] INFO:colcon.colcon_core.shell:Creating package script '/home/wyatt/ros2_ws/install/vehicle_position_checker/share/vehicle_position_checker/package.bash'
[9.343s] INFO:colcon.colcon_core.shell:Creating package script '/home/wyatt/ros2_ws/install/vehicle_position_checker/share/vehicle_position_checker/package.zsh'
[9.343s] Level 1:colcon.colcon_core.environment:create_file_with_runtime_dependencies(/home/wyatt/ros2_ws/install/vehicle_position_checker/share/colcon-core/packages/vehicle_position_checker)
[10.843s] DEBUG:colcon.colcon_core.event_handler.log_command:Invoked command in '/home/wyatt/ros2_ws/build/uf_interfaces' returned '0': CMAKE_PREFIX_PATH=/opt/ros/humble /usr/bin/cmake /home/wyatt/ros2_ws/src/uf_interfaces -DCMAKE_INSTALL_PREFIX=/home/wyatt/ros2_ws/install/uf_interfaces
[10.847s] DEBUG:colcon.colcon_core.event_handler.log_command:Invoking command in '/home/wyatt/ros2_ws/build/uf_interfaces': CMAKE_PREFIX_PATH=/opt/ros/humble /usr/bin/cmake --build /home/wyatt/ros2_ws/build/uf_interfaces -- -j4 -l4
[27.985s] DEBUG:colcon.colcon_core.event_handler.log_command:Invoked command in '/home/wyatt/ros2_ws/build/uf_interfaces' returned '0': CMAKE_PREFIX_PATH=/opt/ros/humble /usr/bin/cmake --build /home/wyatt/ros2_ws/build/uf_interfaces -- -j4 -l4
[28.162s] DEBUG:colcon.colcon_core.event_handler.log_command:Invoking command in '/home/wyatt/ros2_ws/build/uf_interfaces': CMAKE_PREFIX_PATH=/opt/ros/humble /usr/bin/cmake --install /home/wyatt/ros2_ws/build/uf_interfaces
[28.301s] Level 1:colcon.colcon_core.environment:create_environment_scripts_only(uf_interfaces)
[28.303s] Level 1:colcon.colcon_core.environment:checking '/home/wyatt/ros2_ws/install/uf_interfaces' for CMake module files
[28.304s] DEBUG:colcon.colcon_core.event_handler.log_command:Invoked command in '/home/wyatt/ros2_ws/build/uf_interfaces' returned '0': CMAKE_PREFIX_PATH=/opt/ros/humble /usr/bin/cmake --install /home/wyatt/ros2_ws/build/uf_interfaces
[28.307s] Level 1:colcon.colcon_core.environment:checking '/home/wyatt/ros2_ws/install/uf_interfaces' for CMake config files
[28.311s] Level 1:colcon.colcon_core.shell:create_environment_hook('uf_interfaces', 'cmake_prefix_path')
[28.312s] INFO:colcon.colcon_core.shell:Creating environment hook '/home/wyatt/ros2_ws/install/uf_interfaces/share/uf_interfaces/hook/cmake_prefix_path.ps1'
[28.314s] INFO:colcon.colcon_core.shell:Creating environment descriptor '/home/wyatt/ros2_ws/install/uf_interfaces/share/uf_interfaces/hook/cmake_prefix_path.dsv'
[28.315s] INFO:colcon.colcon_core.shell:Creating environment hook '/home/wyatt/ros2_ws/install/uf_interfaces/share/uf_interfaces/hook/cmake_prefix_path.sh'
[28.317s] Level 1:colcon.colcon_core.environment:checking '/home/wyatt/ros2_ws/install/uf_interfaces/lib'
[28.318s] Level 1:colcon.colcon_core.shell:create_environment_hook('uf_interfaces', 'ld_library_path_lib')
[28.318s] INFO:colcon.colcon_core.shell:Creating environment hook '/home/wyatt/ros2_ws/install/uf_interfaces/share/uf_interfaces/hook/ld_library_path_lib.ps1'
[28.320s] INFO:colcon.colcon_core.shell:Creating environment descriptor '/home/wyatt/ros2_ws/install/uf_interfaces/share/uf_interfaces/hook/ld_library_path_lib.dsv'
[28.321s] INFO:colcon.colcon_core.shell:Creating environment hook '/home/wyatt/ros2_ws/install/uf_interfaces/share/uf_interfaces/hook/ld_library_path_lib.sh'
[28.323s] Level 1:colcon.colcon_core.environment:checking '/home/wyatt/ros2_ws/install/uf_interfaces/bin'
[28.323s] Level 1:colcon.colcon_core.environment:checking '/home/wyatt/ros2_ws/install/uf_interfaces/lib/pkgconfig/uf_interfaces.pc'
[28.324s] Level 1:colcon.colcon_core.environment:checking '/home/wyatt/ros2_ws/install/uf_interfaces/lib/python3.10/site-packages'
[28.325s] Level 1:colcon.colcon_core.environment:checking '/home/wyatt/ros2_ws/install/uf_interfaces/bin'
[28.327s] INFO:colcon.colcon_core.shell:Creating package script '/home/wyatt/ros2_ws/install/uf_interfaces/share/uf_interfaces/package.ps1'
[28.329s] INFO:colcon.colcon_core.shell:Creating package descriptor '/home/wyatt/ros2_ws/install/uf_interfaces/share/uf_interfaces/package.dsv'
[28.331s] INFO:colcon.colcon_core.shell:Creating package script '/home/wyatt/ros2_ws/install/uf_interfaces/share/uf_interfaces/package.sh'
[28.333s] INFO:colcon.colcon_core.shell:Creating package script '/home/wyatt/ros2_ws/install/uf_interfaces/share/uf_interfaces/package.bash'
[28.334s] INFO:colcon.colcon_core.shell:Creating package script '/home/wyatt/ros2_ws/install/uf_interfaces/share/uf_interfaces/package.zsh'
[28.335s] Level 1:colcon.colcon_core.environment:create_file_with_runtime_dependencies(/home/wyatt/ros2_ws/install/uf_interfaces/share/colcon-core/packages/uf_interfaces)
[28.504s] Level 1:colcon.colcon_core.environment:create_environment_scripts_only(uf_interfaces)
[28.505s] Level 1:colcon.colcon_core.environment:checking '/home/wyatt/ros2_ws/install/uf_interfaces' for CMake module files
[28.506s] Level 1:colcon.colcon_core.environment:checking '/home/wyatt/ros2_ws/install/uf_interfaces' for CMake config files
[28.507s] Level 1:colcon.colcon_core.shell:create_environment_hook('uf_interfaces', 'cmake_prefix_path')
[28.507s] INFO:colcon.colcon_core.shell:Creating environment hook '/home/wyatt/ros2_ws/install/uf_interfaces/share/uf_interfaces/hook/cmake_prefix_path.ps1'
[28.507s] INFO:colcon.colcon_core.shell:Creating environment descriptor '/home/wyatt/ros2_ws/install/uf_interfaces/share/uf_interfaces/hook/cmake_prefix_path.dsv'
[28.508s] INFO:colcon.colcon_core.shell:Creating environment hook '/home/wyatt/ros2_ws/install/uf_interfaces/share/uf_interfaces/hook/cmake_prefix_path.sh'
[28.508s] Level 1:colcon.colcon_core.environment:checking '/home/wyatt/ros2_ws/install/uf_interfaces/lib'
[28.508s] Level 1:colcon.colcon_core.shell:create_environment_hook('uf_interfaces', 'ld_library_path_lib')
[28.509s] INFO:colcon.colcon_core.shell:Creating environment hook '/home/wyatt/ros2_ws/install/uf_interfaces/share/uf_interfaces/hook/ld_library_path_lib.ps1'
[28.509s] INFO:colcon.colcon_core.shell:Creating environment descriptor '/home/wyatt/ros2_ws/install/uf_interfaces/share/uf_interfaces/hook/ld_library_path_lib.dsv'
[28.510s] INFO:colcon.colcon_core.shell:Creating environment hook '/home/wyatt/ros2_ws/install/uf_interfaces/share/uf_interfaces/hook/ld_library_path_lib.sh'
[28.510s] Level 1:colcon.colcon_core.environment:checking '/home/wyatt/ros2_ws/install/uf_interfaces/bin'
[28.510s] Level 1:colcon.colcon_core.environment:checking '/home/wyatt/ros2_ws/install/uf_interfaces/lib/pkgconfig/uf_interfaces.pc'
[28.511s] Level 1:colcon.colcon_core.environment:checking '/home/wyatt/ros2_ws/install/uf_interfaces/lib/python3.10/site-packages'
[28.511s] Level 1:colcon.colcon_core.environment:checking '/home/wyatt/ros2_ws/install/uf_interfaces/bin'
[28.512s] INFO:colcon.colcon_core.shell:Creating package script '/home/wyatt/ros2_ws/install/uf_interfaces/share/uf_interfaces/package.ps1'
[28.513s] INFO:colcon.colcon_core.shell:Creating package descriptor '/home/wyatt/ros2_ws/install/uf_interfaces/share/uf_interfaces/package.dsv'
[28.513s] INFO:colcon.colcon_core.shell:Creating package script '/home/wyatt/ros2_ws/install/uf_interfaces/share/uf_interfaces/package.sh'
[28.514s] INFO:colcon.colcon_core.shell:Creating package script '/home/wyatt/ros2_ws/install/uf_interfaces/share/uf_interfaces/package.bash'
[28.515s] INFO:colcon.colcon_core.shell:Creating package script '/home/wyatt/ros2_ws/install/uf_interfaces/share/uf_interfaces/package.zsh'
[28.516s] Level 1:colcon.colcon_core.environment:create_file_with_runtime_dependencies(/home/wyatt/ros2_ws/install/uf_interfaces/share/colcon-core/packages/uf_interfaces)
[28.516s] DEBUG:colcon.colcon_parallel_executor.executor.parallel:closing loop
[28.517s] DEBUG:colcon.colcon_parallel_executor.executor.parallel:loop closed
[28.517s] DEBUG:colcon.colcon_parallel_executor.executor.parallel:run_until_complete finished with '0'
[28.517s] DEBUG:colcon.colcon_core.event_reactor:joining thread
[28.537s] INFO:colcon.colcon_core.plugin_system:Skipping extension 'colcon_notification.desktop_notification.terminal_notifier': Not used on non-Darwin systems
[28.537s] INFO:colcon.colcon_core.plugin_system:Skipping extension 'colcon_notification.desktop_notification.win32': Not used on non-Windows systems
[28.537s] INFO:colcon.colcon_notification.desktop_notification:Sending desktop notification using 'notify2'
[28.584s] DEBUG:colcon.colcon_core.event_reactor:joined thread
[28.585s] INFO:colcon.colcon_core.shell:Creating prefix script '/home/wyatt/ros2_ws/install/local_setup.ps1'
[28.596s] INFO:colcon.colcon_core.shell:Creating prefix util module '/home/wyatt/ros2_ws/install/_local_setup_util_ps1.py'
[28.599s] INFO:colcon.colcon_core.shell:Creating prefix chain script '/home/wyatt/ros2_ws/install/setup.ps1'
[28.602s] INFO:colcon.colcon_core.shell:Creating prefix script '/home/wyatt/ros2_ws/install/local_setup.sh'
[28.604s] INFO:colcon.colcon_core.shell:Creating prefix util module '/home/wyatt/ros2_ws/install/_local_setup_util_sh.py'
[28.605s] INFO:colcon.colcon_core.shell:Creating prefix chain script '/home/wyatt/ros2_ws/install/setup.sh'
[28.607s] INFO:colcon.colcon_core.shell:Creating prefix script '/home/wyatt/ros2_ws/install/local_setup.bash'
[28.613s] INFO:colcon.colcon_core.shell:Creating prefix chain script '/home/wyatt/ros2_ws/install/setup.bash'
[28.616s] INFO:colcon.colcon_core.shell:Creating prefix script '/home/wyatt/ros2_ws/install/local_setup.zsh'
[28.618s] INFO:colcon.colcon_core.shell:Creating prefix chain script '/home/wyatt/ros2_ws/install/setup.zsh'
