[2.387s] Invoking command in '/home/wyatt/Documents/GitHub/ros2_ws/src/jhyv_experiment_pkg': DEBUGINFOD_URLS=https://debuginfod.ubuntu.com PYTHONPATH=/home/wyatt/Documents/GitHub/ros2_ws/build/jhyv_experiment_pkg/prefix_override:/usr/lib/python3/dist-packages/colcon_core/task/python/colcon_distutils_commands:/home/wyatt/Documents/GitHub/ros2_ws/install/jhyv_experiment_pkg/lib/python3.12/site-packages:${PYTHONPATH} /usr/bin/python3 -W ignore:setup.py install is deprecated setup.py egg_info --egg-base ../../build/jhyv_experiment_pkg build --build-base /home/wyatt/Documents/GitHub/ros2_ws/build/jhyv_experiment_pkg/build install --record /home/wyatt/Documents/GitHub/ros2_ws/build/jhyv_experiment_pkg/install.log --single-version-externally-managed install_data
[3.203s] running egg_info
[3.203s] creating ../../build/jhyv_experiment_pkg/jhyv_experiment_pkg.egg-info
[3.252s] writing ../../build/jhyv_experiment_pkg/jhyv_experiment_pkg.egg-info/PKG-INFO
[3.254s] writing dependency_links to ../../build/jhyv_experiment_pkg/jhyv_experiment_pkg.egg-info/dependency_links.txt
[3.255s] writing entry points to ../../build/jhyv_experiment_pkg/jhyv_experiment_pkg.egg-info/entry_points.txt
[3.256s] writing requirements to ../../build/jhyv_experiment_pkg/jhyv_experiment_pkg.egg-info/requires.txt
[3.259s] writing top-level names to ../../build/jhyv_experiment_pkg/jhyv_experiment_pkg.egg-info/top_level.txt
[3.260s] writing manifest file '../../build/jhyv_experiment_pkg/jhyv_experiment_pkg.egg-info/SOURCES.txt'
[3.357s] reading manifest file '../../build/jhyv_experiment_pkg/jhyv_experiment_pkg.egg-info/SOURCES.txt'
[3.359s] writing manifest file '../../build/jhyv_experiment_pkg/jhyv_experiment_pkg.egg-info/SOURCES.txt'
[3.359s] running build
[3.360s] running build_py
[3.360s] creating /home/wyatt/Documents/GitHub/ros2_ws/build/jhyv_experiment_pkg/build
[3.361s] creating /home/wyatt/Documents/GitHub/ros2_ws/build/jhyv_experiment_pkg/build/lib
[3.362s] creating /home/wyatt/Documents/GitHub/ros2_ws/build/jhyv_experiment_pkg/build/lib/jhyv_experiment_pkg
[3.362s] copying jhyv_experiment_pkg/__init__.py -> /home/wyatt/Documents/GitHub/ros2_ws/build/jhyv_experiment_pkg/build/lib/jhyv_experiment_pkg
[3.364s] copying jhyv_experiment_pkg/fear_and_random_walk_node.py -> /home/wyatt/Documents/GitHub/ros2_ws/build/jhyv_experiment_pkg/build/lib/jhyv_experiment_pkg
[3.366s] running install
[3.379s] running install_lib
[3.426s] creating /home/wyatt/Documents/GitHub/ros2_ws/install/jhyv_experiment_pkg/lib/python3.12/site-packages/jhyv_experiment_pkg
[3.428s] copying /home/wyatt/Documents/GitHub/ros2_ws/build/jhyv_experiment_pkg/build/lib/jhyv_experiment_pkg/__init__.py -> /home/wyatt/Documents/GitHub/ros2_ws/install/jhyv_experiment_pkg/lib/python3.12/site-packages/jhyv_experiment_pkg
[3.428s] copying /home/wyatt/Documents/GitHub/ros2_ws/build/jhyv_experiment_pkg/build/lib/jhyv_experiment_pkg/fear_and_random_walk_node.py -> /home/wyatt/Documents/GitHub/ros2_ws/install/jhyv_experiment_pkg/lib/python3.12/site-packages/jhyv_experiment_pkg
[3.431s] byte-compiling /home/wyatt/Documents/GitHub/ros2_ws/install/jhyv_experiment_pkg/lib/python3.12/site-packages/jhyv_experiment_pkg/__init__.py to __init__.cpython-312.pyc
[3.432s] byte-compiling /home/wyatt/Documents/GitHub/ros2_ws/install/jhyv_experiment_pkg/lib/python3.12/site-packages/jhyv_experiment_pkg/fear_and_random_walk_node.py to fear_and_random_walk_node.cpython-312.pyc
[3.432s] running install_data
[3.432s] creating /home/wyatt/Documents/GitHub/ros2_ws/install/jhyv_experiment_pkg/share/ament_index
[3.432s] creating /home/wyatt/Documents/GitHub/ros2_ws/install/jhyv_experiment_pkg/share/ament_index/resource_index
[3.432s] creating /home/wyatt/Documents/GitHub/ros2_ws/install/jhyv_experiment_pkg/share/ament_index/resource_index/packages
[3.433s] copying resource/jhyv_experiment_pkg -> /home/wyatt/Documents/GitHub/ros2_ws/install/jhyv_experiment_pkg/share/ament_index/resource_index/packages
[3.433s] copying package.xml -> /home/wyatt/Documents/GitHub/ros2_ws/install/jhyv_experiment_pkg/share/jhyv_experiment_pkg
[3.433s] running install_egg_info
[3.481s] Copying ../../build/jhyv_experiment_pkg/jhyv_experiment_pkg.egg-info to /home/wyatt/Documents/GitHub/ros2_ws/install/jhyv_experiment_pkg/lib/python3.12/site-packages/jhyv_experiment_pkg-0.0.0-py3.12.egg-info
[3.483s] running install_scripts
[3.754s] Installing fear_and_random_walk_node script to /home/wyatt/Documents/GitHub/ros2_ws/install/jhyv_experiment_pkg/lib/jhyv_experiment_pkg
[3.754s] writing list of installed files to '/home/wyatt/Documents/GitHub/ros2_ws/build/jhyv_experiment_pkg/install.log'
[3.985s] Invoked command in '/home/wyatt/Documents/GitHub/ros2_ws/src/jhyv_experiment_pkg' returned '0': DEBUGINFOD_URLS=https://debuginfod.ubuntu.com PYTHONPATH=/home/wyatt/Documents/GitHub/ros2_ws/build/jhyv_experiment_pkg/prefix_override:/usr/lib/python3/dist-packages/colcon_core/task/python/colcon_distutils_commands:/home/wyatt/Documents/GitHub/ros2_ws/install/jhyv_experiment_pkg/lib/python3.12/site-packages:${PYTHONPATH} /usr/bin/python3 -W ignore:setup.py install is deprecated setup.py egg_info --egg-base ../../build/jhyv_experiment_pkg build --build-base /home/wyatt/Documents/GitHub/ros2_ws/build/jhyv_experiment_pkg/build install --record /home/wyatt/Documents/GitHub/ros2_ws/build/jhyv_experiment_pkg/install.log --single-version-externally-managed install_data
