[1.236s] Invoking command in '/home/wyatt/ros2_ws/src/vehicle_position_checker': PYTHONPATH=/home/wyatt/ros2_ws/build/vehicle_position_checker/prefix_override:/usr/lib/python3/dist-packages/colcon_core/task/python/colcon_distutils_commands:/home/wyatt/ros2_ws/install/vehicle_position_checker/lib/python3.10/site-packages:${PYTHONPATH} /usr/bin/python3 -W ignore:setup.py install is deprecated setup.py egg_info --egg-base ../../build/vehicle_position_checker build --build-base /home/wyatt/ros2_ws/build/vehicle_position_checker/build install --record /home/wyatt/ros2_ws/build/vehicle_position_checker/install.log --single-version-externally-managed install_data
[1.685s] running egg_info
[1.687s] writing ../../build/vehicle_position_checker/vehicle_position_checker.egg-info/PKG-INFO
[1.689s] writing dependency_links to ../../build/vehicle_position_checker/vehicle_position_checker.egg-info/dependency_links.txt
[1.689s] writing entry points to ../../build/vehicle_position_checker/vehicle_position_checker.egg-info/entry_points.txt
[1.689s] writing requirements to ../../build/vehicle_position_checker/vehicle_position_checker.egg-info/requires.txt
[1.690s] writing top-level names to ../../build/vehicle_position_checker/vehicle_position_checker.egg-info/top_level.txt
[1.692s] reading manifest file '../../build/vehicle_position_checker/vehicle_position_checker.egg-info/SOURCES.txt'
[1.694s] writing manifest file '../../build/vehicle_position_checker/vehicle_position_checker.egg-info/SOURCES.txt'
[1.695s] running build
[1.695s] running build_py
[1.695s] running install
[1.696s] running install_lib
[1.698s] running install_data
[1.699s] running install_egg_info
[1.702s] removing '/home/wyatt/ros2_ws/install/vehicle_position_checker/lib/python3.10/site-packages/vehicle_position_checker-0.0.0-py3.10.egg-info' (and everything under it)
[1.702s] Copying ../../build/vehicle_position_checker/vehicle_position_checker.egg-info to /home/wyatt/ros2_ws/install/vehicle_position_checker/lib/python3.10/site-packages/vehicle_position_checker-0.0.0-py3.10.egg-info
[1.704s] running install_scripts
[1.743s] Installing vehicle_positon_checker_node script to /home/wyatt/ros2_ws/install/vehicle_position_checker/lib/vehicle_position_checker
[1.745s] writing list of installed files to '/home/wyatt/ros2_ws/build/vehicle_position_checker/install.log'
[1.782s] Invoked command in '/home/wyatt/ros2_ws/src/vehicle_position_checker' returned '0': PYTHONPATH=/home/wyatt/ros2_ws/build/vehicle_position_checker/prefix_override:/usr/lib/python3/dist-packages/colcon_core/task/python/colcon_distutils_commands:/home/wyatt/ros2_ws/install/vehicle_position_checker/lib/python3.10/site-packages:${PYTHONPATH} /usr/bin/python3 -W ignore:setup.py install is deprecated setup.py egg_info --egg-base ../../build/vehicle_position_checker build --build-base /home/wyatt/ros2_ws/build/vehicle_position_checker/build install --record /home/wyatt/ros2_ws/build/vehicle_position_checker/install.log --single-version-externally-managed install_data
