[1.431s] Invoking command in '/home/wyatt/ros2_ws/build/uf_interfaces': CMAKE_PREFIX_PATH=/opt/ros/humble /usr/bin/cmake /home/wyatt/ros2_ws/src/uf_interfaces -DAMENT_CMAKE_SYMLINK_INSTALL=1 -DCMAKE_INSTALL_PREFIX=/home/wyatt/ros2_ws/install/uf_interfaces
[1.729s] -- The C compiler identification is GNU 11.4.0
[2.024s] -- The CXX compiler identification is GNU 11.4.0
[2.048s] -- Detecting C compiler ABI info
[2.276s] -- Detecting C compiler ABI info - done
[2.304s] -- Check for working C compiler: /usr/bin/cc - skipped
[2.318s] -- Detecting C compile features
[2.331s] -- Detecting C compile features - done
[2.356s] -- Detecting CXX compiler ABI info
[2.663s] -- Detecting CXX compiler ABI info - done
[2.692s] -- Check for working CXX compiler: /usr/bin/c++ - skipped
[2.692s] -- Detecting CXX compile features
[2.694s] -- Detecting CXX compile features - done
[2.708s] -- Found ament_cmake: 1.3.8 (/opt/ros/humble/share/ament_cmake/cmake)
[3.090s] -- Found Python3: /usr/bin/python3 (found version "3.10.12") found components: Interpreter 
[3.412s] -- Override CMake install command with custom implementation using symlinks instead of copying resources
[3.567s] -- Found std_msgs: 4.2.3 (/opt/ros/humble/share/std_msgs/cmake)
[3.827s] -- Found rosidl_generator_c: 3.1.5 (/opt/ros/humble/share/rosidl_generator_c/cmake)
[3.862s] -- Found rosidl_adapter: 3.1.5 (/opt/ros/humble/share/rosidl_adapter/cmake)
[3.926s] -- Found rosidl_generator_cpp: 3.1.5 (/opt/ros/humble/share/rosidl_generator_cpp/cmake)
[4.062s] -- Using all available rosidl_typesupport_c: rosidl_typesupport_fastrtps_c;rosidl_typesupport_introspection_c
[4.165s] -- Using all available rosidl_typesupport_cpp: rosidl_typesupport_fastrtps_cpp;rosidl_typesupport_introspection_cpp
[4.440s] -- Found rosidl_default_generators: 1.2.0 (/opt/ros/humble/share/rosidl_default_generators/cmake)
[5.908s] -- Found ament_cmake_ros: 0.10.0 (/opt/ros/humble/share/ament_cmake_ros/cmake)
[7.221s] -- Using all available rosidl_typesupport_c: rosidl_typesupport_fastrtps_c;rosidl_typesupport_introspection_c
[7.782s] -- Using all available rosidl_typesupport_cpp: rosidl_typesupport_fastrtps_cpp;rosidl_typesupport_introspection_cpp
[7.865s] -- Found PythonInterp: /usr/bin/python3 (found suitable version "3.10.12", minimum required is "3.6") 
[7.882s] -- Found python_cmake_module: 0.10.0 (/opt/ros/humble/share/python_cmake_module/cmake)
[7.969s] -- Found PythonLibs: /usr/lib/x86_64-linux-gnu/libpython3.10.so (found suitable version "3.10.12", minimum required is "3.5") 
[7.970s] -- Using PYTHON_EXECUTABLE: /usr/bin/python3
[7.970s] -- Using PYTHON_INCLUDE_DIRS: /usr/include/python3.10
[7.970s] -- Using PYTHON_LIBRARIES: /usr/lib/x86_64-linux-gnu/libpython3.10.so
[8.032s] -- Found PythonExtra: .so  
[8.204s] -- Found ament_lint_auto: 0.12.10 (/opt/ros/humble/share/ament_lint_auto/cmake)
[8.297s] -- Added test 'copyright' to check source files copyright and LICENSE
[8.305s] -- Added test 'lint_cmake' to check CMake code style
[8.310s] -- Added test 'xmllint' to check XML markup files
[8.331s] -- Configuring done
[8.446s] -- Generating done
[8.461s] -- Build files have been written to: /home/wyatt/ros2_ws/build/uf_interfaces
[8.486s] Invoked command in '/home/wyatt/ros2_ws/build/uf_interfaces' returned '0': CMAKE_PREFIX_PATH=/opt/ros/humble /usr/bin/cmake /home/wyatt/ros2_ws/src/uf_interfaces -DAMENT_CMAKE_SYMLINK_INSTALL=1 -DCMAKE_INSTALL_PREFIX=/home/wyatt/ros2_ws/install/uf_interfaces
[8.487s] Invoking command in '/home/wyatt/ros2_ws/build/uf_interfaces': CMAKE_PREFIX_PATH=/opt/ros/humble /usr/bin/cmake --build /home/wyatt/ros2_ws/build/uf_interfaces -- -j4 -l4
[8.599s] [  1%] [34m[1mGenerating C code for ROS interfaces[0m
[8.687s] [  1%] Built target ament_cmake_python_symlink_uf_interfaces
[8.715s] [  3%] [34m[1mGenerating C++ code for ROS interfaces[0m
[9.685s] running egg_info
[9.686s] creating uf_interfaces.egg-info
[9.686s] writing uf_interfaces.egg-info/PKG-INFO
[9.686s] writing dependency_links to uf_interfaces.egg-info/dependency_links.txt
[9.686s] writing top-level names to uf_interfaces.egg-info/top_level.txt
[9.687s] writing manifest file 'uf_interfaces.egg-info/SOURCES.txt'
[9.692s] reading manifest file 'uf_interfaces.egg-info/SOURCES.txt'
[9.694s] writing manifest file 'uf_interfaces.egg-info/SOURCES.txt'
[9.765s] [  3%] Built target ament_cmake_python_build_uf_interfaces_egg
[11.495s] [  3%] Built target uf_interfaces__cpp
[11.533s] [  4%] [34m[1mGenerating C++ type support dispatch for ROS interfaces[0m
[11.616s] [  6%] [34m[1mGenerating C++ type support for eProsima Fast-RTPS[0m
[11.728s] [  7%] [34m[1mGenerating C++ introspection for ROS interfaces[0m
[11.804s] [  9%] [32mBuilding C object CMakeFiles/uf_interfaces__rosidl_generator_c.dir/rosidl_generator_c/uf_interfaces/action/detail/defend__functions.c.o[0m
[12.492s] [ 11%] [32mBuilding C object CMakeFiles/uf_interfaces__rosidl_generator_c.dir/rosidl_generator_c/uf_interfaces/action/detail/herd__functions.c.o[0m
[13.039s] [ 12%] [32mBuilding C object CMakeFiles/uf_interfaces__rosidl_generator_c.dir/rosidl_generator_c/uf_interfaces/msg/detail/position__functions.c.o[0m
[13.262s] [ 14%] [32mBuilding C object CMakeFiles/uf_interfaces__rosidl_generator_c.dir/rosidl_generator_c/uf_interfaces/srv/detail/task_assign__functions.c.o[0m
[13.531s] [ 15%] [32mBuilding C object CMakeFiles/uf_interfaces__rosidl_generator_c.dir/rosidl_generator_c/uf_interfaces/srv/detail/geo_conv__functions.c.o[0m
[13.677s] [ 17%] [32m[1mLinking C shared library libuf_interfaces__rosidl_generator_c.so[0m
[13.736s] [ 19%] [32mBuilding CXX object CMakeFiles/uf_interfaces__rosidl_typesupport_cpp.dir/rosidl_typesupport_cpp/uf_interfaces/action/defend__type_support.cpp.o[0m
[13.770s] [ 19%] Built target uf_interfaces__rosidl_generator_c
[13.796s] [ 20%] [34m[1mGenerating C type support for eProsima Fast-RTPS[0m
[14.108s] [ 22%] [32mBuilding CXX object CMakeFiles/uf_interfaces__rosidl_typesupport_introspection_cpp.dir/rosidl_typesupport_introspection_cpp/uf_interfaces/action/detail/defend__type_support.cpp.o[0m
[14.298s] [ 23%] [32mBuilding CXX object CMakeFiles/uf_interfaces__rosidl_typesupport_fastrtps_cpp.dir/rosidl_typesupport_fastrtps_cpp/uf_interfaces/action/detail/dds_fastrtps/defend__type_support.cpp.o[0m
[15.117s] [ 25%] [32mBuilding CXX object CMakeFiles/uf_interfaces__rosidl_typesupport_cpp.dir/rosidl_typesupport_cpp/uf_interfaces/action/herd__type_support.cpp.o[0m
[15.797s] [ 26%] [32mBuilding CXX object CMakeFiles/uf_interfaces__rosidl_typesupport_introspection_cpp.dir/rosidl_typesupport_introspection_cpp/uf_interfaces/action/detail/herd__type_support.cpp.o[0m
[15.922s] [ 28%] [32mBuilding CXX object CMakeFiles/uf_interfaces__rosidl_typesupport_fastrtps_cpp.dir/rosidl_typesupport_fastrtps_cpp/uf_interfaces/action/detail/dds_fastrtps/herd__type_support.cpp.o[0m
[16.076s] [ 30%] [32mBuilding CXX object CMakeFiles/uf_interfaces__rosidl_typesupport_fastrtps_c.dir/rosidl_typesupport_fastrtps_c/uf_interfaces/action/detail/defend__type_support_c.cpp.o[0m
[16.410s] [ 31%] [32mBuilding CXX object CMakeFiles/uf_interfaces__rosidl_typesupport_cpp.dir/rosidl_typesupport_cpp/uf_interfaces/msg/position__type_support.cpp.o[0m
[17.158s] [ 33%] [32mBuilding CXX object CMakeFiles/uf_interfaces__rosidl_typesupport_cpp.dir/rosidl_typesupport_cpp/uf_interfaces/srv/task_assign__type_support.cpp.o[0m
[17.191s] [ 34%] [32mBuilding CXX object CMakeFiles/uf_interfaces__rosidl_typesupport_fastrtps_c.dir/rosidl_typesupport_fastrtps_c/uf_interfaces/action/detail/herd__type_support_c.cpp.o[0m
[17.443s] [ 36%] [32mBuilding CXX object CMakeFiles/uf_interfaces__rosidl_typesupport_introspection_cpp.dir/rosidl_typesupport_introspection_cpp/uf_interfaces/msg/detail/position__type_support.cpp.o[0m
[17.491s] [ 38%] [32mBuilding CXX object CMakeFiles/uf_interfaces__rosidl_typesupport_fastrtps_cpp.dir/rosidl_typesupport_fastrtps_cpp/uf_interfaces/msg/detail/dds_fastrtps/position__type_support.cpp.o[0m
[17.912s] [ 39%] [32mBuilding CXX object CMakeFiles/uf_interfaces__rosidl_typesupport_cpp.dir/rosidl_typesupport_cpp/uf_interfaces/srv/geo_conv__type_support.cpp.o[0m
[18.279s] [ 41%] [32mBuilding CXX object CMakeFiles/uf_interfaces__rosidl_typesupport_fastrtps_c.dir/rosidl_typesupport_fastrtps_c/uf_interfaces/msg/detail/position__type_support_c.cpp.o[0m
[18.508s] [ 42%] [32mBuilding CXX object CMakeFiles/uf_interfaces__rosidl_typesupport_introspection_cpp.dir/rosidl_typesupport_introspection_cpp/uf_interfaces/srv/detail/task_assign__type_support.cpp.o[0m
[18.581s] [ 44%] [32mBuilding CXX object CMakeFiles/uf_interfaces__rosidl_typesupport_fastrtps_cpp.dir/rosidl_typesupport_fastrtps_cpp/uf_interfaces/srv/detail/dds_fastrtps/task_assign__type_support.cpp.o[0m
[18.679s] [ 46%] [32m[1mLinking CXX shared library libuf_interfaces__rosidl_typesupport_cpp.so[0m
[18.792s] [ 46%] Built target uf_interfaces__rosidl_typesupport_cpp
[18.815s] [ 47%] [34m[1mGenerating C introspection for ROS interfaces[0m
[19.203s] [ 49%] [32mBuilding CXX object CMakeFiles/uf_interfaces__rosidl_typesupport_fastrtps_c.dir/rosidl_typesupport_fastrtps_c/uf_interfaces/srv/detail/task_assign__type_support_c.cpp.o[0m
[19.625s] [ 50%] [32mBuilding CXX object CMakeFiles/uf_interfaces__rosidl_typesupport_introspection_cpp.dir/rosidl_typesupport_introspection_cpp/uf_interfaces/srv/detail/geo_conv__type_support.cpp.o[0m
[19.699s] [ 52%] [32mBuilding CXX object CMakeFiles/uf_interfaces__rosidl_typesupport_fastrtps_cpp.dir/rosidl_typesupport_fastrtps_cpp/uf_interfaces/srv/detail/dds_fastrtps/geo_conv__type_support.cpp.o[0m
[20.179s] [ 53%] [32mBuilding CXX object CMakeFiles/uf_interfaces__rosidl_typesupport_fastrtps_c.dir/rosidl_typesupport_fastrtps_c/uf_interfaces/srv/detail/geo_conv__type_support_c.cpp.o[0m
[20.697s] [ 55%] [32m[1mLinking CXX shared library libuf_interfaces__rosidl_typesupport_introspection_cpp.so[0m
[20.838s] [ 57%] [32m[1mLinking CXX shared library libuf_interfaces__rosidl_typesupport_fastrtps_cpp.so[0m
[20.930s] [ 58%] [32mBuilding C object CMakeFiles/uf_interfaces__rosidl_typesupport_introspection_c.dir/rosidl_typesupport_introspection_c/uf_interfaces/action/detail/defend__type_support.c.o[0m
[20.942s] [ 58%] Built target uf_interfaces__rosidl_typesupport_introspection_cpp
[20.966s] [ 60%] [34m[1mGenerating C type support dispatch for ROS interfaces[0m
[21.051s] [ 60%] Built target uf_interfaces__rosidl_typesupport_fastrtps_cpp
[21.057s] [ 61%] [32mBuilding C object CMakeFiles/uf_interfaces__rosidl_typesupport_introspection_c.dir/rosidl_typesupport_introspection_c/uf_interfaces/action/detail/herd__type_support.c.o[0m
[21.072s] [ 63%] [32mBuilding C object CMakeFiles/uf_interfaces__rosidl_typesupport_introspection_c.dir/rosidl_typesupport_introspection_c/uf_interfaces/msg/detail/position__type_support.c.o[0m
[21.154s] [ 65%] [32mBuilding C object CMakeFiles/uf_interfaces__rosidl_typesupport_introspection_c.dir/rosidl_typesupport_introspection_c/uf_interfaces/srv/detail/task_assign__type_support.c.o[0m
[21.175s] [ 66%] [32mBuilding C object CMakeFiles/uf_interfaces__rosidl_typesupport_introspection_c.dir/rosidl_typesupport_introspection_c/uf_interfaces/srv/detail/geo_conv__type_support.c.o[0m
[21.187s] [ 68%] [32m[1mLinking CXX shared library libuf_interfaces__rosidl_typesupport_fastrtps_c.so[0m
[21.264s] [ 69%] [32m[1mLinking C shared library libuf_interfaces__rosidl_typesupport_introspection_c.so[0m
[21.337s] [ 69%] Built target uf_interfaces__rosidl_typesupport_introspection_c
[21.354s] [ 69%] Built target uf_interfaces__rosidl_typesupport_fastrtps_c
[21.830s] [ 73%] [32mBuilding CXX object CMakeFiles/uf_interfaces__rosidl_typesupport_c.dir/rosidl_typesupport_c/uf_interfaces/action/herd__type_support.cpp.o[0m
[21.831s] [ 74%] [32mBuilding CXX object CMakeFiles/uf_interfaces__rosidl_typesupport_c.dir/rosidl_typesupport_c/uf_interfaces/srv/task_assign__type_support.cpp.o[0m
[21.831s] [ 76%] [32mBuilding CXX object CMakeFiles/uf_interfaces__rosidl_typesupport_c.dir/rosidl_typesupport_c/uf_interfaces/msg/position__type_support.cpp.o[0m
[21.831s] [ 76%] [32mBuilding CXX object CMakeFiles/uf_interfaces__rosidl_typesupport_c.dir/rosidl_typesupport_c/uf_interfaces/action/defend__type_support.cpp.o[0m
[21.903s] [ 77%] [32mBuilding CXX object CMakeFiles/uf_interfaces__rosidl_typesupport_c.dir/rosidl_typesupport_c/uf_interfaces/srv/geo_conv__type_support.cpp.o[0m
[21.957s] [ 79%] [32m[1mLinking CXX shared library libuf_interfaces__rosidl_typesupport_c.so[0m
[22.021s] [ 79%] Built target uf_interfaces__rosidl_typesupport_c
[22.050s] [ 79%] Built target uf_interfaces
[22.078s] [ 80%] [34m[1mGenerating Python code for ROS interfaces[0m
[24.548s] [ 80%] Built target uf_interfaces__py
[24.582s] [ 85%] [32mBuilding C object CMakeFiles/uf_interfaces__rosidl_generator_py.dir/rosidl_generator_py/uf_interfaces/msg/_position_s.c.o[0m
[24.582s] [ 85%] [32mBuilding C object CMakeFiles/uf_interfaces__rosidl_generator_py.dir/rosidl_generator_py/uf_interfaces/action/_defend_s.c.o[0m
[24.583s] [ 85%] [32mBuilding C object CMakeFiles/uf_interfaces__rosidl_generator_py.dir/rosidl_generator_py/uf_interfaces/srv/_task_assign_s.c.o[0m
[24.587s] [ 87%] [32mBuilding C object CMakeFiles/uf_interfaces__rosidl_generator_py.dir/rosidl_generator_py/uf_interfaces/action/_herd_s.c.o[0m
[24.889s] [ 88%] [32mBuilding C object CMakeFiles/uf_interfaces__rosidl_generator_py.dir/rosidl_generator_py/uf_interfaces/srv/_geo_conv_s.c.o[0m
[25.060s] [ 90%] [32m[1mLinking C shared library rosidl_generator_py/uf_interfaces/libuf_interfaces__rosidl_generator_py.so[0m
[25.131s] [ 90%] Built target uf_interfaces__rosidl_generator_py
[25.162s] [ 92%] [32mBuilding C object CMakeFiles/uf_interfaces__rosidl_typesupport_introspection_c__pyext.dir/rosidl_generator_py/uf_interfaces/_uf_interfaces_s.ep.rosidl_typesupport_introspection_c.c.o[0m
[25.170s] [ 93%] [32mBuilding C object CMakeFiles/uf_interfaces__rosidl_typesupport_fastrtps_c__pyext.dir/rosidl_generator_py/uf_interfaces/_uf_interfaces_s.ep.rosidl_typesupport_fastrtps_c.c.o[0m
[25.171s] [ 95%] [32mBuilding C object CMakeFiles/uf_interfaces__rosidl_typesupport_c__pyext.dir/rosidl_generator_py/uf_interfaces/_uf_interfaces_s.ep.rosidl_typesupport_c.c.o[0m
[25.477s] [ 96%] [32m[1mLinking C shared library rosidl_generator_py/uf_interfaces/uf_interfaces_s__rosidl_typesupport_introspection_c.cpython-310-x86_64-linux-gnu.so[0m
[25.522s] [ 98%] [32m[1mLinking C shared library rosidl_generator_py/uf_interfaces/uf_interfaces_s__rosidl_typesupport_fastrtps_c.cpython-310-x86_64-linux-gnu.so[0m
[25.556s] [ 98%] Built target uf_interfaces__rosidl_typesupport_introspection_c__pyext
[25.584s] [100%] [32m[1mLinking C shared library rosidl_generator_py/uf_interfaces/uf_interfaces_s__rosidl_typesupport_c.cpython-310-x86_64-linux-gnu.so[0m
[25.607s] [100%] Built target uf_interfaces__rosidl_typesupport_fastrtps_c__pyext
[25.642s] [100%] Built target uf_interfaces__rosidl_typesupport_c__pyext
[25.659s] Invoked command in '/home/wyatt/ros2_ws/build/uf_interfaces' returned '0': CMAKE_PREFIX_PATH=/opt/ros/humble /usr/bin/cmake --build /home/wyatt/ros2_ws/build/uf_interfaces -- -j4 -l4
[25.827s] Invoking command in '/home/wyatt/ros2_ws/build/uf_interfaces': CMAKE_PREFIX_PATH=/opt/ros/humble /usr/bin/cmake --install /home/wyatt/ros2_ws/build/uf_interfaces
[25.837s] -- Install configuration: ""
[25.838s] -- Execute custom install script
[25.838s] -- Symlinking: /home/wyatt/ros2_ws/install/uf_interfaces/share/ament_index/resource_index/rosidl_interfaces/uf_interfaces
[25.851s] -- Symlinking: /home/wyatt/ros2_ws/install/uf_interfaces/include/uf_interfaces/uf_interfaces/action/defend.h
[25.863s] -- Symlinking: /home/wyatt/ros2_ws/install/uf_interfaces/include/uf_interfaces/uf_interfaces/action/detail/defend__functions.h
[25.874s] -- Symlinking: /home/wyatt/ros2_ws/install/uf_interfaces/include/uf_interfaces/uf_interfaces/action/detail/defend__struct.h
[25.887s] -- Symlinking: /home/wyatt/ros2_ws/install/uf_interfaces/include/uf_interfaces/uf_interfaces/action/detail/defend__type_support.h
[25.898s] -- Symlinking: /home/wyatt/ros2_ws/install/uf_interfaces/include/uf_interfaces/uf_interfaces/action/detail/herd__functions.h
[25.908s] -- Symlinking: /home/wyatt/ros2_ws/install/uf_interfaces/include/uf_interfaces/uf_interfaces/action/detail/herd__struct.h
[25.920s] -- Symlinking: /home/wyatt/ros2_ws/install/uf_interfaces/include/uf_interfaces/uf_interfaces/action/detail/herd__type_support.h
[25.931s] -- Symlinking: /home/wyatt/ros2_ws/install/uf_interfaces/include/uf_interfaces/uf_interfaces/action/herd.h
[25.942s] -- Symlinking: /home/wyatt/ros2_ws/install/uf_interfaces/include/uf_interfaces/uf_interfaces/msg/detail/position__functions.h
[25.953s] -- Symlinking: /home/wyatt/ros2_ws/install/uf_interfaces/include/uf_interfaces/uf_interfaces/msg/detail/position__struct.h
[25.966s] -- Symlinking: /home/wyatt/ros2_ws/install/uf_interfaces/include/uf_interfaces/uf_interfaces/msg/detail/position__type_support.h
[25.978s] -- Symlinking: /home/wyatt/ros2_ws/install/uf_interfaces/include/uf_interfaces/uf_interfaces/msg/position.h
[25.993s] -- Symlinking: /home/wyatt/ros2_ws/install/uf_interfaces/include/uf_interfaces/uf_interfaces/msg/rosidl_generator_c__visibility_control.h
[26.004s] -- Symlinking: /home/wyatt/ros2_ws/install/uf_interfaces/include/uf_interfaces/uf_interfaces/srv/detail/geo_conv__functions.h
[26.015s] -- Symlinking: /home/wyatt/ros2_ws/install/uf_interfaces/include/uf_interfaces/uf_interfaces/srv/detail/geo_conv__struct.h
[26.028s] -- Symlinking: /home/wyatt/ros2_ws/install/uf_interfaces/include/uf_interfaces/uf_interfaces/srv/detail/geo_conv__type_support.h
[26.039s] -- Symlinking: /home/wyatt/ros2_ws/install/uf_interfaces/include/uf_interfaces/uf_interfaces/srv/detail/task_assign__functions.h
[26.050s] -- Symlinking: /home/wyatt/ros2_ws/install/uf_interfaces/include/uf_interfaces/uf_interfaces/srv/detail/task_assign__struct.h
[26.066s] -- Symlinking: /home/wyatt/ros2_ws/install/uf_interfaces/include/uf_interfaces/uf_interfaces/srv/detail/task_assign__type_support.h
[26.078s] -- Symlinking: /home/wyatt/ros2_ws/install/uf_interfaces/include/uf_interfaces/uf_interfaces/srv/geo_conv.h
[26.089s] -- Symlinking: /home/wyatt/ros2_ws/install/uf_interfaces/include/uf_interfaces/uf_interfaces/srv/task_assign.h
[26.101s] -- Symlinking: /home/wyatt/ros2_ws/install/uf_interfaces/share/uf_interfaces/environment/library_path.sh
[26.112s] -- Symlinking: /home/wyatt/ros2_ws/install/uf_interfaces/share/uf_interfaces/environment/library_path.dsv
[26.124s] -- Symlinking: /home/wyatt/ros2_ws/install/uf_interfaces/include/uf_interfaces/uf_interfaces/action/detail/defend__rosidl_typesupport_fastrtps_c.h
[26.138s] -- Symlinking: /home/wyatt/ros2_ws/install/uf_interfaces/include/uf_interfaces/uf_interfaces/action/detail/herd__rosidl_typesupport_fastrtps_c.h
[26.149s] -- Symlinking: /home/wyatt/ros2_ws/install/uf_interfaces/include/uf_interfaces/uf_interfaces/msg/detail/position__rosidl_typesupport_fastrtps_c.h
[26.161s] -- Symlinking: /home/wyatt/ros2_ws/install/uf_interfaces/include/uf_interfaces/uf_interfaces/msg/rosidl_typesupport_fastrtps_c__visibility_control.h
[26.174s] -- Symlinking: /home/wyatt/ros2_ws/install/uf_interfaces/include/uf_interfaces/uf_interfaces/srv/detail/geo_conv__rosidl_typesupport_fastrtps_c.h
[26.186s] -- Symlinking: /home/wyatt/ros2_ws/install/uf_interfaces/include/uf_interfaces/uf_interfaces/srv/detail/task_assign__rosidl_typesupport_fastrtps_c.h
[26.198s] -- Symlinking: /home/wyatt/ros2_ws/install/uf_interfaces/include/uf_interfaces/uf_interfaces/action/defend.hpp
[26.209s] -- Symlinking: /home/wyatt/ros2_ws/install/uf_interfaces/include/uf_interfaces/uf_interfaces/action/detail/defend__builder.hpp
[26.220s] -- Symlinking: /home/wyatt/ros2_ws/install/uf_interfaces/include/uf_interfaces/uf_interfaces/action/detail/defend__struct.hpp
[26.235s] -- Symlinking: /home/wyatt/ros2_ws/install/uf_interfaces/include/uf_interfaces/uf_interfaces/action/detail/defend__traits.hpp
[26.246s] -- Symlinking: /home/wyatt/ros2_ws/install/uf_interfaces/include/uf_interfaces/uf_interfaces/action/detail/herd__builder.hpp
[26.260s] -- Symlinking: /home/wyatt/ros2_ws/install/uf_interfaces/include/uf_interfaces/uf_interfaces/action/detail/herd__struct.hpp
[26.275s] -- Symlinking: /home/wyatt/ros2_ws/install/uf_interfaces/include/uf_interfaces/uf_interfaces/action/detail/herd__traits.hpp
[26.289s] -- Symlinking: /home/wyatt/ros2_ws/install/uf_interfaces/include/uf_interfaces/uf_interfaces/action/herd.hpp
[26.301s] -- Symlinking: /home/wyatt/ros2_ws/install/uf_interfaces/include/uf_interfaces/uf_interfaces/msg/detail/position__builder.hpp
[26.313s] -- Symlinking: /home/wyatt/ros2_ws/install/uf_interfaces/include/uf_interfaces/uf_interfaces/msg/detail/position__struct.hpp
[26.324s] -- Symlinking: /home/wyatt/ros2_ws/install/uf_interfaces/include/uf_interfaces/uf_interfaces/msg/detail/position__traits.hpp
[26.335s] -- Symlinking: /home/wyatt/ros2_ws/install/uf_interfaces/include/uf_interfaces/uf_interfaces/msg/position.hpp
[26.348s] -- Symlinking: /home/wyatt/ros2_ws/install/uf_interfaces/include/uf_interfaces/uf_interfaces/srv/detail/geo_conv__builder.hpp
[26.362s] -- Symlinking: /home/wyatt/ros2_ws/install/uf_interfaces/include/uf_interfaces/uf_interfaces/srv/detail/geo_conv__struct.hpp
[26.378s] -- Symlinking: /home/wyatt/ros2_ws/install/uf_interfaces/include/uf_interfaces/uf_interfaces/srv/detail/geo_conv__traits.hpp
[26.390s] -- Symlinking: /home/wyatt/ros2_ws/install/uf_interfaces/include/uf_interfaces/uf_interfaces/srv/detail/task_assign__builder.hpp
[26.404s] -- Symlinking: /home/wyatt/ros2_ws/install/uf_interfaces/include/uf_interfaces/uf_interfaces/srv/detail/task_assign__struct.hpp
[26.418s] -- Symlinking: /home/wyatt/ros2_ws/install/uf_interfaces/include/uf_interfaces/uf_interfaces/srv/detail/task_assign__traits.hpp
[26.432s] -- Symlinking: /home/wyatt/ros2_ws/install/uf_interfaces/include/uf_interfaces/uf_interfaces/srv/geo_conv.hpp
[26.445s] -- Symlinking: /home/wyatt/ros2_ws/install/uf_interfaces/include/uf_interfaces/uf_interfaces/srv/task_assign.hpp
[26.462s] -- Symlinking: /home/wyatt/ros2_ws/install/uf_interfaces/include/uf_interfaces/uf_interfaces/action/detail/defend__rosidl_typesupport_fastrtps_cpp.hpp
[26.476s] -- Symlinking: /home/wyatt/ros2_ws/install/uf_interfaces/include/uf_interfaces/uf_interfaces/action/detail/herd__rosidl_typesupport_fastrtps_cpp.hpp
[26.490s] -- Symlinking: /home/wyatt/ros2_ws/install/uf_interfaces/include/uf_interfaces/uf_interfaces/msg/detail/position__rosidl_typesupport_fastrtps_cpp.hpp
[26.503s] -- Symlinking: /home/wyatt/ros2_ws/install/uf_interfaces/include/uf_interfaces/uf_interfaces/msg/rosidl_typesupport_fastrtps_cpp__visibility_control.h
[26.517s] -- Symlinking: /home/wyatt/ros2_ws/install/uf_interfaces/include/uf_interfaces/uf_interfaces/srv/detail/geo_conv__rosidl_typesupport_fastrtps_cpp.hpp
[26.530s] -- Symlinking: /home/wyatt/ros2_ws/install/uf_interfaces/include/uf_interfaces/uf_interfaces/srv/detail/task_assign__rosidl_typesupport_fastrtps_cpp.hpp
[26.545s] -- Symlinking: /home/wyatt/ros2_ws/install/uf_interfaces/include/uf_interfaces/uf_interfaces/action/detail/defend__rosidl_typesupport_introspection_c.h
[26.558s] -- Symlinking: /home/wyatt/ros2_ws/install/uf_interfaces/include/uf_interfaces/uf_interfaces/action/detail/herd__rosidl_typesupport_introspection_c.h
[26.573s] -- Symlinking: /home/wyatt/ros2_ws/install/uf_interfaces/include/uf_interfaces/uf_interfaces/msg/detail/position__rosidl_typesupport_introspection_c.h
[26.587s] -- Symlinking: /home/wyatt/ros2_ws/install/uf_interfaces/include/uf_interfaces/uf_interfaces/msg/rosidl_typesupport_introspection_c__visibility_control.h
[26.599s] -- Symlinking: /home/wyatt/ros2_ws/install/uf_interfaces/include/uf_interfaces/uf_interfaces/srv/detail/geo_conv__rosidl_typesupport_introspection_c.h
[26.611s] -- Symlinking: /home/wyatt/ros2_ws/install/uf_interfaces/include/uf_interfaces/uf_interfaces/srv/detail/task_assign__rosidl_typesupport_introspection_c.h
[26.626s] -- Symlinking: /home/wyatt/ros2_ws/install/uf_interfaces/include/uf_interfaces/uf_interfaces/action/detail/defend__rosidl_typesupport_introspection_cpp.hpp
[26.639s] -- Symlinking: /home/wyatt/ros2_ws/install/uf_interfaces/include/uf_interfaces/uf_interfaces/action/detail/herd__rosidl_typesupport_introspection_cpp.hpp
[26.655s] -- Symlinking: /home/wyatt/ros2_ws/install/uf_interfaces/include/uf_interfaces/uf_interfaces/msg/detail/position__rosidl_typesupport_introspection_cpp.hpp
[26.669s] -- Symlinking: /home/wyatt/ros2_ws/install/uf_interfaces/include/uf_interfaces/uf_interfaces/srv/detail/geo_conv__rosidl_typesupport_introspection_cpp.hpp
[26.682s] -- Symlinking: /home/wyatt/ros2_ws/install/uf_interfaces/include/uf_interfaces/uf_interfaces/srv/detail/task_assign__rosidl_typesupport_introspection_cpp.hpp
[26.697s] -- Symlinking: /home/wyatt/ros2_ws/install/uf_interfaces/share/uf_interfaces/environment/pythonpath.sh
[26.710s] -- Symlinking: /home/wyatt/ros2_ws/install/uf_interfaces/share/uf_interfaces/environment/pythonpath.dsv
[26.723s] -- Symlinking: /home/wyatt/ros2_ws/install/uf_interfaces/local/lib/python3.10/dist-packages/uf_interfaces-0.0.0-py3.10.egg-info/PKG-INFO
[26.736s] -- Symlinking: /home/wyatt/ros2_ws/install/uf_interfaces/local/lib/python3.10/dist-packages/uf_interfaces-0.0.0-py3.10.egg-info/SOURCES.txt
[26.748s] -- Symlinking: /home/wyatt/ros2_ws/install/uf_interfaces/local/lib/python3.10/dist-packages/uf_interfaces-0.0.0-py3.10.egg-info/dependency_links.txt
[26.760s] -- Symlinking: /home/wyatt/ros2_ws/install/uf_interfaces/local/lib/python3.10/dist-packages/uf_interfaces-0.0.0-py3.10.egg-info/top_level.txt
[26.777s] -- Symlinking: /home/wyatt/ros2_ws/install/uf_interfaces/local/lib/python3.10/dist-packages/uf_interfaces/__init__.py
[26.794s] -- Symlinking: /home/wyatt/ros2_ws/install/uf_interfaces/local/lib/python3.10/dist-packages/uf_interfaces/_uf_interfaces_s.ep.rosidl_typesupport_c.c
[26.808s] -- Symlinking: /home/wyatt/ros2_ws/install/uf_interfaces/local/lib/python3.10/dist-packages/uf_interfaces/_uf_interfaces_s.ep.rosidl_typesupport_fastrtps_c.c
[26.822s] -- Symlinking: /home/wyatt/ros2_ws/install/uf_interfaces/local/lib/python3.10/dist-packages/uf_interfaces/_uf_interfaces_s.ep.rosidl_typesupport_introspection_c.c
[26.835s] -- Symlinking: /home/wyatt/ros2_ws/install/uf_interfaces/local/lib/python3.10/dist-packages/uf_interfaces/action/__init__.py
[26.848s] -- Symlinking: /home/wyatt/ros2_ws/install/uf_interfaces/local/lib/python3.10/dist-packages/uf_interfaces/action/_defend.py
[26.871s] -- Symlinking: /home/wyatt/ros2_ws/install/uf_interfaces/local/lib/python3.10/dist-packages/uf_interfaces/action/_defend_s.c
[26.888s] -- Symlinking: /home/wyatt/ros2_ws/install/uf_interfaces/local/lib/python3.10/dist-packages/uf_interfaces/action/_herd.py
[26.903s] -- Symlinking: /home/wyatt/ros2_ws/install/uf_interfaces/local/lib/python3.10/dist-packages/uf_interfaces/action/_herd_s.c
[26.920s] -- Symlinking: /home/wyatt/ros2_ws/install/uf_interfaces/local/lib/python3.10/dist-packages/uf_interfaces/libuf_interfaces__rosidl_generator_py.so
[26.934s] -- Symlinking: /home/wyatt/ros2_ws/install/uf_interfaces/local/lib/python3.10/dist-packages/uf_interfaces/msg/__init__.py
[26.952s] -- Symlinking: /home/wyatt/ros2_ws/install/uf_interfaces/local/lib/python3.10/dist-packages/uf_interfaces/msg/_position.py
[26.968s] -- Symlinking: /home/wyatt/ros2_ws/install/uf_interfaces/local/lib/python3.10/dist-packages/uf_interfaces/msg/_position_s.c
[26.983s] -- Symlinking: /home/wyatt/ros2_ws/install/uf_interfaces/local/lib/python3.10/dist-packages/uf_interfaces/srv/__init__.py
[26.995s] -- Symlinking: /home/wyatt/ros2_ws/install/uf_interfaces/local/lib/python3.10/dist-packages/uf_interfaces/srv/_geo_conv.py
[27.007s] -- Symlinking: /home/wyatt/ros2_ws/install/uf_interfaces/local/lib/python3.10/dist-packages/uf_interfaces/srv/_geo_conv_s.c
[27.018s] -- Symlinking: /home/wyatt/ros2_ws/install/uf_interfaces/local/lib/python3.10/dist-packages/uf_interfaces/srv/_task_assign.py
[27.029s] -- Symlinking: /home/wyatt/ros2_ws/install/uf_interfaces/local/lib/python3.10/dist-packages/uf_interfaces/srv/_task_assign_s.c
[27.040s] -- Symlinking: /home/wyatt/ros2_ws/install/uf_interfaces/local/lib/python3.10/dist-packages/uf_interfaces/uf_interfaces_s__rosidl_typesupport_c.cpython-310-x86_64-linux-gnu.so
[27.051s] -- Symlinking: /home/wyatt/ros2_ws/install/uf_interfaces/local/lib/python3.10/dist-packages/uf_interfaces/uf_interfaces_s__rosidl_typesupport_fastrtps_c.cpython-310-x86_64-linux-gnu.so
[27.063s] -- Symlinking: /home/wyatt/ros2_ws/install/uf_interfaces/local/lib/python3.10/dist-packages/uf_interfaces/uf_interfaces_s__rosidl_typesupport_introspection_c.cpython-310-x86_64-linux-gnu.so
[27.076s] -- Up-to-date symlink: /home/wyatt/ros2_ws/install/uf_interfaces/local/lib/python3.10/dist-packages/uf_interfaces/uf_interfaces_s__rosidl_typesupport_fastrtps_c.cpython-310-x86_64-linux-gnu.so
[27.077s] -- Up-to-date symlink: /home/wyatt/ros2_ws/install/uf_interfaces/local/lib/python3.10/dist-packages/uf_interfaces/uf_interfaces_s__rosidl_typesupport_introspection_c.cpython-310-x86_64-linux-gnu.so
[27.077s] -- Up-to-date symlink: /home/wyatt/ros2_ws/install/uf_interfaces/local/lib/python3.10/dist-packages/uf_interfaces/uf_interfaces_s__rosidl_typesupport_c.cpython-310-x86_64-linux-gnu.so
[27.078s] -- Symlinking: /home/wyatt/ros2_ws/install/uf_interfaces/share/uf_interfaces/action/Defend.idl
[27.090s] -- Symlinking: /home/wyatt/ros2_ws/install/uf_interfaces/share/uf_interfaces/action/Herd.idl
[27.102s] -- Symlinking: /home/wyatt/ros2_ws/install/uf_interfaces/share/uf_interfaces/msg/Position.idl
[27.113s] -- Symlinking: /home/wyatt/ros2_ws/install/uf_interfaces/share/uf_interfaces/srv/TaskAssign.idl
[27.124s] -- Symlinking: /home/wyatt/ros2_ws/install/uf_interfaces/share/uf_interfaces/srv/GeoConv.idl
[27.135s] -- Symlinking: /home/wyatt/ros2_ws/install/uf_interfaces/share/uf_interfaces/action/Defend.action
[27.147s] -- Symlinking: /home/wyatt/ros2_ws/install/uf_interfaces/share/uf_interfaces/action/Herd.action
[27.158s] -- Symlinking: /home/wyatt/ros2_ws/install/uf_interfaces/share/uf_interfaces/msg/Position.msg
[27.171s] -- Symlinking: /home/wyatt/ros2_ws/install/uf_interfaces/share/uf_interfaces/srv/TaskAssign.srv
[27.184s] -- Symlinking: /home/wyatt/ros2_ws/install/uf_interfaces/share/uf_interfaces/srv/TaskAssign_Request.msg
[27.195s] -- Symlinking: /home/wyatt/ros2_ws/install/uf_interfaces/share/uf_interfaces/srv/TaskAssign_Response.msg
[27.207s] -- Symlinking: /home/wyatt/ros2_ws/install/uf_interfaces/share/uf_interfaces/srv/GeoConv.srv
[27.218s] -- Symlinking: /home/wyatt/ros2_ws/install/uf_interfaces/share/uf_interfaces/srv/GeoConv_Request.msg
[27.229s] -- Symlinking: /home/wyatt/ros2_ws/install/uf_interfaces/share/uf_interfaces/srv/GeoConv_Response.msg
[27.240s] -- Symlinking: /home/wyatt/ros2_ws/install/uf_interfaces/share/ament_index/resource_index/package_run_dependencies/uf_interfaces
[27.252s] -- Symlinking: /home/wyatt/ros2_ws/install/uf_interfaces/share/ament_index/resource_index/parent_prefix_path/uf_interfaces
[27.263s] -- Symlinking: /home/wyatt/ros2_ws/install/uf_interfaces/share/uf_interfaces/environment/ament_prefix_path.sh
[27.277s] -- Symlinking: /home/wyatt/ros2_ws/install/uf_interfaces/share/uf_interfaces/environment/ament_prefix_path.dsv
[27.289s] -- Symlinking: /home/wyatt/ros2_ws/install/uf_interfaces/share/uf_interfaces/environment/path.sh
[27.300s] -- Symlinking: /home/wyatt/ros2_ws/install/uf_interfaces/share/uf_interfaces/environment/path.dsv
[27.312s] -- Symlinking: /home/wyatt/ros2_ws/install/uf_interfaces/share/uf_interfaces/local_setup.bash
[27.323s] -- Symlinking: /home/wyatt/ros2_ws/install/uf_interfaces/share/uf_interfaces/local_setup.sh
[27.335s] -- Symlinking: /home/wyatt/ros2_ws/install/uf_interfaces/share/uf_interfaces/local_setup.zsh
[27.346s] -- Symlinking: /home/wyatt/ros2_ws/install/uf_interfaces/share/uf_interfaces/local_setup.dsv
[27.358s] -- Symlinking: /home/wyatt/ros2_ws/install/uf_interfaces/share/uf_interfaces/package.dsv
[27.371s] -- Symlinking: /home/wyatt/ros2_ws/install/uf_interfaces/share/ament_index/resource_index/packages/uf_interfaces
[27.383s] -- Symlinking: /home/wyatt/ros2_ws/install/uf_interfaces/share/uf_interfaces/cmake/rosidl_cmake-extras.cmake
[27.395s] -- Symlinking: /home/wyatt/ros2_ws/install/uf_interfaces/share/uf_interfaces/cmake/ament_cmake_export_dependencies-extras.cmake
[27.406s] -- Symlinking: /home/wyatt/ros2_ws/install/uf_interfaces/share/uf_interfaces/cmake/ament_cmake_export_include_directories-extras.cmake
[27.417s] -- Symlinking: /home/wyatt/ros2_ws/install/uf_interfaces/share/uf_interfaces/cmake/ament_cmake_export_libraries-extras.cmake
[27.429s] -- Symlinking: /home/wyatt/ros2_ws/install/uf_interfaces/share/uf_interfaces/cmake/ament_cmake_export_targets-extras.cmake
[27.443s] -- Symlinking: /home/wyatt/ros2_ws/install/uf_interfaces/share/uf_interfaces/cmake/rosidl_cmake_export_typesupport_targets-extras.cmake
[27.454s] -- Symlinking: /home/wyatt/ros2_ws/install/uf_interfaces/share/uf_interfaces/cmake/rosidl_cmake_export_typesupport_libraries-extras.cmake
[27.467s] -- Symlinking: /home/wyatt/ros2_ws/install/uf_interfaces/share/uf_interfaces/cmake/uf_interfacesConfig.cmake
[27.479s] -- Symlinking: /home/wyatt/ros2_ws/install/uf_interfaces/share/uf_interfaces/cmake/uf_interfacesConfig-version.cmake
[27.491s] -- Symlinking: /home/wyatt/ros2_ws/install/uf_interfaces/share/uf_interfaces/package.xml
[27.503s] -- Installing: /home/wyatt/ros2_ws/install/uf_interfaces/lib/libuf_interfaces__rosidl_generator_c.so
[27.504s] -- Set runtime path of "/home/wyatt/ros2_ws/install/uf_interfaces/lib/libuf_interfaces__rosidl_generator_c.so" to ""
[27.504s] -- Installing: /home/wyatt/ros2_ws/install/uf_interfaces/lib/libuf_interfaces__rosidl_typesupport_fastrtps_c.so
[27.505s] -- Set runtime path of "/home/wyatt/ros2_ws/install/uf_interfaces/lib/libuf_interfaces__rosidl_typesupport_fastrtps_c.so" to ""
[27.505s] -- Installing: /home/wyatt/ros2_ws/install/uf_interfaces/lib/libuf_interfaces__rosidl_typesupport_fastrtps_cpp.so
[27.506s] -- Set runtime path of "/home/wyatt/ros2_ws/install/uf_interfaces/lib/libuf_interfaces__rosidl_typesupport_fastrtps_cpp.so" to ""
[27.506s] -- Installing: /home/wyatt/ros2_ws/install/uf_interfaces/lib/libuf_interfaces__rosidl_typesupport_introspection_c.so
[27.507s] -- Set runtime path of "/home/wyatt/ros2_ws/install/uf_interfaces/lib/libuf_interfaces__rosidl_typesupport_introspection_c.so" to ""
[27.507s] -- Installing: /home/wyatt/ros2_ws/install/uf_interfaces/lib/libuf_interfaces__rosidl_typesupport_c.so
[27.508s] -- Set runtime path of "/home/wyatt/ros2_ws/install/uf_interfaces/lib/libuf_interfaces__rosidl_typesupport_c.so" to ""
[27.508s] -- Installing: /home/wyatt/ros2_ws/install/uf_interfaces/lib/libuf_interfaces__rosidl_typesupport_introspection_cpp.so
[27.509s] -- Set runtime path of "/home/wyatt/ros2_ws/install/uf_interfaces/lib/libuf_interfaces__rosidl_typesupport_introspection_cpp.so" to ""
[27.509s] -- Installing: /home/wyatt/ros2_ws/install/uf_interfaces/lib/libuf_interfaces__rosidl_typesupport_cpp.so
[27.510s] -- Set runtime path of "/home/wyatt/ros2_ws/install/uf_interfaces/lib/libuf_interfaces__rosidl_typesupport_cpp.so" to ""
[27.579s] Listing '/home/wyatt/ros2_ws/install/uf_interfaces/local/lib/python3.10/dist-packages/uf_interfaces'...
[27.580s] Compiling '/home/wyatt/ros2_ws/install/uf_interfaces/local/lib/python3.10/dist-packages/uf_interfaces/__init__.py'...
[27.580s] Listing '/home/wyatt/ros2_ws/install/uf_interfaces/local/lib/python3.10/dist-packages/uf_interfaces/action'...
[27.580s] Compiling '/home/wyatt/ros2_ws/install/uf_interfaces/local/lib/python3.10/dist-packages/uf_interfaces/action/__init__.py'...
[27.580s] Compiling '/home/wyatt/ros2_ws/install/uf_interfaces/local/lib/python3.10/dist-packages/uf_interfaces/action/_defend.py'...
[27.580s] Compiling '/home/wyatt/ros2_ws/install/uf_interfaces/local/lib/python3.10/dist-packages/uf_interfaces/action/_herd.py'...
[27.581s] Listing '/home/wyatt/ros2_ws/install/uf_interfaces/local/lib/python3.10/dist-packages/uf_interfaces/msg'...
[27.581s] Compiling '/home/wyatt/ros2_ws/install/uf_interfaces/local/lib/python3.10/dist-packages/uf_interfaces/msg/__init__.py'...
[27.581s] Compiling '/home/wyatt/ros2_ws/install/uf_interfaces/local/lib/python3.10/dist-packages/uf_interfaces/msg/_position.py'...
[27.581s] Listing '/home/wyatt/ros2_ws/install/uf_interfaces/local/lib/python3.10/dist-packages/uf_interfaces/srv'...
[27.581s] Compiling '/home/wyatt/ros2_ws/install/uf_interfaces/local/lib/python3.10/dist-packages/uf_interfaces/srv/__init__.py'...
[27.582s] Compiling '/home/wyatt/ros2_ws/install/uf_interfaces/local/lib/python3.10/dist-packages/uf_interfaces/srv/_geo_conv.py'...
[27.582s] Compiling '/home/wyatt/ros2_ws/install/uf_interfaces/local/lib/python3.10/dist-packages/uf_interfaces/srv/_task_assign.py'...
[27.589s] -- Installing: /home/wyatt/ros2_ws/install/uf_interfaces/lib/libuf_interfaces__rosidl_generator_py.so
[27.589s] -- Set runtime path of "/home/wyatt/ros2_ws/install/uf_interfaces/lib/libuf_interfaces__rosidl_generator_py.so" to ""
[27.590s] -- Installing: /home/wyatt/ros2_ws/install/uf_interfaces/share/uf_interfaces/cmake/export_uf_interfaces__rosidl_generator_cExport.cmake
[27.590s] -- Installing: /home/wyatt/ros2_ws/install/uf_interfaces/share/uf_interfaces/cmake/export_uf_interfaces__rosidl_generator_cExport-noconfig.cmake
[27.590s] -- Installing: /home/wyatt/ros2_ws/install/uf_interfaces/share/uf_interfaces/cmake/export_uf_interfaces__rosidl_typesupport_fastrtps_cExport.cmake
[27.590s] -- Installing: /home/wyatt/ros2_ws/install/uf_interfaces/share/uf_interfaces/cmake/export_uf_interfaces__rosidl_typesupport_fastrtps_cExport-noconfig.cmake
[27.591s] -- Installing: /home/wyatt/ros2_ws/install/uf_interfaces/share/uf_interfaces/cmake/export_uf_interfaces__rosidl_generator_cppExport.cmake
[27.591s] -- Installing: /home/wyatt/ros2_ws/install/uf_interfaces/share/uf_interfaces/cmake/export_uf_interfaces__rosidl_typesupport_fastrtps_cppExport.cmake
[27.591s] -- Installing: /home/wyatt/ros2_ws/install/uf_interfaces/share/uf_interfaces/cmake/export_uf_interfaces__rosidl_typesupport_fastrtps_cppExport-noconfig.cmake
[27.591s] -- Installing: /home/wyatt/ros2_ws/install/uf_interfaces/share/uf_interfaces/cmake/uf_interfaces__rosidl_typesupport_introspection_cExport.cmake
[27.591s] -- Installing: /home/wyatt/ros2_ws/install/uf_interfaces/share/uf_interfaces/cmake/uf_interfaces__rosidl_typesupport_introspection_cExport-noconfig.cmake
[27.592s] -- Installing: /home/wyatt/ros2_ws/install/uf_interfaces/share/uf_interfaces/cmake/uf_interfaces__rosidl_typesupport_cExport.cmake
[27.592s] -- Installing: /home/wyatt/ros2_ws/install/uf_interfaces/share/uf_interfaces/cmake/uf_interfaces__rosidl_typesupport_cExport-noconfig.cmake
[27.592s] -- Installing: /home/wyatt/ros2_ws/install/uf_interfaces/share/uf_interfaces/cmake/uf_interfaces__rosidl_typesupport_introspection_cppExport.cmake
[27.593s] -- Installing: /home/wyatt/ros2_ws/install/uf_interfaces/share/uf_interfaces/cmake/uf_interfaces__rosidl_typesupport_introspection_cppExport-noconfig.cmake
[27.593s] -- Installing: /home/wyatt/ros2_ws/install/uf_interfaces/share/uf_interfaces/cmake/uf_interfaces__rosidl_typesupport_cppExport.cmake
[27.593s] -- Installing: /home/wyatt/ros2_ws/install/uf_interfaces/share/uf_interfaces/cmake/uf_interfaces__rosidl_typesupport_cppExport-noconfig.cmake
[27.594s] -- Installing: /home/wyatt/ros2_ws/install/uf_interfaces/share/uf_interfaces/cmake/export_uf_interfaces__rosidl_generator_pyExport.cmake
[27.594s] -- Installing: /home/wyatt/ros2_ws/install/uf_interfaces/share/uf_interfaces/cmake/export_uf_interfaces__rosidl_generator_pyExport-noconfig.cmake
[27.603s] Invoked command in '/home/wyatt/ros2_ws/build/uf_interfaces' returned '0': CMAKE_PREFIX_PATH=/opt/ros/humble /usr/bin/cmake --install /home/wyatt/ros2_ws/build/uf_interfaces
