[1.318s] Invoking command in '/home/wyatt/ros2_ws/src/wind_speed_package': PYTHONPATH=/home/wyatt/ros2_ws/build/wind_speed_package/prefix_override:/usr/lib/python3/dist-packages/colcon_core/task/python/colcon_distutils_commands:/home/wyatt/ros2_ws/install/wind_speed_package/lib/python3.10/site-packages:${PYTHONPATH} /usr/bin/python3 -W ignore:setup.py install is deprecated setup.py egg_info --egg-base ../../build/wind_speed_package build --build-base /home/wyatt/ros2_ws/build/wind_speed_package/build install --record /home/wyatt/ros2_ws/build/wind_speed_package/install.log --single-version-externally-managed install_data
[1.844s] running egg_info
[1.846s] creating ../../build/wind_speed_package/wind_speed_package.egg-info
[1.848s] writing ../../build/wind_speed_package/wind_speed_package.egg-info/PKG-INFO
[1.848s] writing dependency_links to ../../build/wind_speed_package/wind_speed_package.egg-info/dependency_links.txt
[1.848s] writing entry points to ../../build/wind_speed_package/wind_speed_package.egg-info/entry_points.txt
[1.849s] writing requirements to ../../build/wind_speed_package/wind_speed_package.egg-info/requires.txt
[1.849s] writing top-level names to ../../build/wind_speed_package/wind_speed_package.egg-info/top_level.txt
[1.849s] writing manifest file '../../build/wind_speed_package/wind_speed_package.egg-info/SOURCES.txt'
[1.850s] reading manifest file '../../build/wind_speed_package/wind_speed_package.egg-info/SOURCES.txt'
[1.852s] writing manifest file '../../build/wind_speed_package/wind_speed_package.egg-info/SOURCES.txt'
[1.853s] running build
[1.853s] running build_py
[1.854s] creating /home/wyatt/ros2_ws/build/wind_speed_package/build
[1.854s] creating /home/wyatt/ros2_ws/build/wind_speed_package/build/lib
[1.855s] creating /home/wyatt/ros2_ws/build/wind_speed_package/build/lib/wind_speed_package
[1.856s] copying wind_speed_package/__init__.py -> /home/wyatt/ros2_ws/build/wind_speed_package/build/lib/wind_speed_package
[1.856s] copying wind_speed_package/wind_speed_node.py -> /home/wyatt/ros2_ws/build/wind_speed_package/build/lib/wind_speed_package
[1.858s] running install
[1.858s] running install_lib
[1.859s] creating /home/wyatt/ros2_ws/install/wind_speed_package/lib/python3.10/site-packages/wind_speed_package
[1.860s] copying /home/wyatt/ros2_ws/build/wind_speed_package/build/lib/wind_speed_package/__init__.py -> /home/wyatt/ros2_ws/install/wind_speed_package/lib/python3.10/site-packages/wind_speed_package
[1.860s] copying /home/wyatt/ros2_ws/build/wind_speed_package/build/lib/wind_speed_package/wind_speed_node.py -> /home/wyatt/ros2_ws/install/wind_speed_package/lib/python3.10/site-packages/wind_speed_package
[1.861s] byte-compiling /home/wyatt/ros2_ws/install/wind_speed_package/lib/python3.10/site-packages/wind_speed_package/__init__.py to __init__.cpython-310.pyc
[1.861s] byte-compiling /home/wyatt/ros2_ws/install/wind_speed_package/lib/python3.10/site-packages/wind_speed_package/wind_speed_node.py to wind_speed_node.cpython-310.pyc
[1.862s] running install_data
[1.863s] creating /home/wyatt/ros2_ws/install/wind_speed_package/share/ament_index
[1.863s] creating /home/wyatt/ros2_ws/install/wind_speed_package/share/ament_index/resource_index
[1.863s] creating /home/wyatt/ros2_ws/install/wind_speed_package/share/ament_index/resource_index/packages
[1.863s] copying resource/wind_speed_package -> /home/wyatt/ros2_ws/install/wind_speed_package/share/ament_index/resource_index/packages
[1.863s] copying package.xml -> /home/wyatt/ros2_ws/install/wind_speed_package/share/wind_speed_package
[1.863s] running install_egg_info
[1.867s] Copying ../../build/wind_speed_package/wind_speed_package.egg-info to /home/wyatt/ros2_ws/install/wind_speed_package/lib/python3.10/site-packages/wind_speed_package-0.0.0-py3.10.egg-info
[1.868s] running install_scripts
[1.910s] Installing wind_speed_node script to /home/wyatt/ros2_ws/install/wind_speed_package/lib/wind_speed_package
[1.910s] writing list of installed files to '/home/wyatt/ros2_ws/build/wind_speed_package/install.log'
[1.952s] Invoked command in '/home/wyatt/ros2_ws/src/wind_speed_package' returned '0': PYTHONPATH=/home/wyatt/ros2_ws/build/wind_speed_package/prefix_override:/usr/lib/python3/dist-packages/colcon_core/task/python/colcon_distutils_commands:/home/wyatt/ros2_ws/install/wind_speed_package/lib/python3.10/site-packages:${PYTHONPATH} /usr/bin/python3 -W ignore:setup.py install is deprecated setup.py egg_info --egg-base ../../build/wind_speed_package build --build-base /home/wyatt/ros2_ws/build/wind_speed_package/build install --record /home/wyatt/ros2_ws/build/wind_speed_package/install.log --single-version-externally-managed install_data
