running egg_info
creating ../../../build/position_broadcaster/position_broadcaster.egg-info
writing ../../../build/position_broadcaster/position_broadcaster.egg-info/PKG-INFO
writing dependency_links to ../../../build/position_broadcaster/position_broadcaster.egg-info/dependency_links.txt
writing entry points to ../../../build/position_broadcaster/position_broadcaster.egg-info/entry_points.txt
writing requirements to ../../../build/position_broadcaster/position_broadcaster.egg-info/requires.txt
writing top-level names to ../../../build/position_broadcaster/position_broadcaster.egg-info/top_level.txt
writing manifest file '../../../build/position_broadcaster/position_broadcaster.egg-info/SOURCES.txt'
reading manifest file '../../../build/position_broadcaster/position_broadcaster.egg-info/SOURCES.txt'
writing manifest file '../../../build/position_broadcaster/position_broadcaster.egg-info/SOURCES.txt'
running build
running build_py
creating /home/wyatt/ros2_ws/build/position_broadcaster/build
creating /home/wyatt/ros2_ws/build/position_broadcaster/build/lib
creating /home/wyatt/ros2_ws/build/position_broadcaster/build/lib/position_broadcaster
copying position_broadcaster/__init__.py -> /home/wyatt/ros2_ws/build/position_broadcaster/build/lib/position_broadcaster
copying position_broadcaster/position_broadcaster_node.py -> /home/wyatt/ros2_ws/build/position_broadcaster/build/lib/position_broadcaster
running install
running install_lib
creating /home/wyatt/ros2_ws/install/position_broadcaster/lib/python3.10/site-packages/position_broadcaster
copying /home/wyatt/ros2_ws/build/position_broadcaster/build/lib/position_broadcaster/__init__.py -> /home/wyatt/ros2_ws/install/position_broadcaster/lib/python3.10/site-packages/position_broadcaster
copying /home/wyatt/ros2_ws/build/position_broadcaster/build/lib/position_broadcaster/position_broadcaster_node.py -> /home/wyatt/ros2_ws/install/position_broadcaster/lib/python3.10/site-packages/position_broadcaster
byte-compiling /home/wyatt/ros2_ws/install/position_broadcaster/lib/python3.10/site-packages/position_broadcaster/__init__.py to __init__.cpython-310.pyc
byte-compiling /home/wyatt/ros2_ws/install/position_broadcaster/lib/python3.10/site-packages/position_broadcaster/position_broadcaster_node.py to position_broadcaster_node.cpython-310.pyc
running install_data
creating /home/wyatt/ros2_ws/install/position_broadcaster/share/ament_index
creating /home/wyatt/ros2_ws/install/position_broadcaster/share/ament_index/resource_index
creating /home/wyatt/ros2_ws/install/position_broadcaster/share/ament_index/resource_index/packages
copying resource/position_broadcaster -> /home/wyatt/ros2_ws/install/position_broadcaster/share/ament_index/resource_index/packages
copying package.xml -> /home/wyatt/ros2_ws/install/position_broadcaster/share/position_broadcaster
creating /home/wyatt/ros2_ws/install/position_broadcaster/share/position_broadcaster/launch
copying launch/position_broadcaster_launch.py -> /home/wyatt/ros2_ws/install/position_broadcaster/share/position_broadcaster/launch
running install_egg_info
Copying ../../../build/position_broadcaster/position_broadcaster.egg-info to /home/wyatt/ros2_ws/install/position_broadcaster/lib/python3.10/site-packages/position_broadcaster-0.0.0-py3.10.egg-info
running install_scripts
Installing position_broadcaster_node script to /home/wyatt/ros2_ws/install/position_broadcaster/lib/position_broadcaster
writing list of installed files to '/home/wyatt/ros2_ws/build/position_broadcaster/install.log'
