[0.032s] Invoking command in '/home/wyatt/ros2_ws/build/uf_interfaces': CMAKE_PREFIX_PATH=${CMAKE_PREFIX_PATH}:/home/wyatt/ros2_ws/install/wind_speed_package:/home/wyatt/ros2_ws/install/vehicle_position_checker:/home/wyatt/ros2_ws/install/test_herding_pkg:/home/wyatt/ros2_ws/install/single_integrator_agent:/home/wyatt/ros2_ws/install/multi_agent_tracking_pkg:/home/wyatt/ros2_ws/install/matplotlib_sim:/home/wyatt/ros2_ws/install/jhyv_experiment_pkg:/home/wyatt/ros2_ws/install/herding_v1_package:/home/wyatt/ros2_ws/install/herding_control:/home/wyatt/ros2_ws/install/estop_button:/opt/ros/humble /usr/bin/cmake --build /home/wyatt/ros2_ws/build/uf_interfaces -- -j4 -l4
[0.167s] [ 11%] Built target uf_interfaces__rosidl_generator_c
[0.167s] [ 12%] Built target uf_interfaces__cpp
[0.203s] [ 12%] Built target ament_cmake_python_copy_uf_interfaces
[0.263s] [ 23%] Built target uf_interfaces__rosidl_typesupport_c
[0.268s] [ 34%] Built target uf_interfaces__rosidl_typesupport_introspection_c
[0.270s] [ 46%] Built target uf_interfaces__rosidl_typesupport_fastrtps_c
[0.352s] [ 57%] Built target uf_interfaces__rosidl_typesupport_introspection_cpp
[0.365s] [ 68%] Built target uf_interfaces__rosidl_typesupport_cpp
[0.387s] [ 79%] Built target uf_interfaces__rosidl_typesupport_fastrtps_cpp
[0.459s] [ 79%] Built target uf_interfaces
[0.528s] [ 80%] Built target uf_interfaces__py
[0.616s] [ 90%] Built target uf_interfaces__rosidl_generator_py
[0.694s] [ 95%] Built target uf_interfaces__rosidl_typesupport_fastrtps_c__pyext
[0.694s] [ 96%] Built target uf_interfaces__rosidl_typesupport_c__pyext
[0.697s] [100%] Built target uf_interfaces__rosidl_typesupport_introspection_c__pyext
[1.014s] running egg_info
[1.015s] writing uf_interfaces.egg-info/PKG-INFO
[1.015s] writing dependency_links to uf_interfaces.egg-info/dependency_links.txt
[1.015s] writing top-level names to uf_interfaces.egg-info/top_level.txt
[1.023s] reading manifest file 'uf_interfaces.egg-info/SOURCES.txt'
[1.024s] writing manifest file 'uf_interfaces.egg-info/SOURCES.txt'
[1.065s] [100%] Built target ament_cmake_python_build_uf_interfaces_egg
[1.531s] Invoked command in '/home/wyatt/ros2_ws/build/uf_interfaces' returned '0': CMAKE_PREFIX_PATH=${CMAKE_PREFIX_PATH}:/home/wyatt/ros2_ws/install/wind_speed_package:/home/wyatt/ros2_ws/install/vehicle_position_checker:/home/wyatt/ros2_ws/install/test_herding_pkg:/home/wyatt/ros2_ws/install/single_integrator_agent:/home/wyatt/ros2_ws/install/multi_agent_tracking_pkg:/home/wyatt/ros2_ws/install/matplotlib_sim:/home/wyatt/ros2_ws/install/jhyv_experiment_pkg:/home/wyatt/ros2_ws/install/herding_v1_package:/home/wyatt/ros2_ws/install/herding_control:/home/wyatt/ros2_ws/install/estop_button:/opt/ros/humble /usr/bin/cmake --build /home/wyatt/ros2_ws/build/uf_interfaces -- -j4 -l4
[1.886s] Invoking command in '/home/wyatt/ros2_ws/build/uf_interfaces': CMAKE_PREFIX_PATH=${CMAKE_PREFIX_PATH}:/home/wyatt/ros2_ws/install/wind_speed_package:/home/wyatt/ros2_ws/install/vehicle_position_checker:/home/wyatt/ros2_ws/install/test_herding_pkg:/home/wyatt/ros2_ws/install/single_integrator_agent:/home/wyatt/ros2_ws/install/multi_agent_tracking_pkg:/home/wyatt/ros2_ws/install/matplotlib_sim:/home/wyatt/ros2_ws/install/jhyv_experiment_pkg:/home/wyatt/ros2_ws/install/herding_v1_package:/home/wyatt/ros2_ws/install/herding_control:/home/wyatt/ros2_ws/install/estop_button:/opt/ros/humble /usr/bin/cmake --install /home/wyatt/ros2_ws/build/uf_interfaces
[1.910s] -- Install configuration: ""
[1.911s] -- Up-to-date: /home/wyatt/ros2_ws/install/uf_interfaces/share/ament_index/resource_index/rosidl_interfaces/uf_interfaces
[1.911s] -- Up-to-date: /home/wyatt/ros2_ws/install/uf_interfaces/include/uf_interfaces/uf_interfaces
[1.912s] -- Up-to-date: /home/wyatt/ros2_ws/install/uf_interfaces/include/uf_interfaces/uf_interfaces/msg
[1.912s] -- Up-to-date: /home/wyatt/ros2_ws/install/uf_interfaces/include/uf_interfaces/uf_interfaces/msg/position.h
[1.913s] -- Up-to-date: /home/wyatt/ros2_ws/install/uf_interfaces/include/uf_interfaces/uf_interfaces/msg/rosidl_generator_c__visibility_control.h
[1.913s] -- Up-to-date: /home/wyatt/ros2_ws/install/uf_interfaces/include/uf_interfaces/uf_interfaces/msg/detail
[1.913s] -- Up-to-date: /home/wyatt/ros2_ws/install/uf_interfaces/include/uf_interfaces/uf_interfaces/msg/detail/position__functions.c
[1.913s] -- Up-to-date: /home/wyatt/ros2_ws/install/uf_interfaces/include/uf_interfaces/uf_interfaces/msg/detail/position__functions.h
[1.914s] -- Up-to-date: /home/wyatt/ros2_ws/install/uf_interfaces/include/uf_interfaces/uf_interfaces/msg/detail/position__type_support.h
[1.915s] -- Up-to-date: /home/wyatt/ros2_ws/install/uf_interfaces/include/uf_interfaces/uf_interfaces/msg/detail/position__struct.h
[1.915s] -- Up-to-date: /home/wyatt/ros2_ws/install/uf_interfaces/include/uf_interfaces/uf_interfaces/srv
[1.915s] -- Up-to-date: /home/wyatt/ros2_ws/install/uf_interfaces/include/uf_interfaces/uf_interfaces/srv/geo_conv.h
[1.915s] -- Up-to-date: /home/wyatt/ros2_ws/install/uf_interfaces/include/uf_interfaces/uf_interfaces/srv/task_assign.h
[1.915s] -- Up-to-date: /home/wyatt/ros2_ws/install/uf_interfaces/include/uf_interfaces/uf_interfaces/srv/detail
[1.915s] -- Up-to-date: /home/wyatt/ros2_ws/install/uf_interfaces/include/uf_interfaces/uf_interfaces/srv/detail/geo_conv__functions.c
[1.915s] -- Up-to-date: /home/wyatt/ros2_ws/install/uf_interfaces/include/uf_interfaces/uf_interfaces/srv/detail/geo_conv__type_support.h
[1.916s] -- Up-to-date: /home/wyatt/ros2_ws/install/uf_interfaces/include/uf_interfaces/uf_interfaces/srv/detail/geo_conv__functions.h
[1.916s] -- Up-to-date: /home/wyatt/ros2_ws/install/uf_interfaces/include/uf_interfaces/uf_interfaces/srv/detail/task_assign__functions.h
[1.916s] -- Up-to-date: /home/wyatt/ros2_ws/install/uf_interfaces/include/uf_interfaces/uf_interfaces/srv/detail/task_assign__struct.h
[1.920s] -- Up-to-date: /home/wyatt/ros2_ws/install/uf_interfaces/include/uf_interfaces/uf_interfaces/srv/detail/geo_conv__struct.h
[1.920s] -- Up-to-date: /home/wyatt/ros2_ws/install/uf_interfaces/include/uf_interfaces/uf_interfaces/srv/detail/task_assign__functions.c
[1.921s] -- Up-to-date: /home/wyatt/ros2_ws/install/uf_interfaces/include/uf_interfaces/uf_interfaces/srv/detail/task_assign__type_support.h
[1.921s] -- Up-to-date: /home/wyatt/ros2_ws/install/uf_interfaces/include/uf_interfaces/uf_interfaces/action
[1.921s] -- Up-to-date: /home/wyatt/ros2_ws/install/uf_interfaces/include/uf_interfaces/uf_interfaces/action/defend.h
[1.921s] -- Up-to-date: /home/wyatt/ros2_ws/install/uf_interfaces/include/uf_interfaces/uf_interfaces/action/herd.h
[1.921s] -- Up-to-date: /home/wyatt/ros2_ws/install/uf_interfaces/include/uf_interfaces/uf_interfaces/action/detail
[1.921s] -- Up-to-date: /home/wyatt/ros2_ws/install/uf_interfaces/include/uf_interfaces/uf_interfaces/action/detail/herd__functions.h
[1.926s] -- Up-to-date: /home/wyatt/ros2_ws/install/uf_interfaces/include/uf_interfaces/uf_interfaces/action/detail/defend__type_support.h
[1.926s] -- Up-to-date: /home/wyatt/ros2_ws/install/uf_interfaces/include/uf_interfaces/uf_interfaces/action/detail/defend__functions.h
[1.926s] -- Up-to-date: /home/wyatt/ros2_ws/install/uf_interfaces/include/uf_interfaces/uf_interfaces/action/detail/herd__struct.h
[1.926s] -- Up-to-date: /home/wyatt/ros2_ws/install/uf_interfaces/include/uf_interfaces/uf_interfaces/action/detail/defend__struct.h
[1.926s] -- Up-to-date: /home/wyatt/ros2_ws/install/uf_interfaces/include/uf_interfaces/uf_interfaces/action/detail/herd__functions.c
[1.930s] -- Up-to-date: /home/wyatt/ros2_ws/install/uf_interfaces/include/uf_interfaces/uf_interfaces/action/detail/defend__functions.c
[1.931s] -- Up-to-date: /home/wyatt/ros2_ws/install/uf_interfaces/include/uf_interfaces/uf_interfaces/action/detail/herd__type_support.h
[1.931s] -- Up-to-date: /home/wyatt/ros2_ws/install/uf_interfaces/share/uf_interfaces/environment/library_path.sh
[1.931s] -- Up-to-date: /home/wyatt/ros2_ws/install/uf_interfaces/share/uf_interfaces/environment/library_path.dsv
[1.931s] -- Up-to-date: /home/wyatt/ros2_ws/install/uf_interfaces/lib/libuf_interfaces__rosidl_generator_c.so
[1.931s] -- Up-to-date: /home/wyatt/ros2_ws/install/uf_interfaces/include/uf_interfaces/uf_interfaces
[1.932s] -- Up-to-date: /home/wyatt/ros2_ws/install/uf_interfaces/include/uf_interfaces/uf_interfaces/msg
[1.932s] -- Up-to-date: /home/wyatt/ros2_ws/install/uf_interfaces/include/uf_interfaces/uf_interfaces/msg/rosidl_typesupport_fastrtps_c__visibility_control.h
[1.933s] -- Up-to-date: /home/wyatt/ros2_ws/install/uf_interfaces/include/uf_interfaces/uf_interfaces/msg/detail
[1.933s] -- Up-to-date: /home/wyatt/ros2_ws/install/uf_interfaces/include/uf_interfaces/uf_interfaces/msg/detail/position__rosidl_typesupport_fastrtps_c.h
[1.933s] -- Up-to-date: /home/wyatt/ros2_ws/install/uf_interfaces/include/uf_interfaces/uf_interfaces/srv
[1.933s] -- Up-to-date: /home/wyatt/ros2_ws/install/uf_interfaces/include/uf_interfaces/uf_interfaces/srv/detail
[1.933s] -- Up-to-date: /home/wyatt/ros2_ws/install/uf_interfaces/include/uf_interfaces/uf_interfaces/srv/detail/geo_conv__rosidl_typesupport_fastrtps_c.h
[1.933s] -- Up-to-date: /home/wyatt/ros2_ws/install/uf_interfaces/include/uf_interfaces/uf_interfaces/srv/detail/task_assign__rosidl_typesupport_fastrtps_c.h
[1.933s] -- Up-to-date: /home/wyatt/ros2_ws/install/uf_interfaces/include/uf_interfaces/uf_interfaces/action
[1.934s] -- Up-to-date: /home/wyatt/ros2_ws/install/uf_interfaces/include/uf_interfaces/uf_interfaces/action/detail
[1.934s] -- Up-to-date: /home/wyatt/ros2_ws/install/uf_interfaces/include/uf_interfaces/uf_interfaces/action/detail/defend__rosidl_typesupport_fastrtps_c.h
[1.934s] -- Up-to-date: /home/wyatt/ros2_ws/install/uf_interfaces/include/uf_interfaces/uf_interfaces/action/detail/herd__rosidl_typesupport_fastrtps_c.h
[1.934s] -- Up-to-date: /home/wyatt/ros2_ws/install/uf_interfaces/lib/libuf_interfaces__rosidl_typesupport_fastrtps_c.so
[1.934s] -- Up-to-date: /home/wyatt/ros2_ws/install/uf_interfaces/include/uf_interfaces/uf_interfaces
[1.934s] -- Up-to-date: /home/wyatt/ros2_ws/install/uf_interfaces/include/uf_interfaces/uf_interfaces/msg
[1.941s] -- Up-to-date: /home/wyatt/ros2_ws/install/uf_interfaces/include/uf_interfaces/uf_interfaces/msg/position.hpp
[1.941s] -- Up-to-date: /home/wyatt/ros2_ws/install/uf_interfaces/include/uf_interfaces/uf_interfaces/msg/detail
[1.941s] -- Up-to-date: /home/wyatt/ros2_ws/install/uf_interfaces/include/uf_interfaces/uf_interfaces/msg/detail/position__traits.hpp
[1.941s] -- Up-to-date: /home/wyatt/ros2_ws/install/uf_interfaces/include/uf_interfaces/uf_interfaces/msg/detail/position__builder.hpp
[1.944s] -- Up-to-date: /home/wyatt/ros2_ws/install/uf_interfaces/include/uf_interfaces/uf_interfaces/msg/detail/position__struct.hpp
[1.944s] -- Up-to-date: /home/wyatt/ros2_ws/install/uf_interfaces/include/uf_interfaces/uf_interfaces/srv
[1.945s] -- Up-to-date: /home/wyatt/ros2_ws/install/uf_interfaces/include/uf_interfaces/uf_interfaces/srv/task_assign.hpp
[1.945s] -- Up-to-date: /home/wyatt/ros2_ws/install/uf_interfaces/include/uf_interfaces/uf_interfaces/srv/geo_conv.hpp
[1.945s] -- Up-to-date: /home/wyatt/ros2_ws/install/uf_interfaces/include/uf_interfaces/uf_interfaces/srv/detail
[1.945s] -- Up-to-date: /home/wyatt/ros2_ws/install/uf_interfaces/include/uf_interfaces/uf_interfaces/srv/detail/geo_conv__traits.hpp
[1.945s] -- Up-to-date: /home/wyatt/ros2_ws/install/uf_interfaces/include/uf_interfaces/uf_interfaces/srv/detail/task_assign__builder.hpp
[1.949s] -- Up-to-date: /home/wyatt/ros2_ws/install/uf_interfaces/include/uf_interfaces/uf_interfaces/srv/detail/task_assign__struct.hpp
[1.950s] -- Up-to-date: /home/wyatt/ros2_ws/install/uf_interfaces/include/uf_interfaces/uf_interfaces/srv/detail/geo_conv__builder.hpp
[1.950s] -- Up-to-date: /home/wyatt/ros2_ws/install/uf_interfaces/include/uf_interfaces/uf_interfaces/srv/detail/geo_conv__struct.hpp
[1.950s] -- Up-to-date: /home/wyatt/ros2_ws/install/uf_interfaces/include/uf_interfaces/uf_interfaces/srv/detail/task_assign__traits.hpp
[1.950s] -- Up-to-date: /home/wyatt/ros2_ws/install/uf_interfaces/include/uf_interfaces/uf_interfaces/action
[1.950s] -- Up-to-date: /home/wyatt/ros2_ws/install/uf_interfaces/include/uf_interfaces/uf_interfaces/action/defend.hpp
[1.951s] -- Up-to-date: /home/wyatt/ros2_ws/install/uf_interfaces/include/uf_interfaces/uf_interfaces/action/herd.hpp
[1.951s] -- Up-to-date: /home/wyatt/ros2_ws/install/uf_interfaces/include/uf_interfaces/uf_interfaces/action/detail
[1.952s] -- Up-to-date: /home/wyatt/ros2_ws/install/uf_interfaces/include/uf_interfaces/uf_interfaces/action/detail/herd__traits.hpp
[1.952s] -- Up-to-date: /home/wyatt/ros2_ws/install/uf_interfaces/include/uf_interfaces/uf_interfaces/action/detail/defend__builder.hpp
[1.952s] -- Up-to-date: /home/wyatt/ros2_ws/install/uf_interfaces/include/uf_interfaces/uf_interfaces/action/detail/herd__builder.hpp
[1.952s] -- Up-to-date: /home/wyatt/ros2_ws/install/uf_interfaces/include/uf_interfaces/uf_interfaces/action/detail/herd__struct.hpp
[1.952s] -- Up-to-date: /home/wyatt/ros2_ws/install/uf_interfaces/include/uf_interfaces/uf_interfaces/action/detail/defend__traits.hpp
[1.952s] -- Up-to-date: /home/wyatt/ros2_ws/install/uf_interfaces/include/uf_interfaces/uf_interfaces/action/detail/defend__struct.hpp
[1.952s] -- Up-to-date: /home/wyatt/ros2_ws/install/uf_interfaces/include/uf_interfaces/uf_interfaces
[1.955s] -- Up-to-date: /home/wyatt/ros2_ws/install/uf_interfaces/include/uf_interfaces/uf_interfaces/msg
[1.956s] -- Up-to-date: /home/wyatt/ros2_ws/install/uf_interfaces/include/uf_interfaces/uf_interfaces/msg/rosidl_typesupport_fastrtps_cpp__visibility_control.h
[1.956s] -- Up-to-date: /home/wyatt/ros2_ws/install/uf_interfaces/include/uf_interfaces/uf_interfaces/msg/detail
[1.956s] -- Up-to-date: /home/wyatt/ros2_ws/install/uf_interfaces/include/uf_interfaces/uf_interfaces/msg/detail/position__rosidl_typesupport_fastrtps_cpp.hpp
[1.956s] -- Up-to-date: /home/wyatt/ros2_ws/install/uf_interfaces/include/uf_interfaces/uf_interfaces/msg/detail/dds_fastrtps
[1.956s] -- Up-to-date: /home/wyatt/ros2_ws/install/uf_interfaces/include/uf_interfaces/uf_interfaces/srv
[1.956s] -- Up-to-date: /home/wyatt/ros2_ws/install/uf_interfaces/include/uf_interfaces/uf_interfaces/srv/detail
[1.956s] -- Up-to-date: /home/wyatt/ros2_ws/install/uf_interfaces/include/uf_interfaces/uf_interfaces/srv/detail/task_assign__rosidl_typesupport_fastrtps_cpp.hpp
[1.956s] -- Up-to-date: /home/wyatt/ros2_ws/install/uf_interfaces/include/uf_interfaces/uf_interfaces/srv/detail/dds_fastrtps
[1.957s] -- Up-to-date: /home/wyatt/ros2_ws/install/uf_interfaces/include/uf_interfaces/uf_interfaces/srv/detail/geo_conv__rosidl_typesupport_fastrtps_cpp.hpp
[1.957s] -- Up-to-date: /home/wyatt/ros2_ws/install/uf_interfaces/include/uf_interfaces/uf_interfaces/action
[1.957s] -- Up-to-date: /home/wyatt/ros2_ws/install/uf_interfaces/include/uf_interfaces/uf_interfaces/action/detail
[1.957s] -- Up-to-date: /home/wyatt/ros2_ws/install/uf_interfaces/include/uf_interfaces/uf_interfaces/action/detail/defend__rosidl_typesupport_fastrtps_cpp.hpp
[1.957s] -- Up-to-date: /home/wyatt/ros2_ws/install/uf_interfaces/include/uf_interfaces/uf_interfaces/action/detail/herd__rosidl_typesupport_fastrtps_cpp.hpp
[1.957s] -- Up-to-date: /home/wyatt/ros2_ws/install/uf_interfaces/include/uf_interfaces/uf_interfaces/action/detail/dds_fastrtps
[1.965s] -- Up-to-date: /home/wyatt/ros2_ws/install/uf_interfaces/lib/libuf_interfaces__rosidl_typesupport_fastrtps_cpp.so
[1.965s] -- Up-to-date: /home/wyatt/ros2_ws/install/uf_interfaces/include/uf_interfaces/uf_interfaces
[1.966s] -- Up-to-date: /home/wyatt/ros2_ws/install/uf_interfaces/include/uf_interfaces/uf_interfaces/msg
[1.966s] -- Up-to-date: /home/wyatt/ros2_ws/install/uf_interfaces/include/uf_interfaces/uf_interfaces/msg/rosidl_typesupport_introspection_c__visibility_control.h
[1.966s] -- Up-to-date: /home/wyatt/ros2_ws/install/uf_interfaces/include/uf_interfaces/uf_interfaces/msg/detail
[1.966s] -- Up-to-date: /home/wyatt/ros2_ws/install/uf_interfaces/include/uf_interfaces/uf_interfaces/msg/detail/position__type_support.c
[1.966s] -- Up-to-date: /home/wyatt/ros2_ws/install/uf_interfaces/include/uf_interfaces/uf_interfaces/msg/detail/position__rosidl_typesupport_introspection_c.h
[1.966s] -- Up-to-date: /home/wyatt/ros2_ws/install/uf_interfaces/include/uf_interfaces/uf_interfaces/srv
[1.966s] -- Up-to-date: /home/wyatt/ros2_ws/install/uf_interfaces/include/uf_interfaces/uf_interfaces/srv/detail
[1.967s] -- Up-to-date: /home/wyatt/ros2_ws/install/uf_interfaces/include/uf_interfaces/uf_interfaces/srv/detail/geo_conv__rosidl_typesupport_introspection_c.h
[1.967s] -- Up-to-date: /home/wyatt/ros2_ws/install/uf_interfaces/include/uf_interfaces/uf_interfaces/srv/detail/task_assign__rosidl_typesupport_introspection_c.h
[1.967s] -- Up-to-date: /home/wyatt/ros2_ws/install/uf_interfaces/include/uf_interfaces/uf_interfaces/srv/detail/task_assign__type_support.c
[1.967s] -- Up-to-date: /home/wyatt/ros2_ws/install/uf_interfaces/include/uf_interfaces/uf_interfaces/srv/detail/geo_conv__type_support.c
[1.967s] -- Up-to-date: /home/wyatt/ros2_ws/install/uf_interfaces/include/uf_interfaces/uf_interfaces/action
[1.967s] -- Up-to-date: /home/wyatt/ros2_ws/install/uf_interfaces/include/uf_interfaces/uf_interfaces/action/detail
[1.970s] -- Up-to-date: /home/wyatt/ros2_ws/install/uf_interfaces/include/uf_interfaces/uf_interfaces/action/detail/defend__rosidl_typesupport_introspection_c.h
[1.971s] -- Up-to-date: /home/wyatt/ros2_ws/install/uf_interfaces/include/uf_interfaces/uf_interfaces/action/detail/herd__rosidl_typesupport_introspection_c.h
[1.971s] -- Up-to-date: /home/wyatt/ros2_ws/install/uf_interfaces/include/uf_interfaces/uf_interfaces/action/detail/defend__type_support.c
[1.971s] -- Up-to-date: /home/wyatt/ros2_ws/install/uf_interfaces/include/uf_interfaces/uf_interfaces/action/detail/herd__type_support.c
[1.971s] -- Up-to-date: /home/wyatt/ros2_ws/install/uf_interfaces/lib/libuf_interfaces__rosidl_typesupport_introspection_c.so
[1.973s] -- Up-to-date: /home/wyatt/ros2_ws/install/uf_interfaces/lib/libuf_interfaces__rosidl_typesupport_c.so
[1.973s] -- Up-to-date: /home/wyatt/ros2_ws/install/uf_interfaces/include/uf_interfaces/uf_interfaces
[1.973s] -- Up-to-date: /home/wyatt/ros2_ws/install/uf_interfaces/include/uf_interfaces/uf_interfaces/msg
[1.973s] -- Up-to-date: /home/wyatt/ros2_ws/install/uf_interfaces/include/uf_interfaces/uf_interfaces/msg/detail
[1.973s] -- Up-to-date: /home/wyatt/ros2_ws/install/uf_interfaces/include/uf_interfaces/uf_interfaces/msg/detail/position__rosidl_typesupport_introspection_cpp.hpp
[1.973s] -- Up-to-date: /home/wyatt/ros2_ws/install/uf_interfaces/include/uf_interfaces/uf_interfaces/msg/detail/position__type_support.cpp
[1.973s] -- Up-to-date: /home/wyatt/ros2_ws/install/uf_interfaces/include/uf_interfaces/uf_interfaces/srv
[1.974s] -- Up-to-date: /home/wyatt/ros2_ws/install/uf_interfaces/include/uf_interfaces/uf_interfaces/srv/detail
[1.974s] -- Up-to-date: /home/wyatt/ros2_ws/install/uf_interfaces/include/uf_interfaces/uf_interfaces/srv/detail/geo_conv__rosidl_typesupport_introspection_cpp.hpp
[1.974s] -- Up-to-date: /home/wyatt/ros2_ws/install/uf_interfaces/include/uf_interfaces/uf_interfaces/srv/detail/task_assign__rosidl_typesupport_introspection_cpp.hpp
[1.974s] -- Up-to-date: /home/wyatt/ros2_ws/install/uf_interfaces/include/uf_interfaces/uf_interfaces/srv/detail/task_assign__type_support.cpp
[1.974s] -- Up-to-date: /home/wyatt/ros2_ws/install/uf_interfaces/include/uf_interfaces/uf_interfaces/srv/detail/geo_conv__type_support.cpp
[1.974s] -- Up-to-date: /home/wyatt/ros2_ws/install/uf_interfaces/include/uf_interfaces/uf_interfaces/action
[1.974s] -- Up-to-date: /home/wyatt/ros2_ws/install/uf_interfaces/include/uf_interfaces/uf_interfaces/action/detail
[1.975s] -- Up-to-date: /home/wyatt/ros2_ws/install/uf_interfaces/include/uf_interfaces/uf_interfaces/action/detail/defend__rosidl_typesupport_introspection_cpp.hpp
[1.975s] -- Up-to-date: /home/wyatt/ros2_ws/install/uf_interfaces/include/uf_interfaces/uf_interfaces/action/detail/defend__type_support.cpp
[1.975s] -- Up-to-date: /home/wyatt/ros2_ws/install/uf_interfaces/include/uf_interfaces/uf_interfaces/action/detail/herd__type_support.cpp
[1.975s] -- Up-to-date: /home/wyatt/ros2_ws/install/uf_interfaces/include/uf_interfaces/uf_interfaces/action/detail/herd__rosidl_typesupport_introspection_cpp.hpp
[1.975s] -- Up-to-date: /home/wyatt/ros2_ws/install/uf_interfaces/lib/libuf_interfaces__rosidl_typesupport_introspection_cpp.so
[1.976s] -- Up-to-date: /home/wyatt/ros2_ws/install/uf_interfaces/lib/libuf_interfaces__rosidl_typesupport_cpp.so
[1.976s] -- Up-to-date: /home/wyatt/ros2_ws/install/uf_interfaces/share/uf_interfaces/environment/pythonpath.sh
[1.976s] -- Up-to-date: /home/wyatt/ros2_ws/install/uf_interfaces/share/uf_interfaces/environment/pythonpath.dsv
[1.976s] -- Up-to-date: /home/wyatt/ros2_ws/install/uf_interfaces/local/lib/python3.10/dist-packages/uf_interfaces-0.0.0-py3.10.egg-info
[1.976s] -- Installing: /home/wyatt/ros2_ws/install/uf_interfaces/local/lib/python3.10/dist-packages/uf_interfaces-0.0.0-py3.10.egg-info/SOURCES.txt
[1.976s] -- Installing: /home/wyatt/ros2_ws/install/uf_interfaces/local/lib/python3.10/dist-packages/uf_interfaces-0.0.0-py3.10.egg-info/PKG-INFO
[1.976s] -- Installing: /home/wyatt/ros2_ws/install/uf_interfaces/local/lib/python3.10/dist-packages/uf_interfaces-0.0.0-py3.10.egg-info/dependency_links.txt
[1.977s] -- Installing: /home/wyatt/ros2_ws/install/uf_interfaces/local/lib/python3.10/dist-packages/uf_interfaces-0.0.0-py3.10.egg-info/top_level.txt
[1.977s] -- Up-to-date: /home/wyatt/ros2_ws/install/uf_interfaces/local/lib/python3.10/dist-packages/uf_interfaces
[1.977s] -- Up-to-date: /home/wyatt/ros2_ws/install/uf_interfaces/local/lib/python3.10/dist-packages/uf_interfaces/uf_interfaces_s__rosidl_typesupport_introspection_c.cpython-310-x86_64-linux-gnu.so
[1.977s] -- Up-to-date: /home/wyatt/ros2_ws/install/uf_interfaces/local/lib/python3.10/dist-packages/uf_interfaces/_uf_interfaces_s.ep.rosidl_typesupport_fastrtps_c.c
[1.977s] -- Up-to-date: /home/wyatt/ros2_ws/install/uf_interfaces/local/lib/python3.10/dist-packages/uf_interfaces/_uf_interfaces_s.ep.rosidl_typesupport_introspection_c.c
[1.977s] -- Up-to-date: /home/wyatt/ros2_ws/install/uf_interfaces/local/lib/python3.10/dist-packages/uf_interfaces/uf_interfaces_s__rosidl_typesupport_c.cpython-310-x86_64-linux-gnu.so
[1.977s] -- Up-to-date: /home/wyatt/ros2_ws/install/uf_interfaces/local/lib/python3.10/dist-packages/uf_interfaces/msg
[1.977s] -- Up-to-date: /home/wyatt/ros2_ws/install/uf_interfaces/local/lib/python3.10/dist-packages/uf_interfaces/msg/_position.py
[1.978s] -- Up-to-date: /home/wyatt/ros2_ws/install/uf_interfaces/local/lib/python3.10/dist-packages/uf_interfaces/msg/__init__.py
[1.978s] -- Up-to-date: /home/wyatt/ros2_ws/install/uf_interfaces/local/lib/python3.10/dist-packages/uf_interfaces/msg/_position_s.c
[1.978s] -- Up-to-date: /home/wyatt/ros2_ws/install/uf_interfaces/local/lib/python3.10/dist-packages/uf_interfaces/srv
[1.978s] -- Up-to-date: /home/wyatt/ros2_ws/install/uf_interfaces/local/lib/python3.10/dist-packages/uf_interfaces/srv/_geo_conv_s.c
[1.978s] -- Up-to-date: /home/wyatt/ros2_ws/install/uf_interfaces/local/lib/python3.10/dist-packages/uf_interfaces/srv/_task_assign.py
[1.978s] -- Up-to-date: /home/wyatt/ros2_ws/install/uf_interfaces/local/lib/python3.10/dist-packages/uf_interfaces/srv/__init__.py
[1.978s] -- Up-to-date: /home/wyatt/ros2_ws/install/uf_interfaces/local/lib/python3.10/dist-packages/uf_interfaces/srv/_task_assign_s.c
[1.978s] -- Up-to-date: /home/wyatt/ros2_ws/install/uf_interfaces/local/lib/python3.10/dist-packages/uf_interfaces/srv/_geo_conv.py
[1.979s] -- Up-to-date: /home/wyatt/ros2_ws/install/uf_interfaces/local/lib/python3.10/dist-packages/uf_interfaces/__init__.py
[1.979s] -- Up-to-date: /home/wyatt/ros2_ws/install/uf_interfaces/local/lib/python3.10/dist-packages/uf_interfaces/_uf_interfaces_s.ep.rosidl_typesupport_c.c
[1.979s] -- Up-to-date: /home/wyatt/ros2_ws/install/uf_interfaces/local/lib/python3.10/dist-packages/uf_interfaces/libuf_interfaces__rosidl_generator_py.so
[1.979s] -- Up-to-date: /home/wyatt/ros2_ws/install/uf_interfaces/local/lib/python3.10/dist-packages/uf_interfaces/uf_interfaces_s__rosidl_typesupport_fastrtps_c.cpython-310-x86_64-linux-gnu.so
[1.979s] -- Up-to-date: /home/wyatt/ros2_ws/install/uf_interfaces/local/lib/python3.10/dist-packages/uf_interfaces/action
[1.979s] -- Up-to-date: /home/wyatt/ros2_ws/install/uf_interfaces/local/lib/python3.10/dist-packages/uf_interfaces/action/_defend_s.c
[1.979s] -- Up-to-date: /home/wyatt/ros2_ws/install/uf_interfaces/local/lib/python3.10/dist-packages/uf_interfaces/action/_defend.py
[1.979s] -- Up-to-date: /home/wyatt/ros2_ws/install/uf_interfaces/local/lib/python3.10/dist-packages/uf_interfaces/action/__init__.py
[1.979s] -- Up-to-date: /home/wyatt/ros2_ws/install/uf_interfaces/local/lib/python3.10/dist-packages/uf_interfaces/action/_herd.py
[1.980s] -- Up-to-date: /home/wyatt/ros2_ws/install/uf_interfaces/local/lib/python3.10/dist-packages/uf_interfaces/action/_herd_s.c
[2.148s] Listing '/home/wyatt/ros2_ws/install/uf_interfaces/local/lib/python3.10/dist-packages/uf_interfaces'...
[2.149s] Listing '/home/wyatt/ros2_ws/install/uf_interfaces/local/lib/python3.10/dist-packages/uf_interfaces/action'...
[2.149s] Listing '/home/wyatt/ros2_ws/install/uf_interfaces/local/lib/python3.10/dist-packages/uf_interfaces/msg'...
[2.149s] Listing '/home/wyatt/ros2_ws/install/uf_interfaces/local/lib/python3.10/dist-packages/uf_interfaces/srv'...
[2.156s] -- Up-to-date: /home/wyatt/ros2_ws/install/uf_interfaces/local/lib/python3.10/dist-packages/uf_interfaces/uf_interfaces_s__rosidl_typesupport_fastrtps_c.cpython-310-x86_64-linux-gnu.so
[2.160s] -- Up-to-date: /home/wyatt/ros2_ws/install/uf_interfaces/local/lib/python3.10/dist-packages/uf_interfaces/uf_interfaces_s__rosidl_typesupport_introspection_c.cpython-310-x86_64-linux-gnu.so
[2.160s] -- Up-to-date: /home/wyatt/ros2_ws/install/uf_interfaces/local/lib/python3.10/dist-packages/uf_interfaces/uf_interfaces_s__rosidl_typesupport_c.cpython-310-x86_64-linux-gnu.so
[2.160s] -- Up-to-date: /home/wyatt/ros2_ws/install/uf_interfaces/lib/libuf_interfaces__rosidl_generator_py.so
[2.160s] -- Up-to-date: /home/wyatt/ros2_ws/install/uf_interfaces/share/uf_interfaces/action/Defend.idl
[2.161s] -- Up-to-date: /home/wyatt/ros2_ws/install/uf_interfaces/share/uf_interfaces/action/Herd.idl
[2.161s] -- Up-to-date: /home/wyatt/ros2_ws/install/uf_interfaces/share/uf_interfaces/msg/Position.idl
[2.161s] -- Up-to-date: /home/wyatt/ros2_ws/install/uf_interfaces/share/uf_interfaces/srv/TaskAssign.idl
[2.161s] -- Up-to-date: /home/wyatt/ros2_ws/install/uf_interfaces/share/uf_interfaces/srv/GeoConv.idl
[2.161s] -- Up-to-date: /home/wyatt/ros2_ws/install/uf_interfaces/share/uf_interfaces/action/Defend.action
[2.161s] -- Up-to-date: /home/wyatt/ros2_ws/install/uf_interfaces/share/uf_interfaces/action/Herd.action
[2.161s] -- Up-to-date: /home/wyatt/ros2_ws/install/uf_interfaces/share/uf_interfaces/msg/Position.msg
[2.162s] -- Up-to-date: /home/wyatt/ros2_ws/install/uf_interfaces/share/uf_interfaces/srv/TaskAssign.srv
[2.162s] -- Up-to-date: /home/wyatt/ros2_ws/install/uf_interfaces/share/uf_interfaces/srv/TaskAssign_Request.msg
[2.162s] -- Up-to-date: /home/wyatt/ros2_ws/install/uf_interfaces/share/uf_interfaces/srv/TaskAssign_Response.msg
[2.162s] -- Up-to-date: /home/wyatt/ros2_ws/install/uf_interfaces/share/uf_interfaces/srv/GeoConv.srv
[2.164s] -- Up-to-date: /home/wyatt/ros2_ws/install/uf_interfaces/share/uf_interfaces/srv/GeoConv_Request.msg
[2.165s] -- Up-to-date: /home/wyatt/ros2_ws/install/uf_interfaces/share/uf_interfaces/srv/GeoConv_Response.msg
[2.165s] -- Up-to-date: /home/wyatt/ros2_ws/install/uf_interfaces/share/ament_index/resource_index/package_run_dependencies/uf_interfaces
[2.165s] -- Up-to-date: /home/wyatt/ros2_ws/install/uf_interfaces/share/ament_index/resource_index/parent_prefix_path/uf_interfaces
[2.165s] -- Up-to-date: /home/wyatt/ros2_ws/install/uf_interfaces/share/uf_interfaces/environment/ament_prefix_path.sh
[2.165s] -- Up-to-date: /home/wyatt/ros2_ws/install/uf_interfaces/share/uf_interfaces/environment/ament_prefix_path.dsv
[2.165s] -- Up-to-date: /home/wyatt/ros2_ws/install/uf_interfaces/share/uf_interfaces/environment/path.sh
[2.165s] -- Up-to-date: /home/wyatt/ros2_ws/install/uf_interfaces/share/uf_interfaces/environment/path.dsv
[2.165s] -- Up-to-date: /home/wyatt/ros2_ws/install/uf_interfaces/share/uf_interfaces/local_setup.bash
[2.166s] -- Up-to-date: /home/wyatt/ros2_ws/install/uf_interfaces/share/uf_interfaces/local_setup.sh
[2.166s] -- Up-to-date: /home/wyatt/ros2_ws/install/uf_interfaces/share/uf_interfaces/local_setup.zsh
[2.166s] -- Up-to-date: /home/wyatt/ros2_ws/install/uf_interfaces/share/uf_interfaces/local_setup.dsv
[2.166s] -- Installing: /home/wyatt/ros2_ws/install/uf_interfaces/share/uf_interfaces/package.dsv
[2.166s] -- Up-to-date: /home/wyatt/ros2_ws/install/uf_interfaces/share/ament_index/resource_index/packages/uf_interfaces
[2.166s] -- Up-to-date: /home/wyatt/ros2_ws/install/uf_interfaces/share/uf_interfaces/cmake/export_uf_interfaces__rosidl_generator_cExport.cmake
[2.166s] -- Up-to-date: /home/wyatt/ros2_ws/install/uf_interfaces/share/uf_interfaces/cmake/export_uf_interfaces__rosidl_generator_cExport-noconfig.cmake
[2.166s] -- Up-to-date: /home/wyatt/ros2_ws/install/uf_interfaces/share/uf_interfaces/cmake/export_uf_interfaces__rosidl_typesupport_fastrtps_cExport.cmake
[2.166s] -- Up-to-date: /home/wyatt/ros2_ws/install/uf_interfaces/share/uf_interfaces/cmake/export_uf_interfaces__rosidl_typesupport_fastrtps_cExport-noconfig.cmake
[2.167s] -- Up-to-date: /home/wyatt/ros2_ws/install/uf_interfaces/share/uf_interfaces/cmake/export_uf_interfaces__rosidl_generator_cppExport.cmake
[2.167s] -- Up-to-date: /home/wyatt/ros2_ws/install/uf_interfaces/share/uf_interfaces/cmake/export_uf_interfaces__rosidl_typesupport_fastrtps_cppExport.cmake
[2.167s] -- Up-to-date: /home/wyatt/ros2_ws/install/uf_interfaces/share/uf_interfaces/cmake/export_uf_interfaces__rosidl_typesupport_fastrtps_cppExport-noconfig.cmake
[2.167s] -- Up-to-date: /home/wyatt/ros2_ws/install/uf_interfaces/share/uf_interfaces/cmake/uf_interfaces__rosidl_typesupport_introspection_cExport.cmake
[2.167s] -- Up-to-date: /home/wyatt/ros2_ws/install/uf_interfaces/share/uf_interfaces/cmake/uf_interfaces__rosidl_typesupport_introspection_cExport-noconfig.cmake
[2.169s] -- Up-to-date: /home/wyatt/ros2_ws/install/uf_interfaces/share/uf_interfaces/cmake/uf_interfaces__rosidl_typesupport_cExport.cmake
[2.170s] -- Up-to-date: /home/wyatt/ros2_ws/install/uf_interfaces/share/uf_interfaces/cmake/uf_interfaces__rosidl_typesupport_cExport-noconfig.cmake
[2.172s] -- Up-to-date: /home/wyatt/ros2_ws/install/uf_interfaces/share/uf_interfaces/cmake/uf_interfaces__rosidl_typesupport_introspection_cppExport.cmake
[2.172s] -- Up-to-date: /home/wyatt/ros2_ws/install/uf_interfaces/share/uf_interfaces/cmake/uf_interfaces__rosidl_typesupport_introspection_cppExport-noconfig.cmake
[2.172s] -- Up-to-date: /home/wyatt/ros2_ws/install/uf_interfaces/share/uf_interfaces/cmake/uf_interfaces__rosidl_typesupport_cppExport.cmake
[2.172s] -- Up-to-date: /home/wyatt/ros2_ws/install/uf_interfaces/share/uf_interfaces/cmake/uf_interfaces__rosidl_typesupport_cppExport-noconfig.cmake
[2.172s] -- Up-to-date: /home/wyatt/ros2_ws/install/uf_interfaces/share/uf_interfaces/cmake/export_uf_interfaces__rosidl_generator_pyExport.cmake
[2.172s] -- Up-to-date: /home/wyatt/ros2_ws/install/uf_interfaces/share/uf_interfaces/cmake/export_uf_interfaces__rosidl_generator_pyExport-noconfig.cmake
[2.172s] -- Up-to-date: /home/wyatt/ros2_ws/install/uf_interfaces/share/uf_interfaces/cmake/rosidl_cmake-extras.cmake
[2.173s] -- Up-to-date: /home/wyatt/ros2_ws/install/uf_interfaces/share/uf_interfaces/cmake/ament_cmake_export_dependencies-extras.cmake
[2.173s] -- Up-to-date: /home/wyatt/ros2_ws/install/uf_interfaces/share/uf_interfaces/cmake/ament_cmake_export_include_directories-extras.cmake
[2.173s] -- Up-to-date: /home/wyatt/ros2_ws/install/uf_interfaces/share/uf_interfaces/cmake/ament_cmake_export_libraries-extras.cmake
[2.174s] -- Up-to-date: /home/wyatt/ros2_ws/install/uf_interfaces/share/uf_interfaces/cmake/ament_cmake_export_targets-extras.cmake
[2.174s] -- Up-to-date: /home/wyatt/ros2_ws/install/uf_interfaces/share/uf_interfaces/cmake/rosidl_cmake_export_typesupport_targets-extras.cmake
[2.176s] -- Up-to-date: /home/wyatt/ros2_ws/install/uf_interfaces/share/uf_interfaces/cmake/rosidl_cmake_export_typesupport_libraries-extras.cmake
[2.176s] -- Up-to-date: /home/wyatt/ros2_ws/install/uf_interfaces/share/uf_interfaces/cmake/uf_interfacesConfig.cmake
[2.176s] -- Up-to-date: /home/wyatt/ros2_ws/install/uf_interfaces/share/uf_interfaces/cmake/uf_interfacesConfig-version.cmake
[2.176s] -- Up-to-date: /home/wyatt/ros2_ws/install/uf_interfaces/share/uf_interfaces/package.xml
[2.181s] Invoked command in '/home/wyatt/ros2_ws/build/uf_interfaces' returned '0': CMAKE_PREFIX_PATH=${CMAKE_PREFIX_PATH}:/home/wyatt/ros2_ws/install/wind_speed_package:/home/wyatt/ros2_ws/install/vehicle_position_checker:/home/wyatt/ros2_ws/install/test_herding_pkg:/home/wyatt/ros2_ws/install/single_integrator_agent:/home/wyatt/ros2_ws/install/multi_agent_tracking_pkg:/home/wyatt/ros2_ws/install/matplotlib_sim:/home/wyatt/ros2_ws/install/jhyv_experiment_pkg:/home/wyatt/ros2_ws/install/herding_v1_package:/home/wyatt/ros2_ws/install/herding_control:/home/wyatt/ros2_ws/install/estop_button:/opt/ros/humble /usr/bin/cmake --install /home/wyatt/ros2_ws/build/uf_interfaces
