[2.108s] Invoking command in '/home/wyatt/Documents/GitHub/ros2_ws/src/wind_speed_package': DEBUGINFOD_URLS=https://debuginfod.ubuntu.com PYTHONPATH=/home/wyatt/Documents/GitHub/ros2_ws/build/wind_speed_package/prefix_override:/usr/lib/python3/dist-packages/colcon_core/task/python/colcon_distutils_commands:/home/wyatt/Documents/GitHub/ros2_ws/install/wind_speed_package/lib/python3.12/site-packages:${PYTHONPATH} /usr/bin/python3 -W ignore:setup.py install is deprecated setup.py egg_info --egg-base ../../build/wind_speed_package build --build-base /home/wyatt/Documents/GitHub/ros2_ws/build/wind_speed_package/build install --record /home/wyatt/Documents/GitHub/ros2_ws/build/wind_speed_package/install.log --single-version-externally-managed install_data
[2.732s] running egg_info
[2.732s] creating ../../build/wind_speed_package/wind_speed_package.egg-info
[2.780s] writing ../../build/wind_speed_package/wind_speed_package.egg-info/PKG-INFO
[2.781s] writing dependency_links to ../../build/wind_speed_package/wind_speed_package.egg-info/dependency_links.txt
[2.782s] writing entry points to ../../build/wind_speed_package/wind_speed_package.egg-info/entry_points.txt
[2.782s] writing requirements to ../../build/wind_speed_package/wind_speed_package.egg-info/requires.txt
[2.783s] writing top-level names to ../../build/wind_speed_package/wind_speed_package.egg-info/top_level.txt
[2.784s] writing manifest file '../../build/wind_speed_package/wind_speed_package.egg-info/SOURCES.txt'
[2.886s] reading manifest file '../../build/wind_speed_package/wind_speed_package.egg-info/SOURCES.txt'
[2.889s] writing manifest file '../../build/wind_speed_package/wind_speed_package.egg-info/SOURCES.txt'
[2.890s] running build
[2.890s] running build_py
[2.890s] creating /home/wyatt/Documents/GitHub/ros2_ws/build/wind_speed_package/build
[2.891s] creating /home/wyatt/Documents/GitHub/ros2_ws/build/wind_speed_package/build/lib
[2.892s] creating /home/wyatt/Documents/GitHub/ros2_ws/build/wind_speed_package/build/lib/wind_speed_package
[2.892s] copying wind_speed_package/wind_speed_node.py -> /home/wyatt/Documents/GitHub/ros2_ws/build/wind_speed_package/build/lib/wind_speed_package
[2.894s] copying wind_speed_package/__init__.py -> /home/wyatt/Documents/GitHub/ros2_ws/build/wind_speed_package/build/lib/wind_speed_package
[2.894s] running install
[2.903s] running install_lib
[2.953s] creating /home/wyatt/Documents/GitHub/ros2_ws/install/wind_speed_package/lib/python3.12/site-packages/wind_speed_package
[2.954s] copying /home/wyatt/Documents/GitHub/ros2_ws/build/wind_speed_package/build/lib/wind_speed_package/wind_speed_node.py -> /home/wyatt/Documents/GitHub/ros2_ws/install/wind_speed_package/lib/python3.12/site-packages/wind_speed_package
[2.954s] copying /home/wyatt/Documents/GitHub/ros2_ws/build/wind_speed_package/build/lib/wind_speed_package/__init__.py -> /home/wyatt/Documents/GitHub/ros2_ws/install/wind_speed_package/lib/python3.12/site-packages/wind_speed_package
[2.955s] byte-compiling /home/wyatt/Documents/GitHub/ros2_ws/install/wind_speed_package/lib/python3.12/site-packages/wind_speed_package/wind_speed_node.py to wind_speed_node.cpython-312.pyc
[2.956s] byte-compiling /home/wyatt/Documents/GitHub/ros2_ws/install/wind_speed_package/lib/python3.12/site-packages/wind_speed_package/__init__.py to __init__.cpython-312.pyc
[2.957s] running install_data
[2.959s] creating /home/wyatt/Documents/GitHub/ros2_ws/install/wind_speed_package/share/ament_index
[2.959s] creating /home/wyatt/Documents/GitHub/ros2_ws/install/wind_speed_package/share/ament_index/resource_index
[2.959s] creating /home/wyatt/Documents/GitHub/ros2_ws/install/wind_speed_package/share/ament_index/resource_index/packages
[2.960s] copying resource/wind_speed_package -> /home/wyatt/Documents/GitHub/ros2_ws/install/wind_speed_package/share/ament_index/resource_index/packages
[2.960s] copying package.xml -> /home/wyatt/Documents/GitHub/ros2_ws/install/wind_speed_package/share/wind_speed_package
[2.960s] running install_egg_info
[3.002s] Copying ../../build/wind_speed_package/wind_speed_package.egg-info to /home/wyatt/Documents/GitHub/ros2_ws/install/wind_speed_package/lib/python3.12/site-packages/wind_speed_package-0.0.0-py3.12.egg-info
[3.006s] running install_scripts
[3.361s] Installing wind_speed_node script to /home/wyatt/Documents/GitHub/ros2_ws/install/wind_speed_package/lib/wind_speed_package
[3.362s] writing list of installed files to '/home/wyatt/Documents/GitHub/ros2_ws/build/wind_speed_package/install.log'
[3.439s] Invoked command in '/home/wyatt/Documents/GitHub/ros2_ws/src/wind_speed_package' returned '0': DEBUGINFOD_URLS=https://debuginfod.ubuntu.com PYTHONPATH=/home/wyatt/Documents/GitHub/ros2_ws/build/wind_speed_package/prefix_override:/usr/lib/python3/dist-packages/colcon_core/task/python/colcon_distutils_commands:/home/wyatt/Documents/GitHub/ros2_ws/install/wind_speed_package/lib/python3.12/site-packages:${PYTHONPATH} /usr/bin/python3 -W ignore:setup.py install is deprecated setup.py egg_info --egg-base ../../build/wind_speed_package build --build-base /home/wyatt/Documents/GitHub/ros2_ws/build/wind_speed_package/build install --record /home/wyatt/Documents/GitHub/ros2_ws/build/wind_speed_package/install.log --single-version-externally-managed install_data
