[2.170s] Invoking command in '/home/wyatt/git_ros2/ros2_ws/src/estop_button': PYTHONPATH=/home/wyatt/git_ros2/ros2_ws/build/estop_button/prefix_override:/home/wyatt/git_ros2/ros2_ws/install/estop_button/lib/python3.10/site-packages:${PYTHONPATH} /usr/bin/python3 setup.py egg_info --egg-base ../../build/estop_button build --build-base /home/wyatt/git_ros2/ros2_ws/build/estop_button/build install --record /home/wyatt/git_ros2/ros2_ws/build/estop_button/install.log --single-version-externally-managed
[2.398s] running egg_info
[2.399s] writing ../../build/estop_button/estop_button.egg-info/PKG-INFO
[2.400s] writing dependency_links to ../../build/estop_button/estop_button.egg-info/dependency_links.txt
[2.400s] writing entry points to ../../build/estop_button/estop_button.egg-info/entry_points.txt
[2.400s] writing requirements to ../../build/estop_button/estop_button.egg-info/requires.txt
[2.400s] writing top-level names to ../../build/estop_button/estop_button.egg-info/top_level.txt
[2.402s] reading manifest file '../../build/estop_button/estop_button.egg-info/SOURCES.txt'
[2.403s] writing manifest file '../../build/estop_button/estop_button.egg-info/SOURCES.txt'
[2.403s] running build
[2.404s] running build_py
[2.404s] running install
[2.404s] /usr/lib/python3/dist-packages/setuptools/command/install.py:34: SetuptoolsDeprecationWarning: setup.py install is deprecated. Use build and pip and other standards-based tools.
[2.404s]   warnings.warn(
[2.404s] running install_lib
[2.405s] running install_data
[2.405s] running install_egg_info
[2.407s] removing '/home/wyatt/git_ros2/ros2_ws/install/estop_button/lib/python3.10/site-packages/estop_button-0.0.0-py3.10.egg-info' (and everything under it)
[2.407s] Copying ../../build/estop_button/estop_button.egg-info to /home/wyatt/git_ros2/ros2_ws/install/estop_button/lib/python3.10/site-packages/estop_button-0.0.0-py3.10.egg-info
[2.408s] running install_scripts
[2.425s] writing list of installed files to '/home/wyatt/git_ros2/ros2_ws/build/estop_button/install.log'
[2.452s] Invoked command in '/home/wyatt/git_ros2/ros2_ws/src/estop_button' returned '0': PYTHONPATH=/home/wyatt/git_ros2/ros2_ws/build/estop_button/prefix_override:/home/wyatt/git_ros2/ros2_ws/install/estop_button/lib/python3.10/site-packages:${PYTHONPATH} /usr/bin/python3 setup.py egg_info --egg-base ../../build/estop_button build --build-base /home/wyatt/git_ros2/ros2_ws/build/estop_button/build install --record /home/wyatt/git_ros2/ros2_ws/build/estop_button/install.log --single-version-externally-managed
