[1.323s] Invoking command in '/home/wyatt/ros2_ws/src/common/wpt_control_xy': PYTHONPATH=/home/wyatt/ros2_ws/build/wpt_control_xy/prefix_override:/usr/lib/python3/dist-packages/colcon_core/task/python/colcon_distutils_commands:/home/wyatt/ros2_ws/install/wpt_control_xy/lib/python3.10/site-packages:${PYTHONPATH} /usr/bin/python3 -W ignore:setup.py install is deprecated -W ignore:easy_install command is deprecated setup.py egg_info --egg-base ../../../build/wpt_control_xy build --build-base /home/wyatt/ros2_ws/build/wpt_control_xy/build install --record /home/wyatt/ros2_ws/build/wpt_control_xy/install.log --single-version-externally-managed install_data
[1.846s] running egg_info
[1.846s] creating ../../../build/wpt_control_xy/wpt_control_xy.egg-info
[1.847s] writing ../../../build/wpt_control_xy/wpt_control_xy.egg-info/PKG-INFO
[1.847s] writing dependency_links to ../../../build/wpt_control_xy/wpt_control_xy.egg-info/dependency_links.txt
[1.848s] writing entry points to ../../../build/wpt_control_xy/wpt_control_xy.egg-info/entry_points.txt
[1.848s] writing requirements to ../../../build/wpt_control_xy/wpt_control_xy.egg-info/requires.txt
[1.849s] writing top-level names to ../../../build/wpt_control_xy/wpt_control_xy.egg-info/top_level.txt
[1.850s] writing manifest file '../../../build/wpt_control_xy/wpt_control_xy.egg-info/SOURCES.txt'
[1.853s] reading manifest file '../../../build/wpt_control_xy/wpt_control_xy.egg-info/SOURCES.txt'
[1.855s] writing manifest file '../../../build/wpt_control_xy/wpt_control_xy.egg-info/SOURCES.txt'
[1.855s] running build
[1.855s] running build_py
[1.856s] creating /home/wyatt/ros2_ws/build/wpt_control_xy/build
[1.856s] creating /home/wyatt/ros2_ws/build/wpt_control_xy/build/lib
[1.857s] creating /home/wyatt/ros2_ws/build/wpt_control_xy/build/lib/wpt_control_xy
[1.857s] copying wpt_control_xy/wpt_control_xy_node.py -> /home/wyatt/ros2_ws/build/wpt_control_xy/build/lib/wpt_control_xy
[1.857s] copying wpt_control_xy/__init__.py -> /home/wyatt/ros2_ws/build/wpt_control_xy/build/lib/wpt_control_xy
[1.859s] running install
[1.860s] running install_lib
[1.862s] creating /home/wyatt/ros2_ws/install/wpt_control_xy/lib/python3.10/site-packages/wpt_control_xy
[1.863s] copying /home/wyatt/ros2_ws/build/wpt_control_xy/build/lib/wpt_control_xy/wpt_control_xy_node.py -> /home/wyatt/ros2_ws/install/wpt_control_xy/lib/python3.10/site-packages/wpt_control_xy
[1.864s] copying /home/wyatt/ros2_ws/build/wpt_control_xy/build/lib/wpt_control_xy/__init__.py -> /home/wyatt/ros2_ws/install/wpt_control_xy/lib/python3.10/site-packages/wpt_control_xy
[1.864s] byte-compiling /home/wyatt/ros2_ws/install/wpt_control_xy/lib/python3.10/site-packages/wpt_control_xy/wpt_control_xy_node.py to wpt_control_xy_node.cpython-310.pyc
[1.868s] byte-compiling /home/wyatt/ros2_ws/install/wpt_control_xy/lib/python3.10/site-packages/wpt_control_xy/__init__.py to __init__.cpython-310.pyc
[1.868s] running install_data
[1.869s] creating /home/wyatt/ros2_ws/install/wpt_control_xy/share/ament_index
[1.869s] creating /home/wyatt/ros2_ws/install/wpt_control_xy/share/ament_index/resource_index
[1.870s] creating /home/wyatt/ros2_ws/install/wpt_control_xy/share/ament_index/resource_index/packages
[1.870s] copying resource/wpt_control_xy -> /home/wyatt/ros2_ws/install/wpt_control_xy/share/ament_index/resource_index/packages
[1.871s] copying package.xml -> /home/wyatt/ros2_ws/install/wpt_control_xy/share/wpt_control_xy
[1.871s] creating /home/wyatt/ros2_ws/install/wpt_control_xy/share/wpt_control_xy/launch
[1.871s] copying launch/wpt_control_xy_launch.py -> /home/wyatt/ros2_ws/install/wpt_control_xy/share/wpt_control_xy/launch
[1.872s] running install_egg_info
[1.876s] Copying ../../../build/wpt_control_xy/wpt_control_xy.egg-info to /home/wyatt/ros2_ws/install/wpt_control_xy/lib/python3.10/site-packages/wpt_control_xy-0.0.0-py3.10.egg-info
[1.879s] running install_scripts
[1.920s] Installing wpt_control_xy_node script to /home/wyatt/ros2_ws/install/wpt_control_xy/lib/wpt_control_xy
[1.921s] writing list of installed files to '/home/wyatt/ros2_ws/build/wpt_control_xy/install.log'
[1.962s] Invoked command in '/home/wyatt/ros2_ws/src/common/wpt_control_xy' returned '0': PYTHONPATH=/home/wyatt/ros2_ws/build/wpt_control_xy/prefix_override:/usr/lib/python3/dist-packages/colcon_core/task/python/colcon_distutils_commands:/home/wyatt/ros2_ws/install/wpt_control_xy/lib/python3.10/site-packages:${PYTHONPATH} /usr/bin/python3 -W ignore:setup.py install is deprecated -W ignore:easy_install command is deprecated setup.py egg_info --egg-base ../../../build/wpt_control_xy build --build-base /home/wyatt/ros2_ws/build/wpt_control_xy/build install --record /home/wyatt/ros2_ws/build/wpt_control_xy/install.log --single-version-externally-managed install_data
