[4.635s] Invoking command in '/home/wyatt/ros2_ws/src/herding_v1_package': PYTHONPATH=/home/wyatt/ros2_ws/build/herding_v1_package/prefix_override:/usr/lib/python3/dist-packages/colcon_core/task/python/colcon_distutils_commands:/home/wyatt/ros2_ws/install/herding_v1_package/lib/python3.10/site-packages:${PYTHONPATH} /usr/bin/python3 -W ignore:setup.py install is deprecated setup.py egg_info --egg-base ../../build/herding_v1_package build --build-base /home/wyatt/ros2_ws/build/herding_v1_package/build install --record /home/wyatt/ros2_ws/build/herding_v1_package/install.log --single-version-externally-managed install_data
[6.334s] running egg_info
[6.335s] creating ../../build/herding_v1_package/herding_v1_package.egg-info
[6.342s] writing ../../build/herding_v1_package/herding_v1_package.egg-info/PKG-INFO
[6.342s] writing dependency_links to ../../build/herding_v1_package/herding_v1_package.egg-info/dependency_links.txt
[6.343s] writing entry points to ../../build/herding_v1_package/herding_v1_package.egg-info/entry_points.txt
[6.344s] writing requirements to ../../build/herding_v1_package/herding_v1_package.egg-info/requires.txt
[6.345s] writing top-level names to ../../build/herding_v1_package/herding_v1_package.egg-info/top_level.txt
[6.351s] writing manifest file '../../build/herding_v1_package/herding_v1_package.egg-info/SOURCES.txt'
[6.359s] reading manifest file '../../build/herding_v1_package/herding_v1_package.egg-info/SOURCES.txt'
[6.368s] writing manifest file '../../build/herding_v1_package/herding_v1_package.egg-info/SOURCES.txt'
[6.368s] running build
[6.368s] running build_py
[6.369s] creating /home/wyatt/ros2_ws/build/herding_v1_package/build
[6.369s] creating /home/wyatt/ros2_ws/build/herding_v1_package/build/lib
[6.369s] creating /home/wyatt/ros2_ws/build/herding_v1_package/build/lib/herding_v1_package
[6.370s] copying herding_v1_package/__init__.py -> /home/wyatt/ros2_ws/build/herding_v1_package/build/lib/herding_v1_package
[6.371s] copying herding_v1_package/simulation.py -> /home/wyatt/ros2_ws/build/herding_v1_package/build/lib/herding_v1_package
[6.374s] copying herding_v1_package/herding_node.py -> /home/wyatt/ros2_ws/build/herding_v1_package/build/lib/herding_v1_package
[6.378s] running install
[6.378s] running install_lib
[6.386s] creating /home/wyatt/ros2_ws/install/herding_v1_package/lib/python3.10/site-packages/herding_v1_package
[6.391s] copying /home/wyatt/ros2_ws/build/herding_v1_package/build/lib/herding_v1_package/__init__.py -> /home/wyatt/ros2_ws/install/herding_v1_package/lib/python3.10/site-packages/herding_v1_package
[6.394s] copying /home/wyatt/ros2_ws/build/herding_v1_package/build/lib/herding_v1_package/simulation.py -> /home/wyatt/ros2_ws/install/herding_v1_package/lib/python3.10/site-packages/herding_v1_package
[6.394s] copying /home/wyatt/ros2_ws/build/herding_v1_package/build/lib/herding_v1_package/herding_node.py -> /home/wyatt/ros2_ws/install/herding_v1_package/lib/python3.10/site-packages/herding_v1_package
[6.395s] byte-compiling /home/wyatt/ros2_ws/install/herding_v1_package/lib/python3.10/site-packages/herding_v1_package/__init__.py to __init__.cpython-310.pyc
[6.396s] byte-compiling /home/wyatt/ros2_ws/install/herding_v1_package/lib/python3.10/site-packages/herding_v1_package/simulation.py to simulation.cpython-310.pyc
[6.404s] byte-compiling /home/wyatt/ros2_ws/install/herding_v1_package/lib/python3.10/site-packages/herding_v1_package/herding_node.py to herding_node.cpython-310.pyc
[6.417s] running install_data
[6.417s] creating /home/wyatt/ros2_ws/install/herding_v1_package/share/ament_index
[6.417s] creating /home/wyatt/ros2_ws/install/herding_v1_package/share/ament_index/resource_index
[6.418s] creating /home/wyatt/ros2_ws/install/herding_v1_package/share/ament_index/resource_index/packages
[6.418s] copying resource/herding_v1_package -> /home/wyatt/ros2_ws/install/herding_v1_package/share/ament_index/resource_index/packages
[6.418s] copying package.xml -> /home/wyatt/ros2_ws/install/herding_v1_package/share/herding_v1_package
[6.418s] running install_egg_info
[6.438s] Copying ../../build/herding_v1_package/herding_v1_package.egg-info to /home/wyatt/ros2_ws/install/herding_v1_package/lib/python3.10/site-packages/herding_v1_package-0.0.0-py3.10.egg-info
[6.454s] running install_scripts
[6.620s] Installing herding_node script to /home/wyatt/ros2_ws/install/herding_v1_package/lib/herding_v1_package
[6.624s] writing list of installed files to '/home/wyatt/ros2_ws/build/herding_v1_package/install.log'
[7.030s] Invoked command in '/home/wyatt/ros2_ws/src/herding_v1_package' returned '0': PYTHONPATH=/home/wyatt/ros2_ws/build/herding_v1_package/prefix_override:/usr/lib/python3/dist-packages/colcon_core/task/python/colcon_distutils_commands:/home/wyatt/ros2_ws/install/herding_v1_package/lib/python3.10/site-packages:${PYTHONPATH} /usr/bin/python3 -W ignore:setup.py install is deprecated setup.py egg_info --egg-base ../../build/herding_v1_package build --build-base /home/wyatt/ros2_ws/build/herding_v1_package/build install --record /home/wyatt/ros2_ws/build/herding_v1_package/install.log --single-version-externally-managed install_data
