[1.096s] Invoking command in '/home/wyatt/ros2_ws/src/common/minimal_startup': PYTHONPATH=/home/wyatt/ros2_ws/build/minimal_startup/prefix_override:/usr/lib/python3/dist-packages/colcon_core/task/python/colcon_distutils_commands:/home/wyatt/ros2_ws/install/minimal_startup/lib/python3.10/site-packages:${PYTHONPATH} /usr/bin/python3 -W ignore:setup.py install is deprecated -W ignore:easy_install command is deprecated setup.py egg_info --egg-base ../../../build/minimal_startup build --build-base /home/wyatt/ros2_ws/build/minimal_startup/build install --record /home/wyatt/ros2_ws/build/minimal_startup/install.log --single-version-externally-managed install_data
[1.640s] running egg_info
[1.641s] writing ../../../build/minimal_startup/minimal_startup.egg-info/PKG-INFO
[1.641s] writing dependency_links to ../../../build/minimal_startup/minimal_startup.egg-info/dependency_links.txt
[1.641s] writing entry points to ../../../build/minimal_startup/minimal_startup.egg-info/entry_points.txt
[1.641s] writing requirements to ../../../build/minimal_startup/minimal_startup.egg-info/requires.txt
[1.641s] writing top-level names to ../../../build/minimal_startup/minimal_startup.egg-info/top_level.txt
[1.641s] reading manifest file '../../../build/minimal_startup/minimal_startup.egg-info/SOURCES.txt'
[1.643s] writing manifest file '../../../build/minimal_startup/minimal_startup.egg-info/SOURCES.txt'
[1.643s] running build
[1.643s] running build_py
[1.643s] running install
[1.644s] running install_lib
[1.646s] running install_data
[1.647s] running install_egg_info
[1.650s] removing '/home/wyatt/ros2_ws/install/minimal_startup/lib/python3.10/site-packages/minimal_startup-0.0.0-py3.10.egg-info' (and everything under it)
[1.651s] Copying ../../../build/minimal_startup/minimal_startup.egg-info to /home/wyatt/ros2_ws/install/minimal_startup/lib/python3.10/site-packages/minimal_startup-0.0.0-py3.10.egg-info
[1.653s] running install_scripts
[1.699s] writing list of installed files to '/home/wyatt/ros2_ws/build/minimal_startup/install.log'
[2.101s] Invoked command in '/home/wyatt/ros2_ws/src/common/minimal_startup' returned '0': PYTHONPATH=/home/wyatt/ros2_ws/build/minimal_startup/prefix_override:/usr/lib/python3/dist-packages/colcon_core/task/python/colcon_distutils_commands:/home/wyatt/ros2_ws/install/minimal_startup/lib/python3.10/site-packages:${PYTHONPATH} /usr/bin/python3 -W ignore:setup.py install is deprecated -W ignore:easy_install command is deprecated setup.py egg_info --egg-base ../../../build/minimal_startup build --build-base /home/wyatt/ros2_ws/build/minimal_startup/build install --record /home/wyatt/ros2_ws/build/minimal_startup/install.log --single-version-externally-managed install_data
