[1.629s] Invoking command in '/home/wyatt/ros2_ws/src/wind_speed_package': PYTHONPATH=/home/wyatt/ros2_ws/build/wind_speed_package/prefix_override:/usr/lib/python3/dist-packages/colcon_core/task/python/colcon_distutils_commands:/home/wyatt/ros2_ws/install/wind_speed_package/lib/python3.10/site-packages:${PYTHONPATH} /usr/bin/python3 -W ignore:setup.py install is deprecated -W ignore:easy_install command is deprecated setup.py egg_info --egg-base ../../build/wind_speed_package build --build-base /home/wyatt/ros2_ws/build/wind_speed_package/build install --record /home/wyatt/ros2_ws/build/wind_speed_package/install.log --single-version-externally-managed install_data
[2.141s] running egg_info
[2.143s] creating ../../build/wind_speed_package/wind_speed_package.egg-info
[2.146s] writing ../../build/wind_speed_package/wind_speed_package.egg-info/PKG-INFO
[2.146s] writing dependency_links to ../../build/wind_speed_package/wind_speed_package.egg-info/dependency_links.txt
[2.146s] writing entry points to ../../build/wind_speed_package/wind_speed_package.egg-info/entry_points.txt
[2.147s] writing requirements to ../../build/wind_speed_package/wind_speed_package.egg-info/requires.txt
[2.147s] writing top-level names to ../../build/wind_speed_package/wind_speed_package.egg-info/top_level.txt
[2.147s] writing manifest file '../../build/wind_speed_package/wind_speed_package.egg-info/SOURCES.txt'
[2.148s] reading manifest file '../../build/wind_speed_package/wind_speed_package.egg-info/SOURCES.txt'
[2.149s] writing manifest file '../../build/wind_speed_package/wind_speed_package.egg-info/SOURCES.txt'
[2.149s] running build
[2.149s] running build_py
[2.149s] creating /home/wyatt/ros2_ws/build/wind_speed_package/build
[2.150s] creating /home/wyatt/ros2_ws/build/wind_speed_package/build/lib
[2.152s] creating /home/wyatt/ros2_ws/build/wind_speed_package/build/lib/wind_speed_package
[2.152s] copying wind_speed_package/__init__.py -> /home/wyatt/ros2_ws/build/wind_speed_package/build/lib/wind_speed_package
[2.152s] copying wind_speed_package/wind_speed_node.py -> /home/wyatt/ros2_ws/build/wind_speed_package/build/lib/wind_speed_package
[2.152s] running install
[2.152s] running install_lib
[2.153s] creating /home/wyatt/ros2_ws/install/wind_speed_package/lib/python3.10/site-packages/wind_speed_package
[2.153s] copying /home/wyatt/ros2_ws/build/wind_speed_package/build/lib/wind_speed_package/__init__.py -> /home/wyatt/ros2_ws/install/wind_speed_package/lib/python3.10/site-packages/wind_speed_package
[2.153s] copying /home/wyatt/ros2_ws/build/wind_speed_package/build/lib/wind_speed_package/wind_speed_node.py -> /home/wyatt/ros2_ws/install/wind_speed_package/lib/python3.10/site-packages/wind_speed_package
[2.155s] byte-compiling /home/wyatt/ros2_ws/install/wind_speed_package/lib/python3.10/site-packages/wind_speed_package/__init__.py to __init__.cpython-310.pyc
[2.156s] byte-compiling /home/wyatt/ros2_ws/install/wind_speed_package/lib/python3.10/site-packages/wind_speed_package/wind_speed_node.py to wind_speed_node.cpython-310.pyc
[2.157s] running install_data
[2.157s] creating /home/wyatt/ros2_ws/install/wind_speed_package/share/ament_index
[2.157s] creating /home/wyatt/ros2_ws/install/wind_speed_package/share/ament_index/resource_index
[2.157s] creating /home/wyatt/ros2_ws/install/wind_speed_package/share/ament_index/resource_index/packages
[2.157s] copying resource/wind_speed_package -> /home/wyatt/ros2_ws/install/wind_speed_package/share/ament_index/resource_index/packages
[2.157s] copying package.xml -> /home/wyatt/ros2_ws/install/wind_speed_package/share/wind_speed_package
[2.157s] running install_egg_info
[2.163s] Copying ../../build/wind_speed_package/wind_speed_package.egg-info to /home/wyatt/ros2_ws/install/wind_speed_package/lib/python3.10/site-packages/wind_speed_package-0.0.0-py3.10.egg-info
[2.163s] running install_scripts
[2.216s] Installing wind_speed_node script to /home/wyatt/ros2_ws/install/wind_speed_package/lib/wind_speed_package
[2.216s] writing list of installed files to '/home/wyatt/ros2_ws/build/wind_speed_package/install.log'
[2.258s] Invoked command in '/home/wyatt/ros2_ws/src/wind_speed_package' returned '0': PYTHONPATH=/home/wyatt/ros2_ws/build/wind_speed_package/prefix_override:/usr/lib/python3/dist-packages/colcon_core/task/python/colcon_distutils_commands:/home/wyatt/ros2_ws/install/wind_speed_package/lib/python3.10/site-packages:${PYTHONPATH} /usr/bin/python3 -W ignore:setup.py install is deprecated -W ignore:easy_install command is deprecated setup.py egg_info --egg-base ../../build/wind_speed_package build --build-base /home/wyatt/ros2_ws/build/wind_speed_package/build install --record /home/wyatt/ros2_ws/build/wind_speed_package/install.log --single-version-externally-managed install_data
