[4.126s] Invoking command in '/home/wyatt/ros2_ws/src/wind_speed_package': PYTHONPATH=/home/wyatt/ros2_ws/build/wind_speed_package/prefix_override:/usr/lib/python3/dist-packages/colcon_core/task/python/colcon_distutils_commands:/home/wyatt/ros2_ws/install/wind_speed_package/lib/python3.10/site-packages:${PYTHONPATH} /usr/bin/python3 -W ignore:setup.py install is deprecated setup.py egg_info --egg-base ../../build/wind_speed_package build --build-base /home/wyatt/ros2_ws/build/wind_speed_package/build install --record /home/wyatt/ros2_ws/build/wind_speed_package/install.log --single-version-externally-managed install_data
[6.445s] running egg_info
[6.450s] creating ../../build/wind_speed_package/wind_speed_package.egg-info
[6.450s] writing ../../build/wind_speed_package/wind_speed_package.egg-info/PKG-INFO
[6.450s] writing dependency_links to ../../build/wind_speed_package/wind_speed_package.egg-info/dependency_links.txt
[6.453s] writing entry points to ../../build/wind_speed_package/wind_speed_package.egg-info/entry_points.txt
[6.453s] writing requirements to ../../build/wind_speed_package/wind_speed_package.egg-info/requires.txt
[6.453s] writing top-level names to ../../build/wind_speed_package/wind_speed_package.egg-info/top_level.txt
[6.454s] writing manifest file '../../build/wind_speed_package/wind_speed_package.egg-info/SOURCES.txt'
[6.457s] reading manifest file '../../build/wind_speed_package/wind_speed_package.egg-info/SOURCES.txt'
[6.461s] writing manifest file '../../build/wind_speed_package/wind_speed_package.egg-info/SOURCES.txt'
[6.461s] running build
[6.461s] running build_py
[6.462s] creating /home/wyatt/ros2_ws/build/wind_speed_package/build
[6.462s] creating /home/wyatt/ros2_ws/build/wind_speed_package/build/lib
[6.462s] creating /home/wyatt/ros2_ws/build/wind_speed_package/build/lib/wind_speed_package
[6.462s] copying wind_speed_package/__init__.py -> /home/wyatt/ros2_ws/build/wind_speed_package/build/lib/wind_speed_package
[6.463s] copying wind_speed_package/wind_speed_node.py -> /home/wyatt/ros2_ws/build/wind_speed_package/build/lib/wind_speed_package
[6.463s] running install
[6.463s] running install_lib
[6.463s] creating /home/wyatt/ros2_ws/install/wind_speed_package/lib/python3.10/site-packages/wind_speed_package
[6.464s] copying /home/wyatt/ros2_ws/build/wind_speed_package/build/lib/wind_speed_package/__init__.py -> /home/wyatt/ros2_ws/install/wind_speed_package/lib/python3.10/site-packages/wind_speed_package
[6.464s] copying /home/wyatt/ros2_ws/build/wind_speed_package/build/lib/wind_speed_package/wind_speed_node.py -> /home/wyatt/ros2_ws/install/wind_speed_package/lib/python3.10/site-packages/wind_speed_package
[6.469s] byte-compiling /home/wyatt/ros2_ws/install/wind_speed_package/lib/python3.10/site-packages/wind_speed_package/__init__.py to __init__.cpython-310.pyc
[6.471s] byte-compiling /home/wyatt/ros2_ws/install/wind_speed_package/lib/python3.10/site-packages/wind_speed_package/wind_speed_node.py to wind_speed_node.cpython-310.pyc
[6.474s] running install_data
[6.474s] creating /home/wyatt/ros2_ws/install/wind_speed_package/share/ament_index
[6.474s] creating /home/wyatt/ros2_ws/install/wind_speed_package/share/ament_index/resource_index
[6.474s] creating /home/wyatt/ros2_ws/install/wind_speed_package/share/ament_index/resource_index/packages
[6.474s] copying resource/wind_speed_package -> /home/wyatt/ros2_ws/install/wind_speed_package/share/ament_index/resource_index/packages
[6.477s] copying package.xml -> /home/wyatt/ros2_ws/install/wind_speed_package/share/wind_speed_package
[6.477s] running install_egg_info
[6.478s] Copying ../../build/wind_speed_package/wind_speed_package.egg-info to /home/wyatt/ros2_ws/install/wind_speed_package/lib/python3.10/site-packages/wind_speed_package-0.0.0-py3.10.egg-info
[6.479s] running install_scripts
[6.548s] Installing wind_speed_node script to /home/wyatt/ros2_ws/install/wind_speed_package/lib/wind_speed_package
[6.550s] writing list of installed files to '/home/wyatt/ros2_ws/build/wind_speed_package/install.log'
[6.678s] Invoked command in '/home/wyatt/ros2_ws/src/wind_speed_package' returned '0': PYTHONPATH=/home/wyatt/ros2_ws/build/wind_speed_package/prefix_override:/usr/lib/python3/dist-packages/colcon_core/task/python/colcon_distutils_commands:/home/wyatt/ros2_ws/install/wind_speed_package/lib/python3.10/site-packages:${PYTHONPATH} /usr/bin/python3 -W ignore:setup.py install is deprecated setup.py egg_info --egg-base ../../build/wind_speed_package build --build-base /home/wyatt/ros2_ws/build/wind_speed_package/build install --record /home/wyatt/ros2_ws/build/wind_speed_package/install.log --single-version-externally-managed install_data
