[1.764s] Invoking command in '/home/wyatt/ros2_ws/src/herding_control': PYTHONPATH=/home/wyatt/ros2_ws/build/herding_control/prefix_override:/usr/lib/python3/dist-packages/colcon_core/task/python/colcon_distutils_commands:/home/wyatt/ros2_ws/install/herding_control/lib/python3.10/site-packages:${PYTHONPATH} /usr/bin/python3 -W ignore:setup.py install is deprecated setup.py egg_info --egg-base ../../build/herding_control build --build-base /home/wyatt/ros2_ws/build/herding_control/build install --record /home/wyatt/ros2_ws/build/herding_control/install.log --single-version-externally-managed install_data
[2.310s] running egg_info
[2.314s] creating ../../build/herding_control/herding_control.egg-info
[2.314s] writing ../../build/herding_control/herding_control.egg-info/PKG-INFO
[2.314s] writing dependency_links to ../../build/herding_control/herding_control.egg-info/dependency_links.txt
[2.314s] writing entry points to ../../build/herding_control/herding_control.egg-info/entry_points.txt
[2.314s] writing requirements to ../../build/herding_control/herding_control.egg-info/requires.txt
[2.315s] writing top-level names to ../../build/herding_control/herding_control.egg-info/top_level.txt
[2.316s] writing manifest file '../../build/herding_control/herding_control.egg-info/SOURCES.txt'
[2.316s] reading manifest file '../../build/herding_control/herding_control.egg-info/SOURCES.txt'
[2.316s] writing manifest file '../../build/herding_control/herding_control.egg-info/SOURCES.txt'
[2.316s] running build
[2.316s] running build_py
[2.317s] creating /home/wyatt/ros2_ws/build/herding_control/build
[2.317s] creating /home/wyatt/ros2_ws/build/herding_control/build/lib
[2.317s] creating /home/wyatt/ros2_ws/build/herding_control/build/lib/herding_control
[2.317s] copying herding_control/herding_agent_node.py -> /home/wyatt/ros2_ws/build/herding_control/build/lib/herding_control
[2.317s] copying herding_control/__init__.py -> /home/wyatt/ros2_ws/build/herding_control/build/lib/herding_control
[2.317s] copying herding_control/herding_target_node.py -> /home/wyatt/ros2_ws/build/herding_control/build/lib/herding_control
[2.319s] running install
[2.320s] running install_lib
[2.321s] creating /home/wyatt/ros2_ws/install/herding_control/lib/python3.10/site-packages/herding_control
[2.321s] copying /home/wyatt/ros2_ws/build/herding_control/build/lib/herding_control/herding_agent_node.py -> /home/wyatt/ros2_ws/install/herding_control/lib/python3.10/site-packages/herding_control
[2.321s] copying /home/wyatt/ros2_ws/build/herding_control/build/lib/herding_control/__init__.py -> /home/wyatt/ros2_ws/install/herding_control/lib/python3.10/site-packages/herding_control
[2.322s] copying /home/wyatt/ros2_ws/build/herding_control/build/lib/herding_control/herding_target_node.py -> /home/wyatt/ros2_ws/install/herding_control/lib/python3.10/site-packages/herding_control
[2.322s] byte-compiling /home/wyatt/ros2_ws/install/herding_control/lib/python3.10/site-packages/herding_control/herding_agent_node.py to herding_agent_node.cpython-310.pyc
[2.322s] byte-compiling /home/wyatt/ros2_ws/install/herding_control/lib/python3.10/site-packages/herding_control/__init__.py to __init__.cpython-310.pyc
[2.323s] byte-compiling /home/wyatt/ros2_ws/install/herding_control/lib/python3.10/site-packages/herding_control/herding_target_node.py to herding_target_node.cpython-310.pyc
[2.325s] running install_data
[2.326s] creating /home/wyatt/ros2_ws/install/herding_control/share/ament_index
[2.327s] creating /home/wyatt/ros2_ws/install/herding_control/share/ament_index/resource_index
[2.327s] creating /home/wyatt/ros2_ws/install/herding_control/share/ament_index/resource_index/packages
[2.327s] copying resource/herding_control -> /home/wyatt/ros2_ws/install/herding_control/share/ament_index/resource_index/packages
[2.327s] copying package.xml -> /home/wyatt/ros2_ws/install/herding_control/share/herding_control
[2.327s] running install_egg_info
[2.330s] Copying ../../build/herding_control/herding_control.egg-info to /home/wyatt/ros2_ws/install/herding_control/lib/python3.10/site-packages/herding_control-0.0.0-py3.10.egg-info
[2.330s] running install_scripts
[2.362s] Installing herding_agent_node script to /home/wyatt/ros2_ws/install/herding_control/lib/herding_control
[2.362s] Installing herding_target_node script to /home/wyatt/ros2_ws/install/herding_control/lib/herding_control
[2.363s] writing list of installed files to '/home/wyatt/ros2_ws/build/herding_control/install.log'
[3.059s] Invoked command in '/home/wyatt/ros2_ws/src/herding_control' returned '0': PYTHONPATH=/home/wyatt/ros2_ws/build/herding_control/prefix_override:/usr/lib/python3/dist-packages/colcon_core/task/python/colcon_distutils_commands:/home/wyatt/ros2_ws/install/herding_control/lib/python3.10/site-packages:${PYTHONPATH} /usr/bin/python3 -W ignore:setup.py install is deprecated setup.py egg_info --egg-base ../../build/herding_control build --build-base /home/wyatt/ros2_ws/build/herding_control/build install --record /home/wyatt/ros2_ws/build/herding_control/install.log --single-version-externally-managed install_data
