[3.615s] Invoking command in '/home/wyatt/ros2_ws/src/estop_button': PYTHONPATH=/home/wyatt/ros2_ws/build/estop_button/prefix_override:/home/wyatt/ros2_ws/install/estop_button/lib/python3.10/site-packages:${PYTHONPATH} /usr/bin/python3 setup.py egg_info --egg-base ../../build/estop_button build --build-base /home/wyatt/ros2_ws/build/estop_button/build install --record /home/wyatt/ros2_ws/build/estop_button/install.log --single-version-externally-managed
[4.346s] running egg_info
[4.349s] writing ../../build/estop_button/estop_button.egg-info/PKG-INFO
[4.350s] writing dependency_links to ../../build/estop_button/estop_button.egg-info/dependency_links.txt
[4.351s] writing entry points to ../../build/estop_button/estop_button.egg-info/entry_points.txt
[4.353s] writing requirements to ../../build/estop_button/estop_button.egg-info/requires.txt
[4.354s] writing top-level names to ../../build/estop_button/estop_button.egg-info/top_level.txt
[4.355s] reading manifest file '../../build/estop_button/estop_button.egg-info/SOURCES.txt'
[4.357s] writing manifest file '../../build/estop_button/estop_button.egg-info/SOURCES.txt'
[4.358s] running build
[4.359s] running build_py
[4.361s] running install
[4.362s] running install_lib
[4.363s] running install_data
[4.368s] running install_egg_info
[4.369s] removing '/home/wyatt/ros2_ws/install/estop_button/lib/python3.10/site-packages/estop_button-0.0.0-py3.10.egg-info' (and everything under it)
[4.369s] Copying ../../build/estop_button/estop_button.egg-info to /home/wyatt/ros2_ws/install/estop_button/lib/python3.10/site-packages/estop_button-0.0.0-py3.10.egg-info
[4.369s] running install_scripts
[4.421s] writing list of installed files to '/home/wyatt/ros2_ws/build/estop_button/install.log'
[5.099s] Invoked command in '/home/wyatt/ros2_ws/src/estop_button' returned '0': PYTHONPATH=/home/wyatt/ros2_ws/build/estop_button/prefix_override:/home/wyatt/ros2_ws/install/estop_button/lib/python3.10/site-packages:${PYTHONPATH} /usr/bin/python3 setup.py egg_info --egg-base ../../build/estop_button build --build-base /home/wyatt/ros2_ws/build/estop_button/build install --record /home/wyatt/ros2_ws/build/estop_button/install.log --single-version-externally-managed
