[1.542s] Invoking command in '/home/wyatt/git_ros2/ros2_ws/src/wind_speed_package': PYTHONPATH=/home/wyatt/git_ros2/ros2_ws/build/wind_speed_package/prefix_override:/home/wyatt/git_ros2/ros2_ws/install/wind_speed_package/lib/python3.10/site-packages:${PYTHONPATH} /usr/bin/python3 setup.py egg_info --egg-base ../../build/wind_speed_package build --build-base /home/wyatt/git_ros2/ros2_ws/build/wind_speed_package/build install --record /home/wyatt/git_ros2/ros2_ws/build/wind_speed_package/install.log --single-version-externally-managed
[1.770s] running egg_info
[1.772s] creating ../../build/wind_speed_package/wind_speed_package.egg-info
[1.772s] writing ../../build/wind_speed_package/wind_speed_package.egg-info/PKG-INFO
[1.772s] writing dependency_links to ../../build/wind_speed_package/wind_speed_package.egg-info/dependency_links.txt
[1.773s] writing entry points to ../../build/wind_speed_package/wind_speed_package.egg-info/entry_points.txt
[1.773s] writing requirements to ../../build/wind_speed_package/wind_speed_package.egg-info/requires.txt
[1.774s] writing top-level names to ../../build/wind_speed_package/wind_speed_package.egg-info/top_level.txt
[1.774s] writing manifest file '../../build/wind_speed_package/wind_speed_package.egg-info/SOURCES.txt'
[1.779s] reading manifest file '../../build/wind_speed_package/wind_speed_package.egg-info/SOURCES.txt'
[1.779s] writing manifest file '../../build/wind_speed_package/wind_speed_package.egg-info/SOURCES.txt'
[1.780s] running build
[1.780s] running build_py
[1.780s] creating /home/wyatt/git_ros2/ros2_ws/build/wind_speed_package/build
[1.780s] creating /home/wyatt/git_ros2/ros2_ws/build/wind_speed_package/build/lib
[1.780s] creating /home/wyatt/git_ros2/ros2_ws/build/wind_speed_package/build/lib/wind_speed_package
[1.781s] copying wind_speed_package/__init__.py -> /home/wyatt/git_ros2/ros2_ws/build/wind_speed_package/build/lib/wind_speed_package
[1.781s] copying wind_speed_package/wind_speed_node.py -> /home/wyatt/git_ros2/ros2_ws/build/wind_speed_package/build/lib/wind_speed_package
[1.781s] running install
[1.781s] running install_lib
[1.783s] /usr/lib/python3/dist-packages/setuptools/command/install.py:34: SetuptoolsDeprecationWarning: setup.py install is deprecated. Use build and pip and other standards-based tools.
[1.784s]   warnings.warn(
[1.786s] creating /home/wyatt/git_ros2/ros2_ws/install/wind_speed_package/lib/python3.10/site-packages/wind_speed_package
[1.786s] copying /home/wyatt/git_ros2/ros2_ws/build/wind_speed_package/build/lib/wind_speed_package/__init__.py -> /home/wyatt/git_ros2/ros2_ws/install/wind_speed_package/lib/python3.10/site-packages/wind_speed_package
[1.786s] copying /home/wyatt/git_ros2/ros2_ws/build/wind_speed_package/build/lib/wind_speed_package/wind_speed_node.py -> /home/wyatt/git_ros2/ros2_ws/install/wind_speed_package/lib/python3.10/site-packages/wind_speed_package
[1.787s] byte-compiling /home/wyatt/git_ros2/ros2_ws/install/wind_speed_package/lib/python3.10/site-packages/wind_speed_package/__init__.py to __init__.cpython-310.pyc
[1.787s] byte-compiling /home/wyatt/git_ros2/ros2_ws/install/wind_speed_package/lib/python3.10/site-packages/wind_speed_package/wind_speed_node.py to wind_speed_node.cpython-310.pyc
[1.789s] running install_data
[1.792s] creating /home/wyatt/git_ros2/ros2_ws/install/wind_speed_package/share/ament_index
[1.792s] creating /home/wyatt/git_ros2/ros2_ws/install/wind_speed_package/share/ament_index/resource_index
[1.792s] creating /home/wyatt/git_ros2/ros2_ws/install/wind_speed_package/share/ament_index/resource_index/packages
[1.792s] copying resource/wind_speed_package -> /home/wyatt/git_ros2/ros2_ws/install/wind_speed_package/share/ament_index/resource_index/packages
[1.792s] copying package.xml -> /home/wyatt/git_ros2/ros2_ws/install/wind_speed_package/share/wind_speed_package
[1.792s] running install_egg_info
[1.793s] Copying ../../build/wind_speed_package/wind_speed_package.egg-info to /home/wyatt/git_ros2/ros2_ws/install/wind_speed_package/lib/python3.10/site-packages/wind_speed_package-0.0.0-py3.10.egg-info
[1.793s] running install_scripts
[1.806s] Installing wind_speed_node script to /home/wyatt/git_ros2/ros2_ws/install/wind_speed_package/lib/wind_speed_package
[1.809s] writing list of installed files to '/home/wyatt/git_ros2/ros2_ws/build/wind_speed_package/install.log'
[1.891s] Invoked command in '/home/wyatt/git_ros2/ros2_ws/src/wind_speed_package' returned '0': PYTHONPATH=/home/wyatt/git_ros2/ros2_ws/build/wind_speed_package/prefix_override:/home/wyatt/git_ros2/ros2_ws/install/wind_speed_package/lib/python3.10/site-packages:${PYTHONPATH} /usr/bin/python3 setup.py egg_info --egg-base ../../build/wind_speed_package build --build-base /home/wyatt/git_ros2/ros2_ws/build/wind_speed_package/build install --record /home/wyatt/git_ros2/ros2_ws/build/wind_speed_package/install.log --single-version-externally-managed
