[2.107s] Invoking command in '/home/wyatt/ros2_ws/src/common/position_broadcaster': PYTHONPATH=/home/wyatt/ros2_ws/build/position_broadcaster/prefix_override:/usr/lib/python3/dist-packages/colcon_core/task/python/colcon_distutils_commands:/home/wyatt/ros2_ws/install/position_broadcaster/lib/python3.10/site-packages:${PYTHONPATH} /usr/bin/python3 -W ignore:setup.py install is deprecated setup.py egg_info --egg-base ../../../build/position_broadcaster build --build-base /home/wyatt/ros2_ws/build/position_broadcaster/build install --record /home/wyatt/ros2_ws/build/position_broadcaster/install.log --single-version-externally-managed install_data
[3.036s] running egg_info
[3.036s] creating ../../../build/position_broadcaster/position_broadcaster.egg-info
[3.037s] writing ../../../build/position_broadcaster/position_broadcaster.egg-info/PKG-INFO
[3.037s] writing dependency_links to ../../../build/position_broadcaster/position_broadcaster.egg-info/dependency_links.txt
[3.038s] writing entry points to ../../../build/position_broadcaster/position_broadcaster.egg-info/entry_points.txt
[3.038s] writing requirements to ../../../build/position_broadcaster/position_broadcaster.egg-info/requires.txt
[3.039s] writing top-level names to ../../../build/position_broadcaster/position_broadcaster.egg-info/top_level.txt
[3.039s] writing manifest file '../../../build/position_broadcaster/position_broadcaster.egg-info/SOURCES.txt'
[3.043s] reading manifest file '../../../build/position_broadcaster/position_broadcaster.egg-info/SOURCES.txt'
[3.049s] writing manifest file '../../../build/position_broadcaster/position_broadcaster.egg-info/SOURCES.txt'
[3.049s] running build
[3.050s] running build_py
[3.050s] creating /home/wyatt/ros2_ws/build/position_broadcaster/build
[3.051s] creating /home/wyatt/ros2_ws/build/position_broadcaster/build/lib
[3.051s] creating /home/wyatt/ros2_ws/build/position_broadcaster/build/lib/position_broadcaster
[3.051s] copying position_broadcaster/__init__.py -> /home/wyatt/ros2_ws/build/position_broadcaster/build/lib/position_broadcaster
[3.052s] copying position_broadcaster/position_broadcaster_node.py -> /home/wyatt/ros2_ws/build/position_broadcaster/build/lib/position_broadcaster
[3.053s] running install
[3.053s] running install_lib
[3.055s] creating /home/wyatt/ros2_ws/install/position_broadcaster/lib/python3.10/site-packages/position_broadcaster
[3.055s] copying /home/wyatt/ros2_ws/build/position_broadcaster/build/lib/position_broadcaster/__init__.py -> /home/wyatt/ros2_ws/install/position_broadcaster/lib/python3.10/site-packages/position_broadcaster
[3.055s] copying /home/wyatt/ros2_ws/build/position_broadcaster/build/lib/position_broadcaster/position_broadcaster_node.py -> /home/wyatt/ros2_ws/install/position_broadcaster/lib/python3.10/site-packages/position_broadcaster
[3.058s] byte-compiling /home/wyatt/ros2_ws/install/position_broadcaster/lib/python3.10/site-packages/position_broadcaster/__init__.py to __init__.cpython-310.pyc
[3.061s] byte-compiling /home/wyatt/ros2_ws/install/position_broadcaster/lib/python3.10/site-packages/position_broadcaster/position_broadcaster_node.py to position_broadcaster_node.cpython-310.pyc
[3.064s] running install_data
[3.064s] creating /home/wyatt/ros2_ws/install/position_broadcaster/share/ament_index
[3.064s] creating /home/wyatt/ros2_ws/install/position_broadcaster/share/ament_index/resource_index
[3.064s] creating /home/wyatt/ros2_ws/install/position_broadcaster/share/ament_index/resource_index/packages
[3.064s] copying resource/position_broadcaster -> /home/wyatt/ros2_ws/install/position_broadcaster/share/ament_index/resource_index/packages
[3.064s] copying package.xml -> /home/wyatt/ros2_ws/install/position_broadcaster/share/position_broadcaster
[3.064s] creating /home/wyatt/ros2_ws/install/position_broadcaster/share/position_broadcaster/launch
[3.064s] copying launch/position_broadcaster_launch.py -> /home/wyatt/ros2_ws/install/position_broadcaster/share/position_broadcaster/launch
[3.076s] running install_egg_info
[3.076s] Copying ../../../build/position_broadcaster/position_broadcaster.egg-info to /home/wyatt/ros2_ws/install/position_broadcaster/lib/python3.10/site-packages/position_broadcaster-0.0.0-py3.10.egg-info
[3.076s] running install_scripts
[3.184s] Installing position_broadcaster_node script to /home/wyatt/ros2_ws/install/position_broadcaster/lib/position_broadcaster
[3.185s] writing list of installed files to '/home/wyatt/ros2_ws/build/position_broadcaster/install.log'
[3.287s] Invoked command in '/home/wyatt/ros2_ws/src/common/position_broadcaster' returned '0': PYTHONPATH=/home/wyatt/ros2_ws/build/position_broadcaster/prefix_override:/usr/lib/python3/dist-packages/colcon_core/task/python/colcon_distutils_commands:/home/wyatt/ros2_ws/install/position_broadcaster/lib/python3.10/site-packages:${PYTHONPATH} /usr/bin/python3 -W ignore:setup.py install is deprecated setup.py egg_info --egg-base ../../../build/position_broadcaster build --build-base /home/wyatt/ros2_ws/build/position_broadcaster/build install --record /home/wyatt/ros2_ws/build/position_broadcaster/install.log --single-version-externally-managed install_data
