running egg_info
creating ../../build/jhyv_experiment_pkg/jhyv_experiment_pkg.egg-info
writing ../../build/jhyv_experiment_pkg/jhyv_experiment_pkg.egg-info/PKG-INFO
writing dependency_links to ../../build/jhyv_experiment_pkg/jhyv_experiment_pkg.egg-info/dependency_links.txt
writing entry points to ../../build/jhyv_experiment_pkg/jhyv_experiment_pkg.egg-info/entry_points.txt
writing requirements to ../../build/jhyv_experiment_pkg/jhyv_experiment_pkg.egg-info/requires.txt
writing top-level names to ../../build/jhyv_experiment_pkg/jhyv_experiment_pkg.egg-info/top_level.txt
writing manifest file '../../build/jhyv_experiment_pkg/jhyv_experiment_pkg.egg-info/SOURCES.txt'
reading manifest file '../../build/jhyv_experiment_pkg/jhyv_experiment_pkg.egg-info/SOURCES.txt'
writing manifest file '../../build/jhyv_experiment_pkg/jhyv_experiment_pkg.egg-info/SOURCES.txt'
running build
running build_py
creating /home/wyatt/Documents/GitHub/ros2_ws/build/jhyv_experiment_pkg/build
creating /home/wyatt/Documents/GitHub/ros2_ws/build/jhyv_experiment_pkg/build/lib
creating /home/wyatt/Documents/GitHub/ros2_ws/build/jhyv_experiment_pkg/build/lib/jhyv_experiment_pkg
copying jhyv_experiment_pkg/__init__.py -> /home/wyatt/Documents/GitHub/ros2_ws/build/jhyv_experiment_pkg/build/lib/jhyv_experiment_pkg
copying jhyv_experiment_pkg/fear_and_random_walk_node.py -> /home/wyatt/Documents/GitHub/ros2_ws/build/jhyv_experiment_pkg/build/lib/jhyv_experiment_pkg
running install
running install_lib
creating /home/wyatt/Documents/GitHub/ros2_ws/install/jhyv_experiment_pkg/lib/python3.12/site-packages/jhyv_experiment_pkg
copying /home/wyatt/Documents/GitHub/ros2_ws/build/jhyv_experiment_pkg/build/lib/jhyv_experiment_pkg/__init__.py -> /home/wyatt/Documents/GitHub/ros2_ws/install/jhyv_experiment_pkg/lib/python3.12/site-packages/jhyv_experiment_pkg
copying /home/wyatt/Documents/GitHub/ros2_ws/build/jhyv_experiment_pkg/build/lib/jhyv_experiment_pkg/fear_and_random_walk_node.py -> /home/wyatt/Documents/GitHub/ros2_ws/install/jhyv_experiment_pkg/lib/python3.12/site-packages/jhyv_experiment_pkg
byte-compiling /home/wyatt/Documents/GitHub/ros2_ws/install/jhyv_experiment_pkg/lib/python3.12/site-packages/jhyv_experiment_pkg/__init__.py to __init__.cpython-312.pyc
byte-compiling /home/wyatt/Documents/GitHub/ros2_ws/install/jhyv_experiment_pkg/lib/python3.12/site-packages/jhyv_experiment_pkg/fear_and_random_walk_node.py to fear_and_random_walk_node.cpython-312.pyc
running install_data
creating /home/wyatt/Documents/GitHub/ros2_ws/install/jhyv_experiment_pkg/share/ament_index
creating /home/wyatt/Documents/GitHub/ros2_ws/install/jhyv_experiment_pkg/share/ament_index/resource_index
creating /home/wyatt/Documents/GitHub/ros2_ws/install/jhyv_experiment_pkg/share/ament_index/resource_index/packages
copying resource/jhyv_experiment_pkg -> /home/wyatt/Documents/GitHub/ros2_ws/install/jhyv_experiment_pkg/share/ament_index/resource_index/packages
copying package.xml -> /home/wyatt/Documents/GitHub/ros2_ws/install/jhyv_experiment_pkg/share/jhyv_experiment_pkg
running install_egg_info
Copying ../../build/jhyv_experiment_pkg/jhyv_experiment_pkg.egg-info to /home/wyatt/Documents/GitHub/ros2_ws/install/jhyv_experiment_pkg/lib/python3.12/site-packages/jhyv_experiment_pkg-0.0.0-py3.12.egg-info
running install_scripts
Installing fear_and_random_walk_node script to /home/wyatt/Documents/GitHub/ros2_ws/install/jhyv_experiment_pkg/lib/jhyv_experiment_pkg
writing list of installed files to '/home/wyatt/Documents/GitHub/ros2_ws/build/jhyv_experiment_pkg/install.log'
