[1.697s] Invoking command in '/home/wyatt/ros2_ws/src/jhyv_experiment_pkg': PYTHONPATH=/home/wyatt/ros2_ws/build/jhyv_experiment_pkg/prefix_override:/usr/lib/python3/dist-packages/colcon_core/task/python/colcon_distutils_commands:/home/wyatt/ros2_ws/install/jhyv_experiment_pkg/lib/python3.10/site-packages:${PYTHONPATH} /usr/bin/python3 -W ignore:setup.py install is deprecated setup.py egg_info --egg-base ../../build/jhyv_experiment_pkg build --build-base /home/wyatt/ros2_ws/build/jhyv_experiment_pkg/build install --record /home/wyatt/ros2_ws/build/jhyv_experiment_pkg/install.log --single-version-externally-managed install_data
[2.178s] running egg_info
[2.180s] creating ../../build/jhyv_experiment_pkg/jhyv_experiment_pkg.egg-info
[2.182s] writing ../../build/jhyv_experiment_pkg/jhyv_experiment_pkg.egg-info/PKG-INFO
[2.182s] writing dependency_links to ../../build/jhyv_experiment_pkg/jhyv_experiment_pkg.egg-info/dependency_links.txt
[2.183s] writing entry points to ../../build/jhyv_experiment_pkg/jhyv_experiment_pkg.egg-info/entry_points.txt
[2.183s] writing requirements to ../../build/jhyv_experiment_pkg/jhyv_experiment_pkg.egg-info/requires.txt
[2.183s] writing top-level names to ../../build/jhyv_experiment_pkg/jhyv_experiment_pkg.egg-info/top_level.txt
[2.183s] writing manifest file '../../build/jhyv_experiment_pkg/jhyv_experiment_pkg.egg-info/SOURCES.txt'
[2.185s] reading manifest file '../../build/jhyv_experiment_pkg/jhyv_experiment_pkg.egg-info/SOURCES.txt'
[2.186s] writing manifest file '../../build/jhyv_experiment_pkg/jhyv_experiment_pkg.egg-info/SOURCES.txt'
[2.187s] running build
[2.188s] running build_py
[2.188s] creating /home/wyatt/ros2_ws/build/jhyv_experiment_pkg/build
[2.188s] creating /home/wyatt/ros2_ws/build/jhyv_experiment_pkg/build/lib
[2.188s] creating /home/wyatt/ros2_ws/build/jhyv_experiment_pkg/build/lib/jhyv_experiment_pkg
[2.188s] copying jhyv_experiment_pkg/__init__.py -> /home/wyatt/ros2_ws/build/jhyv_experiment_pkg/build/lib/jhyv_experiment_pkg
[2.190s] copying jhyv_experiment_pkg/fear_and_random_walk_node.py -> /home/wyatt/ros2_ws/build/jhyv_experiment_pkg/build/lib/jhyv_experiment_pkg
[2.190s] running install
[2.190s] running install_lib
[2.190s] creating /home/wyatt/ros2_ws/install/jhyv_experiment_pkg/lib/python3.10/site-packages/jhyv_experiment_pkg
[2.191s] copying /home/wyatt/ros2_ws/build/jhyv_experiment_pkg/build/lib/jhyv_experiment_pkg/__init__.py -> /home/wyatt/ros2_ws/install/jhyv_experiment_pkg/lib/python3.10/site-packages/jhyv_experiment_pkg
[2.191s] copying /home/wyatt/ros2_ws/build/jhyv_experiment_pkg/build/lib/jhyv_experiment_pkg/fear_and_random_walk_node.py -> /home/wyatt/ros2_ws/install/jhyv_experiment_pkg/lib/python3.10/site-packages/jhyv_experiment_pkg
[2.191s] byte-compiling /home/wyatt/ros2_ws/install/jhyv_experiment_pkg/lib/python3.10/site-packages/jhyv_experiment_pkg/__init__.py to __init__.cpython-310.pyc
[2.191s] byte-compiling /home/wyatt/ros2_ws/install/jhyv_experiment_pkg/lib/python3.10/site-packages/jhyv_experiment_pkg/fear_and_random_walk_node.py to fear_and_random_walk_node.cpython-310.pyc
[2.193s] running install_data
[2.193s] creating /home/wyatt/ros2_ws/install/jhyv_experiment_pkg/share/ament_index
[2.193s] creating /home/wyatt/ros2_ws/install/jhyv_experiment_pkg/share/ament_index/resource_index
[2.193s] creating /home/wyatt/ros2_ws/install/jhyv_experiment_pkg/share/ament_index/resource_index/packages
[2.194s] copying resource/jhyv_experiment_pkg -> /home/wyatt/ros2_ws/install/jhyv_experiment_pkg/share/ament_index/resource_index/packages
[2.194s] copying package.xml -> /home/wyatt/ros2_ws/install/jhyv_experiment_pkg/share/jhyv_experiment_pkg
[2.195s] running install_egg_info
[2.196s] Copying ../../build/jhyv_experiment_pkg/jhyv_experiment_pkg.egg-info to /home/wyatt/ros2_ws/install/jhyv_experiment_pkg/lib/python3.10/site-packages/jhyv_experiment_pkg-0.0.0-py3.10.egg-info
[2.198s] running install_scripts
[2.240s] Installing fear_and_random_walk_node script to /home/wyatt/ros2_ws/install/jhyv_experiment_pkg/lib/jhyv_experiment_pkg
[2.241s] writing list of installed files to '/home/wyatt/ros2_ws/build/jhyv_experiment_pkg/install.log'
[2.309s] Invoked command in '/home/wyatt/ros2_ws/src/jhyv_experiment_pkg' returned '0': PYTHONPATH=/home/wyatt/ros2_ws/build/jhyv_experiment_pkg/prefix_override:/usr/lib/python3/dist-packages/colcon_core/task/python/colcon_distutils_commands:/home/wyatt/ros2_ws/install/jhyv_experiment_pkg/lib/python3.10/site-packages:${PYTHONPATH} /usr/bin/python3 -W ignore:setup.py install is deprecated setup.py egg_info --egg-base ../../build/jhyv_experiment_pkg build --build-base /home/wyatt/ros2_ws/build/jhyv_experiment_pkg/build install --record /home/wyatt/ros2_ws/build/jhyv_experiment_pkg/install.log --single-version-externally-managed install_data
