[1.707s] DEBUG:colcon:Command line arguments: ['/usr/bin/colcon', 'build', '--packages-select', 'herding_v1_package']
[1.707s] DEBUG:colcon:Parsed command line arguments: Namespace(log_base=None, log_level=None, verb_name='build', build_base='build', install_base='install', merge_install=False, symlink_install=False, test_result_base=None, continue_on_error=False, executor='parallel', parallel_workers=4, event_handlers=None, ignore_user_meta=False, metas=['./colcon.meta'], base_paths=['.'], packages_ignore=None, packages_ignore_regex=None, paths=None, packages_up_to=None, packages_up_to_regex=None, packages_above=None, packages_above_and_dependencies=None, packages_above_depth=None, packages_select_by_dep=None, packages_skip_by_dep=None, packages_skip_up_to=None, packages_select_build_failed=False, packages_skip_build_finished=False, packages_select_test_failures=False, packages_skip_test_passed=False, packages_select=['herding_v1_package'], packages_skip=None, packages_select_regex=None, packages_skip_regex=None, packages_start=None, packages_end=None, allow_overriding=[], cmake_args=None, cmake_target=None, cmake_target_skip_unavailable=False, cmake_clean_cache=False, cmake_clean_first=False, cmake_force_configure=False, ament_cmake_args=None, catkin_cmake_args=None, catkin_skip_building_tests=False, verb_parser=<colcon_defaults.argument_parser.defaults.DefaultArgumentsDecorator object at 0x7ff5bcc35720>, verb_extension=<colcon_core.verb.build.BuildVerb object at 0x7ff5bd0e3a00>, main=<bound method BuildVerb.main of <colcon_core.verb.build.BuildVerb object at 0x7ff5bd0e3a00>>)
[1.782s] Level 1:colcon.colcon_core.package_discovery:discover_packages(colcon_meta) check parameters
[1.782s] Level 1:colcon.colcon_core.package_discovery:discover_packages(recursive) check parameters
[1.782s] Level 1:colcon.colcon_core.package_discovery:discover_packages(ignore) check parameters
[1.782s] Level 1:colcon.colcon_core.package_discovery:discover_packages(path) check parameters
[1.782s] Level 1:colcon.colcon_core.package_discovery:discover_packages(colcon_meta) discover
[1.782s] Level 1:colcon.colcon_core.package_discovery:discover_packages(recursive) discover
[1.782s] INFO:colcon.colcon_core.package_discovery:Crawling recursively for packages in '/home/wyatt/ros2_ws'
[1.783s] Level 1:colcon.colcon_core.package_identification:_identify(.) by extensions ['ignore', 'ignore_ament_install']
[1.783s] Level 1:colcon.colcon_core.package_identification:_identify(.) by extension 'ignore'
[1.783s] Level 1:colcon.colcon_core.package_identification:_identify(.) by extension 'ignore_ament_install'
[1.783s] Level 1:colcon.colcon_core.package_identification:_identify(.) by extensions ['colcon_pkg']
[1.783s] Level 1:colcon.colcon_core.package_identification:_identify(.) by extension 'colcon_pkg'
[1.783s] Level 1:colcon.colcon_core.package_identification:_identify(.) by extensions ['colcon_meta']
[1.783s] Level 1:colcon.colcon_core.package_identification:_identify(.) by extension 'colcon_meta'
[1.784s] Level 1:colcon.colcon_core.package_identification:_identify(.) by extensions ['ros']
[1.784s] Level 1:colcon.colcon_core.package_identification:_identify(.) by extension 'ros'
[1.801s] Level 1:colcon.colcon_core.package_identification:_identify(.) by extensions ['cmake', 'python']
[1.801s] Level 1:colcon.colcon_core.package_identification:_identify(.) by extension 'cmake'
[1.801s] Level 1:colcon.colcon_core.package_identification:_identify(.) by extension 'python'
[1.801s] Level 1:colcon.colcon_core.package_identification:_identify(.) by extensions ['python_setup_py']
[1.801s] Level 1:colcon.colcon_core.package_identification:_identify(.) by extension 'python_setup_py'
[1.801s] Level 1:colcon.colcon_core.package_identification:_identify(Simulation_2024-02-29_14-03-57) by extensions ['ignore', 'ignore_ament_install']
[1.801s] Level 1:colcon.colcon_core.package_identification:_identify(Simulation_2024-02-29_14-03-57) by extension 'ignore'
[1.801s] Level 1:colcon.colcon_core.package_identification:_identify(Simulation_2024-02-29_14-03-57) by extension 'ignore_ament_install'
[1.801s] Level 1:colcon.colcon_core.package_identification:_identify(Simulation_2024-02-29_14-03-57) by extensions ['colcon_pkg']
[1.802s] Level 1:colcon.colcon_core.package_identification:_identify(Simulation_2024-02-29_14-03-57) by extension 'colcon_pkg'
[1.802s] Level 1:colcon.colcon_core.package_identification:_identify(Simulation_2024-02-29_14-03-57) by extensions ['colcon_meta']
[1.802s] Level 1:colcon.colcon_core.package_identification:_identify(Simulation_2024-02-29_14-03-57) by extension 'colcon_meta'
[1.802s] Level 1:colcon.colcon_core.package_identification:_identify(Simulation_2024-02-29_14-03-57) by extensions ['ros']
[1.802s] Level 1:colcon.colcon_core.package_identification:_identify(Simulation_2024-02-29_14-03-57) by extension 'ros'
[1.802s] Level 1:colcon.colcon_core.package_identification:_identify(Simulation_2024-02-29_14-03-57) by extensions ['cmake', 'python']
[1.802s] Level 1:colcon.colcon_core.package_identification:_identify(Simulation_2024-02-29_14-03-57) by extension 'cmake'
[1.802s] Level 1:colcon.colcon_core.package_identification:_identify(Simulation_2024-02-29_14-03-57) by extension 'python'
[1.802s] Level 1:colcon.colcon_core.package_identification:_identify(Simulation_2024-02-29_14-03-57) by extensions ['python_setup_py']
[1.802s] Level 1:colcon.colcon_core.package_identification:_identify(Simulation_2024-02-29_14-03-57) by extension 'python_setup_py'
[1.802s] Level 1:colcon.colcon_core.package_identification:_identify(Simulation_2024-02-29_14-05-21) by extensions ['ignore', 'ignore_ament_install']
[1.803s] Level 1:colcon.colcon_core.package_identification:_identify(Simulation_2024-02-29_14-05-21) by extension 'ignore'
[1.803s] Level 1:colcon.colcon_core.package_identification:_identify(Simulation_2024-02-29_14-05-21) by extension 'ignore_ament_install'
[1.803s] Level 1:colcon.colcon_core.package_identification:_identify(Simulation_2024-02-29_14-05-21) by extensions ['colcon_pkg']
[1.803s] Level 1:colcon.colcon_core.package_identification:_identify(Simulation_2024-02-29_14-05-21) by extension 'colcon_pkg'
[1.803s] Level 1:colcon.colcon_core.package_identification:_identify(Simulation_2024-02-29_14-05-21) by extensions ['colcon_meta']
[1.803s] Level 1:colcon.colcon_core.package_identification:_identify(Simulation_2024-02-29_14-05-21) by extension 'colcon_meta'
[1.803s] Level 1:colcon.colcon_core.package_identification:_identify(Simulation_2024-02-29_14-05-21) by extensions ['ros']
[1.803s] Level 1:colcon.colcon_core.package_identification:_identify(Simulation_2024-02-29_14-05-21) by extension 'ros'
[1.803s] Level 1:colcon.colcon_core.package_identification:_identify(Simulation_2024-02-29_14-05-21) by extensions ['cmake', 'python']
[1.803s] Level 1:colcon.colcon_core.package_identification:_identify(Simulation_2024-02-29_14-05-21) by extension 'cmake'
[1.803s] Level 1:colcon.colcon_core.package_identification:_identify(Simulation_2024-02-29_14-05-21) by extension 'python'
[1.803s] Level 1:colcon.colcon_core.package_identification:_identify(Simulation_2024-02-29_14-05-21) by extensions ['python_setup_py']
[1.803s] Level 1:colcon.colcon_core.package_identification:_identify(Simulation_2024-02-29_14-05-21) by extension 'python_setup_py'
[1.804s] Level 1:colcon.colcon_core.package_identification:_identify(Simulation_2024-02-29_14-06-35) by extensions ['ignore', 'ignore_ament_install']
[1.804s] Level 1:colcon.colcon_core.package_identification:_identify(Simulation_2024-02-29_14-06-35) by extension 'ignore'
[1.804s] Level 1:colcon.colcon_core.package_identification:_identify(Simulation_2024-02-29_14-06-35) by extension 'ignore_ament_install'
[1.804s] Level 1:colcon.colcon_core.package_identification:_identify(Simulation_2024-02-29_14-06-35) by extensions ['colcon_pkg']
[1.804s] Level 1:colcon.colcon_core.package_identification:_identify(Simulation_2024-02-29_14-06-35) by extension 'colcon_pkg'
[1.804s] Level 1:colcon.colcon_core.package_identification:_identify(Simulation_2024-02-29_14-06-35) by extensions ['colcon_meta']
[1.804s] Level 1:colcon.colcon_core.package_identification:_identify(Simulation_2024-02-29_14-06-35) by extension 'colcon_meta'
[1.804s] Level 1:colcon.colcon_core.package_identification:_identify(Simulation_2024-02-29_14-06-35) by extensions ['ros']
[1.804s] Level 1:colcon.colcon_core.package_identification:_identify(Simulation_2024-02-29_14-06-35) by extension 'ros'
[1.804s] Level 1:colcon.colcon_core.package_identification:_identify(Simulation_2024-02-29_14-06-35) by extensions ['cmake', 'python']
[1.804s] Level 1:colcon.colcon_core.package_identification:_identify(Simulation_2024-02-29_14-06-35) by extension 'cmake'
[1.804s] Level 1:colcon.colcon_core.package_identification:_identify(Simulation_2024-02-29_14-06-35) by extension 'python'
[1.804s] Level 1:colcon.colcon_core.package_identification:_identify(Simulation_2024-02-29_14-06-35) by extensions ['python_setup_py']
[1.804s] Level 1:colcon.colcon_core.package_identification:_identify(Simulation_2024-02-29_14-06-35) by extension 'python_setup_py'
[1.805s] Level 1:colcon.colcon_core.package_identification:_identify(Simulation_2024-02-29_14-09-14) by extensions ['ignore', 'ignore_ament_install']
[1.805s] Level 1:colcon.colcon_core.package_identification:_identify(Simulation_2024-02-29_14-09-14) by extension 'ignore'
[1.805s] Level 1:colcon.colcon_core.package_identification:_identify(Simulation_2024-02-29_14-09-14) by extension 'ignore_ament_install'
[1.805s] Level 1:colcon.colcon_core.package_identification:_identify(Simulation_2024-02-29_14-09-14) by extensions ['colcon_pkg']
[1.805s] Level 1:colcon.colcon_core.package_identification:_identify(Simulation_2024-02-29_14-09-14) by extension 'colcon_pkg'
[1.805s] Level 1:colcon.colcon_core.package_identification:_identify(Simulation_2024-02-29_14-09-14) by extensions ['colcon_meta']
[1.805s] Level 1:colcon.colcon_core.package_identification:_identify(Simulation_2024-02-29_14-09-14) by extension 'colcon_meta'
[1.805s] Level 1:colcon.colcon_core.package_identification:_identify(Simulation_2024-02-29_14-09-14) by extensions ['ros']
[1.805s] Level 1:colcon.colcon_core.package_identification:_identify(Simulation_2024-02-29_14-09-14) by extension 'ros'
[1.805s] Level 1:colcon.colcon_core.package_identification:_identify(Simulation_2024-02-29_14-09-14) by extensions ['cmake', 'python']
[1.805s] Level 1:colcon.colcon_core.package_identification:_identify(Simulation_2024-02-29_14-09-14) by extension 'cmake'
[1.805s] Level 1:colcon.colcon_core.package_identification:_identify(Simulation_2024-02-29_14-09-14) by extension 'python'
[1.806s] Level 1:colcon.colcon_core.package_identification:_identify(Simulation_2024-02-29_14-09-14) by extensions ['python_setup_py']
[1.806s] Level 1:colcon.colcon_core.package_identification:_identify(Simulation_2024-02-29_14-09-14) by extension 'python_setup_py'
[1.806s] Level 1:colcon.colcon_core.package_identification:_identify(Simulation_2024-02-29_14-15-32) by extensions ['ignore', 'ignore_ament_install']
[1.806s] Level 1:colcon.colcon_core.package_identification:_identify(Simulation_2024-02-29_14-15-32) by extension 'ignore'
[1.806s] Level 1:colcon.colcon_core.package_identification:_identify(Simulation_2024-02-29_14-15-32) by extension 'ignore_ament_install'
[1.806s] Level 1:colcon.colcon_core.package_identification:_identify(Simulation_2024-02-29_14-15-32) by extensions ['colcon_pkg']
[1.806s] Level 1:colcon.colcon_core.package_identification:_identify(Simulation_2024-02-29_14-15-32) by extension 'colcon_pkg'
[1.806s] Level 1:colcon.colcon_core.package_identification:_identify(Simulation_2024-02-29_14-15-32) by extensions ['colcon_meta']
[1.806s] Level 1:colcon.colcon_core.package_identification:_identify(Simulation_2024-02-29_14-15-32) by extension 'colcon_meta'
[1.806s] Level 1:colcon.colcon_core.package_identification:_identify(Simulation_2024-02-29_14-15-32) by extensions ['ros']
[1.806s] Level 1:colcon.colcon_core.package_identification:_identify(Simulation_2024-02-29_14-15-32) by extension 'ros'
[1.806s] Level 1:colcon.colcon_core.package_identification:_identify(Simulation_2024-02-29_14-15-32) by extensions ['cmake', 'python']
[1.806s] Level 1:colcon.colcon_core.package_identification:_identify(Simulation_2024-02-29_14-15-32) by extension 'cmake'
[1.807s] Level 1:colcon.colcon_core.package_identification:_identify(Simulation_2024-02-29_14-15-32) by extension 'python'
[1.807s] Level 1:colcon.colcon_core.package_identification:_identify(Simulation_2024-02-29_14-15-32) by extensions ['python_setup_py']
[1.807s] Level 1:colcon.colcon_core.package_identification:_identify(Simulation_2024-02-29_14-15-32) by extension 'python_setup_py'
[1.807s] Level 1:colcon.colcon_core.package_identification:_identify(Simulation_2024-02-29_14-16-12) by extensions ['ignore', 'ignore_ament_install']
[1.807s] Level 1:colcon.colcon_core.package_identification:_identify(Simulation_2024-02-29_14-16-12) by extension 'ignore'
[1.807s] Level 1:colcon.colcon_core.package_identification:_identify(Simulation_2024-02-29_14-16-12) by extension 'ignore_ament_install'
[1.807s] Level 1:colcon.colcon_core.package_identification:_identify(Simulation_2024-02-29_14-16-12) by extensions ['colcon_pkg']
[1.807s] Level 1:colcon.colcon_core.package_identification:_identify(Simulation_2024-02-29_14-16-12) by extension 'colcon_pkg'
[1.807s] Level 1:colcon.colcon_core.package_identification:_identify(Simulation_2024-02-29_14-16-12) by extensions ['colcon_meta']
[1.807s] Level 1:colcon.colcon_core.package_identification:_identify(Simulation_2024-02-29_14-16-12) by extension 'colcon_meta'
[1.807s] Level 1:colcon.colcon_core.package_identification:_identify(Simulation_2024-02-29_14-16-12) by extensions ['ros']
[1.807s] Level 1:colcon.colcon_core.package_identification:_identify(Simulation_2024-02-29_14-16-12) by extension 'ros'
[1.808s] Level 1:colcon.colcon_core.package_identification:_identify(Simulation_2024-02-29_14-16-12) by extensions ['cmake', 'python']
[1.808s] Level 1:colcon.colcon_core.package_identification:_identify(Simulation_2024-02-29_14-16-12) by extension 'cmake'
[1.808s] Level 1:colcon.colcon_core.package_identification:_identify(Simulation_2024-02-29_14-16-12) by extension 'python'
[1.808s] Level 1:colcon.colcon_core.package_identification:_identify(Simulation_2024-02-29_14-16-12) by extensions ['python_setup_py']
[1.808s] Level 1:colcon.colcon_core.package_identification:_identify(Simulation_2024-02-29_14-16-12) by extension 'python_setup_py'
[1.808s] Level 1:colcon.colcon_core.package_identification:_identify(Simulation_2024-02-29_14-17-44) by extensions ['ignore', 'ignore_ament_install']
[1.808s] Level 1:colcon.colcon_core.package_identification:_identify(Simulation_2024-02-29_14-17-44) by extension 'ignore'
[1.808s] Level 1:colcon.colcon_core.package_identification:_identify(Simulation_2024-02-29_14-17-44) by extension 'ignore_ament_install'
[1.808s] Level 1:colcon.colcon_core.package_identification:_identify(Simulation_2024-02-29_14-17-44) by extensions ['colcon_pkg']
[1.808s] Level 1:colcon.colcon_core.package_identification:_identify(Simulation_2024-02-29_14-17-44) by extension 'colcon_pkg'
[1.808s] Level 1:colcon.colcon_core.package_identification:_identify(Simulation_2024-02-29_14-17-44) by extensions ['colcon_meta']
[1.808s] Level 1:colcon.colcon_core.package_identification:_identify(Simulation_2024-02-29_14-17-44) by extension 'colcon_meta'
[1.808s] Level 1:colcon.colcon_core.package_identification:_identify(Simulation_2024-02-29_14-17-44) by extensions ['ros']
[1.809s] Level 1:colcon.colcon_core.package_identification:_identify(Simulation_2024-02-29_14-17-44) by extension 'ros'
[1.809s] Level 1:colcon.colcon_core.package_identification:_identify(Simulation_2024-02-29_14-17-44) by extensions ['cmake', 'python']
[1.809s] Level 1:colcon.colcon_core.package_identification:_identify(Simulation_2024-02-29_14-17-44) by extension 'cmake'
[1.809s] Level 1:colcon.colcon_core.package_identification:_identify(Simulation_2024-02-29_14-17-44) by extension 'python'
[1.809s] Level 1:colcon.colcon_core.package_identification:_identify(Simulation_2024-02-29_14-17-44) by extensions ['python_setup_py']
[1.809s] Level 1:colcon.colcon_core.package_identification:_identify(Simulation_2024-02-29_14-17-44) by extension 'python_setup_py'
[1.809s] Level 1:colcon.colcon_core.package_identification:_identify(Simulation_2024-02-29_14-19-48) by extensions ['ignore', 'ignore_ament_install']
[1.809s] Level 1:colcon.colcon_core.package_identification:_identify(Simulation_2024-02-29_14-19-48) by extension 'ignore'
[1.809s] Level 1:colcon.colcon_core.package_identification:_identify(Simulation_2024-02-29_14-19-48) by extension 'ignore_ament_install'
[1.809s] Level 1:colcon.colcon_core.package_identification:_identify(Simulation_2024-02-29_14-19-48) by extensions ['colcon_pkg']
[1.809s] Level 1:colcon.colcon_core.package_identification:_identify(Simulation_2024-02-29_14-19-48) by extension 'colcon_pkg'
[1.809s] Level 1:colcon.colcon_core.package_identification:_identify(Simulation_2024-02-29_14-19-48) by extensions ['colcon_meta']
[1.809s] Level 1:colcon.colcon_core.package_identification:_identify(Simulation_2024-02-29_14-19-48) by extension 'colcon_meta'
[1.810s] Level 1:colcon.colcon_core.package_identification:_identify(Simulation_2024-02-29_14-19-48) by extensions ['ros']
[1.810s] Level 1:colcon.colcon_core.package_identification:_identify(Simulation_2024-02-29_14-19-48) by extension 'ros'
[1.810s] Level 1:colcon.colcon_core.package_identification:_identify(Simulation_2024-02-29_14-19-48) by extensions ['cmake', 'python']
[1.810s] Level 1:colcon.colcon_core.package_identification:_identify(Simulation_2024-02-29_14-19-48) by extension 'cmake'
[1.810s] Level 1:colcon.colcon_core.package_identification:_identify(Simulation_2024-02-29_14-19-48) by extension 'python'
[1.810s] Level 1:colcon.colcon_core.package_identification:_identify(Simulation_2024-02-29_14-19-48) by extensions ['python_setup_py']
[1.810s] Level 1:colcon.colcon_core.package_identification:_identify(Simulation_2024-02-29_14-19-48) by extension 'python_setup_py'
[1.810s] Level 1:colcon.colcon_core.package_identification:_identify(Simulation_2024-02-29_14-23-50) by extensions ['ignore', 'ignore_ament_install']
[1.810s] Level 1:colcon.colcon_core.package_identification:_identify(Simulation_2024-02-29_14-23-50) by extension 'ignore'
[1.810s] Level 1:colcon.colcon_core.package_identification:_identify(Simulation_2024-02-29_14-23-50) by extension 'ignore_ament_install'
[1.810s] Level 1:colcon.colcon_core.package_identification:_identify(Simulation_2024-02-29_14-23-50) by extensions ['colcon_pkg']
[1.810s] Level 1:colcon.colcon_core.package_identification:_identify(Simulation_2024-02-29_14-23-50) by extension 'colcon_pkg'
[1.811s] Level 1:colcon.colcon_core.package_identification:_identify(Simulation_2024-02-29_14-23-50) by extensions ['colcon_meta']
[1.811s] Level 1:colcon.colcon_core.package_identification:_identify(Simulation_2024-02-29_14-23-50) by extension 'colcon_meta'
[1.811s] Level 1:colcon.colcon_core.package_identification:_identify(Simulation_2024-02-29_14-23-50) by extensions ['ros']
[1.811s] Level 1:colcon.colcon_core.package_identification:_identify(Simulation_2024-02-29_14-23-50) by extension 'ros'
[1.811s] Level 1:colcon.colcon_core.package_identification:_identify(Simulation_2024-02-29_14-23-50) by extensions ['cmake', 'python']
[1.811s] Level 1:colcon.colcon_core.package_identification:_identify(Simulation_2024-02-29_14-23-50) by extension 'cmake'
[1.811s] Level 1:colcon.colcon_core.package_identification:_identify(Simulation_2024-02-29_14-23-50) by extension 'python'
[1.811s] Level 1:colcon.colcon_core.package_identification:_identify(Simulation_2024-02-29_14-23-50) by extensions ['python_setup_py']
[1.811s] Level 1:colcon.colcon_core.package_identification:_identify(Simulation_2024-02-29_14-23-50) by extension 'python_setup_py'
[1.811s] Level 1:colcon.colcon_core.package_identification:_identify(Simulation_2024-02-29_14-24-38) by extensions ['ignore', 'ignore_ament_install']
[1.811s] Level 1:colcon.colcon_core.package_identification:_identify(Simulation_2024-02-29_14-24-38) by extension 'ignore'
[1.811s] Level 1:colcon.colcon_core.package_identification:_identify(Simulation_2024-02-29_14-24-38) by extension 'ignore_ament_install'
[1.812s] Level 1:colcon.colcon_core.package_identification:_identify(Simulation_2024-02-29_14-24-38) by extensions ['colcon_pkg']
[1.812s] Level 1:colcon.colcon_core.package_identification:_identify(Simulation_2024-02-29_14-24-38) by extension 'colcon_pkg'
[1.812s] Level 1:colcon.colcon_core.package_identification:_identify(Simulation_2024-02-29_14-24-38) by extensions ['colcon_meta']
[1.812s] Level 1:colcon.colcon_core.package_identification:_identify(Simulation_2024-02-29_14-24-38) by extension 'colcon_meta'
[1.812s] Level 1:colcon.colcon_core.package_identification:_identify(Simulation_2024-02-29_14-24-38) by extensions ['ros']
[1.812s] Level 1:colcon.colcon_core.package_identification:_identify(Simulation_2024-02-29_14-24-38) by extension 'ros'
[1.812s] Level 1:colcon.colcon_core.package_identification:_identify(Simulation_2024-02-29_14-24-38) by extensions ['cmake', 'python']
[1.812s] Level 1:colcon.colcon_core.package_identification:_identify(Simulation_2024-02-29_14-24-38) by extension 'cmake'
[1.812s] Level 1:colcon.colcon_core.package_identification:_identify(Simulation_2024-02-29_14-24-38) by extension 'python'
[1.812s] Level 1:colcon.colcon_core.package_identification:_identify(Simulation_2024-02-29_14-24-38) by extensions ['python_setup_py']
[1.812s] Level 1:colcon.colcon_core.package_identification:_identify(Simulation_2024-02-29_14-24-38) by extension 'python_setup_py'
[1.812s] Level 1:colcon.colcon_core.package_identification:_identify(Simulation_2024-02-29_14-26-00) by extensions ['ignore', 'ignore_ament_install']
[1.813s] Level 1:colcon.colcon_core.package_identification:_identify(Simulation_2024-02-29_14-26-00) by extension 'ignore'
[1.813s] Level 1:colcon.colcon_core.package_identification:_identify(Simulation_2024-02-29_14-26-00) by extension 'ignore_ament_install'
[1.813s] Level 1:colcon.colcon_core.package_identification:_identify(Simulation_2024-02-29_14-26-00) by extensions ['colcon_pkg']
[1.813s] Level 1:colcon.colcon_core.package_identification:_identify(Simulation_2024-02-29_14-26-00) by extension 'colcon_pkg'
[1.813s] Level 1:colcon.colcon_core.package_identification:_identify(Simulation_2024-02-29_14-26-00) by extensions ['colcon_meta']
[1.813s] Level 1:colcon.colcon_core.package_identification:_identify(Simulation_2024-02-29_14-26-00) by extension 'colcon_meta'
[1.813s] Level 1:colcon.colcon_core.package_identification:_identify(Simulation_2024-02-29_14-26-00) by extensions ['ros']
[1.813s] Level 1:colcon.colcon_core.package_identification:_identify(Simulation_2024-02-29_14-26-00) by extension 'ros'
[1.813s] Level 1:colcon.colcon_core.package_identification:_identify(Simulation_2024-02-29_14-26-00) by extensions ['cmake', 'python']
[1.813s] Level 1:colcon.colcon_core.package_identification:_identify(Simulation_2024-02-29_14-26-00) by extension 'cmake'
[1.813s] Level 1:colcon.colcon_core.package_identification:_identify(Simulation_2024-02-29_14-26-00) by extension 'python'
[1.813s] Level 1:colcon.colcon_core.package_identification:_identify(Simulation_2024-02-29_14-26-00) by extensions ['python_setup_py']
[1.813s] Level 1:colcon.colcon_core.package_identification:_identify(Simulation_2024-02-29_14-26-00) by extension 'python_setup_py'
[1.814s] Level 1:colcon.colcon_core.package_identification:_identify(Simulation_2024-02-29_14-27-00) by extensions ['ignore', 'ignore_ament_install']
[1.814s] Level 1:colcon.colcon_core.package_identification:_identify(Simulation_2024-02-29_14-27-00) by extension 'ignore'
[1.814s] Level 1:colcon.colcon_core.package_identification:_identify(Simulation_2024-02-29_14-27-00) by extension 'ignore_ament_install'
[1.814s] Level 1:colcon.colcon_core.package_identification:_identify(Simulation_2024-02-29_14-27-00) by extensions ['colcon_pkg']
[1.814s] Level 1:colcon.colcon_core.package_identification:_identify(Simulation_2024-02-29_14-27-00) by extension 'colcon_pkg'
[1.814s] Level 1:colcon.colcon_core.package_identification:_identify(Simulation_2024-02-29_14-27-00) by extensions ['colcon_meta']
[1.814s] Level 1:colcon.colcon_core.package_identification:_identify(Simulation_2024-02-29_14-27-00) by extension 'colcon_meta'
[1.814s] Level 1:colcon.colcon_core.package_identification:_identify(Simulation_2024-02-29_14-27-00) by extensions ['ros']
[1.814s] Level 1:colcon.colcon_core.package_identification:_identify(Simulation_2024-02-29_14-27-00) by extension 'ros'
[1.814s] Level 1:colcon.colcon_core.package_identification:_identify(Simulation_2024-02-29_14-27-00) by extensions ['cmake', 'python']
[1.814s] Level 1:colcon.colcon_core.package_identification:_identify(Simulation_2024-02-29_14-27-00) by extension 'cmake'
[1.814s] Level 1:colcon.colcon_core.package_identification:_identify(Simulation_2024-02-29_14-27-00) by extension 'python'
[1.814s] Level 1:colcon.colcon_core.package_identification:_identify(Simulation_2024-02-29_14-27-00) by extensions ['python_setup_py']
[1.815s] Level 1:colcon.colcon_core.package_identification:_identify(Simulation_2024-02-29_14-27-00) by extension 'python_setup_py'
[1.815s] Level 1:colcon.colcon_core.package_identification:_identify(Simulation_2024-02-29_14-27-55) by extensions ['ignore', 'ignore_ament_install']
[1.815s] Level 1:colcon.colcon_core.package_identification:_identify(Simulation_2024-02-29_14-27-55) by extension 'ignore'
[1.815s] Level 1:colcon.colcon_core.package_identification:_identify(Simulation_2024-02-29_14-27-55) by extension 'ignore_ament_install'
[1.815s] Level 1:colcon.colcon_core.package_identification:_identify(Simulation_2024-02-29_14-27-55) by extensions ['colcon_pkg']
[1.815s] Level 1:colcon.colcon_core.package_identification:_identify(Simulation_2024-02-29_14-27-55) by extension 'colcon_pkg'
[1.815s] Level 1:colcon.colcon_core.package_identification:_identify(Simulation_2024-02-29_14-27-55) by extensions ['colcon_meta']
[1.815s] Level 1:colcon.colcon_core.package_identification:_identify(Simulation_2024-02-29_14-27-55) by extension 'colcon_meta'
[1.815s] Level 1:colcon.colcon_core.package_identification:_identify(Simulation_2024-02-29_14-27-55) by extensions ['ros']
[1.815s] Level 1:colcon.colcon_core.package_identification:_identify(Simulation_2024-02-29_14-27-55) by extension 'ros'
[1.815s] Level 1:colcon.colcon_core.package_identification:_identify(Simulation_2024-02-29_14-27-55) by extensions ['cmake', 'python']
[1.815s] Level 1:colcon.colcon_core.package_identification:_identify(Simulation_2024-02-29_14-27-55) by extension 'cmake'
[1.816s] Level 1:colcon.colcon_core.package_identification:_identify(Simulation_2024-02-29_14-27-55) by extension 'python'
[1.816s] Level 1:colcon.colcon_core.package_identification:_identify(Simulation_2024-02-29_14-27-55) by extensions ['python_setup_py']
[1.816s] Level 1:colcon.colcon_core.package_identification:_identify(Simulation_2024-02-29_14-27-55) by extension 'python_setup_py'
[1.816s] Level 1:colcon.colcon_core.package_identification:_identify(Simulation_2024-02-29_14-40-53) by extensions ['ignore', 'ignore_ament_install']
[1.816s] Level 1:colcon.colcon_core.package_identification:_identify(Simulation_2024-02-29_14-40-53) by extension 'ignore'
[1.816s] Level 1:colcon.colcon_core.package_identification:_identify(Simulation_2024-02-29_14-40-53) by extension 'ignore_ament_install'
[1.816s] Level 1:colcon.colcon_core.package_identification:_identify(Simulation_2024-02-29_14-40-53) by extensions ['colcon_pkg']
[1.816s] Level 1:colcon.colcon_core.package_identification:_identify(Simulation_2024-02-29_14-40-53) by extension 'colcon_pkg'
[1.816s] Level 1:colcon.colcon_core.package_identification:_identify(Simulation_2024-02-29_14-40-53) by extensions ['colcon_meta']
[1.816s] Level 1:colcon.colcon_core.package_identification:_identify(Simulation_2024-02-29_14-40-53) by extension 'colcon_meta'
[1.816s] Level 1:colcon.colcon_core.package_identification:_identify(Simulation_2024-02-29_14-40-53) by extensions ['ros']
[1.816s] Level 1:colcon.colcon_core.package_identification:_identify(Simulation_2024-02-29_14-40-53) by extension 'ros'
[1.817s] Level 1:colcon.colcon_core.package_identification:_identify(Simulation_2024-02-29_14-40-53) by extensions ['cmake', 'python']
[1.817s] Level 1:colcon.colcon_core.package_identification:_identify(Simulation_2024-02-29_14-40-53) by extension 'cmake'
[1.817s] Level 1:colcon.colcon_core.package_identification:_identify(Simulation_2024-02-29_14-40-53) by extension 'python'
[1.817s] Level 1:colcon.colcon_core.package_identification:_identify(Simulation_2024-02-29_14-40-53) by extensions ['python_setup_py']
[1.817s] Level 1:colcon.colcon_core.package_identification:_identify(Simulation_2024-02-29_14-40-53) by extension 'python_setup_py'
[1.817s] Level 1:colcon.colcon_core.package_identification:_identify(Simulation_2024-02-29_14-41-44) by extensions ['ignore', 'ignore_ament_install']
[1.817s] Level 1:colcon.colcon_core.package_identification:_identify(Simulation_2024-02-29_14-41-44) by extension 'ignore'
[1.817s] Level 1:colcon.colcon_core.package_identification:_identify(Simulation_2024-02-29_14-41-44) by extension 'ignore_ament_install'
[1.817s] Level 1:colcon.colcon_core.package_identification:_identify(Simulation_2024-02-29_14-41-44) by extensions ['colcon_pkg']
[1.817s] Level 1:colcon.colcon_core.package_identification:_identify(Simulation_2024-02-29_14-41-44) by extension 'colcon_pkg'
[1.817s] Level 1:colcon.colcon_core.package_identification:_identify(Simulation_2024-02-29_14-41-44) by extensions ['colcon_meta']
[1.817s] Level 1:colcon.colcon_core.package_identification:_identify(Simulation_2024-02-29_14-41-44) by extension 'colcon_meta'
[1.817s] Level 1:colcon.colcon_core.package_identification:_identify(Simulation_2024-02-29_14-41-44) by extensions ['ros']
[1.817s] Level 1:colcon.colcon_core.package_identification:_identify(Simulation_2024-02-29_14-41-44) by extension 'ros'
[1.818s] Level 1:colcon.colcon_core.package_identification:_identify(Simulation_2024-02-29_14-41-44) by extensions ['cmake', 'python']
[1.818s] Level 1:colcon.colcon_core.package_identification:_identify(Simulation_2024-02-29_14-41-44) by extension 'cmake'
[1.818s] Level 1:colcon.colcon_core.package_identification:_identify(Simulation_2024-02-29_14-41-44) by extension 'python'
[1.818s] Level 1:colcon.colcon_core.package_identification:_identify(Simulation_2024-02-29_14-41-44) by extensions ['python_setup_py']
[1.818s] Level 1:colcon.colcon_core.package_identification:_identify(Simulation_2024-02-29_14-41-44) by extension 'python_setup_py'
[1.818s] Level 1:colcon.colcon_core.package_identification:_identify(Simulation_2024-02-29_14-45-23) by extensions ['ignore', 'ignore_ament_install']
[1.818s] Level 1:colcon.colcon_core.package_identification:_identify(Simulation_2024-02-29_14-45-23) by extension 'ignore'
[1.818s] Level 1:colcon.colcon_core.package_identification:_identify(Simulation_2024-02-29_14-45-23) by extension 'ignore_ament_install'
[1.818s] Level 1:colcon.colcon_core.package_identification:_identify(Simulation_2024-02-29_14-45-23) by extensions ['colcon_pkg']
[1.818s] Level 1:colcon.colcon_core.package_identification:_identify(Simulation_2024-02-29_14-45-23) by extension 'colcon_pkg'
[1.818s] Level 1:colcon.colcon_core.package_identification:_identify(Simulation_2024-02-29_14-45-23) by extensions ['colcon_meta']
[1.818s] Level 1:colcon.colcon_core.package_identification:_identify(Simulation_2024-02-29_14-45-23) by extension 'colcon_meta'
[1.819s] Level 1:colcon.colcon_core.package_identification:_identify(Simulation_2024-02-29_14-45-23) by extensions ['ros']
[1.819s] Level 1:colcon.colcon_core.package_identification:_identify(Simulation_2024-02-29_14-45-23) by extension 'ros'
[1.819s] Level 1:colcon.colcon_core.package_identification:_identify(Simulation_2024-02-29_14-45-23) by extensions ['cmake', 'python']
[1.819s] Level 1:colcon.colcon_core.package_identification:_identify(Simulation_2024-02-29_14-45-23) by extension 'cmake'
[1.819s] Level 1:colcon.colcon_core.package_identification:_identify(Simulation_2024-02-29_14-45-23) by extension 'python'
[1.819s] Level 1:colcon.colcon_core.package_identification:_identify(Simulation_2024-02-29_14-45-23) by extensions ['python_setup_py']
[1.819s] Level 1:colcon.colcon_core.package_identification:_identify(Simulation_2024-02-29_14-45-23) by extension 'python_setup_py'
[1.819s] Level 1:colcon.colcon_core.package_identification:_identify(Simulation_2024-02-29_14-45-55) by extensions ['ignore', 'ignore_ament_install']
[1.819s] Level 1:colcon.colcon_core.package_identification:_identify(Simulation_2024-02-29_14-45-55) by extension 'ignore'
[1.819s] Level 1:colcon.colcon_core.package_identification:_identify(Simulation_2024-02-29_14-45-55) by extension 'ignore_ament_install'
[1.819s] Level 1:colcon.colcon_core.package_identification:_identify(Simulation_2024-02-29_14-45-55) by extensions ['colcon_pkg']
[1.819s] Level 1:colcon.colcon_core.package_identification:_identify(Simulation_2024-02-29_14-45-55) by extension 'colcon_pkg'
[1.820s] Level 1:colcon.colcon_core.package_identification:_identify(Simulation_2024-02-29_14-45-55) by extensions ['colcon_meta']
[1.820s] Level 1:colcon.colcon_core.package_identification:_identify(Simulation_2024-02-29_14-45-55) by extension 'colcon_meta'
[1.820s] Level 1:colcon.colcon_core.package_identification:_identify(Simulation_2024-02-29_14-45-55) by extensions ['ros']
[1.820s] Level 1:colcon.colcon_core.package_identification:_identify(Simulation_2024-02-29_14-45-55) by extension 'ros'
[1.820s] Level 1:colcon.colcon_core.package_identification:_identify(Simulation_2024-02-29_14-45-55) by extensions ['cmake', 'python']
[1.820s] Level 1:colcon.colcon_core.package_identification:_identify(Simulation_2024-02-29_14-45-55) by extension 'cmake'
[1.820s] Level 1:colcon.colcon_core.package_identification:_identify(Simulation_2024-02-29_14-45-55) by extension 'python'
[1.820s] Level 1:colcon.colcon_core.package_identification:_identify(Simulation_2024-02-29_14-45-55) by extensions ['python_setup_py']
[1.820s] Level 1:colcon.colcon_core.package_identification:_identify(Simulation_2024-02-29_14-45-55) by extension 'python_setup_py'
[1.820s] Level 1:colcon.colcon_core.package_identification:_identify(Simulation_2024-02-29_14-47-10) by extensions ['ignore', 'ignore_ament_install']
[1.820s] Level 1:colcon.colcon_core.package_identification:_identify(Simulation_2024-02-29_14-47-10) by extension 'ignore'
[1.820s] Level 1:colcon.colcon_core.package_identification:_identify(Simulation_2024-02-29_14-47-10) by extension 'ignore_ament_install'
[1.821s] Level 1:colcon.colcon_core.package_identification:_identify(Simulation_2024-02-29_14-47-10) by extensions ['colcon_pkg']
[1.821s] Level 1:colcon.colcon_core.package_identification:_identify(Simulation_2024-02-29_14-47-10) by extension 'colcon_pkg'
[1.821s] Level 1:colcon.colcon_core.package_identification:_identify(Simulation_2024-02-29_14-47-10) by extensions ['colcon_meta']
[1.821s] Level 1:colcon.colcon_core.package_identification:_identify(Simulation_2024-02-29_14-47-10) by extension 'colcon_meta'
[1.821s] Level 1:colcon.colcon_core.package_identification:_identify(Simulation_2024-02-29_14-47-10) by extensions ['ros']
[1.821s] Level 1:colcon.colcon_core.package_identification:_identify(Simulation_2024-02-29_14-47-10) by extension 'ros'
[1.821s] Level 1:colcon.colcon_core.package_identification:_identify(Simulation_2024-02-29_14-47-10) by extensions ['cmake', 'python']
[1.821s] Level 1:colcon.colcon_core.package_identification:_identify(Simulation_2024-02-29_14-47-10) by extension 'cmake'
[1.821s] Level 1:colcon.colcon_core.package_identification:_identify(Simulation_2024-02-29_14-47-10) by extension 'python'
[1.821s] Level 1:colcon.colcon_core.package_identification:_identify(Simulation_2024-02-29_14-47-10) by extensions ['python_setup_py']
[1.821s] Level 1:colcon.colcon_core.package_identification:_identify(Simulation_2024-02-29_14-47-10) by extension 'python_setup_py'
[1.821s] Level 1:colcon.colcon_core.package_identification:_identify(Simulation_2024-02-29_14-48-15) by extensions ['ignore', 'ignore_ament_install']
[1.821s] Level 1:colcon.colcon_core.package_identification:_identify(Simulation_2024-02-29_14-48-15) by extension 'ignore'
[1.822s] Level 1:colcon.colcon_core.package_identification:_identify(Simulation_2024-02-29_14-48-15) by extension 'ignore_ament_install'
[1.822s] Level 1:colcon.colcon_core.package_identification:_identify(Simulation_2024-02-29_14-48-15) by extensions ['colcon_pkg']
[1.822s] Level 1:colcon.colcon_core.package_identification:_identify(Simulation_2024-02-29_14-48-15) by extension 'colcon_pkg'
[1.822s] Level 1:colcon.colcon_core.package_identification:_identify(Simulation_2024-02-29_14-48-15) by extensions ['colcon_meta']
[1.822s] Level 1:colcon.colcon_core.package_identification:_identify(Simulation_2024-02-29_14-48-15) by extension 'colcon_meta'
[1.822s] Level 1:colcon.colcon_core.package_identification:_identify(Simulation_2024-02-29_14-48-15) by extensions ['ros']
[1.822s] Level 1:colcon.colcon_core.package_identification:_identify(Simulation_2024-02-29_14-48-15) by extension 'ros'
[1.822s] Level 1:colcon.colcon_core.package_identification:_identify(Simulation_2024-02-29_14-48-15) by extensions ['cmake', 'python']
[1.822s] Level 1:colcon.colcon_core.package_identification:_identify(Simulation_2024-02-29_14-48-15) by extension 'cmake'
[1.822s] Level 1:colcon.colcon_core.package_identification:_identify(Simulation_2024-02-29_14-48-15) by extension 'python'
[1.822s] Level 1:colcon.colcon_core.package_identification:_identify(Simulation_2024-02-29_14-48-15) by extensions ['python_setup_py']
[1.822s] Level 1:colcon.colcon_core.package_identification:_identify(Simulation_2024-02-29_14-48-15) by extension 'python_setup_py'
[1.823s] Level 1:colcon.colcon_core.package_identification:_identify(Simulation_2024-02-29_14-49-35) by extensions ['ignore', 'ignore_ament_install']
[1.823s] Level 1:colcon.colcon_core.package_identification:_identify(Simulation_2024-02-29_14-49-35) by extension 'ignore'
[1.823s] Level 1:colcon.colcon_core.package_identification:_identify(Simulation_2024-02-29_14-49-35) by extension 'ignore_ament_install'
[1.823s] Level 1:colcon.colcon_core.package_identification:_identify(Simulation_2024-02-29_14-49-35) by extensions ['colcon_pkg']
[1.823s] Level 1:colcon.colcon_core.package_identification:_identify(Simulation_2024-02-29_14-49-35) by extension 'colcon_pkg'
[1.823s] Level 1:colcon.colcon_core.package_identification:_identify(Simulation_2024-02-29_14-49-35) by extensions ['colcon_meta']
[1.823s] Level 1:colcon.colcon_core.package_identification:_identify(Simulation_2024-02-29_14-49-35) by extension 'colcon_meta'
[1.823s] Level 1:colcon.colcon_core.package_identification:_identify(Simulation_2024-02-29_14-49-35) by extensions ['ros']
[1.823s] Level 1:colcon.colcon_core.package_identification:_identify(Simulation_2024-02-29_14-49-35) by extension 'ros'
[1.823s] Level 1:colcon.colcon_core.package_identification:_identify(Simulation_2024-02-29_14-49-35) by extensions ['cmake', 'python']
[1.823s] Level 1:colcon.colcon_core.package_identification:_identify(Simulation_2024-02-29_14-49-35) by extension 'cmake'
[1.823s] Level 1:colcon.colcon_core.package_identification:_identify(Simulation_2024-02-29_14-49-35) by extension 'python'
[1.824s] Level 1:colcon.colcon_core.package_identification:_identify(Simulation_2024-02-29_14-49-35) by extensions ['python_setup_py']
[1.824s] Level 1:colcon.colcon_core.package_identification:_identify(Simulation_2024-02-29_14-49-35) by extension 'python_setup_py'
[1.824s] Level 1:colcon.colcon_core.package_identification:_identify(Simulation_2024-02-29_14-50-27) by extensions ['ignore', 'ignore_ament_install']
[1.824s] Level 1:colcon.colcon_core.package_identification:_identify(Simulation_2024-02-29_14-50-27) by extension 'ignore'
[1.824s] Level 1:colcon.colcon_core.package_identification:_identify(Simulation_2024-02-29_14-50-27) by extension 'ignore_ament_install'
[1.824s] Level 1:colcon.colcon_core.package_identification:_identify(Simulation_2024-02-29_14-50-27) by extensions ['colcon_pkg']
[1.824s] Level 1:colcon.colcon_core.package_identification:_identify(Simulation_2024-02-29_14-50-27) by extension 'colcon_pkg'
[1.824s] Level 1:colcon.colcon_core.package_identification:_identify(Simulation_2024-02-29_14-50-27) by extensions ['colcon_meta']
[1.824s] Level 1:colcon.colcon_core.package_identification:_identify(Simulation_2024-02-29_14-50-27) by extension 'colcon_meta'
[1.824s] Level 1:colcon.colcon_core.package_identification:_identify(Simulation_2024-02-29_14-50-27) by extensions ['ros']
[1.824s] Level 1:colcon.colcon_core.package_identification:_identify(Simulation_2024-02-29_14-50-27) by extension 'ros'
[1.825s] Level 1:colcon.colcon_core.package_identification:_identify(Simulation_2024-02-29_14-50-27) by extensions ['cmake', 'python']
[1.825s] Level 1:colcon.colcon_core.package_identification:_identify(Simulation_2024-02-29_14-50-27) by extension 'cmake'
[1.825s] Level 1:colcon.colcon_core.package_identification:_identify(Simulation_2024-02-29_14-50-27) by extension 'python'
[1.825s] Level 1:colcon.colcon_core.package_identification:_identify(Simulation_2024-02-29_14-50-27) by extensions ['python_setup_py']
[1.825s] Level 1:colcon.colcon_core.package_identification:_identify(Simulation_2024-02-29_14-50-27) by extension 'python_setup_py'
[1.825s] Level 1:colcon.colcon_core.package_identification:_identify(Simulation_2024-02-29_14-53-08) by extensions ['ignore', 'ignore_ament_install']
[1.825s] Level 1:colcon.colcon_core.package_identification:_identify(Simulation_2024-02-29_14-53-08) by extension 'ignore'
[1.825s] Level 1:colcon.colcon_core.package_identification:_identify(Simulation_2024-02-29_14-53-08) by extension 'ignore_ament_install'
[1.825s] Level 1:colcon.colcon_core.package_identification:_identify(Simulation_2024-02-29_14-53-08) by extensions ['colcon_pkg']
[1.825s] Level 1:colcon.colcon_core.package_identification:_identify(Simulation_2024-02-29_14-53-08) by extension 'colcon_pkg'
[1.825s] Level 1:colcon.colcon_core.package_identification:_identify(Simulation_2024-02-29_14-53-08) by extensions ['colcon_meta']
[1.825s] Level 1:colcon.colcon_core.package_identification:_identify(Simulation_2024-02-29_14-53-08) by extension 'colcon_meta'
[1.825s] Level 1:colcon.colcon_core.package_identification:_identify(Simulation_2024-02-29_14-53-08) by extensions ['ros']
[1.826s] Level 1:colcon.colcon_core.package_identification:_identify(Simulation_2024-02-29_14-53-08) by extension 'ros'
[1.826s] Level 1:colcon.colcon_core.package_identification:_identify(Simulation_2024-02-29_14-53-08) by extensions ['cmake', 'python']
[1.826s] Level 1:colcon.colcon_core.package_identification:_identify(Simulation_2024-02-29_14-53-08) by extension 'cmake'
[1.826s] Level 1:colcon.colcon_core.package_identification:_identify(Simulation_2024-02-29_14-53-08) by extension 'python'
[1.826s] Level 1:colcon.colcon_core.package_identification:_identify(Simulation_2024-02-29_14-53-08) by extensions ['python_setup_py']
[1.826s] Level 1:colcon.colcon_core.package_identification:_identify(Simulation_2024-02-29_14-53-08) by extension 'python_setup_py'
[1.826s] Level 1:colcon.colcon_core.package_identification:_identify(Simulation_2024-02-29_14-53-38) by extensions ['ignore', 'ignore_ament_install']
[1.826s] Level 1:colcon.colcon_core.package_identification:_identify(Simulation_2024-02-29_14-53-38) by extension 'ignore'
[1.826s] Level 1:colcon.colcon_core.package_identification:_identify(Simulation_2024-02-29_14-53-38) by extension 'ignore_ament_install'
[1.826s] Level 1:colcon.colcon_core.package_identification:_identify(Simulation_2024-02-29_14-53-38) by extensions ['colcon_pkg']
[1.826s] Level 1:colcon.colcon_core.package_identification:_identify(Simulation_2024-02-29_14-53-38) by extension 'colcon_pkg'
[1.826s] Level 1:colcon.colcon_core.package_identification:_identify(Simulation_2024-02-29_14-53-38) by extensions ['colcon_meta']
[1.827s] Level 1:colcon.colcon_core.package_identification:_identify(Simulation_2024-02-29_14-53-38) by extension 'colcon_meta'
[1.827s] Level 1:colcon.colcon_core.package_identification:_identify(Simulation_2024-02-29_14-53-38) by extensions ['ros']
[1.827s] Level 1:colcon.colcon_core.package_identification:_identify(Simulation_2024-02-29_14-53-38) by extension 'ros'
[1.827s] Level 1:colcon.colcon_core.package_identification:_identify(Simulation_2024-02-29_14-53-38) by extensions ['cmake', 'python']
[1.827s] Level 1:colcon.colcon_core.package_identification:_identify(Simulation_2024-02-29_14-53-38) by extension 'cmake'
[1.827s] Level 1:colcon.colcon_core.package_identification:_identify(Simulation_2024-02-29_14-53-38) by extension 'python'
[1.827s] Level 1:colcon.colcon_core.package_identification:_identify(Simulation_2024-02-29_14-53-38) by extensions ['python_setup_py']
[1.827s] Level 1:colcon.colcon_core.package_identification:_identify(Simulation_2024-02-29_14-53-38) by extension 'python_setup_py'
[1.827s] Level 1:colcon.colcon_core.package_identification:_identify(Simulation_2024-02-29_14-55-53) by extensions ['ignore', 'ignore_ament_install']
[1.827s] Level 1:colcon.colcon_core.package_identification:_identify(Simulation_2024-02-29_14-55-53) by extension 'ignore'
[1.827s] Level 1:colcon.colcon_core.package_identification:_identify(Simulation_2024-02-29_14-55-53) by extension 'ignore_ament_install'
[1.828s] Level 1:colcon.colcon_core.package_identification:_identify(Simulation_2024-02-29_14-55-53) by extensions ['colcon_pkg']
[1.828s] Level 1:colcon.colcon_core.package_identification:_identify(Simulation_2024-02-29_14-55-53) by extension 'colcon_pkg'
[1.828s] Level 1:colcon.colcon_core.package_identification:_identify(Simulation_2024-02-29_14-55-53) by extensions ['colcon_meta']
[1.828s] Level 1:colcon.colcon_core.package_identification:_identify(Simulation_2024-02-29_14-55-53) by extension 'colcon_meta'
[1.828s] Level 1:colcon.colcon_core.package_identification:_identify(Simulation_2024-02-29_14-55-53) by extensions ['ros']
[1.828s] Level 1:colcon.colcon_core.package_identification:_identify(Simulation_2024-02-29_14-55-53) by extension 'ros'
[1.828s] Level 1:colcon.colcon_core.package_identification:_identify(Simulation_2024-02-29_14-55-53) by extensions ['cmake', 'python']
[1.828s] Level 1:colcon.colcon_core.package_identification:_identify(Simulation_2024-02-29_14-55-53) by extension 'cmake'
[1.828s] Level 1:colcon.colcon_core.package_identification:_identify(Simulation_2024-02-29_14-55-53) by extension 'python'
[1.828s] Level 1:colcon.colcon_core.package_identification:_identify(Simulation_2024-02-29_14-55-53) by extensions ['python_setup_py']
[1.828s] Level 1:colcon.colcon_core.package_identification:_identify(Simulation_2024-02-29_14-55-53) by extension 'python_setup_py'
[1.828s] Level 1:colcon.colcon_core.package_identification:_identify(a_NO-DELETE-Simulation_2024-02-25_13-50-01) by extensions ['ignore', 'ignore_ament_install']
[1.829s] Level 1:colcon.colcon_core.package_identification:_identify(a_NO-DELETE-Simulation_2024-02-25_13-50-01) by extension 'ignore'
[1.829s] Level 1:colcon.colcon_core.package_identification:_identify(a_NO-DELETE-Simulation_2024-02-25_13-50-01) by extension 'ignore_ament_install'
[1.829s] Level 1:colcon.colcon_core.package_identification:_identify(a_NO-DELETE-Simulation_2024-02-25_13-50-01) by extensions ['colcon_pkg']
[1.829s] Level 1:colcon.colcon_core.package_identification:_identify(a_NO-DELETE-Simulation_2024-02-25_13-50-01) by extension 'colcon_pkg'
[1.829s] Level 1:colcon.colcon_core.package_identification:_identify(a_NO-DELETE-Simulation_2024-02-25_13-50-01) by extensions ['colcon_meta']
[1.829s] Level 1:colcon.colcon_core.package_identification:_identify(a_NO-DELETE-Simulation_2024-02-25_13-50-01) by extension 'colcon_meta'
[1.829s] Level 1:colcon.colcon_core.package_identification:_identify(a_NO-DELETE-Simulation_2024-02-25_13-50-01) by extensions ['ros']
[1.829s] Level 1:colcon.colcon_core.package_identification:_identify(a_NO-DELETE-Simulation_2024-02-25_13-50-01) by extension 'ros'
[1.829s] Level 1:colcon.colcon_core.package_identification:_identify(a_NO-DELETE-Simulation_2024-02-25_13-50-01) by extensions ['cmake', 'python']
[1.829s] Level 1:colcon.colcon_core.package_identification:_identify(a_NO-DELETE-Simulation_2024-02-25_13-50-01) by extension 'cmake'
[1.829s] Level 1:colcon.colcon_core.package_identification:_identify(a_NO-DELETE-Simulation_2024-02-25_13-50-01) by extension 'python'
[1.829s] Level 1:colcon.colcon_core.package_identification:_identify(a_NO-DELETE-Simulation_2024-02-25_13-50-01) by extensions ['python_setup_py']
[1.829s] Level 1:colcon.colcon_core.package_identification:_identify(a_NO-DELETE-Simulation_2024-02-25_13-50-01) by extension 'python_setup_py'
[1.830s] Level 1:colcon.colcon_core.package_identification:_identify(a_NO-DELETE-rosbag2_2024_02_29-14_30_00) by extensions ['ignore', 'ignore_ament_install']
[1.830s] Level 1:colcon.colcon_core.package_identification:_identify(a_NO-DELETE-rosbag2_2024_02_29-14_30_00) by extension 'ignore'
[1.830s] Level 1:colcon.colcon_core.package_identification:_identify(a_NO-DELETE-rosbag2_2024_02_29-14_30_00) by extension 'ignore_ament_install'
[1.830s] Level 1:colcon.colcon_core.package_identification:_identify(a_NO-DELETE-rosbag2_2024_02_29-14_30_00) by extensions ['colcon_pkg']
[1.830s] Level 1:colcon.colcon_core.package_identification:_identify(a_NO-DELETE-rosbag2_2024_02_29-14_30_00) by extension 'colcon_pkg'
[1.830s] Level 1:colcon.colcon_core.package_identification:_identify(a_NO-DELETE-rosbag2_2024_02_29-14_30_00) by extensions ['colcon_meta']
[1.830s] Level 1:colcon.colcon_core.package_identification:_identify(a_NO-DELETE-rosbag2_2024_02_29-14_30_00) by extension 'colcon_meta'
[1.830s] Level 1:colcon.colcon_core.package_identification:_identify(a_NO-DELETE-rosbag2_2024_02_29-14_30_00) by extensions ['ros']
[1.830s] Level 1:colcon.colcon_core.package_identification:_identify(a_NO-DELETE-rosbag2_2024_02_29-14_30_00) by extension 'ros'
[1.830s] Level 1:colcon.colcon_core.package_identification:_identify(a_NO-DELETE-rosbag2_2024_02_29-14_30_00) by extensions ['cmake', 'python']
[1.830s] Level 1:colcon.colcon_core.package_identification:_identify(a_NO-DELETE-rosbag2_2024_02_29-14_30_00) by extension 'cmake'
[1.830s] Level 1:colcon.colcon_core.package_identification:_identify(a_NO-DELETE-rosbag2_2024_02_29-14_30_00) by extension 'python'
[1.830s] Level 1:colcon.colcon_core.package_identification:_identify(a_NO-DELETE-rosbag2_2024_02_29-14_30_00) by extensions ['python_setup_py']
[1.830s] Level 1:colcon.colcon_core.package_identification:_identify(a_NO-DELETE-rosbag2_2024_02_29-14_30_00) by extension 'python_setup_py'
[1.831s] Level 1:colcon.colcon_core.package_identification:_identify(build) by extensions ['ignore', 'ignore_ament_install']
[1.831s] Level 1:colcon.colcon_core.package_identification:_identify(build) by extension 'ignore'
[1.831s] Level 1:colcon.colcon_core.package_identification:_identify(build) ignored
[1.831s] Level 1:colcon.colcon_core.package_identification:_identify(install) by extensions ['ignore', 'ignore_ament_install']
[1.831s] Level 1:colcon.colcon_core.package_identification:_identify(install) by extension 'ignore'
[1.831s] Level 1:colcon.colcon_core.package_identification:_identify(install) ignored
[1.831s] Level 1:colcon.colcon_core.package_identification:_identify(log) by extensions ['ignore', 'ignore_ament_install']
[1.831s] Level 1:colcon.colcon_core.package_identification:_identify(log) by extension 'ignore'
[1.832s] Level 1:colcon.colcon_core.package_identification:_identify(log) ignored
[1.832s] Level 1:colcon.colcon_core.package_identification:_identify(src) by extensions ['ignore', 'ignore_ament_install']
[1.832s] Level 1:colcon.colcon_core.package_identification:_identify(src) by extension 'ignore'
[1.832s] Level 1:colcon.colcon_core.package_identification:_identify(src) by extension 'ignore_ament_install'
[1.832s] Level 1:colcon.colcon_core.package_identification:_identify(src) by extensions ['colcon_pkg']
[1.832s] Level 1:colcon.colcon_core.package_identification:_identify(src) by extension 'colcon_pkg'
[1.832s] Level 1:colcon.colcon_core.package_identification:_identify(src) by extensions ['colcon_meta']
[1.832s] Level 1:colcon.colcon_core.package_identification:_identify(src) by extension 'colcon_meta'
[1.832s] Level 1:colcon.colcon_core.package_identification:_identify(src) by extensions ['ros']
[1.832s] Level 1:colcon.colcon_core.package_identification:_identify(src) by extension 'ros'
[1.832s] Level 1:colcon.colcon_core.package_identification:_identify(src) by extensions ['cmake', 'python']
[1.832s] Level 1:colcon.colcon_core.package_identification:_identify(src) by extension 'cmake'
[1.833s] Level 1:colcon.colcon_core.package_identification:_identify(src) by extension 'python'
[1.833s] Level 1:colcon.colcon_core.package_identification:_identify(src) by extensions ['python_setup_py']
[1.833s] Level 1:colcon.colcon_core.package_identification:_identify(src) by extension 'python_setup_py'
[1.833s] Level 1:colcon.colcon_core.package_identification:_identify(src/estop_button) by extensions ['ignore', 'ignore_ament_install']
[1.833s] Level 1:colcon.colcon_core.package_identification:_identify(src/estop_button) by extension 'ignore'
[1.833s] Level 1:colcon.colcon_core.package_identification:_identify(src/estop_button) by extension 'ignore_ament_install'
[1.833s] Level 1:colcon.colcon_core.package_identification:_identify(src/estop_button) by extensions ['colcon_pkg']
[1.833s] Level 1:colcon.colcon_core.package_identification:_identify(src/estop_button) by extension 'colcon_pkg'
[1.833s] Level 1:colcon.colcon_core.package_identification:_identify(src/estop_button) by extensions ['colcon_meta']
[1.833s] Level 1:colcon.colcon_core.package_identification:_identify(src/estop_button) by extension 'colcon_meta'
[1.833s] Level 1:colcon.colcon_core.package_identification:_identify(src/estop_button) by extensions ['ros']
[1.833s] Level 1:colcon.colcon_core.package_identification:_identify(src/estop_button) by extension 'ros'
[1.837s] DEBUG:colcon.colcon_core.package_identification:Package 'src/estop_button' with type 'ros.ament_python' and name 'estop_button'
[1.837s] Level 1:colcon.colcon_core.package_identification:_identify(src/herding_v1_package) by extensions ['ignore', 'ignore_ament_install']
[1.837s] Level 1:colcon.colcon_core.package_identification:_identify(src/herding_v1_package) by extension 'ignore'
[1.837s] Level 1:colcon.colcon_core.package_identification:_identify(src/herding_v1_package) by extension 'ignore_ament_install'
[1.837s] Level 1:colcon.colcon_core.package_identification:_identify(src/herding_v1_package) by extensions ['colcon_pkg']
[1.837s] Level 1:colcon.colcon_core.package_identification:_identify(src/herding_v1_package) by extension 'colcon_pkg'
[1.838s] Level 1:colcon.colcon_core.package_identification:_identify(src/herding_v1_package) by extensions ['colcon_meta']
[1.838s] Level 1:colcon.colcon_core.package_identification:_identify(src/herding_v1_package) by extension 'colcon_meta'
[1.838s] Level 1:colcon.colcon_core.package_identification:_identify(src/herding_v1_package) by extensions ['ros']
[1.838s] Level 1:colcon.colcon_core.package_identification:_identify(src/herding_v1_package) by extension 'ros'
[1.838s] DEBUG:colcon.colcon_core.package_identification:Package 'src/herding_v1_package' with type 'ros.ament_python' and name 'herding_v1_package'
[1.839s] Level 1:colcon.colcon_core.package_identification:_identify(src/uf_interfaces) by extensions ['ignore', 'ignore_ament_install']
[1.839s] Level 1:colcon.colcon_core.package_identification:_identify(src/uf_interfaces) by extension 'ignore'
[1.839s] Level 1:colcon.colcon_core.package_identification:_identify(src/uf_interfaces) by extension 'ignore_ament_install'
[1.839s] Level 1:colcon.colcon_core.package_identification:_identify(src/uf_interfaces) by extensions ['colcon_pkg']
[1.839s] Level 1:colcon.colcon_core.package_identification:_identify(src/uf_interfaces) by extension 'colcon_pkg'
[1.839s] Level 1:colcon.colcon_core.package_identification:_identify(src/uf_interfaces) by extensions ['colcon_meta']
[1.839s] Level 1:colcon.colcon_core.package_identification:_identify(src/uf_interfaces) by extension 'colcon_meta'
[1.839s] Level 1:colcon.colcon_core.package_identification:_identify(src/uf_interfaces) by extensions ['ros']
[1.839s] Level 1:colcon.colcon_core.package_identification:_identify(src/uf_interfaces) by extension 'ros'
[1.840s] DEBUG:colcon.colcon_core.package_identification:Package 'src/uf_interfaces' with type 'ros.ament_cmake' and name 'uf_interfaces'
[1.840s] Level 1:colcon.colcon_core.package_identification:_identify(src/vehicle_position_checker) by extensions ['ignore', 'ignore_ament_install']
[1.840s] Level 1:colcon.colcon_core.package_identification:_identify(src/vehicle_position_checker) by extension 'ignore'
[1.841s] Level 1:colcon.colcon_core.package_identification:_identify(src/vehicle_position_checker) by extension 'ignore_ament_install'
[1.841s] Level 1:colcon.colcon_core.package_identification:_identify(src/vehicle_position_checker) by extensions ['colcon_pkg']
[1.841s] Level 1:colcon.colcon_core.package_identification:_identify(src/vehicle_position_checker) by extension 'colcon_pkg'
[1.841s] Level 1:colcon.colcon_core.package_identification:_identify(src/vehicle_position_checker) by extensions ['colcon_meta']
[1.841s] Level 1:colcon.colcon_core.package_identification:_identify(src/vehicle_position_checker) by extension 'colcon_meta'
[1.841s] Level 1:colcon.colcon_core.package_identification:_identify(src/vehicle_position_checker) by extensions ['ros']
[1.841s] Level 1:colcon.colcon_core.package_identification:_identify(src/vehicle_position_checker) by extension 'ros'
[1.842s] DEBUG:colcon.colcon_core.package_identification:Package 'src/vehicle_position_checker' with type 'ros.ament_python' and name 'vehicle_position_checker'
[1.842s] Level 1:colcon.colcon_core.package_identification:_identify(src/wind_speed_package) by extensions ['ignore', 'ignore_ament_install']
[1.842s] Level 1:colcon.colcon_core.package_identification:_identify(src/wind_speed_package) by extension 'ignore'
[1.842s] Level 1:colcon.colcon_core.package_identification:_identify(src/wind_speed_package) by extension 'ignore_ament_install'
[1.842s] Level 1:colcon.colcon_core.package_identification:_identify(src/wind_speed_package) by extensions ['colcon_pkg']
[1.842s] Level 1:colcon.colcon_core.package_identification:_identify(src/wind_speed_package) by extension 'colcon_pkg'
[1.842s] Level 1:colcon.colcon_core.package_identification:_identify(src/wind_speed_package) by extensions ['colcon_meta']
[1.842s] Level 1:colcon.colcon_core.package_identification:_identify(src/wind_speed_package) by extension 'colcon_meta'
[1.842s] Level 1:colcon.colcon_core.package_identification:_identify(src/wind_speed_package) by extensions ['ros']
[1.842s] Level 1:colcon.colcon_core.package_identification:_identify(src/wind_speed_package) by extension 'ros'
[1.843s] DEBUG:colcon.colcon_core.package_identification:Package 'src/wind_speed_package' with type 'ros.ament_python' and name 'wind_speed_package'
[1.843s] Level 1:colcon.colcon_core.package_discovery:discover_packages(recursive) using defaults
[1.843s] Level 1:colcon.colcon_core.package_discovery:discover_packages(ignore) discover
[1.843s] Level 1:colcon.colcon_core.package_discovery:discover_packages(ignore) using defaults
[1.843s] Level 1:colcon.colcon_core.package_discovery:discover_packages(path) discover
[1.843s] Level 1:colcon.colcon_core.package_discovery:discover_packages(path) using defaults
[1.944s] INFO:colcon.colcon_core.package_selection:Skipping not selected package 'estop_button' in 'src/estop_button'
[1.944s] INFO:colcon.colcon_core.package_selection:Skipping not selected package 'uf_interfaces' in 'src/uf_interfaces'
[1.944s] INFO:colcon.colcon_core.package_selection:Skipping not selected package 'vehicle_position_checker' in 'src/vehicle_position_checker'
[1.944s] INFO:colcon.colcon_core.package_selection:Skipping not selected package 'wind_speed_package' in 'src/wind_speed_package'
[1.993s] Level 1:colcon.colcon_core.package_discovery:discover_packages(prefix_path) check parameters
[1.993s] Level 1:colcon.colcon_core.package_discovery:discover_packages(prefix_path) discover
[2.044s] DEBUG:colcon.colcon_installed_package_information.package_discovery:Found 5 installed packages in /home/wyatt/ros2_ws/install
[2.069s] DEBUG:colcon.colcon_installed_package_information.package_discovery:Found 286 installed packages in /opt/ros/humble
[2.072s] Level 1:colcon.colcon_core.package_discovery:discover_packages(prefix_path) using defaults
[2.227s] Level 5:colcon.colcon_core.verb:set package 'herding_v1_package' build argument 'cmake_args' from command line to 'None'
[2.227s] Level 5:colcon.colcon_core.verb:set package 'herding_v1_package' build argument 'cmake_target' from command line to 'None'
[2.227s] Level 5:colcon.colcon_core.verb:set package 'herding_v1_package' build argument 'cmake_target_skip_unavailable' from command line to 'False'
[2.227s] Level 5:colcon.colcon_core.verb:set package 'herding_v1_package' build argument 'cmake_clean_cache' from command line to 'False'
[2.227s] Level 5:colcon.colcon_core.verb:set package 'herding_v1_package' build argument 'cmake_clean_first' from command line to 'False'
[2.227s] Level 5:colcon.colcon_core.verb:set package 'herding_v1_package' build argument 'cmake_force_configure' from command line to 'False'
[2.227s] Level 5:colcon.colcon_core.verb:set package 'herding_v1_package' build argument 'ament_cmake_args' from command line to 'None'
[2.227s] Level 5:colcon.colcon_core.verb:set package 'herding_v1_package' build argument 'catkin_cmake_args' from command line to 'None'
[2.227s] Level 5:colcon.colcon_core.verb:set package 'herding_v1_package' build argument 'catkin_skip_building_tests' from command line to 'False'
[2.227s] DEBUG:colcon.colcon_core.verb:Building package 'herding_v1_package' with the following arguments: {'ament_cmake_args': None, 'build_base': '/home/wyatt/ros2_ws/build/herding_v1_package', 'catkin_cmake_args': None, 'catkin_skip_building_tests': False, 'cmake_args': None, 'cmake_clean_cache': False, 'cmake_clean_first': False, 'cmake_force_configure': False, 'cmake_target': None, 'cmake_target_skip_unavailable': False, 'install_base': '/home/wyatt/ros2_ws/install/herding_v1_package', 'merge_install': False, 'path': '/home/wyatt/ros2_ws/src/herding_v1_package', 'symlink_install': False, 'test_result_base': None}
[2.252s] INFO:colcon.colcon_core.executor:Executing jobs using 'parallel' executor
[2.278s] DEBUG:colcon.colcon_parallel_executor.executor.parallel:run_until_complete
[2.278s] INFO:colcon.colcon_ros.task.ament_python.build:Building ROS package in '/home/wyatt/ros2_ws/src/herding_v1_package' with build type 'ament_python'
[2.279s] Level 1:colcon.colcon_core.shell:create_environment_hook('herding_v1_package', 'ament_prefix_path')
[2.310s] INFO:colcon.colcon_core.plugin_system:Skipping extension 'colcon_core.shell.bat': Not used on non-Windows systems
[2.311s] INFO:colcon.colcon_core.shell:Creating environment hook '/home/wyatt/ros2_ws/install/herding_v1_package/share/herding_v1_package/hook/ament_prefix_path.ps1'
[2.312s] INFO:colcon.colcon_core.shell:Creating environment descriptor '/home/wyatt/ros2_ws/install/herding_v1_package/share/herding_v1_package/hook/ament_prefix_path.dsv'
[2.312s] INFO:colcon.colcon_core.shell:Creating environment hook '/home/wyatt/ros2_ws/install/herding_v1_package/share/herding_v1_package/hook/ament_prefix_path.sh'
[2.338s] INFO:colcon.colcon_core.shell:Skip shell extension 'powershell' for command environment: Not usable outside of PowerShell
[2.338s] DEBUG:colcon.colcon_core.shell:Skip shell extension 'dsv' for command environment
[2.859s] INFO:colcon.colcon_core.task.python.build:Building Python package in '/home/wyatt/ros2_ws/src/herding_v1_package'
[2.887s] INFO:colcon.colcon_core.shell:Skip shell extension 'powershell' for command environment: Not usable outside of PowerShell
[2.887s] DEBUG:colcon.colcon_core.shell:Skip shell extension 'dsv' for command environment
[3.523s] DEBUG:colcon.colcon_core.event_handler.log_command:Invoking command in '/home/wyatt/ros2_ws/src/herding_v1_package': PYTHONPATH=/home/wyatt/ros2_ws/build/herding_v1_package/prefix_override:/home/wyatt/ros2_ws/install/herding_v1_package/lib/python3.10/site-packages:${PYTHONPATH} /usr/bin/python3 setup.py egg_info --egg-base ../../build/herding_v1_package build --build-base /home/wyatt/ros2_ws/build/herding_v1_package/build install --record /home/wyatt/ros2_ws/build/herding_v1_package/install.log --single-version-externally-managed
[4.018s] DEBUG:colcon.colcon_core.event_handler.log_command:Invoked command in '/home/wyatt/ros2_ws/src/herding_v1_package' returned '0': PYTHONPATH=/home/wyatt/ros2_ws/build/herding_v1_package/prefix_override:/home/wyatt/ros2_ws/install/herding_v1_package/lib/python3.10/site-packages:${PYTHONPATH} /usr/bin/python3 setup.py egg_info --egg-base ../../build/herding_v1_package build --build-base /home/wyatt/ros2_ws/build/herding_v1_package/build install --record /home/wyatt/ros2_ws/build/herding_v1_package/install.log --single-version-externally-managed
[4.046s] Level 1:colcon.colcon_core.environment:checking '/home/wyatt/ros2_ws/install/herding_v1_package' for CMake module files
[4.047s] Level 1:colcon.colcon_core.environment:checking '/home/wyatt/ros2_ws/install/herding_v1_package' for CMake config files
[4.048s] Level 1:colcon.colcon_core.environment:checking '/home/wyatt/ros2_ws/install/herding_v1_package/lib'
[4.048s] Level 1:colcon.colcon_core.environment:checking '/home/wyatt/ros2_ws/install/herding_v1_package/bin'
[4.048s] Level 1:colcon.colcon_core.environment:checking '/home/wyatt/ros2_ws/install/herding_v1_package/lib/pkgconfig/herding_v1_package.pc'
[4.049s] Level 1:colcon.colcon_core.environment:checking '/home/wyatt/ros2_ws/install/herding_v1_package/lib/python3.10/site-packages'
[4.049s] Level 1:colcon.colcon_core.shell:create_environment_hook('herding_v1_package', 'pythonpath')
[4.074s] INFO:colcon.colcon_core.shell:Creating environment hook '/home/wyatt/ros2_ws/install/herding_v1_package/share/herding_v1_package/hook/pythonpath.ps1'
[4.075s] INFO:colcon.colcon_core.shell:Creating environment descriptor '/home/wyatt/ros2_ws/install/herding_v1_package/share/herding_v1_package/hook/pythonpath.dsv'
[4.075s] INFO:colcon.colcon_core.shell:Creating environment hook '/home/wyatt/ros2_ws/install/herding_v1_package/share/herding_v1_package/hook/pythonpath.sh'
[4.076s] Level 1:colcon.colcon_core.environment:checking '/home/wyatt/ros2_ws/install/herding_v1_package/bin'
[4.077s] Level 1:colcon.colcon_core.environment:create_environment_scripts_only(herding_v1_package)
[4.102s] INFO:colcon.colcon_core.shell:Creating package script '/home/wyatt/ros2_ws/install/herding_v1_package/share/herding_v1_package/package.ps1'
[4.104s] INFO:colcon.colcon_core.shell:Creating package descriptor '/home/wyatt/ros2_ws/install/herding_v1_package/share/herding_v1_package/package.dsv'
[4.105s] INFO:colcon.colcon_core.shell:Creating package script '/home/wyatt/ros2_ws/install/herding_v1_package/share/herding_v1_package/package.sh'
[4.106s] INFO:colcon.colcon_core.shell:Creating package script '/home/wyatt/ros2_ws/install/herding_v1_package/share/herding_v1_package/package.bash'
[4.107s] INFO:colcon.colcon_core.shell:Creating package script '/home/wyatt/ros2_ws/install/herding_v1_package/share/herding_v1_package/package.zsh'
[4.108s] Level 1:colcon.colcon_core.environment:create_file_with_runtime_dependencies(/home/wyatt/ros2_ws/install/herding_v1_package/share/colcon-core/packages/herding_v1_package)
[4.108s] DEBUG:colcon.colcon_parallel_executor.executor.parallel:closing loop
[4.110s] DEBUG:colcon.colcon_parallel_executor.executor.parallel:loop closed
[4.110s] DEBUG:colcon.colcon_parallel_executor.executor.parallel:run_until_complete finished with '0'
[4.110s] DEBUG:colcon.colcon_core.event_reactor:joining thread
[4.147s] INFO:colcon.colcon_core.plugin_system:Skipping extension 'colcon_notification.desktop_notification.terminal_notifier': Not used on non-Darwin systems
[4.147s] INFO:colcon.colcon_core.plugin_system:Skipping extension 'colcon_notification.desktop_notification.win32': Not used on non-Windows systems
[4.148s] INFO:colcon.colcon_notification.desktop_notification:Sending desktop notification using 'notify2'
[4.176s] DEBUG:colcon.colcon_core.event_reactor:joined thread
[4.205s] INFO:colcon.colcon_core.shell:Creating prefix script '/home/wyatt/ros2_ws/install/local_setup.ps1'
[4.206s] INFO:colcon.colcon_core.shell:Creating prefix util module '/home/wyatt/ros2_ws/install/_local_setup_util_ps1.py'
[4.208s] INFO:colcon.colcon_core.shell:Creating prefix chain script '/home/wyatt/ros2_ws/install/setup.ps1'
[4.252s] INFO:colcon.colcon_core.shell:Creating prefix script '/home/wyatt/ros2_ws/install/local_setup.sh'
[4.252s] INFO:colcon.colcon_core.shell:Creating prefix util module '/home/wyatt/ros2_ws/install/_local_setup_util_sh.py'
[4.253s] INFO:colcon.colcon_core.shell:Creating prefix chain script '/home/wyatt/ros2_ws/install/setup.sh'
[4.280s] INFO:colcon.colcon_core.shell:Creating prefix script '/home/wyatt/ros2_ws/install/local_setup.bash'
[4.280s] INFO:colcon.colcon_core.shell:Creating prefix chain script '/home/wyatt/ros2_ws/install/setup.bash'
[4.308s] INFO:colcon.colcon_core.shell:Creating prefix script '/home/wyatt/ros2_ws/install/local_setup.zsh'
[4.309s] INFO:colcon.colcon_core.shell:Creating prefix chain script '/home/wyatt/ros2_ws/install/setup.zsh'
