[1.866s] Invoking command in '/home/wyatt/ros2_ws/src/matplotlib_sim': PYTHONPATH=/home/wyatt/ros2_ws/build/matplotlib_sim/prefix_override:/usr/lib/python3/dist-packages/colcon_core/task/python/colcon_distutils_commands:/home/wyatt/ros2_ws/install/matplotlib_sim/lib/python3.10/site-packages:${PYTHONPATH} /usr/bin/python3 -W ignore:setup.py install is deprecated setup.py egg_info --egg-base ../../build/matplotlib_sim build --build-base /home/wyatt/ros2_ws/build/matplotlib_sim/build install --record /home/wyatt/ros2_ws/build/matplotlib_sim/install.log --single-version-externally-managed install_data
[2.951s] running egg_info
[2.953s] creating ../../build/matplotlib_sim/matplotlib_sim.egg-info
[2.954s] writing ../../build/matplotlib_sim/matplotlib_sim.egg-info/PKG-INFO
[2.954s] writing dependency_links to ../../build/matplotlib_sim/matplotlib_sim.egg-info/dependency_links.txt
[2.955s] writing entry points to ../../build/matplotlib_sim/matplotlib_sim.egg-info/entry_points.txt
[2.956s] writing requirements to ../../build/matplotlib_sim/matplotlib_sim.egg-info/requires.txt
[2.956s] writing top-level names to ../../build/matplotlib_sim/matplotlib_sim.egg-info/top_level.txt
[2.958s] writing manifest file '../../build/matplotlib_sim/matplotlib_sim.egg-info/SOURCES.txt'
[2.961s] reading manifest file '../../build/matplotlib_sim/matplotlib_sim.egg-info/SOURCES.txt'
[2.963s] writing manifest file '../../build/matplotlib_sim/matplotlib_sim.egg-info/SOURCES.txt'
[2.963s] running build
[2.964s] running build_py
[2.964s] creating /home/wyatt/ros2_ws/build/matplotlib_sim/build
[2.965s] creating /home/wyatt/ros2_ws/build/matplotlib_sim/build/lib
[2.965s] creating /home/wyatt/ros2_ws/build/matplotlib_sim/build/lib/matplotlib_sim
[2.965s] copying matplotlib_sim/__init__.py -> /home/wyatt/ros2_ws/build/matplotlib_sim/build/lib/matplotlib_sim
[2.966s] copying matplotlib_sim/conductor_node.py -> /home/wyatt/ros2_ws/build/matplotlib_sim/build/lib/matplotlib_sim
[2.966s] copying matplotlib_sim/matplotlib_sim_node.py -> /home/wyatt/ros2_ws/build/matplotlib_sim/build/lib/matplotlib_sim
[2.967s] running install
[2.969s] running install_lib
[2.969s] creating /home/wyatt/ros2_ws/install/matplotlib_sim/lib/python3.10/site-packages/matplotlib_sim
[2.970s] copying /home/wyatt/ros2_ws/build/matplotlib_sim/build/lib/matplotlib_sim/__init__.py -> /home/wyatt/ros2_ws/install/matplotlib_sim/lib/python3.10/site-packages/matplotlib_sim
[2.970s] copying /home/wyatt/ros2_ws/build/matplotlib_sim/build/lib/matplotlib_sim/conductor_node.py -> /home/wyatt/ros2_ws/install/matplotlib_sim/lib/python3.10/site-packages/matplotlib_sim
[2.971s] copying /home/wyatt/ros2_ws/build/matplotlib_sim/build/lib/matplotlib_sim/matplotlib_sim_node.py -> /home/wyatt/ros2_ws/install/matplotlib_sim/lib/python3.10/site-packages/matplotlib_sim
[2.972s] byte-compiling /home/wyatt/ros2_ws/install/matplotlib_sim/lib/python3.10/site-packages/matplotlib_sim/__init__.py to __init__.cpython-310.pyc
[2.973s] byte-compiling /home/wyatt/ros2_ws/install/matplotlib_sim/lib/python3.10/site-packages/matplotlib_sim/conductor_node.py to conductor_node.cpython-310.pyc
[2.975s] byte-compiling /home/wyatt/ros2_ws/install/matplotlib_sim/lib/python3.10/site-packages/matplotlib_sim/matplotlib_sim_node.py to matplotlib_sim_node.cpython-310.pyc
[2.978s] running install_data
[2.978s] creating /home/wyatt/ros2_ws/install/matplotlib_sim/share/ament_index
[2.978s] creating /home/wyatt/ros2_ws/install/matplotlib_sim/share/ament_index/resource_index
[2.978s] creating /home/wyatt/ros2_ws/install/matplotlib_sim/share/ament_index/resource_index/packages
[2.979s] copying resource/matplotlib_sim -> /home/wyatt/ros2_ws/install/matplotlib_sim/share/ament_index/resource_index/packages
[2.979s] copying package.xml -> /home/wyatt/ros2_ws/install/matplotlib_sim/share/matplotlib_sim
[2.979s] creating /home/wyatt/ros2_ws/install/matplotlib_sim/share/matplotlib_sim/launch
[2.980s] copying launch/matplotlib_herding_launch.py -> /home/wyatt/ros2_ws/install/matplotlib_sim/share/matplotlib_sim/launch
[2.980s] copying launch/matplotlib_static_launch.py -> /home/wyatt/ros2_ws/install/matplotlib_sim/share/matplotlib_sim/launch
[2.981s] copying launch/matplotlib_demo_launch.py -> /home/wyatt/ros2_ws/install/matplotlib_sim/share/matplotlib_sim/launch
[2.981s] copying launch/matplotlib_sim_launch.py -> /home/wyatt/ros2_ws/install/matplotlib_sim/share/matplotlib_sim/launch
[2.982s] copying launch/herding_launch.py -> /home/wyatt/ros2_ws/install/matplotlib_sim/share/matplotlib_sim/launch
[2.982s] running install_egg_info
[2.986s] Copying ../../build/matplotlib_sim/matplotlib_sim.egg-info to /home/wyatt/ros2_ws/install/matplotlib_sim/lib/python3.10/site-packages/matplotlib_sim-0.0.0-py3.10.egg-info
[2.989s] running install_scripts
[3.037s] Installing matplotlib_sim_node script to /home/wyatt/ros2_ws/install/matplotlib_sim/lib/matplotlib_sim
[3.037s] writing list of installed files to '/home/wyatt/ros2_ws/build/matplotlib_sim/install.log'
[3.089s] Invoked command in '/home/wyatt/ros2_ws/src/matplotlib_sim' returned '0': PYTHONPATH=/home/wyatt/ros2_ws/build/matplotlib_sim/prefix_override:/usr/lib/python3/dist-packages/colcon_core/task/python/colcon_distutils_commands:/home/wyatt/ros2_ws/install/matplotlib_sim/lib/python3.10/site-packages:${PYTHONPATH} /usr/bin/python3 -W ignore:setup.py install is deprecated setup.py egg_info --egg-base ../../build/matplotlib_sim build --build-base /home/wyatt/ros2_ws/build/matplotlib_sim/build install --record /home/wyatt/ros2_ws/build/matplotlib_sim/install.log --single-version-externally-managed install_data
