[2.078s] Invoking command in '/home/wyatt/git_ros2/ros2_ws/src/jhyv_experiment_pkg': PYTHONPATH=/home/wyatt/git_ros2/ros2_ws/build/jhyv_experiment_pkg/prefix_override:/home/wyatt/git_ros2/ros2_ws/install/jhyv_experiment_pkg/lib/python3.10/site-packages:${PYTHONPATH} /usr/bin/python3 -W ignore:setup.py install is deprecated setup.py egg_info --egg-base ../../build/jhyv_experiment_pkg build --build-base /home/wyatt/git_ros2/ros2_ws/build/jhyv_experiment_pkg/build install --record /home/wyatt/git_ros2/ros2_ws/build/jhyv_experiment_pkg/install.log --single-version-externally-managed install_data
[2.401s] running egg_info
[2.401s] creating ../../build/jhyv_experiment_pkg/jhyv_experiment_pkg.egg-info
[2.401s] writing ../../build/jhyv_experiment_pkg/jhyv_experiment_pkg.egg-info/PKG-INFO
[2.402s] writing dependency_links to ../../build/jhyv_experiment_pkg/jhyv_experiment_pkg.egg-info/dependency_links.txt
[2.405s] writing entry points to ../../build/jhyv_experiment_pkg/jhyv_experiment_pkg.egg-info/entry_points.txt
[2.406s] writing requirements to ../../build/jhyv_experiment_pkg/jhyv_experiment_pkg.egg-info/requires.txt
[2.407s] writing top-level names to ../../build/jhyv_experiment_pkg/jhyv_experiment_pkg.egg-info/top_level.txt
[2.407s] writing manifest file '../../build/jhyv_experiment_pkg/jhyv_experiment_pkg.egg-info/SOURCES.txt'
[2.407s] reading manifest file '../../build/jhyv_experiment_pkg/jhyv_experiment_pkg.egg-info/SOURCES.txt'
[2.408s] writing manifest file '../../build/jhyv_experiment_pkg/jhyv_experiment_pkg.egg-info/SOURCES.txt'
[2.408s] running build
[2.408s] running build_py
[2.409s] creating /home/wyatt/git_ros2/ros2_ws/build/jhyv_experiment_pkg/build
[2.409s] creating /home/wyatt/git_ros2/ros2_ws/build/jhyv_experiment_pkg/build/lib
[2.409s] creating /home/wyatt/git_ros2/ros2_ws/build/jhyv_experiment_pkg/build/lib/jhyv_experiment_pkg
[2.409s] copying jhyv_experiment_pkg/__init__.py -> /home/wyatt/git_ros2/ros2_ws/build/jhyv_experiment_pkg/build/lib/jhyv_experiment_pkg
[2.410s] copying jhyv_experiment_pkg/fear_and_random_walk_node.py -> /home/wyatt/git_ros2/ros2_ws/build/jhyv_experiment_pkg/build/lib/jhyv_experiment_pkg
[2.411s] running install
[2.412s] running install_lib
[2.413s] creating /home/wyatt/git_ros2/ros2_ws/install/jhyv_experiment_pkg/lib/python3.10/site-packages/jhyv_experiment_pkg
[2.413s] copying /home/wyatt/git_ros2/ros2_ws/build/jhyv_experiment_pkg/build/lib/jhyv_experiment_pkg/__init__.py -> /home/wyatt/git_ros2/ros2_ws/install/jhyv_experiment_pkg/lib/python3.10/site-packages/jhyv_experiment_pkg
[2.413s] copying /home/wyatt/git_ros2/ros2_ws/build/jhyv_experiment_pkg/build/lib/jhyv_experiment_pkg/fear_and_random_walk_node.py -> /home/wyatt/git_ros2/ros2_ws/install/jhyv_experiment_pkg/lib/python3.10/site-packages/jhyv_experiment_pkg
[2.418s] byte-compiling /home/wyatt/git_ros2/ros2_ws/install/jhyv_experiment_pkg/lib/python3.10/site-packages/jhyv_experiment_pkg/__init__.py to __init__.cpython-310.pyc
[2.418s] byte-compiling /home/wyatt/git_ros2/ros2_ws/install/jhyv_experiment_pkg/lib/python3.10/site-packages/jhyv_experiment_pkg/fear_and_random_walk_node.py to fear_and_random_walk_node.cpython-310.pyc
[2.419s] running install_data
[2.419s] creating /home/wyatt/git_ros2/ros2_ws/install/jhyv_experiment_pkg/share/ament_index
[2.419s] creating /home/wyatt/git_ros2/ros2_ws/install/jhyv_experiment_pkg/share/ament_index/resource_index
[2.419s] creating /home/wyatt/git_ros2/ros2_ws/install/jhyv_experiment_pkg/share/ament_index/resource_index/packages
[2.419s] copying resource/jhyv_experiment_pkg -> /home/wyatt/git_ros2/ros2_ws/install/jhyv_experiment_pkg/share/ament_index/resource_index/packages
[2.420s] copying package.xml -> /home/wyatt/git_ros2/ros2_ws/install/jhyv_experiment_pkg/share/jhyv_experiment_pkg
[2.420s] running install_egg_info
[2.420s] Copying ../../build/jhyv_experiment_pkg/jhyv_experiment_pkg.egg-info to /home/wyatt/git_ros2/ros2_ws/install/jhyv_experiment_pkg/lib/python3.10/site-packages/jhyv_experiment_pkg-0.0.0-py3.10.egg-info
[2.420s] running install_scripts
[2.440s] Installing fear_and_random_walk_node script to /home/wyatt/git_ros2/ros2_ws/install/jhyv_experiment_pkg/lib/jhyv_experiment_pkg
[2.440s] writing list of installed files to '/home/wyatt/git_ros2/ros2_ws/build/jhyv_experiment_pkg/install.log'
[2.752s] Invoked command in '/home/wyatt/git_ros2/ros2_ws/src/jhyv_experiment_pkg' returned '0': PYTHONPATH=/home/wyatt/git_ros2/ros2_ws/build/jhyv_experiment_pkg/prefix_override:/home/wyatt/git_ros2/ros2_ws/install/jhyv_experiment_pkg/lib/python3.10/site-packages:${PYTHONPATH} /usr/bin/python3 -W ignore:setup.py install is deprecated setup.py egg_info --egg-base ../../build/jhyv_experiment_pkg build --build-base /home/wyatt/git_ros2/ros2_ws/build/jhyv_experiment_pkg/build install --record /home/wyatt/git_ros2/ros2_ws/build/jhyv_experiment_pkg/install.log --single-version-externally-managed install_data
