[1.742s] Invoking command in '/home/wyatt/ros2_ws/build/uf_interfaces': CMAKE_PREFIX_PATH=${CMAKE_PREFIX_PATH}:/home/wyatt/ros2_ws/install/wind_speed_package:/home/wyatt/ros2_ws/install/vehicle_position_checker:/home/wyatt/ros2_ws/install/herding_v1_package:/home/wyatt/ros2_ws/install/estop_button:/opt/ros/humble /usr/bin/cmake --build /home/wyatt/ros2_ws/build/uf_interfaces -- -j4 -l4
[1.889s] [35m[1mConsolidate compiler generated dependencies of target uf_interfaces__rosidl_generator_c[0m
[1.910s] [  1%] Built target uf_interfaces__cpp
[1.951s] [35m[1mConsolidate compiler generated dependencies of target uf_interfaces__rosidl_typesupport_cpp[0m
[1.960s] [ 12%] Built target uf_interfaces__rosidl_generator_c
[1.961s] [35m[1mConsolidate compiler generated dependencies of target uf_interfaces__rosidl_typesupport_fastrtps_cpp[0m
[1.970s] [ 12%] Built target ament_cmake_python_copy_uf_interfaces
[1.997s] [35m[1mConsolidate compiler generated dependencies of target uf_interfaces__rosidl_typesupport_introspection_cpp[0m
[2.004s] [35m[1mConsolidate compiler generated dependencies of target uf_interfaces__rosidl_typesupport_fastrtps_c[0m
[2.037s] [ 23%] Built target uf_interfaces__rosidl_typesupport_cpp
[2.043s] [ 34%] Built target uf_interfaces__rosidl_typesupport_fastrtps_cpp
[2.062s] [ 46%] Built target uf_interfaces__rosidl_typesupport_introspection_cpp
[2.068s] [ 57%] Built target uf_interfaces__rosidl_typesupport_fastrtps_c
[2.084s] [35m[1mConsolidate compiler generated dependencies of target uf_interfaces__rosidl_typesupport_c[0m
[2.096s] [35m[1mConsolidate compiler generated dependencies of target uf_interfaces__rosidl_typesupport_introspection_c[0m
[2.125s] [ 68%] Built target uf_interfaces__rosidl_typesupport_c
[2.155s] [ 79%] Built target uf_interfaces__rosidl_typesupport_introspection_c
[2.198s] [ 79%] Built target uf_interfaces
[2.243s] [ 80%] Built target uf_interfaces__py
[2.273s] [35m[1mConsolidate compiler generated dependencies of target uf_interfaces__rosidl_generator_py[0m
[2.316s] [ 90%] Built target uf_interfaces__rosidl_generator_py
[2.342s] [35m[1mConsolidate compiler generated dependencies of target uf_interfaces__rosidl_typesupport_fastrtps_c__pyext[0m
[2.370s] [35m[1mConsolidate compiler generated dependencies of target uf_interfaces__rosidl_typesupport_c__pyext[0m
[2.373s] [35m[1mConsolidate compiler generated dependencies of target uf_interfaces__rosidl_typesupport_introspection_c__pyext[0m
[2.413s] [ 93%] Built target uf_interfaces__rosidl_typesupport_c__pyext
[2.423s] [ 96%] Built target uf_interfaces__rosidl_typesupport_fastrtps_c__pyext
[2.427s] [100%] Built target uf_interfaces__rosidl_typesupport_introspection_c__pyext
[2.875s] running egg_info
[2.879s] writing uf_interfaces.egg-info/PKG-INFO
[2.879s] writing dependency_links to uf_interfaces.egg-info/dependency_links.txt
[2.879s] writing top-level names to uf_interfaces.egg-info/top_level.txt
[2.891s] reading manifest file 'uf_interfaces.egg-info/SOURCES.txt'
[2.894s] writing manifest file 'uf_interfaces.egg-info/SOURCES.txt'
[3.089s] [100%] Built target ament_cmake_python_build_uf_interfaces_egg
[3.166s] Invoked command in '/home/wyatt/ros2_ws/build/uf_interfaces' returned '0': CMAKE_PREFIX_PATH=${CMAKE_PREFIX_PATH}:/home/wyatt/ros2_ws/install/wind_speed_package:/home/wyatt/ros2_ws/install/vehicle_position_checker:/home/wyatt/ros2_ws/install/herding_v1_package:/home/wyatt/ros2_ws/install/estop_button:/opt/ros/humble /usr/bin/cmake --build /home/wyatt/ros2_ws/build/uf_interfaces -- -j4 -l4
[5.049s] Invoking command in '/home/wyatt/ros2_ws/build/uf_interfaces': CMAKE_PREFIX_PATH=${CMAKE_PREFIX_PATH}:/home/wyatt/ros2_ws/install/wind_speed_package:/home/wyatt/ros2_ws/install/vehicle_position_checker:/home/wyatt/ros2_ws/install/herding_v1_package:/home/wyatt/ros2_ws/install/estop_button:/opt/ros/humble /usr/bin/cmake --install /home/wyatt/ros2_ws/build/uf_interfaces
[5.097s] -- Install configuration: ""
[5.104s] -- Up-to-date: /home/wyatt/ros2_ws/install/uf_interfaces/share/ament_index/resource_index/rosidl_interfaces/uf_interfaces
[5.105s] -- Up-to-date: /home/wyatt/ros2_ws/install/uf_interfaces/include/uf_interfaces/uf_interfaces
[5.106s] -- Up-to-date: /home/wyatt/ros2_ws/install/uf_interfaces/include/uf_interfaces/uf_interfaces/action
[5.106s] -- Up-to-date: /home/wyatt/ros2_ws/install/uf_interfaces/include/uf_interfaces/uf_interfaces/action/herd.h
[5.106s] -- Up-to-date: /home/wyatt/ros2_ws/install/uf_interfaces/include/uf_interfaces/uf_interfaces/action/detail
[5.107s] -- Up-to-date: /home/wyatt/ros2_ws/install/uf_interfaces/include/uf_interfaces/uf_interfaces/action/detail/herd__type_support.h
[5.107s] -- Up-to-date: /home/wyatt/ros2_ws/install/uf_interfaces/include/uf_interfaces/uf_interfaces/action/detail/herd__struct.h
[5.107s] -- Up-to-date: /home/wyatt/ros2_ws/install/uf_interfaces/include/uf_interfaces/uf_interfaces/action/detail/defend__functions.c
[5.107s] -- Up-to-date: /home/wyatt/ros2_ws/install/uf_interfaces/include/uf_interfaces/uf_interfaces/action/detail/herd__functions.c
[5.116s] -- Up-to-date: /home/wyatt/ros2_ws/install/uf_interfaces/include/uf_interfaces/uf_interfaces/action/detail/defend__struct.h
[5.116s] -- Up-to-date: /home/wyatt/ros2_ws/install/uf_interfaces/include/uf_interfaces/uf_interfaces/action/detail/herd__functions.h
[5.117s] -- Up-to-date: /home/wyatt/ros2_ws/install/uf_interfaces/include/uf_interfaces/uf_interfaces/action/detail/defend__type_support.h
[5.117s] -- Up-to-date: /home/wyatt/ros2_ws/install/uf_interfaces/include/uf_interfaces/uf_interfaces/action/detail/defend__functions.h
[5.117s] -- Up-to-date: /home/wyatt/ros2_ws/install/uf_interfaces/include/uf_interfaces/uf_interfaces/action/defend.h
[5.117s] -- Up-to-date: /home/wyatt/ros2_ws/install/uf_interfaces/include/uf_interfaces/uf_interfaces/srv
[5.117s] -- Up-to-date: /home/wyatt/ros2_ws/install/uf_interfaces/include/uf_interfaces/uf_interfaces/srv/task_assign.h
[5.118s] -- Up-to-date: /home/wyatt/ros2_ws/install/uf_interfaces/include/uf_interfaces/uf_interfaces/srv/geo_conv.h
[5.118s] -- Up-to-date: /home/wyatt/ros2_ws/install/uf_interfaces/include/uf_interfaces/uf_interfaces/srv/detail
[5.118s] -- Up-to-date: /home/wyatt/ros2_ws/install/uf_interfaces/include/uf_interfaces/uf_interfaces/srv/detail/geo_conv__struct.h
[5.118s] -- Up-to-date: /home/wyatt/ros2_ws/install/uf_interfaces/include/uf_interfaces/uf_interfaces/srv/detail/task_assign__type_support.h
[5.118s] -- Up-to-date: /home/wyatt/ros2_ws/install/uf_interfaces/include/uf_interfaces/uf_interfaces/srv/detail/task_assign__functions.h
[5.118s] -- Up-to-date: /home/wyatt/ros2_ws/install/uf_interfaces/include/uf_interfaces/uf_interfaces/srv/detail/geo_conv__functions.h
[5.119s] -- Up-to-date: /home/wyatt/ros2_ws/install/uf_interfaces/include/uf_interfaces/uf_interfaces/srv/detail/task_assign__struct.h
[5.119s] -- Up-to-date: /home/wyatt/ros2_ws/install/uf_interfaces/include/uf_interfaces/uf_interfaces/srv/detail/geo_conv__functions.c
[5.121s] -- Up-to-date: /home/wyatt/ros2_ws/install/uf_interfaces/include/uf_interfaces/uf_interfaces/srv/detail/geo_conv__type_support.h
[5.121s] -- Up-to-date: /home/wyatt/ros2_ws/install/uf_interfaces/include/uf_interfaces/uf_interfaces/srv/detail/task_assign__functions.c
[5.122s] -- Up-to-date: /home/wyatt/ros2_ws/install/uf_interfaces/include/uf_interfaces/uf_interfaces/msg
[5.122s] -- Up-to-date: /home/wyatt/ros2_ws/install/uf_interfaces/include/uf_interfaces/uf_interfaces/msg/position.h
[5.123s] -- Up-to-date: /home/wyatt/ros2_ws/install/uf_interfaces/include/uf_interfaces/uf_interfaces/msg/detail
[5.123s] -- Up-to-date: /home/wyatt/ros2_ws/install/uf_interfaces/include/uf_interfaces/uf_interfaces/msg/detail/position__functions.h
[5.123s] -- Up-to-date: /home/wyatt/ros2_ws/install/uf_interfaces/include/uf_interfaces/uf_interfaces/msg/detail/position__type_support.h
[5.123s] -- Up-to-date: /home/wyatt/ros2_ws/install/uf_interfaces/include/uf_interfaces/uf_interfaces/msg/detail/position__struct.h
[5.123s] -- Up-to-date: /home/wyatt/ros2_ws/install/uf_interfaces/include/uf_interfaces/uf_interfaces/msg/detail/position__functions.c
[5.123s] -- Up-to-date: /home/wyatt/ros2_ws/install/uf_interfaces/include/uf_interfaces/uf_interfaces/msg/rosidl_generator_c__visibility_control.h
[5.124s] -- Up-to-date: /home/wyatt/ros2_ws/install/uf_interfaces/share/uf_interfaces/environment/library_path.sh
[5.124s] -- Up-to-date: /home/wyatt/ros2_ws/install/uf_interfaces/share/uf_interfaces/environment/library_path.dsv
[5.142s] -- Up-to-date: /home/wyatt/ros2_ws/install/uf_interfaces/lib/libuf_interfaces__rosidl_generator_c.so
[5.143s] -- Up-to-date: /home/wyatt/ros2_ws/install/uf_interfaces/include/uf_interfaces/uf_interfaces
[5.149s] -- Up-to-date: /home/wyatt/ros2_ws/install/uf_interfaces/include/uf_interfaces/uf_interfaces/action
[5.149s] -- Up-to-date: /home/wyatt/ros2_ws/install/uf_interfaces/include/uf_interfaces/uf_interfaces/action/detail
[5.149s] -- Up-to-date: /home/wyatt/ros2_ws/install/uf_interfaces/include/uf_interfaces/uf_interfaces/action/detail/herd__rosidl_typesupport_fastrtps_c.h
[5.151s] -- Up-to-date: /home/wyatt/ros2_ws/install/uf_interfaces/include/uf_interfaces/uf_interfaces/action/detail/defend__rosidl_typesupport_fastrtps_c.h
[5.152s] -- Up-to-date: /home/wyatt/ros2_ws/install/uf_interfaces/include/uf_interfaces/uf_interfaces/srv
[5.152s] -- Up-to-date: /home/wyatt/ros2_ws/install/uf_interfaces/include/uf_interfaces/uf_interfaces/srv/detail
[5.156s] -- Up-to-date: /home/wyatt/ros2_ws/install/uf_interfaces/include/uf_interfaces/uf_interfaces/srv/detail/geo_conv__rosidl_typesupport_fastrtps_c.h
[5.157s] -- Up-to-date: /home/wyatt/ros2_ws/install/uf_interfaces/include/uf_interfaces/uf_interfaces/srv/detail/task_assign__rosidl_typesupport_fastrtps_c.h
[5.157s] -- Up-to-date: /home/wyatt/ros2_ws/install/uf_interfaces/include/uf_interfaces/uf_interfaces/msg
[5.161s] -- Up-to-date: /home/wyatt/ros2_ws/install/uf_interfaces/include/uf_interfaces/uf_interfaces/msg/rosidl_typesupport_fastrtps_c__visibility_control.h
[5.162s] -- Up-to-date: /home/wyatt/ros2_ws/install/uf_interfaces/include/uf_interfaces/uf_interfaces/msg/detail
[5.162s] -- Up-to-date: /home/wyatt/ros2_ws/install/uf_interfaces/include/uf_interfaces/uf_interfaces/msg/detail/position__rosidl_typesupport_fastrtps_c.h
[5.162s] -- Up-to-date: /home/wyatt/ros2_ws/install/uf_interfaces/lib/libuf_interfaces__rosidl_typesupport_fastrtps_c.so
[5.167s] -- Up-to-date: /home/wyatt/ros2_ws/install/uf_interfaces/include/uf_interfaces/uf_interfaces
[5.167s] -- Up-to-date: /home/wyatt/ros2_ws/install/uf_interfaces/include/uf_interfaces/uf_interfaces/action
[5.167s] -- Up-to-date: /home/wyatt/ros2_ws/install/uf_interfaces/include/uf_interfaces/uf_interfaces/action/herd.hpp
[5.167s] -- Up-to-date: /home/wyatt/ros2_ws/install/uf_interfaces/include/uf_interfaces/uf_interfaces/action/defend.hpp
[5.168s] -- Up-to-date: /home/wyatt/ros2_ws/install/uf_interfaces/include/uf_interfaces/uf_interfaces/action/detail
[5.168s] -- Up-to-date: /home/wyatt/ros2_ws/install/uf_interfaces/include/uf_interfaces/uf_interfaces/action/detail/herd__builder.hpp
[5.168s] -- Up-to-date: /home/wyatt/ros2_ws/install/uf_interfaces/include/uf_interfaces/uf_interfaces/action/detail/defend__traits.hpp
[5.168s] -- Up-to-date: /home/wyatt/ros2_ws/install/uf_interfaces/include/uf_interfaces/uf_interfaces/action/detail/defend__struct.hpp
[5.169s] -- Up-to-date: /home/wyatt/ros2_ws/install/uf_interfaces/include/uf_interfaces/uf_interfaces/action/detail/herd__traits.hpp
[5.169s] -- Up-to-date: /home/wyatt/ros2_ws/install/uf_interfaces/include/uf_interfaces/uf_interfaces/action/detail/herd__struct.hpp
[5.169s] -- Up-to-date: /home/wyatt/ros2_ws/install/uf_interfaces/include/uf_interfaces/uf_interfaces/action/detail/defend__builder.hpp
[5.169s] -- Up-to-date: /home/wyatt/ros2_ws/install/uf_interfaces/include/uf_interfaces/uf_interfaces/srv
[5.170s] -- Up-to-date: /home/wyatt/ros2_ws/install/uf_interfaces/include/uf_interfaces/uf_interfaces/srv/task_assign.hpp
[5.181s] -- Up-to-date: /home/wyatt/ros2_ws/install/uf_interfaces/include/uf_interfaces/uf_interfaces/srv/geo_conv.hpp
[5.181s] -- Up-to-date: /home/wyatt/ros2_ws/install/uf_interfaces/include/uf_interfaces/uf_interfaces/srv/detail
[5.182s] -- Up-to-date: /home/wyatt/ros2_ws/install/uf_interfaces/include/uf_interfaces/uf_interfaces/srv/detail/task_assign__traits.hpp
[5.182s] -- Up-to-date: /home/wyatt/ros2_ws/install/uf_interfaces/include/uf_interfaces/uf_interfaces/srv/detail/geo_conv__struct.hpp
[5.182s] -- Up-to-date: /home/wyatt/ros2_ws/install/uf_interfaces/include/uf_interfaces/uf_interfaces/srv/detail/task_assign__struct.hpp
[5.182s] -- Up-to-date: /home/wyatt/ros2_ws/install/uf_interfaces/include/uf_interfaces/uf_interfaces/srv/detail/task_assign__builder.hpp
[5.182s] -- Up-to-date: /home/wyatt/ros2_ws/install/uf_interfaces/include/uf_interfaces/uf_interfaces/srv/detail/geo_conv__traits.hpp
[5.183s] -- Up-to-date: /home/wyatt/ros2_ws/install/uf_interfaces/include/uf_interfaces/uf_interfaces/srv/detail/geo_conv__builder.hpp
[5.183s] -- Up-to-date: /home/wyatt/ros2_ws/install/uf_interfaces/include/uf_interfaces/uf_interfaces/msg
[5.183s] -- Up-to-date: /home/wyatt/ros2_ws/install/uf_interfaces/include/uf_interfaces/uf_interfaces/msg/position.hpp
[5.183s] -- Up-to-date: /home/wyatt/ros2_ws/install/uf_interfaces/include/uf_interfaces/uf_interfaces/msg/detail
[5.183s] -- Up-to-date: /home/wyatt/ros2_ws/install/uf_interfaces/include/uf_interfaces/uf_interfaces/msg/detail/position__struct.hpp
[5.184s] -- Up-to-date: /home/wyatt/ros2_ws/install/uf_interfaces/include/uf_interfaces/uf_interfaces/msg/detail/position__builder.hpp
[5.184s] -- Up-to-date: /home/wyatt/ros2_ws/install/uf_interfaces/include/uf_interfaces/uf_interfaces/msg/detail/position__traits.hpp
[5.184s] -- Up-to-date: /home/wyatt/ros2_ws/install/uf_interfaces/include/uf_interfaces/uf_interfaces
[5.184s] -- Up-to-date: /home/wyatt/ros2_ws/install/uf_interfaces/include/uf_interfaces/uf_interfaces/action
[5.184s] -- Up-to-date: /home/wyatt/ros2_ws/install/uf_interfaces/include/uf_interfaces/uf_interfaces/action/detail
[5.185s] -- Up-to-date: /home/wyatt/ros2_ws/install/uf_interfaces/include/uf_interfaces/uf_interfaces/action/detail/herd__rosidl_typesupport_fastrtps_cpp.hpp
[5.185s] -- Up-to-date: /home/wyatt/ros2_ws/install/uf_interfaces/include/uf_interfaces/uf_interfaces/action/detail/defend__rosidl_typesupport_fastrtps_cpp.hpp
[5.185s] -- Up-to-date: /home/wyatt/ros2_ws/install/uf_interfaces/include/uf_interfaces/uf_interfaces/action/detail/dds_fastrtps
[5.185s] -- Up-to-date: /home/wyatt/ros2_ws/install/uf_interfaces/include/uf_interfaces/uf_interfaces/srv
[5.185s] -- Up-to-date: /home/wyatt/ros2_ws/install/uf_interfaces/include/uf_interfaces/uf_interfaces/srv/detail
[5.186s] -- Up-to-date: /home/wyatt/ros2_ws/install/uf_interfaces/include/uf_interfaces/uf_interfaces/srv/detail/task_assign__rosidl_typesupport_fastrtps_cpp.hpp
[5.186s] -- Up-to-date: /home/wyatt/ros2_ws/install/uf_interfaces/include/uf_interfaces/uf_interfaces/srv/detail/geo_conv__rosidl_typesupport_fastrtps_cpp.hpp
[5.186s] -- Up-to-date: /home/wyatt/ros2_ws/install/uf_interfaces/include/uf_interfaces/uf_interfaces/srv/detail/dds_fastrtps
[5.186s] -- Up-to-date: /home/wyatt/ros2_ws/install/uf_interfaces/include/uf_interfaces/uf_interfaces/msg
[5.186s] -- Up-to-date: /home/wyatt/ros2_ws/install/uf_interfaces/include/uf_interfaces/uf_interfaces/msg/rosidl_typesupport_fastrtps_cpp__visibility_control.h
[5.187s] -- Up-to-date: /home/wyatt/ros2_ws/install/uf_interfaces/include/uf_interfaces/uf_interfaces/msg/detail
[5.187s] -- Up-to-date: /home/wyatt/ros2_ws/install/uf_interfaces/include/uf_interfaces/uf_interfaces/msg/detail/position__rosidl_typesupport_fastrtps_cpp.hpp
[5.187s] -- Up-to-date: /home/wyatt/ros2_ws/install/uf_interfaces/include/uf_interfaces/uf_interfaces/msg/detail/dds_fastrtps
[5.187s] -- Up-to-date: /home/wyatt/ros2_ws/install/uf_interfaces/lib/libuf_interfaces__rosidl_typesupport_fastrtps_cpp.so
[5.187s] -- Up-to-date: /home/wyatt/ros2_ws/install/uf_interfaces/include/uf_interfaces/uf_interfaces
[5.188s] -- Up-to-date: /home/wyatt/ros2_ws/install/uf_interfaces/include/uf_interfaces/uf_interfaces/action
[5.188s] -- Up-to-date: /home/wyatt/ros2_ws/install/uf_interfaces/include/uf_interfaces/uf_interfaces/action/detail
[5.196s] -- Up-to-date: /home/wyatt/ros2_ws/install/uf_interfaces/include/uf_interfaces/uf_interfaces/action/detail/defend__rosidl_typesupport_introspection_c.h
[5.197s] -- Up-to-date: /home/wyatt/ros2_ws/install/uf_interfaces/include/uf_interfaces/uf_interfaces/action/detail/herd__rosidl_typesupport_introspection_c.h
[5.198s] -- Up-to-date: /home/wyatt/ros2_ws/install/uf_interfaces/include/uf_interfaces/uf_interfaces/action/detail/defend__type_support.c
[5.198s] -- Up-to-date: /home/wyatt/ros2_ws/install/uf_interfaces/include/uf_interfaces/uf_interfaces/action/detail/herd__type_support.c
[5.198s] -- Up-to-date: /home/wyatt/ros2_ws/install/uf_interfaces/include/uf_interfaces/uf_interfaces/srv
[5.199s] -- Up-to-date: /home/wyatt/ros2_ws/install/uf_interfaces/include/uf_interfaces/uf_interfaces/srv/detail
[5.199s] -- Up-to-date: /home/wyatt/ros2_ws/install/uf_interfaces/include/uf_interfaces/uf_interfaces/srv/detail/task_assign__type_support.c
[5.199s] -- Up-to-date: /home/wyatt/ros2_ws/install/uf_interfaces/include/uf_interfaces/uf_interfaces/srv/detail/geo_conv__type_support.c
[5.199s] -- Up-to-date: /home/wyatt/ros2_ws/install/uf_interfaces/include/uf_interfaces/uf_interfaces/srv/detail/task_assign__rosidl_typesupport_introspection_c.h
[5.200s] -- Up-to-date: /home/wyatt/ros2_ws/install/uf_interfaces/include/uf_interfaces/uf_interfaces/srv/detail/geo_conv__rosidl_typesupport_introspection_c.h
[5.200s] -- Up-to-date: /home/wyatt/ros2_ws/install/uf_interfaces/include/uf_interfaces/uf_interfaces/msg
[5.210s] -- Up-to-date: /home/wyatt/ros2_ws/install/uf_interfaces/include/uf_interfaces/uf_interfaces/msg/rosidl_typesupport_introspection_c__visibility_control.h
[5.211s] -- Up-to-date: /home/wyatt/ros2_ws/install/uf_interfaces/include/uf_interfaces/uf_interfaces/msg/detail
[5.213s] -- Up-to-date: /home/wyatt/ros2_ws/install/uf_interfaces/include/uf_interfaces/uf_interfaces/msg/detail/position__rosidl_typesupport_introspection_c.h
[5.213s] -- Up-to-date: /home/wyatt/ros2_ws/install/uf_interfaces/include/uf_interfaces/uf_interfaces/msg/detail/position__type_support.c
[5.213s] -- Up-to-date: /home/wyatt/ros2_ws/install/uf_interfaces/lib/libuf_interfaces__rosidl_typesupport_introspection_c.so
[5.213s] -- Up-to-date: /home/wyatt/ros2_ws/install/uf_interfaces/lib/libuf_interfaces__rosidl_typesupport_c.so
[5.213s] -- Up-to-date: /home/wyatt/ros2_ws/install/uf_interfaces/include/uf_interfaces/uf_interfaces
[5.214s] -- Up-to-date: /home/wyatt/ros2_ws/install/uf_interfaces/include/uf_interfaces/uf_interfaces/action
[5.214s] -- Up-to-date: /home/wyatt/ros2_ws/install/uf_interfaces/include/uf_interfaces/uf_interfaces/action/detail
[5.214s] -- Up-to-date: /home/wyatt/ros2_ws/install/uf_interfaces/include/uf_interfaces/uf_interfaces/action/detail/herd__rosidl_typesupport_introspection_cpp.hpp
[5.214s] -- Up-to-date: /home/wyatt/ros2_ws/install/uf_interfaces/include/uf_interfaces/uf_interfaces/action/detail/defend__rosidl_typesupport_introspection_cpp.hpp
[5.217s] -- Up-to-date: /home/wyatt/ros2_ws/install/uf_interfaces/include/uf_interfaces/uf_interfaces/action/detail/herd__type_support.cpp
[5.217s] -- Up-to-date: /home/wyatt/ros2_ws/install/uf_interfaces/include/uf_interfaces/uf_interfaces/action/detail/defend__type_support.cpp
[5.218s] -- Up-to-date: /home/wyatt/ros2_ws/install/uf_interfaces/include/uf_interfaces/uf_interfaces/srv
[5.218s] -- Up-to-date: /home/wyatt/ros2_ws/install/uf_interfaces/include/uf_interfaces/uf_interfaces/srv/detail
[5.218s] -- Up-to-date: /home/wyatt/ros2_ws/install/uf_interfaces/include/uf_interfaces/uf_interfaces/srv/detail/task_assign__rosidl_typesupport_introspection_cpp.hpp
[5.218s] -- Up-to-date: /home/wyatt/ros2_ws/install/uf_interfaces/include/uf_interfaces/uf_interfaces/srv/detail/task_assign__type_support.cpp
[5.219s] -- Up-to-date: /home/wyatt/ros2_ws/install/uf_interfaces/include/uf_interfaces/uf_interfaces/srv/detail/geo_conv__type_support.cpp
[5.219s] -- Up-to-date: /home/wyatt/ros2_ws/install/uf_interfaces/include/uf_interfaces/uf_interfaces/srv/detail/geo_conv__rosidl_typesupport_introspection_cpp.hpp
[5.219s] -- Up-to-date: /home/wyatt/ros2_ws/install/uf_interfaces/include/uf_interfaces/uf_interfaces/msg
[5.219s] -- Up-to-date: /home/wyatt/ros2_ws/install/uf_interfaces/include/uf_interfaces/uf_interfaces/msg/detail
[5.219s] -- Up-to-date: /home/wyatt/ros2_ws/install/uf_interfaces/include/uf_interfaces/uf_interfaces/msg/detail/position__rosidl_typesupport_introspection_cpp.hpp
[5.220s] -- Up-to-date: /home/wyatt/ros2_ws/install/uf_interfaces/include/uf_interfaces/uf_interfaces/msg/detail/position__type_support.cpp
[5.220s] -- Up-to-date: /home/wyatt/ros2_ws/install/uf_interfaces/lib/libuf_interfaces__rosidl_typesupport_introspection_cpp.so
[5.220s] -- Up-to-date: /home/wyatt/ros2_ws/install/uf_interfaces/lib/libuf_interfaces__rosidl_typesupport_cpp.so
[5.220s] -- Up-to-date: /home/wyatt/ros2_ws/install/uf_interfaces/share/uf_interfaces/environment/pythonpath.sh
[5.225s] -- Up-to-date: /home/wyatt/ros2_ws/install/uf_interfaces/share/uf_interfaces/environment/pythonpath.dsv
[5.225s] -- Up-to-date: /home/wyatt/ros2_ws/install/uf_interfaces/local/lib/python3.10/dist-packages/uf_interfaces-0.0.0-py3.10.egg-info
[5.227s] -- Installing: /home/wyatt/ros2_ws/install/uf_interfaces/local/lib/python3.10/dist-packages/uf_interfaces-0.0.0-py3.10.egg-info/SOURCES.txt
[5.227s] -- Installing: /home/wyatt/ros2_ws/install/uf_interfaces/local/lib/python3.10/dist-packages/uf_interfaces-0.0.0-py3.10.egg-info/PKG-INFO
[5.227s] -- Installing: /home/wyatt/ros2_ws/install/uf_interfaces/local/lib/python3.10/dist-packages/uf_interfaces-0.0.0-py3.10.egg-info/top_level.txt
[5.232s] -- Installing: /home/wyatt/ros2_ws/install/uf_interfaces/local/lib/python3.10/dist-packages/uf_interfaces-0.0.0-py3.10.egg-info/dependency_links.txt
[5.233s] -- Up-to-date: /home/wyatt/ros2_ws/install/uf_interfaces/local/lib/python3.10/dist-packages/uf_interfaces
[5.233s] -- Up-to-date: /home/wyatt/ros2_ws/install/uf_interfaces/local/lib/python3.10/dist-packages/uf_interfaces/_uf_interfaces_s.ep.rosidl_typesupport_c.c
[5.233s] -- Up-to-date: /home/wyatt/ros2_ws/install/uf_interfaces/local/lib/python3.10/dist-packages/uf_interfaces/_uf_interfaces_s.ep.rosidl_typesupport_introspection_c.c
[5.234s] -- Up-to-date: /home/wyatt/ros2_ws/install/uf_interfaces/local/lib/python3.10/dist-packages/uf_interfaces/libuf_interfaces__rosidl_generator_py.so
[5.234s] -- Up-to-date: /home/wyatt/ros2_ws/install/uf_interfaces/local/lib/python3.10/dist-packages/uf_interfaces/__init__.py
[5.234s] -- Up-to-date: /home/wyatt/ros2_ws/install/uf_interfaces/local/lib/python3.10/dist-packages/uf_interfaces/action
[5.234s] -- Up-to-date: /home/wyatt/ros2_ws/install/uf_interfaces/local/lib/python3.10/dist-packages/uf_interfaces/action/_herd_s.c
[5.234s] -- Up-to-date: /home/wyatt/ros2_ws/install/uf_interfaces/local/lib/python3.10/dist-packages/uf_interfaces/action/_defend.py
[5.235s] -- Up-to-date: /home/wyatt/ros2_ws/install/uf_interfaces/local/lib/python3.10/dist-packages/uf_interfaces/action/__init__.py
[5.235s] -- Up-to-date: /home/wyatt/ros2_ws/install/uf_interfaces/local/lib/python3.10/dist-packages/uf_interfaces/action/_herd.py
[5.235s] -- Up-to-date: /home/wyatt/ros2_ws/install/uf_interfaces/local/lib/python3.10/dist-packages/uf_interfaces/action/_defend_s.c
[5.235s] -- Up-to-date: /home/wyatt/ros2_ws/install/uf_interfaces/local/lib/python3.10/dist-packages/uf_interfaces/uf_interfaces_s__rosidl_typesupport_c.cpython-310-x86_64-linux-gnu.so
[5.236s] -- Up-to-date: /home/wyatt/ros2_ws/install/uf_interfaces/local/lib/python3.10/dist-packages/uf_interfaces/uf_interfaces_s__rosidl_typesupport_fastrtps_c.cpython-310-x86_64-linux-gnu.so
[5.236s] -- Up-to-date: /home/wyatt/ros2_ws/install/uf_interfaces/local/lib/python3.10/dist-packages/uf_interfaces/srv
[5.236s] -- Up-to-date: /home/wyatt/ros2_ws/install/uf_interfaces/local/lib/python3.10/dist-packages/uf_interfaces/srv/__init__.py
[5.237s] -- Up-to-date: /home/wyatt/ros2_ws/install/uf_interfaces/local/lib/python3.10/dist-packages/uf_interfaces/srv/_task_assign_s.c
[5.237s] -- Up-to-date: /home/wyatt/ros2_ws/install/uf_interfaces/local/lib/python3.10/dist-packages/uf_interfaces/srv/_geo_conv_s.c
[5.238s] -- Up-to-date: /home/wyatt/ros2_ws/install/uf_interfaces/local/lib/python3.10/dist-packages/uf_interfaces/srv/_task_assign.py
[5.238s] -- Up-to-date: /home/wyatt/ros2_ws/install/uf_interfaces/local/lib/python3.10/dist-packages/uf_interfaces/srv/_geo_conv.py
[5.238s] -- Up-to-date: /home/wyatt/ros2_ws/install/uf_interfaces/local/lib/python3.10/dist-packages/uf_interfaces/_uf_interfaces_s.ep.rosidl_typesupport_fastrtps_c.c
[5.238s] -- Up-to-date: /home/wyatt/ros2_ws/install/uf_interfaces/local/lib/python3.10/dist-packages/uf_interfaces/msg
[5.239s] -- Up-to-date: /home/wyatt/ros2_ws/install/uf_interfaces/local/lib/python3.10/dist-packages/uf_interfaces/msg/__init__.py
[5.239s] -- Up-to-date: /home/wyatt/ros2_ws/install/uf_interfaces/local/lib/python3.10/dist-packages/uf_interfaces/msg/_position.py
[5.239s] -- Up-to-date: /home/wyatt/ros2_ws/install/uf_interfaces/local/lib/python3.10/dist-packages/uf_interfaces/msg/_position_s.c
[5.239s] -- Up-to-date: /home/wyatt/ros2_ws/install/uf_interfaces/local/lib/python3.10/dist-packages/uf_interfaces/uf_interfaces_s__rosidl_typesupport_introspection_c.cpython-310-x86_64-linux-gnu.so
[5.411s] Listing '/home/wyatt/ros2_ws/install/uf_interfaces/local/lib/python3.10/dist-packages/uf_interfaces'...
[5.411s] Listing '/home/wyatt/ros2_ws/install/uf_interfaces/local/lib/python3.10/dist-packages/uf_interfaces/action'...
[5.411s] Listing '/home/wyatt/ros2_ws/install/uf_interfaces/local/lib/python3.10/dist-packages/uf_interfaces/msg'...
[5.412s] Listing '/home/wyatt/ros2_ws/install/uf_interfaces/local/lib/python3.10/dist-packages/uf_interfaces/srv'...
[5.433s] -- Up-to-date: /home/wyatt/ros2_ws/install/uf_interfaces/local/lib/python3.10/dist-packages/uf_interfaces/uf_interfaces_s__rosidl_typesupport_fastrtps_c.cpython-310-x86_64-linux-gnu.so
[5.435s] -- Up-to-date: /home/wyatt/ros2_ws/install/uf_interfaces/local/lib/python3.10/dist-packages/uf_interfaces/uf_interfaces_s__rosidl_typesupport_introspection_c.cpython-310-x86_64-linux-gnu.so
[5.437s] -- Up-to-date: /home/wyatt/ros2_ws/install/uf_interfaces/local/lib/python3.10/dist-packages/uf_interfaces/uf_interfaces_s__rosidl_typesupport_c.cpython-310-x86_64-linux-gnu.so
[5.444s] -- Up-to-date: /home/wyatt/ros2_ws/install/uf_interfaces/lib/libuf_interfaces__rosidl_generator_py.so
[5.444s] -- Up-to-date: /home/wyatt/ros2_ws/install/uf_interfaces/share/uf_interfaces/action/Defend.idl
[5.444s] -- Up-to-date: /home/wyatt/ros2_ws/install/uf_interfaces/share/uf_interfaces/action/Herd.idl
[5.444s] -- Up-to-date: /home/wyatt/ros2_ws/install/uf_interfaces/share/uf_interfaces/msg/Position.idl
[5.445s] -- Up-to-date: /home/wyatt/ros2_ws/install/uf_interfaces/share/uf_interfaces/srv/TaskAssign.idl
[5.445s] -- Up-to-date: /home/wyatt/ros2_ws/install/uf_interfaces/share/uf_interfaces/srv/GeoConv.idl
[5.445s] -- Up-to-date: /home/wyatt/ros2_ws/install/uf_interfaces/share/uf_interfaces/action/Defend.action
[5.445s] -- Up-to-date: /home/wyatt/ros2_ws/install/uf_interfaces/share/uf_interfaces/action/Herd.action
[5.445s] -- Up-to-date: /home/wyatt/ros2_ws/install/uf_interfaces/share/uf_interfaces/msg/Position.msg
[5.446s] -- Up-to-date: /home/wyatt/ros2_ws/install/uf_interfaces/share/uf_interfaces/srv/TaskAssign.srv
[5.446s] -- Up-to-date: /home/wyatt/ros2_ws/install/uf_interfaces/share/uf_interfaces/srv/TaskAssign_Request.msg
[5.446s] -- Up-to-date: /home/wyatt/ros2_ws/install/uf_interfaces/share/uf_interfaces/srv/TaskAssign_Response.msg
[5.446s] -- Up-to-date: /home/wyatt/ros2_ws/install/uf_interfaces/share/uf_interfaces/srv/GeoConv.srv
[5.447s] -- Up-to-date: /home/wyatt/ros2_ws/install/uf_interfaces/share/uf_interfaces/srv/GeoConv_Request.msg
[5.447s] -- Up-to-date: /home/wyatt/ros2_ws/install/uf_interfaces/share/uf_interfaces/srv/GeoConv_Response.msg
[5.447s] -- Up-to-date: /home/wyatt/ros2_ws/install/uf_interfaces/share/ament_index/resource_index/package_run_dependencies/uf_interfaces
[5.447s] -- Up-to-date: /home/wyatt/ros2_ws/install/uf_interfaces/share/ament_index/resource_index/parent_prefix_path/uf_interfaces
[5.447s] -- Up-to-date: /home/wyatt/ros2_ws/install/uf_interfaces/share/uf_interfaces/environment/ament_prefix_path.sh
[5.448s] -- Up-to-date: /home/wyatt/ros2_ws/install/uf_interfaces/share/uf_interfaces/environment/ament_prefix_path.dsv
[5.448s] -- Up-to-date: /home/wyatt/ros2_ws/install/uf_interfaces/share/uf_interfaces/environment/path.sh
[5.448s] -- Up-to-date: /home/wyatt/ros2_ws/install/uf_interfaces/share/uf_interfaces/environment/path.dsv
[5.449s] -- Up-to-date: /home/wyatt/ros2_ws/install/uf_interfaces/share/uf_interfaces/local_setup.bash
[5.449s] -- Up-to-date: /home/wyatt/ros2_ws/install/uf_interfaces/share/uf_interfaces/local_setup.sh
[5.449s] -- Up-to-date: /home/wyatt/ros2_ws/install/uf_interfaces/share/uf_interfaces/local_setup.zsh
[5.449s] -- Up-to-date: /home/wyatt/ros2_ws/install/uf_interfaces/share/uf_interfaces/local_setup.dsv
[5.449s] -- Installing: /home/wyatt/ros2_ws/install/uf_interfaces/share/uf_interfaces/package.dsv
[5.450s] -- Up-to-date: /home/wyatt/ros2_ws/install/uf_interfaces/share/ament_index/resource_index/packages/uf_interfaces
[5.454s] -- Up-to-date: /home/wyatt/ros2_ws/install/uf_interfaces/share/uf_interfaces/cmake/export_uf_interfaces__rosidl_generator_cExport.cmake
[5.455s] -- Up-to-date: /home/wyatt/ros2_ws/install/uf_interfaces/share/uf_interfaces/cmake/export_uf_interfaces__rosidl_generator_cExport-noconfig.cmake
[5.461s] -- Up-to-date: /home/wyatt/ros2_ws/install/uf_interfaces/share/uf_interfaces/cmake/export_uf_interfaces__rosidl_typesupport_fastrtps_cExport.cmake
[5.462s] -- Up-to-date: /home/wyatt/ros2_ws/install/uf_interfaces/share/uf_interfaces/cmake/export_uf_interfaces__rosidl_typesupport_fastrtps_cExport-noconfig.cmake
[5.463s] -- Up-to-date: /home/wyatt/ros2_ws/install/uf_interfaces/share/uf_interfaces/cmake/export_uf_interfaces__rosidl_generator_cppExport.cmake
[5.464s] -- Up-to-date: /home/wyatt/ros2_ws/install/uf_interfaces/share/uf_interfaces/cmake/export_uf_interfaces__rosidl_typesupport_fastrtps_cppExport.cmake
[5.465s] -- Up-to-date: /home/wyatt/ros2_ws/install/uf_interfaces/share/uf_interfaces/cmake/export_uf_interfaces__rosidl_typesupport_fastrtps_cppExport-noconfig.cmake
[5.467s] -- Up-to-date: /home/wyatt/ros2_ws/install/uf_interfaces/share/uf_interfaces/cmake/uf_interfaces__rosidl_typesupport_introspection_cExport.cmake
[5.468s] -- Up-to-date: /home/wyatt/ros2_ws/install/uf_interfaces/share/uf_interfaces/cmake/uf_interfaces__rosidl_typesupport_introspection_cExport-noconfig.cmake
[5.468s] -- Up-to-date: /home/wyatt/ros2_ws/install/uf_interfaces/share/uf_interfaces/cmake/uf_interfaces__rosidl_typesupport_cExport.cmake
[5.468s] -- Up-to-date: /home/wyatt/ros2_ws/install/uf_interfaces/share/uf_interfaces/cmake/uf_interfaces__rosidl_typesupport_cExport-noconfig.cmake
[5.469s] -- Up-to-date: /home/wyatt/ros2_ws/install/uf_interfaces/share/uf_interfaces/cmake/uf_interfaces__rosidl_typesupport_introspection_cppExport.cmake
[5.469s] -- Up-to-date: /home/wyatt/ros2_ws/install/uf_interfaces/share/uf_interfaces/cmake/uf_interfaces__rosidl_typesupport_introspection_cppExport-noconfig.cmake
[5.481s] -- Up-to-date: /home/wyatt/ros2_ws/install/uf_interfaces/share/uf_interfaces/cmake/uf_interfaces__rosidl_typesupport_cppExport.cmake
[5.481s] -- Up-to-date: /home/wyatt/ros2_ws/install/uf_interfaces/share/uf_interfaces/cmake/uf_interfaces__rosidl_typesupport_cppExport-noconfig.cmake
[5.484s] -- Up-to-date: /home/wyatt/ros2_ws/install/uf_interfaces/share/uf_interfaces/cmake/export_uf_interfaces__rosidl_generator_pyExport.cmake
[5.484s] -- Up-to-date: /home/wyatt/ros2_ws/install/uf_interfaces/share/uf_interfaces/cmake/export_uf_interfaces__rosidl_generator_pyExport-noconfig.cmake
[5.485s] -- Up-to-date: /home/wyatt/ros2_ws/install/uf_interfaces/share/uf_interfaces/cmake/rosidl_cmake-extras.cmake
[5.485s] -- Up-to-date: /home/wyatt/ros2_ws/install/uf_interfaces/share/uf_interfaces/cmake/ament_cmake_export_dependencies-extras.cmake
[5.485s] -- Up-to-date: /home/wyatt/ros2_ws/install/uf_interfaces/share/uf_interfaces/cmake/ament_cmake_export_include_directories-extras.cmake
[5.485s] -- Up-to-date: /home/wyatt/ros2_ws/install/uf_interfaces/share/uf_interfaces/cmake/ament_cmake_export_libraries-extras.cmake
[5.486s] -- Up-to-date: /home/wyatt/ros2_ws/install/uf_interfaces/share/uf_interfaces/cmake/ament_cmake_export_targets-extras.cmake
[5.486s] -- Up-to-date: /home/wyatt/ros2_ws/install/uf_interfaces/share/uf_interfaces/cmake/rosidl_cmake_export_typesupport_targets-extras.cmake
[5.486s] -- Up-to-date: /home/wyatt/ros2_ws/install/uf_interfaces/share/uf_interfaces/cmake/rosidl_cmake_export_typesupport_libraries-extras.cmake
[5.486s] -- Up-to-date: /home/wyatt/ros2_ws/install/uf_interfaces/share/uf_interfaces/cmake/uf_interfacesConfig.cmake
[5.486s] -- Up-to-date: /home/wyatt/ros2_ws/install/uf_interfaces/share/uf_interfaces/cmake/uf_interfacesConfig-version.cmake
[5.488s] -- Up-to-date: /home/wyatt/ros2_ws/install/uf_interfaces/share/uf_interfaces/package.xml
[6.218s] Invoked command in '/home/wyatt/ros2_ws/build/uf_interfaces' returned '0': CMAKE_PREFIX_PATH=${CMAKE_PREFIX_PATH}:/home/wyatt/ros2_ws/install/wind_speed_package:/home/wyatt/ros2_ws/install/vehicle_position_checker:/home/wyatt/ros2_ws/install/herding_v1_package:/home/wyatt/ros2_ws/install/estop_button:/opt/ros/humble /usr/bin/cmake --install /home/wyatt/ros2_ws/build/uf_interfaces
