[3.772s] Invoking command in '/home/wyatt/ros2_ws/src/estop_button': PYTHONPATH=/home/wyatt/ros2_ws/build/estop_button/prefix_override:/home/wyatt/ros2_ws/install/estop_button/lib/python3.10/site-packages:${PYTHONPATH} /usr/bin/python3 setup.py egg_info --egg-base ../../build/estop_button build --build-base /home/wyatt/ros2_ws/build/estop_button/build install --record /home/wyatt/ros2_ws/build/estop_button/install.log --single-version-externally-managed
[4.540s] running egg_info
[4.540s] writing ../../build/estop_button/estop_button.egg-info/PKG-INFO
[4.541s] writing dependency_links to ../../build/estop_button/estop_button.egg-info/dependency_links.txt
[4.541s] writing entry points to ../../build/estop_button/estop_button.egg-info/entry_points.txt
[4.541s] writing requirements to ../../build/estop_button/estop_button.egg-info/requires.txt
[4.541s] writing top-level names to ../../build/estop_button/estop_button.egg-info/top_level.txt
[4.541s] reading manifest file '../../build/estop_button/estop_button.egg-info/SOURCES.txt'
[4.542s] writing manifest file '../../build/estop_button/estop_button.egg-info/SOURCES.txt'
[4.542s] running build
[4.542s] running build_py
[4.543s] running install
[4.544s] running install_lib
[4.557s] running install_data
[4.557s] running install_egg_info
[4.557s] removing '/home/wyatt/ros2_ws/install/estop_button/lib/python3.10/site-packages/estop_button-0.0.0-py3.10.egg-info' (and everything under it)
[4.557s] Copying ../../build/estop_button/estop_button.egg-info to /home/wyatt/ros2_ws/install/estop_button/lib/python3.10/site-packages/estop_button-0.0.0-py3.10.egg-info
[4.558s] running install_scripts
[4.609s] writing list of installed files to '/home/wyatt/ros2_ws/build/estop_button/install.log'
[4.685s] Invoked command in '/home/wyatt/ros2_ws/src/estop_button' returned '0': PYTHONPATH=/home/wyatt/ros2_ws/build/estop_button/prefix_override:/home/wyatt/ros2_ws/install/estop_button/lib/python3.10/site-packages:${PYTHONPATH} /usr/bin/python3 setup.py egg_info --egg-base ../../build/estop_button build --build-base /home/wyatt/ros2_ws/build/estop_button/build install --record /home/wyatt/ros2_ws/build/estop_button/install.log --single-version-externally-managed
