[3.286s] Invoking command in '/home/wyatt/ros2_ws/src/estop_button': PYTHONPATH=/home/wyatt/ros2_ws/build/estop_button/prefix_override:/home/wyatt/ros2_ws/install/estop_button/lib/python3.10/site-packages:${PYTHONPATH} /usr/bin/python3 -W ignore:setup.py install is deprecated setup.py egg_info --egg-base ../../build/estop_button build --build-base /home/wyatt/ros2_ws/build/estop_button/build install --record /home/wyatt/ros2_ws/build/estop_button/install.log --single-version-externally-managed install_data
[4.663s] running egg_info
[4.666s] creating ../../build/estop_button/estop_button.egg-info
[4.666s] writing ../../build/estop_button/estop_button.egg-info/PKG-INFO
[4.666s] writing dependency_links to ../../build/estop_button/estop_button.egg-info/dependency_links.txt
[4.667s] writing entry points to ../../build/estop_button/estop_button.egg-info/entry_points.txt
[4.667s] writing requirements to ../../build/estop_button/estop_button.egg-info/requires.txt
[4.667s] writing top-level names to ../../build/estop_button/estop_button.egg-info/top_level.txt
[4.668s] writing manifest file '../../build/estop_button/estop_button.egg-info/SOURCES.txt'
[4.673s] reading manifest file '../../build/estop_button/estop_button.egg-info/SOURCES.txt'
[4.675s] writing manifest file '../../build/estop_button/estop_button.egg-info/SOURCES.txt'
[4.676s] running build
[4.676s] running build_py
[4.676s] creating /home/wyatt/ros2_ws/build/estop_button/build
[4.676s] creating /home/wyatt/ros2_ws/build/estop_button/build/lib
[4.676s] creating /home/wyatt/ros2_ws/build/estop_button/build/lib/estop_button
[4.677s] copying estop_button/__init__.py -> /home/wyatt/ros2_ws/build/estop_button/build/lib/estop_button
[4.677s] copying estop_button/estop_button.py -> /home/wyatt/ros2_ws/build/estop_button/build/lib/estop_button
[4.677s] running install
[4.677s] running install_lib
[4.679s] creating /home/wyatt/ros2_ws/install/estop_button/lib/python3.10/site-packages/estop_button
[4.679s] copying /home/wyatt/ros2_ws/build/estop_button/build/lib/estop_button/__init__.py -> /home/wyatt/ros2_ws/install/estop_button/lib/python3.10/site-packages/estop_button
[4.679s] copying /home/wyatt/ros2_ws/build/estop_button/build/lib/estop_button/estop_button.py -> /home/wyatt/ros2_ws/install/estop_button/lib/python3.10/site-packages/estop_button
[4.680s] byte-compiling /home/wyatt/ros2_ws/install/estop_button/lib/python3.10/site-packages/estop_button/__init__.py to __init__.cpython-310.pyc
[4.681s] byte-compiling /home/wyatt/ros2_ws/install/estop_button/lib/python3.10/site-packages/estop_button/estop_button.py to estop_button.cpython-310.pyc
[4.682s] running install_data
[4.682s] creating /home/wyatt/ros2_ws/install/estop_button/share/ament_index
[4.682s] creating /home/wyatt/ros2_ws/install/estop_button/share/ament_index/resource_index
[4.683s] creating /home/wyatt/ros2_ws/install/estop_button/share/ament_index/resource_index/packages
[4.683s] copying resource/estop_button -> /home/wyatt/ros2_ws/install/estop_button/share/ament_index/resource_index/packages
[4.683s] copying package.xml -> /home/wyatt/ros2_ws/install/estop_button/share/estop_button
[4.683s] running install_egg_info
[4.687s] Copying ../../build/estop_button/estop_button.egg-info to /home/wyatt/ros2_ws/install/estop_button/lib/python3.10/site-packages/estop_button-0.0.0-py3.10.egg-info
[4.689s] running install_scripts
[4.740s] writing list of installed files to '/home/wyatt/ros2_ws/build/estop_button/install.log'
[5.327s] Invoked command in '/home/wyatt/ros2_ws/src/estop_button' returned '0': PYTHONPATH=/home/wyatt/ros2_ws/build/estop_button/prefix_override:/home/wyatt/ros2_ws/install/estop_button/lib/python3.10/site-packages:${PYTHONPATH} /usr/bin/python3 -W ignore:setup.py install is deprecated setup.py egg_info --egg-base ../../build/estop_button build --build-base /home/wyatt/ros2_ws/build/estop_button/build install --record /home/wyatt/ros2_ws/build/estop_button/install.log --single-version-externally-managed install_data
