[2.504s] Invoking command in '/home/wyatt/ros2_ws/src/herding_v1_package': PYTHONPATH=/home/wyatt/ros2_ws/build/herding_v1_package/prefix_override:/usr/lib/python3/dist-packages/colcon_core/task/python/colcon_distutils_commands:/home/wyatt/ros2_ws/install/herding_v1_package/lib/python3.10/site-packages:${PYTHONPATH} /usr/bin/python3 -W ignore:setup.py install is deprecated -W ignore:easy_install command is deprecated setup.py egg_info --egg-base ../../build/herding_v1_package build --build-base /home/wyatt/ros2_ws/build/herding_v1_package/build install --record /home/wyatt/ros2_ws/build/herding_v1_package/install.log --single-version-externally-managed install_data
[3.761s] running egg_info
[3.762s] creating ../../build/herding_v1_package/herding_v1_package.egg-info
[3.763s] writing ../../build/herding_v1_package/herding_v1_package.egg-info/PKG-INFO
[3.763s] writing dependency_links to ../../build/herding_v1_package/herding_v1_package.egg-info/dependency_links.txt
[3.764s] writing entry points to ../../build/herding_v1_package/herding_v1_package.egg-info/entry_points.txt
[3.764s] writing requirements to ../../build/herding_v1_package/herding_v1_package.egg-info/requires.txt
[3.767s] writing top-level names to ../../build/herding_v1_package/herding_v1_package.egg-info/top_level.txt
[3.769s] writing manifest file '../../build/herding_v1_package/herding_v1_package.egg-info/SOURCES.txt'
[3.769s] reading manifest file '../../build/herding_v1_package/herding_v1_package.egg-info/SOURCES.txt'
[3.773s] writing manifest file '../../build/herding_v1_package/herding_v1_package.egg-info/SOURCES.txt'
[3.774s] running build
[3.774s] running build_py
[3.774s] creating /home/wyatt/ros2_ws/build/herding_v1_package/build
[3.778s] creating /home/wyatt/ros2_ws/build/herding_v1_package/build/lib
[3.779s] creating /home/wyatt/ros2_ws/build/herding_v1_package/build/lib/herding_v1_package
[3.779s] copying herding_v1_package/__init__.py -> /home/wyatt/ros2_ws/build/herding_v1_package/build/lib/herding_v1_package
[3.779s] copying herding_v1_package/herding_node.py -> /home/wyatt/ros2_ws/build/herding_v1_package/build/lib/herding_v1_package
[3.779s] copying herding_v1_package/simulation.py -> /home/wyatt/ros2_ws/build/herding_v1_package/build/lib/herding_v1_package
[3.779s] running install
[3.779s] running install_lib
[3.781s] creating /home/wyatt/ros2_ws/install/herding_v1_package/lib/python3.10/site-packages/herding_v1_package
[3.781s] copying /home/wyatt/ros2_ws/build/herding_v1_package/build/lib/herding_v1_package/__init__.py -> /home/wyatt/ros2_ws/install/herding_v1_package/lib/python3.10/site-packages/herding_v1_package
[3.781s] copying /home/wyatt/ros2_ws/build/herding_v1_package/build/lib/herding_v1_package/herding_node.py -> /home/wyatt/ros2_ws/install/herding_v1_package/lib/python3.10/site-packages/herding_v1_package
[3.782s] copying /home/wyatt/ros2_ws/build/herding_v1_package/build/lib/herding_v1_package/simulation.py -> /home/wyatt/ros2_ws/install/herding_v1_package/lib/python3.10/site-packages/herding_v1_package
[3.782s] byte-compiling /home/wyatt/ros2_ws/install/herding_v1_package/lib/python3.10/site-packages/herding_v1_package/__init__.py to __init__.cpython-310.pyc
[3.782s] byte-compiling /home/wyatt/ros2_ws/install/herding_v1_package/lib/python3.10/site-packages/herding_v1_package/herding_node.py to herding_node.cpython-310.pyc
[3.782s] byte-compiling /home/wyatt/ros2_ws/install/herding_v1_package/lib/python3.10/site-packages/herding_v1_package/simulation.py to simulation.cpython-310.pyc
[3.782s] running install_data
[3.782s] creating /home/wyatt/ros2_ws/install/herding_v1_package/share/ament_index
[3.782s] creating /home/wyatt/ros2_ws/install/herding_v1_package/share/ament_index/resource_index
[3.782s] creating /home/wyatt/ros2_ws/install/herding_v1_package/share/ament_index/resource_index/packages
[3.783s] copying resource/herding_v1_package -> /home/wyatt/ros2_ws/install/herding_v1_package/share/ament_index/resource_index/packages
[3.786s] copying package.xml -> /home/wyatt/ros2_ws/install/herding_v1_package/share/herding_v1_package
[3.786s] running install_egg_info
[3.788s] Copying ../../build/herding_v1_package/herding_v1_package.egg-info to /home/wyatt/ros2_ws/install/herding_v1_package/lib/python3.10/site-packages/herding_v1_package-0.0.0-py3.10.egg-info
[3.790s] running install_scripts
[3.866s] Installing herding_node script to /home/wyatt/ros2_ws/install/herding_v1_package/lib/herding_v1_package
[3.867s] writing list of installed files to '/home/wyatt/ros2_ws/build/herding_v1_package/install.log'
[3.931s] Invoked command in '/home/wyatt/ros2_ws/src/herding_v1_package' returned '0': PYTHONPATH=/home/wyatt/ros2_ws/build/herding_v1_package/prefix_override:/usr/lib/python3/dist-packages/colcon_core/task/python/colcon_distutils_commands:/home/wyatt/ros2_ws/install/herding_v1_package/lib/python3.10/site-packages:${PYTHONPATH} /usr/bin/python3 -W ignore:setup.py install is deprecated -W ignore:easy_install command is deprecated setup.py egg_info --egg-base ../../build/herding_v1_package build --build-base /home/wyatt/ros2_ws/build/herding_v1_package/build install --record /home/wyatt/ros2_ws/build/herding_v1_package/install.log --single-version-externally-managed install_data
