[1.593s] Invoking command in '/home/wyatt/ros2_ws/src/herding_control': PYTHONPATH=/home/wyatt/ros2_ws/build/herding_control/prefix_override:/usr/lib/python3/dist-packages/colcon_core/task/python/colcon_distutils_commands:/home/wyatt/ros2_ws/install/herding_control/lib/python3.10/site-packages:${PYTHONPATH} /usr/bin/python3 -W ignore:setup.py install is deprecated setup.py egg_info --egg-base ../../build/herding_control build --build-base /home/wyatt/ros2_ws/build/herding_control/build install --record /home/wyatt/ros2_ws/build/herding_control/install.log --single-version-externally-managed install_data
[2.031s] running egg_info
[2.033s] creating ../../build/herding_control/herding_control.egg-info
[2.033s] writing ../../build/herding_control/herding_control.egg-info/PKG-INFO
[2.034s] writing dependency_links to ../../build/herding_control/herding_control.egg-info/dependency_links.txt
[2.036s] writing entry points to ../../build/herding_control/herding_control.egg-info/entry_points.txt
[2.036s] writing requirements to ../../build/herding_control/herding_control.egg-info/requires.txt
[2.037s] writing top-level names to ../../build/herding_control/herding_control.egg-info/top_level.txt
[2.039s] writing manifest file '../../build/herding_control/herding_control.egg-info/SOURCES.txt'
[2.043s] reading manifest file '../../build/herding_control/herding_control.egg-info/SOURCES.txt'
[2.045s] writing manifest file '../../build/herding_control/herding_control.egg-info/SOURCES.txt'
[2.045s] running build
[2.046s] running build_py
[2.046s] creating /home/wyatt/ros2_ws/build/herding_control/build
[2.046s] creating /home/wyatt/ros2_ws/build/herding_control/build/lib
[2.047s] creating /home/wyatt/ros2_ws/build/herding_control/build/lib/herding_control
[2.047s] copying herding_control/herding_agent_node.py -> /home/wyatt/ros2_ws/build/herding_control/build/lib/herding_control
[2.050s] copying herding_control/__init__.py -> /home/wyatt/ros2_ws/build/herding_control/build/lib/herding_control
[2.051s] copying herding_control/herding_target_node.py -> /home/wyatt/ros2_ws/build/herding_control/build/lib/herding_control
[2.053s] running install
[2.054s] running install_lib
[2.054s] creating /home/wyatt/ros2_ws/install/herding_control/lib/python3.10/site-packages/herding_control
[2.054s] copying /home/wyatt/ros2_ws/build/herding_control/build/lib/herding_control/herding_agent_node.py -> /home/wyatt/ros2_ws/install/herding_control/lib/python3.10/site-packages/herding_control
[2.054s] copying /home/wyatt/ros2_ws/build/herding_control/build/lib/herding_control/__init__.py -> /home/wyatt/ros2_ws/install/herding_control/lib/python3.10/site-packages/herding_control
[2.054s] copying /home/wyatt/ros2_ws/build/herding_control/build/lib/herding_control/herding_target_node.py -> /home/wyatt/ros2_ws/install/herding_control/lib/python3.10/site-packages/herding_control
[2.055s] byte-compiling /home/wyatt/ros2_ws/install/herding_control/lib/python3.10/site-packages/herding_control/herding_agent_node.py to herding_agent_node.cpython-310.pyc
[2.057s] byte-compiling /home/wyatt/ros2_ws/install/herding_control/lib/python3.10/site-packages/herding_control/__init__.py to __init__.cpython-310.pyc
[2.058s] byte-compiling /home/wyatt/ros2_ws/install/herding_control/lib/python3.10/site-packages/herding_control/herding_target_node.py to herding_target_node.cpython-310.pyc
[2.067s] running install_data
[2.067s] creating /home/wyatt/ros2_ws/install/herding_control/share/ament_index
[2.067s] creating /home/wyatt/ros2_ws/install/herding_control/share/ament_index/resource_index
[2.067s] creating /home/wyatt/ros2_ws/install/herding_control/share/ament_index/resource_index/packages
[2.067s] copying resource/herding_control -> /home/wyatt/ros2_ws/install/herding_control/share/ament_index/resource_index/packages
[2.067s] copying package.xml -> /home/wyatt/ros2_ws/install/herding_control/share/herding_control
[2.068s] running install_egg_info
[2.072s] Copying ../../build/herding_control/herding_control.egg-info to /home/wyatt/ros2_ws/install/herding_control/lib/python3.10/site-packages/herding_control-0.0.0-py3.10.egg-info
[2.074s] running install_scripts
[2.116s] Installing herding_agent_node script to /home/wyatt/ros2_ws/install/herding_control/lib/herding_control
[2.117s] Installing herding_target_node script to /home/wyatt/ros2_ws/install/herding_control/lib/herding_control
[2.119s] writing list of installed files to '/home/wyatt/ros2_ws/build/herding_control/install.log'
[2.439s] Invoked command in '/home/wyatt/ros2_ws/src/herding_control' returned '0': PYTHONPATH=/home/wyatt/ros2_ws/build/herding_control/prefix_override:/usr/lib/python3/dist-packages/colcon_core/task/python/colcon_distutils_commands:/home/wyatt/ros2_ws/install/herding_control/lib/python3.10/site-packages:${PYTHONPATH} /usr/bin/python3 -W ignore:setup.py install is deprecated setup.py egg_info --egg-base ../../build/herding_control build --build-base /home/wyatt/ros2_ws/build/herding_control/build install --record /home/wyatt/ros2_ws/build/herding_control/install.log --single-version-externally-managed install_data
