[2.365s] Invoking command in '/home/wyatt/ros2_ws/src/wind_speed_package': PYTHONPATH=/home/wyatt/ros2_ws/build/wind_speed_package/prefix_override:/home/wyatt/ros2_ws/install/wind_speed_package/lib/python3.10/site-packages:${PYTHONPATH} /usr/bin/python3 -W ignore:setup.py install is deprecated setup.py egg_info --egg-base ../../build/wind_speed_package build --build-base /home/wyatt/ros2_ws/build/wind_speed_package/build install --record /home/wyatt/ros2_ws/build/wind_speed_package/install.log --single-version-externally-managed install_data
[3.073s] running egg_info
[3.074s] creating ../../build/wind_speed_package/wind_speed_package.egg-info
[3.075s] writing ../../build/wind_speed_package/wind_speed_package.egg-info/PKG-INFO
[3.075s] writing dependency_links to ../../build/wind_speed_package/wind_speed_package.egg-info/dependency_links.txt
[3.076s] writing entry points to ../../build/wind_speed_package/wind_speed_package.egg-info/entry_points.txt
[3.077s] writing requirements to ../../build/wind_speed_package/wind_speed_package.egg-info/requires.txt
[3.077s] writing top-level names to ../../build/wind_speed_package/wind_speed_package.egg-info/top_level.txt
[3.078s] writing manifest file '../../build/wind_speed_package/wind_speed_package.egg-info/SOURCES.txt'
[3.085s] reading manifest file '../../build/wind_speed_package/wind_speed_package.egg-info/SOURCES.txt'
[3.087s] writing manifest file '../../build/wind_speed_package/wind_speed_package.egg-info/SOURCES.txt'
[3.088s] running build
[3.088s] running build_py
[3.089s] creating /home/wyatt/ros2_ws/build/wind_speed_package/build
[3.090s] creating /home/wyatt/ros2_ws/build/wind_speed_package/build/lib
[3.090s] creating /home/wyatt/ros2_ws/build/wind_speed_package/build/lib/wind_speed_package
[3.091s] copying wind_speed_package/__init__.py -> /home/wyatt/ros2_ws/build/wind_speed_package/build/lib/wind_speed_package
[3.091s] copying wind_speed_package/wind_speed_node.py -> /home/wyatt/ros2_ws/build/wind_speed_package/build/lib/wind_speed_package
[3.092s] running install
[3.094s] running install_lib
[3.096s] creating /home/wyatt/ros2_ws/install/wind_speed_package/lib/python3.10/site-packages/wind_speed_package
[3.097s] copying /home/wyatt/ros2_ws/build/wind_speed_package/build/lib/wind_speed_package/__init__.py -> /home/wyatt/ros2_ws/install/wind_speed_package/lib/python3.10/site-packages/wind_speed_package
[3.097s] copying /home/wyatt/ros2_ws/build/wind_speed_package/build/lib/wind_speed_package/wind_speed_node.py -> /home/wyatt/ros2_ws/install/wind_speed_package/lib/python3.10/site-packages/wind_speed_package
[3.099s] byte-compiling /home/wyatt/ros2_ws/install/wind_speed_package/lib/python3.10/site-packages/wind_speed_package/__init__.py to __init__.cpython-310.pyc
[3.100s] byte-compiling /home/wyatt/ros2_ws/install/wind_speed_package/lib/python3.10/site-packages/wind_speed_package/wind_speed_node.py to wind_speed_node.cpython-310.pyc
[3.102s] running install_data
[3.102s] creating /home/wyatt/ros2_ws/install/wind_speed_package/share/ament_index
[3.103s] creating /home/wyatt/ros2_ws/install/wind_speed_package/share/ament_index/resource_index
[3.103s] creating /home/wyatt/ros2_ws/install/wind_speed_package/share/ament_index/resource_index/packages
[3.104s] copying resource/wind_speed_package -> /home/wyatt/ros2_ws/install/wind_speed_package/share/ament_index/resource_index/packages
[3.104s] copying package.xml -> /home/wyatt/ros2_ws/install/wind_speed_package/share/wind_speed_package
[3.105s] running install_egg_info
[3.112s] Copying ../../build/wind_speed_package/wind_speed_package.egg-info to /home/wyatt/ros2_ws/install/wind_speed_package/lib/python3.10/site-packages/wind_speed_package-0.0.0-py3.10.egg-info
[3.113s] running install_scripts
[3.157s] Installing wind_speed_node script to /home/wyatt/ros2_ws/install/wind_speed_package/lib/wind_speed_package
[3.158s] writing list of installed files to '/home/wyatt/ros2_ws/build/wind_speed_package/install.log'
[3.232s] Invoked command in '/home/wyatt/ros2_ws/src/wind_speed_package' returned '0': PYTHONPATH=/home/wyatt/ros2_ws/build/wind_speed_package/prefix_override:/home/wyatt/ros2_ws/install/wind_speed_package/lib/python3.10/site-packages:${PYTHONPATH} /usr/bin/python3 -W ignore:setup.py install is deprecated setup.py egg_info --egg-base ../../build/wind_speed_package build --build-base /home/wyatt/ros2_ws/build/wind_speed_package/build install --record /home/wyatt/ros2_ws/build/wind_speed_package/install.log --single-version-externally-managed install_data
