[1.471s] Invoking command in '/home/wyatt/ros2_ws/src/common/emlid_interface': PYTHONPATH=/home/wyatt/ros2_ws/build/emlid_interface/prefix_override:/usr/lib/python3/dist-packages/colcon_core/task/python/colcon_distutils_commands:/home/wyatt/ros2_ws/install/emlid_interface/lib/python3.10/site-packages:${PYTHONPATH} /usr/bin/python3 -W ignore:setup.py install is deprecated setup.py egg_info --egg-base ../../../build/emlid_interface build --build-base /home/wyatt/ros2_ws/build/emlid_interface/build install --record /home/wyatt/ros2_ws/build/emlid_interface/install.log --single-version-externally-managed install_data
[1.889s] running egg_info
[1.889s] creating ../../../build/emlid_interface/emlid_interface.egg-info
[1.889s] writing ../../../build/emlid_interface/emlid_interface.egg-info/PKG-INFO
[1.889s] writing dependency_links to ../../../build/emlid_interface/emlid_interface.egg-info/dependency_links.txt
[1.890s] writing entry points to ../../../build/emlid_interface/emlid_interface.egg-info/entry_points.txt
[1.890s] writing requirements to ../../../build/emlid_interface/emlid_interface.egg-info/requires.txt
[1.890s] writing top-level names to ../../../build/emlid_interface/emlid_interface.egg-info/top_level.txt
[1.890s] writing manifest file '../../../build/emlid_interface/emlid_interface.egg-info/SOURCES.txt'
[1.894s] reading manifest file '../../../build/emlid_interface/emlid_interface.egg-info/SOURCES.txt'
[1.896s] writing manifest file '../../../build/emlid_interface/emlid_interface.egg-info/SOURCES.txt'
[1.896s] running build
[1.896s] running build_py
[1.898s] creating /home/wyatt/ros2_ws/build/emlid_interface/build
[1.898s] creating /home/wyatt/ros2_ws/build/emlid_interface/build/lib
[1.898s] creating /home/wyatt/ros2_ws/build/emlid_interface/build/lib/emlid_interface
[1.899s] copying emlid_interface/emlid_interface_node.py -> /home/wyatt/ros2_ws/build/emlid_interface/build/lib/emlid_interface
[1.904s] copying emlid_interface/__init__.py -> /home/wyatt/ros2_ws/build/emlid_interface/build/lib/emlid_interface
[1.904s] running install
[1.904s] running install_lib
[1.905s] creating /home/wyatt/ros2_ws/install/emlid_interface/lib/python3.10/site-packages/emlid_interface
[1.905s] copying /home/wyatt/ros2_ws/build/emlid_interface/build/lib/emlid_interface/emlid_interface_node.py -> /home/wyatt/ros2_ws/install/emlid_interface/lib/python3.10/site-packages/emlid_interface
[1.905s] copying /home/wyatt/ros2_ws/build/emlid_interface/build/lib/emlid_interface/__init__.py -> /home/wyatt/ros2_ws/install/emlid_interface/lib/python3.10/site-packages/emlid_interface
[1.905s] byte-compiling /home/wyatt/ros2_ws/install/emlid_interface/lib/python3.10/site-packages/emlid_interface/emlid_interface_node.py to emlid_interface_node.cpython-310.pyc
[1.905s] byte-compiling /home/wyatt/ros2_ws/install/emlid_interface/lib/python3.10/site-packages/emlid_interface/__init__.py to __init__.cpython-310.pyc
[1.906s] running install_data
[1.906s] creating /home/wyatt/ros2_ws/install/emlid_interface/share/ament_index
[1.906s] creating /home/wyatt/ros2_ws/install/emlid_interface/share/ament_index/resource_index
[1.906s] creating /home/wyatt/ros2_ws/install/emlid_interface/share/ament_index/resource_index/packages
[1.906s] copying resource/emlid_interface -> /home/wyatt/ros2_ws/install/emlid_interface/share/ament_index/resource_index/packages
[1.906s] copying package.xml -> /home/wyatt/ros2_ws/install/emlid_interface/share/emlid_interface
[1.906s] creating /home/wyatt/ros2_ws/install/emlid_interface/share/emlid_interface/launch
[1.906s] copying launch/emlid_interface_launch.py -> /home/wyatt/ros2_ws/install/emlid_interface/share/emlid_interface/launch
[1.915s] running install_egg_info
[1.916s] Copying ../../../build/emlid_interface/emlid_interface.egg-info to /home/wyatt/ros2_ws/install/emlid_interface/lib/python3.10/site-packages/emlid_interface-0.0.0-py3.10.egg-info
[1.916s] running install_scripts
[1.946s] Installing emlid_interface_node script to /home/wyatt/ros2_ws/install/emlid_interface/lib/emlid_interface
[1.947s] writing list of installed files to '/home/wyatt/ros2_ws/build/emlid_interface/install.log'
[2.031s] Invoked command in '/home/wyatt/ros2_ws/src/common/emlid_interface' returned '0': PYTHONPATH=/home/wyatt/ros2_ws/build/emlid_interface/prefix_override:/usr/lib/python3/dist-packages/colcon_core/task/python/colcon_distutils_commands:/home/wyatt/ros2_ws/install/emlid_interface/lib/python3.10/site-packages:${PYTHONPATH} /usr/bin/python3 -W ignore:setup.py install is deprecated setup.py egg_info --egg-base ../../../build/emlid_interface build --build-base /home/wyatt/ros2_ws/build/emlid_interface/build install --record /home/wyatt/ros2_ws/build/emlid_interface/install.log --single-version-externally-managed install_data
