[1.828s] Invoking command in '/home/wyatt/ros2_ws/src/herding_v1_package': PYTHONPATH=/home/wyatt/ros2_ws/build/herding_v1_package/prefix_override:/usr/lib/python3/dist-packages/colcon_core/task/python/colcon_distutils_commands:/home/wyatt/ros2_ws/install/herding_v1_package/lib/python3.10/site-packages:${PYTHONPATH} /usr/bin/python3 -W ignore:setup.py install is deprecated setup.py egg_info --egg-base ../../build/herding_v1_package build --build-base /home/wyatt/ros2_ws/build/herding_v1_package/build install --record /home/wyatt/ros2_ws/build/herding_v1_package/install.log --single-version-externally-managed install_data
[2.339s] running egg_info
[2.339s] creating ../../build/herding_v1_package/herding_v1_package.egg-info
[2.339s] writing ../../build/herding_v1_package/herding_v1_package.egg-info/PKG-INFO
[2.339s] writing dependency_links to ../../build/herding_v1_package/herding_v1_package.egg-info/dependency_links.txt
[2.343s] writing entry points to ../../build/herding_v1_package/herding_v1_package.egg-info/entry_points.txt
[2.343s] writing requirements to ../../build/herding_v1_package/herding_v1_package.egg-info/requires.txt
[2.343s] writing top-level names to ../../build/herding_v1_package/herding_v1_package.egg-info/top_level.txt
[2.345s] writing manifest file '../../build/herding_v1_package/herding_v1_package.egg-info/SOURCES.txt'
[2.345s] reading manifest file '../../build/herding_v1_package/herding_v1_package.egg-info/SOURCES.txt'
[2.346s] writing manifest file '../../build/herding_v1_package/herding_v1_package.egg-info/SOURCES.txt'
[2.346s] running build
[2.346s] running build_py
[2.346s] creating /home/wyatt/ros2_ws/build/herding_v1_package/build
[2.346s] creating /home/wyatt/ros2_ws/build/herding_v1_package/build/lib
[2.346s] creating /home/wyatt/ros2_ws/build/herding_v1_package/build/lib/herding_v1_package
[2.346s] copying herding_v1_package/__init__.py -> /home/wyatt/ros2_ws/build/herding_v1_package/build/lib/herding_v1_package
[2.346s] copying herding_v1_package/herding_node.py -> /home/wyatt/ros2_ws/build/herding_v1_package/build/lib/herding_v1_package
[2.346s] copying herding_v1_package/simulation.py -> /home/wyatt/ros2_ws/build/herding_v1_package/build/lib/herding_v1_package
[2.347s] running install
[2.347s] running install_lib
[2.347s] creating /home/wyatt/ros2_ws/install/herding_v1_package/lib/python3.10/site-packages/herding_v1_package
[2.347s] copying /home/wyatt/ros2_ws/build/herding_v1_package/build/lib/herding_v1_package/__init__.py -> /home/wyatt/ros2_ws/install/herding_v1_package/lib/python3.10/site-packages/herding_v1_package
[2.347s] copying /home/wyatt/ros2_ws/build/herding_v1_package/build/lib/herding_v1_package/herding_node.py -> /home/wyatt/ros2_ws/install/herding_v1_package/lib/python3.10/site-packages/herding_v1_package
[2.348s] copying /home/wyatt/ros2_ws/build/herding_v1_package/build/lib/herding_v1_package/simulation.py -> /home/wyatt/ros2_ws/install/herding_v1_package/lib/python3.10/site-packages/herding_v1_package
[2.349s] byte-compiling /home/wyatt/ros2_ws/install/herding_v1_package/lib/python3.10/site-packages/herding_v1_package/__init__.py to __init__.cpython-310.pyc
[2.349s] byte-compiling /home/wyatt/ros2_ws/install/herding_v1_package/lib/python3.10/site-packages/herding_v1_package/herding_node.py to herding_node.cpython-310.pyc
[2.352s] byte-compiling /home/wyatt/ros2_ws/install/herding_v1_package/lib/python3.10/site-packages/herding_v1_package/simulation.py to simulation.cpython-310.pyc
[2.353s] running install_data
[2.353s] creating /home/wyatt/ros2_ws/install/herding_v1_package/share/ament_index
[2.353s] creating /home/wyatt/ros2_ws/install/herding_v1_package/share/ament_index/resource_index
[2.353s] creating /home/wyatt/ros2_ws/install/herding_v1_package/share/ament_index/resource_index/packages
[2.354s] copying resource/herding_v1_package -> /home/wyatt/ros2_ws/install/herding_v1_package/share/ament_index/resource_index/packages
[2.354s] copying package.xml -> /home/wyatt/ros2_ws/install/herding_v1_package/share/herding_v1_package
[2.357s] running install_egg_info
[2.357s] Copying ../../build/herding_v1_package/herding_v1_package.egg-info to /home/wyatt/ros2_ws/install/herding_v1_package/lib/python3.10/site-packages/herding_v1_package-0.0.0-py3.10.egg-info
[2.358s] running install_scripts
[2.398s] Installing herding_node script to /home/wyatt/ros2_ws/install/herding_v1_package/lib/herding_v1_package
[2.398s] writing list of installed files to '/home/wyatt/ros2_ws/build/herding_v1_package/install.log'
[2.445s] Invoked command in '/home/wyatt/ros2_ws/src/herding_v1_package' returned '0': PYTHONPATH=/home/wyatt/ros2_ws/build/herding_v1_package/prefix_override:/usr/lib/python3/dist-packages/colcon_core/task/python/colcon_distutils_commands:/home/wyatt/ros2_ws/install/herding_v1_package/lib/python3.10/site-packages:${PYTHONPATH} /usr/bin/python3 -W ignore:setup.py install is deprecated setup.py egg_info --egg-base ../../build/herding_v1_package build --build-base /home/wyatt/ros2_ws/build/herding_v1_package/build install --record /home/wyatt/ros2_ws/build/herding_v1_package/install.log --single-version-externally-managed install_data
