[1.800s] Invoking command in '/home/wyatt/ros2_ws/src/herding_control': PYTHONPATH=/home/wyatt/ros2_ws/build/herding_control/prefix_override:/usr/lib/python3/dist-packages/colcon_core/task/python/colcon_distutils_commands:/home/wyatt/ros2_ws/install/herding_control/lib/python3.10/site-packages:${PYTHONPATH} /usr/bin/python3 -W ignore:setup.py install is deprecated setup.py egg_info --egg-base ../../build/herding_control build --build-base /home/wyatt/ros2_ws/build/herding_control/build install --record /home/wyatt/ros2_ws/build/herding_control/install.log --single-version-externally-managed install_data
[2.365s] running egg_info
[2.367s] writing ../../build/herding_control/herding_control.egg-info/PKG-INFO
[2.367s] writing dependency_links to ../../build/herding_control/herding_control.egg-info/dependency_links.txt
[2.368s] writing entry points to ../../build/herding_control/herding_control.egg-info/entry_points.txt
[2.368s] writing requirements to ../../build/herding_control/herding_control.egg-info/requires.txt
[2.368s] writing top-level names to ../../build/herding_control/herding_control.egg-info/top_level.txt
[2.371s] reading manifest file '../../build/herding_control/herding_control.egg-info/SOURCES.txt'
[2.373s] writing manifest file '../../build/herding_control/herding_control.egg-info/SOURCES.txt'
[2.375s] running build
[2.375s] running build_py
[2.375s] running install
[2.377s] running install_lib
[2.380s] running install_data
[2.381s] running install_egg_info
[2.384s] removing '/home/wyatt/ros2_ws/install/herding_control/lib/python3.10/site-packages/herding_control-0.0.0-py3.10.egg-info' (and everything under it)
[2.385s] Copying ../../build/herding_control/herding_control.egg-info to /home/wyatt/ros2_ws/install/herding_control/lib/python3.10/site-packages/herding_control-0.0.0-py3.10.egg-info
[2.387s] running install_scripts
[2.438s] Installing herding_agent_node script to /home/wyatt/ros2_ws/install/herding_control/lib/herding_control
[2.439s] Installing herding_target_node script to /home/wyatt/ros2_ws/install/herding_control/lib/herding_control
[2.440s] writing list of installed files to '/home/wyatt/ros2_ws/build/herding_control/install.log'
[2.816s] Invoked command in '/home/wyatt/ros2_ws/src/herding_control' returned '0': PYTHONPATH=/home/wyatt/ros2_ws/build/herding_control/prefix_override:/usr/lib/python3/dist-packages/colcon_core/task/python/colcon_distutils_commands:/home/wyatt/ros2_ws/install/herding_control/lib/python3.10/site-packages:${PYTHONPATH} /usr/bin/python3 -W ignore:setup.py install is deprecated setup.py egg_info --egg-base ../../build/herding_control build --build-base /home/wyatt/ros2_ws/build/herding_control/build install --record /home/wyatt/ros2_ws/build/herding_control/install.log --single-version-externally-managed install_data
