[2.513s] Invoking command in '/home/wyatt/ros2_ws/src/wind_speed_package': PYTHONPATH=/home/wyatt/ros2_ws/build/wind_speed_package/prefix_override:/home/wyatt/ros2_ws/install/wind_speed_package/lib/python3.10/site-packages:${PYTHONPATH} /usr/bin/python3 setup.py egg_info --egg-base ../../build/wind_speed_package build --build-base /home/wyatt/ros2_ws/build/wind_speed_package/build install --record /home/wyatt/ros2_ws/build/wind_speed_package/install.log --single-version-externally-managed
[2.961s] running egg_info
[2.962s] writing ../../build/wind_speed_package/wind_speed_package.egg-info/PKG-INFO
[2.962s] writing dependency_links to ../../build/wind_speed_package/wind_speed_package.egg-info/dependency_links.txt
[2.962s] writing entry points to ../../build/wind_speed_package/wind_speed_package.egg-info/entry_points.txt
[2.963s] writing requirements to ../../build/wind_speed_package/wind_speed_package.egg-info/requires.txt
[2.963s] writing top-level names to ../../build/wind_speed_package/wind_speed_package.egg-info/top_level.txt
[2.966s] reading manifest file '../../build/wind_speed_package/wind_speed_package.egg-info/SOURCES.txt'
[2.969s] writing manifest file '../../build/wind_speed_package/wind_speed_package.egg-info/SOURCES.txt'
[2.969s] running build
[2.969s] running build_py
[2.969s] running install
[2.970s] running install_lib
[2.972s] running install_data
[2.973s] running install_egg_info
[2.977s] removing '/home/wyatt/ros2_ws/install/wind_speed_package/lib/python3.10/site-packages/wind_speed_package-0.0.0-py3.10.egg-info' (and everything under it)
[2.977s] Copying ../../build/wind_speed_package/wind_speed_package.egg-info to /home/wyatt/ros2_ws/install/wind_speed_package/lib/python3.10/site-packages/wind_speed_package-0.0.0-py3.10.egg-info
[2.979s] running install_scripts
[3.008s] Installing wind_speed_node script to /home/wyatt/ros2_ws/install/wind_speed_package/lib/wind_speed_package
[3.009s] writing list of installed files to '/home/wyatt/ros2_ws/build/wind_speed_package/install.log'
[3.051s] Invoked command in '/home/wyatt/ros2_ws/src/wind_speed_package' returned '0': PYTHONPATH=/home/wyatt/ros2_ws/build/wind_speed_package/prefix_override:/home/wyatt/ros2_ws/install/wind_speed_package/lib/python3.10/site-packages:${PYTHONPATH} /usr/bin/python3 setup.py egg_info --egg-base ../../build/wind_speed_package build --build-base /home/wyatt/ros2_ws/build/wind_speed_package/build install --record /home/wyatt/ros2_ws/build/wind_speed_package/install.log --single-version-externally-managed
