[0.030s] Invoking command in '/home/wyatt/ros2_ws/build/autonomy_park_viz': CMAKE_PREFIX_PATH=${CMAKE_PREFIX_PATH}:/home/wyatt/ros2_ws/install/wpt_control_xy:/home/wyatt/ros2_ws/install/position_broadcaster:/home/wyatt/ros2_ws/install/minimal_startup:/home/wyatt/ros2_ws/install/geodetic_conversion:/home/wyatt/ros2_ws/install/emlid_interface:/home/wyatt/ros2_ws/install/wind_speed_package:/home/wyatt/ros2_ws/install/vehicle_position_checker:/home/wyatt/ros2_ws/install/test_herding_pkg:/home/wyatt/ros2_ws/install/single_integrator_agent:/home/wyatt/ros2_ws/install/multi_agent_tracking_pkg:/home/wyatt/ros2_ws/install/matplotlib_sim:/home/wyatt/ros2_ws/install/jhyv_experiment_pkg:/home/wyatt/ros2_ws/install/herding_v1_package:/home/wyatt/ros2_ws/install/herding_control:/home/wyatt/ros2_ws/install/estop_button:/opt/ros/humble /usr/bin/cmake /home/wyatt/ros2_ws/src/autonomy-park-air-team-autonomy_park_viz -DCMAKE_INSTALL_PREFIX=/home/wyatt/ros2_ws/install/autonomy_park_viz
[0.632s] -- The C compiler identification is GNU 11.4.0
[0.633s] -- The CXX compiler identification is GNU 11.4.0
[0.633s] -- Detecting C compiler ABI info
[0.633s] -- Detecting C compiler ABI info - done
[0.633s] -- Check for working C compiler: /usr/bin/cc - skipped
[0.633s] -- Detecting C compile features
[0.633s] -- Detecting C compile features - done
[0.633s] -- Detecting CXX compiler ABI info
[0.633s] -- Detecting CXX compiler ABI info - done
[0.634s] -- Check for working CXX compiler: /usr/bin/c++ - skipped
[0.634s] -- Detecting CXX compile features
[0.634s] -- Detecting CXX compile features - done
[0.634s] -- Found ament_cmake: 1.3.10 (/opt/ros/humble/share/ament_cmake/cmake)
[0.634s] -- Found Python3: /usr/bin/python3 (found version "3.10.12") found components: Interpreter 
[0.655s] -- Found rclcpp: 16.0.10 (/opt/ros/humble/share/rclcpp/cmake)
[0.717s] -- Found rosidl_generator_c: 3.1.5 (/opt/ros/humble/share/rosidl_generator_c/cmake)
[0.726s] -- Found rosidl_adapter: 3.1.5 (/opt/ros/humble/share/rosidl_adapter/cmake)
[0.739s] -- Found rosidl_generator_cpp: 3.1.5 (/opt/ros/humble/share/rosidl_generator_cpp/cmake)
[0.758s] -- Using all available rosidl_typesupport_c: rosidl_typesupport_fastrtps_c;rosidl_typesupport_introspection_c
[0.780s] -- Using all available rosidl_typesupport_cpp: rosidl_typesupport_fastrtps_cpp;rosidl_typesupport_introspection_cpp
[0.844s] -- Found rmw_implementation_cmake: 6.1.2 (/opt/ros/humble/share/rmw_implementation_cmake/cmake)
[0.849s] -- Found rmw_fastrtps_cpp: 6.2.7 (/opt/ros/humble/share/rmw_fastrtps_cpp/cmake)
[0.967s] -- Found OpenSSL: /usr/lib/x86_64-linux-gnu/libcrypto.so (found version "3.0.2")  
[1.015s] -- Found FastRTPS: /opt/ros/humble/include  
[1.092s] -- Using RMW implementation 'rmw_fastrtps_cpp' as default
[1.113s] -- Looking for pthread.h
[1.229s] -- Looking for pthread.h - found
[1.229s] -- Performing Test CMAKE_HAVE_LIBC_PTHREAD
[1.380s] -- Performing Test CMAKE_HAVE_LIBC_PTHREAD - Success
[1.382s] -- Found Threads: TRUE  
[1.505s] -- Found geometry_msgs: 4.2.4 (/opt/ros/humble/share/geometry_msgs/cmake)
[1.538s] -- Found visualization_msgs: 4.2.4 (/opt/ros/humble/share/visualization_msgs/cmake)
[1.630s] -- Found tf2: 0.25.8 (/opt/ros/humble/share/tf2/cmake)
[1.659s] -- Found tf2_ros: 0.25.8 (/opt/ros/humble/share/tf2_ros/cmake)
[1.871s] -- Found tf2_geometry_msgs: 0.25.8 (/opt/ros/humble/share/tf2_geometry_msgs/cmake)
[1.905s] -- Found eigen3_cmake_module: 0.1.1 (/opt/ros/humble/share/eigen3_cmake_module/cmake)
[1.908s] -- Found Eigen3: TRUE (found version "3.4.0") 
[1.908s] -- Ensuring Eigen3 include directory is part of orocos-kdl CMake target
[2.056s] -- Configuring done
[2.082s] -- Generating done
[2.085s] -- Build files have been written to: /home/wyatt/ros2_ws/build/autonomy_park_viz
[2.107s] Invoked command in '/home/wyatt/ros2_ws/build/autonomy_park_viz' returned '0': CMAKE_PREFIX_PATH=${CMAKE_PREFIX_PATH}:/home/wyatt/ros2_ws/install/wpt_control_xy:/home/wyatt/ros2_ws/install/position_broadcaster:/home/wyatt/ros2_ws/install/minimal_startup:/home/wyatt/ros2_ws/install/geodetic_conversion:/home/wyatt/ros2_ws/install/emlid_interface:/home/wyatt/ros2_ws/install/wind_speed_package:/home/wyatt/ros2_ws/install/vehicle_position_checker:/home/wyatt/ros2_ws/install/test_herding_pkg:/home/wyatt/ros2_ws/install/single_integrator_agent:/home/wyatt/ros2_ws/install/multi_agent_tracking_pkg:/home/wyatt/ros2_ws/install/matplotlib_sim:/home/wyatt/ros2_ws/install/jhyv_experiment_pkg:/home/wyatt/ros2_ws/install/herding_v1_package:/home/wyatt/ros2_ws/install/herding_control:/home/wyatt/ros2_ws/install/estop_button:/opt/ros/humble /usr/bin/cmake /home/wyatt/ros2_ws/src/autonomy-park-air-team-autonomy_park_viz -DCMAKE_INSTALL_PREFIX=/home/wyatt/ros2_ws/install/autonomy_park_viz
[2.108s] Invoking command in '/home/wyatt/ros2_ws/build/autonomy_park_viz': CMAKE_PREFIX_PATH=${CMAKE_PREFIX_PATH}:/home/wyatt/ros2_ws/install/wpt_control_xy:/home/wyatt/ros2_ws/install/position_broadcaster:/home/wyatt/ros2_ws/install/minimal_startup:/home/wyatt/ros2_ws/install/geodetic_conversion:/home/wyatt/ros2_ws/install/emlid_interface:/home/wyatt/ros2_ws/install/wind_speed_package:/home/wyatt/ros2_ws/install/vehicle_position_checker:/home/wyatt/ros2_ws/install/test_herding_pkg:/home/wyatt/ros2_ws/install/single_integrator_agent:/home/wyatt/ros2_ws/install/multi_agent_tracking_pkg:/home/wyatt/ros2_ws/install/matplotlib_sim:/home/wyatt/ros2_ws/install/jhyv_experiment_pkg:/home/wyatt/ros2_ws/install/herding_v1_package:/home/wyatt/ros2_ws/install/herding_control:/home/wyatt/ros2_ws/install/estop_button:/opt/ros/humble /usr/bin/cmake --build /home/wyatt/ros2_ws/build/autonomy_park_viz -- -j4 -l4
[2.193s] [ 33%] [32mBuilding CXX object CMakeFiles/autonomy_park_viz_node.dir/src/autonomy_park_viz_node.cpp.o[0m
[2.195s] [ 66%] [32mBuilding CXX object CMakeFiles/autonomy_park_viz_node.dir/src/AutonomyParkViz.cpp.o[0m
[11.478s] [100%] [32m[1mLinking CXX executable autonomy_park_viz_node[0m
[11.997s] [100%] Built target autonomy_park_viz_node
[12.124s] Invoked command in '/home/wyatt/ros2_ws/build/autonomy_park_viz' returned '0': CMAKE_PREFIX_PATH=${CMAKE_PREFIX_PATH}:/home/wyatt/ros2_ws/install/wpt_control_xy:/home/wyatt/ros2_ws/install/position_broadcaster:/home/wyatt/ros2_ws/install/minimal_startup:/home/wyatt/ros2_ws/install/geodetic_conversion:/home/wyatt/ros2_ws/install/emlid_interface:/home/wyatt/ros2_ws/install/wind_speed_package:/home/wyatt/ros2_ws/install/vehicle_position_checker:/home/wyatt/ros2_ws/install/test_herding_pkg:/home/wyatt/ros2_ws/install/single_integrator_agent:/home/wyatt/ros2_ws/install/multi_agent_tracking_pkg:/home/wyatt/ros2_ws/install/matplotlib_sim:/home/wyatt/ros2_ws/install/jhyv_experiment_pkg:/home/wyatt/ros2_ws/install/herding_v1_package:/home/wyatt/ros2_ws/install/herding_control:/home/wyatt/ros2_ws/install/estop_button:/opt/ros/humble /usr/bin/cmake --build /home/wyatt/ros2_ws/build/autonomy_park_viz -- -j4 -l4
[12.158s] Invoking command in '/home/wyatt/ros2_ws/build/autonomy_park_viz': CMAKE_PREFIX_PATH=${CMAKE_PREFIX_PATH}:/home/wyatt/ros2_ws/install/wpt_control_xy:/home/wyatt/ros2_ws/install/position_broadcaster:/home/wyatt/ros2_ws/install/minimal_startup:/home/wyatt/ros2_ws/install/geodetic_conversion:/home/wyatt/ros2_ws/install/emlid_interface:/home/wyatt/ros2_ws/install/wind_speed_package:/home/wyatt/ros2_ws/install/vehicle_position_checker:/home/wyatt/ros2_ws/install/test_herding_pkg:/home/wyatt/ros2_ws/install/single_integrator_agent:/home/wyatt/ros2_ws/install/multi_agent_tracking_pkg:/home/wyatt/ros2_ws/install/matplotlib_sim:/home/wyatt/ros2_ws/install/jhyv_experiment_pkg:/home/wyatt/ros2_ws/install/herding_v1_package:/home/wyatt/ros2_ws/install/herding_control:/home/wyatt/ros2_ws/install/estop_button:/opt/ros/humble /usr/bin/cmake --install /home/wyatt/ros2_ws/build/autonomy_park_viz
[12.169s] -- Install configuration: ""
[12.170s] -- Installing: /home/wyatt/ros2_ws/install/autonomy_park_viz/lib/autonomy_park_viz/autonomy_park_viz_node
[12.171s] -- Set runtime path of "/home/wyatt/ros2_ws/install/autonomy_park_viz/lib/autonomy_park_viz/autonomy_park_viz_node" to ""
[12.172s] -- Installing: /home/wyatt/ros2_ws/install/autonomy_park_viz/share/autonomy_park_viz/launch
[12.173s] -- Installing: /home/wyatt/ros2_ws/install/autonomy_park_viz/share/autonomy_park_viz/launch/viz.launch.py
[12.174s] -- Installing: /home/wyatt/ros2_ws/install/autonomy_park_viz/share/autonomy_park_viz/param
[12.175s] -- Installing: /home/wyatt/ros2_ws/install/autonomy_park_viz/share/autonomy_park_viz/param/park_geometry.yaml
[12.176s] -- Installing: /home/wyatt/ros2_ws/install/autonomy_park_viz/share/autonomy_park_viz/rviz
[12.176s] -- Installing: /home/wyatt/ros2_ws/install/autonomy_park_viz/share/autonomy_park_viz/rviz/autonomy_park.rviz
[12.178s] -- Installing: /home/wyatt/ros2_ws/install/autonomy_park_viz/share/ament_index/resource_index/package_run_dependencies/autonomy_park_viz
[12.180s] -- Installing: /home/wyatt/ros2_ws/install/autonomy_park_viz/share/ament_index/resource_index/parent_prefix_path/autonomy_park_viz
[12.181s] -- Installing: /home/wyatt/ros2_ws/install/autonomy_park_viz/share/autonomy_park_viz/environment/ament_prefix_path.sh
[12.183s] -- Installing: /home/wyatt/ros2_ws/install/autonomy_park_viz/share/autonomy_park_viz/environment/ament_prefix_path.dsv
[12.184s] -- Installing: /home/wyatt/ros2_ws/install/autonomy_park_viz/share/autonomy_park_viz/environment/path.sh
[12.186s] -- Installing: /home/wyatt/ros2_ws/install/autonomy_park_viz/share/autonomy_park_viz/environment/path.dsv
[12.188s] -- Installing: /home/wyatt/ros2_ws/install/autonomy_park_viz/share/autonomy_park_viz/local_setup.bash
[12.189s] -- Installing: /home/wyatt/ros2_ws/install/autonomy_park_viz/share/autonomy_park_viz/local_setup.sh
[12.191s] -- Installing: /home/wyatt/ros2_ws/install/autonomy_park_viz/share/autonomy_park_viz/local_setup.zsh
[12.192s] -- Installing: /home/wyatt/ros2_ws/install/autonomy_park_viz/share/autonomy_park_viz/local_setup.dsv
[12.192s] -- Installing: /home/wyatt/ros2_ws/install/autonomy_park_viz/share/autonomy_park_viz/package.dsv
[12.192s] -- Installing: /home/wyatt/ros2_ws/install/autonomy_park_viz/share/ament_index/resource_index/packages/autonomy_park_viz
[12.193s] -- Installing: /home/wyatt/ros2_ws/install/autonomy_park_viz/share/autonomy_park_viz/cmake/autonomy_park_vizConfig.cmake
[12.193s] -- Installing: /home/wyatt/ros2_ws/install/autonomy_park_viz/share/autonomy_park_viz/cmake/autonomy_park_vizConfig-version.cmake
[12.193s] -- Installing: /home/wyatt/ros2_ws/install/autonomy_park_viz/share/autonomy_park_viz/package.xml
[12.193s] Invoked command in '/home/wyatt/ros2_ws/build/autonomy_park_viz' returned '0': CMAKE_PREFIX_PATH=${CMAKE_PREFIX_PATH}:/home/wyatt/ros2_ws/install/wpt_control_xy:/home/wyatt/ros2_ws/install/position_broadcaster:/home/wyatt/ros2_ws/install/minimal_startup:/home/wyatt/ros2_ws/install/geodetic_conversion:/home/wyatt/ros2_ws/install/emlid_interface:/home/wyatt/ros2_ws/install/wind_speed_package:/home/wyatt/ros2_ws/install/vehicle_position_checker:/home/wyatt/ros2_ws/install/test_herding_pkg:/home/wyatt/ros2_ws/install/single_integrator_agent:/home/wyatt/ros2_ws/install/multi_agent_tracking_pkg:/home/wyatt/ros2_ws/install/matplotlib_sim:/home/wyatt/ros2_ws/install/jhyv_experiment_pkg:/home/wyatt/ros2_ws/install/herding_v1_package:/home/wyatt/ros2_ws/install/herding_control:/home/wyatt/ros2_ws/install/estop_button:/opt/ros/humble /usr/bin/cmake --install /home/wyatt/ros2_ws/build/autonomy_park_viz
