[1.757s] Invoking command in '/home/wyatt/git_ros2/ros2_ws/src/estop_button': PYTHONPATH=/home/wyatt/git_ros2/ros2_ws/build/estop_button/prefix_override:/home/wyatt/git_ros2/ros2_ws/install/estop_button/lib/python3.10/site-packages:${PYTHONPATH} /usr/bin/python3 setup.py egg_info --egg-base ../../build/estop_button build --build-base /home/wyatt/git_ros2/ros2_ws/build/estop_button/build install --record /home/wyatt/git_ros2/ros2_ws/build/estop_button/install.log --single-version-externally-managed
[1.948s] running egg_info
[1.950s] creating ../../build/estop_button/estop_button.egg-info
[1.950s] writing ../../build/estop_button/estop_button.egg-info/PKG-INFO
[1.950s] writing dependency_links to ../../build/estop_button/estop_button.egg-info/dependency_links.txt
[1.950s] writing entry points to ../../build/estop_button/estop_button.egg-info/entry_points.txt
[1.950s] writing requirements to ../../build/estop_button/estop_button.egg-info/requires.txt
[1.951s] writing top-level names to ../../build/estop_button/estop_button.egg-info/top_level.txt
[1.951s] writing manifest file '../../build/estop_button/estop_button.egg-info/SOURCES.txt'
[1.955s] reading manifest file '../../build/estop_button/estop_button.egg-info/SOURCES.txt'
[1.956s] writing manifest file '../../build/estop_button/estop_button.egg-info/SOURCES.txt'
[1.956s] running build
[1.956s] running build_py
[1.957s] creating /home/wyatt/git_ros2/ros2_ws/build/estop_button/build
[1.957s] creating /home/wyatt/git_ros2/ros2_ws/build/estop_button/build/lib
[1.957s] creating /home/wyatt/git_ros2/ros2_ws/build/estop_button/build/lib/estop_button
[1.957s] copying estop_button/__init__.py -> /home/wyatt/git_ros2/ros2_ws/build/estop_button/build/lib/estop_button
[1.958s] copying estop_button/estop_button.py -> /home/wyatt/git_ros2/ros2_ws/build/estop_button/build/lib/estop_button
[1.958s] running install
[1.958s] /usr/lib/python3/dist-packages/setuptools/command/install.py:34: SetuptoolsDeprecationWarning: setup.py install is deprecated. Use build and pip and other standards-based tools.
[1.959s]   warnings.warn(
[1.960s] running install_lib
[1.960s] creating /home/wyatt/git_ros2/ros2_ws/install/estop_button/lib/python3.10/site-packages/estop_button
[1.960s] copying /home/wyatt/git_ros2/ros2_ws/build/estop_button/build/lib/estop_button/__init__.py -> /home/wyatt/git_ros2/ros2_ws/install/estop_button/lib/python3.10/site-packages/estop_button
[1.960s] copying /home/wyatt/git_ros2/ros2_ws/build/estop_button/build/lib/estop_button/estop_button.py -> /home/wyatt/git_ros2/ros2_ws/install/estop_button/lib/python3.10/site-packages/estop_button
[1.960s] byte-compiling /home/wyatt/git_ros2/ros2_ws/install/estop_button/lib/python3.10/site-packages/estop_button/__init__.py to __init__.cpython-310.pyc
[1.961s] byte-compiling /home/wyatt/git_ros2/ros2_ws/install/estop_button/lib/python3.10/site-packages/estop_button/estop_button.py to estop_button.cpython-310.pyc
[1.961s] running install_data
[1.961s] creating /home/wyatt/git_ros2/ros2_ws/install/estop_button/share/ament_index
[1.961s] creating /home/wyatt/git_ros2/ros2_ws/install/estop_button/share/ament_index/resource_index
[1.961s] creating /home/wyatt/git_ros2/ros2_ws/install/estop_button/share/ament_index/resource_index/packages
[1.962s] copying resource/estop_button -> /home/wyatt/git_ros2/ros2_ws/install/estop_button/share/ament_index/resource_index/packages
[1.962s] copying package.xml -> /home/wyatt/git_ros2/ros2_ws/install/estop_button/share/estop_button
[1.962s] running install_egg_info
[1.963s] Copying ../../build/estop_button/estop_button.egg-info to /home/wyatt/git_ros2/ros2_ws/install/estop_button/lib/python3.10/site-packages/estop_button-0.0.0-py3.10.egg-info
[1.963s] running install_scripts
[1.981s] writing list of installed files to '/home/wyatt/git_ros2/ros2_ws/build/estop_button/install.log'
[2.075s] Invoked command in '/home/wyatt/git_ros2/ros2_ws/src/estop_button' returned '0': PYTHONPATH=/home/wyatt/git_ros2/ros2_ws/build/estop_button/prefix_override:/home/wyatt/git_ros2/ros2_ws/install/estop_button/lib/python3.10/site-packages:${PYTHONPATH} /usr/bin/python3 setup.py egg_info --egg-base ../../build/estop_button build --build-base /home/wyatt/git_ros2/ros2_ws/build/estop_button/build install --record /home/wyatt/git_ros2/ros2_ws/build/estop_button/install.log --single-version-externally-managed
