[0.685s] DEBUG:colcon:Command line arguments: ['/usr/bin/colcon', 'build']
[0.685s] DEBUG:colcon:Parsed command line arguments: Namespace(log_base=None, log_level=None, verb_name='build', build_base='build', install_base='install', merge_install=False, symlink_install=False, test_result_base=None, continue_on_error=False, executor='parallel', parallel_workers=8, event_handlers=None, ignore_user_meta=False, metas=['./colcon.meta'], base_paths=['.'], packages_ignore=None, packages_ignore_regex=None, paths=None, packages_up_to=None, packages_up_to_regex=None, packages_above=None, packages_above_and_dependencies=None, packages_above_depth=None, packages_select_by_dep=None, packages_skip_by_dep=None, packages_skip_up_to=None, packages_select_build_failed=False, packages_skip_build_finished=False, packages_select_test_failures=False, packages_skip_test_passed=False, packages_select=None, packages_skip=None, packages_select_regex=None, packages_skip_regex=None, packages_start=None, packages_end=None, allow_overriding=[], cmake_args=None, cmake_target=None, cmake_target_skip_unavailable=False, cmake_clean_cache=False, cmake_clean_first=False, cmake_force_configure=False, ament_cmake_args=None, catkin_cmake_args=None, catkin_skip_building_tests=False, verb_parser=<colcon_defaults.argument_parser.defaults.DefaultArgumentsDecorator object at 0x7ff962dff340>, verb_extension=<colcon_core.verb.build.BuildVerb object at 0x7ff962dfdea0>, main=<bound method BuildVerb.main of <colcon_core.verb.build.BuildVerb object at 0x7ff962dfdea0>>)
[0.718s] Level 1:colcon.colcon_core.package_discovery:discover_packages(colcon_meta) check parameters
[0.718s] Level 1:colcon.colcon_core.package_discovery:discover_packages(recursive) check parameters
[0.718s] Level 1:colcon.colcon_core.package_discovery:discover_packages(ignore) check parameters
[0.718s] Level 1:colcon.colcon_core.package_discovery:discover_packages(path) check parameters
[0.718s] Level 1:colcon.colcon_core.package_discovery:discover_packages(colcon_meta) discover
[0.718s] Level 1:colcon.colcon_core.package_discovery:discover_packages(recursive) discover
[0.718s] INFO:colcon.colcon_core.package_discovery:Crawling recursively for packages in '/home/wyatt/git_ros2/ros2_ws'
[0.718s] Level 1:colcon.colcon_core.package_identification:_identify(.) by extensions ['ignore', 'ignore_ament_install']
[0.718s] Level 1:colcon.colcon_core.package_identification:_identify(.) by extension 'ignore'
[0.719s] Level 1:colcon.colcon_core.package_identification:_identify(.) by extension 'ignore_ament_install'
[0.719s] Level 1:colcon.colcon_core.package_identification:_identify(.) by extensions ['colcon_pkg']
[0.719s] Level 1:colcon.colcon_core.package_identification:_identify(.) by extension 'colcon_pkg'
[0.719s] Level 1:colcon.colcon_core.package_identification:_identify(.) by extensions ['colcon_meta']
[0.719s] Level 1:colcon.colcon_core.package_identification:_identify(.) by extension 'colcon_meta'
[0.719s] Level 1:colcon.colcon_core.package_identification:_identify(.) by extensions ['ros']
[0.719s] Level 1:colcon.colcon_core.package_identification:_identify(.) by extension 'ros'
[0.727s] Level 1:colcon.colcon_core.package_identification:_identify(.) by extensions ['cmake', 'python']
[0.727s] Level 1:colcon.colcon_core.package_identification:_identify(.) by extension 'cmake'
[0.727s] Level 1:colcon.colcon_core.package_identification:_identify(.) by extension 'python'
[0.727s] Level 1:colcon.colcon_core.package_identification:_identify(.) by extensions ['python_setup_py']
[0.727s] Level 1:colcon.colcon_core.package_identification:_identify(.) by extension 'python_setup_py'
[0.727s] Level 1:colcon.colcon_core.package_identification:_identify(Simulation_2024-03-19_14-20-50) by extensions ['ignore', 'ignore_ament_install']
[0.727s] Level 1:colcon.colcon_core.package_identification:_identify(Simulation_2024-03-19_14-20-50) by extension 'ignore'
[0.727s] Level 1:colcon.colcon_core.package_identification:_identify(Simulation_2024-03-19_14-20-50) by extension 'ignore_ament_install'
[0.727s] Level 1:colcon.colcon_core.package_identification:_identify(Simulation_2024-03-19_14-20-50) by extensions ['colcon_pkg']
[0.727s] Level 1:colcon.colcon_core.package_identification:_identify(Simulation_2024-03-19_14-20-50) by extension 'colcon_pkg'
[0.727s] Level 1:colcon.colcon_core.package_identification:_identify(Simulation_2024-03-19_14-20-50) by extensions ['colcon_meta']
[0.727s] Level 1:colcon.colcon_core.package_identification:_identify(Simulation_2024-03-19_14-20-50) by extension 'colcon_meta'
[0.727s] Level 1:colcon.colcon_core.package_identification:_identify(Simulation_2024-03-19_14-20-50) by extensions ['ros']
[0.727s] Level 1:colcon.colcon_core.package_identification:_identify(Simulation_2024-03-19_14-20-50) by extension 'ros'
[0.727s] Level 1:colcon.colcon_core.package_identification:_identify(Simulation_2024-03-19_14-20-50) by extensions ['cmake', 'python']
[0.727s] Level 1:colcon.colcon_core.package_identification:_identify(Simulation_2024-03-19_14-20-50) by extension 'cmake'
[0.728s] Level 1:colcon.colcon_core.package_identification:_identify(Simulation_2024-03-19_14-20-50) by extension 'python'
[0.728s] Level 1:colcon.colcon_core.package_identification:_identify(Simulation_2024-03-19_14-20-50) by extensions ['python_setup_py']
[0.728s] Level 1:colcon.colcon_core.package_identification:_identify(Simulation_2024-03-19_14-20-50) by extension 'python_setup_py'
[0.728s] Level 1:colcon.colcon_core.package_identification:_identify(Simulation_2024-03-19_14-26-55) by extensions ['ignore', 'ignore_ament_install']
[0.728s] Level 1:colcon.colcon_core.package_identification:_identify(Simulation_2024-03-19_14-26-55) by extension 'ignore'
[0.728s] Level 1:colcon.colcon_core.package_identification:_identify(Simulation_2024-03-19_14-26-55) by extension 'ignore_ament_install'
[0.728s] Level 1:colcon.colcon_core.package_identification:_identify(Simulation_2024-03-19_14-26-55) by extensions ['colcon_pkg']
[0.728s] Level 1:colcon.colcon_core.package_identification:_identify(Simulation_2024-03-19_14-26-55) by extension 'colcon_pkg'
[0.728s] Level 1:colcon.colcon_core.package_identification:_identify(Simulation_2024-03-19_14-26-55) by extensions ['colcon_meta']
[0.728s] Level 1:colcon.colcon_core.package_identification:_identify(Simulation_2024-03-19_14-26-55) by extension 'colcon_meta'
[0.728s] Level 1:colcon.colcon_core.package_identification:_identify(Simulation_2024-03-19_14-26-55) by extensions ['ros']
[0.728s] Level 1:colcon.colcon_core.package_identification:_identify(Simulation_2024-03-19_14-26-55) by extension 'ros'
[0.728s] Level 1:colcon.colcon_core.package_identification:_identify(Simulation_2024-03-19_14-26-55) by extensions ['cmake', 'python']
[0.728s] Level 1:colcon.colcon_core.package_identification:_identify(Simulation_2024-03-19_14-26-55) by extension 'cmake'
[0.728s] Level 1:colcon.colcon_core.package_identification:_identify(Simulation_2024-03-19_14-26-55) by extension 'python'
[0.728s] Level 1:colcon.colcon_core.package_identification:_identify(Simulation_2024-03-19_14-26-55) by extensions ['python_setup_py']
[0.728s] Level 1:colcon.colcon_core.package_identification:_identify(Simulation_2024-03-19_14-26-55) by extension 'python_setup_py'
[0.728s] Level 1:colcon.colcon_core.package_identification:_identify(a_NO-DELETE-Simulation_2024-02-25_13-50-01) by extensions ['ignore', 'ignore_ament_install']
[0.728s] Level 1:colcon.colcon_core.package_identification:_identify(a_NO-DELETE-Simulation_2024-02-25_13-50-01) by extension 'ignore'
[0.729s] Level 1:colcon.colcon_core.package_identification:_identify(a_NO-DELETE-Simulation_2024-02-25_13-50-01) by extension 'ignore_ament_install'
[0.729s] Level 1:colcon.colcon_core.package_identification:_identify(a_NO-DELETE-Simulation_2024-02-25_13-50-01) by extensions ['colcon_pkg']
[0.729s] Level 1:colcon.colcon_core.package_identification:_identify(a_NO-DELETE-Simulation_2024-02-25_13-50-01) by extension 'colcon_pkg'
[0.729s] Level 1:colcon.colcon_core.package_identification:_identify(a_NO-DELETE-Simulation_2024-02-25_13-50-01) by extensions ['colcon_meta']
[0.729s] Level 1:colcon.colcon_core.package_identification:_identify(a_NO-DELETE-Simulation_2024-02-25_13-50-01) by extension 'colcon_meta'
[0.729s] Level 1:colcon.colcon_core.package_identification:_identify(a_NO-DELETE-Simulation_2024-02-25_13-50-01) by extensions ['ros']
[0.729s] Level 1:colcon.colcon_core.package_identification:_identify(a_NO-DELETE-Simulation_2024-02-25_13-50-01) by extension 'ros'
[0.729s] Level 1:colcon.colcon_core.package_identification:_identify(a_NO-DELETE-Simulation_2024-02-25_13-50-01) by extensions ['cmake', 'python']
[0.729s] Level 1:colcon.colcon_core.package_identification:_identify(a_NO-DELETE-Simulation_2024-02-25_13-50-01) by extension 'cmake'
[0.729s] Level 1:colcon.colcon_core.package_identification:_identify(a_NO-DELETE-Simulation_2024-02-25_13-50-01) by extension 'python'
[0.729s] Level 1:colcon.colcon_core.package_identification:_identify(a_NO-DELETE-Simulation_2024-02-25_13-50-01) by extensions ['python_setup_py']
[0.729s] Level 1:colcon.colcon_core.package_identification:_identify(a_NO-DELETE-Simulation_2024-02-25_13-50-01) by extension 'python_setup_py'
[0.729s] Level 1:colcon.colcon_core.package_identification:_identify(a_NO-DELETE-rosbag2_2024_02_29-14_30_00) by extensions ['ignore', 'ignore_ament_install']
[0.729s] Level 1:colcon.colcon_core.package_identification:_identify(a_NO-DELETE-rosbag2_2024_02_29-14_30_00) by extension 'ignore'
[0.729s] Level 1:colcon.colcon_core.package_identification:_identify(a_NO-DELETE-rosbag2_2024_02_29-14_30_00) by extension 'ignore_ament_install'
[0.729s] Level 1:colcon.colcon_core.package_identification:_identify(a_NO-DELETE-rosbag2_2024_02_29-14_30_00) by extensions ['colcon_pkg']
[0.729s] Level 1:colcon.colcon_core.package_identification:_identify(a_NO-DELETE-rosbag2_2024_02_29-14_30_00) by extension 'colcon_pkg'
[0.729s] Level 1:colcon.colcon_core.package_identification:_identify(a_NO-DELETE-rosbag2_2024_02_29-14_30_00) by extensions ['colcon_meta']
[0.729s] Level 1:colcon.colcon_core.package_identification:_identify(a_NO-DELETE-rosbag2_2024_02_29-14_30_00) by extension 'colcon_meta'
[0.729s] Level 1:colcon.colcon_core.package_identification:_identify(a_NO-DELETE-rosbag2_2024_02_29-14_30_00) by extensions ['ros']
[0.729s] Level 1:colcon.colcon_core.package_identification:_identify(a_NO-DELETE-rosbag2_2024_02_29-14_30_00) by extension 'ros'
[0.730s] Level 1:colcon.colcon_core.package_identification:_identify(a_NO-DELETE-rosbag2_2024_02_29-14_30_00) by extensions ['cmake', 'python']
[0.730s] Level 1:colcon.colcon_core.package_identification:_identify(a_NO-DELETE-rosbag2_2024_02_29-14_30_00) by extension 'cmake'
[0.730s] Level 1:colcon.colcon_core.package_identification:_identify(a_NO-DELETE-rosbag2_2024_02_29-14_30_00) by extension 'python'
[0.730s] Level 1:colcon.colcon_core.package_identification:_identify(a_NO-DELETE-rosbag2_2024_02_29-14_30_00) by extensions ['python_setup_py']
[0.730s] Level 1:colcon.colcon_core.package_identification:_identify(a_NO-DELETE-rosbag2_2024_02_29-14_30_00) by extension 'python_setup_py'
[0.730s] Level 1:colcon.colcon_core.package_identification:_identify(build) by extensions ['ignore', 'ignore_ament_install']
[0.730s] Level 1:colcon.colcon_core.package_identification:_identify(build) by extension 'ignore'
[0.730s] Level 1:colcon.colcon_core.package_identification:_identify(build) ignored
[0.730s] Level 1:colcon.colcon_core.package_identification:_identify(install) by extensions ['ignore', 'ignore_ament_install']
[0.730s] Level 1:colcon.colcon_core.package_identification:_identify(install) by extension 'ignore'
[0.730s] Level 1:colcon.colcon_core.package_identification:_identify(install) ignored
[0.730s] Level 1:colcon.colcon_core.package_identification:_identify(log) by extensions ['ignore', 'ignore_ament_install']
[0.730s] Level 1:colcon.colcon_core.package_identification:_identify(log) by extension 'ignore'
[0.730s] Level 1:colcon.colcon_core.package_identification:_identify(log) ignored
[0.730s] Level 1:colcon.colcon_core.package_identification:_identify(src) by extensions ['ignore', 'ignore_ament_install']
[0.731s] Level 1:colcon.colcon_core.package_identification:_identify(src) by extension 'ignore'
[0.731s] Level 1:colcon.colcon_core.package_identification:_identify(src) by extension 'ignore_ament_install'
[0.731s] Level 1:colcon.colcon_core.package_identification:_identify(src) by extensions ['colcon_pkg']
[0.731s] Level 1:colcon.colcon_core.package_identification:_identify(src) by extension 'colcon_pkg'
[0.731s] Level 1:colcon.colcon_core.package_identification:_identify(src) by extensions ['colcon_meta']
[0.731s] Level 1:colcon.colcon_core.package_identification:_identify(src) by extension 'colcon_meta'
[0.731s] Level 1:colcon.colcon_core.package_identification:_identify(src) by extensions ['ros']
[0.731s] Level 1:colcon.colcon_core.package_identification:_identify(src) by extension 'ros'
[0.731s] Level 1:colcon.colcon_core.package_identification:_identify(src) by extensions ['cmake', 'python']
[0.731s] Level 1:colcon.colcon_core.package_identification:_identify(src) by extension 'cmake'
[0.731s] Level 1:colcon.colcon_core.package_identification:_identify(src) by extension 'python'
[0.731s] Level 1:colcon.colcon_core.package_identification:_identify(src) by extensions ['python_setup_py']
[0.731s] Level 1:colcon.colcon_core.package_identification:_identify(src) by extension 'python_setup_py'
[0.731s] Level 1:colcon.colcon_core.package_identification:_identify(src/estop_button) by extensions ['ignore', 'ignore_ament_install']
[0.731s] Level 1:colcon.colcon_core.package_identification:_identify(src/estop_button) by extension 'ignore'
[0.731s] Level 1:colcon.colcon_core.package_identification:_identify(src/estop_button) by extension 'ignore_ament_install'
[0.731s] Level 1:colcon.colcon_core.package_identification:_identify(src/estop_button) by extensions ['colcon_pkg']
[0.731s] Level 1:colcon.colcon_core.package_identification:_identify(src/estop_button) by extension 'colcon_pkg'
[0.731s] Level 1:colcon.colcon_core.package_identification:_identify(src/estop_button) by extensions ['colcon_meta']
[0.731s] Level 1:colcon.colcon_core.package_identification:_identify(src/estop_button) by extension 'colcon_meta'
[0.731s] Level 1:colcon.colcon_core.package_identification:_identify(src/estop_button) by extensions ['ros']
[0.731s] Level 1:colcon.colcon_core.package_identification:_identify(src/estop_button) by extension 'ros'
[0.733s] DEBUG:colcon.colcon_core.package_identification:Package 'src/estop_button' with type 'ros.ament_python' and name 'estop_button'
[0.733s] Level 1:colcon.colcon_core.package_identification:_identify(src/herding_v1_package) by extensions ['ignore', 'ignore_ament_install']
[0.733s] Level 1:colcon.colcon_core.package_identification:_identify(src/herding_v1_package) by extension 'ignore'
[0.734s] Level 1:colcon.colcon_core.package_identification:_identify(src/herding_v1_package) by extension 'ignore_ament_install'
[0.734s] Level 1:colcon.colcon_core.package_identification:_identify(src/herding_v1_package) by extensions ['colcon_pkg']
[0.734s] Level 1:colcon.colcon_core.package_identification:_identify(src/herding_v1_package) by extension 'colcon_pkg'
[0.734s] Level 1:colcon.colcon_core.package_identification:_identify(src/herding_v1_package) by extensions ['colcon_meta']
[0.734s] Level 1:colcon.colcon_core.package_identification:_identify(src/herding_v1_package) by extension 'colcon_meta'
[0.734s] Level 1:colcon.colcon_core.package_identification:_identify(src/herding_v1_package) by extensions ['ros']
[0.734s] Level 1:colcon.colcon_core.package_identification:_identify(src/herding_v1_package) by extension 'ros'
[0.734s] DEBUG:colcon.colcon_core.package_identification:Package 'src/herding_v1_package' with type 'ros.ament_python' and name 'herding_v1_package'
[0.734s] Level 1:colcon.colcon_core.package_identification:_identify(src/test_herding_pkg) by extensions ['ignore', 'ignore_ament_install']
[0.734s] Level 1:colcon.colcon_core.package_identification:_identify(src/test_herding_pkg) by extension 'ignore'
[0.734s] Level 1:colcon.colcon_core.package_identification:_identify(src/test_herding_pkg) by extension 'ignore_ament_install'
[0.735s] Level 1:colcon.colcon_core.package_identification:_identify(src/test_herding_pkg) by extensions ['colcon_pkg']
[0.735s] Level 1:colcon.colcon_core.package_identification:_identify(src/test_herding_pkg) by extension 'colcon_pkg'
[0.735s] Level 1:colcon.colcon_core.package_identification:_identify(src/test_herding_pkg) by extensions ['colcon_meta']
[0.735s] Level 1:colcon.colcon_core.package_identification:_identify(src/test_herding_pkg) by extension 'colcon_meta'
[0.735s] Level 1:colcon.colcon_core.package_identification:_identify(src/test_herding_pkg) by extensions ['ros']
[0.735s] Level 1:colcon.colcon_core.package_identification:_identify(src/test_herding_pkg) by extension 'ros'
[0.735s] DEBUG:colcon.colcon_core.package_identification:Package 'src/test_herding_pkg' with type 'ros.ament_python' and name 'test_herding_pkg'
[0.735s] Level 1:colcon.colcon_core.package_identification:_identify(src/uf_interfaces) by extensions ['ignore', 'ignore_ament_install']
[0.735s] Level 1:colcon.colcon_core.package_identification:_identify(src/uf_interfaces) by extension 'ignore'
[0.735s] Level 1:colcon.colcon_core.package_identification:_identify(src/uf_interfaces) by extension 'ignore_ament_install'
[0.735s] Level 1:colcon.colcon_core.package_identification:_identify(src/uf_interfaces) by extensions ['colcon_pkg']
[0.735s] Level 1:colcon.colcon_core.package_identification:_identify(src/uf_interfaces) by extension 'colcon_pkg'
[0.735s] Level 1:colcon.colcon_core.package_identification:_identify(src/uf_interfaces) by extensions ['colcon_meta']
[0.735s] Level 1:colcon.colcon_core.package_identification:_identify(src/uf_interfaces) by extension 'colcon_meta'
[0.735s] Level 1:colcon.colcon_core.package_identification:_identify(src/uf_interfaces) by extensions ['ros']
[0.736s] Level 1:colcon.colcon_core.package_identification:_identify(src/uf_interfaces) by extension 'ros'
[0.736s] DEBUG:colcon.colcon_core.package_identification:Package 'src/uf_interfaces' with type 'ros.ament_cmake' and name 'uf_interfaces'
[0.736s] Level 1:colcon.colcon_core.package_identification:_identify(src/vehicle_position_checker) by extensions ['ignore', 'ignore_ament_install']
[0.736s] Level 1:colcon.colcon_core.package_identification:_identify(src/vehicle_position_checker) by extension 'ignore'
[0.736s] Level 1:colcon.colcon_core.package_identification:_identify(src/vehicle_position_checker) by extension 'ignore_ament_install'
[0.736s] Level 1:colcon.colcon_core.package_identification:_identify(src/vehicle_position_checker) by extensions ['colcon_pkg']
[0.736s] Level 1:colcon.colcon_core.package_identification:_identify(src/vehicle_position_checker) by extension 'colcon_pkg'
[0.736s] Level 1:colcon.colcon_core.package_identification:_identify(src/vehicle_position_checker) by extensions ['colcon_meta']
[0.737s] Level 1:colcon.colcon_core.package_identification:_identify(src/vehicle_position_checker) by extension 'colcon_meta'
[0.737s] Level 1:colcon.colcon_core.package_identification:_identify(src/vehicle_position_checker) by extensions ['ros']
[0.737s] Level 1:colcon.colcon_core.package_identification:_identify(src/vehicle_position_checker) by extension 'ros'
[0.737s] DEBUG:colcon.colcon_core.package_identification:Package 'src/vehicle_position_checker' with type 'ros.ament_python' and name 'vehicle_position_checker'
[0.737s] Level 1:colcon.colcon_core.package_identification:_identify(src/wind_speed_package) by extensions ['ignore', 'ignore_ament_install']
[0.737s] Level 1:colcon.colcon_core.package_identification:_identify(src/wind_speed_package) by extension 'ignore'
[0.737s] Level 1:colcon.colcon_core.package_identification:_identify(src/wind_speed_package) by extension 'ignore_ament_install'
[0.737s] Level 1:colcon.colcon_core.package_identification:_identify(src/wind_speed_package) by extensions ['colcon_pkg']
[0.737s] Level 1:colcon.colcon_core.package_identification:_identify(src/wind_speed_package) by extension 'colcon_pkg'
[0.737s] Level 1:colcon.colcon_core.package_identification:_identify(src/wind_speed_package) by extensions ['colcon_meta']
[0.737s] Level 1:colcon.colcon_core.package_identification:_identify(src/wind_speed_package) by extension 'colcon_meta'
[0.737s] Level 1:colcon.colcon_core.package_identification:_identify(src/wind_speed_package) by extensions ['ros']
[0.737s] Level 1:colcon.colcon_core.package_identification:_identify(src/wind_speed_package) by extension 'ros'
[0.738s] DEBUG:colcon.colcon_core.package_identification:Package 'src/wind_speed_package' with type 'ros.ament_python' and name 'wind_speed_package'
[0.738s] Level 1:colcon.colcon_core.package_discovery:discover_packages(recursive) using defaults
[0.738s] Level 1:colcon.colcon_core.package_discovery:discover_packages(ignore) discover
[0.738s] Level 1:colcon.colcon_core.package_discovery:discover_packages(ignore) using defaults
[0.738s] Level 1:colcon.colcon_core.package_discovery:discover_packages(path) discover
[0.738s] Level 1:colcon.colcon_core.package_discovery:discover_packages(path) using defaults
[0.800s] Level 1:colcon.colcon_core.package_discovery:discover_packages(prefix_path) check parameters
[0.800s] Level 1:colcon.colcon_core.package_discovery:discover_packages(prefix_path) discover
[0.819s] DEBUG:colcon.colcon_installed_package_information.package_discovery:Found 6 installed packages in /home/wyatt/git_ros2/ros2_ws/install
[0.829s] DEBUG:colcon.colcon_installed_package_information.package_discovery:Found 280 installed packages in /opt/ros/humble
[0.830s] Level 1:colcon.colcon_core.package_discovery:discover_packages(prefix_path) using defaults
[0.924s] Level 5:colcon.colcon_core.verb:set package 'estop_button' build argument 'cmake_args' from command line to 'None'
[0.924s] Level 5:colcon.colcon_core.verb:set package 'estop_button' build argument 'cmake_target' from command line to 'None'
[0.924s] Level 5:colcon.colcon_core.verb:set package 'estop_button' build argument 'cmake_target_skip_unavailable' from command line to 'False'
[0.924s] Level 5:colcon.colcon_core.verb:set package 'estop_button' build argument 'cmake_clean_cache' from command line to 'False'
[0.924s] Level 5:colcon.colcon_core.verb:set package 'estop_button' build argument 'cmake_clean_first' from command line to 'False'
[0.924s] Level 5:colcon.colcon_core.verb:set package 'estop_button' build argument 'cmake_force_configure' from command line to 'False'
[0.924s] Level 5:colcon.colcon_core.verb:set package 'estop_button' build argument 'ament_cmake_args' from command line to 'None'
[0.924s] Level 5:colcon.colcon_core.verb:set package 'estop_button' build argument 'catkin_cmake_args' from command line to 'None'
[0.924s] Level 5:colcon.colcon_core.verb:set package 'estop_button' build argument 'catkin_skip_building_tests' from command line to 'False'
[0.924s] DEBUG:colcon.colcon_core.verb:Building package 'estop_button' with the following arguments: {'ament_cmake_args': None, 'build_base': '/home/wyatt/git_ros2/ros2_ws/build/estop_button', 'catkin_cmake_args': None, 'catkin_skip_building_tests': False, 'cmake_args': None, 'cmake_clean_cache': False, 'cmake_clean_first': False, 'cmake_force_configure': False, 'cmake_target': None, 'cmake_target_skip_unavailable': False, 'install_base': '/home/wyatt/git_ros2/ros2_ws/install/estop_button', 'merge_install': False, 'path': '/home/wyatt/git_ros2/ros2_ws/src/estop_button', 'symlink_install': False, 'test_result_base': None}
[0.939s] Level 5:colcon.colcon_core.verb:set package 'herding_v1_package' build argument 'cmake_args' from command line to 'None'
[0.939s] Level 5:colcon.colcon_core.verb:set package 'herding_v1_package' build argument 'cmake_target' from command line to 'None'
[0.939s] Level 5:colcon.colcon_core.verb:set package 'herding_v1_package' build argument 'cmake_target_skip_unavailable' from command line to 'False'
[0.939s] Level 5:colcon.colcon_core.verb:set package 'herding_v1_package' build argument 'cmake_clean_cache' from command line to 'False'
[0.939s] Level 5:colcon.colcon_core.verb:set package 'herding_v1_package' build argument 'cmake_clean_first' from command line to 'False'
[0.939s] Level 5:colcon.colcon_core.verb:set package 'herding_v1_package' build argument 'cmake_force_configure' from command line to 'False'
[0.939s] Level 5:colcon.colcon_core.verb:set package 'herding_v1_package' build argument 'ament_cmake_args' from command line to 'None'
[0.939s] Level 5:colcon.colcon_core.verb:set package 'herding_v1_package' build argument 'catkin_cmake_args' from command line to 'None'
[0.939s] Level 5:colcon.colcon_core.verb:set package 'herding_v1_package' build argument 'catkin_skip_building_tests' from command line to 'False'
[0.939s] DEBUG:colcon.colcon_core.verb:Building package 'herding_v1_package' with the following arguments: {'ament_cmake_args': None, 'build_base': '/home/wyatt/git_ros2/ros2_ws/build/herding_v1_package', 'catkin_cmake_args': None, 'catkin_skip_building_tests': False, 'cmake_args': None, 'cmake_clean_cache': False, 'cmake_clean_first': False, 'cmake_force_configure': False, 'cmake_target': None, 'cmake_target_skip_unavailable': False, 'install_base': '/home/wyatt/git_ros2/ros2_ws/install/herding_v1_package', 'merge_install': False, 'path': '/home/wyatt/git_ros2/ros2_ws/src/herding_v1_package', 'symlink_install': False, 'test_result_base': None}
[0.953s] Level 5:colcon.colcon_core.verb:set package 'test_herding_pkg' build argument 'cmake_args' from command line to 'None'
[0.954s] Level 5:colcon.colcon_core.verb:set package 'test_herding_pkg' build argument 'cmake_target' from command line to 'None'
[0.954s] Level 5:colcon.colcon_core.verb:set package 'test_herding_pkg' build argument 'cmake_target_skip_unavailable' from command line to 'False'
[0.954s] Level 5:colcon.colcon_core.verb:set package 'test_herding_pkg' build argument 'cmake_clean_cache' from command line to 'False'
[0.954s] Level 5:colcon.colcon_core.verb:set package 'test_herding_pkg' build argument 'cmake_clean_first' from command line to 'False'
[0.954s] Level 5:colcon.colcon_core.verb:set package 'test_herding_pkg' build argument 'cmake_force_configure' from command line to 'False'
[0.954s] Level 5:colcon.colcon_core.verb:set package 'test_herding_pkg' build argument 'ament_cmake_args' from command line to 'None'
[0.954s] Level 5:colcon.colcon_core.verb:set package 'test_herding_pkg' build argument 'catkin_cmake_args' from command line to 'None'
[0.954s] Level 5:colcon.colcon_core.verb:set package 'test_herding_pkg' build argument 'catkin_skip_building_tests' from command line to 'False'
[0.954s] DEBUG:colcon.colcon_core.verb:Building package 'test_herding_pkg' with the following arguments: {'ament_cmake_args': None, 'build_base': '/home/wyatt/git_ros2/ros2_ws/build/test_herding_pkg', 'catkin_cmake_args': None, 'catkin_skip_building_tests': False, 'cmake_args': None, 'cmake_clean_cache': False, 'cmake_clean_first': False, 'cmake_force_configure': False, 'cmake_target': None, 'cmake_target_skip_unavailable': False, 'install_base': '/home/wyatt/git_ros2/ros2_ws/install/test_herding_pkg', 'merge_install': False, 'path': '/home/wyatt/git_ros2/ros2_ws/src/test_herding_pkg', 'symlink_install': False, 'test_result_base': None}
[0.969s] Level 5:colcon.colcon_core.verb:set package 'uf_interfaces' build argument 'cmake_args' from command line to 'None'
[0.969s] Level 5:colcon.colcon_core.verb:set package 'uf_interfaces' build argument 'cmake_target' from command line to 'None'
[0.969s] Level 5:colcon.colcon_core.verb:set package 'uf_interfaces' build argument 'cmake_target_skip_unavailable' from command line to 'False'
[0.969s] Level 5:colcon.colcon_core.verb:set package 'uf_interfaces' build argument 'cmake_clean_cache' from command line to 'False'
[0.969s] Level 5:colcon.colcon_core.verb:set package 'uf_interfaces' build argument 'cmake_clean_first' from command line to 'False'
[0.969s] Level 5:colcon.colcon_core.verb:set package 'uf_interfaces' build argument 'cmake_force_configure' from command line to 'False'
[0.969s] Level 5:colcon.colcon_core.verb:set package 'uf_interfaces' build argument 'ament_cmake_args' from command line to 'None'
[0.969s] Level 5:colcon.colcon_core.verb:set package 'uf_interfaces' build argument 'catkin_cmake_args' from command line to 'None'
[0.969s] Level 5:colcon.colcon_core.verb:set package 'uf_interfaces' build argument 'catkin_skip_building_tests' from command line to 'False'
[0.969s] DEBUG:colcon.colcon_core.verb:Building package 'uf_interfaces' with the following arguments: {'ament_cmake_args': None, 'build_base': '/home/wyatt/git_ros2/ros2_ws/build/uf_interfaces', 'catkin_cmake_args': None, 'catkin_skip_building_tests': False, 'cmake_args': None, 'cmake_clean_cache': False, 'cmake_clean_first': False, 'cmake_force_configure': False, 'cmake_target': None, 'cmake_target_skip_unavailable': False, 'install_base': '/home/wyatt/git_ros2/ros2_ws/install/uf_interfaces', 'merge_install': False, 'path': '/home/wyatt/git_ros2/ros2_ws/src/uf_interfaces', 'symlink_install': False, 'test_result_base': None}
[0.983s] Level 5:colcon.colcon_core.verb:set package 'vehicle_position_checker' build argument 'cmake_args' from command line to 'None'
[0.983s] Level 5:colcon.colcon_core.verb:set package 'vehicle_position_checker' build argument 'cmake_target' from command line to 'None'
[0.984s] Level 5:colcon.colcon_core.verb:set package 'vehicle_position_checker' build argument 'cmake_target_skip_unavailable' from command line to 'False'
[0.984s] Level 5:colcon.colcon_core.verb:set package 'vehicle_position_checker' build argument 'cmake_clean_cache' from command line to 'False'
[0.984s] Level 5:colcon.colcon_core.verb:set package 'vehicle_position_checker' build argument 'cmake_clean_first' from command line to 'False'
[0.984s] Level 5:colcon.colcon_core.verb:set package 'vehicle_position_checker' build argument 'cmake_force_configure' from command line to 'False'
[0.984s] Level 5:colcon.colcon_core.verb:set package 'vehicle_position_checker' build argument 'ament_cmake_args' from command line to 'None'
[0.984s] Level 5:colcon.colcon_core.verb:set package 'vehicle_position_checker' build argument 'catkin_cmake_args' from command line to 'None'
[0.984s] Level 5:colcon.colcon_core.verb:set package 'vehicle_position_checker' build argument 'catkin_skip_building_tests' from command line to 'False'
[0.984s] DEBUG:colcon.colcon_core.verb:Building package 'vehicle_position_checker' with the following arguments: {'ament_cmake_args': None, 'build_base': '/home/wyatt/git_ros2/ros2_ws/build/vehicle_position_checker', 'catkin_cmake_args': None, 'catkin_skip_building_tests': False, 'cmake_args': None, 'cmake_clean_cache': False, 'cmake_clean_first': False, 'cmake_force_configure': False, 'cmake_target': None, 'cmake_target_skip_unavailable': False, 'install_base': '/home/wyatt/git_ros2/ros2_ws/install/vehicle_position_checker', 'merge_install': False, 'path': '/home/wyatt/git_ros2/ros2_ws/src/vehicle_position_checker', 'symlink_install': False, 'test_result_base': None}
[0.997s] Level 5:colcon.colcon_core.verb:set package 'wind_speed_package' build argument 'cmake_args' from command line to 'None'
[0.997s] Level 5:colcon.colcon_core.verb:set package 'wind_speed_package' build argument 'cmake_target' from command line to 'None'
[0.997s] Level 5:colcon.colcon_core.verb:set package 'wind_speed_package' build argument 'cmake_target_skip_unavailable' from command line to 'False'
[0.997s] Level 5:colcon.colcon_core.verb:set package 'wind_speed_package' build argument 'cmake_clean_cache' from command line to 'False'
[0.997s] Level 5:colcon.colcon_core.verb:set package 'wind_speed_package' build argument 'cmake_clean_first' from command line to 'False'
[0.997s] Level 5:colcon.colcon_core.verb:set package 'wind_speed_package' build argument 'cmake_force_configure' from command line to 'False'
[0.997s] Level 5:colcon.colcon_core.verb:set package 'wind_speed_package' build argument 'ament_cmake_args' from command line to 'None'
[0.997s] Level 5:colcon.colcon_core.verb:set package 'wind_speed_package' build argument 'catkin_cmake_args' from command line to 'None'
[0.997s] Level 5:colcon.colcon_core.verb:set package 'wind_speed_package' build argument 'catkin_skip_building_tests' from command line to 'False'
[0.997s] DEBUG:colcon.colcon_core.verb:Building package 'wind_speed_package' with the following arguments: {'ament_cmake_args': None, 'build_base': '/home/wyatt/git_ros2/ros2_ws/build/wind_speed_package', 'catkin_cmake_args': None, 'catkin_skip_building_tests': False, 'cmake_args': None, 'cmake_clean_cache': False, 'cmake_clean_first': False, 'cmake_force_configure': False, 'cmake_target': None, 'cmake_target_skip_unavailable': False, 'install_base': '/home/wyatt/git_ros2/ros2_ws/install/wind_speed_package', 'merge_install': False, 'path': '/home/wyatt/git_ros2/ros2_ws/src/wind_speed_package', 'symlink_install': False, 'test_result_base': None}
[1.007s] INFO:colcon.colcon_core.executor:Executing jobs using 'parallel' executor
[1.016s] DEBUG:colcon.colcon_parallel_executor.executor.parallel:run_until_complete
[1.017s] INFO:colcon.colcon_ros.task.ament_python.build:Building ROS package in '/home/wyatt/git_ros2/ros2_ws/src/estop_button' with build type 'ament_python'
[1.017s] Level 1:colcon.colcon_core.shell:create_environment_hook('estop_button', 'ament_prefix_path')
[1.028s] INFO:colcon.colcon_core.plugin_system:Skipping extension 'colcon_core.shell.bat': Not used on non-Windows systems
[1.028s] INFO:colcon.colcon_core.shell:Creating environment hook '/home/wyatt/git_ros2/ros2_ws/install/estop_button/share/estop_button/hook/ament_prefix_path.ps1'
[1.029s] INFO:colcon.colcon_core.shell:Creating environment descriptor '/home/wyatt/git_ros2/ros2_ws/install/estop_button/share/estop_button/hook/ament_prefix_path.dsv'
[1.029s] INFO:colcon.colcon_core.shell:Creating environment hook '/home/wyatt/git_ros2/ros2_ws/install/estop_button/share/estop_button/hook/ament_prefix_path.sh'
[1.039s] INFO:colcon.colcon_core.shell:Skip shell extension 'powershell' for command environment: Not usable outside of PowerShell
[1.039s] DEBUG:colcon.colcon_core.shell:Skip shell extension 'dsv' for command environment
[1.081s] INFO:colcon.colcon_ros.task.ament_python.build:Building ROS package in '/home/wyatt/git_ros2/ros2_ws/src/herding_v1_package' with build type 'ament_python'
[1.082s] Level 1:colcon.colcon_core.shell:create_environment_hook('herding_v1_package', 'ament_prefix_path')
[1.096s] INFO:colcon.colcon_core.shell:Creating environment hook '/home/wyatt/git_ros2/ros2_ws/install/herding_v1_package/share/herding_v1_package/hook/ament_prefix_path.ps1'
[1.097s] INFO:colcon.colcon_core.shell:Creating environment descriptor '/home/wyatt/git_ros2/ros2_ws/install/herding_v1_package/share/herding_v1_package/hook/ament_prefix_path.dsv'
[1.097s] INFO:colcon.colcon_core.shell:Creating environment hook '/home/wyatt/git_ros2/ros2_ws/install/herding_v1_package/share/herding_v1_package/hook/ament_prefix_path.sh'
[1.110s] INFO:colcon.colcon_core.shell:Skip shell extension 'powershell' for command environment: Not usable outside of PowerShell
[1.110s] DEBUG:colcon.colcon_core.shell:Skip shell extension 'dsv' for command environment
[1.160s] INFO:colcon.colcon_ros.task.ament_python.build:Building ROS package in '/home/wyatt/git_ros2/ros2_ws/src/test_herding_pkg' with build type 'ament_python'
[1.160s] Level 1:colcon.colcon_core.shell:create_environment_hook('test_herding_pkg', 'ament_prefix_path')
[1.173s] INFO:colcon.colcon_core.shell:Creating environment hook '/home/wyatt/git_ros2/ros2_ws/install/test_herding_pkg/share/test_herding_pkg/hook/ament_prefix_path.ps1'
[1.174s] INFO:colcon.colcon_core.shell:Creating environment descriptor '/home/wyatt/git_ros2/ros2_ws/install/test_herding_pkg/share/test_herding_pkg/hook/ament_prefix_path.dsv'
[1.174s] INFO:colcon.colcon_core.shell:Creating environment hook '/home/wyatt/git_ros2/ros2_ws/install/test_herding_pkg/share/test_herding_pkg/hook/ament_prefix_path.sh'
[1.185s] INFO:colcon.colcon_core.shell:Skip shell extension 'powershell' for command environment: Not usable outside of PowerShell
[1.186s] DEBUG:colcon.colcon_core.shell:Skip shell extension 'dsv' for command environment
[1.237s] INFO:colcon.colcon_ros.task.ament_cmake.build:Building ROS package in '/home/wyatt/git_ros2/ros2_ws/src/uf_interfaces' with build type 'ament_cmake'
[1.238s] INFO:colcon.colcon_cmake.task.cmake.build:Building CMake package in '/home/wyatt/git_ros2/ros2_ws/src/uf_interfaces'
[1.251s] INFO:colcon.colcon_core.shell:Skip shell extension 'powershell' for command environment: Not usable outside of PowerShell
[1.251s] DEBUG:colcon.colcon_core.shell:Skip shell extension 'dsv' for command environment
[1.311s] INFO:colcon.colcon_ros.task.ament_python.build:Building ROS package in '/home/wyatt/git_ros2/ros2_ws/src/vehicle_position_checker' with build type 'ament_python'
[1.312s] Level 1:colcon.colcon_core.shell:create_environment_hook('vehicle_position_checker', 'ament_prefix_path')
[1.331s] INFO:colcon.colcon_core.shell:Creating environment hook '/home/wyatt/git_ros2/ros2_ws/install/vehicle_position_checker/share/vehicle_position_checker/hook/ament_prefix_path.ps1'
[1.332s] INFO:colcon.colcon_core.shell:Creating environment descriptor '/home/wyatt/git_ros2/ros2_ws/install/vehicle_position_checker/share/vehicle_position_checker/hook/ament_prefix_path.dsv'
[1.333s] INFO:colcon.colcon_core.shell:Creating environment hook '/home/wyatt/git_ros2/ros2_ws/install/vehicle_position_checker/share/vehicle_position_checker/hook/ament_prefix_path.sh'
[1.350s] INFO:colcon.colcon_core.shell:Skip shell extension 'powershell' for command environment: Not usable outside of PowerShell
[1.350s] DEBUG:colcon.colcon_core.shell:Skip shell extension 'dsv' for command environment
[1.397s] INFO:colcon.colcon_ros.task.ament_python.build:Building ROS package in '/home/wyatt/git_ros2/ros2_ws/src/wind_speed_package' with build type 'ament_python'
[1.398s] Level 1:colcon.colcon_core.shell:create_environment_hook('wind_speed_package', 'ament_prefix_path')
[1.410s] INFO:colcon.colcon_core.shell:Creating environment hook '/home/wyatt/git_ros2/ros2_ws/install/wind_speed_package/share/wind_speed_package/hook/ament_prefix_path.ps1'
[1.411s] INFO:colcon.colcon_core.shell:Creating environment descriptor '/home/wyatt/git_ros2/ros2_ws/install/wind_speed_package/share/wind_speed_package/hook/ament_prefix_path.dsv'
[1.411s] INFO:colcon.colcon_core.shell:Creating environment hook '/home/wyatt/git_ros2/ros2_ws/install/wind_speed_package/share/wind_speed_package/hook/ament_prefix_path.sh'
[1.428s] INFO:colcon.colcon_core.shell:Skip shell extension 'powershell' for command environment: Not usable outside of PowerShell
[1.428s] DEBUG:colcon.colcon_core.shell:Skip shell extension 'dsv' for command environment
[1.692s] INFO:colcon.colcon_core.task.python.build:Building Python package in '/home/wyatt/git_ros2/ros2_ws/src/estop_button'
[1.702s] INFO:colcon.colcon_core.shell:Skip shell extension 'powershell' for command environment: Not usable outside of PowerShell
[1.702s] DEBUG:colcon.colcon_core.shell:Skip shell extension 'dsv' for command environment
[1.936s] INFO:colcon.colcon_core.task.python.build:Building Python package in '/home/wyatt/git_ros2/ros2_ws/src/herding_v1_package'
[1.946s] INFO:colcon.colcon_core.shell:Skip shell extension 'powershell' for command environment: Not usable outside of PowerShell
[1.946s] DEBUG:colcon.colcon_core.shell:Skip shell extension 'dsv' for command environment
[2.188s] INFO:colcon.colcon_core.task.python.build:Building Python package in '/home/wyatt/git_ros2/ros2_ws/src/test_herding_pkg'
[2.201s] INFO:colcon.colcon_core.shell:Skip shell extension 'powershell' for command environment: Not usable outside of PowerShell
[2.202s] DEBUG:colcon.colcon_core.shell:Skip shell extension 'dsv' for command environment
[2.239s] DEBUG:colcon.colcon_core.event_handler.log_command:Invoking command in '/home/wyatt/git_ros2/ros2_ws/build/uf_interfaces': CMAKE_PREFIX_PATH=${CMAKE_PREFIX_PATH}:/home/wyatt/git_ros2/ros2_ws/install/wind_speed_package:/home/wyatt/git_ros2/ros2_ws/install/vehicle_position_checker:/home/wyatt/git_ros2/ros2_ws/install/test_herding_pkg:/home/wyatt/git_ros2/ros2_ws/install/herding_v1_package:/home/wyatt/git_ros2/ros2_ws/install/estop_button:/opt/ros/humble /usr/bin/cmake --build /home/wyatt/git_ros2/ros2_ws/build/uf_interfaces -- -j8 -l8
[2.505s] INFO:colcon.colcon_core.task.python.build:Building Python package in '/home/wyatt/git_ros2/ros2_ws/src/vehicle_position_checker'
[2.519s] INFO:colcon.colcon_core.shell:Skip shell extension 'powershell' for command environment: Not usable outside of PowerShell
[2.519s] DEBUG:colcon.colcon_core.shell:Skip shell extension 'dsv' for command environment
[2.753s] INFO:colcon.colcon_core.task.python.build:Building Python package in '/home/wyatt/git_ros2/ros2_ws/src/wind_speed_package'
[2.770s] INFO:colcon.colcon_core.shell:Skip shell extension 'powershell' for command environment: Not usable outside of PowerShell
[2.770s] DEBUG:colcon.colcon_core.shell:Skip shell extension 'dsv' for command environment
[2.816s] DEBUG:colcon.colcon_core.event_handler.log_command:Invoked command in '/home/wyatt/git_ros2/ros2_ws/build/uf_interfaces' returned '0': CMAKE_PREFIX_PATH=${CMAKE_PREFIX_PATH}:/home/wyatt/git_ros2/ros2_ws/install/wind_speed_package:/home/wyatt/git_ros2/ros2_ws/install/vehicle_position_checker:/home/wyatt/git_ros2/ros2_ws/install/test_herding_pkg:/home/wyatt/git_ros2/ros2_ws/install/herding_v1_package:/home/wyatt/git_ros2/ros2_ws/install/estop_button:/opt/ros/humble /usr/bin/cmake --build /home/wyatt/git_ros2/ros2_ws/build/uf_interfaces -- -j8 -l8
[3.180s] DEBUG:colcon.colcon_core.event_handler.log_command:Invoking command in '/home/wyatt/git_ros2/ros2_ws/src/test_herding_pkg': PYTHONPATH=/home/wyatt/git_ros2/ros2_ws/build/test_herding_pkg/prefix_override:/home/wyatt/git_ros2/ros2_ws/install/test_herding_pkg/lib/python3.10/site-packages:${PYTHONPATH} /usr/bin/python3 setup.py egg_info --egg-base ../../build/test_herding_pkg build --build-base /home/wyatt/git_ros2/ros2_ws/build/test_herding_pkg/build install --record /home/wyatt/git_ros2/ros2_ws/build/test_herding_pkg/install.log --single-version-externally-managed
[3.220s] DEBUG:colcon.colcon_core.event_handler.log_command:Invoking command in '/home/wyatt/git_ros2/ros2_ws/src/wind_speed_package': PYTHONPATH=/home/wyatt/git_ros2/ros2_ws/build/wind_speed_package/prefix_override:/home/wyatt/git_ros2/ros2_ws/install/wind_speed_package/lib/python3.10/site-packages:${PYTHONPATH} /usr/bin/python3 setup.py egg_info --egg-base ../../build/wind_speed_package build --build-base /home/wyatt/git_ros2/ros2_ws/build/wind_speed_package/build install --record /home/wyatt/git_ros2/ros2_ws/build/wind_speed_package/install.log --single-version-externally-managed
[3.223s] DEBUG:colcon.colcon_core.event_handler.log_command:Invoking command in '/home/wyatt/git_ros2/ros2_ws/src/herding_v1_package': PYTHONPATH=/home/wyatt/git_ros2/ros2_ws/build/herding_v1_package/prefix_override:/home/wyatt/git_ros2/ros2_ws/install/herding_v1_package/lib/python3.10/site-packages:${PYTHONPATH} /usr/bin/python3 setup.py egg_info --egg-base ../../build/herding_v1_package build --build-base /home/wyatt/git_ros2/ros2_ws/build/herding_v1_package/build install --record /home/wyatt/git_ros2/ros2_ws/build/herding_v1_package/install.log --single-version-externally-managed
[3.249s] DEBUG:colcon.colcon_core.event_handler.log_command:Invoking command in '/home/wyatt/git_ros2/ros2_ws/build/uf_interfaces': CMAKE_PREFIX_PATH=${CMAKE_PREFIX_PATH}:/home/wyatt/git_ros2/ros2_ws/install/wind_speed_package:/home/wyatt/git_ros2/ros2_ws/install/vehicle_position_checker:/home/wyatt/git_ros2/ros2_ws/install/test_herding_pkg:/home/wyatt/git_ros2/ros2_ws/install/herding_v1_package:/home/wyatt/git_ros2/ros2_ws/install/estop_button:/opt/ros/humble /usr/bin/cmake --install /home/wyatt/git_ros2/ros2_ws/build/uf_interfaces
[3.252s] DEBUG:colcon.colcon_core.event_handler.log_command:Invoking command in '/home/wyatt/git_ros2/ros2_ws/src/estop_button': PYTHONPATH=/home/wyatt/git_ros2/ros2_ws/build/estop_button/prefix_override:/home/wyatt/git_ros2/ros2_ws/install/estop_button/lib/python3.10/site-packages:${PYTHONPATH} /usr/bin/python3 setup.py egg_info --egg-base ../../build/estop_button build --build-base /home/wyatt/git_ros2/ros2_ws/build/estop_button/build install --record /home/wyatt/git_ros2/ros2_ws/build/estop_button/install.log --single-version-externally-managed
[3.266s] DEBUG:colcon.colcon_core.event_handler.log_command:Invoking command in '/home/wyatt/git_ros2/ros2_ws/src/vehicle_position_checker': PYTHONPATH=/home/wyatt/git_ros2/ros2_ws/build/vehicle_position_checker/prefix_override:/home/wyatt/git_ros2/ros2_ws/install/vehicle_position_checker/lib/python3.10/site-packages:${PYTHONPATH} /usr/bin/python3 setup.py egg_info --egg-base ../../build/vehicle_position_checker build --build-base /home/wyatt/git_ros2/ros2_ws/build/vehicle_position_checker/build install --record /home/wyatt/git_ros2/ros2_ws/build/vehicle_position_checker/install.log --single-version-externally-managed
[3.423s] Level 1:colcon.colcon_core.environment:create_environment_scripts_only(uf_interfaces)
[3.440s] DEBUG:colcon.colcon_core.event_handler.log_command:Invoked command in '/home/wyatt/git_ros2/ros2_ws/build/uf_interfaces' returned '0': CMAKE_PREFIX_PATH=${CMAKE_PREFIX_PATH}:/home/wyatt/git_ros2/ros2_ws/install/wind_speed_package:/home/wyatt/git_ros2/ros2_ws/install/vehicle_position_checker:/home/wyatt/git_ros2/ros2_ws/install/test_herding_pkg:/home/wyatt/git_ros2/ros2_ws/install/herding_v1_package:/home/wyatt/git_ros2/ros2_ws/install/estop_button:/opt/ros/humble /usr/bin/cmake --install /home/wyatt/git_ros2/ros2_ws/build/uf_interfaces
[3.465s] Level 1:colcon.colcon_core.environment:checking '/home/wyatt/git_ros2/ros2_ws/install/uf_interfaces' for CMake module files
[3.476s] Level 1:colcon.colcon_core.environment:checking '/home/wyatt/git_ros2/ros2_ws/install/uf_interfaces' for CMake config files
[3.477s] Level 1:colcon.colcon_core.shell:create_environment_hook('uf_interfaces', 'cmake_prefix_path')
[3.511s] INFO:colcon.colcon_core.shell:Creating environment hook '/home/wyatt/git_ros2/ros2_ws/install/uf_interfaces/share/uf_interfaces/hook/cmake_prefix_path.ps1'
[3.512s] INFO:colcon.colcon_core.shell:Creating environment descriptor '/home/wyatt/git_ros2/ros2_ws/install/uf_interfaces/share/uf_interfaces/hook/cmake_prefix_path.dsv'
[3.513s] INFO:colcon.colcon_core.shell:Creating environment hook '/home/wyatt/git_ros2/ros2_ws/install/uf_interfaces/share/uf_interfaces/hook/cmake_prefix_path.sh'
[3.514s] Level 1:colcon.colcon_core.environment:checking '/home/wyatt/git_ros2/ros2_ws/install/uf_interfaces/lib'
[3.514s] Level 1:colcon.colcon_core.shell:create_environment_hook('uf_interfaces', 'ld_library_path_lib')
[3.525s] INFO:colcon.colcon_core.shell:Creating environment hook '/home/wyatt/git_ros2/ros2_ws/install/uf_interfaces/share/uf_interfaces/hook/ld_library_path_lib.ps1'
[3.526s] INFO:colcon.colcon_core.shell:Creating environment descriptor '/home/wyatt/git_ros2/ros2_ws/install/uf_interfaces/share/uf_interfaces/hook/ld_library_path_lib.dsv'
[3.527s] INFO:colcon.colcon_core.shell:Creating environment hook '/home/wyatt/git_ros2/ros2_ws/install/uf_interfaces/share/uf_interfaces/hook/ld_library_path_lib.sh'
[3.527s] Level 1:colcon.colcon_core.environment:checking '/home/wyatt/git_ros2/ros2_ws/install/uf_interfaces/bin'
[3.528s] Level 1:colcon.colcon_core.environment:checking '/home/wyatt/git_ros2/ros2_ws/install/uf_interfaces/lib/pkgconfig/uf_interfaces.pc'
[3.528s] Level 1:colcon.colcon_core.environment:checking '/home/wyatt/git_ros2/ros2_ws/install/uf_interfaces/lib/python3.10/site-packages'
[3.528s] Level 1:colcon.colcon_core.environment:checking '/home/wyatt/git_ros2/ros2_ws/install/uf_interfaces/bin'
[3.546s] INFO:colcon.colcon_core.shell:Creating package script '/home/wyatt/git_ros2/ros2_ws/install/uf_interfaces/share/uf_interfaces/package.ps1'
[3.547s] INFO:colcon.colcon_core.shell:Creating package descriptor '/home/wyatt/git_ros2/ros2_ws/install/uf_interfaces/share/uf_interfaces/package.dsv'
[3.548s] INFO:colcon.colcon_core.shell:Creating package script '/home/wyatt/git_ros2/ros2_ws/install/uf_interfaces/share/uf_interfaces/package.sh'
[3.549s] INFO:colcon.colcon_core.shell:Creating package script '/home/wyatt/git_ros2/ros2_ws/install/uf_interfaces/share/uf_interfaces/package.bash'
[3.550s] INFO:colcon.colcon_core.shell:Creating package script '/home/wyatt/git_ros2/ros2_ws/install/uf_interfaces/share/uf_interfaces/package.zsh'
[3.551s] Level 1:colcon.colcon_core.environment:create_file_with_runtime_dependencies(/home/wyatt/git_ros2/ros2_ws/install/uf_interfaces/share/colcon-core/packages/uf_interfaces)
[3.631s] DEBUG:colcon.colcon_core.event_handler.log_command:Invoked command in '/home/wyatt/git_ros2/ros2_ws/src/test_herding_pkg' returned '0': PYTHONPATH=/home/wyatt/git_ros2/ros2_ws/build/test_herding_pkg/prefix_override:/home/wyatt/git_ros2/ros2_ws/install/test_herding_pkg/lib/python3.10/site-packages:${PYTHONPATH} /usr/bin/python3 setup.py egg_info --egg-base ../../build/test_herding_pkg build --build-base /home/wyatt/git_ros2/ros2_ws/build/test_herding_pkg/build install --record /home/wyatt/git_ros2/ros2_ws/build/test_herding_pkg/install.log --single-version-externally-managed
[3.656s] Level 1:colcon.colcon_core.environment:checking '/home/wyatt/git_ros2/ros2_ws/install/test_herding_pkg' for CMake module files
[3.657s] Level 1:colcon.colcon_core.environment:checking '/home/wyatt/git_ros2/ros2_ws/install/test_herding_pkg' for CMake config files
[3.657s] Level 1:colcon.colcon_core.environment:checking '/home/wyatt/git_ros2/ros2_ws/install/test_herding_pkg/lib'
[3.658s] Level 1:colcon.colcon_core.environment:checking '/home/wyatt/git_ros2/ros2_ws/install/test_herding_pkg/bin'
[3.658s] Level 1:colcon.colcon_core.environment:checking '/home/wyatt/git_ros2/ros2_ws/install/test_herding_pkg/lib/pkgconfig/test_herding_pkg.pc'
[3.658s] Level 1:colcon.colcon_core.environment:checking '/home/wyatt/git_ros2/ros2_ws/install/test_herding_pkg/lib/python3.10/site-packages'
[3.658s] Level 1:colcon.colcon_core.shell:create_environment_hook('test_herding_pkg', 'pythonpath')
[3.673s] INFO:colcon.colcon_core.shell:Creating environment hook '/home/wyatt/git_ros2/ros2_ws/install/test_herding_pkg/share/test_herding_pkg/hook/pythonpath.ps1'
[3.674s] INFO:colcon.colcon_core.shell:Creating environment descriptor '/home/wyatt/git_ros2/ros2_ws/install/test_herding_pkg/share/test_herding_pkg/hook/pythonpath.dsv'
[3.674s] INFO:colcon.colcon_core.shell:Creating environment hook '/home/wyatt/git_ros2/ros2_ws/install/test_herding_pkg/share/test_herding_pkg/hook/pythonpath.sh'
[3.675s] Level 1:colcon.colcon_core.environment:checking '/home/wyatt/git_ros2/ros2_ws/install/test_herding_pkg/bin'
[3.675s] Level 1:colcon.colcon_core.environment:create_environment_scripts_only(test_herding_pkg)
[3.689s] INFO:colcon.colcon_core.shell:Creating package script '/home/wyatt/git_ros2/ros2_ws/install/test_herding_pkg/share/test_herding_pkg/package.ps1'
[3.690s] INFO:colcon.colcon_core.shell:Creating package descriptor '/home/wyatt/git_ros2/ros2_ws/install/test_herding_pkg/share/test_herding_pkg/package.dsv'
[3.690s] INFO:colcon.colcon_core.shell:Creating package script '/home/wyatt/git_ros2/ros2_ws/install/test_herding_pkg/share/test_herding_pkg/package.sh'
[3.691s] INFO:colcon.colcon_core.shell:Creating package script '/home/wyatt/git_ros2/ros2_ws/install/test_herding_pkg/share/test_herding_pkg/package.bash'
[3.691s] INFO:colcon.colcon_core.shell:Creating package script '/home/wyatt/git_ros2/ros2_ws/install/test_herding_pkg/share/test_herding_pkg/package.zsh'
[3.692s] Level 1:colcon.colcon_core.environment:create_file_with_runtime_dependencies(/home/wyatt/git_ros2/ros2_ws/install/test_herding_pkg/share/colcon-core/packages/test_herding_pkg)
[3.697s] DEBUG:colcon.colcon_core.event_handler.log_command:Invoked command in '/home/wyatt/git_ros2/ros2_ws/src/wind_speed_package' returned '0': PYTHONPATH=/home/wyatt/git_ros2/ros2_ws/build/wind_speed_package/prefix_override:/home/wyatt/git_ros2/ros2_ws/install/wind_speed_package/lib/python3.10/site-packages:${PYTHONPATH} /usr/bin/python3 setup.py egg_info --egg-base ../../build/wind_speed_package build --build-base /home/wyatt/git_ros2/ros2_ws/build/wind_speed_package/build install --record /home/wyatt/git_ros2/ros2_ws/build/wind_speed_package/install.log --single-version-externally-managed
[3.709s] Level 1:colcon.colcon_core.environment:checking '/home/wyatt/git_ros2/ros2_ws/install/wind_speed_package' for CMake module files
[3.710s] Level 1:colcon.colcon_core.environment:checking '/home/wyatt/git_ros2/ros2_ws/install/wind_speed_package' for CMake config files
[3.711s] Level 1:colcon.colcon_core.environment:checking '/home/wyatt/git_ros2/ros2_ws/install/wind_speed_package/lib'
[3.711s] Level 1:colcon.colcon_core.environment:checking '/home/wyatt/git_ros2/ros2_ws/install/wind_speed_package/bin'
[3.711s] Level 1:colcon.colcon_core.environment:checking '/home/wyatt/git_ros2/ros2_ws/install/wind_speed_package/lib/pkgconfig/wind_speed_package.pc'
[3.712s] Level 1:colcon.colcon_core.environment:checking '/home/wyatt/git_ros2/ros2_ws/install/wind_speed_package/lib/python3.10/site-packages'
[3.712s] Level 1:colcon.colcon_core.shell:create_environment_hook('wind_speed_package', 'pythonpath')
[3.725s] INFO:colcon.colcon_core.shell:Creating environment hook '/home/wyatt/git_ros2/ros2_ws/install/wind_speed_package/share/wind_speed_package/hook/pythonpath.ps1'
[3.727s] INFO:colcon.colcon_core.shell:Creating environment descriptor '/home/wyatt/git_ros2/ros2_ws/install/wind_speed_package/share/wind_speed_package/hook/pythonpath.dsv'
[3.728s] INFO:colcon.colcon_core.shell:Creating environment hook '/home/wyatt/git_ros2/ros2_ws/install/wind_speed_package/share/wind_speed_package/hook/pythonpath.sh'
[3.729s] Level 1:colcon.colcon_core.environment:checking '/home/wyatt/git_ros2/ros2_ws/install/wind_speed_package/bin'
[3.729s] Level 1:colcon.colcon_core.environment:create_environment_scripts_only(wind_speed_package)
[3.740s] INFO:colcon.colcon_core.shell:Creating package script '/home/wyatt/git_ros2/ros2_ws/install/wind_speed_package/share/wind_speed_package/package.ps1'
[3.740s] INFO:colcon.colcon_core.shell:Creating package descriptor '/home/wyatt/git_ros2/ros2_ws/install/wind_speed_package/share/wind_speed_package/package.dsv'
[3.742s] INFO:colcon.colcon_core.shell:Creating package script '/home/wyatt/git_ros2/ros2_ws/install/wind_speed_package/share/wind_speed_package/package.sh'
[3.743s] INFO:colcon.colcon_core.shell:Creating package script '/home/wyatt/git_ros2/ros2_ws/install/wind_speed_package/share/wind_speed_package/package.bash'
[3.743s] INFO:colcon.colcon_core.shell:Creating package script '/home/wyatt/git_ros2/ros2_ws/install/wind_speed_package/share/wind_speed_package/package.zsh'
[3.744s] Level 1:colcon.colcon_core.environment:create_file_with_runtime_dependencies(/home/wyatt/git_ros2/ros2_ws/install/wind_speed_package/share/colcon-core/packages/wind_speed_package)
[3.748s] DEBUG:colcon.colcon_core.event_handler.log_command:Invoked command in '/home/wyatt/git_ros2/ros2_ws/src/herding_v1_package' returned '0': PYTHONPATH=/home/wyatt/git_ros2/ros2_ws/build/herding_v1_package/prefix_override:/home/wyatt/git_ros2/ros2_ws/install/herding_v1_package/lib/python3.10/site-packages:${PYTHONPATH} /usr/bin/python3 setup.py egg_info --egg-base ../../build/herding_v1_package build --build-base /home/wyatt/git_ros2/ros2_ws/build/herding_v1_package/build install --record /home/wyatt/git_ros2/ros2_ws/build/herding_v1_package/install.log --single-version-externally-managed
[3.766s] Level 1:colcon.colcon_core.environment:checking '/home/wyatt/git_ros2/ros2_ws/install/herding_v1_package' for CMake module files
[3.767s] Level 1:colcon.colcon_core.environment:checking '/home/wyatt/git_ros2/ros2_ws/install/herding_v1_package' for CMake config files
[3.768s] Level 1:colcon.colcon_core.environment:checking '/home/wyatt/git_ros2/ros2_ws/install/herding_v1_package/lib'
[3.769s] Level 1:colcon.colcon_core.environment:checking '/home/wyatt/git_ros2/ros2_ws/install/herding_v1_package/bin'
[3.769s] Level 1:colcon.colcon_core.environment:checking '/home/wyatt/git_ros2/ros2_ws/install/herding_v1_package/lib/pkgconfig/herding_v1_package.pc'
[3.770s] Level 1:colcon.colcon_core.environment:checking '/home/wyatt/git_ros2/ros2_ws/install/herding_v1_package/lib/python3.10/site-packages'
[3.770s] Level 1:colcon.colcon_core.shell:create_environment_hook('herding_v1_package', 'pythonpath')
[3.788s] INFO:colcon.colcon_core.shell:Creating environment hook '/home/wyatt/git_ros2/ros2_ws/install/herding_v1_package/share/herding_v1_package/hook/pythonpath.ps1'
[3.789s] INFO:colcon.colcon_core.shell:Creating environment descriptor '/home/wyatt/git_ros2/ros2_ws/install/herding_v1_package/share/herding_v1_package/hook/pythonpath.dsv'
[3.790s] INFO:colcon.colcon_core.shell:Creating environment hook '/home/wyatt/git_ros2/ros2_ws/install/herding_v1_package/share/herding_v1_package/hook/pythonpath.sh'
[3.792s] Level 1:colcon.colcon_core.environment:checking '/home/wyatt/git_ros2/ros2_ws/install/herding_v1_package/bin'
[3.792s] Level 1:colcon.colcon_core.environment:create_environment_scripts_only(herding_v1_package)
[3.811s] INFO:colcon.colcon_core.shell:Creating package script '/home/wyatt/git_ros2/ros2_ws/install/herding_v1_package/share/herding_v1_package/package.ps1'
[3.812s] INFO:colcon.colcon_core.shell:Creating package descriptor '/home/wyatt/git_ros2/ros2_ws/install/herding_v1_package/share/herding_v1_package/package.dsv'
[3.812s] INFO:colcon.colcon_core.shell:Creating package script '/home/wyatt/git_ros2/ros2_ws/install/herding_v1_package/share/herding_v1_package/package.sh'
[3.813s] INFO:colcon.colcon_core.shell:Creating package script '/home/wyatt/git_ros2/ros2_ws/install/herding_v1_package/share/herding_v1_package/package.bash'
[3.813s] INFO:colcon.colcon_core.shell:Creating package script '/home/wyatt/git_ros2/ros2_ws/install/herding_v1_package/share/herding_v1_package/package.zsh'
[3.814s] Level 1:colcon.colcon_core.environment:create_file_with_runtime_dependencies(/home/wyatt/git_ros2/ros2_ws/install/herding_v1_package/share/colcon-core/packages/herding_v1_package)
[3.817s] DEBUG:colcon.colcon_core.event_handler.log_command:Invoked command in '/home/wyatt/git_ros2/ros2_ws/src/estop_button' returned '0': PYTHONPATH=/home/wyatt/git_ros2/ros2_ws/build/estop_button/prefix_override:/home/wyatt/git_ros2/ros2_ws/install/estop_button/lib/python3.10/site-packages:${PYTHONPATH} /usr/bin/python3 setup.py egg_info --egg-base ../../build/estop_button build --build-base /home/wyatt/git_ros2/ros2_ws/build/estop_button/build install --record /home/wyatt/git_ros2/ros2_ws/build/estop_button/install.log --single-version-externally-managed
[3.837s] Level 1:colcon.colcon_core.environment:checking '/home/wyatt/git_ros2/ros2_ws/install/estop_button' for CMake module files
[3.838s] Level 1:colcon.colcon_core.environment:checking '/home/wyatt/git_ros2/ros2_ws/install/estop_button' for CMake config files
[3.839s] Level 1:colcon.colcon_core.environment:checking '/home/wyatt/git_ros2/ros2_ws/install/estop_button/lib'
[3.839s] Level 1:colcon.colcon_core.environment:checking '/home/wyatt/git_ros2/ros2_ws/install/estop_button/bin'
[3.839s] Level 1:colcon.colcon_core.environment:checking '/home/wyatt/git_ros2/ros2_ws/install/estop_button/lib/pkgconfig/estop_button.pc'
[3.840s] Level 1:colcon.colcon_core.environment:checking '/home/wyatt/git_ros2/ros2_ws/install/estop_button/lib/python3.10/site-packages'
[3.840s] Level 1:colcon.colcon_core.shell:create_environment_hook('estop_button', 'pythonpath')
[3.861s] INFO:colcon.colcon_core.shell:Creating environment hook '/home/wyatt/git_ros2/ros2_ws/install/estop_button/share/estop_button/hook/pythonpath.ps1'
[3.862s] INFO:colcon.colcon_core.shell:Creating environment descriptor '/home/wyatt/git_ros2/ros2_ws/install/estop_button/share/estop_button/hook/pythonpath.dsv'
[3.863s] INFO:colcon.colcon_core.shell:Creating environment hook '/home/wyatt/git_ros2/ros2_ws/install/estop_button/share/estop_button/hook/pythonpath.sh'
[3.863s] Level 1:colcon.colcon_core.environment:checking '/home/wyatt/git_ros2/ros2_ws/install/estop_button/bin'
[3.864s] Level 1:colcon.colcon_core.environment:create_environment_scripts_only(estop_button)
[3.881s] INFO:colcon.colcon_core.shell:Creating package script '/home/wyatt/git_ros2/ros2_ws/install/estop_button/share/estop_button/package.ps1'
[3.882s] INFO:colcon.colcon_core.shell:Creating package descriptor '/home/wyatt/git_ros2/ros2_ws/install/estop_button/share/estop_button/package.dsv'
[3.883s] INFO:colcon.colcon_core.shell:Creating package script '/home/wyatt/git_ros2/ros2_ws/install/estop_button/share/estop_button/package.sh'
[3.884s] INFO:colcon.colcon_core.shell:Creating package script '/home/wyatt/git_ros2/ros2_ws/install/estop_button/share/estop_button/package.bash'
[3.884s] INFO:colcon.colcon_core.shell:Creating package script '/home/wyatt/git_ros2/ros2_ws/install/estop_button/share/estop_button/package.zsh'
[3.885s] Level 1:colcon.colcon_core.environment:create_file_with_runtime_dependencies(/home/wyatt/git_ros2/ros2_ws/install/estop_button/share/colcon-core/packages/estop_button)
[3.889s] DEBUG:colcon.colcon_core.event_handler.log_command:Invoked command in '/home/wyatt/git_ros2/ros2_ws/src/vehicle_position_checker' returned '0': PYTHONPATH=/home/wyatt/git_ros2/ros2_ws/build/vehicle_position_checker/prefix_override:/home/wyatt/git_ros2/ros2_ws/install/vehicle_position_checker/lib/python3.10/site-packages:${PYTHONPATH} /usr/bin/python3 setup.py egg_info --egg-base ../../build/vehicle_position_checker build --build-base /home/wyatt/git_ros2/ros2_ws/build/vehicle_position_checker/build install --record /home/wyatt/git_ros2/ros2_ws/build/vehicle_position_checker/install.log --single-version-externally-managed
[3.904s] Level 1:colcon.colcon_core.environment:checking '/home/wyatt/git_ros2/ros2_ws/install/vehicle_position_checker' for CMake module files
[3.904s] Level 1:colcon.colcon_core.environment:checking '/home/wyatt/git_ros2/ros2_ws/install/vehicle_position_checker' for CMake config files
[3.905s] Level 1:colcon.colcon_core.environment:checking '/home/wyatt/git_ros2/ros2_ws/install/vehicle_position_checker/lib'
[3.905s] Level 1:colcon.colcon_core.environment:checking '/home/wyatt/git_ros2/ros2_ws/install/vehicle_position_checker/bin'
[3.905s] Level 1:colcon.colcon_core.environment:checking '/home/wyatt/git_ros2/ros2_ws/install/vehicle_position_checker/lib/pkgconfig/vehicle_position_checker.pc'
[3.905s] Level 1:colcon.colcon_core.environment:checking '/home/wyatt/git_ros2/ros2_ws/install/vehicle_position_checker/lib/python3.10/site-packages'
[3.905s] Level 1:colcon.colcon_core.shell:create_environment_hook('vehicle_position_checker', 'pythonpath')
[3.918s] INFO:colcon.colcon_core.shell:Creating environment hook '/home/wyatt/git_ros2/ros2_ws/install/vehicle_position_checker/share/vehicle_position_checker/hook/pythonpath.ps1'
[3.920s] INFO:colcon.colcon_core.shell:Creating environment descriptor '/home/wyatt/git_ros2/ros2_ws/install/vehicle_position_checker/share/vehicle_position_checker/hook/pythonpath.dsv'
[3.921s] INFO:colcon.colcon_core.shell:Creating environment hook '/home/wyatt/git_ros2/ros2_ws/install/vehicle_position_checker/share/vehicle_position_checker/hook/pythonpath.sh'
[3.922s] Level 1:colcon.colcon_core.environment:checking '/home/wyatt/git_ros2/ros2_ws/install/vehicle_position_checker/bin'
[3.922s] Level 1:colcon.colcon_core.environment:create_environment_scripts_only(vehicle_position_checker)
[3.936s] INFO:colcon.colcon_core.shell:Creating package script '/home/wyatt/git_ros2/ros2_ws/install/vehicle_position_checker/share/vehicle_position_checker/package.ps1'
[3.937s] INFO:colcon.colcon_core.shell:Creating package descriptor '/home/wyatt/git_ros2/ros2_ws/install/vehicle_position_checker/share/vehicle_position_checker/package.dsv'
[3.938s] INFO:colcon.colcon_core.shell:Creating package script '/home/wyatt/git_ros2/ros2_ws/install/vehicle_position_checker/share/vehicle_position_checker/package.sh'
[3.939s] INFO:colcon.colcon_core.shell:Creating package script '/home/wyatt/git_ros2/ros2_ws/install/vehicle_position_checker/share/vehicle_position_checker/package.bash'
[3.940s] INFO:colcon.colcon_core.shell:Creating package script '/home/wyatt/git_ros2/ros2_ws/install/vehicle_position_checker/share/vehicle_position_checker/package.zsh'
[3.941s] Level 1:colcon.colcon_core.environment:create_file_with_runtime_dependencies(/home/wyatt/git_ros2/ros2_ws/install/vehicle_position_checker/share/colcon-core/packages/vehicle_position_checker)
[4.028s] Level 1:colcon.colcon_core.environment:create_environment_scripts_only(uf_interfaces)
[4.037s] Level 1:colcon.colcon_core.environment:checking '/home/wyatt/git_ros2/ros2_ws/install/uf_interfaces' for CMake module files
[4.038s] Level 1:colcon.colcon_core.environment:checking '/home/wyatt/git_ros2/ros2_ws/install/uf_interfaces' for CMake config files
[4.038s] Level 1:colcon.colcon_core.shell:create_environment_hook('uf_interfaces', 'cmake_prefix_path')
[4.049s] INFO:colcon.colcon_core.shell:Creating environment hook '/home/wyatt/git_ros2/ros2_ws/install/uf_interfaces/share/uf_interfaces/hook/cmake_prefix_path.ps1'
[4.049s] INFO:colcon.colcon_core.shell:Creating environment descriptor '/home/wyatt/git_ros2/ros2_ws/install/uf_interfaces/share/uf_interfaces/hook/cmake_prefix_path.dsv'
[4.050s] INFO:colcon.colcon_core.shell:Creating environment hook '/home/wyatt/git_ros2/ros2_ws/install/uf_interfaces/share/uf_interfaces/hook/cmake_prefix_path.sh'
[4.050s] Level 1:colcon.colcon_core.environment:checking '/home/wyatt/git_ros2/ros2_ws/install/uf_interfaces/lib'
[4.051s] Level 1:colcon.colcon_core.shell:create_environment_hook('uf_interfaces', 'ld_library_path_lib')
[4.060s] INFO:colcon.colcon_core.shell:Creating environment hook '/home/wyatt/git_ros2/ros2_ws/install/uf_interfaces/share/uf_interfaces/hook/ld_library_path_lib.ps1'
[4.060s] INFO:colcon.colcon_core.shell:Creating environment descriptor '/home/wyatt/git_ros2/ros2_ws/install/uf_interfaces/share/uf_interfaces/hook/ld_library_path_lib.dsv'
[4.061s] INFO:colcon.colcon_core.shell:Creating environment hook '/home/wyatt/git_ros2/ros2_ws/install/uf_interfaces/share/uf_interfaces/hook/ld_library_path_lib.sh'
[4.061s] Level 1:colcon.colcon_core.environment:checking '/home/wyatt/git_ros2/ros2_ws/install/uf_interfaces/bin'
[4.061s] Level 1:colcon.colcon_core.environment:checking '/home/wyatt/git_ros2/ros2_ws/install/uf_interfaces/lib/pkgconfig/uf_interfaces.pc'
[4.062s] Level 1:colcon.colcon_core.environment:checking '/home/wyatt/git_ros2/ros2_ws/install/uf_interfaces/lib/python3.10/site-packages'
[4.062s] Level 1:colcon.colcon_core.environment:checking '/home/wyatt/git_ros2/ros2_ws/install/uf_interfaces/bin'
[4.074s] INFO:colcon.colcon_core.shell:Creating package script '/home/wyatt/git_ros2/ros2_ws/install/uf_interfaces/share/uf_interfaces/package.ps1'
[4.075s] INFO:colcon.colcon_core.shell:Creating package descriptor '/home/wyatt/git_ros2/ros2_ws/install/uf_interfaces/share/uf_interfaces/package.dsv'
[4.076s] INFO:colcon.colcon_core.shell:Creating package script '/home/wyatt/git_ros2/ros2_ws/install/uf_interfaces/share/uf_interfaces/package.sh'
[4.077s] INFO:colcon.colcon_core.shell:Creating package script '/home/wyatt/git_ros2/ros2_ws/install/uf_interfaces/share/uf_interfaces/package.bash'
[4.077s] INFO:colcon.colcon_core.shell:Creating package script '/home/wyatt/git_ros2/ros2_ws/install/uf_interfaces/share/uf_interfaces/package.zsh'
[4.078s] Level 1:colcon.colcon_core.environment:create_file_with_runtime_dependencies(/home/wyatt/git_ros2/ros2_ws/install/uf_interfaces/share/colcon-core/packages/uf_interfaces)
[4.078s] DEBUG:colcon.colcon_parallel_executor.executor.parallel:closing loop
[4.078s] DEBUG:colcon.colcon_parallel_executor.executor.parallel:loop closed
[4.079s] DEBUG:colcon.colcon_parallel_executor.executor.parallel:run_until_complete finished with '0'
[4.079s] DEBUG:colcon.colcon_core.event_reactor:joining thread
[4.101s] INFO:colcon.colcon_core.plugin_system:Skipping extension 'colcon_notification.desktop_notification.terminal_notifier': Not used on non-Darwin systems
[4.101s] INFO:colcon.colcon_core.plugin_system:Skipping extension 'colcon_notification.desktop_notification.win32': Not used on non-Windows systems
[4.102s] INFO:colcon.colcon_notification.desktop_notification:Sending desktop notification using 'notify2'
[4.114s] DEBUG:colcon.colcon_core.event_reactor:joined thread
[4.129s] INFO:colcon.colcon_core.shell:Creating prefix script '/home/wyatt/git_ros2/ros2_ws/install/local_setup.ps1'
[4.131s] INFO:colcon.colcon_core.shell:Creating prefix util module '/home/wyatt/git_ros2/ros2_ws/install/_local_setup_util_ps1.py'
[4.132s] INFO:colcon.colcon_core.shell:Creating prefix chain script '/home/wyatt/git_ros2/ros2_ws/install/setup.ps1'
[4.149s] INFO:colcon.colcon_core.shell:Creating prefix script '/home/wyatt/git_ros2/ros2_ws/install/local_setup.sh'
[4.150s] INFO:colcon.colcon_core.shell:Creating prefix util module '/home/wyatt/git_ros2/ros2_ws/install/_local_setup_util_sh.py'
[4.151s] INFO:colcon.colcon_core.shell:Creating prefix chain script '/home/wyatt/git_ros2/ros2_ws/install/setup.sh'
[4.169s] INFO:colcon.colcon_core.shell:Creating prefix script '/home/wyatt/git_ros2/ros2_ws/install/local_setup.bash'
[4.170s] INFO:colcon.colcon_core.shell:Creating prefix chain script '/home/wyatt/git_ros2/ros2_ws/install/setup.bash'
[4.186s] INFO:colcon.colcon_core.shell:Creating prefix script '/home/wyatt/git_ros2/ros2_ws/install/local_setup.zsh'
[4.188s] INFO:colcon.colcon_core.shell:Creating prefix chain script '/home/wyatt/git_ros2/ros2_ws/install/setup.zsh'
