[3.434s] Invoking command in '/home/wyatt/git_ros2/ros2_ws/src/wind_speed_package': PYTHONPATH=/home/wyatt/git_ros2/ros2_ws/build/wind_speed_package/prefix_override:/home/wyatt/git_ros2/ros2_ws/install/wind_speed_package/lib/python3.10/site-packages:${PYTHONPATH} /usr/bin/python3 setup.py egg_info --egg-base ../../build/wind_speed_package build --build-base /home/wyatt/git_ros2/ros2_ws/build/wind_speed_package/build install --record /home/wyatt/git_ros2/ros2_ws/build/wind_speed_package/install.log --single-version-externally-managed
[3.901s] running egg_info
[3.902s] writing ../../build/wind_speed_package/wind_speed_package.egg-info/PKG-INFO
[3.903s] writing dependency_links to ../../build/wind_speed_package/wind_speed_package.egg-info/dependency_links.txt
[3.904s] writing entry points to ../../build/wind_speed_package/wind_speed_package.egg-info/entry_points.txt
[3.905s] writing requirements to ../../build/wind_speed_package/wind_speed_package.egg-info/requires.txt
[3.905s] writing top-level names to ../../build/wind_speed_package/wind_speed_package.egg-info/top_level.txt
[3.908s] reading manifest file '../../build/wind_speed_package/wind_speed_package.egg-info/SOURCES.txt'
[3.910s] writing manifest file '../../build/wind_speed_package/wind_speed_package.egg-info/SOURCES.txt'
[3.910s] running build
[3.911s] running build_py
[3.911s] running install
[3.912s] /usr/lib/python3/dist-packages/setuptools/command/install.py:34: SetuptoolsDeprecationWarning: setup.py install is deprecated. Use build and pip and other standards-based tools.
[3.912s]   warnings.warn(
[3.913s] running install_lib
[3.916s] running install_data
[3.917s] running install_egg_info
[3.920s] removing '/home/wyatt/git_ros2/ros2_ws/install/wind_speed_package/lib/python3.10/site-packages/wind_speed_package-0.0.0-py3.10.egg-info' (and everything under it)
[3.920s] Copying ../../build/wind_speed_package/wind_speed_package.egg-info to /home/wyatt/git_ros2/ros2_ws/install/wind_speed_package/lib/python3.10/site-packages/wind_speed_package-0.0.0-py3.10.egg-info
[3.922s] running install_scripts
[3.974s] Installing wind_speed_node script to /home/wyatt/git_ros2/ros2_ws/install/wind_speed_package/lib/wind_speed_package
[3.974s] writing list of installed files to '/home/wyatt/git_ros2/ros2_ws/build/wind_speed_package/install.log'
[4.094s] Invoked command in '/home/wyatt/git_ros2/ros2_ws/src/wind_speed_package' returned '0': PYTHONPATH=/home/wyatt/git_ros2/ros2_ws/build/wind_speed_package/prefix_override:/home/wyatt/git_ros2/ros2_ws/install/wind_speed_package/lib/python3.10/site-packages:${PYTHONPATH} /usr/bin/python3 setup.py egg_info --egg-base ../../build/wind_speed_package build --build-base /home/wyatt/git_ros2/ros2_ws/build/wind_speed_package/build install --record /home/wyatt/git_ros2/ros2_ws/build/wind_speed_package/install.log --single-version-externally-managed
