[1.677s] Invoking command in '/home/wyatt/ros2_ws/src/herding_control': PYTHONPATH=/home/wyatt/ros2_ws/build/herding_control/prefix_override:/usr/lib/python3/dist-packages/colcon_core/task/python/colcon_distutils_commands:/home/wyatt/ros2_ws/install/herding_control/lib/python3.10/site-packages:${PYTHONPATH} /usr/bin/python3 -W ignore:setup.py install is deprecated setup.py egg_info --egg-base ../../build/herding_control build --build-base /home/wyatt/ros2_ws/build/herding_control/build install --record /home/wyatt/ros2_ws/build/herding_control/install.log --single-version-externally-managed install_data
[2.124s] running egg_info
[2.127s] creating ../../build/herding_control/herding_control.egg-info
[2.128s] writing ../../build/herding_control/herding_control.egg-info/PKG-INFO
[2.133s] writing dependency_links to ../../build/herding_control/herding_control.egg-info/dependency_links.txt
[2.133s] writing entry points to ../../build/herding_control/herding_control.egg-info/entry_points.txt
[2.135s] writing requirements to ../../build/herding_control/herding_control.egg-info/requires.txt
[2.135s] writing top-level names to ../../build/herding_control/herding_control.egg-info/top_level.txt
[2.136s] writing manifest file '../../build/herding_control/herding_control.egg-info/SOURCES.txt'
[2.138s] reading manifest file '../../build/herding_control/herding_control.egg-info/SOURCES.txt'
[2.138s] writing manifest file '../../build/herding_control/herding_control.egg-info/SOURCES.txt'
[2.139s] running build
[2.139s] running build_py
[2.142s] creating /home/wyatt/ros2_ws/build/herding_control/build
[2.142s] creating /home/wyatt/ros2_ws/build/herding_control/build/lib
[2.142s] creating /home/wyatt/ros2_ws/build/herding_control/build/lib/herding_control
[2.142s] copying herding_control/__init__.py -> /home/wyatt/ros2_ws/build/herding_control/build/lib/herding_control
[2.143s] copying herding_control/herding_control_node.py -> /home/wyatt/ros2_ws/build/herding_control/build/lib/herding_control
[2.143s] running install
[2.143s] running install_lib
[2.143s] creating /home/wyatt/ros2_ws/install/herding_control/lib/python3.10/site-packages/herding_control
[2.143s] copying /home/wyatt/ros2_ws/build/herding_control/build/lib/herding_control/__init__.py -> /home/wyatt/ros2_ws/install/herding_control/lib/python3.10/site-packages/herding_control
[2.143s] copying /home/wyatt/ros2_ws/build/herding_control/build/lib/herding_control/herding_control_node.py -> /home/wyatt/ros2_ws/install/herding_control/lib/python3.10/site-packages/herding_control
[2.143s] byte-compiling /home/wyatt/ros2_ws/install/herding_control/lib/python3.10/site-packages/herding_control/__init__.py to __init__.cpython-310.pyc
[2.143s] byte-compiling /home/wyatt/ros2_ws/install/herding_control/lib/python3.10/site-packages/herding_control/herding_control_node.py to herding_control_node.cpython-310.pyc
[2.145s] running install_data
[2.145s] creating /home/wyatt/ros2_ws/install/herding_control/share/ament_index
[2.145s] creating /home/wyatt/ros2_ws/install/herding_control/share/ament_index/resource_index
[2.147s] creating /home/wyatt/ros2_ws/install/herding_control/share/ament_index/resource_index/packages
[2.147s] copying resource/herding_control -> /home/wyatt/ros2_ws/install/herding_control/share/ament_index/resource_index/packages
[2.147s] copying package.xml -> /home/wyatt/ros2_ws/install/herding_control/share/herding_control
[2.147s] running install_egg_info
[2.150s] Copying ../../build/herding_control/herding_control.egg-info to /home/wyatt/ros2_ws/install/herding_control/lib/python3.10/site-packages/herding_control-0.0.0-py3.10.egg-info
[2.153s] running install_scripts
[2.191s] Installing herding_control_node script to /home/wyatt/ros2_ws/install/herding_control/lib/herding_control
[2.193s] writing list of installed files to '/home/wyatt/ros2_ws/build/herding_control/install.log'
[2.255s] Invoked command in '/home/wyatt/ros2_ws/src/herding_control' returned '0': PYTHONPATH=/home/wyatt/ros2_ws/build/herding_control/prefix_override:/usr/lib/python3/dist-packages/colcon_core/task/python/colcon_distutils_commands:/home/wyatt/ros2_ws/install/herding_control/lib/python3.10/site-packages:${PYTHONPATH} /usr/bin/python3 -W ignore:setup.py install is deprecated setup.py egg_info --egg-base ../../build/herding_control build --build-base /home/wyatt/ros2_ws/build/herding_control/build install --record /home/wyatt/ros2_ws/build/herding_control/install.log --single-version-externally-managed install_data
