[2.670s] Invoking command in '/home/wyatt/Documents/GitHub/ros2_ws/src/vehicle_position_checker': DEBUGINFOD_URLS=https://debuginfod.ubuntu.com PYTHONPATH=/home/wyatt/Documents/GitHub/ros2_ws/build/vehicle_position_checker/prefix_override:/usr/lib/python3/dist-packages/colcon_core/task/python/colcon_distutils_commands:/home/wyatt/Documents/GitHub/ros2_ws/install/vehicle_position_checker/lib/python3.12/site-packages:${PYTHONPATH} /usr/bin/python3 -W ignore:setup.py install is deprecated setup.py egg_info --egg-base ../../build/vehicle_position_checker build --build-base /home/wyatt/Documents/GitHub/ros2_ws/build/vehicle_position_checker/build install --record /home/wyatt/Documents/GitHub/ros2_ws/build/vehicle_position_checker/install.log --single-version-externally-managed install_data
[3.145s] running egg_info
[3.146s] creating ../../build/vehicle_position_checker/vehicle_position_checker.egg-info
[3.190s] writing ../../build/vehicle_position_checker/vehicle_position_checker.egg-info/PKG-INFO
[3.193s] writing dependency_links to ../../build/vehicle_position_checker/vehicle_position_checker.egg-info/dependency_links.txt
[3.193s] writing entry points to ../../build/vehicle_position_checker/vehicle_position_checker.egg-info/entry_points.txt
[3.193s] writing requirements to ../../build/vehicle_position_checker/vehicle_position_checker.egg-info/requires.txt
[3.193s] writing top-level names to ../../build/vehicle_position_checker/vehicle_position_checker.egg-info/top_level.txt
[3.194s] writing manifest file '../../build/vehicle_position_checker/vehicle_position_checker.egg-info/SOURCES.txt'
[3.264s] reading manifest file '../../build/vehicle_position_checker/vehicle_position_checker.egg-info/SOURCES.txt'
[3.267s] writing manifest file '../../build/vehicle_position_checker/vehicle_position_checker.egg-info/SOURCES.txt'
[3.267s] running build
[3.268s] running build_py
[3.268s] creating /home/wyatt/Documents/GitHub/ros2_ws/build/vehicle_position_checker/build
[3.269s] creating /home/wyatt/Documents/GitHub/ros2_ws/build/vehicle_position_checker/build/lib
[3.269s] creating /home/wyatt/Documents/GitHub/ros2_ws/build/vehicle_position_checker/build/lib/vehicle_position_checker
[3.269s] copying vehicle_position_checker/__init__.py -> /home/wyatt/Documents/GitHub/ros2_ws/build/vehicle_position_checker/build/lib/vehicle_position_checker
[3.269s] copying vehicle_position_checker/vehicle_position_checker.py -> /home/wyatt/Documents/GitHub/ros2_ws/build/vehicle_position_checker/build/lib/vehicle_position_checker
[3.269s] running install
[3.283s] running install_lib
[3.327s] creating /home/wyatt/Documents/GitHub/ros2_ws/install/vehicle_position_checker/lib/python3.12/site-packages/vehicle_position_checker
[3.327s] copying /home/wyatt/Documents/GitHub/ros2_ws/build/vehicle_position_checker/build/lib/vehicle_position_checker/__init__.py -> /home/wyatt/Documents/GitHub/ros2_ws/install/vehicle_position_checker/lib/python3.12/site-packages/vehicle_position_checker
[3.328s] copying /home/wyatt/Documents/GitHub/ros2_ws/build/vehicle_position_checker/build/lib/vehicle_position_checker/vehicle_position_checker.py -> /home/wyatt/Documents/GitHub/ros2_ws/install/vehicle_position_checker/lib/python3.12/site-packages/vehicle_position_checker
[3.329s] byte-compiling /home/wyatt/Documents/GitHub/ros2_ws/install/vehicle_position_checker/lib/python3.12/site-packages/vehicle_position_checker/__init__.py to __init__.cpython-312.pyc
[3.331s] byte-compiling /home/wyatt/Documents/GitHub/ros2_ws/install/vehicle_position_checker/lib/python3.12/site-packages/vehicle_position_checker/vehicle_position_checker.py to vehicle_position_checker.cpython-312.pyc
[3.333s] running install_data
[3.334s] creating /home/wyatt/Documents/GitHub/ros2_ws/install/vehicle_position_checker/share/ament_index
[3.334s] creating /home/wyatt/Documents/GitHub/ros2_ws/install/vehicle_position_checker/share/ament_index/resource_index
[3.335s] creating /home/wyatt/Documents/GitHub/ros2_ws/install/vehicle_position_checker/share/ament_index/resource_index/packages
[3.335s] copying resource/vehicle_position_checker -> /home/wyatt/Documents/GitHub/ros2_ws/install/vehicle_position_checker/share/ament_index/resource_index/packages
[3.336s] copying package.xml -> /home/wyatt/Documents/GitHub/ros2_ws/install/vehicle_position_checker/share/vehicle_position_checker
[3.336s] running install_egg_info
[3.370s] Copying ../../build/vehicle_position_checker/vehicle_position_checker.egg-info to /home/wyatt/Documents/GitHub/ros2_ws/install/vehicle_position_checker/lib/python3.12/site-packages/vehicle_position_checker-0.0.0-py3.12.egg-info
[3.371s] running install_scripts
[3.637s] Installing vehicle_positon_checker_node script to /home/wyatt/Documents/GitHub/ros2_ws/install/vehicle_position_checker/lib/vehicle_position_checker
[3.637s] writing list of installed files to '/home/wyatt/Documents/GitHub/ros2_ws/build/vehicle_position_checker/install.log'
[3.693s] Invoked command in '/home/wyatt/Documents/GitHub/ros2_ws/src/vehicle_position_checker' returned '0': DEBUGINFOD_URLS=https://debuginfod.ubuntu.com PYTHONPATH=/home/wyatt/Documents/GitHub/ros2_ws/build/vehicle_position_checker/prefix_override:/usr/lib/python3/dist-packages/colcon_core/task/python/colcon_distutils_commands:/home/wyatt/Documents/GitHub/ros2_ws/install/vehicle_position_checker/lib/python3.12/site-packages:${PYTHONPATH} /usr/bin/python3 -W ignore:setup.py install is deprecated setup.py egg_info --egg-base ../../build/vehicle_position_checker build --build-base /home/wyatt/Documents/GitHub/ros2_ws/build/vehicle_position_checker/build install --record /home/wyatt/Documents/GitHub/ros2_ws/build/vehicle_position_checker/install.log --single-version-externally-managed install_data
