[4.694s] Invoking command in '/home/wyatt/ros2_ws/src/estop_button': PYTHONPATH=/home/wyatt/ros2_ws/build/estop_button/prefix_override:/usr/lib/python3/dist-packages/colcon_core/task/python/colcon_distutils_commands:/home/wyatt/ros2_ws/install/estop_button/lib/python3.10/site-packages:${PYTHONPATH} /usr/bin/python3 -W ignore:setup.py install is deprecated setup.py egg_info --egg-base ../../build/estop_button build --build-base /home/wyatt/ros2_ws/build/estop_button/build install --record /home/wyatt/ros2_ws/build/estop_button/install.log --single-version-externally-managed install_data
[6.048s] running egg_info
[6.049s] creating ../../build/estop_button/estop_button.egg-info
[6.049s] writing ../../build/estop_button/estop_button.egg-info/PKG-INFO
[6.049s] writing dependency_links to ../../build/estop_button/estop_button.egg-info/dependency_links.txt
[6.049s] writing entry points to ../../build/estop_button/estop_button.egg-info/entry_points.txt
[6.049s] writing requirements to ../../build/estop_button/estop_button.egg-info/requires.txt
[6.050s] writing top-level names to ../../build/estop_button/estop_button.egg-info/top_level.txt
[6.050s] writing manifest file '../../build/estop_button/estop_button.egg-info/SOURCES.txt'
[6.053s] reading manifest file '../../build/estop_button/estop_button.egg-info/SOURCES.txt'
[6.058s] writing manifest file '../../build/estop_button/estop_button.egg-info/SOURCES.txt'
[6.059s] running build
[6.059s] running build_py
[6.059s] creating /home/wyatt/ros2_ws/build/estop_button/build
[6.062s] creating /home/wyatt/ros2_ws/build/estop_button/build/lib
[6.062s] creating /home/wyatt/ros2_ws/build/estop_button/build/lib/estop_button
[6.063s] copying estop_button/__init__.py -> /home/wyatt/ros2_ws/build/estop_button/build/lib/estop_button
[6.063s] copying estop_button/estop_button.py -> /home/wyatt/ros2_ws/build/estop_button/build/lib/estop_button
[6.063s] running install
[6.066s] running install_lib
[6.067s] creating /home/wyatt/ros2_ws/install/estop_button/lib/python3.10/site-packages/estop_button
[6.067s] copying /home/wyatt/ros2_ws/build/estop_button/build/lib/estop_button/__init__.py -> /home/wyatt/ros2_ws/install/estop_button/lib/python3.10/site-packages/estop_button
[6.067s] copying /home/wyatt/ros2_ws/build/estop_button/build/lib/estop_button/estop_button.py -> /home/wyatt/ros2_ws/install/estop_button/lib/python3.10/site-packages/estop_button
[6.068s] byte-compiling /home/wyatt/ros2_ws/install/estop_button/lib/python3.10/site-packages/estop_button/__init__.py to __init__.cpython-310.pyc
[6.068s] byte-compiling /home/wyatt/ros2_ws/install/estop_button/lib/python3.10/site-packages/estop_button/estop_button.py to estop_button.cpython-310.pyc
[6.071s] running install_data
[6.071s] creating /home/wyatt/ros2_ws/install/estop_button/share/ament_index
[6.072s] creating /home/wyatt/ros2_ws/install/estop_button/share/ament_index/resource_index
[6.072s] creating /home/wyatt/ros2_ws/install/estop_button/share/ament_index/resource_index/packages
[6.072s] copying resource/estop_button -> /home/wyatt/ros2_ws/install/estop_button/share/ament_index/resource_index/packages
[6.072s] copying package.xml -> /home/wyatt/ros2_ws/install/estop_button/share/estop_button
[6.072s] running install_egg_info
[6.073s] Copying ../../build/estop_button/estop_button.egg-info to /home/wyatt/ros2_ws/install/estop_button/lib/python3.10/site-packages/estop_button-0.0.0-py3.10.egg-info
[6.073s] running install_scripts
[6.122s] writing list of installed files to '/home/wyatt/ros2_ws/build/estop_button/install.log'
[6.724s] Invoked command in '/home/wyatt/ros2_ws/src/estop_button' returned '0': PYTHONPATH=/home/wyatt/ros2_ws/build/estop_button/prefix_override:/usr/lib/python3/dist-packages/colcon_core/task/python/colcon_distutils_commands:/home/wyatt/ros2_ws/install/estop_button/lib/python3.10/site-packages:${PYTHONPATH} /usr/bin/python3 -W ignore:setup.py install is deprecated setup.py egg_info --egg-base ../../build/estop_button build --build-base /home/wyatt/ros2_ws/build/estop_button/build install --record /home/wyatt/ros2_ws/build/estop_button/install.log --single-version-externally-managed install_data
