[1.782s] Invoking command in '/home/wyatt/git_ros2/ros2_ws/src/wind_speed_package': PYTHONPATH=/home/wyatt/git_ros2/ros2_ws/build/wind_speed_package/prefix_override:/home/wyatt/git_ros2/ros2_ws/install/wind_speed_package/lib/python3.10/site-packages:${PYTHONPATH} /usr/bin/python3 setup.py egg_info --egg-base ../../build/wind_speed_package build --build-base /home/wyatt/git_ros2/ros2_ws/build/wind_speed_package/build install --record /home/wyatt/git_ros2/ros2_ws/build/wind_speed_package/install.log --single-version-externally-managed
[2.016s] running egg_info
[2.016s] writing ../../build/wind_speed_package/wind_speed_package.egg-info/PKG-INFO
[2.017s] writing dependency_links to ../../build/wind_speed_package/wind_speed_package.egg-info/dependency_links.txt
[2.017s] writing entry points to ../../build/wind_speed_package/wind_speed_package.egg-info/entry_points.txt
[2.017s] writing requirements to ../../build/wind_speed_package/wind_speed_package.egg-info/requires.txt
[2.017s] writing top-level names to ../../build/wind_speed_package/wind_speed_package.egg-info/top_level.txt
[2.019s] reading manifest file '../../build/wind_speed_package/wind_speed_package.egg-info/SOURCES.txt'
[2.020s] writing manifest file '../../build/wind_speed_package/wind_speed_package.egg-info/SOURCES.txt'
[2.020s] running build
[2.020s] running build_py
[2.020s] /usr/lib/python3/dist-packages/setuptools/command/install.py:34: SetuptoolsDeprecationWarning: setup.py install is deprecated. Use build and pip and other standards-based tools.
[2.020s]   warnings.warn(
[2.020s] running install
[2.020s] running install_lib
[2.021s] running install_data
[2.021s] running install_egg_info
[2.022s] removing '/home/wyatt/git_ros2/ros2_ws/install/wind_speed_package/lib/python3.10/site-packages/wind_speed_package-0.0.0-py3.10.egg-info' (and everything under it)
[2.023s] Copying ../../build/wind_speed_package/wind_speed_package.egg-info to /home/wyatt/git_ros2/ros2_ws/install/wind_speed_package/lib/python3.10/site-packages/wind_speed_package-0.0.0-py3.10.egg-info
[2.024s] running install_scripts
[2.040s] Installing wind_speed_node script to /home/wyatt/git_ros2/ros2_ws/install/wind_speed_package/lib/wind_speed_package
[2.040s] writing list of installed files to '/home/wyatt/git_ros2/ros2_ws/build/wind_speed_package/install.log'
[2.060s] Invoked command in '/home/wyatt/git_ros2/ros2_ws/src/wind_speed_package' returned '0': PYTHONPATH=/home/wyatt/git_ros2/ros2_ws/build/wind_speed_package/prefix_override:/home/wyatt/git_ros2/ros2_ws/install/wind_speed_package/lib/python3.10/site-packages:${PYTHONPATH} /usr/bin/python3 setup.py egg_info --egg-base ../../build/wind_speed_package build --build-base /home/wyatt/git_ros2/ros2_ws/build/wind_speed_package/build install --record /home/wyatt/git_ros2/ros2_ws/build/wind_speed_package/install.log --single-version-externally-managed
