[1.389s] Invoking command in '/home/wyatt/ros2_ws/build/uf_interfaces': CMAKE_PREFIX_PATH=${CMAKE_PREFIX_PATH}:/home/wyatt/ros2_ws/install/wind_speed_package:/home/wyatt/ros2_ws/install/vehicle_position_checker:/home/wyatt/ros2_ws/install/herding_v1_package:/home/wyatt/ros2_ws/install/estop_button:/opt/ros/humble /usr/bin/cmake --build /home/wyatt/ros2_ws/build/uf_interfaces -- -j4 -l4
[1.481s] [  1%] Built target uf_interfaces__cpp
[1.496s] [ 12%] Built target uf_interfaces__rosidl_generator_c
[1.508s] [ 12%] Built target ament_cmake_python_copy_uf_interfaces
[1.559s] [ 31%] Built target uf_interfaces__rosidl_typesupport_fastrtps_cpp
[1.562s] [ 34%] Built target uf_interfaces__rosidl_typesupport_cpp
[1.588s] [ 46%] Built target uf_interfaces__rosidl_typesupport_introspection_cpp
[1.606s] [ 57%] Built target uf_interfaces__rosidl_typesupport_fastrtps_c
[1.623s] [ 77%] Built target uf_interfaces__rosidl_typesupport_c
[1.623s] [ 79%] Built target uf_interfaces__rosidl_typesupport_introspection_c
[1.657s] [ 79%] Built target uf_interfaces
[1.702s] [ 80%] Built target uf_interfaces__py
[1.754s] [ 90%] Built target uf_interfaces__rosidl_generator_py
[1.804s] [ 93%] Built target uf_interfaces__rosidl_typesupport_introspection_c__pyext
[1.805s] [ 96%] Built target uf_interfaces__rosidl_typesupport_c__pyext
[1.829s] [100%] Built target uf_interfaces__rosidl_typesupport_fastrtps_c__pyext
[2.171s] running egg_info
[2.172s] writing uf_interfaces.egg-info/PKG-INFO
[2.172s] writing dependency_links to uf_interfaces.egg-info/dependency_links.txt
[2.173s] writing top-level names to uf_interfaces.egg-info/top_level.txt
[2.177s] reading manifest file 'uf_interfaces.egg-info/SOURCES.txt'
[2.178s] writing manifest file 'uf_interfaces.egg-info/SOURCES.txt'
[2.235s] [100%] Built target ament_cmake_python_build_uf_interfaces_egg
[2.279s] Invoked command in '/home/wyatt/ros2_ws/build/uf_interfaces' returned '0': CMAKE_PREFIX_PATH=${CMAKE_PREFIX_PATH}:/home/wyatt/ros2_ws/install/wind_speed_package:/home/wyatt/ros2_ws/install/vehicle_position_checker:/home/wyatt/ros2_ws/install/herding_v1_package:/home/wyatt/ros2_ws/install/estop_button:/opt/ros/humble /usr/bin/cmake --build /home/wyatt/ros2_ws/build/uf_interfaces -- -j4 -l4
[2.960s] Invoking command in '/home/wyatt/ros2_ws/build/uf_interfaces': CMAKE_PREFIX_PATH=${CMAKE_PREFIX_PATH}:/home/wyatt/ros2_ws/install/wind_speed_package:/home/wyatt/ros2_ws/install/vehicle_position_checker:/home/wyatt/ros2_ws/install/herding_v1_package:/home/wyatt/ros2_ws/install/estop_button:/opt/ros/humble /usr/bin/cmake --install /home/wyatt/ros2_ws/build/uf_interfaces
[2.980s] -- Install configuration: ""
[2.980s] -- Up-to-date: /home/wyatt/ros2_ws/install/uf_interfaces/share/ament_index/resource_index/rosidl_interfaces/uf_interfaces
[2.980s] -- Up-to-date: /home/wyatt/ros2_ws/install/uf_interfaces/include/uf_interfaces/uf_interfaces
[2.983s] -- Up-to-date: /home/wyatt/ros2_ws/install/uf_interfaces/include/uf_interfaces/uf_interfaces/action
[2.984s] -- Up-to-date: /home/wyatt/ros2_ws/install/uf_interfaces/include/uf_interfaces/uf_interfaces/action/herd.h
[2.985s] -- Up-to-date: /home/wyatt/ros2_ws/install/uf_interfaces/include/uf_interfaces/uf_interfaces/action/detail
[2.986s] -- Up-to-date: /home/wyatt/ros2_ws/install/uf_interfaces/include/uf_interfaces/uf_interfaces/action/detail/herd__type_support.h
[2.986s] -- Up-to-date: /home/wyatt/ros2_ws/install/uf_interfaces/include/uf_interfaces/uf_interfaces/action/detail/herd__struct.h
[2.986s] -- Up-to-date: /home/wyatt/ros2_ws/install/uf_interfaces/include/uf_interfaces/uf_interfaces/action/detail/defend__functions.c
[2.987s] -- Up-to-date: /home/wyatt/ros2_ws/install/uf_interfaces/include/uf_interfaces/uf_interfaces/action/detail/herd__functions.c
[2.987s] -- Up-to-date: /home/wyatt/ros2_ws/install/uf_interfaces/include/uf_interfaces/uf_interfaces/action/detail/defend__struct.h
[2.987s] -- Up-to-date: /home/wyatt/ros2_ws/install/uf_interfaces/include/uf_interfaces/uf_interfaces/action/detail/herd__functions.h
[2.987s] -- Up-to-date: /home/wyatt/ros2_ws/install/uf_interfaces/include/uf_interfaces/uf_interfaces/action/detail/defend__type_support.h
[2.988s] -- Up-to-date: /home/wyatt/ros2_ws/install/uf_interfaces/include/uf_interfaces/uf_interfaces/action/detail/defend__functions.h
[2.988s] -- Up-to-date: /home/wyatt/ros2_ws/install/uf_interfaces/include/uf_interfaces/uf_interfaces/action/defend.h
[2.988s] -- Up-to-date: /home/wyatt/ros2_ws/install/uf_interfaces/include/uf_interfaces/uf_interfaces/srv
[2.989s] -- Up-to-date: /home/wyatt/ros2_ws/install/uf_interfaces/include/uf_interfaces/uf_interfaces/srv/task_assign.h
[2.989s] -- Up-to-date: /home/wyatt/ros2_ws/install/uf_interfaces/include/uf_interfaces/uf_interfaces/srv/geo_conv.h
[2.989s] -- Up-to-date: /home/wyatt/ros2_ws/install/uf_interfaces/include/uf_interfaces/uf_interfaces/srv/detail
[2.990s] -- Up-to-date: /home/wyatt/ros2_ws/install/uf_interfaces/include/uf_interfaces/uf_interfaces/srv/detail/geo_conv__struct.h
[2.990s] -- Up-to-date: /home/wyatt/ros2_ws/install/uf_interfaces/include/uf_interfaces/uf_interfaces/srv/detail/task_assign__type_support.h
[2.991s] -- Up-to-date: /home/wyatt/ros2_ws/install/uf_interfaces/include/uf_interfaces/uf_interfaces/srv/detail/task_assign__functions.h
[2.991s] -- Up-to-date: /home/wyatt/ros2_ws/install/uf_interfaces/include/uf_interfaces/uf_interfaces/srv/detail/geo_conv__functions.h
[2.991s] -- Up-to-date: /home/wyatt/ros2_ws/install/uf_interfaces/include/uf_interfaces/uf_interfaces/srv/detail/task_assign__struct.h
[2.991s] -- Up-to-date: /home/wyatt/ros2_ws/install/uf_interfaces/include/uf_interfaces/uf_interfaces/srv/detail/geo_conv__functions.c
[2.991s] -- Up-to-date: /home/wyatt/ros2_ws/install/uf_interfaces/include/uf_interfaces/uf_interfaces/srv/detail/geo_conv__type_support.h
[2.992s] -- Up-to-date: /home/wyatt/ros2_ws/install/uf_interfaces/include/uf_interfaces/uf_interfaces/srv/detail/task_assign__functions.c
[2.992s] -- Up-to-date: /home/wyatt/ros2_ws/install/uf_interfaces/include/uf_interfaces/uf_interfaces/msg
[2.992s] -- Up-to-date: /home/wyatt/ros2_ws/install/uf_interfaces/include/uf_interfaces/uf_interfaces/msg/position.h
[2.992s] -- Up-to-date: /home/wyatt/ros2_ws/install/uf_interfaces/include/uf_interfaces/uf_interfaces/msg/detail
[2.992s] -- Up-to-date: /home/wyatt/ros2_ws/install/uf_interfaces/include/uf_interfaces/uf_interfaces/msg/detail/position__functions.h
[2.993s] -- Up-to-date: /home/wyatt/ros2_ws/install/uf_interfaces/include/uf_interfaces/uf_interfaces/msg/detail/position__type_support.h
[2.993s] -- Up-to-date: /home/wyatt/ros2_ws/install/uf_interfaces/include/uf_interfaces/uf_interfaces/msg/detail/position__struct.h
[2.993s] -- Up-to-date: /home/wyatt/ros2_ws/install/uf_interfaces/include/uf_interfaces/uf_interfaces/msg/detail/position__functions.c
[2.993s] -- Up-to-date: /home/wyatt/ros2_ws/install/uf_interfaces/include/uf_interfaces/uf_interfaces/msg/rosidl_generator_c__visibility_control.h
[2.994s] -- Up-to-date: /home/wyatt/ros2_ws/install/uf_interfaces/share/uf_interfaces/environment/library_path.sh
[2.994s] -- Up-to-date: /home/wyatt/ros2_ws/install/uf_interfaces/share/uf_interfaces/environment/library_path.dsv
[2.994s] -- Up-to-date: /home/wyatt/ros2_ws/install/uf_interfaces/lib/libuf_interfaces__rosidl_generator_c.so
[2.994s] -- Up-to-date: /home/wyatt/ros2_ws/install/uf_interfaces/include/uf_interfaces/uf_interfaces
[2.995s] -- Up-to-date: /home/wyatt/ros2_ws/install/uf_interfaces/include/uf_interfaces/uf_interfaces/action
[2.995s] -- Up-to-date: /home/wyatt/ros2_ws/install/uf_interfaces/include/uf_interfaces/uf_interfaces/action/detail
[2.995s] -- Up-to-date: /home/wyatt/ros2_ws/install/uf_interfaces/include/uf_interfaces/uf_interfaces/action/detail/herd__rosidl_typesupport_fastrtps_c.h
[2.995s] -- Up-to-date: /home/wyatt/ros2_ws/install/uf_interfaces/include/uf_interfaces/uf_interfaces/action/detail/defend__rosidl_typesupport_fastrtps_c.h
[2.995s] -- Up-to-date: /home/wyatt/ros2_ws/install/uf_interfaces/include/uf_interfaces/uf_interfaces/srv
[2.996s] -- Up-to-date: /home/wyatt/ros2_ws/install/uf_interfaces/include/uf_interfaces/uf_interfaces/srv/detail
[2.996s] -- Up-to-date: /home/wyatt/ros2_ws/install/uf_interfaces/include/uf_interfaces/uf_interfaces/srv/detail/geo_conv__rosidl_typesupport_fastrtps_c.h
[3.007s] -- Up-to-date: /home/wyatt/ros2_ws/install/uf_interfaces/include/uf_interfaces/uf_interfaces/srv/detail/task_assign__rosidl_typesupport_fastrtps_c.h
[3.007s] -- Up-to-date: /home/wyatt/ros2_ws/install/uf_interfaces/include/uf_interfaces/uf_interfaces/msg
[3.008s] -- Up-to-date: /home/wyatt/ros2_ws/install/uf_interfaces/include/uf_interfaces/uf_interfaces/msg/rosidl_typesupport_fastrtps_c__visibility_control.h
[3.008s] -- Up-to-date: /home/wyatt/ros2_ws/install/uf_interfaces/include/uf_interfaces/uf_interfaces/msg/detail
[3.008s] -- Up-to-date: /home/wyatt/ros2_ws/install/uf_interfaces/include/uf_interfaces/uf_interfaces/msg/detail/position__rosidl_typesupport_fastrtps_c.h
[3.009s] -- Up-to-date: /home/wyatt/ros2_ws/install/uf_interfaces/lib/libuf_interfaces__rosidl_typesupport_fastrtps_c.so
[3.010s] -- Up-to-date: /home/wyatt/ros2_ws/install/uf_interfaces/include/uf_interfaces/uf_interfaces
[3.010s] -- Up-to-date: /home/wyatt/ros2_ws/install/uf_interfaces/include/uf_interfaces/uf_interfaces/action
[3.010s] -- Up-to-date: /home/wyatt/ros2_ws/install/uf_interfaces/include/uf_interfaces/uf_interfaces/action/herd.hpp
[3.010s] -- Up-to-date: /home/wyatt/ros2_ws/install/uf_interfaces/include/uf_interfaces/uf_interfaces/action/defend.hpp
[3.010s] -- Up-to-date: /home/wyatt/ros2_ws/install/uf_interfaces/include/uf_interfaces/uf_interfaces/action/detail
[3.011s] -- Up-to-date: /home/wyatt/ros2_ws/install/uf_interfaces/include/uf_interfaces/uf_interfaces/action/detail/herd__builder.hpp
[3.011s] -- Up-to-date: /home/wyatt/ros2_ws/install/uf_interfaces/include/uf_interfaces/uf_interfaces/action/detail/defend__traits.hpp
[3.012s] -- Up-to-date: /home/wyatt/ros2_ws/install/uf_interfaces/include/uf_interfaces/uf_interfaces/action/detail/defend__struct.hpp
[3.012s] -- Up-to-date: /home/wyatt/ros2_ws/install/uf_interfaces/include/uf_interfaces/uf_interfaces/action/detail/herd__traits.hpp
[3.012s] -- Up-to-date: /home/wyatt/ros2_ws/install/uf_interfaces/include/uf_interfaces/uf_interfaces/action/detail/herd__struct.hpp
[3.013s] -- Up-to-date: /home/wyatt/ros2_ws/install/uf_interfaces/include/uf_interfaces/uf_interfaces/action/detail/defend__builder.hpp
[3.013s] -- Up-to-date: /home/wyatt/ros2_ws/install/uf_interfaces/include/uf_interfaces/uf_interfaces/srv
[3.013s] -- Up-to-date: /home/wyatt/ros2_ws/install/uf_interfaces/include/uf_interfaces/uf_interfaces/srv/task_assign.hpp
[3.013s] -- Up-to-date: /home/wyatt/ros2_ws/install/uf_interfaces/include/uf_interfaces/uf_interfaces/srv/geo_conv.hpp
[3.014s] -- Up-to-date: /home/wyatt/ros2_ws/install/uf_interfaces/include/uf_interfaces/uf_interfaces/srv/detail
[3.014s] -- Up-to-date: /home/wyatt/ros2_ws/install/uf_interfaces/include/uf_interfaces/uf_interfaces/srv/detail/task_assign__traits.hpp
[3.014s] -- Up-to-date: /home/wyatt/ros2_ws/install/uf_interfaces/include/uf_interfaces/uf_interfaces/srv/detail/geo_conv__struct.hpp
[3.015s] -- Up-to-date: /home/wyatt/ros2_ws/install/uf_interfaces/include/uf_interfaces/uf_interfaces/srv/detail/task_assign__struct.hpp
[3.015s] -- Up-to-date: /home/wyatt/ros2_ws/install/uf_interfaces/include/uf_interfaces/uf_interfaces/srv/detail/task_assign__builder.hpp
[3.015s] -- Up-to-date: /home/wyatt/ros2_ws/install/uf_interfaces/include/uf_interfaces/uf_interfaces/srv/detail/geo_conv__traits.hpp
[3.016s] -- Up-to-date: /home/wyatt/ros2_ws/install/uf_interfaces/include/uf_interfaces/uf_interfaces/srv/detail/geo_conv__builder.hpp
[3.016s] -- Up-to-date: /home/wyatt/ros2_ws/install/uf_interfaces/include/uf_interfaces/uf_interfaces/msg
[3.016s] -- Up-to-date: /home/wyatt/ros2_ws/install/uf_interfaces/include/uf_interfaces/uf_interfaces/msg/position.hpp
[3.017s] -- Up-to-date: /home/wyatt/ros2_ws/install/uf_interfaces/include/uf_interfaces/uf_interfaces/msg/detail
[3.017s] -- Up-to-date: /home/wyatt/ros2_ws/install/uf_interfaces/include/uf_interfaces/uf_interfaces/msg/detail/position__struct.hpp
[3.017s] -- Up-to-date: /home/wyatt/ros2_ws/install/uf_interfaces/include/uf_interfaces/uf_interfaces/msg/detail/position__builder.hpp
[3.017s] -- Up-to-date: /home/wyatt/ros2_ws/install/uf_interfaces/include/uf_interfaces/uf_interfaces/msg/detail/position__traits.hpp
[3.017s] -- Up-to-date: /home/wyatt/ros2_ws/install/uf_interfaces/include/uf_interfaces/uf_interfaces
[3.018s] -- Up-to-date: /home/wyatt/ros2_ws/install/uf_interfaces/include/uf_interfaces/uf_interfaces/action
[3.018s] -- Up-to-date: /home/wyatt/ros2_ws/install/uf_interfaces/include/uf_interfaces/uf_interfaces/action/detail
[3.018s] -- Up-to-date: /home/wyatt/ros2_ws/install/uf_interfaces/include/uf_interfaces/uf_interfaces/action/detail/herd__rosidl_typesupport_fastrtps_cpp.hpp
[3.018s] -- Up-to-date: /home/wyatt/ros2_ws/install/uf_interfaces/include/uf_interfaces/uf_interfaces/action/detail/defend__rosidl_typesupport_fastrtps_cpp.hpp
[3.019s] -- Up-to-date: /home/wyatt/ros2_ws/install/uf_interfaces/include/uf_interfaces/uf_interfaces/action/detail/dds_fastrtps
[3.019s] -- Up-to-date: /home/wyatt/ros2_ws/install/uf_interfaces/include/uf_interfaces/uf_interfaces/srv
[3.019s] -- Up-to-date: /home/wyatt/ros2_ws/install/uf_interfaces/include/uf_interfaces/uf_interfaces/srv/detail
[3.031s] -- Up-to-date: /home/wyatt/ros2_ws/install/uf_interfaces/include/uf_interfaces/uf_interfaces/srv/detail/task_assign__rosidl_typesupport_fastrtps_cpp.hpp
[3.031s] -- Up-to-date: /home/wyatt/ros2_ws/install/uf_interfaces/include/uf_interfaces/uf_interfaces/srv/detail/geo_conv__rosidl_typesupport_fastrtps_cpp.hpp
[3.031s] -- Up-to-date: /home/wyatt/ros2_ws/install/uf_interfaces/include/uf_interfaces/uf_interfaces/srv/detail/dds_fastrtps
[3.031s] -- Up-to-date: /home/wyatt/ros2_ws/install/uf_interfaces/include/uf_interfaces/uf_interfaces/msg
[3.032s] -- Up-to-date: /home/wyatt/ros2_ws/install/uf_interfaces/include/uf_interfaces/uf_interfaces/msg/rosidl_typesupport_fastrtps_cpp__visibility_control.h
[3.032s] -- Up-to-date: /home/wyatt/ros2_ws/install/uf_interfaces/include/uf_interfaces/uf_interfaces/msg/detail
[3.032s] -- Up-to-date: /home/wyatt/ros2_ws/install/uf_interfaces/include/uf_interfaces/uf_interfaces/msg/detail/position__rosidl_typesupport_fastrtps_cpp.hpp
[3.032s] -- Up-to-date: /home/wyatt/ros2_ws/install/uf_interfaces/include/uf_interfaces/uf_interfaces/msg/detail/dds_fastrtps
[3.033s] -- Up-to-date: /home/wyatt/ros2_ws/install/uf_interfaces/lib/libuf_interfaces__rosidl_typesupport_fastrtps_cpp.so
[3.033s] -- Up-to-date: /home/wyatt/ros2_ws/install/uf_interfaces/include/uf_interfaces/uf_interfaces
[3.033s] -- Up-to-date: /home/wyatt/ros2_ws/install/uf_interfaces/include/uf_interfaces/uf_interfaces/action
[3.033s] -- Up-to-date: /home/wyatt/ros2_ws/install/uf_interfaces/include/uf_interfaces/uf_interfaces/action/detail
[3.033s] -- Up-to-date: /home/wyatt/ros2_ws/install/uf_interfaces/include/uf_interfaces/uf_interfaces/action/detail/defend__rosidl_typesupport_introspection_c.h
[3.034s] -- Up-to-date: /home/wyatt/ros2_ws/install/uf_interfaces/include/uf_interfaces/uf_interfaces/action/detail/herd__rosidl_typesupport_introspection_c.h
[3.034s] -- Up-to-date: /home/wyatt/ros2_ws/install/uf_interfaces/include/uf_interfaces/uf_interfaces/action/detail/defend__type_support.c
[3.034s] -- Up-to-date: /home/wyatt/ros2_ws/install/uf_interfaces/include/uf_interfaces/uf_interfaces/action/detail/herd__type_support.c
[3.034s] -- Up-to-date: /home/wyatt/ros2_ws/install/uf_interfaces/include/uf_interfaces/uf_interfaces/srv
[3.034s] -- Up-to-date: /home/wyatt/ros2_ws/install/uf_interfaces/include/uf_interfaces/uf_interfaces/srv/detail
[3.036s] -- Up-to-date: /home/wyatt/ros2_ws/install/uf_interfaces/include/uf_interfaces/uf_interfaces/srv/detail/task_assign__type_support.c
[3.036s] -- Up-to-date: /home/wyatt/ros2_ws/install/uf_interfaces/include/uf_interfaces/uf_interfaces/srv/detail/geo_conv__type_support.c
[3.037s] -- Up-to-date: /home/wyatt/ros2_ws/install/uf_interfaces/include/uf_interfaces/uf_interfaces/srv/detail/task_assign__rosidl_typesupport_introspection_c.h
[3.037s] -- Up-to-date: /home/wyatt/ros2_ws/install/uf_interfaces/include/uf_interfaces/uf_interfaces/srv/detail/geo_conv__rosidl_typesupport_introspection_c.h
[3.037s] -- Up-to-date: /home/wyatt/ros2_ws/install/uf_interfaces/include/uf_interfaces/uf_interfaces/msg
[3.037s] -- Up-to-date: /home/wyatt/ros2_ws/install/uf_interfaces/include/uf_interfaces/uf_interfaces/msg/rosidl_typesupport_introspection_c__visibility_control.h
[3.037s] -- Up-to-date: /home/wyatt/ros2_ws/install/uf_interfaces/include/uf_interfaces/uf_interfaces/msg/detail
[3.038s] -- Up-to-date: /home/wyatt/ros2_ws/install/uf_interfaces/include/uf_interfaces/uf_interfaces/msg/detail/position__rosidl_typesupport_introspection_c.h
[3.038s] -- Up-to-date: /home/wyatt/ros2_ws/install/uf_interfaces/include/uf_interfaces/uf_interfaces/msg/detail/position__type_support.c
[3.038s] -- Up-to-date: /home/wyatt/ros2_ws/install/uf_interfaces/lib/libuf_interfaces__rosidl_typesupport_introspection_c.so
[3.038s] -- Up-to-date: /home/wyatt/ros2_ws/install/uf_interfaces/lib/libuf_interfaces__rosidl_typesupport_c.so
[3.039s] -- Up-to-date: /home/wyatt/ros2_ws/install/uf_interfaces/include/uf_interfaces/uf_interfaces
[3.039s] -- Up-to-date: /home/wyatt/ros2_ws/install/uf_interfaces/include/uf_interfaces/uf_interfaces/action
[3.039s] -- Up-to-date: /home/wyatt/ros2_ws/install/uf_interfaces/include/uf_interfaces/uf_interfaces/action/detail
[3.039s] -- Up-to-date: /home/wyatt/ros2_ws/install/uf_interfaces/include/uf_interfaces/uf_interfaces/action/detail/herd__rosidl_typesupport_introspection_cpp.hpp
[3.039s] -- Up-to-date: /home/wyatt/ros2_ws/install/uf_interfaces/include/uf_interfaces/uf_interfaces/action/detail/defend__rosidl_typesupport_introspection_cpp.hpp
[3.040s] -- Up-to-date: /home/wyatt/ros2_ws/install/uf_interfaces/include/uf_interfaces/uf_interfaces/action/detail/herd__type_support.cpp
[3.040s] -- Up-to-date: /home/wyatt/ros2_ws/install/uf_interfaces/include/uf_interfaces/uf_interfaces/action/detail/defend__type_support.cpp
[3.040s] -- Up-to-date: /home/wyatt/ros2_ws/install/uf_interfaces/include/uf_interfaces/uf_interfaces/srv
[3.040s] -- Up-to-date: /home/wyatt/ros2_ws/install/uf_interfaces/include/uf_interfaces/uf_interfaces/srv/detail
[3.040s] -- Up-to-date: /home/wyatt/ros2_ws/install/uf_interfaces/include/uf_interfaces/uf_interfaces/srv/detail/task_assign__rosidl_typesupport_introspection_cpp.hpp
[3.041s] -- Up-to-date: /home/wyatt/ros2_ws/install/uf_interfaces/include/uf_interfaces/uf_interfaces/srv/detail/task_assign__type_support.cpp
[3.041s] -- Up-to-date: /home/wyatt/ros2_ws/install/uf_interfaces/include/uf_interfaces/uf_interfaces/srv/detail/geo_conv__type_support.cpp
[3.041s] -- Up-to-date: /home/wyatt/ros2_ws/install/uf_interfaces/include/uf_interfaces/uf_interfaces/srv/detail/geo_conv__rosidl_typesupport_introspection_cpp.hpp
[3.041s] -- Up-to-date: /home/wyatt/ros2_ws/install/uf_interfaces/include/uf_interfaces/uf_interfaces/msg
[3.041s] -- Up-to-date: /home/wyatt/ros2_ws/install/uf_interfaces/include/uf_interfaces/uf_interfaces/msg/detail
[3.042s] -- Up-to-date: /home/wyatt/ros2_ws/install/uf_interfaces/include/uf_interfaces/uf_interfaces/msg/detail/position__rosidl_typesupport_introspection_cpp.hpp
[3.042s] -- Up-to-date: /home/wyatt/ros2_ws/install/uf_interfaces/include/uf_interfaces/uf_interfaces/msg/detail/position__type_support.cpp
[3.042s] -- Up-to-date: /home/wyatt/ros2_ws/install/uf_interfaces/lib/libuf_interfaces__rosidl_typesupport_introspection_cpp.so
[3.042s] -- Up-to-date: /home/wyatt/ros2_ws/install/uf_interfaces/lib/libuf_interfaces__rosidl_typesupport_cpp.so
[3.042s] -- Up-to-date: /home/wyatt/ros2_ws/install/uf_interfaces/share/uf_interfaces/environment/pythonpath.sh
[3.043s] -- Up-to-date: /home/wyatt/ros2_ws/install/uf_interfaces/share/uf_interfaces/environment/pythonpath.dsv
[3.043s] -- Up-to-date: /home/wyatt/ros2_ws/install/uf_interfaces/local/lib/python3.10/dist-packages/uf_interfaces-0.0.0-py3.10.egg-info
[3.043s] -- Installing: /home/wyatt/ros2_ws/install/uf_interfaces/local/lib/python3.10/dist-packages/uf_interfaces-0.0.0-py3.10.egg-info/SOURCES.txt
[3.043s] -- Installing: /home/wyatt/ros2_ws/install/uf_interfaces/local/lib/python3.10/dist-packages/uf_interfaces-0.0.0-py3.10.egg-info/PKG-INFO
[3.044s] -- Installing: /home/wyatt/ros2_ws/install/uf_interfaces/local/lib/python3.10/dist-packages/uf_interfaces-0.0.0-py3.10.egg-info/top_level.txt
[3.044s] -- Installing: /home/wyatt/ros2_ws/install/uf_interfaces/local/lib/python3.10/dist-packages/uf_interfaces-0.0.0-py3.10.egg-info/dependency_links.txt
[3.044s] -- Up-to-date: /home/wyatt/ros2_ws/install/uf_interfaces/local/lib/python3.10/dist-packages/uf_interfaces
[3.044s] -- Up-to-date: /home/wyatt/ros2_ws/install/uf_interfaces/local/lib/python3.10/dist-packages/uf_interfaces/_uf_interfaces_s.ep.rosidl_typesupport_c.c
[3.044s] -- Up-to-date: /home/wyatt/ros2_ws/install/uf_interfaces/local/lib/python3.10/dist-packages/uf_interfaces/_uf_interfaces_s.ep.rosidl_typesupport_introspection_c.c
[3.045s] -- Up-to-date: /home/wyatt/ros2_ws/install/uf_interfaces/local/lib/python3.10/dist-packages/uf_interfaces/libuf_interfaces__rosidl_generator_py.so
[3.045s] -- Up-to-date: /home/wyatt/ros2_ws/install/uf_interfaces/local/lib/python3.10/dist-packages/uf_interfaces/__init__.py
[3.045s] -- Up-to-date: /home/wyatt/ros2_ws/install/uf_interfaces/local/lib/python3.10/dist-packages/uf_interfaces/action
[3.045s] -- Up-to-date: /home/wyatt/ros2_ws/install/uf_interfaces/local/lib/python3.10/dist-packages/uf_interfaces/action/_herd_s.c
[3.045s] -- Up-to-date: /home/wyatt/ros2_ws/install/uf_interfaces/local/lib/python3.10/dist-packages/uf_interfaces/action/_defend.py
[3.058s] -- Up-to-date: /home/wyatt/ros2_ws/install/uf_interfaces/local/lib/python3.10/dist-packages/uf_interfaces/action/__init__.py
[3.058s] -- Up-to-date: /home/wyatt/ros2_ws/install/uf_interfaces/local/lib/python3.10/dist-packages/uf_interfaces/action/_herd.py
[3.059s] -- Up-to-date: /home/wyatt/ros2_ws/install/uf_interfaces/local/lib/python3.10/dist-packages/uf_interfaces/action/_defend_s.c
[3.059s] -- Up-to-date: /home/wyatt/ros2_ws/install/uf_interfaces/local/lib/python3.10/dist-packages/uf_interfaces/uf_interfaces_s__rosidl_typesupport_c.cpython-310-x86_64-linux-gnu.so
[3.059s] -- Up-to-date: /home/wyatt/ros2_ws/install/uf_interfaces/local/lib/python3.10/dist-packages/uf_interfaces/uf_interfaces_s__rosidl_typesupport_fastrtps_c.cpython-310-x86_64-linux-gnu.so
[3.059s] -- Up-to-date: /home/wyatt/ros2_ws/install/uf_interfaces/local/lib/python3.10/dist-packages/uf_interfaces/srv
[3.059s] -- Up-to-date: /home/wyatt/ros2_ws/install/uf_interfaces/local/lib/python3.10/dist-packages/uf_interfaces/srv/__init__.py
[3.060s] -- Up-to-date: /home/wyatt/ros2_ws/install/uf_interfaces/local/lib/python3.10/dist-packages/uf_interfaces/srv/_task_assign_s.c
[3.060s] -- Up-to-date: /home/wyatt/ros2_ws/install/uf_interfaces/local/lib/python3.10/dist-packages/uf_interfaces/srv/_geo_conv_s.c
[3.060s] -- Up-to-date: /home/wyatt/ros2_ws/install/uf_interfaces/local/lib/python3.10/dist-packages/uf_interfaces/srv/_task_assign.py
[3.060s] -- Up-to-date: /home/wyatt/ros2_ws/install/uf_interfaces/local/lib/python3.10/dist-packages/uf_interfaces/srv/_geo_conv.py
[3.061s] -- Up-to-date: /home/wyatt/ros2_ws/install/uf_interfaces/local/lib/python3.10/dist-packages/uf_interfaces/_uf_interfaces_s.ep.rosidl_typesupport_fastrtps_c.c
[3.061s] -- Up-to-date: /home/wyatt/ros2_ws/install/uf_interfaces/local/lib/python3.10/dist-packages/uf_interfaces/msg
[3.061s] -- Up-to-date: /home/wyatt/ros2_ws/install/uf_interfaces/local/lib/python3.10/dist-packages/uf_interfaces/msg/__init__.py
[3.061s] -- Up-to-date: /home/wyatt/ros2_ws/install/uf_interfaces/local/lib/python3.10/dist-packages/uf_interfaces/msg/_position.py
[3.061s] -- Up-to-date: /home/wyatt/ros2_ws/install/uf_interfaces/local/lib/python3.10/dist-packages/uf_interfaces/msg/_position_s.c
[3.062s] -- Up-to-date: /home/wyatt/ros2_ws/install/uf_interfaces/local/lib/python3.10/dist-packages/uf_interfaces/uf_interfaces_s__rosidl_typesupport_introspection_c.cpython-310-x86_64-linux-gnu.so
[3.155s] Listing '/home/wyatt/ros2_ws/install/uf_interfaces/local/lib/python3.10/dist-packages/uf_interfaces'...
[3.155s] Listing '/home/wyatt/ros2_ws/install/uf_interfaces/local/lib/python3.10/dist-packages/uf_interfaces/action'...
[3.156s] Listing '/home/wyatt/ros2_ws/install/uf_interfaces/local/lib/python3.10/dist-packages/uf_interfaces/msg'...
[3.156s] Listing '/home/wyatt/ros2_ws/install/uf_interfaces/local/lib/python3.10/dist-packages/uf_interfaces/srv'...
[3.169s] -- Up-to-date: /home/wyatt/ros2_ws/install/uf_interfaces/local/lib/python3.10/dist-packages/uf_interfaces/uf_interfaces_s__rosidl_typesupport_fastrtps_c.cpython-310-x86_64-linux-gnu.so
[3.169s] -- Up-to-date: /home/wyatt/ros2_ws/install/uf_interfaces/local/lib/python3.10/dist-packages/uf_interfaces/uf_interfaces_s__rosidl_typesupport_introspection_c.cpython-310-x86_64-linux-gnu.so
[3.170s] -- Up-to-date: /home/wyatt/ros2_ws/install/uf_interfaces/local/lib/python3.10/dist-packages/uf_interfaces/uf_interfaces_s__rosidl_typesupport_c.cpython-310-x86_64-linux-gnu.so
[3.171s] -- Up-to-date: /home/wyatt/ros2_ws/install/uf_interfaces/lib/libuf_interfaces__rosidl_generator_py.so
[3.172s] -- Up-to-date: /home/wyatt/ros2_ws/install/uf_interfaces/share/uf_interfaces/action/Defend.idl
[3.173s] -- Up-to-date: /home/wyatt/ros2_ws/install/uf_interfaces/share/uf_interfaces/action/Herd.idl
[3.173s] -- Up-to-date: /home/wyatt/ros2_ws/install/uf_interfaces/share/uf_interfaces/msg/Position.idl
[3.174s] -- Up-to-date: /home/wyatt/ros2_ws/install/uf_interfaces/share/uf_interfaces/srv/TaskAssign.idl
[3.174s] -- Up-to-date: /home/wyatt/ros2_ws/install/uf_interfaces/share/uf_interfaces/srv/GeoConv.idl
[3.174s] -- Up-to-date: /home/wyatt/ros2_ws/install/uf_interfaces/share/uf_interfaces/action/Defend.action
[3.175s] -- Up-to-date: /home/wyatt/ros2_ws/install/uf_interfaces/share/uf_interfaces/action/Herd.action
[3.176s] -- Up-to-date: /home/wyatt/ros2_ws/install/uf_interfaces/share/uf_interfaces/msg/Position.msg
[3.176s] -- Up-to-date: /home/wyatt/ros2_ws/install/uf_interfaces/share/uf_interfaces/srv/TaskAssign.srv
[3.177s] -- Up-to-date: /home/wyatt/ros2_ws/install/uf_interfaces/share/uf_interfaces/srv/TaskAssign_Request.msg
[3.178s] -- Up-to-date: /home/wyatt/ros2_ws/install/uf_interfaces/share/uf_interfaces/srv/TaskAssign_Response.msg
[3.178s] -- Up-to-date: /home/wyatt/ros2_ws/install/uf_interfaces/share/uf_interfaces/srv/GeoConv.srv
[3.179s] -- Up-to-date: /home/wyatt/ros2_ws/install/uf_interfaces/share/uf_interfaces/srv/GeoConv_Request.msg
[3.179s] -- Up-to-date: /home/wyatt/ros2_ws/install/uf_interfaces/share/uf_interfaces/srv/GeoConv_Response.msg
[3.180s] -- Up-to-date: /home/wyatt/ros2_ws/install/uf_interfaces/share/ament_index/resource_index/package_run_dependencies/uf_interfaces
[3.180s] -- Up-to-date: /home/wyatt/ros2_ws/install/uf_interfaces/share/ament_index/resource_index/parent_prefix_path/uf_interfaces
[3.181s] -- Up-to-date: /home/wyatt/ros2_ws/install/uf_interfaces/share/uf_interfaces/environment/ament_prefix_path.sh
[3.181s] -- Up-to-date: /home/wyatt/ros2_ws/install/uf_interfaces/share/uf_interfaces/environment/ament_prefix_path.dsv
[3.181s] -- Up-to-date: /home/wyatt/ros2_ws/install/uf_interfaces/share/uf_interfaces/environment/path.sh
[3.182s] -- Up-to-date: /home/wyatt/ros2_ws/install/uf_interfaces/share/uf_interfaces/environment/path.dsv
[3.182s] -- Up-to-date: /home/wyatt/ros2_ws/install/uf_interfaces/share/uf_interfaces/local_setup.bash
[3.183s] -- Up-to-date: /home/wyatt/ros2_ws/install/uf_interfaces/share/uf_interfaces/local_setup.sh
[3.184s] -- Up-to-date: /home/wyatt/ros2_ws/install/uf_interfaces/share/uf_interfaces/local_setup.zsh
[3.184s] -- Up-to-date: /home/wyatt/ros2_ws/install/uf_interfaces/share/uf_interfaces/local_setup.dsv
[3.185s] -- Installing: /home/wyatt/ros2_ws/install/uf_interfaces/share/uf_interfaces/package.dsv
[3.185s] -- Up-to-date: /home/wyatt/ros2_ws/install/uf_interfaces/share/ament_index/resource_index/packages/uf_interfaces
[3.186s] -- Up-to-date: /home/wyatt/ros2_ws/install/uf_interfaces/share/uf_interfaces/cmake/export_uf_interfaces__rosidl_generator_cExport.cmake
[3.187s] -- Up-to-date: /home/wyatt/ros2_ws/install/uf_interfaces/share/uf_interfaces/cmake/export_uf_interfaces__rosidl_generator_cExport-noconfig.cmake
[3.187s] -- Up-to-date: /home/wyatt/ros2_ws/install/uf_interfaces/share/uf_interfaces/cmake/export_uf_interfaces__rosidl_typesupport_fastrtps_cExport.cmake
[3.188s] -- Up-to-date: /home/wyatt/ros2_ws/install/uf_interfaces/share/uf_interfaces/cmake/export_uf_interfaces__rosidl_typesupport_fastrtps_cExport-noconfig.cmake
[3.188s] -- Up-to-date: /home/wyatt/ros2_ws/install/uf_interfaces/share/uf_interfaces/cmake/export_uf_interfaces__rosidl_generator_cppExport.cmake
[3.189s] -- Up-to-date: /home/wyatt/ros2_ws/install/uf_interfaces/share/uf_interfaces/cmake/export_uf_interfaces__rosidl_typesupport_fastrtps_cppExport.cmake
[3.189s] -- Up-to-date: /home/wyatt/ros2_ws/install/uf_interfaces/share/uf_interfaces/cmake/export_uf_interfaces__rosidl_typesupport_fastrtps_cppExport-noconfig.cmake
[3.190s] -- Up-to-date: /home/wyatt/ros2_ws/install/uf_interfaces/share/uf_interfaces/cmake/uf_interfaces__rosidl_typesupport_introspection_cExport.cmake
[3.190s] -- Up-to-date: /home/wyatt/ros2_ws/install/uf_interfaces/share/uf_interfaces/cmake/uf_interfaces__rosidl_typesupport_introspection_cExport-noconfig.cmake
[3.191s] -- Up-to-date: /home/wyatt/ros2_ws/install/uf_interfaces/share/uf_interfaces/cmake/uf_interfaces__rosidl_typesupport_cExport.cmake
[3.192s] -- Up-to-date: /home/wyatt/ros2_ws/install/uf_interfaces/share/uf_interfaces/cmake/uf_interfaces__rosidl_typesupport_cExport-noconfig.cmake
[3.192s] -- Up-to-date: /home/wyatt/ros2_ws/install/uf_interfaces/share/uf_interfaces/cmake/uf_interfaces__rosidl_typesupport_introspection_cppExport.cmake
[3.192s] -- Up-to-date: /home/wyatt/ros2_ws/install/uf_interfaces/share/uf_interfaces/cmake/uf_interfaces__rosidl_typesupport_introspection_cppExport-noconfig.cmake
[3.193s] -- Up-to-date: /home/wyatt/ros2_ws/install/uf_interfaces/share/uf_interfaces/cmake/uf_interfaces__rosidl_typesupport_cppExport.cmake
[3.194s] -- Up-to-date: /home/wyatt/ros2_ws/install/uf_interfaces/share/uf_interfaces/cmake/uf_interfaces__rosidl_typesupport_cppExport-noconfig.cmake
[3.194s] -- Up-to-date: /home/wyatt/ros2_ws/install/uf_interfaces/share/uf_interfaces/cmake/export_uf_interfaces__rosidl_generator_pyExport.cmake
[3.194s] -- Up-to-date: /home/wyatt/ros2_ws/install/uf_interfaces/share/uf_interfaces/cmake/export_uf_interfaces__rosidl_generator_pyExport-noconfig.cmake
[3.197s] -- Up-to-date: /home/wyatt/ros2_ws/install/uf_interfaces/share/uf_interfaces/cmake/rosidl_cmake-extras.cmake
[3.197s] -- Up-to-date: /home/wyatt/ros2_ws/install/uf_interfaces/share/uf_interfaces/cmake/ament_cmake_export_dependencies-extras.cmake
[3.197s] -- Up-to-date: /home/wyatt/ros2_ws/install/uf_interfaces/share/uf_interfaces/cmake/ament_cmake_export_include_directories-extras.cmake
[3.198s] -- Up-to-date: /home/wyatt/ros2_ws/install/uf_interfaces/share/uf_interfaces/cmake/ament_cmake_export_libraries-extras.cmake
[3.198s] -- Up-to-date: /home/wyatt/ros2_ws/install/uf_interfaces/share/uf_interfaces/cmake/ament_cmake_export_targets-extras.cmake
[3.198s] -- Up-to-date: /home/wyatt/ros2_ws/install/uf_interfaces/share/uf_interfaces/cmake/rosidl_cmake_export_typesupport_targets-extras.cmake
[3.198s] -- Up-to-date: /home/wyatt/ros2_ws/install/uf_interfaces/share/uf_interfaces/cmake/rosidl_cmake_export_typesupport_libraries-extras.cmake
[3.215s] -- Up-to-date: /home/wyatt/ros2_ws/install/uf_interfaces/share/uf_interfaces/cmake/uf_interfacesConfig.cmake
[3.215s] -- Up-to-date: /home/wyatt/ros2_ws/install/uf_interfaces/share/uf_interfaces/cmake/uf_interfacesConfig-version.cmake
[3.215s] -- Up-to-date: /home/wyatt/ros2_ws/install/uf_interfaces/share/uf_interfaces/package.xml
[3.216s] Invoked command in '/home/wyatt/ros2_ws/build/uf_interfaces' returned '0': CMAKE_PREFIX_PATH=${CMAKE_PREFIX_PATH}:/home/wyatt/ros2_ws/install/wind_speed_package:/home/wyatt/ros2_ws/install/vehicle_position_checker:/home/wyatt/ros2_ws/install/herding_v1_package:/home/wyatt/ros2_ws/install/estop_button:/opt/ros/humble /usr/bin/cmake --install /home/wyatt/ros2_ws/build/uf_interfaces
