[0.852s] DEBUG:colcon:Command line arguments: ['/usr/bin/colcon', 'build']
[0.852s] DEBUG:colcon:Parsed command line arguments: Namespace(log_base=None, log_level=None, verb_name='build', build_base='build', install_base='install', merge_install=False, symlink_install=False, test_result_base=None, continue_on_error=False, executor='parallel', parallel_workers=8, event_handlers=None, ignore_user_meta=False, metas=['./colcon.meta'], base_paths=['.'], packages_ignore=None, packages_ignore_regex=None, paths=None, packages_up_to=None, packages_up_to_regex=None, packages_above=None, packages_above_and_dependencies=None, packages_above_depth=None, packages_select_by_dep=None, packages_skip_by_dep=None, packages_skip_up_to=None, packages_select_build_failed=False, packages_skip_build_finished=False, packages_select_test_failures=False, packages_skip_test_passed=False, packages_select=None, packages_skip=None, packages_select_regex=None, packages_skip_regex=None, packages_start=None, packages_end=None, allow_overriding=[], cmake_args=None, cmake_target=None, cmake_target_skip_unavailable=False, cmake_clean_cache=False, cmake_clean_first=False, cmake_force_configure=False, ament_cmake_args=None, catkin_cmake_args=None, catkin_skip_building_tests=False, verb_parser=<colcon_defaults.argument_parser.defaults.DefaultArgumentsDecorator object at 0x7f7a2b6c4eb0>, verb_extension=<colcon_core.verb.build.BuildVerb object at 0x7f7a2b6c5150>, main=<bound method BuildVerb.main of <colcon_core.verb.build.BuildVerb object at 0x7f7a2b6c5150>>)
[0.915s] Level 1:colcon.colcon_core.package_discovery:discover_packages(colcon_meta) check parameters
[0.915s] Level 1:colcon.colcon_core.package_discovery:discover_packages(recursive) check parameters
[0.915s] Level 1:colcon.colcon_core.package_discovery:discover_packages(ignore) check parameters
[0.915s] Level 1:colcon.colcon_core.package_discovery:discover_packages(path) check parameters
[0.915s] Level 1:colcon.colcon_core.package_discovery:discover_packages(colcon_meta) discover
[0.915s] Level 1:colcon.colcon_core.package_discovery:discover_packages(recursive) discover
[0.915s] INFO:colcon.colcon_core.package_discovery:Crawling recursively for packages in '/home/wyatt/git_ros2/ros2_ws'
[0.915s] Level 1:colcon.colcon_core.package_identification:_identify(.) by extensions ['ignore', 'ignore_ament_install']
[0.915s] Level 1:colcon.colcon_core.package_identification:_identify(.) by extension 'ignore'
[0.915s] Level 1:colcon.colcon_core.package_identification:_identify(.) by extension 'ignore_ament_install'
[0.915s] Level 1:colcon.colcon_core.package_identification:_identify(.) by extensions ['colcon_pkg']
[0.915s] Level 1:colcon.colcon_core.package_identification:_identify(.) by extension 'colcon_pkg'
[0.915s] Level 1:colcon.colcon_core.package_identification:_identify(.) by extensions ['colcon_meta']
[0.915s] Level 1:colcon.colcon_core.package_identification:_identify(.) by extension 'colcon_meta'
[0.915s] Level 1:colcon.colcon_core.package_identification:_identify(.) by extensions ['ros']
[0.915s] Level 1:colcon.colcon_core.package_identification:_identify(.) by extension 'ros'
[0.929s] Level 1:colcon.colcon_core.package_identification:_identify(.) by extensions ['cmake', 'python']
[0.929s] Level 1:colcon.colcon_core.package_identification:_identify(.) by extension 'cmake'
[0.929s] Level 1:colcon.colcon_core.package_identification:_identify(.) by extension 'python'
[0.929s] Level 1:colcon.colcon_core.package_identification:_identify(.) by extensions ['python_setup_py']
[0.929s] Level 1:colcon.colcon_core.package_identification:_identify(.) by extension 'python_setup_py'
[0.929s] Level 1:colcon.colcon_core.package_identification:_identify(a_NO-DELETE-Simulation_2024-02-25_13-50-01) by extensions ['ignore', 'ignore_ament_install']
[0.929s] Level 1:colcon.colcon_core.package_identification:_identify(a_NO-DELETE-Simulation_2024-02-25_13-50-01) by extension 'ignore'
[0.929s] Level 1:colcon.colcon_core.package_identification:_identify(a_NO-DELETE-Simulation_2024-02-25_13-50-01) by extension 'ignore_ament_install'
[0.929s] Level 1:colcon.colcon_core.package_identification:_identify(a_NO-DELETE-Simulation_2024-02-25_13-50-01) by extensions ['colcon_pkg']
[0.929s] Level 1:colcon.colcon_core.package_identification:_identify(a_NO-DELETE-Simulation_2024-02-25_13-50-01) by extension 'colcon_pkg'
[0.929s] Level 1:colcon.colcon_core.package_identification:_identify(a_NO-DELETE-Simulation_2024-02-25_13-50-01) by extensions ['colcon_meta']
[0.929s] Level 1:colcon.colcon_core.package_identification:_identify(a_NO-DELETE-Simulation_2024-02-25_13-50-01) by extension 'colcon_meta'
[0.929s] Level 1:colcon.colcon_core.package_identification:_identify(a_NO-DELETE-Simulation_2024-02-25_13-50-01) by extensions ['ros']
[0.929s] Level 1:colcon.colcon_core.package_identification:_identify(a_NO-DELETE-Simulation_2024-02-25_13-50-01) by extension 'ros'
[0.929s] Level 1:colcon.colcon_core.package_identification:_identify(a_NO-DELETE-Simulation_2024-02-25_13-50-01) by extensions ['cmake', 'python']
[0.929s] Level 1:colcon.colcon_core.package_identification:_identify(a_NO-DELETE-Simulation_2024-02-25_13-50-01) by extension 'cmake'
[0.929s] Level 1:colcon.colcon_core.package_identification:_identify(a_NO-DELETE-Simulation_2024-02-25_13-50-01) by extension 'python'
[0.929s] Level 1:colcon.colcon_core.package_identification:_identify(a_NO-DELETE-Simulation_2024-02-25_13-50-01) by extensions ['python_setup_py']
[0.929s] Level 1:colcon.colcon_core.package_identification:_identify(a_NO-DELETE-Simulation_2024-02-25_13-50-01) by extension 'python_setup_py'
[0.930s] Level 1:colcon.colcon_core.package_identification:_identify(build) by extensions ['ignore', 'ignore_ament_install']
[0.930s] Level 1:colcon.colcon_core.package_identification:_identify(build) by extension 'ignore'
[0.930s] Level 1:colcon.colcon_core.package_identification:_identify(build) ignored
[0.930s] Level 1:colcon.colcon_core.package_identification:_identify(install) by extensions ['ignore', 'ignore_ament_install']
[0.930s] Level 1:colcon.colcon_core.package_identification:_identify(install) by extension 'ignore'
[0.930s] Level 1:colcon.colcon_core.package_identification:_identify(install) ignored
[0.930s] Level 1:colcon.colcon_core.package_identification:_identify(log) by extensions ['ignore', 'ignore_ament_install']
[0.930s] Level 1:colcon.colcon_core.package_identification:_identify(log) by extension 'ignore'
[0.930s] Level 1:colcon.colcon_core.package_identification:_identify(log) ignored
[0.930s] Level 1:colcon.colcon_core.package_identification:_identify(src) by extensions ['ignore', 'ignore_ament_install']
[0.930s] Level 1:colcon.colcon_core.package_identification:_identify(src) by extension 'ignore'
[0.930s] Level 1:colcon.colcon_core.package_identification:_identify(src) by extension 'ignore_ament_install'
[0.930s] Level 1:colcon.colcon_core.package_identification:_identify(src) by extensions ['colcon_pkg']
[0.930s] Level 1:colcon.colcon_core.package_identification:_identify(src) by extension 'colcon_pkg'
[0.930s] Level 1:colcon.colcon_core.package_identification:_identify(src) by extensions ['colcon_meta']
[0.930s] Level 1:colcon.colcon_core.package_identification:_identify(src) by extension 'colcon_meta'
[0.930s] Level 1:colcon.colcon_core.package_identification:_identify(src) by extensions ['ros']
[0.930s] Level 1:colcon.colcon_core.package_identification:_identify(src) by extension 'ros'
[0.930s] Level 1:colcon.colcon_core.package_identification:_identify(src) by extensions ['cmake', 'python']
[0.930s] Level 1:colcon.colcon_core.package_identification:_identify(src) by extension 'cmake'
[0.930s] Level 1:colcon.colcon_core.package_identification:_identify(src) by extension 'python'
[0.930s] Level 1:colcon.colcon_core.package_identification:_identify(src) by extensions ['python_setup_py']
[0.930s] Level 1:colcon.colcon_core.package_identification:_identify(src) by extension 'python_setup_py'
[0.931s] Level 1:colcon.colcon_core.package_identification:_identify(src/estop_button) by extensions ['ignore', 'ignore_ament_install']
[0.931s] Level 1:colcon.colcon_core.package_identification:_identify(src/estop_button) by extension 'ignore'
[0.931s] Level 1:colcon.colcon_core.package_identification:_identify(src/estop_button) by extension 'ignore_ament_install'
[0.931s] Level 1:colcon.colcon_core.package_identification:_identify(src/estop_button) by extensions ['colcon_pkg']
[0.931s] Level 1:colcon.colcon_core.package_identification:_identify(src/estop_button) by extension 'colcon_pkg'
[0.931s] Level 1:colcon.colcon_core.package_identification:_identify(src/estop_button) by extensions ['colcon_meta']
[0.931s] Level 1:colcon.colcon_core.package_identification:_identify(src/estop_button) by extension 'colcon_meta'
[0.931s] Level 1:colcon.colcon_core.package_identification:_identify(src/estop_button) by extensions ['ros']
[0.931s] Level 1:colcon.colcon_core.package_identification:_identify(src/estop_button) by extension 'ros'
[0.934s] DEBUG:colcon.colcon_core.package_identification:Package 'src/estop_button' with type 'ros.ament_python' and name 'estop_button'
[0.934s] Level 1:colcon.colcon_core.package_identification:_identify(src/herding_v1_package) by extensions ['ignore', 'ignore_ament_install']
[0.934s] Level 1:colcon.colcon_core.package_identification:_identify(src/herding_v1_package) by extension 'ignore'
[0.934s] Level 1:colcon.colcon_core.package_identification:_identify(src/herding_v1_package) by extension 'ignore_ament_install'
[0.934s] Level 1:colcon.colcon_core.package_identification:_identify(src/herding_v1_package) by extensions ['colcon_pkg']
[0.934s] Level 1:colcon.colcon_core.package_identification:_identify(src/herding_v1_package) by extension 'colcon_pkg'
[0.934s] Level 1:colcon.colcon_core.package_identification:_identify(src/herding_v1_package) by extensions ['colcon_meta']
[0.934s] Level 1:colcon.colcon_core.package_identification:_identify(src/herding_v1_package) by extension 'colcon_meta'
[0.934s] Level 1:colcon.colcon_core.package_identification:_identify(src/herding_v1_package) by extensions ['ros']
[0.934s] Level 1:colcon.colcon_core.package_identification:_identify(src/herding_v1_package) by extension 'ros'
[0.934s] DEBUG:colcon.colcon_core.package_identification:Package 'src/herding_v1_package' with type 'ros.ament_python' and name 'herding_v1_package'
[0.935s] Level 1:colcon.colcon_core.package_identification:_identify(src/uf_interfaces) by extensions ['ignore', 'ignore_ament_install']
[0.935s] Level 1:colcon.colcon_core.package_identification:_identify(src/uf_interfaces) by extension 'ignore'
[0.935s] Level 1:colcon.colcon_core.package_identification:_identify(src/uf_interfaces) by extension 'ignore_ament_install'
[0.935s] Level 1:colcon.colcon_core.package_identification:_identify(src/uf_interfaces) by extensions ['colcon_pkg']
[0.935s] Level 1:colcon.colcon_core.package_identification:_identify(src/uf_interfaces) by extension 'colcon_pkg'
[0.935s] Level 1:colcon.colcon_core.package_identification:_identify(src/uf_interfaces) by extensions ['colcon_meta']
[0.935s] Level 1:colcon.colcon_core.package_identification:_identify(src/uf_interfaces) by extension 'colcon_meta'
[0.935s] Level 1:colcon.colcon_core.package_identification:_identify(src/uf_interfaces) by extensions ['ros']
[0.935s] Level 1:colcon.colcon_core.package_identification:_identify(src/uf_interfaces) by extension 'ros'
[0.935s] DEBUG:colcon.colcon_core.package_identification:Package 'src/uf_interfaces' with type 'ros.ament_cmake' and name 'uf_interfaces'
[0.935s] Level 1:colcon.colcon_core.package_identification:_identify(src/vehicle_position_checker) by extensions ['ignore', 'ignore_ament_install']
[0.935s] Level 1:colcon.colcon_core.package_identification:_identify(src/vehicle_position_checker) by extension 'ignore'
[0.935s] Level 1:colcon.colcon_core.package_identification:_identify(src/vehicle_position_checker) by extension 'ignore_ament_install'
[0.935s] Level 1:colcon.colcon_core.package_identification:_identify(src/vehicle_position_checker) by extensions ['colcon_pkg']
[0.935s] Level 1:colcon.colcon_core.package_identification:_identify(src/vehicle_position_checker) by extension 'colcon_pkg'
[0.936s] Level 1:colcon.colcon_core.package_identification:_identify(src/vehicle_position_checker) by extensions ['colcon_meta']
[0.936s] Level 1:colcon.colcon_core.package_identification:_identify(src/vehicle_position_checker) by extension 'colcon_meta'
[0.936s] Level 1:colcon.colcon_core.package_identification:_identify(src/vehicle_position_checker) by extensions ['ros']
[0.936s] Level 1:colcon.colcon_core.package_identification:_identify(src/vehicle_position_checker) by extension 'ros'
[0.936s] DEBUG:colcon.colcon_core.package_identification:Package 'src/vehicle_position_checker' with type 'ros.ament_python' and name 'vehicle_position_checker'
[0.936s] Level 1:colcon.colcon_core.package_identification:_identify(src/wind_speed_package) by extensions ['ignore', 'ignore_ament_install']
[0.936s] Level 1:colcon.colcon_core.package_identification:_identify(src/wind_speed_package) by extension 'ignore'
[0.936s] Level 1:colcon.colcon_core.package_identification:_identify(src/wind_speed_package) by extension 'ignore_ament_install'
[0.936s] Level 1:colcon.colcon_core.package_identification:_identify(src/wind_speed_package) by extensions ['colcon_pkg']
[0.936s] Level 1:colcon.colcon_core.package_identification:_identify(src/wind_speed_package) by extension 'colcon_pkg'
[0.936s] Level 1:colcon.colcon_core.package_identification:_identify(src/wind_speed_package) by extensions ['colcon_meta']
[0.936s] Level 1:colcon.colcon_core.package_identification:_identify(src/wind_speed_package) by extension 'colcon_meta'
[0.936s] Level 1:colcon.colcon_core.package_identification:_identify(src/wind_speed_package) by extensions ['ros']
[0.936s] Level 1:colcon.colcon_core.package_identification:_identify(src/wind_speed_package) by extension 'ros'
[0.936s] DEBUG:colcon.colcon_core.package_identification:Package 'src/wind_speed_package' with type 'ros.ament_python' and name 'wind_speed_package'
[0.936s] Level 1:colcon.colcon_core.package_discovery:discover_packages(recursive) using defaults
[0.937s] Level 1:colcon.colcon_core.package_discovery:discover_packages(ignore) discover
[0.937s] Level 1:colcon.colcon_core.package_discovery:discover_packages(ignore) using defaults
[0.937s] Level 1:colcon.colcon_core.package_discovery:discover_packages(path) discover
[0.937s] Level 1:colcon.colcon_core.package_discovery:discover_packages(path) using defaults
[1.006s] Level 1:colcon.colcon_core.package_discovery:discover_packages(prefix_path) check parameters
[1.006s] Level 1:colcon.colcon_core.package_discovery:discover_packages(prefix_path) discover
[1.028s] DEBUG:colcon.colcon_installed_package_information.package_discovery:Found 280 installed packages in /opt/ros/humble
[1.029s] Level 1:colcon.colcon_core.package_discovery:discover_packages(prefix_path) using defaults
[1.090s] Level 5:colcon.colcon_core.verb:set package 'estop_button' build argument 'cmake_args' from command line to 'None'
[1.090s] Level 5:colcon.colcon_core.verb:set package 'estop_button' build argument 'cmake_target' from command line to 'None'
[1.090s] Level 5:colcon.colcon_core.verb:set package 'estop_button' build argument 'cmake_target_skip_unavailable' from command line to 'False'
[1.090s] Level 5:colcon.colcon_core.verb:set package 'estop_button' build argument 'cmake_clean_cache' from command line to 'False'
[1.090s] Level 5:colcon.colcon_core.verb:set package 'estop_button' build argument 'cmake_clean_first' from command line to 'False'
[1.090s] Level 5:colcon.colcon_core.verb:set package 'estop_button' build argument 'cmake_force_configure' from command line to 'False'
[1.090s] Level 5:colcon.colcon_core.verb:set package 'estop_button' build argument 'ament_cmake_args' from command line to 'None'
[1.090s] Level 5:colcon.colcon_core.verb:set package 'estop_button' build argument 'catkin_cmake_args' from command line to 'None'
[1.090s] Level 5:colcon.colcon_core.verb:set package 'estop_button' build argument 'catkin_skip_building_tests' from command line to 'False'
[1.090s] DEBUG:colcon.colcon_core.verb:Building package 'estop_button' with the following arguments: {'ament_cmake_args': None, 'build_base': '/home/wyatt/git_ros2/ros2_ws/build/estop_button', 'catkin_cmake_args': None, 'catkin_skip_building_tests': False, 'cmake_args': None, 'cmake_clean_cache': False, 'cmake_clean_first': False, 'cmake_force_configure': False, 'cmake_target': None, 'cmake_target_skip_unavailable': False, 'install_base': '/home/wyatt/git_ros2/ros2_ws/install/estop_button', 'merge_install': False, 'path': '/home/wyatt/git_ros2/ros2_ws/src/estop_button', 'symlink_install': False, 'test_result_base': None}
[1.099s] Level 5:colcon.colcon_core.verb:set package 'herding_v1_package' build argument 'cmake_args' from command line to 'None'
[1.099s] Level 5:colcon.colcon_core.verb:set package 'herding_v1_package' build argument 'cmake_target' from command line to 'None'
[1.099s] Level 5:colcon.colcon_core.verb:set package 'herding_v1_package' build argument 'cmake_target_skip_unavailable' from command line to 'False'
[1.099s] Level 5:colcon.colcon_core.verb:set package 'herding_v1_package' build argument 'cmake_clean_cache' from command line to 'False'
[1.099s] Level 5:colcon.colcon_core.verb:set package 'herding_v1_package' build argument 'cmake_clean_first' from command line to 'False'
[1.099s] Level 5:colcon.colcon_core.verb:set package 'herding_v1_package' build argument 'cmake_force_configure' from command line to 'False'
[1.099s] Level 5:colcon.colcon_core.verb:set package 'herding_v1_package' build argument 'ament_cmake_args' from command line to 'None'
[1.099s] Level 5:colcon.colcon_core.verb:set package 'herding_v1_package' build argument 'catkin_cmake_args' from command line to 'None'
[1.099s] Level 5:colcon.colcon_core.verb:set package 'herding_v1_package' build argument 'catkin_skip_building_tests' from command line to 'False'
[1.099s] DEBUG:colcon.colcon_core.verb:Building package 'herding_v1_package' with the following arguments: {'ament_cmake_args': None, 'build_base': '/home/wyatt/git_ros2/ros2_ws/build/herding_v1_package', 'catkin_cmake_args': None, 'catkin_skip_building_tests': False, 'cmake_args': None, 'cmake_clean_cache': False, 'cmake_clean_first': False, 'cmake_force_configure': False, 'cmake_target': None, 'cmake_target_skip_unavailable': False, 'install_base': '/home/wyatt/git_ros2/ros2_ws/install/herding_v1_package', 'merge_install': False, 'path': '/home/wyatt/git_ros2/ros2_ws/src/herding_v1_package', 'symlink_install': False, 'test_result_base': None}
[1.107s] Level 5:colcon.colcon_core.verb:set package 'uf_interfaces' build argument 'cmake_args' from command line to 'None'
[1.107s] Level 5:colcon.colcon_core.verb:set package 'uf_interfaces' build argument 'cmake_target' from command line to 'None'
[1.107s] Level 5:colcon.colcon_core.verb:set package 'uf_interfaces' build argument 'cmake_target_skip_unavailable' from command line to 'False'
[1.107s] Level 5:colcon.colcon_core.verb:set package 'uf_interfaces' build argument 'cmake_clean_cache' from command line to 'False'
[1.107s] Level 5:colcon.colcon_core.verb:set package 'uf_interfaces' build argument 'cmake_clean_first' from command line to 'False'
[1.107s] Level 5:colcon.colcon_core.verb:set package 'uf_interfaces' build argument 'cmake_force_configure' from command line to 'False'
[1.107s] Level 5:colcon.colcon_core.verb:set package 'uf_interfaces' build argument 'ament_cmake_args' from command line to 'None'
[1.107s] Level 5:colcon.colcon_core.verb:set package 'uf_interfaces' build argument 'catkin_cmake_args' from command line to 'None'
[1.107s] Level 5:colcon.colcon_core.verb:set package 'uf_interfaces' build argument 'catkin_skip_building_tests' from command line to 'False'
[1.108s] DEBUG:colcon.colcon_core.verb:Building package 'uf_interfaces' with the following arguments: {'ament_cmake_args': None, 'build_base': '/home/wyatt/git_ros2/ros2_ws/build/uf_interfaces', 'catkin_cmake_args': None, 'catkin_skip_building_tests': False, 'cmake_args': None, 'cmake_clean_cache': False, 'cmake_clean_first': False, 'cmake_force_configure': False, 'cmake_target': None, 'cmake_target_skip_unavailable': False, 'install_base': '/home/wyatt/git_ros2/ros2_ws/install/uf_interfaces', 'merge_install': False, 'path': '/home/wyatt/git_ros2/ros2_ws/src/uf_interfaces', 'symlink_install': False, 'test_result_base': None}
[1.116s] Level 5:colcon.colcon_core.verb:set package 'vehicle_position_checker' build argument 'cmake_args' from command line to 'None'
[1.116s] Level 5:colcon.colcon_core.verb:set package 'vehicle_position_checker' build argument 'cmake_target' from command line to 'None'
[1.116s] Level 5:colcon.colcon_core.verb:set package 'vehicle_position_checker' build argument 'cmake_target_skip_unavailable' from command line to 'False'
[1.116s] Level 5:colcon.colcon_core.verb:set package 'vehicle_position_checker' build argument 'cmake_clean_cache' from command line to 'False'
[1.116s] Level 5:colcon.colcon_core.verb:set package 'vehicle_position_checker' build argument 'cmake_clean_first' from command line to 'False'
[1.116s] Level 5:colcon.colcon_core.verb:set package 'vehicle_position_checker' build argument 'cmake_force_configure' from command line to 'False'
[1.116s] Level 5:colcon.colcon_core.verb:set package 'vehicle_position_checker' build argument 'ament_cmake_args' from command line to 'None'
[1.116s] Level 5:colcon.colcon_core.verb:set package 'vehicle_position_checker' build argument 'catkin_cmake_args' from command line to 'None'
[1.116s] Level 5:colcon.colcon_core.verb:set package 'vehicle_position_checker' build argument 'catkin_skip_building_tests' from command line to 'False'
[1.116s] DEBUG:colcon.colcon_core.verb:Building package 'vehicle_position_checker' with the following arguments: {'ament_cmake_args': None, 'build_base': '/home/wyatt/git_ros2/ros2_ws/build/vehicle_position_checker', 'catkin_cmake_args': None, 'catkin_skip_building_tests': False, 'cmake_args': None, 'cmake_clean_cache': False, 'cmake_clean_first': False, 'cmake_force_configure': False, 'cmake_target': None, 'cmake_target_skip_unavailable': False, 'install_base': '/home/wyatt/git_ros2/ros2_ws/install/vehicle_position_checker', 'merge_install': False, 'path': '/home/wyatt/git_ros2/ros2_ws/src/vehicle_position_checker', 'symlink_install': False, 'test_result_base': None}
[1.124s] Level 5:colcon.colcon_core.verb:set package 'wind_speed_package' build argument 'cmake_args' from command line to 'None'
[1.124s] Level 5:colcon.colcon_core.verb:set package 'wind_speed_package' build argument 'cmake_target' from command line to 'None'
[1.124s] Level 5:colcon.colcon_core.verb:set package 'wind_speed_package' build argument 'cmake_target_skip_unavailable' from command line to 'False'
[1.124s] Level 5:colcon.colcon_core.verb:set package 'wind_speed_package' build argument 'cmake_clean_cache' from command line to 'False'
[1.124s] Level 5:colcon.colcon_core.verb:set package 'wind_speed_package' build argument 'cmake_clean_first' from command line to 'False'
[1.124s] Level 5:colcon.colcon_core.verb:set package 'wind_speed_package' build argument 'cmake_force_configure' from command line to 'False'
[1.125s] Level 5:colcon.colcon_core.verb:set package 'wind_speed_package' build argument 'ament_cmake_args' from command line to 'None'
[1.125s] Level 5:colcon.colcon_core.verb:set package 'wind_speed_package' build argument 'catkin_cmake_args' from command line to 'None'
[1.125s] Level 5:colcon.colcon_core.verb:set package 'wind_speed_package' build argument 'catkin_skip_building_tests' from command line to 'False'
[1.125s] DEBUG:colcon.colcon_core.verb:Building package 'wind_speed_package' with the following arguments: {'ament_cmake_args': None, 'build_base': '/home/wyatt/git_ros2/ros2_ws/build/wind_speed_package', 'catkin_cmake_args': None, 'catkin_skip_building_tests': False, 'cmake_args': None, 'cmake_clean_cache': False, 'cmake_clean_first': False, 'cmake_force_configure': False, 'cmake_target': None, 'cmake_target_skip_unavailable': False, 'install_base': '/home/wyatt/git_ros2/ros2_ws/install/wind_speed_package', 'merge_install': False, 'path': '/home/wyatt/git_ros2/ros2_ws/src/wind_speed_package', 'symlink_install': False, 'test_result_base': None}
[1.133s] INFO:colcon.colcon_core.executor:Executing jobs using 'parallel' executor
[1.142s] DEBUG:colcon.colcon_parallel_executor.executor.parallel:run_until_complete
[1.142s] INFO:colcon.colcon_ros.task.ament_python.build:Building ROS package in '/home/wyatt/git_ros2/ros2_ws/src/estop_button' with build type 'ament_python'
[1.142s] Level 1:colcon.colcon_core.shell:create_environment_hook('estop_button', 'ament_prefix_path')
[1.158s] INFO:colcon.colcon_core.plugin_system:Skipping extension 'colcon_core.shell.bat': Not used on non-Windows systems
[1.158s] INFO:colcon.colcon_core.shell:Creating environment hook '/home/wyatt/git_ros2/ros2_ws/install/estop_button/share/estop_button/hook/ament_prefix_path.ps1'
[1.159s] INFO:colcon.colcon_core.shell:Creating environment descriptor '/home/wyatt/git_ros2/ros2_ws/install/estop_button/share/estop_button/hook/ament_prefix_path.dsv'
[1.160s] INFO:colcon.colcon_core.shell:Creating environment hook '/home/wyatt/git_ros2/ros2_ws/install/estop_button/share/estop_button/hook/ament_prefix_path.sh'
[1.174s] INFO:colcon.colcon_core.shell:Skip shell extension 'powershell' for command environment: Not usable outside of PowerShell
[1.174s] DEBUG:colcon.colcon_core.shell:Skip shell extension 'dsv' for command environment
[1.196s] INFO:colcon.colcon_ros.task.ament_python.build:Building ROS package in '/home/wyatt/git_ros2/ros2_ws/src/herding_v1_package' with build type 'ament_python'
[1.196s] Level 1:colcon.colcon_core.shell:create_environment_hook('herding_v1_package', 'ament_prefix_path')
[1.205s] INFO:colcon.colcon_core.shell:Creating environment hook '/home/wyatt/git_ros2/ros2_ws/install/herding_v1_package/share/herding_v1_package/hook/ament_prefix_path.ps1'
[1.205s] INFO:colcon.colcon_core.shell:Creating environment descriptor '/home/wyatt/git_ros2/ros2_ws/install/herding_v1_package/share/herding_v1_package/hook/ament_prefix_path.dsv'
[1.206s] INFO:colcon.colcon_core.shell:Creating environment hook '/home/wyatt/git_ros2/ros2_ws/install/herding_v1_package/share/herding_v1_package/hook/ament_prefix_path.sh'
[1.219s] INFO:colcon.colcon_core.shell:Skip shell extension 'powershell' for command environment: Not usable outside of PowerShell
[1.219s] DEBUG:colcon.colcon_core.shell:Skip shell extension 'dsv' for command environment
[1.247s] INFO:colcon.colcon_ros.task.ament_cmake.build:Building ROS package in '/home/wyatt/git_ros2/ros2_ws/src/uf_interfaces' with build type 'ament_cmake'
[1.247s] INFO:colcon.colcon_cmake.task.cmake.build:Building CMake package in '/home/wyatt/git_ros2/ros2_ws/src/uf_interfaces'
[1.262s] INFO:colcon.colcon_core.shell:Skip shell extension 'powershell' for command environment: Not usable outside of PowerShell
[1.262s] DEBUG:colcon.colcon_core.shell:Skip shell extension 'dsv' for command environment
[1.284s] INFO:colcon.colcon_ros.task.ament_python.build:Building ROS package in '/home/wyatt/git_ros2/ros2_ws/src/vehicle_position_checker' with build type 'ament_python'
[1.284s] Level 1:colcon.colcon_core.shell:create_environment_hook('vehicle_position_checker', 'ament_prefix_path')
[1.293s] INFO:colcon.colcon_core.shell:Creating environment hook '/home/wyatt/git_ros2/ros2_ws/install/vehicle_position_checker/share/vehicle_position_checker/hook/ament_prefix_path.ps1'
[1.293s] INFO:colcon.colcon_core.shell:Creating environment descriptor '/home/wyatt/git_ros2/ros2_ws/install/vehicle_position_checker/share/vehicle_position_checker/hook/ament_prefix_path.dsv'
[1.293s] INFO:colcon.colcon_core.shell:Creating environment hook '/home/wyatt/git_ros2/ros2_ws/install/vehicle_position_checker/share/vehicle_position_checker/hook/ament_prefix_path.sh'
[1.307s] INFO:colcon.colcon_core.shell:Skip shell extension 'powershell' for command environment: Not usable outside of PowerShell
[1.307s] DEBUG:colcon.colcon_core.shell:Skip shell extension 'dsv' for command environment
[1.333s] INFO:colcon.colcon_ros.task.ament_python.build:Building ROS package in '/home/wyatt/git_ros2/ros2_ws/src/wind_speed_package' with build type 'ament_python'
[1.334s] Level 1:colcon.colcon_core.shell:create_environment_hook('wind_speed_package', 'ament_prefix_path')
[1.345s] INFO:colcon.colcon_core.shell:Creating environment hook '/home/wyatt/git_ros2/ros2_ws/install/wind_speed_package/share/wind_speed_package/hook/ament_prefix_path.ps1'
[1.346s] INFO:colcon.colcon_core.shell:Creating environment descriptor '/home/wyatt/git_ros2/ros2_ws/install/wind_speed_package/share/wind_speed_package/hook/ament_prefix_path.dsv'
[1.346s] INFO:colcon.colcon_core.shell:Creating environment hook '/home/wyatt/git_ros2/ros2_ws/install/wind_speed_package/share/wind_speed_package/hook/ament_prefix_path.sh'
[1.359s] INFO:colcon.colcon_core.shell:Skip shell extension 'powershell' for command environment: Not usable outside of PowerShell
[1.360s] DEBUG:colcon.colcon_core.shell:Skip shell extension 'dsv' for command environment
[1.579s] INFO:colcon.colcon_core.task.python.build:Building Python package in '/home/wyatt/git_ros2/ros2_ws/src/estop_button'
[1.590s] INFO:colcon.colcon_core.shell:Skip shell extension 'powershell' for command environment: Not usable outside of PowerShell
[1.590s] DEBUG:colcon.colcon_core.shell:Skip shell extension 'dsv' for command environment
[1.791s] INFO:colcon.colcon_core.task.python.build:Building Python package in '/home/wyatt/git_ros2/ros2_ws/src/herding_v1_package'
[1.801s] INFO:colcon.colcon_core.shell:Skip shell extension 'powershell' for command environment: Not usable outside of PowerShell
[1.801s] DEBUG:colcon.colcon_core.shell:Skip shell extension 'dsv' for command environment
[1.831s] DEBUG:colcon.colcon_core.event_handler.log_command:Invoking command in '/home/wyatt/git_ros2/ros2_ws/build/uf_interfaces': CMAKE_PREFIX_PATH=/opt/ros/humble /usr/bin/cmake /home/wyatt/git_ros2/ros2_ws/src/uf_interfaces -DCMAKE_INSTALL_PREFIX=/home/wyatt/git_ros2/ros2_ws/install/uf_interfaces
[2.071s] INFO:colcon.colcon_core.task.python.build:Building Python package in '/home/wyatt/git_ros2/ros2_ws/src/vehicle_position_checker'
[2.087s] INFO:colcon.colcon_core.shell:Skip shell extension 'powershell' for command environment: Not usable outside of PowerShell
[2.087s] DEBUG:colcon.colcon_core.shell:Skip shell extension 'dsv' for command environment
[2.327s] INFO:colcon.colcon_core.task.python.build:Building Python package in '/home/wyatt/git_ros2/ros2_ws/src/wind_speed_package'
[2.337s] INFO:colcon.colcon_core.shell:Skip shell extension 'powershell' for command environment: Not usable outside of PowerShell
[2.337s] DEBUG:colcon.colcon_core.shell:Skip shell extension 'dsv' for command environment
[2.718s] DEBUG:colcon.colcon_core.event_handler.log_command:Invoking command in '/home/wyatt/git_ros2/ros2_ws/src/wind_speed_package': PYTHONPATH=/home/wyatt/git_ros2/ros2_ws/build/wind_speed_package/prefix_override:/home/wyatt/git_ros2/ros2_ws/install/wind_speed_package/lib/python3.10/site-packages:${PYTHONPATH} /usr/bin/python3 setup.py egg_info --egg-base ../../build/wind_speed_package build --build-base /home/wyatt/git_ros2/ros2_ws/build/wind_speed_package/build install --record /home/wyatt/git_ros2/ros2_ws/build/wind_speed_package/install.log --single-version-externally-managed
[2.728s] DEBUG:colcon.colcon_core.event_handler.log_command:Invoking command in '/home/wyatt/git_ros2/ros2_ws/src/estop_button': PYTHONPATH=/home/wyatt/git_ros2/ros2_ws/build/estop_button/prefix_override:/home/wyatt/git_ros2/ros2_ws/install/estop_button/lib/python3.10/site-packages:${PYTHONPATH} /usr/bin/python3 setup.py egg_info --egg-base ../../build/estop_button build --build-base /home/wyatt/git_ros2/ros2_ws/build/estop_button/build install --record /home/wyatt/git_ros2/ros2_ws/build/estop_button/install.log --single-version-externally-managed
[2.730s] DEBUG:colcon.colcon_core.event_handler.log_command:Invoking command in '/home/wyatt/git_ros2/ros2_ws/src/herding_v1_package': PYTHONPATH=/home/wyatt/git_ros2/ros2_ws/build/herding_v1_package/prefix_override:/home/wyatt/git_ros2/ros2_ws/install/herding_v1_package/lib/python3.10/site-packages:${PYTHONPATH} /usr/bin/python3 setup.py egg_info --egg-base ../../build/herding_v1_package build --build-base /home/wyatt/git_ros2/ros2_ws/build/herding_v1_package/build install --record /home/wyatt/git_ros2/ros2_ws/build/herding_v1_package/install.log --single-version-externally-managed
[2.735s] DEBUG:colcon.colcon_core.event_handler.log_command:Invoking command in '/home/wyatt/git_ros2/ros2_ws/src/vehicle_position_checker': PYTHONPATH=/home/wyatt/git_ros2/ros2_ws/build/vehicle_position_checker/prefix_override:/home/wyatt/git_ros2/ros2_ws/install/vehicle_position_checker/lib/python3.10/site-packages:${PYTHONPATH} /usr/bin/python3 setup.py egg_info --egg-base ../../build/vehicle_position_checker build --build-base /home/wyatt/git_ros2/ros2_ws/build/vehicle_position_checker/build install --record /home/wyatt/git_ros2/ros2_ws/build/vehicle_position_checker/install.log --single-version-externally-managed
[2.989s] DEBUG:colcon.colcon_core.event_handler.log_command:Invoked command in '/home/wyatt/git_ros2/ros2_ws/src/estop_button' returned '0': PYTHONPATH=/home/wyatt/git_ros2/ros2_ws/build/estop_button/prefix_override:/home/wyatt/git_ros2/ros2_ws/install/estop_button/lib/python3.10/site-packages:${PYTHONPATH} /usr/bin/python3 setup.py egg_info --egg-base ../../build/estop_button build --build-base /home/wyatt/git_ros2/ros2_ws/build/estop_button/build install --record /home/wyatt/git_ros2/ros2_ws/build/estop_button/install.log --single-version-externally-managed
[3.012s] Level 1:colcon.colcon_core.environment:checking '/home/wyatt/git_ros2/ros2_ws/install/estop_button' for CMake module files
[3.013s] Level 1:colcon.colcon_core.environment:checking '/home/wyatt/git_ros2/ros2_ws/install/estop_button' for CMake config files
[3.013s] Level 1:colcon.colcon_core.environment:checking '/home/wyatt/git_ros2/ros2_ws/install/estop_button/lib'
[3.013s] Level 1:colcon.colcon_core.environment:checking '/home/wyatt/git_ros2/ros2_ws/install/estop_button/bin'
[3.013s] Level 1:colcon.colcon_core.environment:checking '/home/wyatt/git_ros2/ros2_ws/install/estop_button/lib/pkgconfig/estop_button.pc'
[3.014s] Level 1:colcon.colcon_core.environment:checking '/home/wyatt/git_ros2/ros2_ws/install/estop_button/lib/python3.10/site-packages'
[3.014s] Level 1:colcon.colcon_core.shell:create_environment_hook('estop_button', 'pythonpath')
[3.026s] INFO:colcon.colcon_core.shell:Creating environment hook '/home/wyatt/git_ros2/ros2_ws/install/estop_button/share/estop_button/hook/pythonpath.ps1'
[3.026s] INFO:colcon.colcon_core.shell:Creating environment descriptor '/home/wyatt/git_ros2/ros2_ws/install/estop_button/share/estop_button/hook/pythonpath.dsv'
[3.027s] INFO:colcon.colcon_core.shell:Creating environment hook '/home/wyatt/git_ros2/ros2_ws/install/estop_button/share/estop_button/hook/pythonpath.sh'
[3.027s] Level 1:colcon.colcon_core.environment:checking '/home/wyatt/git_ros2/ros2_ws/install/estop_button/bin'
[3.027s] Level 1:colcon.colcon_core.environment:create_environment_scripts_only(estop_button)
[3.036s] INFO:colcon.colcon_core.shell:Creating package script '/home/wyatt/git_ros2/ros2_ws/install/estop_button/share/estop_button/package.ps1'
[3.037s] INFO:colcon.colcon_core.shell:Creating package descriptor '/home/wyatt/git_ros2/ros2_ws/install/estop_button/share/estop_button/package.dsv'
[3.038s] INFO:colcon.colcon_core.shell:Creating package script '/home/wyatt/git_ros2/ros2_ws/install/estop_button/share/estop_button/package.sh'
[3.040s] INFO:colcon.colcon_core.shell:Creating package script '/home/wyatt/git_ros2/ros2_ws/install/estop_button/share/estop_button/package.bash'
[3.041s] INFO:colcon.colcon_core.shell:Creating package script '/home/wyatt/git_ros2/ros2_ws/install/estop_button/share/estop_button/package.zsh'
[3.042s] Level 1:colcon.colcon_core.environment:create_file_with_runtime_dependencies(/home/wyatt/git_ros2/ros2_ws/install/estop_button/share/colcon-core/packages/estop_button)
[3.045s] DEBUG:colcon.colcon_core.event_handler.log_command:Invoked command in '/home/wyatt/git_ros2/ros2_ws/src/vehicle_position_checker' returned '0': PYTHONPATH=/home/wyatt/git_ros2/ros2_ws/build/vehicle_position_checker/prefix_override:/home/wyatt/git_ros2/ros2_ws/install/vehicle_position_checker/lib/python3.10/site-packages:${PYTHONPATH} /usr/bin/python3 setup.py egg_info --egg-base ../../build/vehicle_position_checker build --build-base /home/wyatt/git_ros2/ros2_ws/build/vehicle_position_checker/build install --record /home/wyatt/git_ros2/ros2_ws/build/vehicle_position_checker/install.log --single-version-externally-managed
[3.055s] Level 1:colcon.colcon_core.environment:checking '/home/wyatt/git_ros2/ros2_ws/install/vehicle_position_checker' for CMake module files
[3.055s] Level 1:colcon.colcon_core.environment:checking '/home/wyatt/git_ros2/ros2_ws/install/vehicle_position_checker' for CMake config files
[3.056s] Level 1:colcon.colcon_core.environment:checking '/home/wyatt/git_ros2/ros2_ws/install/vehicle_position_checker/lib'
[3.056s] Level 1:colcon.colcon_core.environment:checking '/home/wyatt/git_ros2/ros2_ws/install/vehicle_position_checker/bin'
[3.056s] Level 1:colcon.colcon_core.environment:checking '/home/wyatt/git_ros2/ros2_ws/install/vehicle_position_checker/lib/pkgconfig/vehicle_position_checker.pc'
[3.057s] Level 1:colcon.colcon_core.environment:checking '/home/wyatt/git_ros2/ros2_ws/install/vehicle_position_checker/lib/python3.10/site-packages'
[3.057s] Level 1:colcon.colcon_core.shell:create_environment_hook('vehicle_position_checker', 'pythonpath')
[3.068s] INFO:colcon.colcon_core.shell:Creating environment hook '/home/wyatt/git_ros2/ros2_ws/install/vehicle_position_checker/share/vehicle_position_checker/hook/pythonpath.ps1'
[3.069s] INFO:colcon.colcon_core.shell:Creating environment descriptor '/home/wyatt/git_ros2/ros2_ws/install/vehicle_position_checker/share/vehicle_position_checker/hook/pythonpath.dsv'
[3.070s] INFO:colcon.colcon_core.shell:Creating environment hook '/home/wyatt/git_ros2/ros2_ws/install/vehicle_position_checker/share/vehicle_position_checker/hook/pythonpath.sh'
[3.071s] Level 1:colcon.colcon_core.environment:checking '/home/wyatt/git_ros2/ros2_ws/install/vehicle_position_checker/bin'
[3.071s] Level 1:colcon.colcon_core.environment:create_environment_scripts_only(vehicle_position_checker)
[3.086s] INFO:colcon.colcon_core.shell:Creating package script '/home/wyatt/git_ros2/ros2_ws/install/vehicle_position_checker/share/vehicle_position_checker/package.ps1'
[3.087s] INFO:colcon.colcon_core.shell:Creating package descriptor '/home/wyatt/git_ros2/ros2_ws/install/vehicle_position_checker/share/vehicle_position_checker/package.dsv'
[3.087s] INFO:colcon.colcon_core.shell:Creating package script '/home/wyatt/git_ros2/ros2_ws/install/vehicle_position_checker/share/vehicle_position_checker/package.sh'
[3.088s] INFO:colcon.colcon_core.shell:Creating package script '/home/wyatt/git_ros2/ros2_ws/install/vehicle_position_checker/share/vehicle_position_checker/package.bash'
[3.088s] INFO:colcon.colcon_core.shell:Creating package script '/home/wyatt/git_ros2/ros2_ws/install/vehicle_position_checker/share/vehicle_position_checker/package.zsh'
[3.088s] Level 1:colcon.colcon_core.environment:create_file_with_runtime_dependencies(/home/wyatt/git_ros2/ros2_ws/install/vehicle_position_checker/share/colcon-core/packages/vehicle_position_checker)
[3.091s] DEBUG:colcon.colcon_core.event_handler.log_command:Invoked command in '/home/wyatt/git_ros2/ros2_ws/src/wind_speed_package' returned '0': PYTHONPATH=/home/wyatt/git_ros2/ros2_ws/build/wind_speed_package/prefix_override:/home/wyatt/git_ros2/ros2_ws/install/wind_speed_package/lib/python3.10/site-packages:${PYTHONPATH} /usr/bin/python3 setup.py egg_info --egg-base ../../build/wind_speed_package build --build-base /home/wyatt/git_ros2/ros2_ws/build/wind_speed_package/build install --record /home/wyatt/git_ros2/ros2_ws/build/wind_speed_package/install.log --single-version-externally-managed
[3.102s] Level 1:colcon.colcon_core.environment:checking '/home/wyatt/git_ros2/ros2_ws/install/wind_speed_package' for CMake module files
[3.102s] Level 1:colcon.colcon_core.environment:checking '/home/wyatt/git_ros2/ros2_ws/install/wind_speed_package' for CMake config files
[3.103s] Level 1:colcon.colcon_core.environment:checking '/home/wyatt/git_ros2/ros2_ws/install/wind_speed_package/lib'
[3.103s] Level 1:colcon.colcon_core.environment:checking '/home/wyatt/git_ros2/ros2_ws/install/wind_speed_package/bin'
[3.103s] Level 1:colcon.colcon_core.environment:checking '/home/wyatt/git_ros2/ros2_ws/install/wind_speed_package/lib/pkgconfig/wind_speed_package.pc'
[3.103s] Level 1:colcon.colcon_core.environment:checking '/home/wyatt/git_ros2/ros2_ws/install/wind_speed_package/lib/python3.10/site-packages'
[3.103s] Level 1:colcon.colcon_core.shell:create_environment_hook('wind_speed_package', 'pythonpath')
[3.113s] INFO:colcon.colcon_core.shell:Creating environment hook '/home/wyatt/git_ros2/ros2_ws/install/wind_speed_package/share/wind_speed_package/hook/pythonpath.ps1'
[3.113s] INFO:colcon.colcon_core.shell:Creating environment descriptor '/home/wyatt/git_ros2/ros2_ws/install/wind_speed_package/share/wind_speed_package/hook/pythonpath.dsv'
[3.114s] INFO:colcon.colcon_core.shell:Creating environment hook '/home/wyatt/git_ros2/ros2_ws/install/wind_speed_package/share/wind_speed_package/hook/pythonpath.sh'
[3.114s] Level 1:colcon.colcon_core.environment:checking '/home/wyatt/git_ros2/ros2_ws/install/wind_speed_package/bin'
[3.115s] Level 1:colcon.colcon_core.environment:create_environment_scripts_only(wind_speed_package)
[3.125s] INFO:colcon.colcon_core.shell:Creating package script '/home/wyatt/git_ros2/ros2_ws/install/wind_speed_package/share/wind_speed_package/package.ps1'
[3.126s] INFO:colcon.colcon_core.shell:Creating package descriptor '/home/wyatt/git_ros2/ros2_ws/install/wind_speed_package/share/wind_speed_package/package.dsv'
[3.126s] INFO:colcon.colcon_core.shell:Creating package script '/home/wyatt/git_ros2/ros2_ws/install/wind_speed_package/share/wind_speed_package/package.sh'
[3.127s] INFO:colcon.colcon_core.shell:Creating package script '/home/wyatt/git_ros2/ros2_ws/install/wind_speed_package/share/wind_speed_package/package.bash'
[3.127s] INFO:colcon.colcon_core.shell:Creating package script '/home/wyatt/git_ros2/ros2_ws/install/wind_speed_package/share/wind_speed_package/package.zsh'
[3.127s] Level 1:colcon.colcon_core.environment:create_file_with_runtime_dependencies(/home/wyatt/git_ros2/ros2_ws/install/wind_speed_package/share/colcon-core/packages/wind_speed_package)
[3.129s] DEBUG:colcon.colcon_core.event_handler.log_command:Invoked command in '/home/wyatt/git_ros2/ros2_ws/src/herding_v1_package' returned '0': PYTHONPATH=/home/wyatt/git_ros2/ros2_ws/build/herding_v1_package/prefix_override:/home/wyatt/git_ros2/ros2_ws/install/herding_v1_package/lib/python3.10/site-packages:${PYTHONPATH} /usr/bin/python3 setup.py egg_info --egg-base ../../build/herding_v1_package build --build-base /home/wyatt/git_ros2/ros2_ws/build/herding_v1_package/build install --record /home/wyatt/git_ros2/ros2_ws/build/herding_v1_package/install.log --single-version-externally-managed
[3.138s] Level 1:colcon.colcon_core.environment:checking '/home/wyatt/git_ros2/ros2_ws/install/herding_v1_package' for CMake module files
[3.139s] Level 1:colcon.colcon_core.environment:checking '/home/wyatt/git_ros2/ros2_ws/install/herding_v1_package' for CMake config files
[3.139s] Level 1:colcon.colcon_core.environment:checking '/home/wyatt/git_ros2/ros2_ws/install/herding_v1_package/lib'
[3.139s] Level 1:colcon.colcon_core.environment:checking '/home/wyatt/git_ros2/ros2_ws/install/herding_v1_package/bin'
[3.139s] Level 1:colcon.colcon_core.environment:checking '/home/wyatt/git_ros2/ros2_ws/install/herding_v1_package/lib/pkgconfig/herding_v1_package.pc'
[3.139s] Level 1:colcon.colcon_core.environment:checking '/home/wyatt/git_ros2/ros2_ws/install/herding_v1_package/lib/python3.10/site-packages'
[3.139s] Level 1:colcon.colcon_core.shell:create_environment_hook('herding_v1_package', 'pythonpath')
[3.148s] INFO:colcon.colcon_core.shell:Creating environment hook '/home/wyatt/git_ros2/ros2_ws/install/herding_v1_package/share/herding_v1_package/hook/pythonpath.ps1'
[3.149s] INFO:colcon.colcon_core.shell:Creating environment descriptor '/home/wyatt/git_ros2/ros2_ws/install/herding_v1_package/share/herding_v1_package/hook/pythonpath.dsv'
[3.149s] INFO:colcon.colcon_core.shell:Creating environment hook '/home/wyatt/git_ros2/ros2_ws/install/herding_v1_package/share/herding_v1_package/hook/pythonpath.sh'
[3.149s] Level 1:colcon.colcon_core.environment:checking '/home/wyatt/git_ros2/ros2_ws/install/herding_v1_package/bin'
[3.149s] Level 1:colcon.colcon_core.environment:create_environment_scripts_only(herding_v1_package)
[3.161s] INFO:colcon.colcon_core.shell:Creating package script '/home/wyatt/git_ros2/ros2_ws/install/herding_v1_package/share/herding_v1_package/package.ps1'
[3.162s] INFO:colcon.colcon_core.shell:Creating package descriptor '/home/wyatt/git_ros2/ros2_ws/install/herding_v1_package/share/herding_v1_package/package.dsv'
[3.162s] INFO:colcon.colcon_core.shell:Creating package script '/home/wyatt/git_ros2/ros2_ws/install/herding_v1_package/share/herding_v1_package/package.sh'
[3.163s] INFO:colcon.colcon_core.shell:Creating package script '/home/wyatt/git_ros2/ros2_ws/install/herding_v1_package/share/herding_v1_package/package.bash'
[3.163s] INFO:colcon.colcon_core.shell:Creating package script '/home/wyatt/git_ros2/ros2_ws/install/herding_v1_package/share/herding_v1_package/package.zsh'
[3.163s] Level 1:colcon.colcon_core.environment:create_file_with_runtime_dependencies(/home/wyatt/git_ros2/ros2_ws/install/herding_v1_package/share/colcon-core/packages/herding_v1_package)
[4.308s] DEBUG:colcon.colcon_core.event_handler.log_command:Invoked command in '/home/wyatt/git_ros2/ros2_ws/build/uf_interfaces' returned '0': CMAKE_PREFIX_PATH=/opt/ros/humble /usr/bin/cmake /home/wyatt/git_ros2/ros2_ws/src/uf_interfaces -DCMAKE_INSTALL_PREFIX=/home/wyatt/git_ros2/ros2_ws/install/uf_interfaces
[4.311s] DEBUG:colcon.colcon_core.event_handler.log_command:Invoking command in '/home/wyatt/git_ros2/ros2_ws/build/uf_interfaces': CMAKE_PREFIX_PATH=/opt/ros/humble /usr/bin/cmake --build /home/wyatt/git_ros2/ros2_ws/build/uf_interfaces -- -j8 -l8
[9.450s] DEBUG:colcon.colcon_core.event_handler.log_command:Invoked command in '/home/wyatt/git_ros2/ros2_ws/build/uf_interfaces' returned '0': CMAKE_PREFIX_PATH=/opt/ros/humble /usr/bin/cmake --build /home/wyatt/git_ros2/ros2_ws/build/uf_interfaces -- -j8 -l8
[9.726s] DEBUG:colcon.colcon_core.event_handler.log_command:Invoking command in '/home/wyatt/git_ros2/ros2_ws/build/uf_interfaces': CMAKE_PREFIX_PATH=/opt/ros/humble /usr/bin/cmake --install /home/wyatt/git_ros2/ros2_ws/build/uf_interfaces
[9.810s] Level 1:colcon.colcon_core.environment:create_environment_scripts_only(uf_interfaces)
[9.811s] DEBUG:colcon.colcon_core.event_handler.log_command:Invoked command in '/home/wyatt/git_ros2/ros2_ws/build/uf_interfaces' returned '0': CMAKE_PREFIX_PATH=/opt/ros/humble /usr/bin/cmake --install /home/wyatt/git_ros2/ros2_ws/build/uf_interfaces
[9.823s] Level 1:colcon.colcon_core.environment:checking '/home/wyatt/git_ros2/ros2_ws/install/uf_interfaces' for CMake module files
[9.824s] Level 1:colcon.colcon_core.environment:checking '/home/wyatt/git_ros2/ros2_ws/install/uf_interfaces' for CMake config files
[9.824s] Level 1:colcon.colcon_core.shell:create_environment_hook('uf_interfaces', 'cmake_prefix_path')
[9.833s] INFO:colcon.colcon_core.shell:Creating environment hook '/home/wyatt/git_ros2/ros2_ws/install/uf_interfaces/share/uf_interfaces/hook/cmake_prefix_path.ps1'
[9.833s] INFO:colcon.colcon_core.shell:Creating environment descriptor '/home/wyatt/git_ros2/ros2_ws/install/uf_interfaces/share/uf_interfaces/hook/cmake_prefix_path.dsv'
[9.834s] INFO:colcon.colcon_core.shell:Creating environment hook '/home/wyatt/git_ros2/ros2_ws/install/uf_interfaces/share/uf_interfaces/hook/cmake_prefix_path.sh'
[9.834s] Level 1:colcon.colcon_core.environment:checking '/home/wyatt/git_ros2/ros2_ws/install/uf_interfaces/lib'
[9.834s] Level 1:colcon.colcon_core.shell:create_environment_hook('uf_interfaces', 'ld_library_path_lib')
[9.843s] INFO:colcon.colcon_core.shell:Creating environment hook '/home/wyatt/git_ros2/ros2_ws/install/uf_interfaces/share/uf_interfaces/hook/ld_library_path_lib.ps1'
[9.844s] INFO:colcon.colcon_core.shell:Creating environment descriptor '/home/wyatt/git_ros2/ros2_ws/install/uf_interfaces/share/uf_interfaces/hook/ld_library_path_lib.dsv'
[9.844s] INFO:colcon.colcon_core.shell:Creating environment hook '/home/wyatt/git_ros2/ros2_ws/install/uf_interfaces/share/uf_interfaces/hook/ld_library_path_lib.sh'
[9.844s] Level 1:colcon.colcon_core.environment:checking '/home/wyatt/git_ros2/ros2_ws/install/uf_interfaces/bin'
[9.844s] Level 1:colcon.colcon_core.environment:checking '/home/wyatt/git_ros2/ros2_ws/install/uf_interfaces/lib/pkgconfig/uf_interfaces.pc'
[9.844s] Level 1:colcon.colcon_core.environment:checking '/home/wyatt/git_ros2/ros2_ws/install/uf_interfaces/lib/python3.10/site-packages'
[9.844s] Level 1:colcon.colcon_core.environment:checking '/home/wyatt/git_ros2/ros2_ws/install/uf_interfaces/bin'
[9.853s] INFO:colcon.colcon_core.shell:Creating package script '/home/wyatt/git_ros2/ros2_ws/install/uf_interfaces/share/uf_interfaces/package.ps1'
[9.854s] INFO:colcon.colcon_core.shell:Creating package descriptor '/home/wyatt/git_ros2/ros2_ws/install/uf_interfaces/share/uf_interfaces/package.dsv'
[9.854s] INFO:colcon.colcon_core.shell:Creating package script '/home/wyatt/git_ros2/ros2_ws/install/uf_interfaces/share/uf_interfaces/package.sh'
[9.854s] INFO:colcon.colcon_core.shell:Creating package script '/home/wyatt/git_ros2/ros2_ws/install/uf_interfaces/share/uf_interfaces/package.bash'
[9.855s] INFO:colcon.colcon_core.shell:Creating package script '/home/wyatt/git_ros2/ros2_ws/install/uf_interfaces/share/uf_interfaces/package.zsh'
[9.855s] Level 1:colcon.colcon_core.environment:create_file_with_runtime_dependencies(/home/wyatt/git_ros2/ros2_ws/install/uf_interfaces/share/colcon-core/packages/uf_interfaces)
[10.185s] Level 1:colcon.colcon_core.environment:create_environment_scripts_only(uf_interfaces)
[10.201s] Level 1:colcon.colcon_core.environment:checking '/home/wyatt/git_ros2/ros2_ws/install/uf_interfaces' for CMake module files
[10.203s] Level 1:colcon.colcon_core.environment:checking '/home/wyatt/git_ros2/ros2_ws/install/uf_interfaces' for CMake config files
[10.203s] Level 1:colcon.colcon_core.shell:create_environment_hook('uf_interfaces', 'cmake_prefix_path')
[10.215s] INFO:colcon.colcon_core.shell:Creating environment hook '/home/wyatt/git_ros2/ros2_ws/install/uf_interfaces/share/uf_interfaces/hook/cmake_prefix_path.ps1'
[10.215s] INFO:colcon.colcon_core.shell:Creating environment descriptor '/home/wyatt/git_ros2/ros2_ws/install/uf_interfaces/share/uf_interfaces/hook/cmake_prefix_path.dsv'
[10.216s] INFO:colcon.colcon_core.shell:Creating environment hook '/home/wyatt/git_ros2/ros2_ws/install/uf_interfaces/share/uf_interfaces/hook/cmake_prefix_path.sh'
[10.216s] Level 1:colcon.colcon_core.environment:checking '/home/wyatt/git_ros2/ros2_ws/install/uf_interfaces/lib'
[10.217s] Level 1:colcon.colcon_core.shell:create_environment_hook('uf_interfaces', 'ld_library_path_lib')
[10.228s] INFO:colcon.colcon_core.shell:Creating environment hook '/home/wyatt/git_ros2/ros2_ws/install/uf_interfaces/share/uf_interfaces/hook/ld_library_path_lib.ps1'
[10.229s] INFO:colcon.colcon_core.shell:Creating environment descriptor '/home/wyatt/git_ros2/ros2_ws/install/uf_interfaces/share/uf_interfaces/hook/ld_library_path_lib.dsv'
[10.230s] INFO:colcon.colcon_core.shell:Creating environment hook '/home/wyatt/git_ros2/ros2_ws/install/uf_interfaces/share/uf_interfaces/hook/ld_library_path_lib.sh'
[10.230s] Level 1:colcon.colcon_core.environment:checking '/home/wyatt/git_ros2/ros2_ws/install/uf_interfaces/bin'
[10.230s] Level 1:colcon.colcon_core.environment:checking '/home/wyatt/git_ros2/ros2_ws/install/uf_interfaces/lib/pkgconfig/uf_interfaces.pc'
[10.231s] Level 1:colcon.colcon_core.environment:checking '/home/wyatt/git_ros2/ros2_ws/install/uf_interfaces/lib/python3.10/site-packages'
[10.231s] Level 1:colcon.colcon_core.environment:checking '/home/wyatt/git_ros2/ros2_ws/install/uf_interfaces/bin'
[10.242s] INFO:colcon.colcon_core.shell:Creating package script '/home/wyatt/git_ros2/ros2_ws/install/uf_interfaces/share/uf_interfaces/package.ps1'
[10.243s] INFO:colcon.colcon_core.shell:Creating package descriptor '/home/wyatt/git_ros2/ros2_ws/install/uf_interfaces/share/uf_interfaces/package.dsv'
[10.244s] INFO:colcon.colcon_core.shell:Creating package script '/home/wyatt/git_ros2/ros2_ws/install/uf_interfaces/share/uf_interfaces/package.sh'
[10.244s] INFO:colcon.colcon_core.shell:Creating package script '/home/wyatt/git_ros2/ros2_ws/install/uf_interfaces/share/uf_interfaces/package.bash'
[10.245s] INFO:colcon.colcon_core.shell:Creating package script '/home/wyatt/git_ros2/ros2_ws/install/uf_interfaces/share/uf_interfaces/package.zsh'
[10.245s] Level 1:colcon.colcon_core.environment:create_file_with_runtime_dependencies(/home/wyatt/git_ros2/ros2_ws/install/uf_interfaces/share/colcon-core/packages/uf_interfaces)
[10.246s] DEBUG:colcon.colcon_parallel_executor.executor.parallel:closing loop
[10.246s] DEBUG:colcon.colcon_parallel_executor.executor.parallel:loop closed
[10.246s] DEBUG:colcon.colcon_parallel_executor.executor.parallel:run_until_complete finished with '0'
[10.246s] DEBUG:colcon.colcon_core.event_reactor:joining thread
[10.264s] INFO:colcon.colcon_core.plugin_system:Skipping extension 'colcon_notification.desktop_notification.terminal_notifier': Not used on non-Darwin systems
[10.264s] INFO:colcon.colcon_core.plugin_system:Skipping extension 'colcon_notification.desktop_notification.win32': Not used on non-Windows systems
[10.264s] INFO:colcon.colcon_notification.desktop_notification:Sending desktop notification using 'notify2'
[10.277s] DEBUG:colcon.colcon_core.event_reactor:joined thread
[10.289s] INFO:colcon.colcon_core.shell:Creating prefix script '/home/wyatt/git_ros2/ros2_ws/install/local_setup.ps1'
[10.290s] INFO:colcon.colcon_core.shell:Creating prefix util module '/home/wyatt/git_ros2/ros2_ws/install/_local_setup_util_ps1.py'
[10.293s] INFO:colcon.colcon_core.shell:Creating prefix chain script '/home/wyatt/git_ros2/ros2_ws/install/setup.ps1'
[10.312s] INFO:colcon.colcon_core.shell:Creating prefix script '/home/wyatt/git_ros2/ros2_ws/install/local_setup.sh'
[10.313s] INFO:colcon.colcon_core.shell:Creating prefix util module '/home/wyatt/git_ros2/ros2_ws/install/_local_setup_util_sh.py'
[10.314s] INFO:colcon.colcon_core.shell:Creating prefix chain script '/home/wyatt/git_ros2/ros2_ws/install/setup.sh'
[10.330s] INFO:colcon.colcon_core.shell:Creating prefix script '/home/wyatt/git_ros2/ros2_ws/install/local_setup.bash'
[10.331s] INFO:colcon.colcon_core.shell:Creating prefix chain script '/home/wyatt/git_ros2/ros2_ws/install/setup.bash'
[10.347s] INFO:colcon.colcon_core.shell:Creating prefix script '/home/wyatt/git_ros2/ros2_ws/install/local_setup.zsh'
[10.349s] INFO:colcon.colcon_core.shell:Creating prefix chain script '/home/wyatt/git_ros2/ros2_ws/install/setup.zsh'
