[2.860s] Invoking command in '/home/wyatt/ros2_ws/src/common/minimal_startup': PYTHONPATH=/home/wyatt/ros2_ws/build/minimal_startup/prefix_override:/usr/lib/python3/dist-packages/colcon_core/task/python/colcon_distutils_commands:/home/wyatt/ros2_ws/install/minimal_startup/lib/python3.10/site-packages:${PYTHONPATH} /usr/bin/python3 -W ignore:setup.py install is deprecated -W ignore:easy_install command is deprecated setup.py egg_info --egg-base ../../../build/minimal_startup build --build-base /home/wyatt/ros2_ws/build/minimal_startup/build install --record /home/wyatt/ros2_ws/build/minimal_startup/install.log --single-version-externally-managed install_data
[3.433s] running egg_info
[3.434s] writing ../../../build/minimal_startup/minimal_startup.egg-info/PKG-INFO
[3.435s] writing dependency_links to ../../../build/minimal_startup/minimal_startup.egg-info/dependency_links.txt
[3.436s] writing entry points to ../../../build/minimal_startup/minimal_startup.egg-info/entry_points.txt
[3.439s] writing requirements to ../../../build/minimal_startup/minimal_startup.egg-info/requires.txt
[3.439s] writing top-level names to ../../../build/minimal_startup/minimal_startup.egg-info/top_level.txt
[3.440s] reading manifest file '../../../build/minimal_startup/minimal_startup.egg-info/SOURCES.txt'
[3.442s] writing manifest file '../../../build/minimal_startup/minimal_startup.egg-info/SOURCES.txt'
[3.443s] running build
[3.443s] running build_py
[3.444s] running install
[3.445s] running install_lib
[3.449s] running install_data
[3.449s] running install_egg_info
[3.451s] removing '/home/wyatt/ros2_ws/install/minimal_startup/lib/python3.10/site-packages/minimal_startup-0.0.0-py3.10.egg-info' (and everything under it)
[3.452s] Copying ../../../build/minimal_startup/minimal_startup.egg-info to /home/wyatt/ros2_ws/install/minimal_startup/lib/python3.10/site-packages/minimal_startup-0.0.0-py3.10.egg-info
[3.455s] running install_scripts
[3.497s] writing list of installed files to '/home/wyatt/ros2_ws/build/minimal_startup/install.log'
[3.545s] Invoked command in '/home/wyatt/ros2_ws/src/common/minimal_startup' returned '0': PYTHONPATH=/home/wyatt/ros2_ws/build/minimal_startup/prefix_override:/usr/lib/python3/dist-packages/colcon_core/task/python/colcon_distutils_commands:/home/wyatt/ros2_ws/install/minimal_startup/lib/python3.10/site-packages:${PYTHONPATH} /usr/bin/python3 -W ignore:setup.py install is deprecated -W ignore:easy_install command is deprecated setup.py egg_info --egg-base ../../../build/minimal_startup build --build-base /home/wyatt/ros2_ws/build/minimal_startup/build install --record /home/wyatt/ros2_ws/build/minimal_startup/install.log --single-version-externally-managed install_data
