[0.646s] Invoking command in '/home/wyatt/ros2_ws/build/uf_interfaces': CMAKE_PREFIX_PATH=${CMAKE_PREFIX_PATH}:/home/wyatt/ros2_ws/install/wpt_control_xy:/home/wyatt/ros2_ws/install/wind_speed_package:/home/wyatt/ros2_ws/install/vehicle_position_checker:/home/wyatt/ros2_ws/install/test_herding_pkg:/home/wyatt/ros2_ws/install/single_integrator_agent:/home/wyatt/ros2_ws/install/position_broadcaster:/home/wyatt/ros2_ws/install/multi_agent_tracking_pkg:/home/wyatt/ros2_ws/install/minimal_startup:/home/wyatt/ros2_ws/install/matplotlib_sim:/home/wyatt/ros2_ws/install/jhyv_experiment_pkg:/home/wyatt/ros2_ws/install/herding_v1_package:/home/wyatt/ros2_ws/install/herding_control:/home/wyatt/ros2_ws/install/geodetic_conversion:/home/wyatt/ros2_ws/install/frame_pose_test_package:/home/wyatt/ros2_ws/install/estop_button:/home/wyatt/ros2_ws/install/emlid_interface:/opt/ros/humble /usr/bin/cmake /home/wyatt/ros2_ws/src/uf_interfaces -DCMAKE_INSTALL_PREFIX=/home/wyatt/ros2_ws/install/uf_interfaces
[0.812s] -- The C compiler identification is GNU 11.4.0
[1.083s] -- The CXX compiler identification is GNU 11.4.0
[1.120s] -- Detecting C compiler ABI info
[1.324s] -- Detecting C compiler ABI info - done
[1.370s] -- Check for working C compiler: /usr/bin/cc - skipped
[1.372s] -- Detecting C compile features
[1.375s] -- Detecting C compile features - done
[1.390s] -- Detecting CXX compiler ABI info
[1.723s] -- Detecting CXX compiler ABI info - done
[1.758s] -- Check for working CXX compiler: /usr/bin/c++ - skipped
[1.760s] -- Detecting CXX compile features
[1.764s] -- Detecting CXX compile features - done
[1.774s] -- Found ament_cmake: 1.3.10 (/opt/ros/humble/share/ament_cmake/cmake)
[2.320s] -- Found Python3: /usr/bin/python3 (found version "3.10.12") found components: Interpreter 
[2.652s] -- Found std_msgs: 4.2.4 (/opt/ros/humble/share/std_msgs/cmake)
[2.845s] -- Found rosidl_generator_c: 3.1.5 (/opt/ros/humble/share/rosidl_generator_c/cmake)
[2.876s] -- Found rosidl_adapter: 3.1.5 (/opt/ros/humble/share/rosidl_adapter/cmake)
[2.924s] -- Found rosidl_generator_cpp: 3.1.5 (/opt/ros/humble/share/rosidl_generator_cpp/cmake)
[3.004s] -- Using all available rosidl_typesupport_c: rosidl_typesupport_fastrtps_c;rosidl_typesupport_introspection_c
[3.112s] -- Using all available rosidl_typesupport_cpp: rosidl_typesupport_fastrtps_cpp;rosidl_typesupport_introspection_cpp
[3.270s] -- Found rosidl_default_generators: 1.2.0 (/opt/ros/humble/share/rosidl_default_generators/cmake)
[4.383s] -- Found ament_cmake_ros: 0.10.0 (/opt/ros/humble/share/ament_cmake_ros/cmake)
[5.247s] -- Using all available rosidl_typesupport_c: rosidl_typesupport_fastrtps_c;rosidl_typesupport_introspection_c
[5.460s] -- Using all available rosidl_typesupport_cpp: rosidl_typesupport_fastrtps_cpp;rosidl_typesupport_introspection_cpp
[5.492s] -- Found PythonInterp: /usr/bin/python3 (found suitable version "3.10.12", minimum required is "3.6") 
[5.496s] -- Found python_cmake_module: 0.10.0 (/opt/ros/humble/share/python_cmake_module/cmake)
[5.537s] -- Found PythonLibs: /usr/lib/x86_64-linux-gnu/libpython3.10.so (found suitable version "3.10.12", minimum required is "3.5") 
[5.537s] -- Using PYTHON_EXECUTABLE: /usr/bin/python3
[5.537s] -- Using PYTHON_INCLUDE_DIRS: /usr/include/python3.10
[5.537s] -- Using PYTHON_LIBRARIES: /usr/lib/x86_64-linux-gnu/libpython3.10.so
[5.569s] -- Found PythonExtra: .so  
[5.661s] -- Found ament_lint_auto: 0.12.11 (/opt/ros/humble/share/ament_lint_auto/cmake)
[5.717s] -- Added test 'copyright' to check source files copyright and LICENSE
[5.717s] -- Added test 'lint_cmake' to check CMake code style
[5.719s] -- Added test 'xmllint' to check XML markup files
[5.726s] -- Configuring done
[5.809s] -- Generating done
[5.838s] -- Build files have been written to: /home/wyatt/ros2_ws/build/uf_interfaces
[5.864s] Invoked command in '/home/wyatt/ros2_ws/build/uf_interfaces' returned '0': CMAKE_PREFIX_PATH=${CMAKE_PREFIX_PATH}:/home/wyatt/ros2_ws/install/wpt_control_xy:/home/wyatt/ros2_ws/install/wind_speed_package:/home/wyatt/ros2_ws/install/vehicle_position_checker:/home/wyatt/ros2_ws/install/test_herding_pkg:/home/wyatt/ros2_ws/install/single_integrator_agent:/home/wyatt/ros2_ws/install/position_broadcaster:/home/wyatt/ros2_ws/install/multi_agent_tracking_pkg:/home/wyatt/ros2_ws/install/minimal_startup:/home/wyatt/ros2_ws/install/matplotlib_sim:/home/wyatt/ros2_ws/install/jhyv_experiment_pkg:/home/wyatt/ros2_ws/install/herding_v1_package:/home/wyatt/ros2_ws/install/herding_control:/home/wyatt/ros2_ws/install/geodetic_conversion:/home/wyatt/ros2_ws/install/frame_pose_test_package:/home/wyatt/ros2_ws/install/estop_button:/home/wyatt/ros2_ws/install/emlid_interface:/opt/ros/humble /usr/bin/cmake /home/wyatt/ros2_ws/src/uf_interfaces -DCMAKE_INSTALL_PREFIX=/home/wyatt/ros2_ws/install/uf_interfaces
[5.865s] Invoking command in '/home/wyatt/ros2_ws/build/uf_interfaces': CMAKE_PREFIX_PATH=${CMAKE_PREFIX_PATH}:/home/wyatt/ros2_ws/install/wpt_control_xy:/home/wyatt/ros2_ws/install/wind_speed_package:/home/wyatt/ros2_ws/install/vehicle_position_checker:/home/wyatt/ros2_ws/install/test_herding_pkg:/home/wyatt/ros2_ws/install/single_integrator_agent:/home/wyatt/ros2_ws/install/position_broadcaster:/home/wyatt/ros2_ws/install/multi_agent_tracking_pkg:/home/wyatt/ros2_ws/install/minimal_startup:/home/wyatt/ros2_ws/install/matplotlib_sim:/home/wyatt/ros2_ws/install/jhyv_experiment_pkg:/home/wyatt/ros2_ws/install/herding_v1_package:/home/wyatt/ros2_ws/install/herding_control:/home/wyatt/ros2_ws/install/geodetic_conversion:/home/wyatt/ros2_ws/install/frame_pose_test_package:/home/wyatt/ros2_ws/install/estop_button:/home/wyatt/ros2_ws/install/emlid_interface:/opt/ros/humble /usr/bin/cmake --build /home/wyatt/ros2_ws/build/uf_interfaces -- -j4 -l4
[5.921s] [  1%] [34m[1mGenerating C code for ROS interfaces[0m
[5.936s] [  3%] [34m[1mGenerating C++ code for ROS interfaces[0m
[5.946s] [  3%] Built target ament_cmake_python_copy_uf_interfaces
[6.522s] running egg_info
[6.524s] creating uf_interfaces.egg-info
[6.524s] writing uf_interfaces.egg-info/PKG-INFO
[6.525s] writing dependency_links to uf_interfaces.egg-info/dependency_links.txt
[6.526s] writing top-level names to uf_interfaces.egg-info/top_level.txt
[6.526s] writing manifest file 'uf_interfaces.egg-info/SOURCES.txt'
[6.530s] reading manifest file 'uf_interfaces.egg-info/SOURCES.txt'
[6.534s] writing manifest file 'uf_interfaces.egg-info/SOURCES.txt'
[6.575s] [  3%] Built target ament_cmake_python_build_uf_interfaces_egg
[7.418s] [  3%] Built target uf_interfaces__cpp
[7.437s] [  4%] [34m[1mGenerating C++ type support dispatch for ROS interfaces[0m
[7.456s] [  7%] [34m[1mGenerating C++ introspection for ROS interfaces[0m
[7.456s] [  6%] [34m[1mGenerating C++ type support for eProsima Fast-RTPS[0m
[8.133s] [  9%] [32mBuilding C object CMakeFiles/uf_interfaces__rosidl_generator_c.dir/rosidl_generator_c/uf_interfaces/action/detail/defend__functions.c.o[0m
[8.482s] [ 11%] [32mBuilding C object CMakeFiles/uf_interfaces__rosidl_generator_c.dir/rosidl_generator_c/uf_interfaces/action/detail/herd__functions.c.o[0m
[8.806s] [ 12%] [32mBuilding C object CMakeFiles/uf_interfaces__rosidl_generator_c.dir/rosidl_generator_c/uf_interfaces/msg/detail/position__functions.c.o[0m
[9.004s] [ 14%] [32mBuilding C object CMakeFiles/uf_interfaces__rosidl_generator_c.dir/rosidl_generator_c/uf_interfaces/srv/detail/task_assign__functions.c.o[0m
[9.157s] [ 15%] [32mBuilding C object CMakeFiles/uf_interfaces__rosidl_generator_c.dir/rosidl_generator_c/uf_interfaces/srv/detail/geo_conv__functions.c.o[0m
[9.294s] [ 17%] [32mBuilding CXX object CMakeFiles/uf_interfaces__rosidl_typesupport_introspection_cpp.dir/rosidl_typesupport_introspection_cpp/uf_interfaces/action/detail/defend__type_support.cpp.o[0m
[9.300s] [ 19%] [32m[1mLinking C shared library libuf_interfaces__rosidl_generator_c.so[0m
[9.328s] [ 20%] [32mBuilding CXX object CMakeFiles/uf_interfaces__rosidl_typesupport_cpp.dir/rosidl_typesupport_cpp/uf_interfaces/action/defend__type_support.cpp.o[0m
[9.425s] [ 20%] Built target uf_interfaces__rosidl_generator_c
[9.454s] [ 22%] [32mBuilding CXX object CMakeFiles/uf_interfaces__rosidl_typesupport_cpp.dir/rosidl_typesupport_cpp/uf_interfaces/action/herd__type_support.cpp.o[0m
[9.909s] [ 23%] [32mBuilding CXX object CMakeFiles/uf_interfaces__rosidl_typesupport_fastrtps_cpp.dir/rosidl_typesupport_fastrtps_cpp/uf_interfaces/action/detail/dds_fastrtps/defend__type_support.cpp.o[0m
[10.631s] [ 25%] [32mBuilding CXX object CMakeFiles/uf_interfaces__rosidl_typesupport_fastrtps_cpp.dir/rosidl_typesupport_fastrtps_cpp/uf_interfaces/action/detail/dds_fastrtps/herd__type_support.cpp.o[0m
[10.787s] [ 26%] [32mBuilding CXX object CMakeFiles/uf_interfaces__rosidl_typesupport_cpp.dir/rosidl_typesupport_cpp/uf_interfaces/msg/position__type_support.cpp.o[0m
[10.968s] [ 28%] [32mBuilding CXX object CMakeFiles/uf_interfaces__rosidl_typesupport_introspection_cpp.dir/rosidl_typesupport_introspection_cpp/uf_interfaces/action/detail/herd__type_support.cpp.o[0m
[11.038s] [ 30%] [32mBuilding CXX object CMakeFiles/uf_interfaces__rosidl_typesupport_cpp.dir/rosidl_typesupport_cpp/uf_interfaces/srv/task_assign__type_support.cpp.o[0m
[11.537s] [ 31%] [32mBuilding CXX object CMakeFiles/uf_interfaces__rosidl_typesupport_fastrtps_cpp.dir/rosidl_typesupport_fastrtps_cpp/uf_interfaces/msg/detail/dds_fastrtps/position__type_support.cpp.o[0m
[11.742s] [ 33%] [32mBuilding CXX object CMakeFiles/uf_interfaces__rosidl_typesupport_cpp.dir/rosidl_typesupport_cpp/uf_interfaces/srv/geo_conv__type_support.cpp.o[0m
[12.237s] [ 34%] [34m[1mGenerating C type support for eProsima Fast-RTPS[0m
[12.378s] [ 36%] [32m[1mLinking CXX shared library libuf_interfaces__rosidl_typesupport_cpp.so[0m
[12.520s] [ 38%] [32mBuilding CXX object CMakeFiles/uf_interfaces__rosidl_typesupport_fastrtps_cpp.dir/rosidl_typesupport_fastrtps_cpp/uf_interfaces/srv/detail/dds_fastrtps/task_assign__type_support.cpp.o[0m
[12.546s] [ 38%] Built target uf_interfaces__rosidl_typesupport_cpp
[12.571s] [ 39%] [34m[1mGenerating C introspection for ROS interfaces[0m
[12.698s] [ 41%] [32mBuilding CXX object CMakeFiles/uf_interfaces__rosidl_typesupport_introspection_cpp.dir/rosidl_typesupport_introspection_cpp/uf_interfaces/msg/detail/position__type_support.cpp.o[0m
[13.723s] [ 42%] [32mBuilding CXX object CMakeFiles/uf_interfaces__rosidl_typesupport_fastrtps_cpp.dir/rosidl_typesupport_fastrtps_cpp/uf_interfaces/srv/detail/dds_fastrtps/geo_conv__type_support.cpp.o[0m
[13.763s] [ 44%] [32mBuilding CXX object CMakeFiles/uf_interfaces__rosidl_typesupport_introspection_cpp.dir/rosidl_typesupport_introspection_cpp/uf_interfaces/srv/detail/task_assign__type_support.cpp.o[0m
[14.608s] [ 46%] [32mBuilding CXX object CMakeFiles/uf_interfaces__rosidl_typesupport_fastrtps_c.dir/rosidl_typesupport_fastrtps_c/uf_interfaces/action/detail/defend__type_support_c.cpp.o[0m
[14.671s] [ 47%] [32m[1mLinking CXX shared library libuf_interfaces__rosidl_typesupport_fastrtps_cpp.so[0m
[14.704s] [ 49%] [32mBuilding CXX object CMakeFiles/uf_interfaces__rosidl_typesupport_introspection_cpp.dir/rosidl_typesupport_introspection_cpp/uf_interfaces/srv/detail/geo_conv__type_support.cpp.o[0m
[14.857s] [ 49%] Built target uf_interfaces__rosidl_typesupport_fastrtps_cpp
[14.893s] [ 50%] [34m[1mGenerating C type support dispatch for ROS interfaces[0m
[15.075s] [ 52%] [32mBuilding C object CMakeFiles/uf_interfaces__rosidl_typesupport_introspection_c.dir/rosidl_typesupport_introspection_c/uf_interfaces/action/detail/defend__type_support.c.o[0m
[15.261s] [ 53%] [32mBuilding C object CMakeFiles/uf_interfaces__rosidl_typesupport_introspection_c.dir/rosidl_typesupport_introspection_c/uf_interfaces/action/detail/herd__type_support.c.o[0m
[15.426s] [ 55%] [32mBuilding C object CMakeFiles/uf_interfaces__rosidl_typesupport_introspection_c.dir/rosidl_typesupport_introspection_c/uf_interfaces/msg/detail/position__type_support.c.o[0m
[15.510s] [ 57%] [32mBuilding C object CMakeFiles/uf_interfaces__rosidl_typesupport_introspection_c.dir/rosidl_typesupport_introspection_c/uf_interfaces/srv/detail/task_assign__type_support.c.o[0m
[15.536s] [ 58%] [32mBuilding CXX object CMakeFiles/uf_interfaces__rosidl_typesupport_fastrtps_c.dir/rosidl_typesupport_fastrtps_c/uf_interfaces/action/detail/herd__type_support_c.cpp.o[0m
[15.639s] [ 60%] [32m[1mLinking CXX shared library libuf_interfaces__rosidl_typesupport_introspection_cpp.so[0m
[15.645s] [ 61%] [32mBuilding C object CMakeFiles/uf_interfaces__rosidl_typesupport_introspection_c.dir/rosidl_typesupport_introspection_c/uf_interfaces/srv/detail/geo_conv__type_support.c.o[0m
[15.779s] [ 63%] [32m[1mLinking C shared library libuf_interfaces__rosidl_typesupport_introspection_c.so[0m
[15.803s] [ 63%] Built target uf_interfaces__rosidl_typesupport_introspection_cpp
[15.830s] [ 65%] [32mBuilding CXX object CMakeFiles/uf_interfaces__rosidl_typesupport_fastrtps_c.dir/rosidl_typesupport_fastrtps_c/uf_interfaces/msg/detail/position__type_support_c.cpp.o[0m
[15.848s] [ 65%] Built target uf_interfaces__rosidl_typesupport_introspection_c
[15.873s] [ 66%] [32mBuilding CXX object CMakeFiles/uf_interfaces__rosidl_typesupport_fastrtps_c.dir/rosidl_typesupport_fastrtps_c/uf_interfaces/srv/detail/task_assign__type_support_c.cpp.o[0m
[16.464s] [ 68%] [32mBuilding CXX object CMakeFiles/uf_interfaces__rosidl_typesupport_fastrtps_c.dir/rosidl_typesupport_fastrtps_c/uf_interfaces/srv/detail/geo_conv__type_support_c.cpp.o[0m
[16.586s] [ 69%] [32mBuilding CXX object CMakeFiles/uf_interfaces__rosidl_typesupport_c.dir/rosidl_typesupport_c/uf_interfaces/action/defend__type_support.cpp.o[0m
[16.758s] [ 71%] [32mBuilding CXX object CMakeFiles/uf_interfaces__rosidl_typesupport_c.dir/rosidl_typesupport_c/uf_interfaces/action/herd__type_support.cpp.o[0m
[16.763s] [ 73%] [32mBuilding CXX object CMakeFiles/uf_interfaces__rosidl_typesupport_c.dir/rosidl_typesupport_c/uf_interfaces/msg/position__type_support.cpp.o[0m
[16.873s] [ 74%] [32mBuilding CXX object CMakeFiles/uf_interfaces__rosidl_typesupport_c.dir/rosidl_typesupport_c/uf_interfaces/srv/task_assign__type_support.cpp.o[0m
[16.889s] [ 76%] [32mBuilding CXX object CMakeFiles/uf_interfaces__rosidl_typesupport_c.dir/rosidl_typesupport_c/uf_interfaces/srv/geo_conv__type_support.cpp.o[0m
[16.948s] [ 77%] [32m[1mLinking CXX shared library libuf_interfaces__rosidl_typesupport_c.so[0m
[17.027s] [ 77%] Built target uf_interfaces__rosidl_typesupport_c
[17.116s] [ 79%] [32m[1mLinking CXX shared library libuf_interfaces__rosidl_typesupport_fastrtps_c.so[0m
[17.219s] [ 79%] Built target uf_interfaces__rosidl_typesupport_fastrtps_c
[17.241s] [ 79%] Built target uf_interfaces
[17.268s] [ 80%] [34m[1mGenerating Python code for ROS interfaces[0m
[19.264s] [ 80%] Built target uf_interfaces__py
[19.292s] [ 82%] [32mBuilding C object CMakeFiles/uf_interfaces__rosidl_generator_py.dir/rosidl_generator_py/uf_interfaces/action/_herd_s.c.o[0m
[19.294s] [ 84%] [32mBuilding C object CMakeFiles/uf_interfaces__rosidl_generator_py.dir/rosidl_generator_py/uf_interfaces/msg/_position_s.c.o[0m
[19.300s] [ 85%] [32mBuilding C object CMakeFiles/uf_interfaces__rosidl_generator_py.dir/rosidl_generator_py/uf_interfaces/action/_defend_s.c.o[0m
[19.302s] [ 87%] [32mBuilding C object CMakeFiles/uf_interfaces__rosidl_generator_py.dir/rosidl_generator_py/uf_interfaces/srv/_task_assign_s.c.o[0m
[19.611s] [ 88%] [32mBuilding C object CMakeFiles/uf_interfaces__rosidl_generator_py.dir/rosidl_generator_py/uf_interfaces/srv/_geo_conv_s.c.o[0m
[19.783s] [ 90%] [32m[1mLinking C shared library rosidl_generator_py/uf_interfaces/libuf_interfaces__rosidl_generator_py.so[0m
[19.834s] [ 90%] Built target uf_interfaces__rosidl_generator_py
[19.869s] [ 92%] [32mBuilding C object CMakeFiles/uf_interfaces__rosidl_typesupport_introspection_c__pyext.dir/rosidl_generator_py/uf_interfaces/_uf_interfaces_s.ep.rosidl_typesupport_introspection_c.c.o[0m
[19.869s] [ 93%] [32mBuilding C object CMakeFiles/uf_interfaces__rosidl_typesupport_fastrtps_c__pyext.dir/rosidl_generator_py/uf_interfaces/_uf_interfaces_s.ep.rosidl_typesupport_fastrtps_c.c.o[0m
[19.871s] [ 95%] [32mBuilding C object CMakeFiles/uf_interfaces__rosidl_typesupport_c__pyext.dir/rosidl_generator_py/uf_interfaces/_uf_interfaces_s.ep.rosidl_typesupport_c.c.o[0m
[20.210s] [ 96%] [32m[1mLinking C shared library rosidl_generator_py/uf_interfaces/uf_interfaces_s__rosidl_typesupport_fastrtps_c.cpython-310-x86_64-linux-gnu.so[0m
[20.211s] [ 98%] [32m[1mLinking C shared library rosidl_generator_py/uf_interfaces/uf_interfaces_s__rosidl_typesupport_introspection_c.cpython-310-x86_64-linux-gnu.so[0m
[20.221s] [100%] [32m[1mLinking C shared library rosidl_generator_py/uf_interfaces/uf_interfaces_s__rosidl_typesupport_c.cpython-310-x86_64-linux-gnu.so[0m
[20.293s] [100%] Built target uf_interfaces__rosidl_typesupport_fastrtps_c__pyext
[20.295s] [100%] Built target uf_interfaces__rosidl_typesupport_introspection_c__pyext
[20.305s] [100%] Built target uf_interfaces__rosidl_typesupport_c__pyext
[20.320s] Invoked command in '/home/wyatt/ros2_ws/build/uf_interfaces' returned '0': CMAKE_PREFIX_PATH=${CMAKE_PREFIX_PATH}:/home/wyatt/ros2_ws/install/wpt_control_xy:/home/wyatt/ros2_ws/install/wind_speed_package:/home/wyatt/ros2_ws/install/vehicle_position_checker:/home/wyatt/ros2_ws/install/test_herding_pkg:/home/wyatt/ros2_ws/install/single_integrator_agent:/home/wyatt/ros2_ws/install/position_broadcaster:/home/wyatt/ros2_ws/install/multi_agent_tracking_pkg:/home/wyatt/ros2_ws/install/minimal_startup:/home/wyatt/ros2_ws/install/matplotlib_sim:/home/wyatt/ros2_ws/install/jhyv_experiment_pkg:/home/wyatt/ros2_ws/install/herding_v1_package:/home/wyatt/ros2_ws/install/herding_control:/home/wyatt/ros2_ws/install/geodetic_conversion:/home/wyatt/ros2_ws/install/frame_pose_test_package:/home/wyatt/ros2_ws/install/estop_button:/home/wyatt/ros2_ws/install/emlid_interface:/opt/ros/humble /usr/bin/cmake --build /home/wyatt/ros2_ws/build/uf_interfaces -- -j4 -l4
[20.322s] Invoking command in '/home/wyatt/ros2_ws/build/uf_interfaces': CMAKE_PREFIX_PATH=${CMAKE_PREFIX_PATH}:/home/wyatt/ros2_ws/install/wpt_control_xy:/home/wyatt/ros2_ws/install/wind_speed_package:/home/wyatt/ros2_ws/install/vehicle_position_checker:/home/wyatt/ros2_ws/install/test_herding_pkg:/home/wyatt/ros2_ws/install/single_integrator_agent:/home/wyatt/ros2_ws/install/position_broadcaster:/home/wyatt/ros2_ws/install/multi_agent_tracking_pkg:/home/wyatt/ros2_ws/install/minimal_startup:/home/wyatt/ros2_ws/install/matplotlib_sim:/home/wyatt/ros2_ws/install/jhyv_experiment_pkg:/home/wyatt/ros2_ws/install/herding_v1_package:/home/wyatt/ros2_ws/install/herding_control:/home/wyatt/ros2_ws/install/geodetic_conversion:/home/wyatt/ros2_ws/install/frame_pose_test_package:/home/wyatt/ros2_ws/install/estop_button:/home/wyatt/ros2_ws/install/emlid_interface:/opt/ros/humble /usr/bin/cmake --install /home/wyatt/ros2_ws/build/uf_interfaces
[20.331s] -- Install configuration: ""
[20.332s] -- Installing: /home/wyatt/ros2_ws/install/uf_interfaces/share/ament_index/resource_index/rosidl_interfaces/uf_interfaces
[20.332s] -- Installing: /home/wyatt/ros2_ws/install/uf_interfaces/include/uf_interfaces/uf_interfaces
[20.332s] -- Installing: /home/wyatt/ros2_ws/install/uf_interfaces/include/uf_interfaces/uf_interfaces/msg
[20.332s] -- Installing: /home/wyatt/ros2_ws/install/uf_interfaces/include/uf_interfaces/uf_interfaces/msg/position.h
[20.333s] -- Installing: /home/wyatt/ros2_ws/install/uf_interfaces/include/uf_interfaces/uf_interfaces/msg/rosidl_generator_c__visibility_control.h
[20.333s] -- Installing: /home/wyatt/ros2_ws/install/uf_interfaces/include/uf_interfaces/uf_interfaces/msg/detail
[20.333s] -- Installing: /home/wyatt/ros2_ws/install/uf_interfaces/include/uf_interfaces/uf_interfaces/msg/detail/position__functions.c
[20.333s] -- Installing: /home/wyatt/ros2_ws/install/uf_interfaces/include/uf_interfaces/uf_interfaces/msg/detail/position__functions.h
[20.333s] -- Installing: /home/wyatt/ros2_ws/install/uf_interfaces/include/uf_interfaces/uf_interfaces/msg/detail/position__type_support.h
[20.334s] -- Installing: /home/wyatt/ros2_ws/install/uf_interfaces/include/uf_interfaces/uf_interfaces/msg/detail/position__struct.h
[20.334s] -- Installing: /home/wyatt/ros2_ws/install/uf_interfaces/include/uf_interfaces/uf_interfaces/srv
[20.334s] -- Installing: /home/wyatt/ros2_ws/install/uf_interfaces/include/uf_interfaces/uf_interfaces/srv/geo_conv.h
[20.334s] -- Installing: /home/wyatt/ros2_ws/install/uf_interfaces/include/uf_interfaces/uf_interfaces/srv/task_assign.h
[20.334s] -- Installing: /home/wyatt/ros2_ws/install/uf_interfaces/include/uf_interfaces/uf_interfaces/srv/detail
[20.334s] -- Installing: /home/wyatt/ros2_ws/install/uf_interfaces/include/uf_interfaces/uf_interfaces/srv/detail/geo_conv__functions.c
[20.335s] -- Installing: /home/wyatt/ros2_ws/install/uf_interfaces/include/uf_interfaces/uf_interfaces/srv/detail/geo_conv__type_support.h
[20.335s] -- Installing: /home/wyatt/ros2_ws/install/uf_interfaces/include/uf_interfaces/uf_interfaces/srv/detail/geo_conv__functions.h
[20.335s] -- Installing: /home/wyatt/ros2_ws/install/uf_interfaces/include/uf_interfaces/uf_interfaces/srv/detail/task_assign__functions.h
[20.335s] -- Installing: /home/wyatt/ros2_ws/install/uf_interfaces/include/uf_interfaces/uf_interfaces/srv/detail/task_assign__struct.h
[20.335s] -- Installing: /home/wyatt/ros2_ws/install/uf_interfaces/include/uf_interfaces/uf_interfaces/srv/detail/geo_conv__struct.h
[20.336s] -- Installing: /home/wyatt/ros2_ws/install/uf_interfaces/include/uf_interfaces/uf_interfaces/srv/detail/task_assign__functions.c
[20.336s] -- Installing: /home/wyatt/ros2_ws/install/uf_interfaces/include/uf_interfaces/uf_interfaces/srv/detail/task_assign__type_support.h
[20.336s] -- Installing: /home/wyatt/ros2_ws/install/uf_interfaces/include/uf_interfaces/uf_interfaces/action
[20.336s] -- Installing: /home/wyatt/ros2_ws/install/uf_interfaces/include/uf_interfaces/uf_interfaces/action/defend.h
[20.336s] -- Installing: /home/wyatt/ros2_ws/install/uf_interfaces/include/uf_interfaces/uf_interfaces/action/herd.h
[20.337s] -- Installing: /home/wyatt/ros2_ws/install/uf_interfaces/include/uf_interfaces/uf_interfaces/action/detail
[20.337s] -- Installing: /home/wyatt/ros2_ws/install/uf_interfaces/include/uf_interfaces/uf_interfaces/action/detail/herd__functions.h
[20.337s] -- Installing: /home/wyatt/ros2_ws/install/uf_interfaces/include/uf_interfaces/uf_interfaces/action/detail/defend__type_support.h
[20.337s] -- Installing: /home/wyatt/ros2_ws/install/uf_interfaces/include/uf_interfaces/uf_interfaces/action/detail/defend__functions.h
[20.337s] -- Installing: /home/wyatt/ros2_ws/install/uf_interfaces/include/uf_interfaces/uf_interfaces/action/detail/herd__struct.h
[20.337s] -- Installing: /home/wyatt/ros2_ws/install/uf_interfaces/include/uf_interfaces/uf_interfaces/action/detail/defend__struct.h
[20.338s] -- Installing: /home/wyatt/ros2_ws/install/uf_interfaces/include/uf_interfaces/uf_interfaces/action/detail/herd__functions.c
[20.338s] -- Installing: /home/wyatt/ros2_ws/install/uf_interfaces/include/uf_interfaces/uf_interfaces/action/detail/defend__functions.c
[20.338s] -- Installing: /home/wyatt/ros2_ws/install/uf_interfaces/include/uf_interfaces/uf_interfaces/action/detail/herd__type_support.h
[20.338s] -- Installing: /home/wyatt/ros2_ws/install/uf_interfaces/share/uf_interfaces/environment/library_path.sh
[20.339s] -- Installing: /home/wyatt/ros2_ws/install/uf_interfaces/share/uf_interfaces/environment/library_path.dsv
[20.339s] -- Installing: /home/wyatt/ros2_ws/install/uf_interfaces/lib/libuf_interfaces__rosidl_generator_c.so
[20.340s] -- Set runtime path of "/home/wyatt/ros2_ws/install/uf_interfaces/lib/libuf_interfaces__rosidl_generator_c.so" to ""
[20.340s] -- Up-to-date: /home/wyatt/ros2_ws/install/uf_interfaces/include/uf_interfaces/uf_interfaces
[20.341s] -- Up-to-date: /home/wyatt/ros2_ws/install/uf_interfaces/include/uf_interfaces/uf_interfaces/msg
[20.341s] -- Installing: /home/wyatt/ros2_ws/install/uf_interfaces/include/uf_interfaces/uf_interfaces/msg/rosidl_typesupport_fastrtps_c__visibility_control.h
[20.341s] -- Up-to-date: /home/wyatt/ros2_ws/install/uf_interfaces/include/uf_interfaces/uf_interfaces/msg/detail
[20.341s] -- Installing: /home/wyatt/ros2_ws/install/uf_interfaces/include/uf_interfaces/uf_interfaces/msg/detail/position__rosidl_typesupport_fastrtps_c.h
[20.342s] -- Up-to-date: /home/wyatt/ros2_ws/install/uf_interfaces/include/uf_interfaces/uf_interfaces/srv
[20.342s] -- Up-to-date: /home/wyatt/ros2_ws/install/uf_interfaces/include/uf_interfaces/uf_interfaces/srv/detail
[20.342s] -- Installing: /home/wyatt/ros2_ws/install/uf_interfaces/include/uf_interfaces/uf_interfaces/srv/detail/geo_conv__rosidl_typesupport_fastrtps_c.h
[20.342s] -- Installing: /home/wyatt/ros2_ws/install/uf_interfaces/include/uf_interfaces/uf_interfaces/srv/detail/task_assign__rosidl_typesupport_fastrtps_c.h
[20.342s] -- Up-to-date: /home/wyatt/ros2_ws/install/uf_interfaces/include/uf_interfaces/uf_interfaces/action
[20.342s] -- Up-to-date: /home/wyatt/ros2_ws/install/uf_interfaces/include/uf_interfaces/uf_interfaces/action/detail
[20.343s] -- Installing: /home/wyatt/ros2_ws/install/uf_interfaces/include/uf_interfaces/uf_interfaces/action/detail/defend__rosidl_typesupport_fastrtps_c.h
[20.343s] -- Installing: /home/wyatt/ros2_ws/install/uf_interfaces/include/uf_interfaces/uf_interfaces/action/detail/herd__rosidl_typesupport_fastrtps_c.h
[20.343s] -- Installing: /home/wyatt/ros2_ws/install/uf_interfaces/lib/libuf_interfaces__rosidl_typesupport_fastrtps_c.so
[20.343s] -- Set runtime path of "/home/wyatt/ros2_ws/install/uf_interfaces/lib/libuf_interfaces__rosidl_typesupport_fastrtps_c.so" to ""
[20.344s] -- Up-to-date: /home/wyatt/ros2_ws/install/uf_interfaces/include/uf_interfaces/uf_interfaces
[20.344s] -- Up-to-date: /home/wyatt/ros2_ws/install/uf_interfaces/include/uf_interfaces/uf_interfaces/msg
[20.344s] -- Installing: /home/wyatt/ros2_ws/install/uf_interfaces/include/uf_interfaces/uf_interfaces/msg/position.hpp
[20.344s] -- Up-to-date: /home/wyatt/ros2_ws/install/uf_interfaces/include/uf_interfaces/uf_interfaces/msg/detail
[20.345s] -- Installing: /home/wyatt/ros2_ws/install/uf_interfaces/include/uf_interfaces/uf_interfaces/msg/detail/position__traits.hpp
[20.345s] -- Installing: /home/wyatt/ros2_ws/install/uf_interfaces/include/uf_interfaces/uf_interfaces/msg/detail/position__builder.hpp
[20.345s] -- Installing: /home/wyatt/ros2_ws/install/uf_interfaces/include/uf_interfaces/uf_interfaces/msg/detail/position__struct.hpp
[20.345s] -- Up-to-date: /home/wyatt/ros2_ws/install/uf_interfaces/include/uf_interfaces/uf_interfaces/srv
[20.345s] -- Installing: /home/wyatt/ros2_ws/install/uf_interfaces/include/uf_interfaces/uf_interfaces/srv/task_assign.hpp
[20.345s] -- Installing: /home/wyatt/ros2_ws/install/uf_interfaces/include/uf_interfaces/uf_interfaces/srv/geo_conv.hpp
[20.345s] -- Up-to-date: /home/wyatt/ros2_ws/install/uf_interfaces/include/uf_interfaces/uf_interfaces/srv/detail
[20.346s] -- Installing: /home/wyatt/ros2_ws/install/uf_interfaces/include/uf_interfaces/uf_interfaces/srv/detail/geo_conv__traits.hpp
[20.346s] -- Installing: /home/wyatt/ros2_ws/install/uf_interfaces/include/uf_interfaces/uf_interfaces/srv/detail/task_assign__builder.hpp
[20.346s] -- Installing: /home/wyatt/ros2_ws/install/uf_interfaces/include/uf_interfaces/uf_interfaces/srv/detail/task_assign__struct.hpp
[20.346s] -- Installing: /home/wyatt/ros2_ws/install/uf_interfaces/include/uf_interfaces/uf_interfaces/srv/detail/geo_conv__builder.hpp
[20.347s] -- Installing: /home/wyatt/ros2_ws/install/uf_interfaces/include/uf_interfaces/uf_interfaces/srv/detail/geo_conv__struct.hpp
[20.347s] -- Installing: /home/wyatt/ros2_ws/install/uf_interfaces/include/uf_interfaces/uf_interfaces/srv/detail/task_assign__traits.hpp
[20.347s] -- Up-to-date: /home/wyatt/ros2_ws/install/uf_interfaces/include/uf_interfaces/uf_interfaces/action
[20.347s] -- Installing: /home/wyatt/ros2_ws/install/uf_interfaces/include/uf_interfaces/uf_interfaces/action/defend.hpp
[20.347s] -- Installing: /home/wyatt/ros2_ws/install/uf_interfaces/include/uf_interfaces/uf_interfaces/action/herd.hpp
[20.348s] -- Up-to-date: /home/wyatt/ros2_ws/install/uf_interfaces/include/uf_interfaces/uf_interfaces/action/detail
[20.348s] -- Installing: /home/wyatt/ros2_ws/install/uf_interfaces/include/uf_interfaces/uf_interfaces/action/detail/herd__traits.hpp
[20.348s] -- Installing: /home/wyatt/ros2_ws/install/uf_interfaces/include/uf_interfaces/uf_interfaces/action/detail/defend__builder.hpp
[20.348s] -- Installing: /home/wyatt/ros2_ws/install/uf_interfaces/include/uf_interfaces/uf_interfaces/action/detail/herd__builder.hpp
[20.349s] -- Installing: /home/wyatt/ros2_ws/install/uf_interfaces/include/uf_interfaces/uf_interfaces/action/detail/herd__struct.hpp
[20.349s] -- Installing: /home/wyatt/ros2_ws/install/uf_interfaces/include/uf_interfaces/uf_interfaces/action/detail/defend__traits.hpp
[20.349s] -- Installing: /home/wyatt/ros2_ws/install/uf_interfaces/include/uf_interfaces/uf_interfaces/action/detail/defend__struct.hpp
[20.349s] -- Up-to-date: /home/wyatt/ros2_ws/install/uf_interfaces/include/uf_interfaces/uf_interfaces
[20.350s] -- Up-to-date: /home/wyatt/ros2_ws/install/uf_interfaces/include/uf_interfaces/uf_interfaces/msg
[20.350s] -- Installing: /home/wyatt/ros2_ws/install/uf_interfaces/include/uf_interfaces/uf_interfaces/msg/rosidl_typesupport_fastrtps_cpp__visibility_control.h
[20.350s] -- Up-to-date: /home/wyatt/ros2_ws/install/uf_interfaces/include/uf_interfaces/uf_interfaces/msg/detail
[20.351s] -- Installing: /home/wyatt/ros2_ws/install/uf_interfaces/include/uf_interfaces/uf_interfaces/msg/detail/position__rosidl_typesupport_fastrtps_cpp.hpp
[20.351s] -- Installing: /home/wyatt/ros2_ws/install/uf_interfaces/include/uf_interfaces/uf_interfaces/msg/detail/dds_fastrtps
[20.352s] -- Up-to-date: /home/wyatt/ros2_ws/install/uf_interfaces/include/uf_interfaces/uf_interfaces/srv
[20.353s] -- Up-to-date: /home/wyatt/ros2_ws/install/uf_interfaces/include/uf_interfaces/uf_interfaces/srv/detail
[20.353s] -- Installing: /home/wyatt/ros2_ws/install/uf_interfaces/include/uf_interfaces/uf_interfaces/srv/detail/task_assign__rosidl_typesupport_fastrtps_cpp.hpp
[20.353s] -- Installing: /home/wyatt/ros2_ws/install/uf_interfaces/include/uf_interfaces/uf_interfaces/srv/detail/dds_fastrtps
[20.353s] -- Installing: /home/wyatt/ros2_ws/install/uf_interfaces/include/uf_interfaces/uf_interfaces/srv/detail/geo_conv__rosidl_typesupport_fastrtps_cpp.hpp
[20.353s] -- Up-to-date: /home/wyatt/ros2_ws/install/uf_interfaces/include/uf_interfaces/uf_interfaces/action
[20.354s] -- Up-to-date: /home/wyatt/ros2_ws/install/uf_interfaces/include/uf_interfaces/uf_interfaces/action/detail
[20.354s] -- Installing: /home/wyatt/ros2_ws/install/uf_interfaces/include/uf_interfaces/uf_interfaces/action/detail/defend__rosidl_typesupport_fastrtps_cpp.hpp
[20.354s] -- Installing: /home/wyatt/ros2_ws/install/uf_interfaces/include/uf_interfaces/uf_interfaces/action/detail/herd__rosidl_typesupport_fastrtps_cpp.hpp
[20.354s] -- Installing: /home/wyatt/ros2_ws/install/uf_interfaces/include/uf_interfaces/uf_interfaces/action/detail/dds_fastrtps
[20.355s] -- Installing: /home/wyatt/ros2_ws/install/uf_interfaces/lib/libuf_interfaces__rosidl_typesupport_fastrtps_cpp.so
[20.355s] -- Set runtime path of "/home/wyatt/ros2_ws/install/uf_interfaces/lib/libuf_interfaces__rosidl_typesupport_fastrtps_cpp.so" to ""
[20.355s] -- Up-to-date: /home/wyatt/ros2_ws/install/uf_interfaces/include/uf_interfaces/uf_interfaces
[20.355s] -- Up-to-date: /home/wyatt/ros2_ws/install/uf_interfaces/include/uf_interfaces/uf_interfaces/msg
[20.355s] -- Installing: /home/wyatt/ros2_ws/install/uf_interfaces/include/uf_interfaces/uf_interfaces/msg/rosidl_typesupport_introspection_c__visibility_control.h
[20.356s] -- Up-to-date: /home/wyatt/ros2_ws/install/uf_interfaces/include/uf_interfaces/uf_interfaces/msg/detail
[20.356s] -- Installing: /home/wyatt/ros2_ws/install/uf_interfaces/include/uf_interfaces/uf_interfaces/msg/detail/position__type_support.c
[20.356s] -- Installing: /home/wyatt/ros2_ws/install/uf_interfaces/include/uf_interfaces/uf_interfaces/msg/detail/position__rosidl_typesupport_introspection_c.h
[20.356s] -- Up-to-date: /home/wyatt/ros2_ws/install/uf_interfaces/include/uf_interfaces/uf_interfaces/srv
[20.357s] -- Up-to-date: /home/wyatt/ros2_ws/install/uf_interfaces/include/uf_interfaces/uf_interfaces/srv/detail
[20.357s] -- Installing: /home/wyatt/ros2_ws/install/uf_interfaces/include/uf_interfaces/uf_interfaces/srv/detail/geo_conv__rosidl_typesupport_introspection_c.h
[20.357s] -- Installing: /home/wyatt/ros2_ws/install/uf_interfaces/include/uf_interfaces/uf_interfaces/srv/detail/task_assign__rosidl_typesupport_introspection_c.h
[20.357s] -- Installing: /home/wyatt/ros2_ws/install/uf_interfaces/include/uf_interfaces/uf_interfaces/srv/detail/task_assign__type_support.c
[20.358s] -- Installing: /home/wyatt/ros2_ws/install/uf_interfaces/include/uf_interfaces/uf_interfaces/srv/detail/geo_conv__type_support.c
[20.358s] -- Up-to-date: /home/wyatt/ros2_ws/install/uf_interfaces/include/uf_interfaces/uf_interfaces/action
[20.358s] -- Up-to-date: /home/wyatt/ros2_ws/install/uf_interfaces/include/uf_interfaces/uf_interfaces/action/detail
[20.358s] -- Installing: /home/wyatt/ros2_ws/install/uf_interfaces/include/uf_interfaces/uf_interfaces/action/detail/defend__rosidl_typesupport_introspection_c.h
[20.358s] -- Installing: /home/wyatt/ros2_ws/install/uf_interfaces/include/uf_interfaces/uf_interfaces/action/detail/herd__rosidl_typesupport_introspection_c.h
[20.359s] -- Installing: /home/wyatt/ros2_ws/install/uf_interfaces/include/uf_interfaces/uf_interfaces/action/detail/defend__type_support.c
[20.359s] -- Installing: /home/wyatt/ros2_ws/install/uf_interfaces/include/uf_interfaces/uf_interfaces/action/detail/herd__type_support.c
[20.359s] -- Installing: /home/wyatt/ros2_ws/install/uf_interfaces/lib/libuf_interfaces__rosidl_typesupport_introspection_c.so
[20.359s] -- Set runtime path of "/home/wyatt/ros2_ws/install/uf_interfaces/lib/libuf_interfaces__rosidl_typesupport_introspection_c.so" to ""
[20.359s] -- Installing: /home/wyatt/ros2_ws/install/uf_interfaces/lib/libuf_interfaces__rosidl_typesupport_c.so
[20.359s] -- Set runtime path of "/home/wyatt/ros2_ws/install/uf_interfaces/lib/libuf_interfaces__rosidl_typesupport_c.so" to ""
[20.360s] -- Up-to-date: /home/wyatt/ros2_ws/install/uf_interfaces/include/uf_interfaces/uf_interfaces
[20.360s] -- Up-to-date: /home/wyatt/ros2_ws/install/uf_interfaces/include/uf_interfaces/uf_interfaces/msg
[20.360s] -- Up-to-date: /home/wyatt/ros2_ws/install/uf_interfaces/include/uf_interfaces/uf_interfaces/msg/detail
[20.360s] -- Installing: /home/wyatt/ros2_ws/install/uf_interfaces/include/uf_interfaces/uf_interfaces/msg/detail/position__rosidl_typesupport_introspection_cpp.hpp
[20.360s] -- Installing: /home/wyatt/ros2_ws/install/uf_interfaces/include/uf_interfaces/uf_interfaces/msg/detail/position__type_support.cpp
[20.361s] -- Up-to-date: /home/wyatt/ros2_ws/install/uf_interfaces/include/uf_interfaces/uf_interfaces/srv
[20.361s] -- Up-to-date: /home/wyatt/ros2_ws/install/uf_interfaces/include/uf_interfaces/uf_interfaces/srv/detail
[20.361s] -- Installing: /home/wyatt/ros2_ws/install/uf_interfaces/include/uf_interfaces/uf_interfaces/srv/detail/geo_conv__rosidl_typesupport_introspection_cpp.hpp
[20.361s] -- Installing: /home/wyatt/ros2_ws/install/uf_interfaces/include/uf_interfaces/uf_interfaces/srv/detail/task_assign__rosidl_typesupport_introspection_cpp.hpp
[20.361s] -- Installing: /home/wyatt/ros2_ws/install/uf_interfaces/include/uf_interfaces/uf_interfaces/srv/detail/task_assign__type_support.cpp
[20.362s] -- Installing: /home/wyatt/ros2_ws/install/uf_interfaces/include/uf_interfaces/uf_interfaces/srv/detail/geo_conv__type_support.cpp
[20.362s] -- Up-to-date: /home/wyatt/ros2_ws/install/uf_interfaces/include/uf_interfaces/uf_interfaces/action
[20.362s] -- Up-to-date: /home/wyatt/ros2_ws/install/uf_interfaces/include/uf_interfaces/uf_interfaces/action/detail
[20.362s] -- Installing: /home/wyatt/ros2_ws/install/uf_interfaces/include/uf_interfaces/uf_interfaces/action/detail/defend__rosidl_typesupport_introspection_cpp.hpp
[20.362s] -- Installing: /home/wyatt/ros2_ws/install/uf_interfaces/include/uf_interfaces/uf_interfaces/action/detail/defend__type_support.cpp
[20.363s] -- Installing: /home/wyatt/ros2_ws/install/uf_interfaces/include/uf_interfaces/uf_interfaces/action/detail/herd__type_support.cpp
[20.363s] -- Installing: /home/wyatt/ros2_ws/install/uf_interfaces/include/uf_interfaces/uf_interfaces/action/detail/herd__rosidl_typesupport_introspection_cpp.hpp
[20.363s] -- Installing: /home/wyatt/ros2_ws/install/uf_interfaces/lib/libuf_interfaces__rosidl_typesupport_introspection_cpp.so
[20.363s] -- Set runtime path of "/home/wyatt/ros2_ws/install/uf_interfaces/lib/libuf_interfaces__rosidl_typesupport_introspection_cpp.so" to ""
[20.363s] -- Installing: /home/wyatt/ros2_ws/install/uf_interfaces/lib/libuf_interfaces__rosidl_typesupport_cpp.so
[20.364s] -- Set runtime path of "/home/wyatt/ros2_ws/install/uf_interfaces/lib/libuf_interfaces__rosidl_typesupport_cpp.so" to ""
[20.364s] -- Installing: /home/wyatt/ros2_ws/install/uf_interfaces/share/uf_interfaces/environment/pythonpath.sh
[20.364s] -- Installing: /home/wyatt/ros2_ws/install/uf_interfaces/share/uf_interfaces/environment/pythonpath.dsv
[20.365s] -- Installing: /home/wyatt/ros2_ws/install/uf_interfaces/local/lib/python3.10/dist-packages/uf_interfaces-0.0.0-py3.10.egg-info
[20.365s] -- Installing: /home/wyatt/ros2_ws/install/uf_interfaces/local/lib/python3.10/dist-packages/uf_interfaces-0.0.0-py3.10.egg-info/SOURCES.txt
[20.365s] -- Installing: /home/wyatt/ros2_ws/install/uf_interfaces/local/lib/python3.10/dist-packages/uf_interfaces-0.0.0-py3.10.egg-info/PKG-INFO
[20.365s] -- Installing: /home/wyatt/ros2_ws/install/uf_interfaces/local/lib/python3.10/dist-packages/uf_interfaces-0.0.0-py3.10.egg-info/dependency_links.txt
[20.365s] -- Installing: /home/wyatt/ros2_ws/install/uf_interfaces/local/lib/python3.10/dist-packages/uf_interfaces-0.0.0-py3.10.egg-info/top_level.txt
[20.366s] -- Installing: /home/wyatt/ros2_ws/install/uf_interfaces/local/lib/python3.10/dist-packages/uf_interfaces
[20.366s] -- Installing: /home/wyatt/ros2_ws/install/uf_interfaces/local/lib/python3.10/dist-packages/uf_interfaces/uf_interfaces_s__rosidl_typesupport_introspection_c.cpython-310-x86_64-linux-gnu.so
[20.366s] -- Installing: /home/wyatt/ros2_ws/install/uf_interfaces/local/lib/python3.10/dist-packages/uf_interfaces/_uf_interfaces_s.ep.rosidl_typesupport_fastrtps_c.c
[20.366s] -- Installing: /home/wyatt/ros2_ws/install/uf_interfaces/local/lib/python3.10/dist-packages/uf_interfaces/_uf_interfaces_s.ep.rosidl_typesupport_introspection_c.c
[20.366s] -- Installing: /home/wyatt/ros2_ws/install/uf_interfaces/local/lib/python3.10/dist-packages/uf_interfaces/uf_interfaces_s__rosidl_typesupport_c.cpython-310-x86_64-linux-gnu.so
[20.367s] -- Installing: /home/wyatt/ros2_ws/install/uf_interfaces/local/lib/python3.10/dist-packages/uf_interfaces/msg
[20.367s] -- Installing: /home/wyatt/ros2_ws/install/uf_interfaces/local/lib/python3.10/dist-packages/uf_interfaces/msg/_position.py
[20.367s] -- Installing: /home/wyatt/ros2_ws/install/uf_interfaces/local/lib/python3.10/dist-packages/uf_interfaces/msg/__init__.py
[20.367s] -- Installing: /home/wyatt/ros2_ws/install/uf_interfaces/local/lib/python3.10/dist-packages/uf_interfaces/msg/_position_s.c
[20.368s] -- Installing: /home/wyatt/ros2_ws/install/uf_interfaces/local/lib/python3.10/dist-packages/uf_interfaces/srv
[20.368s] -- Installing: /home/wyatt/ros2_ws/install/uf_interfaces/local/lib/python3.10/dist-packages/uf_interfaces/srv/_geo_conv_s.c
[20.368s] -- Installing: /home/wyatt/ros2_ws/install/uf_interfaces/local/lib/python3.10/dist-packages/uf_interfaces/srv/_task_assign.py
[20.368s] -- Installing: /home/wyatt/ros2_ws/install/uf_interfaces/local/lib/python3.10/dist-packages/uf_interfaces/srv/__init__.py
[20.368s] -- Installing: /home/wyatt/ros2_ws/install/uf_interfaces/local/lib/python3.10/dist-packages/uf_interfaces/srv/_task_assign_s.c
[20.368s] -- Installing: /home/wyatt/ros2_ws/install/uf_interfaces/local/lib/python3.10/dist-packages/uf_interfaces/srv/_geo_conv.py
[20.368s] -- Installing: /home/wyatt/ros2_ws/install/uf_interfaces/local/lib/python3.10/dist-packages/uf_interfaces/__init__.py
[20.369s] -- Installing: /home/wyatt/ros2_ws/install/uf_interfaces/local/lib/python3.10/dist-packages/uf_interfaces/_uf_interfaces_s.ep.rosidl_typesupport_c.c
[20.369s] -- Installing: /home/wyatt/ros2_ws/install/uf_interfaces/local/lib/python3.10/dist-packages/uf_interfaces/libuf_interfaces__rosidl_generator_py.so
[20.369s] -- Installing: /home/wyatt/ros2_ws/install/uf_interfaces/local/lib/python3.10/dist-packages/uf_interfaces/uf_interfaces_s__rosidl_typesupport_fastrtps_c.cpython-310-x86_64-linux-gnu.so
[20.369s] -- Installing: /home/wyatt/ros2_ws/install/uf_interfaces/local/lib/python3.10/dist-packages/uf_interfaces/action
[20.369s] -- Installing: /home/wyatt/ros2_ws/install/uf_interfaces/local/lib/python3.10/dist-packages/uf_interfaces/action/_defend_s.c
[20.369s] -- Installing: /home/wyatt/ros2_ws/install/uf_interfaces/local/lib/python3.10/dist-packages/uf_interfaces/action/_defend.py
[20.369s] -- Installing: /home/wyatt/ros2_ws/install/uf_interfaces/local/lib/python3.10/dist-packages/uf_interfaces/action/__init__.py
[20.369s] -- Installing: /home/wyatt/ros2_ws/install/uf_interfaces/local/lib/python3.10/dist-packages/uf_interfaces/action/_herd.py
[20.369s] -- Installing: /home/wyatt/ros2_ws/install/uf_interfaces/local/lib/python3.10/dist-packages/uf_interfaces/action/_herd_s.c
[20.443s] Listing '/home/wyatt/ros2_ws/install/uf_interfaces/local/lib/python3.10/dist-packages/uf_interfaces'...
[20.443s] Compiling '/home/wyatt/ros2_ws/install/uf_interfaces/local/lib/python3.10/dist-packages/uf_interfaces/__init__.py'...
[20.443s] Listing '/home/wyatt/ros2_ws/install/uf_interfaces/local/lib/python3.10/dist-packages/uf_interfaces/action'...
[20.443s] Compiling '/home/wyatt/ros2_ws/install/uf_interfaces/local/lib/python3.10/dist-packages/uf_interfaces/action/__init__.py'...
[20.443s] Compiling '/home/wyatt/ros2_ws/install/uf_interfaces/local/lib/python3.10/dist-packages/uf_interfaces/action/_defend.py'...
[20.443s] Compiling '/home/wyatt/ros2_ws/install/uf_interfaces/local/lib/python3.10/dist-packages/uf_interfaces/action/_herd.py'...
[20.444s] Listing '/home/wyatt/ros2_ws/install/uf_interfaces/local/lib/python3.10/dist-packages/uf_interfaces/msg'...
[20.444s] Compiling '/home/wyatt/ros2_ws/install/uf_interfaces/local/lib/python3.10/dist-packages/uf_interfaces/msg/__init__.py'...
[20.444s] Compiling '/home/wyatt/ros2_ws/install/uf_interfaces/local/lib/python3.10/dist-packages/uf_interfaces/msg/_position.py'...
[20.444s] Listing '/home/wyatt/ros2_ws/install/uf_interfaces/local/lib/python3.10/dist-packages/uf_interfaces/srv'...
[20.444s] Compiling '/home/wyatt/ros2_ws/install/uf_interfaces/local/lib/python3.10/dist-packages/uf_interfaces/srv/__init__.py'...
[20.444s] Compiling '/home/wyatt/ros2_ws/install/uf_interfaces/local/lib/python3.10/dist-packages/uf_interfaces/srv/_geo_conv.py'...
[20.444s] Compiling '/home/wyatt/ros2_ws/install/uf_interfaces/local/lib/python3.10/dist-packages/uf_interfaces/srv/_task_assign.py'...
[20.449s] -- Installing: /home/wyatt/ros2_ws/install/uf_interfaces/local/lib/python3.10/dist-packages/uf_interfaces/uf_interfaces_s__rosidl_typesupport_fastrtps_c.cpython-310-x86_64-linux-gnu.so
[20.450s] -- Set runtime path of "/home/wyatt/ros2_ws/install/uf_interfaces/local/lib/python3.10/dist-packages/uf_interfaces/uf_interfaces_s__rosidl_typesupport_fastrtps_c.cpython-310-x86_64-linux-gnu.so" to ""
[20.450s] -- Installing: /home/wyatt/ros2_ws/install/uf_interfaces/local/lib/python3.10/dist-packages/uf_interfaces/uf_interfaces_s__rosidl_typesupport_introspection_c.cpython-310-x86_64-linux-gnu.so
[20.451s] -- Set runtime path of "/home/wyatt/ros2_ws/install/uf_interfaces/local/lib/python3.10/dist-packages/uf_interfaces/uf_interfaces_s__rosidl_typesupport_introspection_c.cpython-310-x86_64-linux-gnu.so" to ""
[20.451s] -- Installing: /home/wyatt/ros2_ws/install/uf_interfaces/local/lib/python3.10/dist-packages/uf_interfaces/uf_interfaces_s__rosidl_typesupport_c.cpython-310-x86_64-linux-gnu.so
[20.452s] -- Set runtime path of "/home/wyatt/ros2_ws/install/uf_interfaces/local/lib/python3.10/dist-packages/uf_interfaces/uf_interfaces_s__rosidl_typesupport_c.cpython-310-x86_64-linux-gnu.so" to ""
[20.452s] -- Installing: /home/wyatt/ros2_ws/install/uf_interfaces/lib/libuf_interfaces__rosidl_generator_py.so
[20.453s] -- Set runtime path of "/home/wyatt/ros2_ws/install/uf_interfaces/lib/libuf_interfaces__rosidl_generator_py.so" to ""
[20.453s] -- Installing: /home/wyatt/ros2_ws/install/uf_interfaces/share/uf_interfaces/action/Defend.idl
[20.453s] -- Installing: /home/wyatt/ros2_ws/install/uf_interfaces/share/uf_interfaces/action/Herd.idl
[20.453s] -- Installing: /home/wyatt/ros2_ws/install/uf_interfaces/share/uf_interfaces/msg/Position.idl
[20.454s] -- Installing: /home/wyatt/ros2_ws/install/uf_interfaces/share/uf_interfaces/srv/TaskAssign.idl
[20.454s] -- Installing: /home/wyatt/ros2_ws/install/uf_interfaces/share/uf_interfaces/srv/GeoConv.idl
[20.454s] -- Installing: /home/wyatt/ros2_ws/install/uf_interfaces/share/uf_interfaces/action/Defend.action
[20.454s] -- Installing: /home/wyatt/ros2_ws/install/uf_interfaces/share/uf_interfaces/action/Herd.action
[20.455s] -- Installing: /home/wyatt/ros2_ws/install/uf_interfaces/share/uf_interfaces/msg/Position.msg
[20.455s] -- Installing: /home/wyatt/ros2_ws/install/uf_interfaces/share/uf_interfaces/srv/TaskAssign.srv
[20.455s] -- Installing: /home/wyatt/ros2_ws/install/uf_interfaces/share/uf_interfaces/srv/TaskAssign_Request.msg
[20.455s] -- Installing: /home/wyatt/ros2_ws/install/uf_interfaces/share/uf_interfaces/srv/TaskAssign_Response.msg
[20.455s] -- Installing: /home/wyatt/ros2_ws/install/uf_interfaces/share/uf_interfaces/srv/GeoConv.srv
[20.456s] -- Installing: /home/wyatt/ros2_ws/install/uf_interfaces/share/uf_interfaces/srv/GeoConv_Request.msg
[20.456s] -- Installing: /home/wyatt/ros2_ws/install/uf_interfaces/share/uf_interfaces/srv/GeoConv_Response.msg
[20.456s] -- Installing: /home/wyatt/ros2_ws/install/uf_interfaces/share/ament_index/resource_index/package_run_dependencies/uf_interfaces
[20.456s] -- Installing: /home/wyatt/ros2_ws/install/uf_interfaces/share/ament_index/resource_index/parent_prefix_path/uf_interfaces
[20.457s] -- Installing: /home/wyatt/ros2_ws/install/uf_interfaces/share/uf_interfaces/environment/ament_prefix_path.sh
[20.457s] -- Installing: /home/wyatt/ros2_ws/install/uf_interfaces/share/uf_interfaces/environment/ament_prefix_path.dsv
[20.457s] -- Installing: /home/wyatt/ros2_ws/install/uf_interfaces/share/uf_interfaces/environment/path.sh
[20.457s] -- Installing: /home/wyatt/ros2_ws/install/uf_interfaces/share/uf_interfaces/environment/path.dsv
[20.457s] -- Installing: /home/wyatt/ros2_ws/install/uf_interfaces/share/uf_interfaces/local_setup.bash
[20.458s] -- Installing: /home/wyatt/ros2_ws/install/uf_interfaces/share/uf_interfaces/local_setup.sh
[20.458s] -- Installing: /home/wyatt/ros2_ws/install/uf_interfaces/share/uf_interfaces/local_setup.zsh
[20.458s] -- Installing: /home/wyatt/ros2_ws/install/uf_interfaces/share/uf_interfaces/local_setup.dsv
[20.458s] -- Installing: /home/wyatt/ros2_ws/install/uf_interfaces/share/uf_interfaces/package.dsv
[20.459s] -- Installing: /home/wyatt/ros2_ws/install/uf_interfaces/share/ament_index/resource_index/packages/uf_interfaces
[20.459s] -- Installing: /home/wyatt/ros2_ws/install/uf_interfaces/share/uf_interfaces/cmake/export_uf_interfaces__rosidl_generator_cExport.cmake
[20.459s] -- Installing: /home/wyatt/ros2_ws/install/uf_interfaces/share/uf_interfaces/cmake/export_uf_interfaces__rosidl_generator_cExport-noconfig.cmake
[20.459s] -- Installing: /home/wyatt/ros2_ws/install/uf_interfaces/share/uf_interfaces/cmake/export_uf_interfaces__rosidl_typesupport_fastrtps_cExport.cmake
[20.460s] -- Installing: /home/wyatt/ros2_ws/install/uf_interfaces/share/uf_interfaces/cmake/export_uf_interfaces__rosidl_typesupport_fastrtps_cExport-noconfig.cmake
[20.460s] -- Installing: /home/wyatt/ros2_ws/install/uf_interfaces/share/uf_interfaces/cmake/export_uf_interfaces__rosidl_generator_cppExport.cmake
[20.460s] -- Installing: /home/wyatt/ros2_ws/install/uf_interfaces/share/uf_interfaces/cmake/export_uf_interfaces__rosidl_typesupport_fastrtps_cppExport.cmake
[20.460s] -- Installing: /home/wyatt/ros2_ws/install/uf_interfaces/share/uf_interfaces/cmake/export_uf_interfaces__rosidl_typesupport_fastrtps_cppExport-noconfig.cmake
[20.461s] -- Installing: /home/wyatt/ros2_ws/install/uf_interfaces/share/uf_interfaces/cmake/uf_interfaces__rosidl_typesupport_introspection_cExport.cmake
[20.461s] -- Installing: /home/wyatt/ros2_ws/install/uf_interfaces/share/uf_interfaces/cmake/uf_interfaces__rosidl_typesupport_introspection_cExport-noconfig.cmake
[20.461s] -- Installing: /home/wyatt/ros2_ws/install/uf_interfaces/share/uf_interfaces/cmake/uf_interfaces__rosidl_typesupport_cExport.cmake
[20.461s] -- Installing: /home/wyatt/ros2_ws/install/uf_interfaces/share/uf_interfaces/cmake/uf_interfaces__rosidl_typesupport_cExport-noconfig.cmake
[20.461s] -- Installing: /home/wyatt/ros2_ws/install/uf_interfaces/share/uf_interfaces/cmake/uf_interfaces__rosidl_typesupport_introspection_cppExport.cmake
[20.462s] -- Installing: /home/wyatt/ros2_ws/install/uf_interfaces/share/uf_interfaces/cmake/uf_interfaces__rosidl_typesupport_introspection_cppExport-noconfig.cmake
[20.462s] -- Installing: /home/wyatt/ros2_ws/install/uf_interfaces/share/uf_interfaces/cmake/uf_interfaces__rosidl_typesupport_cppExport.cmake
[20.462s] -- Installing: /home/wyatt/ros2_ws/install/uf_interfaces/share/uf_interfaces/cmake/uf_interfaces__rosidl_typesupport_cppExport-noconfig.cmake
[20.462s] -- Installing: /home/wyatt/ros2_ws/install/uf_interfaces/share/uf_interfaces/cmake/export_uf_interfaces__rosidl_generator_pyExport.cmake
[20.463s] -- Installing: /home/wyatt/ros2_ws/install/uf_interfaces/share/uf_interfaces/cmake/export_uf_interfaces__rosidl_generator_pyExport-noconfig.cmake
[20.463s] -- Installing: /home/wyatt/ros2_ws/install/uf_interfaces/share/uf_interfaces/cmake/rosidl_cmake-extras.cmake
[20.463s] -- Installing: /home/wyatt/ros2_ws/install/uf_interfaces/share/uf_interfaces/cmake/ament_cmake_export_dependencies-extras.cmake
[20.463s] -- Installing: /home/wyatt/ros2_ws/install/uf_interfaces/share/uf_interfaces/cmake/ament_cmake_export_include_directories-extras.cmake
[20.463s] -- Installing: /home/wyatt/ros2_ws/install/uf_interfaces/share/uf_interfaces/cmake/ament_cmake_export_libraries-extras.cmake
[20.464s] -- Installing: /home/wyatt/ros2_ws/install/uf_interfaces/share/uf_interfaces/cmake/ament_cmake_export_targets-extras.cmake
[20.464s] -- Installing: /home/wyatt/ros2_ws/install/uf_interfaces/share/uf_interfaces/cmake/rosidl_cmake_export_typesupport_targets-extras.cmake
[20.464s] -- Installing: /home/wyatt/ros2_ws/install/uf_interfaces/share/uf_interfaces/cmake/rosidl_cmake_export_typesupport_libraries-extras.cmake
[20.464s] -- Installing: /home/wyatt/ros2_ws/install/uf_interfaces/share/uf_interfaces/cmake/uf_interfacesConfig.cmake
[20.465s] -- Installing: /home/wyatt/ros2_ws/install/uf_interfaces/share/uf_interfaces/cmake/uf_interfacesConfig-version.cmake
[20.465s] -- Installing: /home/wyatt/ros2_ws/install/uf_interfaces/share/uf_interfaces/package.xml
[20.469s] Invoked command in '/home/wyatt/ros2_ws/build/uf_interfaces' returned '0': CMAKE_PREFIX_PATH=${CMAKE_PREFIX_PATH}:/home/wyatt/ros2_ws/install/wpt_control_xy:/home/wyatt/ros2_ws/install/wind_speed_package:/home/wyatt/ros2_ws/install/vehicle_position_checker:/home/wyatt/ros2_ws/install/test_herding_pkg:/home/wyatt/ros2_ws/install/single_integrator_agent:/home/wyatt/ros2_ws/install/position_broadcaster:/home/wyatt/ros2_ws/install/multi_agent_tracking_pkg:/home/wyatt/ros2_ws/install/minimal_startup:/home/wyatt/ros2_ws/install/matplotlib_sim:/home/wyatt/ros2_ws/install/jhyv_experiment_pkg:/home/wyatt/ros2_ws/install/herding_v1_package:/home/wyatt/ros2_ws/install/herding_control:/home/wyatt/ros2_ws/install/geodetic_conversion:/home/wyatt/ros2_ws/install/frame_pose_test_package:/home/wyatt/ros2_ws/install/estop_button:/home/wyatt/ros2_ws/install/emlid_interface:/opt/ros/humble /usr/bin/cmake --install /home/wyatt/ros2_ws/build/uf_interfaces
