[3.011s] Invoking command in '/home/wyatt/ros2_ws/src/estop_button': PYTHONPATH=/home/wyatt/ros2_ws/build/estop_button/prefix_override:/home/wyatt/ros2_ws/install/estop_button/lib/python3.10/site-packages:${PYTHONPATH} /usr/bin/python3 -W ignore:setup.py install is deprecated setup.py egg_info --egg-base ../../build/estop_button build --build-base /home/wyatt/ros2_ws/build/estop_button/build install --record /home/wyatt/ros2_ws/build/estop_button/install.log --single-version-externally-managed install_data
[3.858s] running egg_info
[3.864s] writing ../../build/estop_button/estop_button.egg-info/PKG-INFO
[3.866s] writing dependency_links to ../../build/estop_button/estop_button.egg-info/dependency_links.txt
[3.868s] writing entry points to ../../build/estop_button/estop_button.egg-info/entry_points.txt
[3.871s] writing requirements to ../../build/estop_button/estop_button.egg-info/requires.txt
[3.871s] writing top-level names to ../../build/estop_button/estop_button.egg-info/top_level.txt
[3.880s] reading manifest file '../../build/estop_button/estop_button.egg-info/SOURCES.txt'
[3.886s] writing manifest file '../../build/estop_button/estop_button.egg-info/SOURCES.txt'
[3.887s] running build
[3.888s] running build_py
[3.890s] running install
[3.891s] running install_lib
[3.896s] running install_data
[3.896s] running install_egg_info
[3.902s] removing '/home/wyatt/ros2_ws/install/estop_button/lib/python3.10/site-packages/estop_button-0.0.0-py3.10.egg-info' (and everything under it)
[3.904s] Copying ../../build/estop_button/estop_button.egg-info to /home/wyatt/ros2_ws/install/estop_button/lib/python3.10/site-packages/estop_button-0.0.0-py3.10.egg-info
[3.907s] running install_scripts
[3.951s] writing list of installed files to '/home/wyatt/ros2_ws/build/estop_button/install.log'
[4.407s] Invoked command in '/home/wyatt/ros2_ws/src/estop_button' returned '0': PYTHONPATH=/home/wyatt/ros2_ws/build/estop_button/prefix_override:/home/wyatt/ros2_ws/install/estop_button/lib/python3.10/site-packages:${PYTHONPATH} /usr/bin/python3 -W ignore:setup.py install is deprecated setup.py egg_info --egg-base ../../build/estop_button build --build-base /home/wyatt/ros2_ws/build/estop_button/build install --record /home/wyatt/ros2_ws/build/estop_button/install.log --single-version-externally-managed install_data
