[1.469s] Invoking command in '/home/wyatt/ros2_ws/src/common/geodetic_conversion': PYTHONPATH=/home/wyatt/ros2_ws/build/geodetic_conversion/prefix_override:/usr/lib/python3/dist-packages/colcon_core/task/python/colcon_distutils_commands:/home/wyatt/ros2_ws/install/geodetic_conversion/lib/python3.10/site-packages:${PYTHONPATH} /usr/bin/python3 -W ignore:setup.py install is deprecated setup.py egg_info --egg-base ../../../build/geodetic_conversion build --build-base /home/wyatt/ros2_ws/build/geodetic_conversion/build install --record /home/wyatt/ros2_ws/build/geodetic_conversion/install.log --single-version-externally-managed install_data
[1.894s] running egg_info
[1.895s] creating ../../../build/geodetic_conversion/geodetic_conversion.egg-info
[1.896s] writing ../../../build/geodetic_conversion/geodetic_conversion.egg-info/PKG-INFO
[1.898s] writing dependency_links to ../../../build/geodetic_conversion/geodetic_conversion.egg-info/dependency_links.txt
[1.904s] writing entry points to ../../../build/geodetic_conversion/geodetic_conversion.egg-info/entry_points.txt
[1.904s] writing requirements to ../../../build/geodetic_conversion/geodetic_conversion.egg-info/requires.txt
[1.904s] writing top-level names to ../../../build/geodetic_conversion/geodetic_conversion.egg-info/top_level.txt
[1.905s] writing manifest file '../../../build/geodetic_conversion/geodetic_conversion.egg-info/SOURCES.txt'
[1.905s] reading manifest file '../../../build/geodetic_conversion/geodetic_conversion.egg-info/SOURCES.txt'
[1.905s] writing manifest file '../../../build/geodetic_conversion/geodetic_conversion.egg-info/SOURCES.txt'
[1.905s] running build
[1.905s] running build_py
[1.906s] creating /home/wyatt/ros2_ws/build/geodetic_conversion/build
[1.906s] creating /home/wyatt/ros2_ws/build/geodetic_conversion/build/lib
[1.906s] creating /home/wyatt/ros2_ws/build/geodetic_conversion/build/lib/geodetic_conversion
[1.906s] copying geodetic_conversion/geodetic_conversion_node.py -> /home/wyatt/ros2_ws/build/geodetic_conversion/build/lib/geodetic_conversion
[1.906s] copying geodetic_conversion/__init__.py -> /home/wyatt/ros2_ws/build/geodetic_conversion/build/lib/geodetic_conversion
[1.906s] running install
[1.906s] running install_lib
[1.906s] creating /home/wyatt/ros2_ws/install/geodetic_conversion/lib/python3.10/site-packages/geodetic_conversion
[1.906s] copying /home/wyatt/ros2_ws/build/geodetic_conversion/build/lib/geodetic_conversion/geodetic_conversion_node.py -> /home/wyatt/ros2_ws/install/geodetic_conversion/lib/python3.10/site-packages/geodetic_conversion
[1.909s] copying /home/wyatt/ros2_ws/build/geodetic_conversion/build/lib/geodetic_conversion/__init__.py -> /home/wyatt/ros2_ws/install/geodetic_conversion/lib/python3.10/site-packages/geodetic_conversion
[1.909s] byte-compiling /home/wyatt/ros2_ws/install/geodetic_conversion/lib/python3.10/site-packages/geodetic_conversion/geodetic_conversion_node.py to geodetic_conversion_node.cpython-310.pyc
[1.910s] byte-compiling /home/wyatt/ros2_ws/install/geodetic_conversion/lib/python3.10/site-packages/geodetic_conversion/__init__.py to __init__.cpython-310.pyc
[1.911s] running install_data
[1.911s] creating /home/wyatt/ros2_ws/install/geodetic_conversion/share/ament_index
[1.911s] creating /home/wyatt/ros2_ws/install/geodetic_conversion/share/ament_index/resource_index
[1.911s] creating /home/wyatt/ros2_ws/install/geodetic_conversion/share/ament_index/resource_index/packages
[1.912s] copying resource/geodetic_conversion -> /home/wyatt/ros2_ws/install/geodetic_conversion/share/ament_index/resource_index/packages
[1.912s] copying package.xml -> /home/wyatt/ros2_ws/install/geodetic_conversion/share/geodetic_conversion
[1.912s] running install_egg_info
[1.916s] Copying ../../../build/geodetic_conversion/geodetic_conversion.egg-info to /home/wyatt/ros2_ws/install/geodetic_conversion/lib/python3.10/site-packages/geodetic_conversion-0.0.0-py3.10.egg-info
[1.918s] running install_scripts
[1.954s] Installing geodetic_conversion_node script to /home/wyatt/ros2_ws/install/geodetic_conversion/lib/geodetic_conversion
[1.954s] writing list of installed files to '/home/wyatt/ros2_ws/build/geodetic_conversion/install.log'
[2.005s] Invoked command in '/home/wyatt/ros2_ws/src/common/geodetic_conversion' returned '0': PYTHONPATH=/home/wyatt/ros2_ws/build/geodetic_conversion/prefix_override:/usr/lib/python3/dist-packages/colcon_core/task/python/colcon_distutils_commands:/home/wyatt/ros2_ws/install/geodetic_conversion/lib/python3.10/site-packages:${PYTHONPATH} /usr/bin/python3 -W ignore:setup.py install is deprecated setup.py egg_info --egg-base ../../../build/geodetic_conversion build --build-base /home/wyatt/ros2_ws/build/geodetic_conversion/build install --record /home/wyatt/ros2_ws/build/geodetic_conversion/install.log --single-version-externally-managed install_data
