[0.951s] Invoking command in '/home/wyatt/git_ros2/ros2_ws/build/uf_interfaces': CMAKE_PREFIX_PATH=${CMAKE_PREFIX_PATH}:/home/wyatt/git_ros2/ros2_ws/install/wind_speed_package:/home/wyatt/git_ros2/ros2_ws/install/vehicle_position_checker:/home/wyatt/git_ros2/ros2_ws/install/test_herding_pkg:/home/wyatt/git_ros2/ros2_ws/install/herding_v1_package:/home/wyatt/git_ros2/ros2_ws/install/estop_button:/opt/ros/humble /usr/bin/cmake --build /home/wyatt/git_ros2/ros2_ws/build/uf_interfaces -- -j8 -l8
[1.282s] [  1%] Built target uf_interfaces__cpp
[1.283s] [ 12%] Built target uf_interfaces__rosidl_generator_c
[1.283s] [ 12%] Built target ament_cmake_python_copy_uf_interfaces
[1.283s] [ 47%] Built target uf_interfaces__rosidl_typesupport_cpp
[1.283s] [ 47%] Built target uf_interfaces__rosidl_typesupport_fastrtps_c
[1.283s] [ 47%] Built target uf_interfaces__rosidl_typesupport_introspection_cpp
[1.283s] [ 69%] Built target uf_interfaces__rosidl_typesupport_fastrtps_cpp
[1.284s] [ 69%] Built target uf_interfaces__rosidl_typesupport_introspection_c
[1.284s] [ 79%] Built target uf_interfaces__rosidl_typesupport_c
[1.284s] [ 79%] Built target uf_interfaces
[1.284s] [ 80%] Built target uf_interfaces__py
[1.284s] [ 90%] Built target uf_interfaces__rosidl_generator_py
[1.284s] [ 96%] Built target uf_interfaces__rosidl_typesupport_c__pyext
[1.284s] [ 98%] Built target uf_interfaces__rosidl_typesupport_fastrtps_c__pyext
[1.285s] [100%] Built target uf_interfaces__rosidl_typesupport_introspection_c__pyext
[1.304s] running egg_info
[1.305s] writing uf_interfaces.egg-info/PKG-INFO
[1.305s] writing dependency_links to uf_interfaces.egg-info/dependency_links.txt
[1.306s] writing top-level names to uf_interfaces.egg-info/top_level.txt
[1.307s] reading manifest file 'uf_interfaces.egg-info/SOURCES.txt'
[1.308s] writing manifest file 'uf_interfaces.egg-info/SOURCES.txt'
[1.331s] [100%] Built target ament_cmake_python_build_uf_interfaces_egg
[1.537s] Invoked command in '/home/wyatt/git_ros2/ros2_ws/build/uf_interfaces' returned '0': CMAKE_PREFIX_PATH=${CMAKE_PREFIX_PATH}:/home/wyatt/git_ros2/ros2_ws/install/wind_speed_package:/home/wyatt/git_ros2/ros2_ws/install/vehicle_position_checker:/home/wyatt/git_ros2/ros2_ws/install/test_herding_pkg:/home/wyatt/git_ros2/ros2_ws/install/herding_v1_package:/home/wyatt/git_ros2/ros2_ws/install/estop_button:/opt/ros/humble /usr/bin/cmake --build /home/wyatt/git_ros2/ros2_ws/build/uf_interfaces -- -j8 -l8
[1.895s] Invoking command in '/home/wyatt/git_ros2/ros2_ws/build/uf_interfaces': CMAKE_PREFIX_PATH=${CMAKE_PREFIX_PATH}:/home/wyatt/git_ros2/ros2_ws/install/wind_speed_package:/home/wyatt/git_ros2/ros2_ws/install/vehicle_position_checker:/home/wyatt/git_ros2/ros2_ws/install/test_herding_pkg:/home/wyatt/git_ros2/ros2_ws/install/herding_v1_package:/home/wyatt/git_ros2/ros2_ws/install/estop_button:/opt/ros/humble /usr/bin/cmake --install /home/wyatt/git_ros2/ros2_ws/build/uf_interfaces
[1.916s] -- Install configuration: ""
[1.916s] -- Up-to-date: /home/wyatt/git_ros2/ros2_ws/install/uf_interfaces/share/ament_index/resource_index/rosidl_interfaces/uf_interfaces
[1.916s] -- Up-to-date: /home/wyatt/git_ros2/ros2_ws/install/uf_interfaces/include/uf_interfaces/uf_interfaces
[1.916s] -- Up-to-date: /home/wyatt/git_ros2/ros2_ws/install/uf_interfaces/include/uf_interfaces/uf_interfaces/action
[1.916s] -- Up-to-date: /home/wyatt/git_ros2/ros2_ws/install/uf_interfaces/include/uf_interfaces/uf_interfaces/action/defend.h
[1.917s] -- Up-to-date: /home/wyatt/git_ros2/ros2_ws/install/uf_interfaces/include/uf_interfaces/uf_interfaces/action/detail
[1.917s] -- Up-to-date: /home/wyatt/git_ros2/ros2_ws/install/uf_interfaces/include/uf_interfaces/uf_interfaces/action/detail/herd__struct.h
[1.917s] -- Up-to-date: /home/wyatt/git_ros2/ros2_ws/install/uf_interfaces/include/uf_interfaces/uf_interfaces/action/detail/herd__functions.h
[1.917s] -- Up-to-date: /home/wyatt/git_ros2/ros2_ws/install/uf_interfaces/include/uf_interfaces/uf_interfaces/action/detail/defend__struct.h
[1.918s] -- Up-to-date: /home/wyatt/git_ros2/ros2_ws/install/uf_interfaces/include/uf_interfaces/uf_interfaces/action/detail/herd__functions.c
[1.918s] -- Up-to-date: /home/wyatt/git_ros2/ros2_ws/install/uf_interfaces/include/uf_interfaces/uf_interfaces/action/detail/defend__type_support.h
[1.919s] -- Up-to-date: /home/wyatt/git_ros2/ros2_ws/install/uf_interfaces/include/uf_interfaces/uf_interfaces/action/detail/defend__functions.c
[1.919s] -- Up-to-date: /home/wyatt/git_ros2/ros2_ws/install/uf_interfaces/include/uf_interfaces/uf_interfaces/action/detail/defend__functions.h
[1.919s] -- Up-to-date: /home/wyatt/git_ros2/ros2_ws/install/uf_interfaces/include/uf_interfaces/uf_interfaces/action/detail/herd__type_support.h
[1.919s] -- Up-to-date: /home/wyatt/git_ros2/ros2_ws/install/uf_interfaces/include/uf_interfaces/uf_interfaces/action/herd.h
[1.919s] -- Up-to-date: /home/wyatt/git_ros2/ros2_ws/install/uf_interfaces/include/uf_interfaces/uf_interfaces/srv
[1.919s] -- Up-to-date: /home/wyatt/git_ros2/ros2_ws/install/uf_interfaces/include/uf_interfaces/uf_interfaces/srv/detail
[1.919s] -- Up-to-date: /home/wyatt/git_ros2/ros2_ws/install/uf_interfaces/include/uf_interfaces/uf_interfaces/srv/detail/task_assign__struct.h
[1.919s] -- Up-to-date: /home/wyatt/git_ros2/ros2_ws/install/uf_interfaces/include/uf_interfaces/uf_interfaces/srv/detail/task_assign__functions.h
[1.919s] -- Up-to-date: /home/wyatt/git_ros2/ros2_ws/install/uf_interfaces/include/uf_interfaces/uf_interfaces/srv/detail/task_assign__functions.c
[1.919s] -- Up-to-date: /home/wyatt/git_ros2/ros2_ws/install/uf_interfaces/include/uf_interfaces/uf_interfaces/srv/detail/geo_conv__functions.c
[1.920s] -- Up-to-date: /home/wyatt/git_ros2/ros2_ws/install/uf_interfaces/include/uf_interfaces/uf_interfaces/srv/detail/geo_conv__struct.h
[1.920s] -- Up-to-date: /home/wyatt/git_ros2/ros2_ws/install/uf_interfaces/include/uf_interfaces/uf_interfaces/srv/detail/geo_conv__functions.h
[1.920s] -- Up-to-date: /home/wyatt/git_ros2/ros2_ws/install/uf_interfaces/include/uf_interfaces/uf_interfaces/srv/detail/task_assign__type_support.h
[1.920s] -- Up-to-date: /home/wyatt/git_ros2/ros2_ws/install/uf_interfaces/include/uf_interfaces/uf_interfaces/srv/detail/geo_conv__type_support.h
[1.920s] -- Up-to-date: /home/wyatt/git_ros2/ros2_ws/install/uf_interfaces/include/uf_interfaces/uf_interfaces/srv/task_assign.h
[1.920s] -- Up-to-date: /home/wyatt/git_ros2/ros2_ws/install/uf_interfaces/include/uf_interfaces/uf_interfaces/srv/geo_conv.h
[1.920s] -- Up-to-date: /home/wyatt/git_ros2/ros2_ws/install/uf_interfaces/include/uf_interfaces/uf_interfaces/msg
[1.920s] -- Up-to-date: /home/wyatt/git_ros2/ros2_ws/install/uf_interfaces/include/uf_interfaces/uf_interfaces/msg/detail
[1.920s] -- Up-to-date: /home/wyatt/git_ros2/ros2_ws/install/uf_interfaces/include/uf_interfaces/uf_interfaces/msg/detail/position__type_support.h
[1.920s] -- Up-to-date: /home/wyatt/git_ros2/ros2_ws/install/uf_interfaces/include/uf_interfaces/uf_interfaces/msg/detail/position__functions.c
[1.921s] -- Up-to-date: /home/wyatt/git_ros2/ros2_ws/install/uf_interfaces/include/uf_interfaces/uf_interfaces/msg/detail/position__functions.h
[1.921s] -- Up-to-date: /home/wyatt/git_ros2/ros2_ws/install/uf_interfaces/include/uf_interfaces/uf_interfaces/msg/detail/position__struct.h
[1.921s] -- Up-to-date: /home/wyatt/git_ros2/ros2_ws/install/uf_interfaces/include/uf_interfaces/uf_interfaces/msg/rosidl_generator_c__visibility_control.h
[1.921s] -- Up-to-date: /home/wyatt/git_ros2/ros2_ws/install/uf_interfaces/include/uf_interfaces/uf_interfaces/msg/position.h
[1.921s] -- Up-to-date: /home/wyatt/git_ros2/ros2_ws/install/uf_interfaces/share/uf_interfaces/environment/library_path.sh
[1.921s] -- Up-to-date: /home/wyatt/git_ros2/ros2_ws/install/uf_interfaces/share/uf_interfaces/environment/library_path.dsv
[1.921s] -- Up-to-date: /home/wyatt/git_ros2/ros2_ws/install/uf_interfaces/lib/libuf_interfaces__rosidl_generator_c.so
[1.921s] -- Up-to-date: /home/wyatt/git_ros2/ros2_ws/install/uf_interfaces/include/uf_interfaces/uf_interfaces
[1.921s] -- Up-to-date: /home/wyatt/git_ros2/ros2_ws/install/uf_interfaces/include/uf_interfaces/uf_interfaces/action
[1.921s] -- Up-to-date: /home/wyatt/git_ros2/ros2_ws/install/uf_interfaces/include/uf_interfaces/uf_interfaces/action/detail
[1.921s] -- Up-to-date: /home/wyatt/git_ros2/ros2_ws/install/uf_interfaces/include/uf_interfaces/uf_interfaces/action/detail/herd__rosidl_typesupport_fastrtps_c.h
[1.922s] -- Up-to-date: /home/wyatt/git_ros2/ros2_ws/install/uf_interfaces/include/uf_interfaces/uf_interfaces/action/detail/defend__rosidl_typesupport_fastrtps_c.h
[1.922s] -- Up-to-date: /home/wyatt/git_ros2/ros2_ws/install/uf_interfaces/include/uf_interfaces/uf_interfaces/srv
[1.922s] -- Up-to-date: /home/wyatt/git_ros2/ros2_ws/install/uf_interfaces/include/uf_interfaces/uf_interfaces/srv/detail
[1.922s] -- Up-to-date: /home/wyatt/git_ros2/ros2_ws/install/uf_interfaces/include/uf_interfaces/uf_interfaces/srv/detail/geo_conv__rosidl_typesupport_fastrtps_c.h
[1.922s] -- Up-to-date: /home/wyatt/git_ros2/ros2_ws/install/uf_interfaces/include/uf_interfaces/uf_interfaces/srv/detail/task_assign__rosidl_typesupport_fastrtps_c.h
[1.922s] -- Up-to-date: /home/wyatt/git_ros2/ros2_ws/install/uf_interfaces/include/uf_interfaces/uf_interfaces/msg
[1.922s] -- Up-to-date: /home/wyatt/git_ros2/ros2_ws/install/uf_interfaces/include/uf_interfaces/uf_interfaces/msg/detail
[1.922s] -- Up-to-date: /home/wyatt/git_ros2/ros2_ws/install/uf_interfaces/include/uf_interfaces/uf_interfaces/msg/detail/position__rosidl_typesupport_fastrtps_c.h
[1.922s] -- Up-to-date: /home/wyatt/git_ros2/ros2_ws/install/uf_interfaces/include/uf_interfaces/uf_interfaces/msg/rosidl_typesupport_fastrtps_c__visibility_control.h
[1.922s] -- Up-to-date: /home/wyatt/git_ros2/ros2_ws/install/uf_interfaces/lib/libuf_interfaces__rosidl_typesupport_fastrtps_c.so
[1.922s] -- Up-to-date: /home/wyatt/git_ros2/ros2_ws/install/uf_interfaces/include/uf_interfaces/uf_interfaces
[1.922s] -- Up-to-date: /home/wyatt/git_ros2/ros2_ws/install/uf_interfaces/include/uf_interfaces/uf_interfaces/action
[1.923s] -- Up-to-date: /home/wyatt/git_ros2/ros2_ws/install/uf_interfaces/include/uf_interfaces/uf_interfaces/action/herd.hpp
[1.923s] -- Up-to-date: /home/wyatt/git_ros2/ros2_ws/install/uf_interfaces/include/uf_interfaces/uf_interfaces/action/detail
[1.923s] -- Up-to-date: /home/wyatt/git_ros2/ros2_ws/install/uf_interfaces/include/uf_interfaces/uf_interfaces/action/detail/herd__builder.hpp
[1.923s] -- Up-to-date: /home/wyatt/git_ros2/ros2_ws/install/uf_interfaces/include/uf_interfaces/uf_interfaces/action/detail/defend__struct.hpp
[1.923s] -- Up-to-date: /home/wyatt/git_ros2/ros2_ws/install/uf_interfaces/include/uf_interfaces/uf_interfaces/action/detail/defend__traits.hpp
[1.923s] -- Up-to-date: /home/wyatt/git_ros2/ros2_ws/install/uf_interfaces/include/uf_interfaces/uf_interfaces/action/detail/herd__struct.hpp
[1.923s] -- Up-to-date: /home/wyatt/git_ros2/ros2_ws/install/uf_interfaces/include/uf_interfaces/uf_interfaces/action/detail/herd__traits.hpp
[1.923s] -- Up-to-date: /home/wyatt/git_ros2/ros2_ws/install/uf_interfaces/include/uf_interfaces/uf_interfaces/action/detail/defend__builder.hpp
[1.923s] -- Up-to-date: /home/wyatt/git_ros2/ros2_ws/install/uf_interfaces/include/uf_interfaces/uf_interfaces/action/defend.hpp
[1.924s] -- Up-to-date: /home/wyatt/git_ros2/ros2_ws/install/uf_interfaces/include/uf_interfaces/uf_interfaces/srv
[1.924s] -- Up-to-date: /home/wyatt/git_ros2/ros2_ws/install/uf_interfaces/include/uf_interfaces/uf_interfaces/srv/task_assign.hpp
[1.924s] -- Up-to-date: /home/wyatt/git_ros2/ros2_ws/install/uf_interfaces/include/uf_interfaces/uf_interfaces/srv/geo_conv.hpp
[1.924s] -- Up-to-date: /home/wyatt/git_ros2/ros2_ws/install/uf_interfaces/include/uf_interfaces/uf_interfaces/srv/detail
[1.924s] -- Up-to-date: /home/wyatt/git_ros2/ros2_ws/install/uf_interfaces/include/uf_interfaces/uf_interfaces/srv/detail/task_assign__builder.hpp
[1.924s] -- Up-to-date: /home/wyatt/git_ros2/ros2_ws/install/uf_interfaces/include/uf_interfaces/uf_interfaces/srv/detail/task_assign__traits.hpp
[1.924s] -- Up-to-date: /home/wyatt/git_ros2/ros2_ws/install/uf_interfaces/include/uf_interfaces/uf_interfaces/srv/detail/geo_conv__traits.hpp
[1.924s] -- Up-to-date: /home/wyatt/git_ros2/ros2_ws/install/uf_interfaces/include/uf_interfaces/uf_interfaces/srv/detail/task_assign__struct.hpp
[1.924s] -- Up-to-date: /home/wyatt/git_ros2/ros2_ws/install/uf_interfaces/include/uf_interfaces/uf_interfaces/srv/detail/geo_conv__builder.hpp
[1.924s] -- Up-to-date: /home/wyatt/git_ros2/ros2_ws/install/uf_interfaces/include/uf_interfaces/uf_interfaces/srv/detail/geo_conv__struct.hpp
[1.924s] -- Up-to-date: /home/wyatt/git_ros2/ros2_ws/install/uf_interfaces/include/uf_interfaces/uf_interfaces/msg
[1.925s] -- Up-to-date: /home/wyatt/git_ros2/ros2_ws/install/uf_interfaces/include/uf_interfaces/uf_interfaces/msg/position.hpp
[1.925s] -- Up-to-date: /home/wyatt/git_ros2/ros2_ws/install/uf_interfaces/include/uf_interfaces/uf_interfaces/msg/detail
[1.925s] -- Up-to-date: /home/wyatt/git_ros2/ros2_ws/install/uf_interfaces/include/uf_interfaces/uf_interfaces/msg/detail/position__builder.hpp
[1.925s] -- Up-to-date: /home/wyatt/git_ros2/ros2_ws/install/uf_interfaces/include/uf_interfaces/uf_interfaces/msg/detail/position__struct.hpp
[1.925s] -- Up-to-date: /home/wyatt/git_ros2/ros2_ws/install/uf_interfaces/include/uf_interfaces/uf_interfaces/msg/detail/position__traits.hpp
[1.925s] -- Up-to-date: /home/wyatt/git_ros2/ros2_ws/install/uf_interfaces/include/uf_interfaces/uf_interfaces
[1.925s] -- Up-to-date: /home/wyatt/git_ros2/ros2_ws/install/uf_interfaces/include/uf_interfaces/uf_interfaces/action
[1.925s] -- Up-to-date: /home/wyatt/git_ros2/ros2_ws/install/uf_interfaces/include/uf_interfaces/uf_interfaces/action/detail
[1.925s] -- Up-to-date: /home/wyatt/git_ros2/ros2_ws/install/uf_interfaces/include/uf_interfaces/uf_interfaces/action/detail/defend__rosidl_typesupport_fastrtps_cpp.hpp
[1.925s] -- Up-to-date: /home/wyatt/git_ros2/ros2_ws/install/uf_interfaces/include/uf_interfaces/uf_interfaces/action/detail/herd__rosidl_typesupport_fastrtps_cpp.hpp
[1.925s] -- Up-to-date: /home/wyatt/git_ros2/ros2_ws/install/uf_interfaces/include/uf_interfaces/uf_interfaces/action/detail/dds_fastrtps
[1.925s] -- Up-to-date: /home/wyatt/git_ros2/ros2_ws/install/uf_interfaces/include/uf_interfaces/uf_interfaces/srv
[1.925s] -- Up-to-date: /home/wyatt/git_ros2/ros2_ws/install/uf_interfaces/include/uf_interfaces/uf_interfaces/srv/detail
[1.925s] -- Up-to-date: /home/wyatt/git_ros2/ros2_ws/install/uf_interfaces/include/uf_interfaces/uf_interfaces/srv/detail/geo_conv__rosidl_typesupport_fastrtps_cpp.hpp
[1.925s] -- Up-to-date: /home/wyatt/git_ros2/ros2_ws/install/uf_interfaces/include/uf_interfaces/uf_interfaces/srv/detail/task_assign__rosidl_typesupport_fastrtps_cpp.hpp
[1.926s] -- Up-to-date: /home/wyatt/git_ros2/ros2_ws/install/uf_interfaces/include/uf_interfaces/uf_interfaces/srv/detail/dds_fastrtps
[1.926s] -- Up-to-date: /home/wyatt/git_ros2/ros2_ws/install/uf_interfaces/include/uf_interfaces/uf_interfaces/msg
[1.926s] -- Up-to-date: /home/wyatt/git_ros2/ros2_ws/install/uf_interfaces/include/uf_interfaces/uf_interfaces/msg/rosidl_typesupport_fastrtps_cpp__visibility_control.h
[1.926s] -- Up-to-date: /home/wyatt/git_ros2/ros2_ws/install/uf_interfaces/include/uf_interfaces/uf_interfaces/msg/detail
[1.926s] -- Up-to-date: /home/wyatt/git_ros2/ros2_ws/install/uf_interfaces/include/uf_interfaces/uf_interfaces/msg/detail/position__rosidl_typesupport_fastrtps_cpp.hpp
[1.926s] -- Up-to-date: /home/wyatt/git_ros2/ros2_ws/install/uf_interfaces/include/uf_interfaces/uf_interfaces/msg/detail/dds_fastrtps
[1.926s] -- Up-to-date: /home/wyatt/git_ros2/ros2_ws/install/uf_interfaces/lib/libuf_interfaces__rosidl_typesupport_fastrtps_cpp.so
[1.926s] -- Up-to-date: /home/wyatt/git_ros2/ros2_ws/install/uf_interfaces/include/uf_interfaces/uf_interfaces
[1.926s] -- Up-to-date: /home/wyatt/git_ros2/ros2_ws/install/uf_interfaces/include/uf_interfaces/uf_interfaces/action
[1.926s] -- Up-to-date: /home/wyatt/git_ros2/ros2_ws/install/uf_interfaces/include/uf_interfaces/uf_interfaces/action/detail
[1.926s] -- Up-to-date: /home/wyatt/git_ros2/ros2_ws/install/uf_interfaces/include/uf_interfaces/uf_interfaces/action/detail/defend__rosidl_typesupport_introspection_c.h
[1.926s] -- Up-to-date: /home/wyatt/git_ros2/ros2_ws/install/uf_interfaces/include/uf_interfaces/uf_interfaces/action/detail/herd__type_support.c
[1.926s] -- Up-to-date: /home/wyatt/git_ros2/ros2_ws/install/uf_interfaces/include/uf_interfaces/uf_interfaces/action/detail/herd__rosidl_typesupport_introspection_c.h
[1.926s] -- Up-to-date: /home/wyatt/git_ros2/ros2_ws/install/uf_interfaces/include/uf_interfaces/uf_interfaces/action/detail/defend__type_support.c
[1.926s] -- Up-to-date: /home/wyatt/git_ros2/ros2_ws/install/uf_interfaces/include/uf_interfaces/uf_interfaces/srv
[1.927s] -- Up-to-date: /home/wyatt/git_ros2/ros2_ws/install/uf_interfaces/include/uf_interfaces/uf_interfaces/srv/detail
[1.927s] -- Up-to-date: /home/wyatt/git_ros2/ros2_ws/install/uf_interfaces/include/uf_interfaces/uf_interfaces/srv/detail/task_assign__rosidl_typesupport_introspection_c.h
[1.927s] -- Up-to-date: /home/wyatt/git_ros2/ros2_ws/install/uf_interfaces/include/uf_interfaces/uf_interfaces/srv/detail/geo_conv__rosidl_typesupport_introspection_c.h
[1.927s] -- Up-to-date: /home/wyatt/git_ros2/ros2_ws/install/uf_interfaces/include/uf_interfaces/uf_interfaces/srv/detail/geo_conv__type_support.c
[1.927s] -- Up-to-date: /home/wyatt/git_ros2/ros2_ws/install/uf_interfaces/include/uf_interfaces/uf_interfaces/srv/detail/task_assign__type_support.c
[1.927s] -- Up-to-date: /home/wyatt/git_ros2/ros2_ws/install/uf_interfaces/include/uf_interfaces/uf_interfaces/msg
[1.927s] -- Up-to-date: /home/wyatt/git_ros2/ros2_ws/install/uf_interfaces/include/uf_interfaces/uf_interfaces/msg/rosidl_typesupport_introspection_c__visibility_control.h
[1.927s] -- Up-to-date: /home/wyatt/git_ros2/ros2_ws/install/uf_interfaces/include/uf_interfaces/uf_interfaces/msg/detail
[1.927s] -- Up-to-date: /home/wyatt/git_ros2/ros2_ws/install/uf_interfaces/include/uf_interfaces/uf_interfaces/msg/detail/position__rosidl_typesupport_introspection_c.h
[1.927s] -- Up-to-date: /home/wyatt/git_ros2/ros2_ws/install/uf_interfaces/include/uf_interfaces/uf_interfaces/msg/detail/position__type_support.c
[1.927s] -- Up-to-date: /home/wyatt/git_ros2/ros2_ws/install/uf_interfaces/lib/libuf_interfaces__rosidl_typesupport_introspection_c.so
[1.927s] -- Up-to-date: /home/wyatt/git_ros2/ros2_ws/install/uf_interfaces/lib/libuf_interfaces__rosidl_typesupport_c.so
[1.927s] -- Up-to-date: /home/wyatt/git_ros2/ros2_ws/install/uf_interfaces/include/uf_interfaces/uf_interfaces
[1.927s] -- Up-to-date: /home/wyatt/git_ros2/ros2_ws/install/uf_interfaces/include/uf_interfaces/uf_interfaces/action
[1.928s] -- Up-to-date: /home/wyatt/git_ros2/ros2_ws/install/uf_interfaces/include/uf_interfaces/uf_interfaces/action/detail
[1.928s] -- Up-to-date: /home/wyatt/git_ros2/ros2_ws/install/uf_interfaces/include/uf_interfaces/uf_interfaces/action/detail/defend__type_support.cpp
[1.928s] -- Up-to-date: /home/wyatt/git_ros2/ros2_ws/install/uf_interfaces/include/uf_interfaces/uf_interfaces/action/detail/defend__rosidl_typesupport_introspection_cpp.hpp
[1.928s] -- Up-to-date: /home/wyatt/git_ros2/ros2_ws/install/uf_interfaces/include/uf_interfaces/uf_interfaces/action/detail/herd__rosidl_typesupport_introspection_cpp.hpp
[1.928s] -- Up-to-date: /home/wyatt/git_ros2/ros2_ws/install/uf_interfaces/include/uf_interfaces/uf_interfaces/action/detail/herd__type_support.cpp
[1.928s] -- Up-to-date: /home/wyatt/git_ros2/ros2_ws/install/uf_interfaces/include/uf_interfaces/uf_interfaces/srv
[1.928s] -- Up-to-date: /home/wyatt/git_ros2/ros2_ws/install/uf_interfaces/include/uf_interfaces/uf_interfaces/srv/detail
[1.928s] -- Up-to-date: /home/wyatt/git_ros2/ros2_ws/install/uf_interfaces/include/uf_interfaces/uf_interfaces/srv/detail/geo_conv__rosidl_typesupport_introspection_cpp.hpp
[1.928s] -- Up-to-date: /home/wyatt/git_ros2/ros2_ws/install/uf_interfaces/include/uf_interfaces/uf_interfaces/srv/detail/task_assign__rosidl_typesupport_introspection_cpp.hpp
[1.928s] -- Up-to-date: /home/wyatt/git_ros2/ros2_ws/install/uf_interfaces/include/uf_interfaces/uf_interfaces/srv/detail/task_assign__type_support.cpp
[1.928s] -- Up-to-date: /home/wyatt/git_ros2/ros2_ws/install/uf_interfaces/include/uf_interfaces/uf_interfaces/srv/detail/geo_conv__type_support.cpp
[1.928s] -- Up-to-date: /home/wyatt/git_ros2/ros2_ws/install/uf_interfaces/include/uf_interfaces/uf_interfaces/msg
[1.929s] -- Up-to-date: /home/wyatt/git_ros2/ros2_ws/install/uf_interfaces/include/uf_interfaces/uf_interfaces/msg/detail
[1.929s] -- Up-to-date: /home/wyatt/git_ros2/ros2_ws/install/uf_interfaces/include/uf_interfaces/uf_interfaces/msg/detail/position__rosidl_typesupport_introspection_cpp.hpp
[1.929s] -- Up-to-date: /home/wyatt/git_ros2/ros2_ws/install/uf_interfaces/include/uf_interfaces/uf_interfaces/msg/detail/position__type_support.cpp
[1.929s] -- Up-to-date: /home/wyatt/git_ros2/ros2_ws/install/uf_interfaces/lib/libuf_interfaces__rosidl_typesupport_introspection_cpp.so
[1.929s] -- Up-to-date: /home/wyatt/git_ros2/ros2_ws/install/uf_interfaces/lib/libuf_interfaces__rosidl_typesupport_cpp.so
[1.929s] -- Up-to-date: /home/wyatt/git_ros2/ros2_ws/install/uf_interfaces/share/uf_interfaces/environment/pythonpath.sh
[1.929s] -- Up-to-date: /home/wyatt/git_ros2/ros2_ws/install/uf_interfaces/share/uf_interfaces/environment/pythonpath.dsv
[1.929s] -- Up-to-date: /home/wyatt/git_ros2/ros2_ws/install/uf_interfaces/local/lib/python3.10/dist-packages/uf_interfaces-0.0.0-py3.10.egg-info
[1.929s] -- Installing: /home/wyatt/git_ros2/ros2_ws/install/uf_interfaces/local/lib/python3.10/dist-packages/uf_interfaces-0.0.0-py3.10.egg-info/dependency_links.txt
[1.929s] -- Installing: /home/wyatt/git_ros2/ros2_ws/install/uf_interfaces/local/lib/python3.10/dist-packages/uf_interfaces-0.0.0-py3.10.egg-info/PKG-INFO
[1.937s] -- Installing: /home/wyatt/git_ros2/ros2_ws/install/uf_interfaces/local/lib/python3.10/dist-packages/uf_interfaces-0.0.0-py3.10.egg-info/SOURCES.txt
[1.937s] -- Installing: /home/wyatt/git_ros2/ros2_ws/install/uf_interfaces/local/lib/python3.10/dist-packages/uf_interfaces-0.0.0-py3.10.egg-info/top_level.txt
[1.937s] -- Up-to-date: /home/wyatt/git_ros2/ros2_ws/install/uf_interfaces/local/lib/python3.10/dist-packages/uf_interfaces
[1.937s] -- Up-to-date: /home/wyatt/git_ros2/ros2_ws/install/uf_interfaces/local/lib/python3.10/dist-packages/uf_interfaces/_uf_interfaces_s.ep.rosidl_typesupport_introspection_c.c
[1.937s] -- Up-to-date: /home/wyatt/git_ros2/ros2_ws/install/uf_interfaces/local/lib/python3.10/dist-packages/uf_interfaces/__init__.py
[1.938s] -- Up-to-date: /home/wyatt/git_ros2/ros2_ws/install/uf_interfaces/local/lib/python3.10/dist-packages/uf_interfaces/_uf_interfaces_s.ep.rosidl_typesupport_c.c
[1.938s] -- Up-to-date: /home/wyatt/git_ros2/ros2_ws/install/uf_interfaces/local/lib/python3.10/dist-packages/uf_interfaces/action
[1.938s] -- Up-to-date: /home/wyatt/git_ros2/ros2_ws/install/uf_interfaces/local/lib/python3.10/dist-packages/uf_interfaces/action/_defend.py
[1.938s] -- Up-to-date: /home/wyatt/git_ros2/ros2_ws/install/uf_interfaces/local/lib/python3.10/dist-packages/uf_interfaces/action/__init__.py
[1.938s] -- Up-to-date: /home/wyatt/git_ros2/ros2_ws/install/uf_interfaces/local/lib/python3.10/dist-packages/uf_interfaces/action/_herd_s.c
[1.938s] -- Up-to-date: /home/wyatt/git_ros2/ros2_ws/install/uf_interfaces/local/lib/python3.10/dist-packages/uf_interfaces/action/_herd.py
[1.938s] -- Up-to-date: /home/wyatt/git_ros2/ros2_ws/install/uf_interfaces/local/lib/python3.10/dist-packages/uf_interfaces/action/_defend_s.c
[1.938s] -- Up-to-date: /home/wyatt/git_ros2/ros2_ws/install/uf_interfaces/local/lib/python3.10/dist-packages/uf_interfaces/srv
[1.938s] -- Up-to-date: /home/wyatt/git_ros2/ros2_ws/install/uf_interfaces/local/lib/python3.10/dist-packages/uf_interfaces/srv/_task_assign_s.c
[1.938s] -- Up-to-date: /home/wyatt/git_ros2/ros2_ws/install/uf_interfaces/local/lib/python3.10/dist-packages/uf_interfaces/srv/_task_assign.py
[1.938s] -- Up-to-date: /home/wyatt/git_ros2/ros2_ws/install/uf_interfaces/local/lib/python3.10/dist-packages/uf_interfaces/srv/__init__.py
[1.938s] -- Up-to-date: /home/wyatt/git_ros2/ros2_ws/install/uf_interfaces/local/lib/python3.10/dist-packages/uf_interfaces/srv/_geo_conv.py
[1.939s] -- Up-to-date: /home/wyatt/git_ros2/ros2_ws/install/uf_interfaces/local/lib/python3.10/dist-packages/uf_interfaces/srv/_geo_conv_s.c
[1.939s] -- Up-to-date: /home/wyatt/git_ros2/ros2_ws/install/uf_interfaces/local/lib/python3.10/dist-packages/uf_interfaces/uf_interfaces_s__rosidl_typesupport_fastrtps_c.cpython-310-x86_64-linux-gnu.so
[1.939s] -- Up-to-date: /home/wyatt/git_ros2/ros2_ws/install/uf_interfaces/local/lib/python3.10/dist-packages/uf_interfaces/_uf_interfaces_s.ep.rosidl_typesupport_fastrtps_c.c
[1.939s] -- Up-to-date: /home/wyatt/git_ros2/ros2_ws/install/uf_interfaces/local/lib/python3.10/dist-packages/uf_interfaces/uf_interfaces_s__rosidl_typesupport_c.cpython-310-x86_64-linux-gnu.so
[1.939s] -- Up-to-date: /home/wyatt/git_ros2/ros2_ws/install/uf_interfaces/local/lib/python3.10/dist-packages/uf_interfaces/libuf_interfaces__rosidl_generator_py.so
[1.939s] -- Up-to-date: /home/wyatt/git_ros2/ros2_ws/install/uf_interfaces/local/lib/python3.10/dist-packages/uf_interfaces/msg
[1.939s] -- Up-to-date: /home/wyatt/git_ros2/ros2_ws/install/uf_interfaces/local/lib/python3.10/dist-packages/uf_interfaces/msg/__init__.py
[1.939s] -- Up-to-date: /home/wyatt/git_ros2/ros2_ws/install/uf_interfaces/local/lib/python3.10/dist-packages/uf_interfaces/msg/_position.py
[1.939s] -- Up-to-date: /home/wyatt/git_ros2/ros2_ws/install/uf_interfaces/local/lib/python3.10/dist-packages/uf_interfaces/msg/_position_s.c
[1.939s] -- Up-to-date: /home/wyatt/git_ros2/ros2_ws/install/uf_interfaces/local/lib/python3.10/dist-packages/uf_interfaces/uf_interfaces_s__rosidl_typesupport_introspection_c.cpython-310-x86_64-linux-gnu.so
[1.984s] Listing '/home/wyatt/git_ros2/ros2_ws/install/uf_interfaces/local/lib/python3.10/dist-packages/uf_interfaces'...
[1.984s] Listing '/home/wyatt/git_ros2/ros2_ws/install/uf_interfaces/local/lib/python3.10/dist-packages/uf_interfaces/action'...
[1.984s] Listing '/home/wyatt/git_ros2/ros2_ws/install/uf_interfaces/local/lib/python3.10/dist-packages/uf_interfaces/msg'...
[1.984s] Listing '/home/wyatt/git_ros2/ros2_ws/install/uf_interfaces/local/lib/python3.10/dist-packages/uf_interfaces/srv'...
[1.991s] -- Up-to-date: /home/wyatt/git_ros2/ros2_ws/install/uf_interfaces/local/lib/python3.10/dist-packages/uf_interfaces/uf_interfaces_s__rosidl_typesupport_fastrtps_c.cpython-310-x86_64-linux-gnu.so
[1.992s] -- Up-to-date: /home/wyatt/git_ros2/ros2_ws/install/uf_interfaces/local/lib/python3.10/dist-packages/uf_interfaces/uf_interfaces_s__rosidl_typesupport_introspection_c.cpython-310-x86_64-linux-gnu.so
[1.993s] -- Up-to-date: /home/wyatt/git_ros2/ros2_ws/install/uf_interfaces/local/lib/python3.10/dist-packages/uf_interfaces/uf_interfaces_s__rosidl_typesupport_c.cpython-310-x86_64-linux-gnu.so
[1.994s] -- Up-to-date: /home/wyatt/git_ros2/ros2_ws/install/uf_interfaces/lib/libuf_interfaces__rosidl_generator_py.so
[1.994s] -- Up-to-date: /home/wyatt/git_ros2/ros2_ws/install/uf_interfaces/share/uf_interfaces/action/Defend.idl
[1.994s] -- Up-to-date: /home/wyatt/git_ros2/ros2_ws/install/uf_interfaces/share/uf_interfaces/action/Herd.idl
[1.995s] -- Up-to-date: /home/wyatt/git_ros2/ros2_ws/install/uf_interfaces/share/uf_interfaces/msg/Position.idl
[1.995s] -- Up-to-date: /home/wyatt/git_ros2/ros2_ws/install/uf_interfaces/share/uf_interfaces/srv/TaskAssign.idl
[1.995s] -- Up-to-date: /home/wyatt/git_ros2/ros2_ws/install/uf_interfaces/share/uf_interfaces/srv/GeoConv.idl
[1.995s] -- Up-to-date: /home/wyatt/git_ros2/ros2_ws/install/uf_interfaces/share/uf_interfaces/action/Defend.action
[1.995s] -- Up-to-date: /home/wyatt/git_ros2/ros2_ws/install/uf_interfaces/share/uf_interfaces/action/Herd.action
[1.996s] -- Up-to-date: /home/wyatt/git_ros2/ros2_ws/install/uf_interfaces/share/uf_interfaces/msg/Position.msg
[1.996s] -- Up-to-date: /home/wyatt/git_ros2/ros2_ws/install/uf_interfaces/share/uf_interfaces/srv/TaskAssign.srv
[1.996s] -- Up-to-date: /home/wyatt/git_ros2/ros2_ws/install/uf_interfaces/share/uf_interfaces/srv/TaskAssign_Request.msg
[1.996s] -- Up-to-date: /home/wyatt/git_ros2/ros2_ws/install/uf_interfaces/share/uf_interfaces/srv/TaskAssign_Response.msg
[1.996s] -- Up-to-date: /home/wyatt/git_ros2/ros2_ws/install/uf_interfaces/share/uf_interfaces/srv/GeoConv.srv
[1.996s] -- Up-to-date: /home/wyatt/git_ros2/ros2_ws/install/uf_interfaces/share/uf_interfaces/srv/GeoConv_Request.msg
[1.996s] -- Up-to-date: /home/wyatt/git_ros2/ros2_ws/install/uf_interfaces/share/uf_interfaces/srv/GeoConv_Response.msg
[1.996s] -- Up-to-date: /home/wyatt/git_ros2/ros2_ws/install/uf_interfaces/share/ament_index/resource_index/package_run_dependencies/uf_interfaces
[1.996s] -- Up-to-date: /home/wyatt/git_ros2/ros2_ws/install/uf_interfaces/share/ament_index/resource_index/parent_prefix_path/uf_interfaces
[1.996s] -- Up-to-date: /home/wyatt/git_ros2/ros2_ws/install/uf_interfaces/share/uf_interfaces/environment/ament_prefix_path.sh
[1.996s] -- Up-to-date: /home/wyatt/git_ros2/ros2_ws/install/uf_interfaces/share/uf_interfaces/environment/ament_prefix_path.dsv
[1.996s] -- Up-to-date: /home/wyatt/git_ros2/ros2_ws/install/uf_interfaces/share/uf_interfaces/environment/path.sh
[1.996s] -- Up-to-date: /home/wyatt/git_ros2/ros2_ws/install/uf_interfaces/share/uf_interfaces/environment/path.dsv
[1.996s] -- Up-to-date: /home/wyatt/git_ros2/ros2_ws/install/uf_interfaces/share/uf_interfaces/local_setup.bash
[1.996s] -- Up-to-date: /home/wyatt/git_ros2/ros2_ws/install/uf_interfaces/share/uf_interfaces/local_setup.sh
[1.996s] -- Up-to-date: /home/wyatt/git_ros2/ros2_ws/install/uf_interfaces/share/uf_interfaces/local_setup.zsh
[1.996s] -- Up-to-date: /home/wyatt/git_ros2/ros2_ws/install/uf_interfaces/share/uf_interfaces/local_setup.dsv
[1.997s] -- Installing: /home/wyatt/git_ros2/ros2_ws/install/uf_interfaces/share/uf_interfaces/package.dsv
[1.998s] -- Up-to-date: /home/wyatt/git_ros2/ros2_ws/install/uf_interfaces/share/ament_index/resource_index/packages/uf_interfaces
[1.999s] -- Up-to-date: /home/wyatt/git_ros2/ros2_ws/install/uf_interfaces/share/uf_interfaces/cmake/export_uf_interfaces__rosidl_generator_cExport.cmake
[2.000s] -- Up-to-date: /home/wyatt/git_ros2/ros2_ws/install/uf_interfaces/share/uf_interfaces/cmake/export_uf_interfaces__rosidl_generator_cExport-noconfig.cmake
[2.001s] -- Up-to-date: /home/wyatt/git_ros2/ros2_ws/install/uf_interfaces/share/uf_interfaces/cmake/export_uf_interfaces__rosidl_typesupport_fastrtps_cExport.cmake
[2.001s] -- Up-to-date: /home/wyatt/git_ros2/ros2_ws/install/uf_interfaces/share/uf_interfaces/cmake/export_uf_interfaces__rosidl_typesupport_fastrtps_cExport-noconfig.cmake
[2.001s] -- Up-to-date: /home/wyatt/git_ros2/ros2_ws/install/uf_interfaces/share/uf_interfaces/cmake/export_uf_interfaces__rosidl_generator_cppExport.cmake
[2.001s] -- Up-to-date: /home/wyatt/git_ros2/ros2_ws/install/uf_interfaces/share/uf_interfaces/cmake/export_uf_interfaces__rosidl_typesupport_fastrtps_cppExport.cmake
[2.001s] -- Up-to-date: /home/wyatt/git_ros2/ros2_ws/install/uf_interfaces/share/uf_interfaces/cmake/export_uf_interfaces__rosidl_typesupport_fastrtps_cppExport-noconfig.cmake
[2.001s] -- Up-to-date: /home/wyatt/git_ros2/ros2_ws/install/uf_interfaces/share/uf_interfaces/cmake/uf_interfaces__rosidl_typesupport_introspection_cExport.cmake
[2.001s] -- Up-to-date: /home/wyatt/git_ros2/ros2_ws/install/uf_interfaces/share/uf_interfaces/cmake/uf_interfaces__rosidl_typesupport_introspection_cExport-noconfig.cmake
[2.002s] -- Up-to-date: /home/wyatt/git_ros2/ros2_ws/install/uf_interfaces/share/uf_interfaces/cmake/uf_interfaces__rosidl_typesupport_cExport.cmake
[2.002s] -- Up-to-date: /home/wyatt/git_ros2/ros2_ws/install/uf_interfaces/share/uf_interfaces/cmake/uf_interfaces__rosidl_typesupport_cExport-noconfig.cmake
[2.002s] -- Up-to-date: /home/wyatt/git_ros2/ros2_ws/install/uf_interfaces/share/uf_interfaces/cmake/uf_interfaces__rosidl_typesupport_introspection_cppExport.cmake
[2.002s] -- Up-to-date: /home/wyatt/git_ros2/ros2_ws/install/uf_interfaces/share/uf_interfaces/cmake/uf_interfaces__rosidl_typesupport_introspection_cppExport-noconfig.cmake
[2.003s] -- Up-to-date: /home/wyatt/git_ros2/ros2_ws/install/uf_interfaces/share/uf_interfaces/cmake/uf_interfaces__rosidl_typesupport_cppExport.cmake
[2.003s] -- Up-to-date: /home/wyatt/git_ros2/ros2_ws/install/uf_interfaces/share/uf_interfaces/cmake/uf_interfaces__rosidl_typesupport_cppExport-noconfig.cmake
[2.003s] -- Up-to-date: /home/wyatt/git_ros2/ros2_ws/install/uf_interfaces/share/uf_interfaces/cmake/export_uf_interfaces__rosidl_generator_pyExport.cmake
[2.003s] -- Up-to-date: /home/wyatt/git_ros2/ros2_ws/install/uf_interfaces/share/uf_interfaces/cmake/export_uf_interfaces__rosidl_generator_pyExport-noconfig.cmake
[2.003s] -- Up-to-date: /home/wyatt/git_ros2/ros2_ws/install/uf_interfaces/share/uf_interfaces/cmake/rosidl_cmake-extras.cmake
[2.004s] -- Up-to-date: /home/wyatt/git_ros2/ros2_ws/install/uf_interfaces/share/uf_interfaces/cmake/ament_cmake_export_dependencies-extras.cmake
[2.004s] -- Up-to-date: /home/wyatt/git_ros2/ros2_ws/install/uf_interfaces/share/uf_interfaces/cmake/ament_cmake_export_include_directories-extras.cmake
[2.004s] -- Up-to-date: /home/wyatt/git_ros2/ros2_ws/install/uf_interfaces/share/uf_interfaces/cmake/ament_cmake_export_libraries-extras.cmake
[2.005s] -- Up-to-date: /home/wyatt/git_ros2/ros2_ws/install/uf_interfaces/share/uf_interfaces/cmake/ament_cmake_export_targets-extras.cmake
[2.005s] -- Up-to-date: /home/wyatt/git_ros2/ros2_ws/install/uf_interfaces/share/uf_interfaces/cmake/rosidl_cmake_export_typesupport_targets-extras.cmake
[2.005s] -- Up-to-date: /home/wyatt/git_ros2/ros2_ws/install/uf_interfaces/share/uf_interfaces/cmake/rosidl_cmake_export_typesupport_libraries-extras.cmake
[2.005s] -- Up-to-date: /home/wyatt/git_ros2/ros2_ws/install/uf_interfaces/share/uf_interfaces/cmake/uf_interfacesConfig.cmake
[2.006s] -- Up-to-date: /home/wyatt/git_ros2/ros2_ws/install/uf_interfaces/share/uf_interfaces/cmake/uf_interfacesConfig-version.cmake
[2.006s] -- Up-to-date: /home/wyatt/git_ros2/ros2_ws/install/uf_interfaces/share/uf_interfaces/package.xml
[2.008s] Invoked command in '/home/wyatt/git_ros2/ros2_ws/build/uf_interfaces' returned '0': CMAKE_PREFIX_PATH=${CMAKE_PREFIX_PATH}:/home/wyatt/git_ros2/ros2_ws/install/wind_speed_package:/home/wyatt/git_ros2/ros2_ws/install/vehicle_position_checker:/home/wyatt/git_ros2/ros2_ws/install/test_herding_pkg:/home/wyatt/git_ros2/ros2_ws/install/herding_v1_package:/home/wyatt/git_ros2/ros2_ws/install/estop_button:/opt/ros/humble /usr/bin/cmake --install /home/wyatt/git_ros2/ros2_ws/build/uf_interfaces
