[2.694s] Invoking command in '/home/wyatt/ros2_ws/src/herding_control': PYTHONPATH=/home/wyatt/ros2_ws/build/herding_control/prefix_override:/usr/lib/python3/dist-packages/colcon_core/task/python/colcon_distutils_commands:/home/wyatt/ros2_ws/install/herding_control/lib/python3.10/site-packages:${PYTHONPATH} /usr/bin/python3 -W ignore:setup.py install is deprecated -W ignore:easy_install command is deprecated setup.py egg_info --egg-base ../../build/herding_control build --build-base /home/wyatt/ros2_ws/build/herding_control/build install --record /home/wyatt/ros2_ws/build/herding_control/install.log --single-version-externally-managed install_data
[3.344s] running egg_info
[3.344s] creating ../../build/herding_control/herding_control.egg-info
[3.345s] writing ../../build/herding_control/herding_control.egg-info/PKG-INFO
[3.345s] writing dependency_links to ../../build/herding_control/herding_control.egg-info/dependency_links.txt
[3.345s] writing entry points to ../../build/herding_control/herding_control.egg-info/entry_points.txt
[3.345s] writing requirements to ../../build/herding_control/herding_control.egg-info/requires.txt
[3.345s] writing top-level names to ../../build/herding_control/herding_control.egg-info/top_level.txt
[3.345s] writing manifest file '../../build/herding_control/herding_control.egg-info/SOURCES.txt'
[3.352s] reading manifest file '../../build/herding_control/herding_control.egg-info/SOURCES.txt'
[3.352s] writing manifest file '../../build/herding_control/herding_control.egg-info/SOURCES.txt'
[3.352s] running build
[3.353s] running build_py
[3.353s] creating /home/wyatt/ros2_ws/build/herding_control/build
[3.353s] creating /home/wyatt/ros2_ws/build/herding_control/build/lib
[3.353s] creating /home/wyatt/ros2_ws/build/herding_control/build/lib/herding_control
[3.353s] copying herding_control/herding_agent_node.py -> /home/wyatt/ros2_ws/build/herding_control/build/lib/herding_control
[3.355s] copying herding_control/__init__.py -> /home/wyatt/ros2_ws/build/herding_control/build/lib/herding_control
[3.355s] copying herding_control/herding_target_node.py -> /home/wyatt/ros2_ws/build/herding_control/build/lib/herding_control
[3.355s] running install
[3.355s] running install_lib
[3.355s] creating /home/wyatt/ros2_ws/install/herding_control/lib/python3.10/site-packages/herding_control
[3.356s] copying /home/wyatt/ros2_ws/build/herding_control/build/lib/herding_control/herding_agent_node.py -> /home/wyatt/ros2_ws/install/herding_control/lib/python3.10/site-packages/herding_control
[3.356s] copying /home/wyatt/ros2_ws/build/herding_control/build/lib/herding_control/__init__.py -> /home/wyatt/ros2_ws/install/herding_control/lib/python3.10/site-packages/herding_control
[3.356s] copying /home/wyatt/ros2_ws/build/herding_control/build/lib/herding_control/herding_target_node.py -> /home/wyatt/ros2_ws/install/herding_control/lib/python3.10/site-packages/herding_control
[3.356s] byte-compiling /home/wyatt/ros2_ws/install/herding_control/lib/python3.10/site-packages/herding_control/herding_agent_node.py to herding_agent_node.cpython-310.pyc
[3.358s] byte-compiling /home/wyatt/ros2_ws/install/herding_control/lib/python3.10/site-packages/herding_control/__init__.py to __init__.cpython-310.pyc
[3.359s] byte-compiling /home/wyatt/ros2_ws/install/herding_control/lib/python3.10/site-packages/herding_control/herding_target_node.py to herding_target_node.cpython-310.pyc
[3.360s] running install_data
[3.361s] creating /home/wyatt/ros2_ws/install/herding_control/share/ament_index
[3.361s] creating /home/wyatt/ros2_ws/install/herding_control/share/ament_index/resource_index
[3.361s] creating /home/wyatt/ros2_ws/install/herding_control/share/ament_index/resource_index/packages
[3.361s] copying resource/herding_control -> /home/wyatt/ros2_ws/install/herding_control/share/ament_index/resource_index/packages
[3.362s] copying package.xml -> /home/wyatt/ros2_ws/install/herding_control/share/herding_control
[3.362s] creating /home/wyatt/ros2_ws/install/herding_control/share/herding_control/launch
[3.362s] copying launch/herding_launch.py -> /home/wyatt/ros2_ws/install/herding_control/share/herding_control/launch
[3.362s] running install_egg_info
[3.366s] Copying ../../build/herding_control/herding_control.egg-info to /home/wyatt/ros2_ws/install/herding_control/lib/python3.10/site-packages/herding_control-0.0.0-py3.10.egg-info
[3.366s] running install_scripts
[3.405s] Installing herding_agent_node script to /home/wyatt/ros2_ws/install/herding_control/lib/herding_control
[3.406s] Installing herding_target_node script to /home/wyatt/ros2_ws/install/herding_control/lib/herding_control
[3.407s] writing list of installed files to '/home/wyatt/ros2_ws/build/herding_control/install.log'
[3.455s] Invoked command in '/home/wyatt/ros2_ws/src/herding_control' returned '0': PYTHONPATH=/home/wyatt/ros2_ws/build/herding_control/prefix_override:/usr/lib/python3/dist-packages/colcon_core/task/python/colcon_distutils_commands:/home/wyatt/ros2_ws/install/herding_control/lib/python3.10/site-packages:${PYTHONPATH} /usr/bin/python3 -W ignore:setup.py install is deprecated -W ignore:easy_install command is deprecated setup.py egg_info --egg-base ../../build/herding_control build --build-base /home/wyatt/ros2_ws/build/herding_control/build install --record /home/wyatt/ros2_ws/build/herding_control/install.log --single-version-externally-managed install_data
