[1.607s] Invoking command in '/home/wyatt/ros2_ws/src/common/emlid_interface': PYTHONPATH=/home/wyatt/ros2_ws/build/emlid_interface/prefix_override:/usr/lib/python3/dist-packages/colcon_core/task/python/colcon_distutils_commands:/home/wyatt/ros2_ws/install/emlid_interface/lib/python3.10/site-packages:${PYTHONPATH} /usr/bin/python3 -W ignore:setup.py install is deprecated setup.py egg_info --egg-base ../../../build/emlid_interface build --build-base /home/wyatt/ros2_ws/build/emlid_interface/build install --record /home/wyatt/ros2_ws/build/emlid_interface/install.log --single-version-externally-managed install_data
[2.046s] running egg_info
[2.046s] creating ../../../build/emlid_interface/emlid_interface.egg-info
[2.046s] writing ../../../build/emlid_interface/emlid_interface.egg-info/PKG-INFO
[2.048s] writing dependency_links to ../../../build/emlid_interface/emlid_interface.egg-info/dependency_links.txt
[2.050s] writing entry points to ../../../build/emlid_interface/emlid_interface.egg-info/entry_points.txt
[2.051s] writing requirements to ../../../build/emlid_interface/emlid_interface.egg-info/requires.txt
[2.051s] writing top-level names to ../../../build/emlid_interface/emlid_interface.egg-info/top_level.txt
[2.052s] writing manifest file '../../../build/emlid_interface/emlid_interface.egg-info/SOURCES.txt'
[2.055s] reading manifest file '../../../build/emlid_interface/emlid_interface.egg-info/SOURCES.txt'
[2.057s] writing manifest file '../../../build/emlid_interface/emlid_interface.egg-info/SOURCES.txt'
[2.057s] running build
[2.057s] running build_py
[2.057s] creating /home/wyatt/ros2_ws/build/emlid_interface/build
[2.058s] creating /home/wyatt/ros2_ws/build/emlid_interface/build/lib
[2.059s] creating /home/wyatt/ros2_ws/build/emlid_interface/build/lib/emlid_interface
[2.060s] copying emlid_interface/emlid_interface_node.py -> /home/wyatt/ros2_ws/build/emlid_interface/build/lib/emlid_interface
[2.060s] copying emlid_interface/__init__.py -> /home/wyatt/ros2_ws/build/emlid_interface/build/lib/emlid_interface
[2.060s] running install
[2.060s] running install_lib
[2.061s] creating /home/wyatt/ros2_ws/install/emlid_interface/lib/python3.10/site-packages/emlid_interface
[2.061s] copying /home/wyatt/ros2_ws/build/emlid_interface/build/lib/emlid_interface/emlid_interface_node.py -> /home/wyatt/ros2_ws/install/emlid_interface/lib/python3.10/site-packages/emlid_interface
[2.061s] copying /home/wyatt/ros2_ws/build/emlid_interface/build/lib/emlid_interface/__init__.py -> /home/wyatt/ros2_ws/install/emlid_interface/lib/python3.10/site-packages/emlid_interface
[2.062s] byte-compiling /home/wyatt/ros2_ws/install/emlid_interface/lib/python3.10/site-packages/emlid_interface/emlid_interface_node.py to emlid_interface_node.cpython-310.pyc
[2.066s] byte-compiling /home/wyatt/ros2_ws/install/emlid_interface/lib/python3.10/site-packages/emlid_interface/__init__.py to __init__.cpython-310.pyc
[2.067s] running install_data
[2.067s] creating /home/wyatt/ros2_ws/install/emlid_interface/share/ament_index
[2.067s] creating /home/wyatt/ros2_ws/install/emlid_interface/share/ament_index/resource_index
[2.067s] creating /home/wyatt/ros2_ws/install/emlid_interface/share/ament_index/resource_index/packages
[2.067s] copying resource/emlid_interface -> /home/wyatt/ros2_ws/install/emlid_interface/share/ament_index/resource_index/packages
[2.068s] copying package.xml -> /home/wyatt/ros2_ws/install/emlid_interface/share/emlid_interface
[2.068s] creating /home/wyatt/ros2_ws/install/emlid_interface/share/emlid_interface/launch
[2.068s] copying launch/emlid_interface_launch.py -> /home/wyatt/ros2_ws/install/emlid_interface/share/emlid_interface/launch
[2.068s] running install_egg_info
[2.071s] Copying ../../../build/emlid_interface/emlid_interface.egg-info to /home/wyatt/ros2_ws/install/emlid_interface/lib/python3.10/site-packages/emlid_interface-0.0.0-py3.10.egg-info
[2.071s] running install_scripts
[2.107s] Installing emlid_interface_node script to /home/wyatt/ros2_ws/install/emlid_interface/lib/emlid_interface
[2.108s] writing list of installed files to '/home/wyatt/ros2_ws/build/emlid_interface/install.log'
[2.152s] Invoked command in '/home/wyatt/ros2_ws/src/common/emlid_interface' returned '0': PYTHONPATH=/home/wyatt/ros2_ws/build/emlid_interface/prefix_override:/usr/lib/python3/dist-packages/colcon_core/task/python/colcon_distutils_commands:/home/wyatt/ros2_ws/install/emlid_interface/lib/python3.10/site-packages:${PYTHONPATH} /usr/bin/python3 -W ignore:setup.py install is deprecated setup.py egg_info --egg-base ../../../build/emlid_interface build --build-base /home/wyatt/ros2_ws/build/emlid_interface/build install --record /home/wyatt/ros2_ws/build/emlid_interface/install.log --single-version-externally-managed install_data
