[1.434s] Invoking command in '/home/wyatt/ros2_ws/src/estop_button': PYTHONPATH=/home/wyatt/ros2_ws/build/estop_button/prefix_override:/usr/lib/python3/dist-packages/colcon_core/task/python/colcon_distutils_commands:/home/wyatt/ros2_ws/install/estop_button/lib/python3.10/site-packages:${PYTHONPATH} /usr/bin/python3 -W ignore:setup.py install is deprecated -W ignore:easy_install command is deprecated setup.py egg_info --egg-base ../../build/estop_button build --build-base /home/wyatt/ros2_ws/build/estop_button/build install --record /home/wyatt/ros2_ws/build/estop_button/install.log --single-version-externally-managed install_data
[1.906s] running egg_info
[1.908s] writing ../../build/estop_button/estop_button.egg-info/PKG-INFO
[1.908s] writing dependency_links to ../../build/estop_button/estop_button.egg-info/dependency_links.txt
[1.908s] writing entry points to ../../build/estop_button/estop_button.egg-info/entry_points.txt
[1.908s] writing requirements to ../../build/estop_button/estop_button.egg-info/requires.txt
[1.909s] writing top-level names to ../../build/estop_button/estop_button.egg-info/top_level.txt
[1.910s] reading manifest file '../../build/estop_button/estop_button.egg-info/SOURCES.txt'
[1.912s] writing manifest file '../../build/estop_button/estop_button.egg-info/SOURCES.txt'
[1.915s] running build
[1.915s] running build_py
[1.915s] running install
[1.915s] running install_lib
[1.916s] running install_data
[1.916s] running install_egg_info
[1.918s] removing '/home/wyatt/ros2_ws/install/estop_button/lib/python3.10/site-packages/estop_button-0.0.0-py3.10.egg-info' (and everything under it)
[1.919s] Copying ../../build/estop_button/estop_button.egg-info to /home/wyatt/ros2_ws/install/estop_button/lib/python3.10/site-packages/estop_button-0.0.0-py3.10.egg-info
[1.920s] running install_scripts
[1.961s] writing list of installed files to '/home/wyatt/ros2_ws/build/estop_button/install.log'
[2.004s] Invoked command in '/home/wyatt/ros2_ws/src/estop_button' returned '0': PYTHONPATH=/home/wyatt/ros2_ws/build/estop_button/prefix_override:/usr/lib/python3/dist-packages/colcon_core/task/python/colcon_distutils_commands:/home/wyatt/ros2_ws/install/estop_button/lib/python3.10/site-packages:${PYTHONPATH} /usr/bin/python3 -W ignore:setup.py install is deprecated -W ignore:easy_install command is deprecated setup.py egg_info --egg-base ../../build/estop_button build --build-base /home/wyatt/ros2_ws/build/estop_button/build install --record /home/wyatt/ros2_ws/build/estop_button/install.log --single-version-externally-managed install_data
