[2.370s] Invoking command in '/home/wyatt/Documents/GitHub/ros2_ws/src/herding_v1_package': DEBUGINFOD_URLS=https://debuginfod.ubuntu.com PYTHONPATH=/home/wyatt/Documents/GitHub/ros2_ws/build/herding_v1_package/prefix_override:/usr/lib/python3/dist-packages/colcon_core/task/python/colcon_distutils_commands:/home/wyatt/Documents/GitHub/ros2_ws/install/herding_v1_package/lib/python3.12/site-packages:${PYTHONPATH} /usr/bin/python3 -W ignore:setup.py install is deprecated setup.py egg_info --egg-base ../../build/herding_v1_package build --build-base /home/wyatt/Documents/GitHub/ros2_ws/build/herding_v1_package/build install --record /home/wyatt/Documents/GitHub/ros2_ws/build/herding_v1_package/install.log --single-version-externally-managed install_data
[3.068s] running egg_info
[3.070s] creating ../../build/herding_v1_package/herding_v1_package.egg-info
[3.145s] writing ../../build/herding_v1_package/herding_v1_package.egg-info/PKG-INFO
[3.145s] writing dependency_links to ../../build/herding_v1_package/herding_v1_package.egg-info/dependency_links.txt
[3.145s] writing entry points to ../../build/herding_v1_package/herding_v1_package.egg-info/entry_points.txt
[3.145s] writing requirements to ../../build/herding_v1_package/herding_v1_package.egg-info/requires.txt
[3.147s] writing top-level names to ../../build/herding_v1_package/herding_v1_package.egg-info/top_level.txt
[3.150s] writing manifest file '../../build/herding_v1_package/herding_v1_package.egg-info/SOURCES.txt'
[3.260s] reading manifest file '../../build/herding_v1_package/herding_v1_package.egg-info/SOURCES.txt'
[3.263s] writing manifest file '../../build/herding_v1_package/herding_v1_package.egg-info/SOURCES.txt'
[3.263s] running build
[3.264s] running build_py
[3.264s] creating /home/wyatt/Documents/GitHub/ros2_ws/build/herding_v1_package/build
[3.264s] creating /home/wyatt/Documents/GitHub/ros2_ws/build/herding_v1_package/build/lib
[3.264s] creating /home/wyatt/Documents/GitHub/ros2_ws/build/herding_v1_package/build/lib/herding_v1_package
[3.264s] copying herding_v1_package/__init__.py -> /home/wyatt/Documents/GitHub/ros2_ws/build/herding_v1_package/build/lib/herding_v1_package
[3.265s] copying herding_v1_package/simulation.py -> /home/wyatt/Documents/GitHub/ros2_ws/build/herding_v1_package/build/lib/herding_v1_package
[3.265s] copying herding_v1_package/herding_node.py -> /home/wyatt/Documents/GitHub/ros2_ws/build/herding_v1_package/build/lib/herding_v1_package
[3.266s] running install
[3.280s] running install_lib
[3.326s] creating /home/wyatt/Documents/GitHub/ros2_ws/install/herding_v1_package/lib/python3.12/site-packages/herding_v1_package
[3.326s] copying /home/wyatt/Documents/GitHub/ros2_ws/build/herding_v1_package/build/lib/herding_v1_package/__init__.py -> /home/wyatt/Documents/GitHub/ros2_ws/install/herding_v1_package/lib/python3.12/site-packages/herding_v1_package
[3.326s] copying /home/wyatt/Documents/GitHub/ros2_ws/build/herding_v1_package/build/lib/herding_v1_package/simulation.py -> /home/wyatt/Documents/GitHub/ros2_ws/install/herding_v1_package/lib/python3.12/site-packages/herding_v1_package
[3.327s] copying /home/wyatt/Documents/GitHub/ros2_ws/build/herding_v1_package/build/lib/herding_v1_package/herding_node.py -> /home/wyatt/Documents/GitHub/ros2_ws/install/herding_v1_package/lib/python3.12/site-packages/herding_v1_package
[3.329s] byte-compiling /home/wyatt/Documents/GitHub/ros2_ws/install/herding_v1_package/lib/python3.12/site-packages/herding_v1_package/__init__.py to __init__.cpython-312.pyc
[3.329s] byte-compiling /home/wyatt/Documents/GitHub/ros2_ws/install/herding_v1_package/lib/python3.12/site-packages/herding_v1_package/simulation.py to simulation.cpython-312.pyc
[3.336s] byte-compiling /home/wyatt/Documents/GitHub/ros2_ws/install/herding_v1_package/lib/python3.12/site-packages/herding_v1_package/herding_node.py to herding_node.cpython-312.pyc
[3.343s] running install_data
[3.343s] creating /home/wyatt/Documents/GitHub/ros2_ws/install/herding_v1_package/share/ament_index
[3.343s] creating /home/wyatt/Documents/GitHub/ros2_ws/install/herding_v1_package/share/ament_index/resource_index
[3.343s] creating /home/wyatt/Documents/GitHub/ros2_ws/install/herding_v1_package/share/ament_index/resource_index/packages
[3.343s] copying resource/herding_v1_package -> /home/wyatt/Documents/GitHub/ros2_ws/install/herding_v1_package/share/ament_index/resource_index/packages
[3.343s] copying package.xml -> /home/wyatt/Documents/GitHub/ros2_ws/install/herding_v1_package/share/herding_v1_package
[3.344s] running install_egg_info
[3.396s] Copying ../../build/herding_v1_package/herding_v1_package.egg-info to /home/wyatt/Documents/GitHub/ros2_ws/install/herding_v1_package/lib/python3.12/site-packages/herding_v1_package-0.0.0-py3.12.egg-info
[3.398s] running install_scripts
[3.677s] Installing herding_node script to /home/wyatt/Documents/GitHub/ros2_ws/install/herding_v1_package/lib/herding_v1_package
[3.677s] writing list of installed files to '/home/wyatt/Documents/GitHub/ros2_ws/build/herding_v1_package/install.log'
[3.972s] Invoked command in '/home/wyatt/Documents/GitHub/ros2_ws/src/herding_v1_package' returned '0': DEBUGINFOD_URLS=https://debuginfod.ubuntu.com PYTHONPATH=/home/wyatt/Documents/GitHub/ros2_ws/build/herding_v1_package/prefix_override:/usr/lib/python3/dist-packages/colcon_core/task/python/colcon_distutils_commands:/home/wyatt/Documents/GitHub/ros2_ws/install/herding_v1_package/lib/python3.12/site-packages:${PYTHONPATH} /usr/bin/python3 -W ignore:setup.py install is deprecated setup.py egg_info --egg-base ../../build/herding_v1_package build --build-base /home/wyatt/Documents/GitHub/ros2_ws/build/herding_v1_package/build install --record /home/wyatt/Documents/GitHub/ros2_ws/build/herding_v1_package/install.log --single-version-externally-managed install_data
