[1.608s] Invoking command in '/home/wyatt/ros2_ws/src/jhyv_experiment_pkg': PYTHONPATH=/home/wyatt/ros2_ws/build/jhyv_experiment_pkg/prefix_override:/usr/lib/python3/dist-packages/colcon_core/task/python/colcon_distutils_commands:/home/wyatt/ros2_ws/install/jhyv_experiment_pkg/lib/python3.10/site-packages:${PYTHONPATH} /usr/bin/python3 -W ignore:setup.py install is deprecated -W ignore:easy_install command is deprecated setup.py egg_info --egg-base ../../build/jhyv_experiment_pkg build --build-base /home/wyatt/ros2_ws/build/jhyv_experiment_pkg/build install --record /home/wyatt/ros2_ws/build/jhyv_experiment_pkg/install.log --single-version-externally-managed install_data
[2.220s] running egg_info
[2.222s] writing ../../build/jhyv_experiment_pkg/jhyv_experiment_pkg.egg-info/PKG-INFO
[2.222s] writing dependency_links to ../../build/jhyv_experiment_pkg/jhyv_experiment_pkg.egg-info/dependency_links.txt
[2.223s] writing entry points to ../../build/jhyv_experiment_pkg/jhyv_experiment_pkg.egg-info/entry_points.txt
[2.223s] writing requirements to ../../build/jhyv_experiment_pkg/jhyv_experiment_pkg.egg-info/requires.txt
[2.223s] writing top-level names to ../../build/jhyv_experiment_pkg/jhyv_experiment_pkg.egg-info/top_level.txt
[2.226s] reading manifest file '../../build/jhyv_experiment_pkg/jhyv_experiment_pkg.egg-info/SOURCES.txt'
[2.227s] writing manifest file '../../build/jhyv_experiment_pkg/jhyv_experiment_pkg.egg-info/SOURCES.txt'
[2.228s] running build
[2.228s] running build_py
[2.228s] running install
[2.228s] running install_lib
[2.231s] running install_data
[2.231s] running install_egg_info
[2.234s] removing '/home/wyatt/ros2_ws/install/jhyv_experiment_pkg/lib/python3.10/site-packages/jhyv_experiment_pkg-0.0.0-py3.10.egg-info' (and everything under it)
[2.234s] Copying ../../build/jhyv_experiment_pkg/jhyv_experiment_pkg.egg-info to /home/wyatt/ros2_ws/install/jhyv_experiment_pkg/lib/python3.10/site-packages/jhyv_experiment_pkg-0.0.0-py3.10.egg-info
[2.236s] running install_scripts
[2.274s] Installing fear_and_random_walk_node script to /home/wyatt/ros2_ws/install/jhyv_experiment_pkg/lib/jhyv_experiment_pkg
[2.275s] writing list of installed files to '/home/wyatt/ros2_ws/build/jhyv_experiment_pkg/install.log'
[2.565s] Invoked command in '/home/wyatt/ros2_ws/src/jhyv_experiment_pkg' returned '0': PYTHONPATH=/home/wyatt/ros2_ws/build/jhyv_experiment_pkg/prefix_override:/usr/lib/python3/dist-packages/colcon_core/task/python/colcon_distutils_commands:/home/wyatt/ros2_ws/install/jhyv_experiment_pkg/lib/python3.10/site-packages:${PYTHONPATH} /usr/bin/python3 -W ignore:setup.py install is deprecated -W ignore:easy_install command is deprecated setup.py egg_info --egg-base ../../build/jhyv_experiment_pkg build --build-base /home/wyatt/ros2_ws/build/jhyv_experiment_pkg/build install --record /home/wyatt/ros2_ws/build/jhyv_experiment_pkg/install.log --single-version-externally-managed install_data
