[2.141s] Invoking command in '/home/wyatt/git_ros2/ros2_ws/src/herding_v1_package': PYTHONPATH=/home/wyatt/git_ros2/ros2_ws/build/herding_v1_package/prefix_override:/home/wyatt/git_ros2/ros2_ws/install/herding_v1_package/lib/python3.10/site-packages:${PYTHONPATH} /usr/bin/python3 setup.py egg_info --egg-base ../../build/herding_v1_package build --build-base /home/wyatt/git_ros2/ros2_ws/build/herding_v1_package/build install --record /home/wyatt/git_ros2/ros2_ws/build/herding_v1_package/install.log --single-version-externally-managed
[2.472s] running egg_info
[2.473s] writing ../../build/herding_v1_package/herding_v1_package.egg-info/PKG-INFO
[2.473s] writing dependency_links to ../../build/herding_v1_package/herding_v1_package.egg-info/dependency_links.txt
[2.474s] writing entry points to ../../build/herding_v1_package/herding_v1_package.egg-info/entry_points.txt
[2.474s] writing requirements to ../../build/herding_v1_package/herding_v1_package.egg-info/requires.txt
[2.474s] writing top-level names to ../../build/herding_v1_package/herding_v1_package.egg-info/top_level.txt
[2.477s] reading manifest file '../../build/herding_v1_package/herding_v1_package.egg-info/SOURCES.txt'
[2.478s] writing manifest file '../../build/herding_v1_package/herding_v1_package.egg-info/SOURCES.txt'
[2.478s] running build
[2.478s] running build_py
[2.478s] copying herding_v1_package/herding_node.py -> /home/wyatt/git_ros2/ros2_ws/build/herding_v1_package/build/lib/herding_v1_package
[2.478s] copying herding_v1_package/simulation.py -> /home/wyatt/git_ros2/ros2_ws/build/herding_v1_package/build/lib/herding_v1_package
[2.479s] running install
[2.479s] /usr/lib/python3/dist-packages/setuptools/command/install.py:34: SetuptoolsDeprecationWarning: setup.py install is deprecated. Use build and pip and other standards-based tools.
[2.479s]   warnings.warn(
[2.480s] running install_lib
[2.481s] copying /home/wyatt/git_ros2/ros2_ws/build/herding_v1_package/build/lib/herding_v1_package/herding_node.py -> /home/wyatt/git_ros2/ros2_ws/install/herding_v1_package/lib/python3.10/site-packages/herding_v1_package
[2.481s] copying /home/wyatt/git_ros2/ros2_ws/build/herding_v1_package/build/lib/herding_v1_package/simulation.py -> /home/wyatt/git_ros2/ros2_ws/install/herding_v1_package/lib/python3.10/site-packages/herding_v1_package
[2.482s] byte-compiling /home/wyatt/git_ros2/ros2_ws/install/herding_v1_package/lib/python3.10/site-packages/herding_v1_package/herding_node.py to herding_node.cpython-310.pyc
[2.484s] byte-compiling /home/wyatt/git_ros2/ros2_ws/install/herding_v1_package/lib/python3.10/site-packages/herding_v1_package/simulation.py to simulation.cpython-310.pyc
[2.485s] running install_data
[2.485s] running install_egg_info
[2.487s] removing '/home/wyatt/git_ros2/ros2_ws/install/herding_v1_package/lib/python3.10/site-packages/herding_v1_package-0.0.0-py3.10.egg-info' (and everything under it)
[2.488s] Copying ../../build/herding_v1_package/herding_v1_package.egg-info to /home/wyatt/git_ros2/ros2_ws/install/herding_v1_package/lib/python3.10/site-packages/herding_v1_package-0.0.0-py3.10.egg-info
[2.489s] running install_scripts
[2.546s] Installing herding_node script to /home/wyatt/git_ros2/ros2_ws/install/herding_v1_package/lib/herding_v1_package
[2.547s] writing list of installed files to '/home/wyatt/git_ros2/ros2_ws/build/herding_v1_package/install.log'
[2.666s] Invoked command in '/home/wyatt/git_ros2/ros2_ws/src/herding_v1_package' returned '0': PYTHONPATH=/home/wyatt/git_ros2/ros2_ws/build/herding_v1_package/prefix_override:/home/wyatt/git_ros2/ros2_ws/install/herding_v1_package/lib/python3.10/site-packages:${PYTHONPATH} /usr/bin/python3 setup.py egg_info --egg-base ../../build/herding_v1_package build --build-base /home/wyatt/git_ros2/ros2_ws/build/herding_v1_package/build install --record /home/wyatt/git_ros2/ros2_ws/build/herding_v1_package/install.log --single-version-externally-managed
