[1.001s] Invoking command in '/home/wyatt/git_ros2/ros2_ws/build/uf_interfaces': CMAKE_PREFIX_PATH=${CMAKE_PREFIX_PATH}:/home/wyatt/git_ros2/ros2_ws/install/wind_speed_package:/home/wyatt/git_ros2/ros2_ws/install/vehicle_position_checker:/home/wyatt/git_ros2/ros2_ws/install/test_herding_pkg:/home/wyatt/git_ros2/ros2_ws/install/herding_v1_package:/home/wyatt/git_ros2/ros2_ws/install/estop_button:/opt/ros/humble /usr/bin/cmake --build /home/wyatt/git_ros2/ros2_ws/build/uf_interfaces -- -j8 -l8
[1.318s] [  7%] Built target uf_interfaces__cpp
[1.321s] [ 12%] Built target uf_interfaces__rosidl_generator_c
[1.323s] [ 12%] Built target ament_cmake_python_copy_uf_interfaces
[1.324s] [ 23%] Built target uf_interfaces__rosidl_typesupport_cpp
[1.324s] [ 34%] Built target uf_interfaces__rosidl_typesupport_introspection_cpp
[1.324s] [ 46%] Built target uf_interfaces__rosidl_typesupport_fastrtps_cpp
[1.325s] [ 57%] Built target uf_interfaces__rosidl_typesupport_c
[1.325s] [ 68%] Built target uf_interfaces__rosidl_typesupport_fastrtps_c
[1.325s] [ 79%] Built target uf_interfaces__rosidl_typesupport_introspection_c
[1.326s] [ 79%] Built target uf_interfaces
[1.326s] [ 80%] Built target uf_interfaces__py
[1.326s] [ 90%] Built target uf_interfaces__rosidl_generator_py
[1.326s] [ 93%] Built target uf_interfaces__rosidl_typesupport_fastrtps_c__pyext
[1.327s] [ 96%] Built target uf_interfaces__rosidl_typesupport_c__pyext
[1.328s] [100%] Built target uf_interfaces__rosidl_typesupport_introspection_c__pyext
[1.328s] running egg_info
[1.329s] writing uf_interfaces.egg-info/PKG-INFO
[1.330s] writing dependency_links to uf_interfaces.egg-info/dependency_links.txt
[1.330s] writing top-level names to uf_interfaces.egg-info/top_level.txt
[1.331s] reading manifest file 'uf_interfaces.egg-info/SOURCES.txt'
[1.332s] writing manifest file 'uf_interfaces.egg-info/SOURCES.txt'
[1.358s] [100%] Built target ament_cmake_python_build_uf_interfaces_egg
[1.578s] Invoked command in '/home/wyatt/git_ros2/ros2_ws/build/uf_interfaces' returned '0': CMAKE_PREFIX_PATH=${CMAKE_PREFIX_PATH}:/home/wyatt/git_ros2/ros2_ws/install/wind_speed_package:/home/wyatt/git_ros2/ros2_ws/install/vehicle_position_checker:/home/wyatt/git_ros2/ros2_ws/install/test_herding_pkg:/home/wyatt/git_ros2/ros2_ws/install/herding_v1_package:/home/wyatt/git_ros2/ros2_ws/install/estop_button:/opt/ros/humble /usr/bin/cmake --build /home/wyatt/git_ros2/ros2_ws/build/uf_interfaces -- -j8 -l8
[2.011s] Invoking command in '/home/wyatt/git_ros2/ros2_ws/build/uf_interfaces': CMAKE_PREFIX_PATH=${CMAKE_PREFIX_PATH}:/home/wyatt/git_ros2/ros2_ws/install/wind_speed_package:/home/wyatt/git_ros2/ros2_ws/install/vehicle_position_checker:/home/wyatt/git_ros2/ros2_ws/install/test_herding_pkg:/home/wyatt/git_ros2/ros2_ws/install/herding_v1_package:/home/wyatt/git_ros2/ros2_ws/install/estop_button:/opt/ros/humble /usr/bin/cmake --install /home/wyatt/git_ros2/ros2_ws/build/uf_interfaces
[2.030s] -- Install configuration: ""
[2.031s] -- Up-to-date: /home/wyatt/git_ros2/ros2_ws/install/uf_interfaces/share/ament_index/resource_index/rosidl_interfaces/uf_interfaces
[2.032s] -- Up-to-date: /home/wyatt/git_ros2/ros2_ws/install/uf_interfaces/include/uf_interfaces/uf_interfaces
[2.033s] -- Up-to-date: /home/wyatt/git_ros2/ros2_ws/install/uf_interfaces/include/uf_interfaces/uf_interfaces/action
[2.033s] -- Up-to-date: /home/wyatt/git_ros2/ros2_ws/install/uf_interfaces/include/uf_interfaces/uf_interfaces/action/defend.h
[2.034s] -- Up-to-date: /home/wyatt/git_ros2/ros2_ws/install/uf_interfaces/include/uf_interfaces/uf_interfaces/action/detail
[2.034s] -- Up-to-date: /home/wyatt/git_ros2/ros2_ws/install/uf_interfaces/include/uf_interfaces/uf_interfaces/action/detail/herd__struct.h
[2.035s] -- Up-to-date: /home/wyatt/git_ros2/ros2_ws/install/uf_interfaces/include/uf_interfaces/uf_interfaces/action/detail/herd__functions.h
[2.035s] -- Up-to-date: /home/wyatt/git_ros2/ros2_ws/install/uf_interfaces/include/uf_interfaces/uf_interfaces/action/detail/defend__struct.h
[2.036s] -- Up-to-date: /home/wyatt/git_ros2/ros2_ws/install/uf_interfaces/include/uf_interfaces/uf_interfaces/action/detail/herd__functions.c
[2.036s] -- Up-to-date: /home/wyatt/git_ros2/ros2_ws/install/uf_interfaces/include/uf_interfaces/uf_interfaces/action/detail/defend__type_support.h
[2.037s] -- Up-to-date: /home/wyatt/git_ros2/ros2_ws/install/uf_interfaces/include/uf_interfaces/uf_interfaces/action/detail/defend__functions.c
[2.037s] -- Up-to-date: /home/wyatt/git_ros2/ros2_ws/install/uf_interfaces/include/uf_interfaces/uf_interfaces/action/detail/defend__functions.h
[2.038s] -- Up-to-date: /home/wyatt/git_ros2/ros2_ws/install/uf_interfaces/include/uf_interfaces/uf_interfaces/action/detail/herd__type_support.h
[2.038s] -- Up-to-date: /home/wyatt/git_ros2/ros2_ws/install/uf_interfaces/include/uf_interfaces/uf_interfaces/action/herd.h
[2.039s] -- Up-to-date: /home/wyatt/git_ros2/ros2_ws/install/uf_interfaces/include/uf_interfaces/uf_interfaces/srv
[2.040s] -- Up-to-date: /home/wyatt/git_ros2/ros2_ws/install/uf_interfaces/include/uf_interfaces/uf_interfaces/srv/detail
[2.041s] -- Up-to-date: /home/wyatt/git_ros2/ros2_ws/install/uf_interfaces/include/uf_interfaces/uf_interfaces/srv/detail/task_assign__struct.h
[2.041s] -- Up-to-date: /home/wyatt/git_ros2/ros2_ws/install/uf_interfaces/include/uf_interfaces/uf_interfaces/srv/detail/task_assign__functions.h
[2.042s] -- Up-to-date: /home/wyatt/git_ros2/ros2_ws/install/uf_interfaces/include/uf_interfaces/uf_interfaces/srv/detail/task_assign__functions.c
[2.042s] -- Up-to-date: /home/wyatt/git_ros2/ros2_ws/install/uf_interfaces/include/uf_interfaces/uf_interfaces/srv/detail/geo_conv__functions.c
[2.043s] -- Up-to-date: /home/wyatt/git_ros2/ros2_ws/install/uf_interfaces/include/uf_interfaces/uf_interfaces/srv/detail/geo_conv__struct.h
[2.044s] -- Up-to-date: /home/wyatt/git_ros2/ros2_ws/install/uf_interfaces/include/uf_interfaces/uf_interfaces/srv/detail/geo_conv__functions.h
[2.044s] -- Up-to-date: /home/wyatt/git_ros2/ros2_ws/install/uf_interfaces/include/uf_interfaces/uf_interfaces/srv/detail/task_assign__type_support.h
[2.045s] -- Up-to-date: /home/wyatt/git_ros2/ros2_ws/install/uf_interfaces/include/uf_interfaces/uf_interfaces/srv/detail/geo_conv__type_support.h
[2.045s] -- Up-to-date: /home/wyatt/git_ros2/ros2_ws/install/uf_interfaces/include/uf_interfaces/uf_interfaces/srv/task_assign.h
[2.046s] -- Up-to-date: /home/wyatt/git_ros2/ros2_ws/install/uf_interfaces/include/uf_interfaces/uf_interfaces/srv/geo_conv.h
[2.046s] -- Up-to-date: /home/wyatt/git_ros2/ros2_ws/install/uf_interfaces/include/uf_interfaces/uf_interfaces/msg
[2.047s] -- Up-to-date: /home/wyatt/git_ros2/ros2_ws/install/uf_interfaces/include/uf_interfaces/uf_interfaces/msg/detail
[2.048s] -- Up-to-date: /home/wyatt/git_ros2/ros2_ws/install/uf_interfaces/include/uf_interfaces/uf_interfaces/msg/detail/position__type_support.h
[2.048s] -- Up-to-date: /home/wyatt/git_ros2/ros2_ws/install/uf_interfaces/include/uf_interfaces/uf_interfaces/msg/detail/position__functions.c
[2.049s] -- Up-to-date: /home/wyatt/git_ros2/ros2_ws/install/uf_interfaces/include/uf_interfaces/uf_interfaces/msg/detail/position__functions.h
[2.049s] -- Up-to-date: /home/wyatt/git_ros2/ros2_ws/install/uf_interfaces/include/uf_interfaces/uf_interfaces/msg/detail/position__struct.h
[2.050s] -- Up-to-date: /home/wyatt/git_ros2/ros2_ws/install/uf_interfaces/include/uf_interfaces/uf_interfaces/msg/rosidl_generator_c__visibility_control.h
[2.051s] -- Up-to-date: /home/wyatt/git_ros2/ros2_ws/install/uf_interfaces/include/uf_interfaces/uf_interfaces/msg/position.h
[2.051s] -- Up-to-date: /home/wyatt/git_ros2/ros2_ws/install/uf_interfaces/share/uf_interfaces/environment/library_path.sh
[2.052s] -- Up-to-date: /home/wyatt/git_ros2/ros2_ws/install/uf_interfaces/share/uf_interfaces/environment/library_path.dsv
[2.053s] -- Up-to-date: /home/wyatt/git_ros2/ros2_ws/install/uf_interfaces/lib/libuf_interfaces__rosidl_generator_c.so
[2.055s] -- Up-to-date: /home/wyatt/git_ros2/ros2_ws/install/uf_interfaces/include/uf_interfaces/uf_interfaces
[2.055s] -- Up-to-date: /home/wyatt/git_ros2/ros2_ws/install/uf_interfaces/include/uf_interfaces/uf_interfaces/action
[2.056s] -- Up-to-date: /home/wyatt/git_ros2/ros2_ws/install/uf_interfaces/include/uf_interfaces/uf_interfaces/action/detail
[2.057s] -- Up-to-date: /home/wyatt/git_ros2/ros2_ws/install/uf_interfaces/include/uf_interfaces/uf_interfaces/action/detail/herd__rosidl_typesupport_fastrtps_c.h
[2.057s] -- Up-to-date: /home/wyatt/git_ros2/ros2_ws/install/uf_interfaces/include/uf_interfaces/uf_interfaces/action/detail/defend__rosidl_typesupport_fastrtps_c.h
[2.057s] -- Up-to-date: /home/wyatt/git_ros2/ros2_ws/install/uf_interfaces/include/uf_interfaces/uf_interfaces/srv
[2.058s] -- Up-to-date: /home/wyatt/git_ros2/ros2_ws/install/uf_interfaces/include/uf_interfaces/uf_interfaces/srv/detail
[2.058s] -- Up-to-date: /home/wyatt/git_ros2/ros2_ws/install/uf_interfaces/include/uf_interfaces/uf_interfaces/srv/detail/geo_conv__rosidl_typesupport_fastrtps_c.h
[2.058s] -- Up-to-date: /home/wyatt/git_ros2/ros2_ws/install/uf_interfaces/include/uf_interfaces/uf_interfaces/srv/detail/task_assign__rosidl_typesupport_fastrtps_c.h
[2.059s] -- Up-to-date: /home/wyatt/git_ros2/ros2_ws/install/uf_interfaces/include/uf_interfaces/uf_interfaces/msg
[2.059s] -- Up-to-date: /home/wyatt/git_ros2/ros2_ws/install/uf_interfaces/include/uf_interfaces/uf_interfaces/msg/detail
[2.060s] -- Up-to-date: /home/wyatt/git_ros2/ros2_ws/install/uf_interfaces/include/uf_interfaces/uf_interfaces/msg/detail/position__rosidl_typesupport_fastrtps_c.h
[2.060s] -- Up-to-date: /home/wyatt/git_ros2/ros2_ws/install/uf_interfaces/include/uf_interfaces/uf_interfaces/msg/rosidl_typesupport_fastrtps_c__visibility_control.h
[2.061s] -- Up-to-date: /home/wyatt/git_ros2/ros2_ws/install/uf_interfaces/lib/libuf_interfaces__rosidl_typesupport_fastrtps_c.so
[2.062s] -- Up-to-date: /home/wyatt/git_ros2/ros2_ws/install/uf_interfaces/include/uf_interfaces/uf_interfaces
[2.063s] -- Up-to-date: /home/wyatt/git_ros2/ros2_ws/install/uf_interfaces/include/uf_interfaces/uf_interfaces/action
[2.063s] -- Up-to-date: /home/wyatt/git_ros2/ros2_ws/install/uf_interfaces/include/uf_interfaces/uf_interfaces/action/herd.hpp
[2.064s] -- Up-to-date: /home/wyatt/git_ros2/ros2_ws/install/uf_interfaces/include/uf_interfaces/uf_interfaces/action/detail
[2.064s] -- Up-to-date: /home/wyatt/git_ros2/ros2_ws/install/uf_interfaces/include/uf_interfaces/uf_interfaces/action/detail/herd__builder.hpp
[2.065s] -- Up-to-date: /home/wyatt/git_ros2/ros2_ws/install/uf_interfaces/include/uf_interfaces/uf_interfaces/action/detail/defend__struct.hpp
[2.065s] -- Up-to-date: /home/wyatt/git_ros2/ros2_ws/install/uf_interfaces/include/uf_interfaces/uf_interfaces/action/detail/defend__traits.hpp
[2.066s] -- Up-to-date: /home/wyatt/git_ros2/ros2_ws/install/uf_interfaces/include/uf_interfaces/uf_interfaces/action/detail/herd__struct.hpp
[2.067s] -- Up-to-date: /home/wyatt/git_ros2/ros2_ws/install/uf_interfaces/include/uf_interfaces/uf_interfaces/action/detail/herd__traits.hpp
[2.067s] -- Up-to-date: /home/wyatt/git_ros2/ros2_ws/install/uf_interfaces/include/uf_interfaces/uf_interfaces/action/detail/defend__builder.hpp
[2.068s] -- Up-to-date: /home/wyatt/git_ros2/ros2_ws/install/uf_interfaces/include/uf_interfaces/uf_interfaces/action/defend.hpp
[2.068s] -- Up-to-date: /home/wyatt/git_ros2/ros2_ws/install/uf_interfaces/include/uf_interfaces/uf_interfaces/srv
[2.069s] -- Up-to-date: /home/wyatt/git_ros2/ros2_ws/install/uf_interfaces/include/uf_interfaces/uf_interfaces/srv/task_assign.hpp
[2.070s] -- Up-to-date: /home/wyatt/git_ros2/ros2_ws/install/uf_interfaces/include/uf_interfaces/uf_interfaces/srv/geo_conv.hpp
[2.070s] -- Up-to-date: /home/wyatt/git_ros2/ros2_ws/install/uf_interfaces/include/uf_interfaces/uf_interfaces/srv/detail
[2.071s] -- Up-to-date: /home/wyatt/git_ros2/ros2_ws/install/uf_interfaces/include/uf_interfaces/uf_interfaces/srv/detail/task_assign__builder.hpp
[2.072s] -- Up-to-date: /home/wyatt/git_ros2/ros2_ws/install/uf_interfaces/include/uf_interfaces/uf_interfaces/srv/detail/task_assign__traits.hpp
[2.072s] -- Up-to-date: /home/wyatt/git_ros2/ros2_ws/install/uf_interfaces/include/uf_interfaces/uf_interfaces/srv/detail/geo_conv__traits.hpp
[2.073s] -- Up-to-date: /home/wyatt/git_ros2/ros2_ws/install/uf_interfaces/include/uf_interfaces/uf_interfaces/srv/detail/task_assign__struct.hpp
[2.073s] -- Up-to-date: /home/wyatt/git_ros2/ros2_ws/install/uf_interfaces/include/uf_interfaces/uf_interfaces/srv/detail/geo_conv__builder.hpp
[2.074s] -- Up-to-date: /home/wyatt/git_ros2/ros2_ws/install/uf_interfaces/include/uf_interfaces/uf_interfaces/srv/detail/geo_conv__struct.hpp
[2.075s] -- Up-to-date: /home/wyatt/git_ros2/ros2_ws/install/uf_interfaces/include/uf_interfaces/uf_interfaces/msg
[2.075s] -- Up-to-date: /home/wyatt/git_ros2/ros2_ws/install/uf_interfaces/include/uf_interfaces/uf_interfaces/msg/position.hpp
[2.076s] -- Up-to-date: /home/wyatt/git_ros2/ros2_ws/install/uf_interfaces/include/uf_interfaces/uf_interfaces/msg/detail
[2.076s] -- Up-to-date: /home/wyatt/git_ros2/ros2_ws/install/uf_interfaces/include/uf_interfaces/uf_interfaces/msg/detail/position__builder.hpp
[2.076s] -- Up-to-date: /home/wyatt/git_ros2/ros2_ws/install/uf_interfaces/include/uf_interfaces/uf_interfaces/msg/detail/position__struct.hpp
[2.077s] -- Up-to-date: /home/wyatt/git_ros2/ros2_ws/install/uf_interfaces/include/uf_interfaces/uf_interfaces/msg/detail/position__traits.hpp
[2.077s] -- Up-to-date: /home/wyatt/git_ros2/ros2_ws/install/uf_interfaces/include/uf_interfaces/uf_interfaces
[2.077s] -- Up-to-date: /home/wyatt/git_ros2/ros2_ws/install/uf_interfaces/include/uf_interfaces/uf_interfaces/action
[2.078s] -- Up-to-date: /home/wyatt/git_ros2/ros2_ws/install/uf_interfaces/include/uf_interfaces/uf_interfaces/action/detail
[2.078s] -- Up-to-date: /home/wyatt/git_ros2/ros2_ws/install/uf_interfaces/include/uf_interfaces/uf_interfaces/action/detail/defend__rosidl_typesupport_fastrtps_cpp.hpp
[2.079s] -- Up-to-date: /home/wyatt/git_ros2/ros2_ws/install/uf_interfaces/include/uf_interfaces/uf_interfaces/action/detail/herd__rosidl_typesupport_fastrtps_cpp.hpp
[2.079s] -- Up-to-date: /home/wyatt/git_ros2/ros2_ws/install/uf_interfaces/include/uf_interfaces/uf_interfaces/action/detail/dds_fastrtps
[2.080s] -- Up-to-date: /home/wyatt/git_ros2/ros2_ws/install/uf_interfaces/include/uf_interfaces/uf_interfaces/srv
[2.080s] -- Up-to-date: /home/wyatt/git_ros2/ros2_ws/install/uf_interfaces/include/uf_interfaces/uf_interfaces/srv/detail
[2.080s] -- Up-to-date: /home/wyatt/git_ros2/ros2_ws/install/uf_interfaces/include/uf_interfaces/uf_interfaces/srv/detail/geo_conv__rosidl_typesupport_fastrtps_cpp.hpp
[2.081s] -- Up-to-date: /home/wyatt/git_ros2/ros2_ws/install/uf_interfaces/include/uf_interfaces/uf_interfaces/srv/detail/task_assign__rosidl_typesupport_fastrtps_cpp.hpp
[2.081s] -- Up-to-date: /home/wyatt/git_ros2/ros2_ws/install/uf_interfaces/include/uf_interfaces/uf_interfaces/srv/detail/dds_fastrtps
[2.081s] -- Up-to-date: /home/wyatt/git_ros2/ros2_ws/install/uf_interfaces/include/uf_interfaces/uf_interfaces/msg
[2.082s] -- Up-to-date: /home/wyatt/git_ros2/ros2_ws/install/uf_interfaces/include/uf_interfaces/uf_interfaces/msg/rosidl_typesupport_fastrtps_cpp__visibility_control.h
[2.082s] -- Up-to-date: /home/wyatt/git_ros2/ros2_ws/install/uf_interfaces/include/uf_interfaces/uf_interfaces/msg/detail
[2.082s] -- Up-to-date: /home/wyatt/git_ros2/ros2_ws/install/uf_interfaces/include/uf_interfaces/uf_interfaces/msg/detail/position__rosidl_typesupport_fastrtps_cpp.hpp
[2.082s] -- Up-to-date: /home/wyatt/git_ros2/ros2_ws/install/uf_interfaces/include/uf_interfaces/uf_interfaces/msg/detail/dds_fastrtps
[2.084s] -- Up-to-date: /home/wyatt/git_ros2/ros2_ws/install/uf_interfaces/lib/libuf_interfaces__rosidl_typesupport_fastrtps_cpp.so
[2.085s] -- Up-to-date: /home/wyatt/git_ros2/ros2_ws/install/uf_interfaces/include/uf_interfaces/uf_interfaces
[2.085s] -- Up-to-date: /home/wyatt/git_ros2/ros2_ws/install/uf_interfaces/include/uf_interfaces/uf_interfaces/action
[2.085s] -- Up-to-date: /home/wyatt/git_ros2/ros2_ws/install/uf_interfaces/include/uf_interfaces/uf_interfaces/action/detail
[2.086s] -- Up-to-date: /home/wyatt/git_ros2/ros2_ws/install/uf_interfaces/include/uf_interfaces/uf_interfaces/action/detail/defend__rosidl_typesupport_introspection_c.h
[2.086s] -- Up-to-date: /home/wyatt/git_ros2/ros2_ws/install/uf_interfaces/include/uf_interfaces/uf_interfaces/action/detail/herd__type_support.c
[2.086s] -- Up-to-date: /home/wyatt/git_ros2/ros2_ws/install/uf_interfaces/include/uf_interfaces/uf_interfaces/action/detail/herd__rosidl_typesupport_introspection_c.h
[2.087s] -- Up-to-date: /home/wyatt/git_ros2/ros2_ws/install/uf_interfaces/include/uf_interfaces/uf_interfaces/action/detail/defend__type_support.c
[2.087s] -- Up-to-date: /home/wyatt/git_ros2/ros2_ws/install/uf_interfaces/include/uf_interfaces/uf_interfaces/srv
[2.087s] -- Up-to-date: /home/wyatt/git_ros2/ros2_ws/install/uf_interfaces/include/uf_interfaces/uf_interfaces/srv/detail
[2.088s] -- Up-to-date: /home/wyatt/git_ros2/ros2_ws/install/uf_interfaces/include/uf_interfaces/uf_interfaces/srv/detail/task_assign__rosidl_typesupport_introspection_c.h
[2.088s] -- Up-to-date: /home/wyatt/git_ros2/ros2_ws/install/uf_interfaces/include/uf_interfaces/uf_interfaces/srv/detail/geo_conv__rosidl_typesupport_introspection_c.h
[2.088s] -- Up-to-date: /home/wyatt/git_ros2/ros2_ws/install/uf_interfaces/include/uf_interfaces/uf_interfaces/srv/detail/geo_conv__type_support.c
[2.088s] -- Up-to-date: /home/wyatt/git_ros2/ros2_ws/install/uf_interfaces/include/uf_interfaces/uf_interfaces/srv/detail/task_assign__type_support.c
[2.089s] -- Up-to-date: /home/wyatt/git_ros2/ros2_ws/install/uf_interfaces/include/uf_interfaces/uf_interfaces/msg
[2.091s] -- Up-to-date: /home/wyatt/git_ros2/ros2_ws/install/uf_interfaces/include/uf_interfaces/uf_interfaces/msg/rosidl_typesupport_introspection_c__visibility_control.h
[2.091s] -- Up-to-date: /home/wyatt/git_ros2/ros2_ws/install/uf_interfaces/include/uf_interfaces/uf_interfaces/msg/detail
[2.091s] -- Up-to-date: /home/wyatt/git_ros2/ros2_ws/install/uf_interfaces/include/uf_interfaces/uf_interfaces/msg/detail/position__rosidl_typesupport_introspection_c.h
[2.091s] -- Up-to-date: /home/wyatt/git_ros2/ros2_ws/install/uf_interfaces/include/uf_interfaces/uf_interfaces/msg/detail/position__type_support.c
[2.092s] -- Up-to-date: /home/wyatt/git_ros2/ros2_ws/install/uf_interfaces/lib/libuf_interfaces__rosidl_typesupport_introspection_c.so
[2.092s] -- Up-to-date: /home/wyatt/git_ros2/ros2_ws/install/uf_interfaces/lib/libuf_interfaces__rosidl_typesupport_c.so
[2.093s] -- Up-to-date: /home/wyatt/git_ros2/ros2_ws/install/uf_interfaces/include/uf_interfaces/uf_interfaces
[2.093s] -- Up-to-date: /home/wyatt/git_ros2/ros2_ws/install/uf_interfaces/include/uf_interfaces/uf_interfaces/action
[2.094s] -- Up-to-date: /home/wyatt/git_ros2/ros2_ws/install/uf_interfaces/include/uf_interfaces/uf_interfaces/action/detail
[2.094s] -- Up-to-date: /home/wyatt/git_ros2/ros2_ws/install/uf_interfaces/include/uf_interfaces/uf_interfaces/action/detail/defend__type_support.cpp
[2.095s] -- Up-to-date: /home/wyatt/git_ros2/ros2_ws/install/uf_interfaces/include/uf_interfaces/uf_interfaces/action/detail/defend__rosidl_typesupport_introspection_cpp.hpp
[2.095s] -- Up-to-date: /home/wyatt/git_ros2/ros2_ws/install/uf_interfaces/include/uf_interfaces/uf_interfaces/action/detail/herd__rosidl_typesupport_introspection_cpp.hpp
[2.096s] -- Up-to-date: /home/wyatt/git_ros2/ros2_ws/install/uf_interfaces/include/uf_interfaces/uf_interfaces/action/detail/herd__type_support.cpp
[2.096s] -- Up-to-date: /home/wyatt/git_ros2/ros2_ws/install/uf_interfaces/include/uf_interfaces/uf_interfaces/srv
[2.097s] -- Up-to-date: /home/wyatt/git_ros2/ros2_ws/install/uf_interfaces/include/uf_interfaces/uf_interfaces/srv/detail
[2.097s] -- Up-to-date: /home/wyatt/git_ros2/ros2_ws/install/uf_interfaces/include/uf_interfaces/uf_interfaces/srv/detail/geo_conv__rosidl_typesupport_introspection_cpp.hpp
[2.098s] -- Up-to-date: /home/wyatt/git_ros2/ros2_ws/install/uf_interfaces/include/uf_interfaces/uf_interfaces/srv/detail/task_assign__rosidl_typesupport_introspection_cpp.hpp
[2.098s] -- Up-to-date: /home/wyatt/git_ros2/ros2_ws/install/uf_interfaces/include/uf_interfaces/uf_interfaces/srv/detail/task_assign__type_support.cpp
[2.099s] -- Up-to-date: /home/wyatt/git_ros2/ros2_ws/install/uf_interfaces/include/uf_interfaces/uf_interfaces/srv/detail/geo_conv__type_support.cpp
[2.099s] -- Up-to-date: /home/wyatt/git_ros2/ros2_ws/install/uf_interfaces/include/uf_interfaces/uf_interfaces/msg
[2.100s] -- Up-to-date: /home/wyatt/git_ros2/ros2_ws/install/uf_interfaces/include/uf_interfaces/uf_interfaces/msg/detail
[2.100s] -- Up-to-date: /home/wyatt/git_ros2/ros2_ws/install/uf_interfaces/include/uf_interfaces/uf_interfaces/msg/detail/position__rosidl_typesupport_introspection_cpp.hpp
[2.101s] -- Up-to-date: /home/wyatt/git_ros2/ros2_ws/install/uf_interfaces/include/uf_interfaces/uf_interfaces/msg/detail/position__type_support.cpp
[2.101s] -- Up-to-date: /home/wyatt/git_ros2/ros2_ws/install/uf_interfaces/lib/libuf_interfaces__rosidl_typesupport_introspection_cpp.so
[2.102s] -- Up-to-date: /home/wyatt/git_ros2/ros2_ws/install/uf_interfaces/lib/libuf_interfaces__rosidl_typesupport_cpp.so
[2.102s] -- Up-to-date: /home/wyatt/git_ros2/ros2_ws/install/uf_interfaces/share/uf_interfaces/environment/pythonpath.sh
[2.103s] -- Up-to-date: /home/wyatt/git_ros2/ros2_ws/install/uf_interfaces/share/uf_interfaces/environment/pythonpath.dsv
[2.103s] -- Up-to-date: /home/wyatt/git_ros2/ros2_ws/install/uf_interfaces/local/lib/python3.10/dist-packages/uf_interfaces-0.0.0-py3.10.egg-info
[2.104s] -- Installing: /home/wyatt/git_ros2/ros2_ws/install/uf_interfaces/local/lib/python3.10/dist-packages/uf_interfaces-0.0.0-py3.10.egg-info/dependency_links.txt
[2.104s] -- Installing: /home/wyatt/git_ros2/ros2_ws/install/uf_interfaces/local/lib/python3.10/dist-packages/uf_interfaces-0.0.0-py3.10.egg-info/PKG-INFO
[2.105s] -- Installing: /home/wyatt/git_ros2/ros2_ws/install/uf_interfaces/local/lib/python3.10/dist-packages/uf_interfaces-0.0.0-py3.10.egg-info/SOURCES.txt
[2.105s] -- Installing: /home/wyatt/git_ros2/ros2_ws/install/uf_interfaces/local/lib/python3.10/dist-packages/uf_interfaces-0.0.0-py3.10.egg-info/top_level.txt
[2.106s] -- Up-to-date: /home/wyatt/git_ros2/ros2_ws/install/uf_interfaces/local/lib/python3.10/dist-packages/uf_interfaces
[2.106s] -- Up-to-date: /home/wyatt/git_ros2/ros2_ws/install/uf_interfaces/local/lib/python3.10/dist-packages/uf_interfaces/_uf_interfaces_s.ep.rosidl_typesupport_introspection_c.c
[2.107s] -- Up-to-date: /home/wyatt/git_ros2/ros2_ws/install/uf_interfaces/local/lib/python3.10/dist-packages/uf_interfaces/__init__.py
[2.107s] -- Up-to-date: /home/wyatt/git_ros2/ros2_ws/install/uf_interfaces/local/lib/python3.10/dist-packages/uf_interfaces/_uf_interfaces_s.ep.rosidl_typesupport_c.c
[2.108s] -- Up-to-date: /home/wyatt/git_ros2/ros2_ws/install/uf_interfaces/local/lib/python3.10/dist-packages/uf_interfaces/action
[2.108s] -- Up-to-date: /home/wyatt/git_ros2/ros2_ws/install/uf_interfaces/local/lib/python3.10/dist-packages/uf_interfaces/action/_defend.py
[2.109s] -- Up-to-date: /home/wyatt/git_ros2/ros2_ws/install/uf_interfaces/local/lib/python3.10/dist-packages/uf_interfaces/action/__init__.py
[2.109s] -- Up-to-date: /home/wyatt/git_ros2/ros2_ws/install/uf_interfaces/local/lib/python3.10/dist-packages/uf_interfaces/action/_herd_s.c
[2.110s] -- Up-to-date: /home/wyatt/git_ros2/ros2_ws/install/uf_interfaces/local/lib/python3.10/dist-packages/uf_interfaces/action/_herd.py
[2.110s] -- Up-to-date: /home/wyatt/git_ros2/ros2_ws/install/uf_interfaces/local/lib/python3.10/dist-packages/uf_interfaces/action/_defend_s.c
[2.111s] -- Up-to-date: /home/wyatt/git_ros2/ros2_ws/install/uf_interfaces/local/lib/python3.10/dist-packages/uf_interfaces/srv
[2.111s] -- Up-to-date: /home/wyatt/git_ros2/ros2_ws/install/uf_interfaces/local/lib/python3.10/dist-packages/uf_interfaces/srv/_task_assign_s.c
[2.112s] -- Up-to-date: /home/wyatt/git_ros2/ros2_ws/install/uf_interfaces/local/lib/python3.10/dist-packages/uf_interfaces/srv/_task_assign.py
[2.112s] -- Up-to-date: /home/wyatt/git_ros2/ros2_ws/install/uf_interfaces/local/lib/python3.10/dist-packages/uf_interfaces/srv/__init__.py
[2.113s] -- Up-to-date: /home/wyatt/git_ros2/ros2_ws/install/uf_interfaces/local/lib/python3.10/dist-packages/uf_interfaces/srv/_geo_conv.py
[2.113s] -- Up-to-date: /home/wyatt/git_ros2/ros2_ws/install/uf_interfaces/local/lib/python3.10/dist-packages/uf_interfaces/srv/_geo_conv_s.c
[2.114s] -- Up-to-date: /home/wyatt/git_ros2/ros2_ws/install/uf_interfaces/local/lib/python3.10/dist-packages/uf_interfaces/uf_interfaces_s__rosidl_typesupport_fastrtps_c.cpython-310-x86_64-linux-gnu.so
[2.114s] -- Up-to-date: /home/wyatt/git_ros2/ros2_ws/install/uf_interfaces/local/lib/python3.10/dist-packages/uf_interfaces/_uf_interfaces_s.ep.rosidl_typesupport_fastrtps_c.c
[2.115s] -- Up-to-date: /home/wyatt/git_ros2/ros2_ws/install/uf_interfaces/local/lib/python3.10/dist-packages/uf_interfaces/uf_interfaces_s__rosidl_typesupport_c.cpython-310-x86_64-linux-gnu.so
[2.115s] -- Up-to-date: /home/wyatt/git_ros2/ros2_ws/install/uf_interfaces/local/lib/python3.10/dist-packages/uf_interfaces/libuf_interfaces__rosidl_generator_py.so
[2.116s] -- Up-to-date: /home/wyatt/git_ros2/ros2_ws/install/uf_interfaces/local/lib/python3.10/dist-packages/uf_interfaces/msg
[2.116s] -- Up-to-date: /home/wyatt/git_ros2/ros2_ws/install/uf_interfaces/local/lib/python3.10/dist-packages/uf_interfaces/msg/__init__.py
[2.117s] -- Up-to-date: /home/wyatt/git_ros2/ros2_ws/install/uf_interfaces/local/lib/python3.10/dist-packages/uf_interfaces/msg/_position.py
[2.117s] -- Up-to-date: /home/wyatt/git_ros2/ros2_ws/install/uf_interfaces/local/lib/python3.10/dist-packages/uf_interfaces/msg/_position_s.c
[2.118s] -- Up-to-date: /home/wyatt/git_ros2/ros2_ws/install/uf_interfaces/local/lib/python3.10/dist-packages/uf_interfaces/uf_interfaces_s__rosidl_typesupport_introspection_c.cpython-310-x86_64-linux-gnu.so
[2.162s] Listing '/home/wyatt/git_ros2/ros2_ws/install/uf_interfaces/local/lib/python3.10/dist-packages/uf_interfaces'...
[2.162s] Listing '/home/wyatt/git_ros2/ros2_ws/install/uf_interfaces/local/lib/python3.10/dist-packages/uf_interfaces/action'...
[2.162s] Listing '/home/wyatt/git_ros2/ros2_ws/install/uf_interfaces/local/lib/python3.10/dist-packages/uf_interfaces/msg'...
[2.162s] Listing '/home/wyatt/git_ros2/ros2_ws/install/uf_interfaces/local/lib/python3.10/dist-packages/uf_interfaces/srv'...
[2.174s] -- Up-to-date: /home/wyatt/git_ros2/ros2_ws/install/uf_interfaces/local/lib/python3.10/dist-packages/uf_interfaces/uf_interfaces_s__rosidl_typesupport_fastrtps_c.cpython-310-x86_64-linux-gnu.so
[2.174s] -- Up-to-date: /home/wyatt/git_ros2/ros2_ws/install/uf_interfaces/local/lib/python3.10/dist-packages/uf_interfaces/uf_interfaces_s__rosidl_typesupport_introspection_c.cpython-310-x86_64-linux-gnu.so
[2.175s] -- Up-to-date: /home/wyatt/git_ros2/ros2_ws/install/uf_interfaces/local/lib/python3.10/dist-packages/uf_interfaces/uf_interfaces_s__rosidl_typesupport_c.cpython-310-x86_64-linux-gnu.so
[2.175s] -- Up-to-date: /home/wyatt/git_ros2/ros2_ws/install/uf_interfaces/lib/libuf_interfaces__rosidl_generator_py.so
[2.175s] -- Up-to-date: /home/wyatt/git_ros2/ros2_ws/install/uf_interfaces/share/uf_interfaces/action/Defend.idl
[2.175s] -- Up-to-date: /home/wyatt/git_ros2/ros2_ws/install/uf_interfaces/share/uf_interfaces/action/Herd.idl
[2.175s] -- Up-to-date: /home/wyatt/git_ros2/ros2_ws/install/uf_interfaces/share/uf_interfaces/msg/Position.idl
[2.176s] -- Up-to-date: /home/wyatt/git_ros2/ros2_ws/install/uf_interfaces/share/uf_interfaces/srv/TaskAssign.idl
[2.176s] -- Up-to-date: /home/wyatt/git_ros2/ros2_ws/install/uf_interfaces/share/uf_interfaces/srv/GeoConv.idl
[2.176s] -- Up-to-date: /home/wyatt/git_ros2/ros2_ws/install/uf_interfaces/share/uf_interfaces/action/Defend.action
[2.176s] -- Up-to-date: /home/wyatt/git_ros2/ros2_ws/install/uf_interfaces/share/uf_interfaces/action/Herd.action
[2.176s] -- Up-to-date: /home/wyatt/git_ros2/ros2_ws/install/uf_interfaces/share/uf_interfaces/msg/Position.msg
[2.176s] -- Up-to-date: /home/wyatt/git_ros2/ros2_ws/install/uf_interfaces/share/uf_interfaces/srv/TaskAssign.srv
[2.176s] -- Up-to-date: /home/wyatt/git_ros2/ros2_ws/install/uf_interfaces/share/uf_interfaces/srv/TaskAssign_Request.msg
[2.176s] -- Up-to-date: /home/wyatt/git_ros2/ros2_ws/install/uf_interfaces/share/uf_interfaces/srv/TaskAssign_Response.msg
[2.176s] -- Up-to-date: /home/wyatt/git_ros2/ros2_ws/install/uf_interfaces/share/uf_interfaces/srv/GeoConv.srv
[2.176s] -- Up-to-date: /home/wyatt/git_ros2/ros2_ws/install/uf_interfaces/share/uf_interfaces/srv/GeoConv_Request.msg
[2.176s] -- Up-to-date: /home/wyatt/git_ros2/ros2_ws/install/uf_interfaces/share/uf_interfaces/srv/GeoConv_Response.msg
[2.176s] -- Up-to-date: /home/wyatt/git_ros2/ros2_ws/install/uf_interfaces/share/ament_index/resource_index/package_run_dependencies/uf_interfaces
[2.176s] -- Up-to-date: /home/wyatt/git_ros2/ros2_ws/install/uf_interfaces/share/ament_index/resource_index/parent_prefix_path/uf_interfaces
[2.176s] -- Up-to-date: /home/wyatt/git_ros2/ros2_ws/install/uf_interfaces/share/uf_interfaces/environment/ament_prefix_path.sh
[2.176s] -- Up-to-date: /home/wyatt/git_ros2/ros2_ws/install/uf_interfaces/share/uf_interfaces/environment/ament_prefix_path.dsv
[2.177s] -- Up-to-date: /home/wyatt/git_ros2/ros2_ws/install/uf_interfaces/share/uf_interfaces/environment/path.sh
[2.177s] -- Up-to-date: /home/wyatt/git_ros2/ros2_ws/install/uf_interfaces/share/uf_interfaces/environment/path.dsv
[2.177s] -- Up-to-date: /home/wyatt/git_ros2/ros2_ws/install/uf_interfaces/share/uf_interfaces/local_setup.bash
[2.177s] -- Up-to-date: /home/wyatt/git_ros2/ros2_ws/install/uf_interfaces/share/uf_interfaces/local_setup.sh
[2.177s] -- Up-to-date: /home/wyatt/git_ros2/ros2_ws/install/uf_interfaces/share/uf_interfaces/local_setup.zsh
[2.177s] -- Up-to-date: /home/wyatt/git_ros2/ros2_ws/install/uf_interfaces/share/uf_interfaces/local_setup.dsv
[2.177s] -- Installing: /home/wyatt/git_ros2/ros2_ws/install/uf_interfaces/share/uf_interfaces/package.dsv
[2.177s] -- Up-to-date: /home/wyatt/git_ros2/ros2_ws/install/uf_interfaces/share/ament_index/resource_index/packages/uf_interfaces
[2.177s] -- Up-to-date: /home/wyatt/git_ros2/ros2_ws/install/uf_interfaces/share/uf_interfaces/cmake/export_uf_interfaces__rosidl_generator_cExport.cmake
[2.177s] -- Up-to-date: /home/wyatt/git_ros2/ros2_ws/install/uf_interfaces/share/uf_interfaces/cmake/export_uf_interfaces__rosidl_generator_cExport-noconfig.cmake
[2.177s] -- Up-to-date: /home/wyatt/git_ros2/ros2_ws/install/uf_interfaces/share/uf_interfaces/cmake/export_uf_interfaces__rosidl_typesupport_fastrtps_cExport.cmake
[2.177s] -- Up-to-date: /home/wyatt/git_ros2/ros2_ws/install/uf_interfaces/share/uf_interfaces/cmake/export_uf_interfaces__rosidl_typesupport_fastrtps_cExport-noconfig.cmake
[2.177s] -- Up-to-date: /home/wyatt/git_ros2/ros2_ws/install/uf_interfaces/share/uf_interfaces/cmake/export_uf_interfaces__rosidl_generator_cppExport.cmake
[2.177s] -- Up-to-date: /home/wyatt/git_ros2/ros2_ws/install/uf_interfaces/share/uf_interfaces/cmake/export_uf_interfaces__rosidl_typesupport_fastrtps_cppExport.cmake
[2.177s] -- Up-to-date: /home/wyatt/git_ros2/ros2_ws/install/uf_interfaces/share/uf_interfaces/cmake/export_uf_interfaces__rosidl_typesupport_fastrtps_cppExport-noconfig.cmake
[2.177s] -- Up-to-date: /home/wyatt/git_ros2/ros2_ws/install/uf_interfaces/share/uf_interfaces/cmake/uf_interfaces__rosidl_typesupport_introspection_cExport.cmake
[2.178s] -- Up-to-date: /home/wyatt/git_ros2/ros2_ws/install/uf_interfaces/share/uf_interfaces/cmake/uf_interfaces__rosidl_typesupport_introspection_cExport-noconfig.cmake
[2.178s] -- Up-to-date: /home/wyatt/git_ros2/ros2_ws/install/uf_interfaces/share/uf_interfaces/cmake/uf_interfaces__rosidl_typesupport_cExport.cmake
[2.178s] -- Up-to-date: /home/wyatt/git_ros2/ros2_ws/install/uf_interfaces/share/uf_interfaces/cmake/uf_interfaces__rosidl_typesupport_cExport-noconfig.cmake
[2.178s] -- Up-to-date: /home/wyatt/git_ros2/ros2_ws/install/uf_interfaces/share/uf_interfaces/cmake/uf_interfaces__rosidl_typesupport_introspection_cppExport.cmake
[2.178s] -- Up-to-date: /home/wyatt/git_ros2/ros2_ws/install/uf_interfaces/share/uf_interfaces/cmake/uf_interfaces__rosidl_typesupport_introspection_cppExport-noconfig.cmake
[2.178s] -- Up-to-date: /home/wyatt/git_ros2/ros2_ws/install/uf_interfaces/share/uf_interfaces/cmake/uf_interfaces__rosidl_typesupport_cppExport.cmake
[2.178s] -- Up-to-date: /home/wyatt/git_ros2/ros2_ws/install/uf_interfaces/share/uf_interfaces/cmake/uf_interfaces__rosidl_typesupport_cppExport-noconfig.cmake
[2.178s] -- Up-to-date: /home/wyatt/git_ros2/ros2_ws/install/uf_interfaces/share/uf_interfaces/cmake/export_uf_interfaces__rosidl_generator_pyExport.cmake
[2.178s] -- Up-to-date: /home/wyatt/git_ros2/ros2_ws/install/uf_interfaces/share/uf_interfaces/cmake/export_uf_interfaces__rosidl_generator_pyExport-noconfig.cmake
[2.178s] -- Up-to-date: /home/wyatt/git_ros2/ros2_ws/install/uf_interfaces/share/uf_interfaces/cmake/rosidl_cmake-extras.cmake
[2.178s] -- Up-to-date: /home/wyatt/git_ros2/ros2_ws/install/uf_interfaces/share/uf_interfaces/cmake/ament_cmake_export_dependencies-extras.cmake
[2.178s] -- Up-to-date: /home/wyatt/git_ros2/ros2_ws/install/uf_interfaces/share/uf_interfaces/cmake/ament_cmake_export_include_directories-extras.cmake
[2.178s] -- Up-to-date: /home/wyatt/git_ros2/ros2_ws/install/uf_interfaces/share/uf_interfaces/cmake/ament_cmake_export_libraries-extras.cmake
[2.178s] -- Up-to-date: /home/wyatt/git_ros2/ros2_ws/install/uf_interfaces/share/uf_interfaces/cmake/ament_cmake_export_targets-extras.cmake
[2.178s] -- Up-to-date: /home/wyatt/git_ros2/ros2_ws/install/uf_interfaces/share/uf_interfaces/cmake/rosidl_cmake_export_typesupport_targets-extras.cmake
[2.178s] -- Up-to-date: /home/wyatt/git_ros2/ros2_ws/install/uf_interfaces/share/uf_interfaces/cmake/rosidl_cmake_export_typesupport_libraries-extras.cmake
[2.179s] -- Up-to-date: /home/wyatt/git_ros2/ros2_ws/install/uf_interfaces/share/uf_interfaces/cmake/uf_interfacesConfig.cmake
[2.179s] -- Up-to-date: /home/wyatt/git_ros2/ros2_ws/install/uf_interfaces/share/uf_interfaces/cmake/uf_interfacesConfig-version.cmake
[2.179s] -- Up-to-date: /home/wyatt/git_ros2/ros2_ws/install/uf_interfaces/share/uf_interfaces/package.xml
[2.202s] Invoked command in '/home/wyatt/git_ros2/ros2_ws/build/uf_interfaces' returned '0': CMAKE_PREFIX_PATH=${CMAKE_PREFIX_PATH}:/home/wyatt/git_ros2/ros2_ws/install/wind_speed_package:/home/wyatt/git_ros2/ros2_ws/install/vehicle_position_checker:/home/wyatt/git_ros2/ros2_ws/install/test_herding_pkg:/home/wyatt/git_ros2/ros2_ws/install/herding_v1_package:/home/wyatt/git_ros2/ros2_ws/install/estop_button:/opt/ros/humble /usr/bin/cmake --install /home/wyatt/git_ros2/ros2_ws/build/uf_interfaces
