[2.642s] Invoking command in '/home/wyatt/git_ros2/ros2_ws/src/estop_button': PYTHONPATH=/home/wyatt/git_ros2/ros2_ws/build/estop_button/prefix_override:/home/wyatt/git_ros2/ros2_ws/install/estop_button/lib/python3.10/site-packages:${PYTHONPATH} /usr/bin/python3 setup.py egg_info --egg-base ../../build/estop_button build --build-base /home/wyatt/git_ros2/ros2_ws/build/estop_button/build install --record /home/wyatt/git_ros2/ros2_ws/build/estop_button/install.log --single-version-externally-managed
[2.961s] running egg_info
[2.963s] writing ../../build/estop_button/estop_button.egg-info/PKG-INFO
[2.964s] writing dependency_links to ../../build/estop_button/estop_button.egg-info/dependency_links.txt
[2.965s] writing entry points to ../../build/estop_button/estop_button.egg-info/entry_points.txt
[2.965s] writing requirements to ../../build/estop_button/estop_button.egg-info/requires.txt
[2.966s] writing top-level names to ../../build/estop_button/estop_button.egg-info/top_level.txt
[2.969s] reading manifest file '../../build/estop_button/estop_button.egg-info/SOURCES.txt'
[2.970s] writing manifest file '../../build/estop_button/estop_button.egg-info/SOURCES.txt'
[2.971s] running build
[2.971s] running build_py
[2.971s] running install
[2.972s] /usr/lib/python3/dist-packages/setuptools/command/install.py:34: SetuptoolsDeprecationWarning: setup.py install is deprecated. Use build and pip and other standards-based tools.
[2.972s]   warnings.warn(
[2.973s] running install_lib
[2.974s] running install_data
[2.975s] running install_egg_info
[2.978s] removing '/home/wyatt/git_ros2/ros2_ws/install/estop_button/lib/python3.10/site-packages/estop_button-0.0.0-py3.10.egg-info' (and everything under it)
[2.979s] Copying ../../build/estop_button/estop_button.egg-info to /home/wyatt/git_ros2/ros2_ws/install/estop_button/lib/python3.10/site-packages/estop_button-0.0.0-py3.10.egg-info
[2.980s] running install_scripts
[3.004s] writing list of installed files to '/home/wyatt/git_ros2/ros2_ws/build/estop_button/install.log'
[3.188s] Invoked command in '/home/wyatt/git_ros2/ros2_ws/src/estop_button' returned '0': PYTHONPATH=/home/wyatt/git_ros2/ros2_ws/build/estop_button/prefix_override:/home/wyatt/git_ros2/ros2_ws/install/estop_button/lib/python3.10/site-packages:${PYTHONPATH} /usr/bin/python3 setup.py egg_info --egg-base ../../build/estop_button build --build-base /home/wyatt/git_ros2/ros2_ws/build/estop_button/build install --record /home/wyatt/git_ros2/ros2_ws/build/estop_button/install.log --single-version-externally-managed
