running egg_info
writing ../../build/wind_speed_package/wind_speed_package.egg-info/PKG-INFO
writing dependency_links to ../../build/wind_speed_package/wind_speed_package.egg-info/dependency_links.txt
writing entry points to ../../build/wind_speed_package/wind_speed_package.egg-info/entry_points.txt
writing requirements to ../../build/wind_speed_package/wind_speed_package.egg-info/requires.txt
writing top-level names to ../../build/wind_speed_package/wind_speed_package.egg-info/top_level.txt
reading manifest file '../../build/wind_speed_package/wind_speed_package.egg-info/SOURCES.txt'
writing manifest file '../../build/wind_speed_package/wind_speed_package.egg-info/SOURCES.txt'
running build
running build_py
copying wind_speed_package/wind_speed_node.py -> /home/wyatt/ros2_ws/build/wind_speed_package/build/lib/wind_speed_package
running install
running install_lib
copying /home/wyatt/ros2_ws/build/wind_speed_package/build/lib/wind_speed_package/wind_speed_node.py -> /home/wyatt/ros2_ws/install/wind_speed_package/lib/python3.10/site-packages/wind_speed_package
byte-compiling /home/wyatt/ros2_ws/install/wind_speed_package/lib/python3.10/site-packages/wind_speed_package/wind_speed_node.py to wind_speed_node.cpython-310.pyc
running install_data
running install_egg_info
removing '/home/wyatt/ros2_ws/install/wind_speed_package/lib/python3.10/site-packages/wind_speed_package-0.0.0-py3.10.egg-info' (and everything under it)
Copying ../../build/wind_speed_package/wind_speed_package.egg-info to /home/wyatt/ros2_ws/install/wind_speed_package/lib/python3.10/site-packages/wind_speed_package-0.0.0-py3.10.egg-info
running install_scripts
Installing wind_speed_node script to /home/wyatt/ros2_ws/install/wind_speed_package/lib/wind_speed_package
writing list of installed files to '/home/wyatt/ros2_ws/build/wind_speed_package/install.log'
