[1.955s] Invoking command in '/home/wyatt/ros2_ws/src/herding_control': PYTHONPATH=/home/wyatt/ros2_ws/build/herding_control/prefix_override:/usr/lib/python3/dist-packages/colcon_core/task/python/colcon_distutils_commands:/home/wyatt/ros2_ws/install/herding_control/lib/python3.10/site-packages:${PYTHONPATH} /usr/bin/python3 -W ignore:setup.py install is deprecated setup.py egg_info --egg-base ../../build/herding_control build --build-base /home/wyatt/ros2_ws/build/herding_control/build install --record /home/wyatt/ros2_ws/build/herding_control/install.log --single-version-externally-managed install_data
[2.828s] running egg_info
[2.829s] creating ../../build/herding_control/herding_control.egg-info
[2.830s] writing ../../build/herding_control/herding_control.egg-info/PKG-INFO
[2.830s] writing dependency_links to ../../build/herding_control/herding_control.egg-info/dependency_links.txt
[2.830s] writing entry points to ../../build/herding_control/herding_control.egg-info/entry_points.txt
[2.830s] writing requirements to ../../build/herding_control/herding_control.egg-info/requires.txt
[2.831s] writing top-level names to ../../build/herding_control/herding_control.egg-info/top_level.txt
[2.831s] writing manifest file '../../build/herding_control/herding_control.egg-info/SOURCES.txt'
[2.832s] reading manifest file '../../build/herding_control/herding_control.egg-info/SOURCES.txt'
[2.835s] writing manifest file '../../build/herding_control/herding_control.egg-info/SOURCES.txt'
[2.835s] running build
[2.835s] running build_py
[2.835s] creating /home/wyatt/ros2_ws/build/herding_control/build
[2.836s] creating /home/wyatt/ros2_ws/build/herding_control/build/lib
[2.837s] creating /home/wyatt/ros2_ws/build/herding_control/build/lib/herding_control
[2.837s] copying herding_control/herding_agent_node.py -> /home/wyatt/ros2_ws/build/herding_control/build/lib/herding_control
[2.837s] copying herding_control/__init__.py -> /home/wyatt/ros2_ws/build/herding_control/build/lib/herding_control
[2.837s] copying herding_control/herding_target_node.py -> /home/wyatt/ros2_ws/build/herding_control/build/lib/herding_control
[2.838s] running install
[2.838s] running install_lib
[2.840s] creating /home/wyatt/ros2_ws/install/herding_control/lib/python3.10/site-packages/herding_control
[2.840s] copying /home/wyatt/ros2_ws/build/herding_control/build/lib/herding_control/herding_agent_node.py -> /home/wyatt/ros2_ws/install/herding_control/lib/python3.10/site-packages/herding_control
[2.840s] copying /home/wyatt/ros2_ws/build/herding_control/build/lib/herding_control/__init__.py -> /home/wyatt/ros2_ws/install/herding_control/lib/python3.10/site-packages/herding_control
[2.840s] copying /home/wyatt/ros2_ws/build/herding_control/build/lib/herding_control/herding_target_node.py -> /home/wyatt/ros2_ws/install/herding_control/lib/python3.10/site-packages/herding_control
[2.841s] byte-compiling /home/wyatt/ros2_ws/install/herding_control/lib/python3.10/site-packages/herding_control/herding_agent_node.py to herding_agent_node.cpython-310.pyc
[2.844s] byte-compiling /home/wyatt/ros2_ws/install/herding_control/lib/python3.10/site-packages/herding_control/__init__.py to __init__.cpython-310.pyc
[2.844s] byte-compiling /home/wyatt/ros2_ws/install/herding_control/lib/python3.10/site-packages/herding_control/herding_target_node.py to herding_target_node.cpython-310.pyc
[2.846s] running install_data
[2.847s] creating /home/wyatt/ros2_ws/install/herding_control/share/ament_index
[2.847s] creating /home/wyatt/ros2_ws/install/herding_control/share/ament_index/resource_index
[2.847s] creating /home/wyatt/ros2_ws/install/herding_control/share/ament_index/resource_index/packages
[2.847s] copying resource/herding_control -> /home/wyatt/ros2_ws/install/herding_control/share/ament_index/resource_index/packages
[2.847s] copying package.xml -> /home/wyatt/ros2_ws/install/herding_control/share/herding_control
[2.847s] running install_egg_info
[2.852s] Copying ../../build/herding_control/herding_control.egg-info to /home/wyatt/ros2_ws/install/herding_control/lib/python3.10/site-packages/herding_control-0.0.0-py3.10.egg-info
[2.852s] running install_scripts
[2.894s] Installing herding_agent_node script to /home/wyatt/ros2_ws/install/herding_control/lib/herding_control
[2.895s] Installing herding_target_node script to /home/wyatt/ros2_ws/install/herding_control/lib/herding_control
[2.897s] writing list of installed files to '/home/wyatt/ros2_ws/build/herding_control/install.log'
[3.185s] Invoked command in '/home/wyatt/ros2_ws/src/herding_control' returned '0': PYTHONPATH=/home/wyatt/ros2_ws/build/herding_control/prefix_override:/usr/lib/python3/dist-packages/colcon_core/task/python/colcon_distutils_commands:/home/wyatt/ros2_ws/install/herding_control/lib/python3.10/site-packages:${PYTHONPATH} /usr/bin/python3 -W ignore:setup.py install is deprecated setup.py egg_info --egg-base ../../build/herding_control build --build-base /home/wyatt/ros2_ws/build/herding_control/build install --record /home/wyatt/ros2_ws/build/herding_control/install.log --single-version-externally-managed install_data
