[1.228s] Invoking command in '/home/wyatt/ros2_ws/src/herding_v1_package': PYTHONPATH=/home/wyatt/ros2_ws/build/herding_v1_package/prefix_override:/home/wyatt/ros2_ws/install/herding_v1_package/lib/python3.10/site-packages:${PYTHONPATH} /usr/bin/python3 setup.py egg_info --egg-base ../../build/herding_v1_package build --build-base /home/wyatt/ros2_ws/build/herding_v1_package/build install --record /home/wyatt/ros2_ws/build/herding_v1_package/install.log --single-version-externally-managed
[1.620s] running egg_info
[1.621s] writing ../../build/herding_v1_package/herding_v1_package.egg-info/PKG-INFO
[1.621s] writing dependency_links to ../../build/herding_v1_package/herding_v1_package.egg-info/dependency_links.txt
[1.621s] writing entry points to ../../build/herding_v1_package/herding_v1_package.egg-info/entry_points.txt
[1.622s] writing requirements to ../../build/herding_v1_package/herding_v1_package.egg-info/requires.txt
[1.622s] writing top-level names to ../../build/herding_v1_package/herding_v1_package.egg-info/top_level.txt
[1.625s] reading manifest file '../../build/herding_v1_package/herding_v1_package.egg-info/SOURCES.txt'
[1.626s] writing manifest file '../../build/herding_v1_package/herding_v1_package.egg-info/SOURCES.txt'
[1.627s] running build
[1.627s] running build_py
[1.627s] copying herding_v1_package/herding_node.py -> /home/wyatt/ros2_ws/build/herding_v1_package/build/lib/herding_v1_package
[1.628s] running install
[1.628s] running install_lib
[1.629s] copying /home/wyatt/ros2_ws/build/herding_v1_package/build/lib/herding_v1_package/herding_node.py -> /home/wyatt/ros2_ws/install/herding_v1_package/lib/python3.10/site-packages/herding_v1_package
[1.631s] byte-compiling /home/wyatt/ros2_ws/install/herding_v1_package/lib/python3.10/site-packages/herding_v1_package/herding_node.py to herding_node.cpython-310.pyc
[1.634s] running install_data
[1.635s] running install_egg_info
[1.638s] removing '/home/wyatt/ros2_ws/install/herding_v1_package/lib/python3.10/site-packages/herding_v1_package-0.0.0-py3.10.egg-info' (and everything under it)
[1.639s] Copying ../../build/herding_v1_package/herding_v1_package.egg-info to /home/wyatt/ros2_ws/install/herding_v1_package/lib/python3.10/site-packages/herding_v1_package-0.0.0-py3.10.egg-info
[1.640s] running install_scripts
[1.668s] Installing herding_node script to /home/wyatt/ros2_ws/install/herding_v1_package/lib/herding_v1_package
[1.669s] writing list of installed files to '/home/wyatt/ros2_ws/build/herding_v1_package/install.log'
[1.710s] Invoked command in '/home/wyatt/ros2_ws/src/herding_v1_package' returned '0': PYTHONPATH=/home/wyatt/ros2_ws/build/herding_v1_package/prefix_override:/home/wyatt/ros2_ws/install/herding_v1_package/lib/python3.10/site-packages:${PYTHONPATH} /usr/bin/python3 setup.py egg_info --egg-base ../../build/herding_v1_package build --build-base /home/wyatt/ros2_ws/build/herding_v1_package/build install --record /home/wyatt/ros2_ws/build/herding_v1_package/install.log --single-version-externally-managed
