running egg_info
creating ../../build/estop_button/estop_button.egg-info
writing ../../build/estop_button/estop_button.egg-info/PKG-INFO
writing dependency_links to ../../build/estop_button/estop_button.egg-info/dependency_links.txt
writing entry points to ../../build/estop_button/estop_button.egg-info/entry_points.txt
writing requirements to ../../build/estop_button/estop_button.egg-info/requires.txt
writing top-level names to ../../build/estop_button/estop_button.egg-info/top_level.txt
writing manifest file '../../build/estop_button/estop_button.egg-info/SOURCES.txt'
reading manifest file '../../build/estop_button/estop_button.egg-info/SOURCES.txt'
writing manifest file '../../build/estop_button/estop_button.egg-info/SOURCES.txt'
running build
running build_py
creating /home/wyatt/git_ros2/ros2_ws/build/estop_button/build
creating /home/wyatt/git_ros2/ros2_ws/build/estop_button/build/lib
creating /home/wyatt/git_ros2/ros2_ws/build/estop_button/build/lib/estop_button
copying estop_button/__init__.py -> /home/wyatt/git_ros2/ros2_ws/build/estop_button/build/lib/estop_button
copying estop_button/estop_button.py -> /home/wyatt/git_ros2/ros2_ws/build/estop_button/build/lib/estop_button
running install
running install_lib
/usr/lib/python3/dist-packages/setuptools/command/install.py:34: SetuptoolsDeprecationWarning: setup.py install is deprecated. Use build and pip and other standards-based tools.
  warnings.warn(
creating /home/wyatt/git_ros2/ros2_ws/install/estop_button/lib/python3.10/site-packages/estop_button
copying /home/wyatt/git_ros2/ros2_ws/build/estop_button/build/lib/estop_button/__init__.py -> /home/wyatt/git_ros2/ros2_ws/install/estop_button/lib/python3.10/site-packages/estop_button
copying /home/wyatt/git_ros2/ros2_ws/build/estop_button/build/lib/estop_button/estop_button.py -> /home/wyatt/git_ros2/ros2_ws/install/estop_button/lib/python3.10/site-packages/estop_button
byte-compiling /home/wyatt/git_ros2/ros2_ws/install/estop_button/lib/python3.10/site-packages/estop_button/__init__.py to __init__.cpython-310.pyc
byte-compiling /home/wyatt/git_ros2/ros2_ws/install/estop_button/lib/python3.10/site-packages/estop_button/estop_button.py to estop_button.cpython-310.pyc
running install_data
creating /home/wyatt/git_ros2/ros2_ws/install/estop_button/share/ament_index
creating /home/wyatt/git_ros2/ros2_ws/install/estop_button/share/ament_index/resource_index
creating /home/wyatt/git_ros2/ros2_ws/install/estop_button/share/ament_index/resource_index/packages
copying resource/estop_button -> /home/wyatt/git_ros2/ros2_ws/install/estop_button/share/ament_index/resource_index/packages
copying package.xml -> /home/wyatt/git_ros2/ros2_ws/install/estop_button/share/estop_button
running install_egg_info
Copying ../../build/estop_button/estop_button.egg-info to /home/wyatt/git_ros2/ros2_ws/install/estop_button/lib/python3.10/site-packages/estop_button-0.0.0-py3.10.egg-info
running install_scripts
writing list of installed files to '/home/wyatt/git_ros2/ros2_ws/build/estop_button/install.log'
