[2.547s] Invoking command in '/home/wyatt/ros2_ws/src/vehicle_position_checker': PYTHONPATH=/home/wyatt/ros2_ws/build/vehicle_position_checker/prefix_override:/usr/lib/python3/dist-packages/colcon_core/task/python/colcon_distutils_commands:/home/wyatt/ros2_ws/install/vehicle_position_checker/lib/python3.10/site-packages:${PYTHONPATH} /usr/bin/python3 -W ignore:setup.py install is deprecated setup.py egg_info --egg-base ../../build/vehicle_position_checker build --build-base /home/wyatt/ros2_ws/build/vehicle_position_checker/build install --record /home/wyatt/ros2_ws/build/vehicle_position_checker/install.log --single-version-externally-managed install_data
[3.237s] running egg_info
[3.240s] creating ../../build/vehicle_position_checker/vehicle_position_checker.egg-info
[3.240s] writing ../../build/vehicle_position_checker/vehicle_position_checker.egg-info/PKG-INFO
[3.240s] writing dependency_links to ../../build/vehicle_position_checker/vehicle_position_checker.egg-info/dependency_links.txt
[3.241s] writing entry points to ../../build/vehicle_position_checker/vehicle_position_checker.egg-info/entry_points.txt
[3.241s] writing requirements to ../../build/vehicle_position_checker/vehicle_position_checker.egg-info/requires.txt
[3.241s] writing top-level names to ../../build/vehicle_position_checker/vehicle_position_checker.egg-info/top_level.txt
[3.245s] writing manifest file '../../build/vehicle_position_checker/vehicle_position_checker.egg-info/SOURCES.txt'
[3.245s] reading manifest file '../../build/vehicle_position_checker/vehicle_position_checker.egg-info/SOURCES.txt'
[3.247s] writing manifest file '../../build/vehicle_position_checker/vehicle_position_checker.egg-info/SOURCES.txt'
[3.247s] running build
[3.248s] running build_py
[3.248s] creating /home/wyatt/ros2_ws/build/vehicle_position_checker/build
[3.248s] creating /home/wyatt/ros2_ws/build/vehicle_position_checker/build/lib
[3.251s] creating /home/wyatt/ros2_ws/build/vehicle_position_checker/build/lib/vehicle_position_checker
[3.251s] copying vehicle_position_checker/vehicle_position_checker.py -> /home/wyatt/ros2_ws/build/vehicle_position_checker/build/lib/vehicle_position_checker
[3.251s] copying vehicle_position_checker/__init__.py -> /home/wyatt/ros2_ws/build/vehicle_position_checker/build/lib/vehicle_position_checker
[3.251s] running install
[3.252s] running install_lib
[3.252s] creating /home/wyatt/ros2_ws/install/vehicle_position_checker/lib/python3.10/site-packages/vehicle_position_checker
[3.254s] copying /home/wyatt/ros2_ws/build/vehicle_position_checker/build/lib/vehicle_position_checker/vehicle_position_checker.py -> /home/wyatt/ros2_ws/install/vehicle_position_checker/lib/python3.10/site-packages/vehicle_position_checker
[3.256s] copying /home/wyatt/ros2_ws/build/vehicle_position_checker/build/lib/vehicle_position_checker/__init__.py -> /home/wyatt/ros2_ws/install/vehicle_position_checker/lib/python3.10/site-packages/vehicle_position_checker
[3.256s] byte-compiling /home/wyatt/ros2_ws/install/vehicle_position_checker/lib/python3.10/site-packages/vehicle_position_checker/vehicle_position_checker.py to vehicle_position_checker.cpython-310.pyc
[3.258s] byte-compiling /home/wyatt/ros2_ws/install/vehicle_position_checker/lib/python3.10/site-packages/vehicle_position_checker/__init__.py to __init__.cpython-310.pyc
[3.258s] running install_data
[3.258s] creating /home/wyatt/ros2_ws/install/vehicle_position_checker/share/ament_index
[3.259s] creating /home/wyatt/ros2_ws/install/vehicle_position_checker/share/ament_index/resource_index
[3.262s] creating /home/wyatt/ros2_ws/install/vehicle_position_checker/share/ament_index/resource_index/packages
[3.262s] copying resource/vehicle_position_checker -> /home/wyatt/ros2_ws/install/vehicle_position_checker/share/ament_index/resource_index/packages
[3.262s] copying package.xml -> /home/wyatt/ros2_ws/install/vehicle_position_checker/share/vehicle_position_checker
[3.263s] running install_egg_info
[3.263s] Copying ../../build/vehicle_position_checker/vehicle_position_checker.egg-info to /home/wyatt/ros2_ws/install/vehicle_position_checker/lib/python3.10/site-packages/vehicle_position_checker-0.0.0-py3.10.egg-info
[3.265s] running install_scripts
[3.309s] Installing vehicle_positon_checker_node script to /home/wyatt/ros2_ws/install/vehicle_position_checker/lib/vehicle_position_checker
[3.312s] writing list of installed files to '/home/wyatt/ros2_ws/build/vehicle_position_checker/install.log'
[3.377s] Invoked command in '/home/wyatt/ros2_ws/src/vehicle_position_checker' returned '0': PYTHONPATH=/home/wyatt/ros2_ws/build/vehicle_position_checker/prefix_override:/usr/lib/python3/dist-packages/colcon_core/task/python/colcon_distutils_commands:/home/wyatt/ros2_ws/install/vehicle_position_checker/lib/python3.10/site-packages:${PYTHONPATH} /usr/bin/python3 -W ignore:setup.py install is deprecated setup.py egg_info --egg-base ../../build/vehicle_position_checker build --build-base /home/wyatt/ros2_ws/build/vehicle_position_checker/build install --record /home/wyatt/ros2_ws/build/vehicle_position_checker/install.log --single-version-externally-managed install_data
