[1.709s] Invoking command in '/home/wyatt/git_ros2/ros2_ws/src/herding_v1_package': PYTHONPATH=/home/wyatt/git_ros2/ros2_ws/build/herding_v1_package/prefix_override:/home/wyatt/git_ros2/ros2_ws/install/herding_v1_package/lib/python3.10/site-packages:${PYTHONPATH} /usr/bin/python3 setup.py egg_info --egg-base ../../build/herding_v1_package build --build-base /home/wyatt/git_ros2/ros2_ws/build/herding_v1_package/build install --record /home/wyatt/git_ros2/ros2_ws/build/herding_v1_package/install.log --single-version-externally-managed
[1.981s] running egg_info
[1.982s] creating ../../build/herding_v1_package/herding_v1_package.egg-info
[1.982s] writing ../../build/herding_v1_package/herding_v1_package.egg-info/PKG-INFO
[1.983s] writing dependency_links to ../../build/herding_v1_package/herding_v1_package.egg-info/dependency_links.txt
[1.983s] writing entry points to ../../build/herding_v1_package/herding_v1_package.egg-info/entry_points.txt
[1.983s] writing requirements to ../../build/herding_v1_package/herding_v1_package.egg-info/requires.txt
[1.983s] writing top-level names to ../../build/herding_v1_package/herding_v1_package.egg-info/top_level.txt
[1.983s] writing manifest file '../../build/herding_v1_package/herding_v1_package.egg-info/SOURCES.txt'
[1.983s] reading manifest file '../../build/herding_v1_package/herding_v1_package.egg-info/SOURCES.txt'
[1.983s] writing manifest file '../../build/herding_v1_package/herding_v1_package.egg-info/SOURCES.txt'
[1.983s] running build
[1.984s] running build_py
[1.984s] creating /home/wyatt/git_ros2/ros2_ws/build/herding_v1_package/build
[1.984s] creating /home/wyatt/git_ros2/ros2_ws/build/herding_v1_package/build/lib
[1.984s] creating /home/wyatt/git_ros2/ros2_ws/build/herding_v1_package/build/lib/herding_v1_package
[1.984s] copying herding_v1_package/herding_node.py -> /home/wyatt/git_ros2/ros2_ws/build/herding_v1_package/build/lib/herding_v1_package
[1.984s] copying herding_v1_package/__init__.py -> /home/wyatt/git_ros2/ros2_ws/build/herding_v1_package/build/lib/herding_v1_package
[1.984s] copying herding_v1_package/simulation.py -> /home/wyatt/git_ros2/ros2_ws/build/herding_v1_package/build/lib/herding_v1_package
[1.985s] running install
[1.986s] /usr/lib/python3/dist-packages/setuptools/command/install.py:34: SetuptoolsDeprecationWarning: setup.py install is deprecated. Use build and pip and other standards-based tools.
[1.986s]   warnings.warn(
[1.986s] running install_lib
[1.986s] creating /home/wyatt/git_ros2/ros2_ws/install/herding_v1_package/lib/python3.10/site-packages/herding_v1_package
[1.987s] copying /home/wyatt/git_ros2/ros2_ws/build/herding_v1_package/build/lib/herding_v1_package/herding_node.py -> /home/wyatt/git_ros2/ros2_ws/install/herding_v1_package/lib/python3.10/site-packages/herding_v1_package
[1.987s] copying /home/wyatt/git_ros2/ros2_ws/build/herding_v1_package/build/lib/herding_v1_package/__init__.py -> /home/wyatt/git_ros2/ros2_ws/install/herding_v1_package/lib/python3.10/site-packages/herding_v1_package
[1.987s] copying /home/wyatt/git_ros2/ros2_ws/build/herding_v1_package/build/lib/herding_v1_package/simulation.py -> /home/wyatt/git_ros2/ros2_ws/install/herding_v1_package/lib/python3.10/site-packages/herding_v1_package
[1.987s] byte-compiling /home/wyatt/git_ros2/ros2_ws/install/herding_v1_package/lib/python3.10/site-packages/herding_v1_package/herding_node.py to herding_node.cpython-310.pyc
[1.987s] byte-compiling /home/wyatt/git_ros2/ros2_ws/install/herding_v1_package/lib/python3.10/site-packages/herding_v1_package/__init__.py to __init__.cpython-310.pyc
[1.987s] byte-compiling /home/wyatt/git_ros2/ros2_ws/install/herding_v1_package/lib/python3.10/site-packages/herding_v1_package/simulation.py to simulation.cpython-310.pyc
[1.987s] running install_data
[1.987s] creating /home/wyatt/git_ros2/ros2_ws/install/herding_v1_package/share/ament_index
[1.988s] creating /home/wyatt/git_ros2/ros2_ws/install/herding_v1_package/share/ament_index/resource_index
[1.988s] creating /home/wyatt/git_ros2/ros2_ws/install/herding_v1_package/share/ament_index/resource_index/packages
[1.988s] copying resource/herding_v1_package -> /home/wyatt/git_ros2/ros2_ws/install/herding_v1_package/share/ament_index/resource_index/packages
[1.988s] copying package.xml -> /home/wyatt/git_ros2/ros2_ws/install/herding_v1_package/share/herding_v1_package
[1.988s] running install_egg_info
[1.988s] Copying ../../build/herding_v1_package/herding_v1_package.egg-info to /home/wyatt/git_ros2/ros2_ws/install/herding_v1_package/lib/python3.10/site-packages/herding_v1_package-0.0.0-py3.10.egg-info
[1.988s] running install_scripts
[2.020s] Installing herding_node script to /home/wyatt/git_ros2/ros2_ws/install/herding_v1_package/lib/herding_v1_package
[2.020s] writing list of installed files to '/home/wyatt/git_ros2/ros2_ws/build/herding_v1_package/install.log'
[2.124s] Invoked command in '/home/wyatt/git_ros2/ros2_ws/src/herding_v1_package' returned '0': PYTHONPATH=/home/wyatt/git_ros2/ros2_ws/build/herding_v1_package/prefix_override:/home/wyatt/git_ros2/ros2_ws/install/herding_v1_package/lib/python3.10/site-packages:${PYTHONPATH} /usr/bin/python3 setup.py egg_info --egg-base ../../build/herding_v1_package build --build-base /home/wyatt/git_ros2/ros2_ws/build/herding_v1_package/build install --record /home/wyatt/git_ros2/ros2_ws/build/herding_v1_package/install.log --single-version-externally-managed
