[1.246s] Invoking command in '/home/wyatt/ros2_ws/src/herding_v1_package': PYTHONPATH=/home/wyatt/ros2_ws/build/herding_v1_package/prefix_override:/home/wyatt/ros2_ws/install/herding_v1_package/lib/python3.10/site-packages:${PYTHONPATH} /usr/bin/python3 setup.py egg_info --egg-base ../../build/herding_v1_package build --build-base /home/wyatt/ros2_ws/build/herding_v1_package/build install --record /home/wyatt/ros2_ws/build/herding_v1_package/install.log --single-version-externally-managed
[1.649s] running egg_info
[1.650s] writing ../../build/herding_v1_package/herding_v1_package.egg-info/PKG-INFO
[1.651s] writing dependency_links to ../../build/herding_v1_package/herding_v1_package.egg-info/dependency_links.txt
[1.651s] writing entry points to ../../build/herding_v1_package/herding_v1_package.egg-info/entry_points.txt
[1.651s] writing requirements to ../../build/herding_v1_package/herding_v1_package.egg-info/requires.txt
[1.651s] writing top-level names to ../../build/herding_v1_package/herding_v1_package.egg-info/top_level.txt
[1.656s] reading manifest file '../../build/herding_v1_package/herding_v1_package.egg-info/SOURCES.txt'
[1.658s] writing manifest file '../../build/herding_v1_package/herding_v1_package.egg-info/SOURCES.txt'
[1.658s] running build
[1.658s] running build_py
[1.658s] copying herding_v1_package/herding_node.py -> /home/wyatt/ros2_ws/build/herding_v1_package/build/lib/herding_v1_package
[1.659s] running install
[1.660s] running install_lib
[1.661s] copying /home/wyatt/ros2_ws/build/herding_v1_package/build/lib/herding_v1_package/herding_node.py -> /home/wyatt/ros2_ws/install/herding_v1_package/lib/python3.10/site-packages/herding_v1_package
[1.662s] byte-compiling /home/wyatt/ros2_ws/install/herding_v1_package/lib/python3.10/site-packages/herding_v1_package/herding_node.py to herding_node.cpython-310.pyc
[1.665s] running install_data
[1.666s] running install_egg_info
[1.669s] removing '/home/wyatt/ros2_ws/install/herding_v1_package/lib/python3.10/site-packages/herding_v1_package-0.0.0-py3.10.egg-info' (and everything under it)
[1.670s] Copying ../../build/herding_v1_package/herding_v1_package.egg-info to /home/wyatt/ros2_ws/install/herding_v1_package/lib/python3.10/site-packages/herding_v1_package-0.0.0-py3.10.egg-info
[1.671s] running install_scripts
[1.699s] Installing herding_node script to /home/wyatt/ros2_ws/install/herding_v1_package/lib/herding_v1_package
[1.699s] writing list of installed files to '/home/wyatt/ros2_ws/build/herding_v1_package/install.log'
[1.746s] Invoked command in '/home/wyatt/ros2_ws/src/herding_v1_package' returned '0': PYTHONPATH=/home/wyatt/ros2_ws/build/herding_v1_package/prefix_override:/home/wyatt/ros2_ws/install/herding_v1_package/lib/python3.10/site-packages:${PYTHONPATH} /usr/bin/python3 setup.py egg_info --egg-base ../../build/herding_v1_package build --build-base /home/wyatt/ros2_ws/build/herding_v1_package/build install --record /home/wyatt/ros2_ws/build/herding_v1_package/install.log --single-version-externally-managed
