[1.656s] Invoking command in '/home/wyatt/ros2_ws/src/common/geodetic_conversion': PYTHONPATH=/home/wyatt/ros2_ws/build/geodetic_conversion/prefix_override:/usr/lib/python3/dist-packages/colcon_core/task/python/colcon_distutils_commands:/home/wyatt/ros2_ws/install/geodetic_conversion/lib/python3.10/site-packages:${PYTHONPATH} /usr/bin/python3 -W ignore:setup.py install is deprecated -W ignore:easy_install command is deprecated setup.py egg_info --egg-base ../../../build/geodetic_conversion build --build-base /home/wyatt/ros2_ws/build/geodetic_conversion/build install --record /home/wyatt/ros2_ws/build/geodetic_conversion/install.log --single-version-externally-managed install_data
[2.203s] running egg_info
[2.204s] writing ../../../build/geodetic_conversion/geodetic_conversion.egg-info/PKG-INFO
[2.204s] writing dependency_links to ../../../build/geodetic_conversion/geodetic_conversion.egg-info/dependency_links.txt
[2.205s] writing entry points to ../../../build/geodetic_conversion/geodetic_conversion.egg-info/entry_points.txt
[2.205s] writing requirements to ../../../build/geodetic_conversion/geodetic_conversion.egg-info/requires.txt
[2.205s] writing top-level names to ../../../build/geodetic_conversion/geodetic_conversion.egg-info/top_level.txt
[2.207s] reading manifest file '../../../build/geodetic_conversion/geodetic_conversion.egg-info/SOURCES.txt'
[2.208s] writing manifest file '../../../build/geodetic_conversion/geodetic_conversion.egg-info/SOURCES.txt'
[2.208s] running build
[2.209s] running build_py
[2.210s] running install
[2.211s] running install_lib
[2.212s] running install_data
[2.212s] running install_egg_info
[2.215s] removing '/home/wyatt/ros2_ws/install/geodetic_conversion/lib/python3.10/site-packages/geodetic_conversion-0.0.0-py3.10.egg-info' (and everything under it)
[2.218s] Copying ../../../build/geodetic_conversion/geodetic_conversion.egg-info to /home/wyatt/ros2_ws/install/geodetic_conversion/lib/python3.10/site-packages/geodetic_conversion-0.0.0-py3.10.egg-info
[2.218s] running install_scripts
[2.256s] Installing geodetic_conversion_node script to /home/wyatt/ros2_ws/install/geodetic_conversion/lib/geodetic_conversion
[2.257s] writing list of installed files to '/home/wyatt/ros2_ws/build/geodetic_conversion/install.log'
[3.207s] Invoked command in '/home/wyatt/ros2_ws/src/common/geodetic_conversion' returned '0': PYTHONPATH=/home/wyatt/ros2_ws/build/geodetic_conversion/prefix_override:/usr/lib/python3/dist-packages/colcon_core/task/python/colcon_distutils_commands:/home/wyatt/ros2_ws/install/geodetic_conversion/lib/python3.10/site-packages:${PYTHONPATH} /usr/bin/python3 -W ignore:setup.py install is deprecated -W ignore:easy_install command is deprecated setup.py egg_info --egg-base ../../../build/geodetic_conversion build --build-base /home/wyatt/ros2_ws/build/geodetic_conversion/build install --record /home/wyatt/ros2_ws/build/geodetic_conversion/install.log --single-version-externally-managed install_data
