[1.710s] Invoking command in '/home/wyatt/ros2_ws/src/common/emlid_interface': PYTHONPATH=/home/wyatt/ros2_ws/build/emlid_interface/prefix_override:/usr/lib/python3/dist-packages/colcon_core/task/python/colcon_distutils_commands:/home/wyatt/ros2_ws/install/emlid_interface/lib/python3.10/site-packages:${PYTHONPATH} /usr/bin/python3 -W ignore:setup.py install is deprecated setup.py egg_info --egg-base ../../../build/emlid_interface build --build-base /home/wyatt/ros2_ws/build/emlid_interface/build install --record /home/wyatt/ros2_ws/build/emlid_interface/install.log --single-version-externally-managed install_data
[2.214s] running egg_info
[2.215s] writing ../../../build/emlid_interface/emlid_interface.egg-info/PKG-INFO
[2.218s] writing dependency_links to ../../../build/emlid_interface/emlid_interface.egg-info/dependency_links.txt
[2.218s] writing entry points to ../../../build/emlid_interface/emlid_interface.egg-info/entry_points.txt
[2.218s] writing requirements to ../../../build/emlid_interface/emlid_interface.egg-info/requires.txt
[2.219s] writing top-level names to ../../../build/emlid_interface/emlid_interface.egg-info/top_level.txt
[2.220s] reading manifest file '../../../build/emlid_interface/emlid_interface.egg-info/SOURCES.txt'
[2.222s] writing manifest file '../../../build/emlid_interface/emlid_interface.egg-info/SOURCES.txt'
[2.223s] running build
[2.223s] running build_py
[2.224s] running install
[2.225s] running install_lib
[2.229s] running install_data
[2.229s] running install_egg_info
[2.232s] removing '/home/wyatt/ros2_ws/install/emlid_interface/lib/python3.10/site-packages/emlid_interface-0.0.0-py3.10.egg-info' (and everything under it)
[2.233s] Copying ../../../build/emlid_interface/emlid_interface.egg-info to /home/wyatt/ros2_ws/install/emlid_interface/lib/python3.10/site-packages/emlid_interface-0.0.0-py3.10.egg-info
[2.235s] running install_scripts
[2.280s] Installing emlid_interface_node script to /home/wyatt/ros2_ws/install/emlid_interface/lib/emlid_interface
[2.281s] writing list of installed files to '/home/wyatt/ros2_ws/build/emlid_interface/install.log'
[2.355s] Invoked command in '/home/wyatt/ros2_ws/src/common/emlid_interface' returned '0': PYTHONPATH=/home/wyatt/ros2_ws/build/emlid_interface/prefix_override:/usr/lib/python3/dist-packages/colcon_core/task/python/colcon_distutils_commands:/home/wyatt/ros2_ws/install/emlid_interface/lib/python3.10/site-packages:${PYTHONPATH} /usr/bin/python3 -W ignore:setup.py install is deprecated setup.py egg_info --egg-base ../../../build/emlid_interface build --build-base /home/wyatt/ros2_ws/build/emlid_interface/build install --record /home/wyatt/ros2_ws/build/emlid_interface/install.log --single-version-externally-managed install_data
