[1.629s] Invoking command in '/home/wyatt/ros2_ws/src/estop_button': PYTHONPATH=/home/wyatt/ros2_ws/build/estop_button/prefix_override:/usr/lib/python3/dist-packages/colcon_core/task/python/colcon_distutils_commands:/home/wyatt/ros2_ws/install/estop_button/lib/python3.10/site-packages:${PYTHONPATH} /usr/bin/python3 -W ignore:setup.py install is deprecated -W ignore:easy_install command is deprecated setup.py egg_info --egg-base ../../build/estop_button build --build-base /home/wyatt/ros2_ws/build/estop_button/build install --record /home/wyatt/ros2_ws/build/estop_button/install.log --single-version-externally-managed install_data
[2.163s] running egg_info
[2.164s] writing ../../build/estop_button/estop_button.egg-info/PKG-INFO
[2.165s] writing dependency_links to ../../build/estop_button/estop_button.egg-info/dependency_links.txt
[2.165s] writing entry points to ../../build/estop_button/estop_button.egg-info/entry_points.txt
[2.165s] writing requirements to ../../build/estop_button/estop_button.egg-info/requires.txt
[2.165s] writing top-level names to ../../build/estop_button/estop_button.egg-info/top_level.txt
[2.175s] reading manifest file '../../build/estop_button/estop_button.egg-info/SOURCES.txt'
[2.185s] writing manifest file '../../build/estop_button/estop_button.egg-info/SOURCES.txt'
[2.185s] running build
[2.185s] running build_py
[2.185s] running install
[2.186s] running install_lib
[2.192s] running install_data
[2.193s] running install_egg_info
[2.197s] removing '/home/wyatt/ros2_ws/install/estop_button/lib/python3.10/site-packages/estop_button-0.0.0-py3.10.egg-info' (and everything under it)
[2.198s] Copying ../../build/estop_button/estop_button.egg-info to /home/wyatt/ros2_ws/install/estop_button/lib/python3.10/site-packages/estop_button-0.0.0-py3.10.egg-info
[2.199s] running install_scripts
[2.242s] writing list of installed files to '/home/wyatt/ros2_ws/build/estop_button/install.log'
[2.596s] Invoked command in '/home/wyatt/ros2_ws/src/estop_button' returned '0': PYTHONPATH=/home/wyatt/ros2_ws/build/estop_button/prefix_override:/usr/lib/python3/dist-packages/colcon_core/task/python/colcon_distutils_commands:/home/wyatt/ros2_ws/install/estop_button/lib/python3.10/site-packages:${PYTHONPATH} /usr/bin/python3 -W ignore:setup.py install is deprecated -W ignore:easy_install command is deprecated setup.py egg_info --egg-base ../../build/estop_button build --build-base /home/wyatt/ros2_ws/build/estop_button/build install --record /home/wyatt/ros2_ws/build/estop_button/install.log --single-version-externally-managed install_data
