[2.583s] Invoking command in '/home/wyatt/ros2_ws/src/herding_control': PYTHONPATH=/home/wyatt/ros2_ws/build/herding_control/prefix_override:/usr/lib/python3/dist-packages/colcon_core/task/python/colcon_distutils_commands:/home/wyatt/ros2_ws/install/herding_control/lib/python3.10/site-packages:${PYTHONPATH} /usr/bin/python3 -W ignore:setup.py install is deprecated -W ignore:easy_install command is deprecated setup.py egg_info --egg-base ../../build/herding_control build --build-base /home/wyatt/ros2_ws/build/herding_control/build install --record /home/wyatt/ros2_ws/build/herding_control/install.log --single-version-externally-managed install_data
[3.566s] running egg_info
[3.566s] creating ../../build/herding_control/herding_control.egg-info
[3.567s] writing ../../build/herding_control/herding_control.egg-info/PKG-INFO
[3.570s] writing dependency_links to ../../build/herding_control/herding_control.egg-info/dependency_links.txt
[3.570s] writing entry points to ../../build/herding_control/herding_control.egg-info/entry_points.txt
[3.570s] writing requirements to ../../build/herding_control/herding_control.egg-info/requires.txt
[3.573s] writing top-level names to ../../build/herding_control/herding_control.egg-info/top_level.txt
[3.573s] writing manifest file '../../build/herding_control/herding_control.egg-info/SOURCES.txt'
[3.580s] reading manifest file '../../build/herding_control/herding_control.egg-info/SOURCES.txt'
[3.580s] writing manifest file '../../build/herding_control/herding_control.egg-info/SOURCES.txt'
[3.580s] running build
[3.580s] running build_py
[3.580s] creating /home/wyatt/ros2_ws/build/herding_control/build
[3.581s] creating /home/wyatt/ros2_ws/build/herding_control/build/lib
[3.581s] creating /home/wyatt/ros2_ws/build/herding_control/build/lib/herding_control
[3.581s] copying herding_control/herding_agent_node.py -> /home/wyatt/ros2_ws/build/herding_control/build/lib/herding_control
[3.581s] copying herding_control/__init__.py -> /home/wyatt/ros2_ws/build/herding_control/build/lib/herding_control
[3.581s] copying herding_control/herding_target_node.py -> /home/wyatt/ros2_ws/build/herding_control/build/lib/herding_control
[3.581s] running install
[3.581s] running install_lib
[3.582s] creating /home/wyatt/ros2_ws/install/herding_control/lib/python3.10/site-packages/herding_control
[3.582s] copying /home/wyatt/ros2_ws/build/herding_control/build/lib/herding_control/herding_agent_node.py -> /home/wyatt/ros2_ws/install/herding_control/lib/python3.10/site-packages/herding_control
[3.587s] copying /home/wyatt/ros2_ws/build/herding_control/build/lib/herding_control/__init__.py -> /home/wyatt/ros2_ws/install/herding_control/lib/python3.10/site-packages/herding_control
[3.587s] copying /home/wyatt/ros2_ws/build/herding_control/build/lib/herding_control/herding_target_node.py -> /home/wyatt/ros2_ws/install/herding_control/lib/python3.10/site-packages/herding_control
[3.587s] byte-compiling /home/wyatt/ros2_ws/install/herding_control/lib/python3.10/site-packages/herding_control/herding_agent_node.py to herding_agent_node.cpython-310.pyc
[3.587s] byte-compiling /home/wyatt/ros2_ws/install/herding_control/lib/python3.10/site-packages/herding_control/__init__.py to __init__.cpython-310.pyc
[3.587s] byte-compiling /home/wyatt/ros2_ws/install/herding_control/lib/python3.10/site-packages/herding_control/herding_target_node.py to herding_target_node.cpython-310.pyc
[3.590s] running install_data
[3.590s] creating /home/wyatt/ros2_ws/install/herding_control/share/ament_index
[3.590s] creating /home/wyatt/ros2_ws/install/herding_control/share/ament_index/resource_index
[3.590s] creating /home/wyatt/ros2_ws/install/herding_control/share/ament_index/resource_index/packages
[3.592s] copying resource/herding_control -> /home/wyatt/ros2_ws/install/herding_control/share/ament_index/resource_index/packages
[3.592s] copying package.xml -> /home/wyatt/ros2_ws/install/herding_control/share/herding_control
[3.602s] creating /home/wyatt/ros2_ws/install/herding_control/share/herding_control/launch
[3.602s] copying launch/herding_launch.py -> /home/wyatt/ros2_ws/install/herding_control/share/herding_control/launch
[3.602s] running install_egg_info
[3.602s] Copying ../../build/herding_control/herding_control.egg-info to /home/wyatt/ros2_ws/install/herding_control/lib/python3.10/site-packages/herding_control-0.0.0-py3.10.egg-info
[3.603s] running install_scripts
[3.637s] Installing herding_agent_node script to /home/wyatt/ros2_ws/install/herding_control/lib/herding_control
[3.640s] Installing herding_target_node script to /home/wyatt/ros2_ws/install/herding_control/lib/herding_control
[3.641s] writing list of installed files to '/home/wyatt/ros2_ws/build/herding_control/install.log'
[3.724s] Invoked command in '/home/wyatt/ros2_ws/src/herding_control' returned '0': PYTHONPATH=/home/wyatt/ros2_ws/build/herding_control/prefix_override:/usr/lib/python3/dist-packages/colcon_core/task/python/colcon_distutils_commands:/home/wyatt/ros2_ws/install/herding_control/lib/python3.10/site-packages:${PYTHONPATH} /usr/bin/python3 -W ignore:setup.py install is deprecated -W ignore:easy_install command is deprecated setup.py egg_info --egg-base ../../build/herding_control build --build-base /home/wyatt/ros2_ws/build/herding_control/build install --record /home/wyatt/ros2_ws/build/herding_control/install.log --single-version-externally-managed install_data
