[2.497s] Invoking command in '/home/wyatt/ros2_ws/src/common/position_broadcaster': PYTHONPATH=/home/wyatt/ros2_ws/build/position_broadcaster/prefix_override:/usr/lib/python3/dist-packages/colcon_core/task/python/colcon_distutils_commands:/home/wyatt/ros2_ws/install/position_broadcaster/lib/python3.10/site-packages:${PYTHONPATH} /usr/bin/python3 -W ignore:setup.py install is deprecated -W ignore:easy_install command is deprecated setup.py egg_info --egg-base ../../../build/position_broadcaster build --build-base /home/wyatt/ros2_ws/build/position_broadcaster/build install --record /home/wyatt/ros2_ws/build/position_broadcaster/install.log --single-version-externally-managed install_data
[3.413s] running egg_info
[3.413s] writing ../../../build/position_broadcaster/position_broadcaster.egg-info/PKG-INFO
[3.413s] writing dependency_links to ../../../build/position_broadcaster/position_broadcaster.egg-info/dependency_links.txt
[3.414s] writing entry points to ../../../build/position_broadcaster/position_broadcaster.egg-info/entry_points.txt
[3.414s] writing requirements to ../../../build/position_broadcaster/position_broadcaster.egg-info/requires.txt
[3.414s] writing top-level names to ../../../build/position_broadcaster/position_broadcaster.egg-info/top_level.txt
[3.419s] reading manifest file '../../../build/position_broadcaster/position_broadcaster.egg-info/SOURCES.txt'
[3.419s] writing manifest file '../../../build/position_broadcaster/position_broadcaster.egg-info/SOURCES.txt'
[3.420s] running build
[3.420s] running build_py
[3.420s] running install
[3.423s] running install_lib
[3.423s] running install_data
[3.423s] running install_egg_info
[3.427s] removing '/home/wyatt/ros2_ws/install/position_broadcaster/lib/python3.10/site-packages/position_broadcaster-0.0.0-py3.10.egg-info' (and everything under it)
[3.432s] Copying ../../../build/position_broadcaster/position_broadcaster.egg-info to /home/wyatt/ros2_ws/install/position_broadcaster/lib/python3.10/site-packages/position_broadcaster-0.0.0-py3.10.egg-info
[3.432s] running install_scripts
[3.473s] Installing position_broadcaster_node script to /home/wyatt/ros2_ws/install/position_broadcaster/lib/position_broadcaster
[3.474s] writing list of installed files to '/home/wyatt/ros2_ws/build/position_broadcaster/install.log'
[3.622s] Invoked command in '/home/wyatt/ros2_ws/src/common/position_broadcaster' returned '0': PYTHONPATH=/home/wyatt/ros2_ws/build/position_broadcaster/prefix_override:/usr/lib/python3/dist-packages/colcon_core/task/python/colcon_distutils_commands:/home/wyatt/ros2_ws/install/position_broadcaster/lib/python3.10/site-packages:${PYTHONPATH} /usr/bin/python3 -W ignore:setup.py install is deprecated -W ignore:easy_install command is deprecated setup.py egg_info --egg-base ../../../build/position_broadcaster build --build-base /home/wyatt/ros2_ws/build/position_broadcaster/build install --record /home/wyatt/ros2_ws/build/position_broadcaster/install.log --single-version-externally-managed install_data
