[0.033s] Invoking command in '/home/wyatt/ros2_ws/build/autonomy_park_viz': CMAKE_PREFIX_PATH=${CMAKE_PREFIX_PATH}:/home/wyatt/ros2_ws/install/wpt_control_xy:/home/wyatt/ros2_ws/install/single_integrator_agent:/home/wyatt/ros2_ws/install/position_broadcaster:/home/wyatt/ros2_ws/install/minimal_startup:/home/wyatt/ros2_ws/install/matplotlib_sim:/home/wyatt/ros2_ws/install/herding_control:/home/wyatt/ros2_ws/install/geodetic_conversion:/home/wyatt/ros2_ws/install/frame_pose_test_package:/home/wyatt/ros2_ws/install/emlid_interface:/opt/ros/humble /usr/bin/cmake --build /home/wyatt/ros2_ws/build/autonomy_park_viz -- -j4 -l4
[0.650s] [100%] Built target autonomy_park_viz_node
[0.931s] Invoked command in '/home/wyatt/ros2_ws/build/autonomy_park_viz' returned '0': CMAKE_PREFIX_PATH=${CMAKE_PREFIX_PATH}:/home/wyatt/ros2_ws/install/wpt_control_xy:/home/wyatt/ros2_ws/install/single_integrator_agent:/home/wyatt/ros2_ws/install/position_broadcaster:/home/wyatt/ros2_ws/install/minimal_startup:/home/wyatt/ros2_ws/install/matplotlib_sim:/home/wyatt/ros2_ws/install/herding_control:/home/wyatt/ros2_ws/install/geodetic_conversion:/home/wyatt/ros2_ws/install/frame_pose_test_package:/home/wyatt/ros2_ws/install/emlid_interface:/opt/ros/humble /usr/bin/cmake --build /home/wyatt/ros2_ws/build/autonomy_park_viz -- -j4 -l4
[0.941s] Invoking command in '/home/wyatt/ros2_ws/build/autonomy_park_viz': CMAKE_PREFIX_PATH=${CMAKE_PREFIX_PATH}:/home/wyatt/ros2_ws/install/wpt_control_xy:/home/wyatt/ros2_ws/install/single_integrator_agent:/home/wyatt/ros2_ws/install/position_broadcaster:/home/wyatt/ros2_ws/install/minimal_startup:/home/wyatt/ros2_ws/install/matplotlib_sim:/home/wyatt/ros2_ws/install/herding_control:/home/wyatt/ros2_ws/install/geodetic_conversion:/home/wyatt/ros2_ws/install/frame_pose_test_package:/home/wyatt/ros2_ws/install/emlid_interface:/opt/ros/humble /usr/bin/cmake --install /home/wyatt/ros2_ws/build/autonomy_park_viz
[0.958s] -- Install configuration: ""
[0.958s] -- Up-to-date: /home/wyatt/ros2_ws/install/autonomy_park_viz/lib/autonomy_park_viz/autonomy_park_viz_node
[0.958s] -- Up-to-date: /home/wyatt/ros2_ws/install/autonomy_park_viz/share/autonomy_park_viz/launch
[0.958s] -- Up-to-date: /home/wyatt/ros2_ws/install/autonomy_park_viz/share/autonomy_park_viz/launch/viz.launch.py
[0.959s] -- Up-to-date: /home/wyatt/ros2_ws/install/autonomy_park_viz/share/autonomy_park_viz/param
[0.959s] -- Up-to-date: /home/wyatt/ros2_ws/install/autonomy_park_viz/share/autonomy_park_viz/param/park_geometry.yaml
[0.959s] -- Up-to-date: /home/wyatt/ros2_ws/install/autonomy_park_viz/share/autonomy_park_viz/rviz
[0.959s] -- Up-to-date: /home/wyatt/ros2_ws/install/autonomy_park_viz/share/autonomy_park_viz/rviz/apark_herding.rviz
[0.959s] -- Up-to-date: /home/wyatt/ros2_ws/install/autonomy_park_viz/share/autonomy_park_viz/rviz/autonomy_park.rviz
[0.959s] -- Up-to-date: /home/wyatt/ros2_ws/install/autonomy_park_viz/share/ament_index/resource_index/package_run_dependencies/autonomy_park_viz
[0.959s] -- Up-to-date: /home/wyatt/ros2_ws/install/autonomy_park_viz/share/ament_index/resource_index/parent_prefix_path/autonomy_park_viz
[0.959s] -- Up-to-date: /home/wyatt/ros2_ws/install/autonomy_park_viz/share/autonomy_park_viz/environment/ament_prefix_path.sh
[0.960s] -- Up-to-date: /home/wyatt/ros2_ws/install/autonomy_park_viz/share/autonomy_park_viz/environment/ament_prefix_path.dsv
[0.960s] -- Up-to-date: /home/wyatt/ros2_ws/install/autonomy_park_viz/share/autonomy_park_viz/environment/path.sh
[0.960s] -- Up-to-date: /home/wyatt/ros2_ws/install/autonomy_park_viz/share/autonomy_park_viz/environment/path.dsv
[0.960s] -- Up-to-date: /home/wyatt/ros2_ws/install/autonomy_park_viz/share/autonomy_park_viz/local_setup.bash
[0.960s] -- Up-to-date: /home/wyatt/ros2_ws/install/autonomy_park_viz/share/autonomy_park_viz/local_setup.sh
[0.960s] -- Up-to-date: /home/wyatt/ros2_ws/install/autonomy_park_viz/share/autonomy_park_viz/local_setup.zsh
[0.960s] -- Up-to-date: /home/wyatt/ros2_ws/install/autonomy_park_viz/share/autonomy_park_viz/local_setup.dsv
[0.960s] -- Installing: /home/wyatt/ros2_ws/install/autonomy_park_viz/share/autonomy_park_viz/package.dsv
[0.960s] -- Up-to-date: /home/wyatt/ros2_ws/install/autonomy_park_viz/share/ament_index/resource_index/packages/autonomy_park_viz
[0.961s] -- Up-to-date: /home/wyatt/ros2_ws/install/autonomy_park_viz/share/autonomy_park_viz/cmake/autonomy_park_vizConfig.cmake
[0.961s] -- Up-to-date: /home/wyatt/ros2_ws/install/autonomy_park_viz/share/autonomy_park_viz/cmake/autonomy_park_vizConfig-version.cmake
[0.961s] -- Up-to-date: /home/wyatt/ros2_ws/install/autonomy_park_viz/share/autonomy_park_viz/package.xml
[0.971s] Invoked command in '/home/wyatt/ros2_ws/build/autonomy_park_viz' returned '0': CMAKE_PREFIX_PATH=${CMAKE_PREFIX_PATH}:/home/wyatt/ros2_ws/install/wpt_control_xy:/home/wyatt/ros2_ws/install/single_integrator_agent:/home/wyatt/ros2_ws/install/position_broadcaster:/home/wyatt/ros2_ws/install/minimal_startup:/home/wyatt/ros2_ws/install/matplotlib_sim:/home/wyatt/ros2_ws/install/herding_control:/home/wyatt/ros2_ws/install/geodetic_conversion:/home/wyatt/ros2_ws/install/frame_pose_test_package:/home/wyatt/ros2_ws/install/emlid_interface:/opt/ros/humble /usr/bin/cmake --install /home/wyatt/ros2_ws/build/autonomy_park_viz
