[1.111s] Invoking command in '/home/wyatt/git_ros2/ros2_ws/build/uf_interfaces': CMAKE_PREFIX_PATH=${CMAKE_PREFIX_PATH}:/home/wyatt/git_ros2/ros2_ws/install/wind_speed_package:/home/wyatt/git_ros2/ros2_ws/install/vehicle_position_checker:/home/wyatt/git_ros2/ros2_ws/install/test_herding_pkg:/home/wyatt/git_ros2/ros2_ws/install/herding_v1_package:/home/wyatt/git_ros2/ros2_ws/install/estop_button:/opt/ros/humble /usr/bin/cmake --build /home/wyatt/git_ros2/ros2_ws/build/uf_interfaces -- -j8 -l8
[1.435s] [  1%] Built target uf_interfaces__cpp
[1.436s] [ 12%] Built target uf_interfaces__rosidl_generator_c
[1.436s] [ 12%] Built target ament_cmake_python_copy_uf_interfaces
[1.436s] [ 31%] Built target uf_interfaces__rosidl_typesupport_introspection_cpp
[1.436s] [ 34%] Built target uf_interfaces__rosidl_typesupport_cpp
[1.437s] [ 46%] Built target uf_interfaces__rosidl_typesupport_fastrtps_cpp
[1.438s] [ 65%] Built target uf_interfaces__rosidl_typesupport_fastrtps_c
[1.438s] [ 68%] Built target uf_interfaces__rosidl_typesupport_introspection_c
[1.438s] [ 79%] Built target uf_interfaces__rosidl_typesupport_c
[1.438s] [ 79%] Built target uf_interfaces
[1.439s] [ 80%] Built target uf_interfaces__py
[1.439s] [ 90%] Built target uf_interfaces__rosidl_generator_py
[1.439s] [ 93%] Built target uf_interfaces__rosidl_typesupport_fastrtps_c__pyext
[1.439s] [ 96%] Built target uf_interfaces__rosidl_typesupport_introspection_c__pyext
[1.439s] [100%] Built target uf_interfaces__rosidl_typesupport_c__pyext
[1.463s] running egg_info
[1.464s] writing uf_interfaces.egg-info/PKG-INFO
[1.466s] writing dependency_links to uf_interfaces.egg-info/dependency_links.txt
[1.466s] writing top-level names to uf_interfaces.egg-info/top_level.txt
[1.469s] reading manifest file 'uf_interfaces.egg-info/SOURCES.txt'
[1.470s] writing manifest file 'uf_interfaces.egg-info/SOURCES.txt'
[1.503s] [100%] Built target ament_cmake_python_build_uf_interfaces_egg
[1.738s] Invoked command in '/home/wyatt/git_ros2/ros2_ws/build/uf_interfaces' returned '0': CMAKE_PREFIX_PATH=${CMAKE_PREFIX_PATH}:/home/wyatt/git_ros2/ros2_ws/install/wind_speed_package:/home/wyatt/git_ros2/ros2_ws/install/vehicle_position_checker:/home/wyatt/git_ros2/ros2_ws/install/test_herding_pkg:/home/wyatt/git_ros2/ros2_ws/install/herding_v1_package:/home/wyatt/git_ros2/ros2_ws/install/estop_button:/opt/ros/humble /usr/bin/cmake --build /home/wyatt/git_ros2/ros2_ws/build/uf_interfaces -- -j8 -l8
[2.133s] Invoking command in '/home/wyatt/git_ros2/ros2_ws/build/uf_interfaces': CMAKE_PREFIX_PATH=${CMAKE_PREFIX_PATH}:/home/wyatt/git_ros2/ros2_ws/install/wind_speed_package:/home/wyatt/git_ros2/ros2_ws/install/vehicle_position_checker:/home/wyatt/git_ros2/ros2_ws/install/test_herding_pkg:/home/wyatt/git_ros2/ros2_ws/install/herding_v1_package:/home/wyatt/git_ros2/ros2_ws/install/estop_button:/opt/ros/humble /usr/bin/cmake --install /home/wyatt/git_ros2/ros2_ws/build/uf_interfaces
[2.142s] -- Install configuration: ""
[2.143s] -- Up-to-date: /home/wyatt/git_ros2/ros2_ws/install/uf_interfaces/share/ament_index/resource_index/rosidl_interfaces/uf_interfaces
[2.143s] -- Up-to-date: /home/wyatt/git_ros2/ros2_ws/install/uf_interfaces/include/uf_interfaces/uf_interfaces
[2.143s] -- Up-to-date: /home/wyatt/git_ros2/ros2_ws/install/uf_interfaces/include/uf_interfaces/uf_interfaces/action
[2.143s] -- Up-to-date: /home/wyatt/git_ros2/ros2_ws/install/uf_interfaces/include/uf_interfaces/uf_interfaces/action/defend.h
[2.144s] -- Up-to-date: /home/wyatt/git_ros2/ros2_ws/install/uf_interfaces/include/uf_interfaces/uf_interfaces/action/detail
[2.144s] -- Up-to-date: /home/wyatt/git_ros2/ros2_ws/install/uf_interfaces/include/uf_interfaces/uf_interfaces/action/detail/herd__struct.h
[2.144s] -- Up-to-date: /home/wyatt/git_ros2/ros2_ws/install/uf_interfaces/include/uf_interfaces/uf_interfaces/action/detail/herd__functions.h
[2.144s] -- Up-to-date: /home/wyatt/git_ros2/ros2_ws/install/uf_interfaces/include/uf_interfaces/uf_interfaces/action/detail/defend__struct.h
[2.144s] -- Up-to-date: /home/wyatt/git_ros2/ros2_ws/install/uf_interfaces/include/uf_interfaces/uf_interfaces/action/detail/herd__functions.c
[2.144s] -- Up-to-date: /home/wyatt/git_ros2/ros2_ws/install/uf_interfaces/include/uf_interfaces/uf_interfaces/action/detail/defend__type_support.h
[2.144s] -- Up-to-date: /home/wyatt/git_ros2/ros2_ws/install/uf_interfaces/include/uf_interfaces/uf_interfaces/action/detail/defend__functions.c
[2.144s] -- Up-to-date: /home/wyatt/git_ros2/ros2_ws/install/uf_interfaces/include/uf_interfaces/uf_interfaces/action/detail/defend__functions.h
[2.144s] -- Up-to-date: /home/wyatt/git_ros2/ros2_ws/install/uf_interfaces/include/uf_interfaces/uf_interfaces/action/detail/herd__type_support.h
[2.144s] -- Up-to-date: /home/wyatt/git_ros2/ros2_ws/install/uf_interfaces/include/uf_interfaces/uf_interfaces/action/herd.h
[2.144s] -- Up-to-date: /home/wyatt/git_ros2/ros2_ws/install/uf_interfaces/include/uf_interfaces/uf_interfaces/srv
[2.144s] -- Up-to-date: /home/wyatt/git_ros2/ros2_ws/install/uf_interfaces/include/uf_interfaces/uf_interfaces/srv/detail
[2.144s] -- Up-to-date: /home/wyatt/git_ros2/ros2_ws/install/uf_interfaces/include/uf_interfaces/uf_interfaces/srv/detail/task_assign__struct.h
[2.144s] -- Up-to-date: /home/wyatt/git_ros2/ros2_ws/install/uf_interfaces/include/uf_interfaces/uf_interfaces/srv/detail/task_assign__functions.h
[2.144s] -- Up-to-date: /home/wyatt/git_ros2/ros2_ws/install/uf_interfaces/include/uf_interfaces/uf_interfaces/srv/detail/task_assign__functions.c
[2.144s] -- Up-to-date: /home/wyatt/git_ros2/ros2_ws/install/uf_interfaces/include/uf_interfaces/uf_interfaces/srv/detail/geo_conv__functions.c
[2.144s] -- Up-to-date: /home/wyatt/git_ros2/ros2_ws/install/uf_interfaces/include/uf_interfaces/uf_interfaces/srv/detail/geo_conv__struct.h
[2.144s] -- Up-to-date: /home/wyatt/git_ros2/ros2_ws/install/uf_interfaces/include/uf_interfaces/uf_interfaces/srv/detail/geo_conv__functions.h
[2.144s] -- Up-to-date: /home/wyatt/git_ros2/ros2_ws/install/uf_interfaces/include/uf_interfaces/uf_interfaces/srv/detail/task_assign__type_support.h
[2.144s] -- Up-to-date: /home/wyatt/git_ros2/ros2_ws/install/uf_interfaces/include/uf_interfaces/uf_interfaces/srv/detail/geo_conv__type_support.h
[2.144s] -- Up-to-date: /home/wyatt/git_ros2/ros2_ws/install/uf_interfaces/include/uf_interfaces/uf_interfaces/srv/task_assign.h
[2.144s] -- Up-to-date: /home/wyatt/git_ros2/ros2_ws/install/uf_interfaces/include/uf_interfaces/uf_interfaces/srv/geo_conv.h
[2.144s] -- Up-to-date: /home/wyatt/git_ros2/ros2_ws/install/uf_interfaces/include/uf_interfaces/uf_interfaces/msg
[2.144s] -- Up-to-date: /home/wyatt/git_ros2/ros2_ws/install/uf_interfaces/include/uf_interfaces/uf_interfaces/msg/detail
[2.145s] -- Up-to-date: /home/wyatt/git_ros2/ros2_ws/install/uf_interfaces/include/uf_interfaces/uf_interfaces/msg/detail/position__type_support.h
[2.145s] -- Up-to-date: /home/wyatt/git_ros2/ros2_ws/install/uf_interfaces/include/uf_interfaces/uf_interfaces/msg/detail/position__functions.c
[2.145s] -- Up-to-date: /home/wyatt/git_ros2/ros2_ws/install/uf_interfaces/include/uf_interfaces/uf_interfaces/msg/detail/position__functions.h
[2.146s] -- Up-to-date: /home/wyatt/git_ros2/ros2_ws/install/uf_interfaces/include/uf_interfaces/uf_interfaces/msg/detail/position__struct.h
[2.146s] -- Up-to-date: /home/wyatt/git_ros2/ros2_ws/install/uf_interfaces/include/uf_interfaces/uf_interfaces/msg/rosidl_generator_c__visibility_control.h
[2.146s] -- Up-to-date: /home/wyatt/git_ros2/ros2_ws/install/uf_interfaces/include/uf_interfaces/uf_interfaces/msg/position.h
[2.146s] -- Up-to-date: /home/wyatt/git_ros2/ros2_ws/install/uf_interfaces/share/uf_interfaces/environment/library_path.sh
[2.146s] -- Up-to-date: /home/wyatt/git_ros2/ros2_ws/install/uf_interfaces/share/uf_interfaces/environment/library_path.dsv
[2.146s] -- Up-to-date: /home/wyatt/git_ros2/ros2_ws/install/uf_interfaces/lib/libuf_interfaces__rosidl_generator_c.so
[2.146s] -- Up-to-date: /home/wyatt/git_ros2/ros2_ws/install/uf_interfaces/include/uf_interfaces/uf_interfaces
[2.146s] -- Up-to-date: /home/wyatt/git_ros2/ros2_ws/install/uf_interfaces/include/uf_interfaces/uf_interfaces/action
[2.147s] -- Up-to-date: /home/wyatt/git_ros2/ros2_ws/install/uf_interfaces/include/uf_interfaces/uf_interfaces/action/detail
[2.147s] -- Up-to-date: /home/wyatt/git_ros2/ros2_ws/install/uf_interfaces/include/uf_interfaces/uf_interfaces/action/detail/herd__rosidl_typesupport_fastrtps_c.h
[2.147s] -- Up-to-date: /home/wyatt/git_ros2/ros2_ws/install/uf_interfaces/include/uf_interfaces/uf_interfaces/action/detail/defend__rosidl_typesupport_fastrtps_c.h
[2.147s] -- Up-to-date: /home/wyatt/git_ros2/ros2_ws/install/uf_interfaces/include/uf_interfaces/uf_interfaces/srv
[2.147s] -- Up-to-date: /home/wyatt/git_ros2/ros2_ws/install/uf_interfaces/include/uf_interfaces/uf_interfaces/srv/detail
[2.147s] -- Up-to-date: /home/wyatt/git_ros2/ros2_ws/install/uf_interfaces/include/uf_interfaces/uf_interfaces/srv/detail/geo_conv__rosidl_typesupport_fastrtps_c.h
[2.148s] -- Up-to-date: /home/wyatt/git_ros2/ros2_ws/install/uf_interfaces/include/uf_interfaces/uf_interfaces/srv/detail/task_assign__rosidl_typesupport_fastrtps_c.h
[2.148s] -- Up-to-date: /home/wyatt/git_ros2/ros2_ws/install/uf_interfaces/include/uf_interfaces/uf_interfaces/msg
[2.148s] -- Up-to-date: /home/wyatt/git_ros2/ros2_ws/install/uf_interfaces/include/uf_interfaces/uf_interfaces/msg/detail
[2.148s] -- Up-to-date: /home/wyatt/git_ros2/ros2_ws/install/uf_interfaces/include/uf_interfaces/uf_interfaces/msg/detail/position__rosidl_typesupport_fastrtps_c.h
[2.148s] -- Up-to-date: /home/wyatt/git_ros2/ros2_ws/install/uf_interfaces/include/uf_interfaces/uf_interfaces/msg/rosidl_typesupport_fastrtps_c__visibility_control.h
[2.148s] -- Up-to-date: /home/wyatt/git_ros2/ros2_ws/install/uf_interfaces/lib/libuf_interfaces__rosidl_typesupport_fastrtps_c.so
[2.148s] -- Up-to-date: /home/wyatt/git_ros2/ros2_ws/install/uf_interfaces/include/uf_interfaces/uf_interfaces
[2.148s] -- Up-to-date: /home/wyatt/git_ros2/ros2_ws/install/uf_interfaces/include/uf_interfaces/uf_interfaces/action
[2.148s] -- Up-to-date: /home/wyatt/git_ros2/ros2_ws/install/uf_interfaces/include/uf_interfaces/uf_interfaces/action/herd.hpp
[2.148s] -- Up-to-date: /home/wyatt/git_ros2/ros2_ws/install/uf_interfaces/include/uf_interfaces/uf_interfaces/action/detail
[2.149s] -- Up-to-date: /home/wyatt/git_ros2/ros2_ws/install/uf_interfaces/include/uf_interfaces/uf_interfaces/action/detail/herd__builder.hpp
[2.149s] -- Up-to-date: /home/wyatt/git_ros2/ros2_ws/install/uf_interfaces/include/uf_interfaces/uf_interfaces/action/detail/defend__struct.hpp
[2.149s] -- Up-to-date: /home/wyatt/git_ros2/ros2_ws/install/uf_interfaces/include/uf_interfaces/uf_interfaces/action/detail/defend__traits.hpp
[2.149s] -- Up-to-date: /home/wyatt/git_ros2/ros2_ws/install/uf_interfaces/include/uf_interfaces/uf_interfaces/action/detail/herd__struct.hpp
[2.149s] -- Up-to-date: /home/wyatt/git_ros2/ros2_ws/install/uf_interfaces/include/uf_interfaces/uf_interfaces/action/detail/herd__traits.hpp
[2.150s] -- Up-to-date: /home/wyatt/git_ros2/ros2_ws/install/uf_interfaces/include/uf_interfaces/uf_interfaces/action/detail/defend__builder.hpp
[2.150s] -- Up-to-date: /home/wyatt/git_ros2/ros2_ws/install/uf_interfaces/include/uf_interfaces/uf_interfaces/action/defend.hpp
[2.150s] -- Up-to-date: /home/wyatt/git_ros2/ros2_ws/install/uf_interfaces/include/uf_interfaces/uf_interfaces/srv
[2.150s] -- Up-to-date: /home/wyatt/git_ros2/ros2_ws/install/uf_interfaces/include/uf_interfaces/uf_interfaces/srv/task_assign.hpp
[2.150s] -- Up-to-date: /home/wyatt/git_ros2/ros2_ws/install/uf_interfaces/include/uf_interfaces/uf_interfaces/srv/geo_conv.hpp
[2.150s] -- Up-to-date: /home/wyatt/git_ros2/ros2_ws/install/uf_interfaces/include/uf_interfaces/uf_interfaces/srv/detail
[2.150s] -- Up-to-date: /home/wyatt/git_ros2/ros2_ws/install/uf_interfaces/include/uf_interfaces/uf_interfaces/srv/detail/task_assign__builder.hpp
[2.150s] -- Up-to-date: /home/wyatt/git_ros2/ros2_ws/install/uf_interfaces/include/uf_interfaces/uf_interfaces/srv/detail/task_assign__traits.hpp
[2.150s] -- Up-to-date: /home/wyatt/git_ros2/ros2_ws/install/uf_interfaces/include/uf_interfaces/uf_interfaces/srv/detail/geo_conv__traits.hpp
[2.150s] -- Up-to-date: /home/wyatt/git_ros2/ros2_ws/install/uf_interfaces/include/uf_interfaces/uf_interfaces/srv/detail/task_assign__struct.hpp
[2.150s] -- Up-to-date: /home/wyatt/git_ros2/ros2_ws/install/uf_interfaces/include/uf_interfaces/uf_interfaces/srv/detail/geo_conv__builder.hpp
[2.150s] -- Up-to-date: /home/wyatt/git_ros2/ros2_ws/install/uf_interfaces/include/uf_interfaces/uf_interfaces/srv/detail/geo_conv__struct.hpp
[2.150s] -- Up-to-date: /home/wyatt/git_ros2/ros2_ws/install/uf_interfaces/include/uf_interfaces/uf_interfaces/msg
[2.150s] -- Up-to-date: /home/wyatt/git_ros2/ros2_ws/install/uf_interfaces/include/uf_interfaces/uf_interfaces/msg/position.hpp
[2.151s] -- Up-to-date: /home/wyatt/git_ros2/ros2_ws/install/uf_interfaces/include/uf_interfaces/uf_interfaces/msg/detail
[2.152s] -- Up-to-date: /home/wyatt/git_ros2/ros2_ws/install/uf_interfaces/include/uf_interfaces/uf_interfaces/msg/detail/position__builder.hpp
[2.153s] -- Up-to-date: /home/wyatt/git_ros2/ros2_ws/install/uf_interfaces/include/uf_interfaces/uf_interfaces/msg/detail/position__struct.hpp
[2.153s] -- Up-to-date: /home/wyatt/git_ros2/ros2_ws/install/uf_interfaces/include/uf_interfaces/uf_interfaces/msg/detail/position__traits.hpp
[2.153s] -- Up-to-date: /home/wyatt/git_ros2/ros2_ws/install/uf_interfaces/include/uf_interfaces/uf_interfaces
[2.153s] -- Up-to-date: /home/wyatt/git_ros2/ros2_ws/install/uf_interfaces/include/uf_interfaces/uf_interfaces/action
[2.153s] -- Up-to-date: /home/wyatt/git_ros2/ros2_ws/install/uf_interfaces/include/uf_interfaces/uf_interfaces/action/detail
[2.153s] -- Up-to-date: /home/wyatt/git_ros2/ros2_ws/install/uf_interfaces/include/uf_interfaces/uf_interfaces/action/detail/defend__rosidl_typesupport_fastrtps_cpp.hpp
[2.153s] -- Up-to-date: /home/wyatt/git_ros2/ros2_ws/install/uf_interfaces/include/uf_interfaces/uf_interfaces/action/detail/herd__rosidl_typesupport_fastrtps_cpp.hpp
[2.153s] -- Up-to-date: /home/wyatt/git_ros2/ros2_ws/install/uf_interfaces/include/uf_interfaces/uf_interfaces/action/detail/dds_fastrtps
[2.153s] -- Up-to-date: /home/wyatt/git_ros2/ros2_ws/install/uf_interfaces/include/uf_interfaces/uf_interfaces/srv
[2.153s] -- Up-to-date: /home/wyatt/git_ros2/ros2_ws/install/uf_interfaces/include/uf_interfaces/uf_interfaces/srv/detail
[2.153s] -- Up-to-date: /home/wyatt/git_ros2/ros2_ws/install/uf_interfaces/include/uf_interfaces/uf_interfaces/srv/detail/geo_conv__rosidl_typesupport_fastrtps_cpp.hpp
[2.153s] -- Up-to-date: /home/wyatt/git_ros2/ros2_ws/install/uf_interfaces/include/uf_interfaces/uf_interfaces/srv/detail/task_assign__rosidl_typesupport_fastrtps_cpp.hpp
[2.154s] -- Up-to-date: /home/wyatt/git_ros2/ros2_ws/install/uf_interfaces/include/uf_interfaces/uf_interfaces/srv/detail/dds_fastrtps
[2.154s] -- Up-to-date: /home/wyatt/git_ros2/ros2_ws/install/uf_interfaces/include/uf_interfaces/uf_interfaces/msg
[2.154s] -- Up-to-date: /home/wyatt/git_ros2/ros2_ws/install/uf_interfaces/include/uf_interfaces/uf_interfaces/msg/rosidl_typesupport_fastrtps_cpp__visibility_control.h
[2.154s] -- Up-to-date: /home/wyatt/git_ros2/ros2_ws/install/uf_interfaces/include/uf_interfaces/uf_interfaces/msg/detail
[2.154s] -- Up-to-date: /home/wyatt/git_ros2/ros2_ws/install/uf_interfaces/include/uf_interfaces/uf_interfaces/msg/detail/position__rosidl_typesupport_fastrtps_cpp.hpp
[2.154s] -- Up-to-date: /home/wyatt/git_ros2/ros2_ws/install/uf_interfaces/include/uf_interfaces/uf_interfaces/msg/detail/dds_fastrtps
[2.154s] -- Up-to-date: /home/wyatt/git_ros2/ros2_ws/install/uf_interfaces/lib/libuf_interfaces__rosidl_typesupport_fastrtps_cpp.so
[2.154s] -- Up-to-date: /home/wyatt/git_ros2/ros2_ws/install/uf_interfaces/include/uf_interfaces/uf_interfaces
[2.154s] -- Up-to-date: /home/wyatt/git_ros2/ros2_ws/install/uf_interfaces/include/uf_interfaces/uf_interfaces/action
[2.154s] -- Up-to-date: /home/wyatt/git_ros2/ros2_ws/install/uf_interfaces/include/uf_interfaces/uf_interfaces/action/detail
[2.154s] -- Up-to-date: /home/wyatt/git_ros2/ros2_ws/install/uf_interfaces/include/uf_interfaces/uf_interfaces/action/detail/defend__rosidl_typesupport_introspection_c.h
[2.154s] -- Up-to-date: /home/wyatt/git_ros2/ros2_ws/install/uf_interfaces/include/uf_interfaces/uf_interfaces/action/detail/herd__type_support.c
[2.154s] -- Up-to-date: /home/wyatt/git_ros2/ros2_ws/install/uf_interfaces/include/uf_interfaces/uf_interfaces/action/detail/herd__rosidl_typesupport_introspection_c.h
[2.154s] -- Up-to-date: /home/wyatt/git_ros2/ros2_ws/install/uf_interfaces/include/uf_interfaces/uf_interfaces/action/detail/defend__type_support.c
[2.154s] -- Up-to-date: /home/wyatt/git_ros2/ros2_ws/install/uf_interfaces/include/uf_interfaces/uf_interfaces/srv
[2.154s] -- Up-to-date: /home/wyatt/git_ros2/ros2_ws/install/uf_interfaces/include/uf_interfaces/uf_interfaces/srv/detail
[2.154s] -- Up-to-date: /home/wyatt/git_ros2/ros2_ws/install/uf_interfaces/include/uf_interfaces/uf_interfaces/srv/detail/task_assign__rosidl_typesupport_introspection_c.h
[2.154s] -- Up-to-date: /home/wyatt/git_ros2/ros2_ws/install/uf_interfaces/include/uf_interfaces/uf_interfaces/srv/detail/geo_conv__rosidl_typesupport_introspection_c.h
[2.154s] -- Up-to-date: /home/wyatt/git_ros2/ros2_ws/install/uf_interfaces/include/uf_interfaces/uf_interfaces/srv/detail/geo_conv__type_support.c
[2.154s] -- Up-to-date: /home/wyatt/git_ros2/ros2_ws/install/uf_interfaces/include/uf_interfaces/uf_interfaces/srv/detail/task_assign__type_support.c
[2.154s] -- Up-to-date: /home/wyatt/git_ros2/ros2_ws/install/uf_interfaces/include/uf_interfaces/uf_interfaces/msg
[2.154s] -- Up-to-date: /home/wyatt/git_ros2/ros2_ws/install/uf_interfaces/include/uf_interfaces/uf_interfaces/msg/rosidl_typesupport_introspection_c__visibility_control.h
[2.154s] -- Up-to-date: /home/wyatt/git_ros2/ros2_ws/install/uf_interfaces/include/uf_interfaces/uf_interfaces/msg/detail
[2.155s] -- Up-to-date: /home/wyatt/git_ros2/ros2_ws/install/uf_interfaces/include/uf_interfaces/uf_interfaces/msg/detail/position__rosidl_typesupport_introspection_c.h
[2.155s] -- Up-to-date: /home/wyatt/git_ros2/ros2_ws/install/uf_interfaces/include/uf_interfaces/uf_interfaces/msg/detail/position__type_support.c
[2.155s] -- Up-to-date: /home/wyatt/git_ros2/ros2_ws/install/uf_interfaces/lib/libuf_interfaces__rosidl_typesupport_introspection_c.so
[2.155s] -- Up-to-date: /home/wyatt/git_ros2/ros2_ws/install/uf_interfaces/lib/libuf_interfaces__rosidl_typesupport_c.so
[2.155s] -- Up-to-date: /home/wyatt/git_ros2/ros2_ws/install/uf_interfaces/include/uf_interfaces/uf_interfaces
[2.155s] -- Up-to-date: /home/wyatt/git_ros2/ros2_ws/install/uf_interfaces/include/uf_interfaces/uf_interfaces/action
[2.155s] -- Up-to-date: /home/wyatt/git_ros2/ros2_ws/install/uf_interfaces/include/uf_interfaces/uf_interfaces/action/detail
[2.155s] -- Up-to-date: /home/wyatt/git_ros2/ros2_ws/install/uf_interfaces/include/uf_interfaces/uf_interfaces/action/detail/defend__type_support.cpp
[2.155s] -- Up-to-date: /home/wyatt/git_ros2/ros2_ws/install/uf_interfaces/include/uf_interfaces/uf_interfaces/action/detail/defend__rosidl_typesupport_introspection_cpp.hpp
[2.155s] -- Up-to-date: /home/wyatt/git_ros2/ros2_ws/install/uf_interfaces/include/uf_interfaces/uf_interfaces/action/detail/herd__rosidl_typesupport_introspection_cpp.hpp
[2.155s] -- Up-to-date: /home/wyatt/git_ros2/ros2_ws/install/uf_interfaces/include/uf_interfaces/uf_interfaces/action/detail/herd__type_support.cpp
[2.155s] -- Up-to-date: /home/wyatt/git_ros2/ros2_ws/install/uf_interfaces/include/uf_interfaces/uf_interfaces/srv
[2.155s] -- Up-to-date: /home/wyatt/git_ros2/ros2_ws/install/uf_interfaces/include/uf_interfaces/uf_interfaces/srv/detail
[2.155s] -- Up-to-date: /home/wyatt/git_ros2/ros2_ws/install/uf_interfaces/include/uf_interfaces/uf_interfaces/srv/detail/geo_conv__rosidl_typesupport_introspection_cpp.hpp
[2.155s] -- Up-to-date: /home/wyatt/git_ros2/ros2_ws/install/uf_interfaces/include/uf_interfaces/uf_interfaces/srv/detail/task_assign__rosidl_typesupport_introspection_cpp.hpp
[2.155s] -- Up-to-date: /home/wyatt/git_ros2/ros2_ws/install/uf_interfaces/include/uf_interfaces/uf_interfaces/srv/detail/task_assign__type_support.cpp
[2.155s] -- Up-to-date: /home/wyatt/git_ros2/ros2_ws/install/uf_interfaces/include/uf_interfaces/uf_interfaces/srv/detail/geo_conv__type_support.cpp
[2.156s] -- Up-to-date: /home/wyatt/git_ros2/ros2_ws/install/uf_interfaces/include/uf_interfaces/uf_interfaces/msg
[2.156s] -- Up-to-date: /home/wyatt/git_ros2/ros2_ws/install/uf_interfaces/include/uf_interfaces/uf_interfaces/msg/detail
[2.156s] -- Up-to-date: /home/wyatt/git_ros2/ros2_ws/install/uf_interfaces/include/uf_interfaces/uf_interfaces/msg/detail/position__rosidl_typesupport_introspection_cpp.hpp
[2.156s] -- Up-to-date: /home/wyatt/git_ros2/ros2_ws/install/uf_interfaces/include/uf_interfaces/uf_interfaces/msg/detail/position__type_support.cpp
[2.156s] -- Up-to-date: /home/wyatt/git_ros2/ros2_ws/install/uf_interfaces/lib/libuf_interfaces__rosidl_typesupport_introspection_cpp.so
[2.156s] -- Up-to-date: /home/wyatt/git_ros2/ros2_ws/install/uf_interfaces/lib/libuf_interfaces__rosidl_typesupport_cpp.so
[2.156s] -- Up-to-date: /home/wyatt/git_ros2/ros2_ws/install/uf_interfaces/share/uf_interfaces/environment/pythonpath.sh
[2.156s] -- Up-to-date: /home/wyatt/git_ros2/ros2_ws/install/uf_interfaces/share/uf_interfaces/environment/pythonpath.dsv
[2.156s] -- Up-to-date: /home/wyatt/git_ros2/ros2_ws/install/uf_interfaces/local/lib/python3.10/dist-packages/uf_interfaces-0.0.0-py3.10.egg-info
[2.156s] -- Installing: /home/wyatt/git_ros2/ros2_ws/install/uf_interfaces/local/lib/python3.10/dist-packages/uf_interfaces-0.0.0-py3.10.egg-info/dependency_links.txt
[2.156s] -- Installing: /home/wyatt/git_ros2/ros2_ws/install/uf_interfaces/local/lib/python3.10/dist-packages/uf_interfaces-0.0.0-py3.10.egg-info/PKG-INFO
[2.156s] -- Installing: /home/wyatt/git_ros2/ros2_ws/install/uf_interfaces/local/lib/python3.10/dist-packages/uf_interfaces-0.0.0-py3.10.egg-info/SOURCES.txt
[2.156s] -- Installing: /home/wyatt/git_ros2/ros2_ws/install/uf_interfaces/local/lib/python3.10/dist-packages/uf_interfaces-0.0.0-py3.10.egg-info/top_level.txt
[2.156s] -- Up-to-date: /home/wyatt/git_ros2/ros2_ws/install/uf_interfaces/local/lib/python3.10/dist-packages/uf_interfaces
[2.156s] -- Up-to-date: /home/wyatt/git_ros2/ros2_ws/install/uf_interfaces/local/lib/python3.10/dist-packages/uf_interfaces/_uf_interfaces_s.ep.rosidl_typesupport_introspection_c.c
[2.156s] -- Up-to-date: /home/wyatt/git_ros2/ros2_ws/install/uf_interfaces/local/lib/python3.10/dist-packages/uf_interfaces/__init__.py
[2.156s] -- Up-to-date: /home/wyatt/git_ros2/ros2_ws/install/uf_interfaces/local/lib/python3.10/dist-packages/uf_interfaces/_uf_interfaces_s.ep.rosidl_typesupport_c.c
[2.157s] -- Up-to-date: /home/wyatt/git_ros2/ros2_ws/install/uf_interfaces/local/lib/python3.10/dist-packages/uf_interfaces/action
[2.157s] -- Up-to-date: /home/wyatt/git_ros2/ros2_ws/install/uf_interfaces/local/lib/python3.10/dist-packages/uf_interfaces/action/_defend.py
[2.157s] -- Up-to-date: /home/wyatt/git_ros2/ros2_ws/install/uf_interfaces/local/lib/python3.10/dist-packages/uf_interfaces/action/__init__.py
[2.157s] -- Up-to-date: /home/wyatt/git_ros2/ros2_ws/install/uf_interfaces/local/lib/python3.10/dist-packages/uf_interfaces/action/_herd_s.c
[2.157s] -- Up-to-date: /home/wyatt/git_ros2/ros2_ws/install/uf_interfaces/local/lib/python3.10/dist-packages/uf_interfaces/action/_herd.py
[2.157s] -- Up-to-date: /home/wyatt/git_ros2/ros2_ws/install/uf_interfaces/local/lib/python3.10/dist-packages/uf_interfaces/action/_defend_s.c
[2.157s] -- Up-to-date: /home/wyatt/git_ros2/ros2_ws/install/uf_interfaces/local/lib/python3.10/dist-packages/uf_interfaces/srv
[2.157s] -- Up-to-date: /home/wyatt/git_ros2/ros2_ws/install/uf_interfaces/local/lib/python3.10/dist-packages/uf_interfaces/srv/_task_assign_s.c
[2.157s] -- Up-to-date: /home/wyatt/git_ros2/ros2_ws/install/uf_interfaces/local/lib/python3.10/dist-packages/uf_interfaces/srv/_task_assign.py
[2.157s] -- Up-to-date: /home/wyatt/git_ros2/ros2_ws/install/uf_interfaces/local/lib/python3.10/dist-packages/uf_interfaces/srv/__init__.py
[2.157s] -- Up-to-date: /home/wyatt/git_ros2/ros2_ws/install/uf_interfaces/local/lib/python3.10/dist-packages/uf_interfaces/srv/_geo_conv.py
[2.157s] -- Up-to-date: /home/wyatt/git_ros2/ros2_ws/install/uf_interfaces/local/lib/python3.10/dist-packages/uf_interfaces/srv/_geo_conv_s.c
[2.157s] -- Up-to-date: /home/wyatt/git_ros2/ros2_ws/install/uf_interfaces/local/lib/python3.10/dist-packages/uf_interfaces/uf_interfaces_s__rosidl_typesupport_fastrtps_c.cpython-310-x86_64-linux-gnu.so
[2.157s] -- Up-to-date: /home/wyatt/git_ros2/ros2_ws/install/uf_interfaces/local/lib/python3.10/dist-packages/uf_interfaces/_uf_interfaces_s.ep.rosidl_typesupport_fastrtps_c.c
[2.157s] -- Up-to-date: /home/wyatt/git_ros2/ros2_ws/install/uf_interfaces/local/lib/python3.10/dist-packages/uf_interfaces/uf_interfaces_s__rosidl_typesupport_c.cpython-310-x86_64-linux-gnu.so
[2.157s] -- Up-to-date: /home/wyatt/git_ros2/ros2_ws/install/uf_interfaces/local/lib/python3.10/dist-packages/uf_interfaces/libuf_interfaces__rosidl_generator_py.so
[2.157s] -- Up-to-date: /home/wyatt/git_ros2/ros2_ws/install/uf_interfaces/local/lib/python3.10/dist-packages/uf_interfaces/msg
[2.157s] -- Up-to-date: /home/wyatt/git_ros2/ros2_ws/install/uf_interfaces/local/lib/python3.10/dist-packages/uf_interfaces/msg/__init__.py
[2.157s] -- Up-to-date: /home/wyatt/git_ros2/ros2_ws/install/uf_interfaces/local/lib/python3.10/dist-packages/uf_interfaces/msg/_position.py
[2.157s] -- Up-to-date: /home/wyatt/git_ros2/ros2_ws/install/uf_interfaces/local/lib/python3.10/dist-packages/uf_interfaces/msg/_position_s.c
[2.157s] -- Up-to-date: /home/wyatt/git_ros2/ros2_ws/install/uf_interfaces/local/lib/python3.10/dist-packages/uf_interfaces/uf_interfaces_s__rosidl_typesupport_introspection_c.cpython-310-x86_64-linux-gnu.so
[2.200s] Listing '/home/wyatt/git_ros2/ros2_ws/install/uf_interfaces/local/lib/python3.10/dist-packages/uf_interfaces'...
[2.201s] Listing '/home/wyatt/git_ros2/ros2_ws/install/uf_interfaces/local/lib/python3.10/dist-packages/uf_interfaces/action'...
[2.201s] Listing '/home/wyatt/git_ros2/ros2_ws/install/uf_interfaces/local/lib/python3.10/dist-packages/uf_interfaces/msg'...
[2.201s] Listing '/home/wyatt/git_ros2/ros2_ws/install/uf_interfaces/local/lib/python3.10/dist-packages/uf_interfaces/srv'...
[2.204s] -- Up-to-date: /home/wyatt/git_ros2/ros2_ws/install/uf_interfaces/local/lib/python3.10/dist-packages/uf_interfaces/uf_interfaces_s__rosidl_typesupport_fastrtps_c.cpython-310-x86_64-linux-gnu.so
[2.204s] -- Up-to-date: /home/wyatt/git_ros2/ros2_ws/install/uf_interfaces/local/lib/python3.10/dist-packages/uf_interfaces/uf_interfaces_s__rosidl_typesupport_introspection_c.cpython-310-x86_64-linux-gnu.so
[2.205s] -- Up-to-date: /home/wyatt/git_ros2/ros2_ws/install/uf_interfaces/local/lib/python3.10/dist-packages/uf_interfaces/uf_interfaces_s__rosidl_typesupport_c.cpython-310-x86_64-linux-gnu.so
[2.205s] -- Up-to-date: /home/wyatt/git_ros2/ros2_ws/install/uf_interfaces/lib/libuf_interfaces__rosidl_generator_py.so
[2.206s] -- Up-to-date: /home/wyatt/git_ros2/ros2_ws/install/uf_interfaces/share/uf_interfaces/action/Defend.idl
[2.206s] -- Up-to-date: /home/wyatt/git_ros2/ros2_ws/install/uf_interfaces/share/uf_interfaces/action/Herd.idl
[2.206s] -- Up-to-date: /home/wyatt/git_ros2/ros2_ws/install/uf_interfaces/share/uf_interfaces/msg/Position.idl
[2.207s] -- Up-to-date: /home/wyatt/git_ros2/ros2_ws/install/uf_interfaces/share/uf_interfaces/srv/TaskAssign.idl
[2.207s] -- Up-to-date: /home/wyatt/git_ros2/ros2_ws/install/uf_interfaces/share/uf_interfaces/srv/GeoConv.idl
[2.207s] -- Up-to-date: /home/wyatt/git_ros2/ros2_ws/install/uf_interfaces/share/uf_interfaces/action/Defend.action
[2.207s] -- Up-to-date: /home/wyatt/git_ros2/ros2_ws/install/uf_interfaces/share/uf_interfaces/action/Herd.action
[2.207s] -- Up-to-date: /home/wyatt/git_ros2/ros2_ws/install/uf_interfaces/share/uf_interfaces/msg/Position.msg
[2.207s] -- Up-to-date: /home/wyatt/git_ros2/ros2_ws/install/uf_interfaces/share/uf_interfaces/srv/TaskAssign.srv
[2.208s] -- Up-to-date: /home/wyatt/git_ros2/ros2_ws/install/uf_interfaces/share/uf_interfaces/srv/TaskAssign_Request.msg
[2.208s] -- Up-to-date: /home/wyatt/git_ros2/ros2_ws/install/uf_interfaces/share/uf_interfaces/srv/TaskAssign_Response.msg
[2.208s] -- Up-to-date: /home/wyatt/git_ros2/ros2_ws/install/uf_interfaces/share/uf_interfaces/srv/GeoConv.srv
[2.209s] -- Up-to-date: /home/wyatt/git_ros2/ros2_ws/install/uf_interfaces/share/uf_interfaces/srv/GeoConv_Request.msg
[2.209s] -- Up-to-date: /home/wyatt/git_ros2/ros2_ws/install/uf_interfaces/share/uf_interfaces/srv/GeoConv_Response.msg
[2.209s] -- Up-to-date: /home/wyatt/git_ros2/ros2_ws/install/uf_interfaces/share/ament_index/resource_index/package_run_dependencies/uf_interfaces
[2.209s] -- Up-to-date: /home/wyatt/git_ros2/ros2_ws/install/uf_interfaces/share/ament_index/resource_index/parent_prefix_path/uf_interfaces
[2.209s] -- Up-to-date: /home/wyatt/git_ros2/ros2_ws/install/uf_interfaces/share/uf_interfaces/environment/ament_prefix_path.sh
[2.209s] -- Up-to-date: /home/wyatt/git_ros2/ros2_ws/install/uf_interfaces/share/uf_interfaces/environment/ament_prefix_path.dsv
[2.209s] -- Up-to-date: /home/wyatt/git_ros2/ros2_ws/install/uf_interfaces/share/uf_interfaces/environment/path.sh
[2.209s] -- Up-to-date: /home/wyatt/git_ros2/ros2_ws/install/uf_interfaces/share/uf_interfaces/environment/path.dsv
[2.209s] -- Up-to-date: /home/wyatt/git_ros2/ros2_ws/install/uf_interfaces/share/uf_interfaces/local_setup.bash
[2.209s] -- Up-to-date: /home/wyatt/git_ros2/ros2_ws/install/uf_interfaces/share/uf_interfaces/local_setup.sh
[2.210s] -- Up-to-date: /home/wyatt/git_ros2/ros2_ws/install/uf_interfaces/share/uf_interfaces/local_setup.zsh
[2.210s] -- Up-to-date: /home/wyatt/git_ros2/ros2_ws/install/uf_interfaces/share/uf_interfaces/local_setup.dsv
[2.210s] -- Installing: /home/wyatt/git_ros2/ros2_ws/install/uf_interfaces/share/uf_interfaces/package.dsv
[2.210s] -- Up-to-date: /home/wyatt/git_ros2/ros2_ws/install/uf_interfaces/share/ament_index/resource_index/packages/uf_interfaces
[2.210s] -- Up-to-date: /home/wyatt/git_ros2/ros2_ws/install/uf_interfaces/share/uf_interfaces/cmake/export_uf_interfaces__rosidl_generator_cExport.cmake
[2.210s] -- Up-to-date: /home/wyatt/git_ros2/ros2_ws/install/uf_interfaces/share/uf_interfaces/cmake/export_uf_interfaces__rosidl_generator_cExport-noconfig.cmake
[2.210s] -- Up-to-date: /home/wyatt/git_ros2/ros2_ws/install/uf_interfaces/share/uf_interfaces/cmake/export_uf_interfaces__rosidl_typesupport_fastrtps_cExport.cmake
[2.210s] -- Up-to-date: /home/wyatt/git_ros2/ros2_ws/install/uf_interfaces/share/uf_interfaces/cmake/export_uf_interfaces__rosidl_typesupport_fastrtps_cExport-noconfig.cmake
[2.210s] -- Up-to-date: /home/wyatt/git_ros2/ros2_ws/install/uf_interfaces/share/uf_interfaces/cmake/export_uf_interfaces__rosidl_generator_cppExport.cmake
[2.210s] -- Up-to-date: /home/wyatt/git_ros2/ros2_ws/install/uf_interfaces/share/uf_interfaces/cmake/export_uf_interfaces__rosidl_typesupport_fastrtps_cppExport.cmake
[2.210s] -- Up-to-date: /home/wyatt/git_ros2/ros2_ws/install/uf_interfaces/share/uf_interfaces/cmake/export_uf_interfaces__rosidl_typesupport_fastrtps_cppExport-noconfig.cmake
[2.210s] -- Up-to-date: /home/wyatt/git_ros2/ros2_ws/install/uf_interfaces/share/uf_interfaces/cmake/uf_interfaces__rosidl_typesupport_introspection_cExport.cmake
[2.210s] -- Up-to-date: /home/wyatt/git_ros2/ros2_ws/install/uf_interfaces/share/uf_interfaces/cmake/uf_interfaces__rosidl_typesupport_introspection_cExport-noconfig.cmake
[2.210s] -- Up-to-date: /home/wyatt/git_ros2/ros2_ws/install/uf_interfaces/share/uf_interfaces/cmake/uf_interfaces__rosidl_typesupport_cExport.cmake
[2.210s] -- Up-to-date: /home/wyatt/git_ros2/ros2_ws/install/uf_interfaces/share/uf_interfaces/cmake/uf_interfaces__rosidl_typesupport_cExport-noconfig.cmake
[2.210s] -- Up-to-date: /home/wyatt/git_ros2/ros2_ws/install/uf_interfaces/share/uf_interfaces/cmake/uf_interfaces__rosidl_typesupport_introspection_cppExport.cmake
[2.210s] -- Up-to-date: /home/wyatt/git_ros2/ros2_ws/install/uf_interfaces/share/uf_interfaces/cmake/uf_interfaces__rosidl_typesupport_introspection_cppExport-noconfig.cmake
[2.211s] -- Up-to-date: /home/wyatt/git_ros2/ros2_ws/install/uf_interfaces/share/uf_interfaces/cmake/uf_interfaces__rosidl_typesupport_cppExport.cmake
[2.211s] -- Up-to-date: /home/wyatt/git_ros2/ros2_ws/install/uf_interfaces/share/uf_interfaces/cmake/uf_interfaces__rosidl_typesupport_cppExport-noconfig.cmake
[2.211s] -- Up-to-date: /home/wyatt/git_ros2/ros2_ws/install/uf_interfaces/share/uf_interfaces/cmake/export_uf_interfaces__rosidl_generator_pyExport.cmake
[2.211s] -- Up-to-date: /home/wyatt/git_ros2/ros2_ws/install/uf_interfaces/share/uf_interfaces/cmake/export_uf_interfaces__rosidl_generator_pyExport-noconfig.cmake
[2.211s] -- Up-to-date: /home/wyatt/git_ros2/ros2_ws/install/uf_interfaces/share/uf_interfaces/cmake/rosidl_cmake-extras.cmake
[2.211s] -- Up-to-date: /home/wyatt/git_ros2/ros2_ws/install/uf_interfaces/share/uf_interfaces/cmake/ament_cmake_export_dependencies-extras.cmake
[2.211s] -- Up-to-date: /home/wyatt/git_ros2/ros2_ws/install/uf_interfaces/share/uf_interfaces/cmake/ament_cmake_export_include_directories-extras.cmake
[2.211s] -- Up-to-date: /home/wyatt/git_ros2/ros2_ws/install/uf_interfaces/share/uf_interfaces/cmake/ament_cmake_export_libraries-extras.cmake
[2.211s] -- Up-to-date: /home/wyatt/git_ros2/ros2_ws/install/uf_interfaces/share/uf_interfaces/cmake/ament_cmake_export_targets-extras.cmake
[2.212s] -- Up-to-date: /home/wyatt/git_ros2/ros2_ws/install/uf_interfaces/share/uf_interfaces/cmake/rosidl_cmake_export_typesupport_targets-extras.cmake
[2.212s] -- Up-to-date: /home/wyatt/git_ros2/ros2_ws/install/uf_interfaces/share/uf_interfaces/cmake/rosidl_cmake_export_typesupport_libraries-extras.cmake
[2.213s] -- Up-to-date: /home/wyatt/git_ros2/ros2_ws/install/uf_interfaces/share/uf_interfaces/cmake/uf_interfacesConfig.cmake
[2.213s] -- Up-to-date: /home/wyatt/git_ros2/ros2_ws/install/uf_interfaces/share/uf_interfaces/cmake/uf_interfacesConfig-version.cmake
[2.214s] -- Up-to-date: /home/wyatt/git_ros2/ros2_ws/install/uf_interfaces/share/uf_interfaces/package.xml
[2.214s] Invoked command in '/home/wyatt/git_ros2/ros2_ws/build/uf_interfaces' returned '0': CMAKE_PREFIX_PATH=${CMAKE_PREFIX_PATH}:/home/wyatt/git_ros2/ros2_ws/install/wind_speed_package:/home/wyatt/git_ros2/ros2_ws/install/vehicle_position_checker:/home/wyatt/git_ros2/ros2_ws/install/test_herding_pkg:/home/wyatt/git_ros2/ros2_ws/install/herding_v1_package:/home/wyatt/git_ros2/ros2_ws/install/estop_button:/opt/ros/humble /usr/bin/cmake --install /home/wyatt/git_ros2/ros2_ws/build/uf_interfaces
