[5.102s] Invoking command in '/home/wyatt/ros2_ws/src/herding_control': PYTHONPATH=/home/wyatt/ros2_ws/build/herding_control/prefix_override:/usr/lib/python3/dist-packages/colcon_core/task/python/colcon_distutils_commands:/home/wyatt/ros2_ws/install/herding_control/lib/python3.10/site-packages:${PYTHONPATH} /usr/bin/python3 -W ignore:setup.py install is deprecated setup.py egg_info --egg-base ../../build/herding_control build --build-base /home/wyatt/ros2_ws/build/herding_control/build install --record /home/wyatt/ros2_ws/build/herding_control/install.log --single-version-externally-managed install_data
[6.608s] running egg_info
[6.612s] creating ../../build/herding_control/herding_control.egg-info
[6.612s] writing ../../build/herding_control/herding_control.egg-info/PKG-INFO
[6.612s] writing dependency_links to ../../build/herding_control/herding_control.egg-info/dependency_links.txt
[6.612s] writing entry points to ../../build/herding_control/herding_control.egg-info/entry_points.txt
[6.613s] writing requirements to ../../build/herding_control/herding_control.egg-info/requires.txt
[6.613s] writing top-level names to ../../build/herding_control/herding_control.egg-info/top_level.txt
[6.613s] writing manifest file '../../build/herding_control/herding_control.egg-info/SOURCES.txt'
[6.620s] reading manifest file '../../build/herding_control/herding_control.egg-info/SOURCES.txt'
[6.622s] writing manifest file '../../build/herding_control/herding_control.egg-info/SOURCES.txt'
[6.623s] running build
[6.624s] running build_py
[6.630s] creating /home/wyatt/ros2_ws/build/herding_control/build
[6.634s] creating /home/wyatt/ros2_ws/build/herding_control/build/lib
[6.635s] creating /home/wyatt/ros2_ws/build/herding_control/build/lib/herding_control
[6.636s] copying herding_control/herding_control_node.py -> /home/wyatt/ros2_ws/build/herding_control/build/lib/herding_control
[6.637s] copying herding_control/__init__.py -> /home/wyatt/ros2_ws/build/herding_control/build/lib/herding_control
[6.637s] running install
[6.642s] running install_lib
[6.643s] creating /home/wyatt/ros2_ws/install/herding_control/lib/python3.10/site-packages/herding_control
[6.643s] copying /home/wyatt/ros2_ws/build/herding_control/build/lib/herding_control/herding_control_node.py -> /home/wyatt/ros2_ws/install/herding_control/lib/python3.10/site-packages/herding_control
[6.643s] copying /home/wyatt/ros2_ws/build/herding_control/build/lib/herding_control/__init__.py -> /home/wyatt/ros2_ws/install/herding_control/lib/python3.10/site-packages/herding_control
[6.644s] byte-compiling /home/wyatt/ros2_ws/install/herding_control/lib/python3.10/site-packages/herding_control/herding_control_node.py to herding_control_node.cpython-310.pyc
[6.647s] byte-compiling /home/wyatt/ros2_ws/install/herding_control/lib/python3.10/site-packages/herding_control/__init__.py to __init__.cpython-310.pyc
[6.648s] running install_data
[6.649s] creating /home/wyatt/ros2_ws/install/herding_control/share/ament_index
[6.650s] creating /home/wyatt/ros2_ws/install/herding_control/share/ament_index/resource_index
[6.650s] creating /home/wyatt/ros2_ws/install/herding_control/share/ament_index/resource_index/packages
[6.651s] copying resource/herding_control -> /home/wyatt/ros2_ws/install/herding_control/share/ament_index/resource_index/packages
[6.653s] copying package.xml -> /home/wyatt/ros2_ws/install/herding_control/share/herding_control
[6.654s] running install_egg_info
[6.665s] Copying ../../build/herding_control/herding_control.egg-info to /home/wyatt/ros2_ws/install/herding_control/lib/python3.10/site-packages/herding_control-0.0.0-py3.10.egg-info
[6.674s] running install_scripts
[6.735s] writing list of installed files to '/home/wyatt/ros2_ws/build/herding_control/install.log'
[7.087s] Invoked command in '/home/wyatt/ros2_ws/src/herding_control' returned '0': PYTHONPATH=/home/wyatt/ros2_ws/build/herding_control/prefix_override:/usr/lib/python3/dist-packages/colcon_core/task/python/colcon_distutils_commands:/home/wyatt/ros2_ws/install/herding_control/lib/python3.10/site-packages:${PYTHONPATH} /usr/bin/python3 -W ignore:setup.py install is deprecated setup.py egg_info --egg-base ../../build/herding_control build --build-base /home/wyatt/ros2_ws/build/herding_control/build install --record /home/wyatt/ros2_ws/build/herding_control/install.log --single-version-externally-managed install_data
