[0.108s] DEBUG:colcon:Command line arguments: ['/usr/bin/colcon', 'build', '--packages-select', 'matplotlib_sim']
[0.108s] DEBUG:colcon:Parsed command line arguments: Namespace(log_base=None, log_level=None, verb_name='build', build_base='build', install_base='install', merge_install=False, symlink_install=False, test_result_base=None, continue_on_error=False, executor='parallel', parallel_workers=4, event_handlers=None, ignore_user_meta=False, metas=['./colcon.meta'], base_paths=['.'], packages_ignore=None, packages_ignore_regex=None, paths=None, packages_up_to=None, packages_up_to_regex=None, packages_above=None, packages_above_and_dependencies=None, packages_above_depth=None, packages_select_by_dep=None, packages_skip_by_dep=None, packages_skip_up_to=None, packages_select_build_failed=False, packages_skip_build_finished=False, packages_select_test_failures=False, packages_skip_test_passed=False, packages_select=['matplotlib_sim'], packages_skip=None, packages_select_regex=None, packages_skip_regex=None, packages_start=None, packages_end=None, allow_overriding=[], cmake_args=None, cmake_target=None, cmake_target_skip_unavailable=False, cmake_clean_cache=False, cmake_clean_first=False, cmake_force_configure=False, ament_cmake_args=None, catkin_cmake_args=None, catkin_skip_building_tests=False, verb_parser=<colcon_defaults.argument_parser.defaults.DefaultArgumentsDecorator object at 0x7ff162e31f90>, verb_extension=<colcon_core.verb.build.BuildVerb object at 0x7ff162e31a80>, main=<bound method BuildVerb.main of <colcon_core.verb.build.BuildVerb object at 0x7ff162e31a80>>)
[0.280s] Level 1:colcon.colcon_core.package_discovery:discover_packages(colcon_meta) check parameters
[0.280s] Level 1:colcon.colcon_core.package_discovery:discover_packages(recursive) check parameters
[0.280s] Level 1:colcon.colcon_core.package_discovery:discover_packages(ignore) check parameters
[0.280s] Level 1:colcon.colcon_core.package_discovery:discover_packages(path) check parameters
[0.280s] Level 1:colcon.colcon_core.package_discovery:discover_packages(colcon_meta) discover
[0.280s] Level 1:colcon.colcon_core.package_discovery:discover_packages(recursive) discover
[0.280s] INFO:colcon.colcon_core.package_discovery:Crawling recursively for packages in '/home/wyatt/ros2_ws'
[0.281s] Level 1:colcon.colcon_core.package_identification:_identify(.) by extensions ['ignore', 'ignore_ament_install']
[0.281s] Level 1:colcon.colcon_core.package_identification:_identify(.) by extension 'ignore'
[0.281s] Level 1:colcon.colcon_core.package_identification:_identify(.) by extension 'ignore_ament_install'
[0.281s] Level 1:colcon.colcon_core.package_identification:_identify(.) by extensions ['colcon_pkg']
[0.281s] Level 1:colcon.colcon_core.package_identification:_identify(.) by extension 'colcon_pkg'
[0.281s] Level 1:colcon.colcon_core.package_identification:_identify(.) by extensions ['colcon_meta']
[0.281s] Level 1:colcon.colcon_core.package_identification:_identify(.) by extension 'colcon_meta'
[0.281s] Level 1:colcon.colcon_core.package_identification:_identify(.) by extensions ['ros']
[0.281s] Level 1:colcon.colcon_core.package_identification:_identify(.) by extension 'ros'
[0.293s] Level 1:colcon.colcon_core.package_identification:_identify(.) by extensions ['cmake', 'python']
[0.293s] Level 1:colcon.colcon_core.package_identification:_identify(.) by extension 'cmake'
[0.293s] Level 1:colcon.colcon_core.package_identification:_identify(.) by extension 'python'
[0.293s] Level 1:colcon.colcon_core.package_identification:_identify(.) by extensions ['python_setup_py']
[0.293s] Level 1:colcon.colcon_core.package_identification:_identify(.) by extension 'python_setup_py'
[0.293s] Level 1:colcon.colcon_core.package_identification:_identify(Past_sims) by extensions ['ignore', 'ignore_ament_install']
[0.293s] Level 1:colcon.colcon_core.package_identification:_identify(Past_sims) by extension 'ignore'
[0.294s] Level 1:colcon.colcon_core.package_identification:_identify(Past_sims) by extension 'ignore_ament_install'
[0.294s] Level 1:colcon.colcon_core.package_identification:_identify(Past_sims) by extensions ['colcon_pkg']
[0.294s] Level 1:colcon.colcon_core.package_identification:_identify(Past_sims) by extension 'colcon_pkg'
[0.294s] Level 1:colcon.colcon_core.package_identification:_identify(Past_sims) by extensions ['colcon_meta']
[0.294s] Level 1:colcon.colcon_core.package_identification:_identify(Past_sims) by extension 'colcon_meta'
[0.294s] Level 1:colcon.colcon_core.package_identification:_identify(Past_sims) by extensions ['ros']
[0.294s] Level 1:colcon.colcon_core.package_identification:_identify(Past_sims) by extension 'ros'
[0.294s] Level 1:colcon.colcon_core.package_identification:_identify(Past_sims) by extensions ['cmake', 'python']
[0.294s] Level 1:colcon.colcon_core.package_identification:_identify(Past_sims) by extension 'cmake'
[0.294s] Level 1:colcon.colcon_core.package_identification:_identify(Past_sims) by extension 'python'
[0.294s] Level 1:colcon.colcon_core.package_identification:_identify(Past_sims) by extensions ['python_setup_py']
[0.294s] Level 1:colcon.colcon_core.package_identification:_identify(Past_sims) by extension 'python_setup_py'
[0.294s] Level 1:colcon.colcon_core.package_identification:_identify(Past_sims/Simulation_2024-04-23_15-15-11) by extensions ['ignore', 'ignore_ament_install']
[0.295s] Level 1:colcon.colcon_core.package_identification:_identify(Past_sims/Simulation_2024-04-23_15-15-11) by extension 'ignore'
[0.295s] Level 1:colcon.colcon_core.package_identification:_identify(Past_sims/Simulation_2024-04-23_15-15-11) by extension 'ignore_ament_install'
[0.295s] Level 1:colcon.colcon_core.package_identification:_identify(Past_sims/Simulation_2024-04-23_15-15-11) by extensions ['colcon_pkg']
[0.295s] Level 1:colcon.colcon_core.package_identification:_identify(Past_sims/Simulation_2024-04-23_15-15-11) by extension 'colcon_pkg'
[0.295s] Level 1:colcon.colcon_core.package_identification:_identify(Past_sims/Simulation_2024-04-23_15-15-11) by extensions ['colcon_meta']
[0.295s] Level 1:colcon.colcon_core.package_identification:_identify(Past_sims/Simulation_2024-04-23_15-15-11) by extension 'colcon_meta'
[0.295s] Level 1:colcon.colcon_core.package_identification:_identify(Past_sims/Simulation_2024-04-23_15-15-11) by extensions ['ros']
[0.295s] Level 1:colcon.colcon_core.package_identification:_identify(Past_sims/Simulation_2024-04-23_15-15-11) by extension 'ros'
[0.295s] Level 1:colcon.colcon_core.package_identification:_identify(Past_sims/Simulation_2024-04-23_15-15-11) by extensions ['cmake', 'python']
[0.295s] Level 1:colcon.colcon_core.package_identification:_identify(Past_sims/Simulation_2024-04-23_15-15-11) by extension 'cmake'
[0.295s] Level 1:colcon.colcon_core.package_identification:_identify(Past_sims/Simulation_2024-04-23_15-15-11) by extension 'python'
[0.295s] Level 1:colcon.colcon_core.package_identification:_identify(Past_sims/Simulation_2024-04-23_15-15-11) by extensions ['python_setup_py']
[0.295s] Level 1:colcon.colcon_core.package_identification:_identify(Past_sims/Simulation_2024-04-23_15-15-11) by extension 'python_setup_py'
[0.296s] Level 1:colcon.colcon_core.package_identification:_identify(Past_sims/Simulation_2024-04-23_15-16-10) by extensions ['ignore', 'ignore_ament_install']
[0.296s] Level 1:colcon.colcon_core.package_identification:_identify(Past_sims/Simulation_2024-04-23_15-16-10) by extension 'ignore'
[0.296s] Level 1:colcon.colcon_core.package_identification:_identify(Past_sims/Simulation_2024-04-23_15-16-10) by extension 'ignore_ament_install'
[0.296s] Level 1:colcon.colcon_core.package_identification:_identify(Past_sims/Simulation_2024-04-23_15-16-10) by extensions ['colcon_pkg']
[0.296s] Level 1:colcon.colcon_core.package_identification:_identify(Past_sims/Simulation_2024-04-23_15-16-10) by extension 'colcon_pkg'
[0.296s] Level 1:colcon.colcon_core.package_identification:_identify(Past_sims/Simulation_2024-04-23_15-16-10) by extensions ['colcon_meta']
[0.296s] Level 1:colcon.colcon_core.package_identification:_identify(Past_sims/Simulation_2024-04-23_15-16-10) by extension 'colcon_meta'
[0.296s] Level 1:colcon.colcon_core.package_identification:_identify(Past_sims/Simulation_2024-04-23_15-16-10) by extensions ['ros']
[0.296s] Level 1:colcon.colcon_core.package_identification:_identify(Past_sims/Simulation_2024-04-23_15-16-10) by extension 'ros'
[0.296s] Level 1:colcon.colcon_core.package_identification:_identify(Past_sims/Simulation_2024-04-23_15-16-10) by extensions ['cmake', 'python']
[0.296s] Level 1:colcon.colcon_core.package_identification:_identify(Past_sims/Simulation_2024-04-23_15-16-10) by extension 'cmake'
[0.296s] Level 1:colcon.colcon_core.package_identification:_identify(Past_sims/Simulation_2024-04-23_15-16-10) by extension 'python'
[0.296s] Level 1:colcon.colcon_core.package_identification:_identify(Past_sims/Simulation_2024-04-23_15-16-10) by extensions ['python_setup_py']
[0.297s] Level 1:colcon.colcon_core.package_identification:_identify(Past_sims/Simulation_2024-04-23_15-16-10) by extension 'python_setup_py'
[0.297s] Level 1:colcon.colcon_core.package_identification:_identify(Past_sims/Simulation_2024-04-23_15-17-51) by extensions ['ignore', 'ignore_ament_install']
[0.297s] Level 1:colcon.colcon_core.package_identification:_identify(Past_sims/Simulation_2024-04-23_15-17-51) by extension 'ignore'
[0.297s] Level 1:colcon.colcon_core.package_identification:_identify(Past_sims/Simulation_2024-04-23_15-17-51) by extension 'ignore_ament_install'
[0.297s] Level 1:colcon.colcon_core.package_identification:_identify(Past_sims/Simulation_2024-04-23_15-17-51) by extensions ['colcon_pkg']
[0.297s] Level 1:colcon.colcon_core.package_identification:_identify(Past_sims/Simulation_2024-04-23_15-17-51) by extension 'colcon_pkg'
[0.297s] Level 1:colcon.colcon_core.package_identification:_identify(Past_sims/Simulation_2024-04-23_15-17-51) by extensions ['colcon_meta']
[0.297s] Level 1:colcon.colcon_core.package_identification:_identify(Past_sims/Simulation_2024-04-23_15-17-51) by extension 'colcon_meta'
[0.297s] Level 1:colcon.colcon_core.package_identification:_identify(Past_sims/Simulation_2024-04-23_15-17-51) by extensions ['ros']
[0.297s] Level 1:colcon.colcon_core.package_identification:_identify(Past_sims/Simulation_2024-04-23_15-17-51) by extension 'ros'
[0.297s] Level 1:colcon.colcon_core.package_identification:_identify(Past_sims/Simulation_2024-04-23_15-17-51) by extensions ['cmake', 'python']
[0.297s] Level 1:colcon.colcon_core.package_identification:_identify(Past_sims/Simulation_2024-04-23_15-17-51) by extension 'cmake'
[0.298s] Level 1:colcon.colcon_core.package_identification:_identify(Past_sims/Simulation_2024-04-23_15-17-51) by extension 'python'
[0.298s] Level 1:colcon.colcon_core.package_identification:_identify(Past_sims/Simulation_2024-04-23_15-17-51) by extensions ['python_setup_py']
[0.298s] Level 1:colcon.colcon_core.package_identification:_identify(Past_sims/Simulation_2024-04-23_15-17-51) by extension 'python_setup_py'
[0.298s] Level 1:colcon.colcon_core.package_identification:_identify(Past_sims/Simulation_2024-04-23_15-18-46) by extensions ['ignore', 'ignore_ament_install']
[0.298s] Level 1:colcon.colcon_core.package_identification:_identify(Past_sims/Simulation_2024-04-23_15-18-46) by extension 'ignore'
[0.298s] Level 1:colcon.colcon_core.package_identification:_identify(Past_sims/Simulation_2024-04-23_15-18-46) by extension 'ignore_ament_install'
[0.298s] Level 1:colcon.colcon_core.package_identification:_identify(Past_sims/Simulation_2024-04-23_15-18-46) by extensions ['colcon_pkg']
[0.298s] Level 1:colcon.colcon_core.package_identification:_identify(Past_sims/Simulation_2024-04-23_15-18-46) by extension 'colcon_pkg'
[0.298s] Level 1:colcon.colcon_core.package_identification:_identify(Past_sims/Simulation_2024-04-23_15-18-46) by extensions ['colcon_meta']
[0.298s] Level 1:colcon.colcon_core.package_identification:_identify(Past_sims/Simulation_2024-04-23_15-18-46) by extension 'colcon_meta'
[0.298s] Level 1:colcon.colcon_core.package_identification:_identify(Past_sims/Simulation_2024-04-23_15-18-46) by extensions ['ros']
[0.298s] Level 1:colcon.colcon_core.package_identification:_identify(Past_sims/Simulation_2024-04-23_15-18-46) by extension 'ros'
[0.299s] Level 1:colcon.colcon_core.package_identification:_identify(Past_sims/Simulation_2024-04-23_15-18-46) by extensions ['cmake', 'python']
[0.299s] Level 1:colcon.colcon_core.package_identification:_identify(Past_sims/Simulation_2024-04-23_15-18-46) by extension 'cmake'
[0.299s] Level 1:colcon.colcon_core.package_identification:_identify(Past_sims/Simulation_2024-04-23_15-18-46) by extension 'python'
[0.299s] Level 1:colcon.colcon_core.package_identification:_identify(Past_sims/Simulation_2024-04-23_15-18-46) by extensions ['python_setup_py']
[0.299s] Level 1:colcon.colcon_core.package_identification:_identify(Past_sims/Simulation_2024-04-23_15-18-46) by extension 'python_setup_py'
[0.299s] Level 1:colcon.colcon_core.package_identification:_identify(Past_sims/Simulation_2024-04-23_15-19-50) by extensions ['ignore', 'ignore_ament_install']
[0.299s] Level 1:colcon.colcon_core.package_identification:_identify(Past_sims/Simulation_2024-04-23_15-19-50) by extension 'ignore'
[0.299s] Level 1:colcon.colcon_core.package_identification:_identify(Past_sims/Simulation_2024-04-23_15-19-50) by extension 'ignore_ament_install'
[0.299s] Level 1:colcon.colcon_core.package_identification:_identify(Past_sims/Simulation_2024-04-23_15-19-50) by extensions ['colcon_pkg']
[0.299s] Level 1:colcon.colcon_core.package_identification:_identify(Past_sims/Simulation_2024-04-23_15-19-50) by extension 'colcon_pkg'
[0.299s] Level 1:colcon.colcon_core.package_identification:_identify(Past_sims/Simulation_2024-04-23_15-19-50) by extensions ['colcon_meta']
[0.299s] Level 1:colcon.colcon_core.package_identification:_identify(Past_sims/Simulation_2024-04-23_15-19-50) by extension 'colcon_meta'
[0.299s] Level 1:colcon.colcon_core.package_identification:_identify(Past_sims/Simulation_2024-04-23_15-19-50) by extensions ['ros']
[0.300s] Level 1:colcon.colcon_core.package_identification:_identify(Past_sims/Simulation_2024-04-23_15-19-50) by extension 'ros'
[0.300s] Level 1:colcon.colcon_core.package_identification:_identify(Past_sims/Simulation_2024-04-23_15-19-50) by extensions ['cmake', 'python']
[0.300s] Level 1:colcon.colcon_core.package_identification:_identify(Past_sims/Simulation_2024-04-23_15-19-50) by extension 'cmake'
[0.300s] Level 1:colcon.colcon_core.package_identification:_identify(Past_sims/Simulation_2024-04-23_15-19-50) by extension 'python'
[0.300s] Level 1:colcon.colcon_core.package_identification:_identify(Past_sims/Simulation_2024-04-23_15-19-50) by extensions ['python_setup_py']
[0.300s] Level 1:colcon.colcon_core.package_identification:_identify(Past_sims/Simulation_2024-04-23_15-19-50) by extension 'python_setup_py'
[0.300s] Level 1:colcon.colcon_core.package_identification:_identify(Past_sims/Simulation_2024-04-23_15-20-53) by extensions ['ignore', 'ignore_ament_install']
[0.300s] Level 1:colcon.colcon_core.package_identification:_identify(Past_sims/Simulation_2024-04-23_15-20-53) by extension 'ignore'
[0.300s] Level 1:colcon.colcon_core.package_identification:_identify(Past_sims/Simulation_2024-04-23_15-20-53) by extension 'ignore_ament_install'
[0.300s] Level 1:colcon.colcon_core.package_identification:_identify(Past_sims/Simulation_2024-04-23_15-20-53) by extensions ['colcon_pkg']
[0.300s] Level 1:colcon.colcon_core.package_identification:_identify(Past_sims/Simulation_2024-04-23_15-20-53) by extension 'colcon_pkg'
[0.300s] Level 1:colcon.colcon_core.package_identification:_identify(Past_sims/Simulation_2024-04-23_15-20-53) by extensions ['colcon_meta']
[0.300s] Level 1:colcon.colcon_core.package_identification:_identify(Past_sims/Simulation_2024-04-23_15-20-53) by extension 'colcon_meta'
[0.301s] Level 1:colcon.colcon_core.package_identification:_identify(Past_sims/Simulation_2024-04-23_15-20-53) by extensions ['ros']
[0.301s] Level 1:colcon.colcon_core.package_identification:_identify(Past_sims/Simulation_2024-04-23_15-20-53) by extension 'ros'
[0.301s] Level 1:colcon.colcon_core.package_identification:_identify(Past_sims/Simulation_2024-04-23_15-20-53) by extensions ['cmake', 'python']
[0.301s] Level 1:colcon.colcon_core.package_identification:_identify(Past_sims/Simulation_2024-04-23_15-20-53) by extension 'cmake'
[0.301s] Level 1:colcon.colcon_core.package_identification:_identify(Past_sims/Simulation_2024-04-23_15-20-53) by extension 'python'
[0.301s] Level 1:colcon.colcon_core.package_identification:_identify(Past_sims/Simulation_2024-04-23_15-20-53) by extensions ['python_setup_py']
[0.301s] Level 1:colcon.colcon_core.package_identification:_identify(Past_sims/Simulation_2024-04-23_15-20-53) by extension 'python_setup_py'
[0.301s] Level 1:colcon.colcon_core.package_identification:_identify(Past_sims/Simulation_2024-04-23_15-21-34) by extensions ['ignore', 'ignore_ament_install']
[0.301s] Level 1:colcon.colcon_core.package_identification:_identify(Past_sims/Simulation_2024-04-23_15-21-34) by extension 'ignore'
[0.301s] Level 1:colcon.colcon_core.package_identification:_identify(Past_sims/Simulation_2024-04-23_15-21-34) by extension 'ignore_ament_install'
[0.301s] Level 1:colcon.colcon_core.package_identification:_identify(Past_sims/Simulation_2024-04-23_15-21-34) by extensions ['colcon_pkg']
[0.301s] Level 1:colcon.colcon_core.package_identification:_identify(Past_sims/Simulation_2024-04-23_15-21-34) by extension 'colcon_pkg'
[0.302s] Level 1:colcon.colcon_core.package_identification:_identify(Past_sims/Simulation_2024-04-23_15-21-34) by extensions ['colcon_meta']
[0.302s] Level 1:colcon.colcon_core.package_identification:_identify(Past_sims/Simulation_2024-04-23_15-21-34) by extension 'colcon_meta'
[0.302s] Level 1:colcon.colcon_core.package_identification:_identify(Past_sims/Simulation_2024-04-23_15-21-34) by extensions ['ros']
[0.302s] Level 1:colcon.colcon_core.package_identification:_identify(Past_sims/Simulation_2024-04-23_15-21-34) by extension 'ros'
[0.302s] Level 1:colcon.colcon_core.package_identification:_identify(Past_sims/Simulation_2024-04-23_15-21-34) by extensions ['cmake', 'python']
[0.302s] Level 1:colcon.colcon_core.package_identification:_identify(Past_sims/Simulation_2024-04-23_15-21-34) by extension 'cmake'
[0.302s] Level 1:colcon.colcon_core.package_identification:_identify(Past_sims/Simulation_2024-04-23_15-21-34) by extension 'python'
[0.302s] Level 1:colcon.colcon_core.package_identification:_identify(Past_sims/Simulation_2024-04-23_15-21-34) by extensions ['python_setup_py']
[0.302s] Level 1:colcon.colcon_core.package_identification:_identify(Past_sims/Simulation_2024-04-23_15-21-34) by extension 'python_setup_py'
[0.302s] Level 1:colcon.colcon_core.package_identification:_identify(Past_sims/Simulation_2024-04-23_15-23-46) by extensions ['ignore', 'ignore_ament_install']
[0.302s] Level 1:colcon.colcon_core.package_identification:_identify(Past_sims/Simulation_2024-04-23_15-23-46) by extension 'ignore'
[0.302s] Level 1:colcon.colcon_core.package_identification:_identify(Past_sims/Simulation_2024-04-23_15-23-46) by extension 'ignore_ament_install'
[0.303s] Level 1:colcon.colcon_core.package_identification:_identify(Past_sims/Simulation_2024-04-23_15-23-46) by extensions ['colcon_pkg']
[0.303s] Level 1:colcon.colcon_core.package_identification:_identify(Past_sims/Simulation_2024-04-23_15-23-46) by extension 'colcon_pkg'
[0.303s] Level 1:colcon.colcon_core.package_identification:_identify(Past_sims/Simulation_2024-04-23_15-23-46) by extensions ['colcon_meta']
[0.303s] Level 1:colcon.colcon_core.package_identification:_identify(Past_sims/Simulation_2024-04-23_15-23-46) by extension 'colcon_meta'
[0.303s] Level 1:colcon.colcon_core.package_identification:_identify(Past_sims/Simulation_2024-04-23_15-23-46) by extensions ['ros']
[0.303s] Level 1:colcon.colcon_core.package_identification:_identify(Past_sims/Simulation_2024-04-23_15-23-46) by extension 'ros'
[0.303s] Level 1:colcon.colcon_core.package_identification:_identify(Past_sims/Simulation_2024-04-23_15-23-46) by extensions ['cmake', 'python']
[0.303s] Level 1:colcon.colcon_core.package_identification:_identify(Past_sims/Simulation_2024-04-23_15-23-46) by extension 'cmake'
[0.303s] Level 1:colcon.colcon_core.package_identification:_identify(Past_sims/Simulation_2024-04-23_15-23-46) by extension 'python'
[0.303s] Level 1:colcon.colcon_core.package_identification:_identify(Past_sims/Simulation_2024-04-23_15-23-46) by extensions ['python_setup_py']
[0.303s] Level 1:colcon.colcon_core.package_identification:_identify(Past_sims/Simulation_2024-04-23_15-23-46) by extension 'python_setup_py'
[0.303s] Level 1:colcon.colcon_core.package_identification:_identify(Past_sims/Simulation_2024-04-26_09-53-32) by extensions ['ignore', 'ignore_ament_install']
[0.304s] Level 1:colcon.colcon_core.package_identification:_identify(Past_sims/Simulation_2024-04-26_09-53-32) by extension 'ignore'
[0.304s] Level 1:colcon.colcon_core.package_identification:_identify(Past_sims/Simulation_2024-04-26_09-53-32) by extension 'ignore_ament_install'
[0.304s] Level 1:colcon.colcon_core.package_identification:_identify(Past_sims/Simulation_2024-04-26_09-53-32) by extensions ['colcon_pkg']
[0.304s] Level 1:colcon.colcon_core.package_identification:_identify(Past_sims/Simulation_2024-04-26_09-53-32) by extension 'colcon_pkg'
[0.304s] Level 1:colcon.colcon_core.package_identification:_identify(Past_sims/Simulation_2024-04-26_09-53-32) by extensions ['colcon_meta']
[0.304s] Level 1:colcon.colcon_core.package_identification:_identify(Past_sims/Simulation_2024-04-26_09-53-32) by extension 'colcon_meta'
[0.304s] Level 1:colcon.colcon_core.package_identification:_identify(Past_sims/Simulation_2024-04-26_09-53-32) by extensions ['ros']
[0.304s] Level 1:colcon.colcon_core.package_identification:_identify(Past_sims/Simulation_2024-04-26_09-53-32) by extension 'ros'
[0.304s] Level 1:colcon.colcon_core.package_identification:_identify(Past_sims/Simulation_2024-04-26_09-53-32) by extensions ['cmake', 'python']
[0.304s] Level 1:colcon.colcon_core.package_identification:_identify(Past_sims/Simulation_2024-04-26_09-53-32) by extension 'cmake'
[0.304s] Level 1:colcon.colcon_core.package_identification:_identify(Past_sims/Simulation_2024-04-26_09-53-32) by extension 'python'
[0.304s] Level 1:colcon.colcon_core.package_identification:_identify(Past_sims/Simulation_2024-04-26_09-53-32) by extensions ['python_setup_py']
[0.304s] Level 1:colcon.colcon_core.package_identification:_identify(Past_sims/Simulation_2024-04-26_09-53-32) by extension 'python_setup_py'
[0.304s] Level 1:colcon.colcon_core.package_identification:_identify(Past_sims/a_NO-DELETE-rosbag2_2024_02_29-14_30_00) by extensions ['ignore', 'ignore_ament_install']
[0.305s] Level 1:colcon.colcon_core.package_identification:_identify(Past_sims/a_NO-DELETE-rosbag2_2024_02_29-14_30_00) by extension 'ignore'
[0.305s] Level 1:colcon.colcon_core.package_identification:_identify(Past_sims/a_NO-DELETE-rosbag2_2024_02_29-14_30_00) by extension 'ignore_ament_install'
[0.305s] Level 1:colcon.colcon_core.package_identification:_identify(Past_sims/a_NO-DELETE-rosbag2_2024_02_29-14_30_00) by extensions ['colcon_pkg']
[0.305s] Level 1:colcon.colcon_core.package_identification:_identify(Past_sims/a_NO-DELETE-rosbag2_2024_02_29-14_30_00) by extension 'colcon_pkg'
[0.305s] Level 1:colcon.colcon_core.package_identification:_identify(Past_sims/a_NO-DELETE-rosbag2_2024_02_29-14_30_00) by extensions ['colcon_meta']
[0.305s] Level 1:colcon.colcon_core.package_identification:_identify(Past_sims/a_NO-DELETE-rosbag2_2024_02_29-14_30_00) by extension 'colcon_meta'
[0.305s] Level 1:colcon.colcon_core.package_identification:_identify(Past_sims/a_NO-DELETE-rosbag2_2024_02_29-14_30_00) by extensions ['ros']
[0.305s] Level 1:colcon.colcon_core.package_identification:_identify(Past_sims/a_NO-DELETE-rosbag2_2024_02_29-14_30_00) by extension 'ros'
[0.305s] Level 1:colcon.colcon_core.package_identification:_identify(Past_sims/a_NO-DELETE-rosbag2_2024_02_29-14_30_00) by extensions ['cmake', 'python']
[0.305s] Level 1:colcon.colcon_core.package_identification:_identify(Past_sims/a_NO-DELETE-rosbag2_2024_02_29-14_30_00) by extension 'cmake'
[0.305s] Level 1:colcon.colcon_core.package_identification:_identify(Past_sims/a_NO-DELETE-rosbag2_2024_02_29-14_30_00) by extension 'python'
[0.305s] Level 1:colcon.colcon_core.package_identification:_identify(Past_sims/a_NO-DELETE-rosbag2_2024_02_29-14_30_00) by extensions ['python_setup_py']
[0.305s] Level 1:colcon.colcon_core.package_identification:_identify(Past_sims/a_NO-DELETE-rosbag2_2024_02_29-14_30_00) by extension 'python_setup_py'
[0.306s] Level 1:colcon.colcon_core.package_identification:_identify(Past_sims/a_Simulation_2024-04-21_16-28-10) by extensions ['ignore', 'ignore_ament_install']
[0.306s] Level 1:colcon.colcon_core.package_identification:_identify(Past_sims/a_Simulation_2024-04-21_16-28-10) by extension 'ignore'
[0.306s] Level 1:colcon.colcon_core.package_identification:_identify(Past_sims/a_Simulation_2024-04-21_16-28-10) by extension 'ignore_ament_install'
[0.306s] Level 1:colcon.colcon_core.package_identification:_identify(Past_sims/a_Simulation_2024-04-21_16-28-10) by extensions ['colcon_pkg']
[0.306s] Level 1:colcon.colcon_core.package_identification:_identify(Past_sims/a_Simulation_2024-04-21_16-28-10) by extension 'colcon_pkg'
[0.306s] Level 1:colcon.colcon_core.package_identification:_identify(Past_sims/a_Simulation_2024-04-21_16-28-10) by extensions ['colcon_meta']
[0.306s] Level 1:colcon.colcon_core.package_identification:_identify(Past_sims/a_Simulation_2024-04-21_16-28-10) by extension 'colcon_meta'
[0.306s] Level 1:colcon.colcon_core.package_identification:_identify(Past_sims/a_Simulation_2024-04-21_16-28-10) by extensions ['ros']
[0.306s] Level 1:colcon.colcon_core.package_identification:_identify(Past_sims/a_Simulation_2024-04-21_16-28-10) by extension 'ros'
[0.306s] Level 1:colcon.colcon_core.package_identification:_identify(Past_sims/a_Simulation_2024-04-21_16-28-10) by extensions ['cmake', 'python']
[0.306s] Level 1:colcon.colcon_core.package_identification:_identify(Past_sims/a_Simulation_2024-04-21_16-28-10) by extension 'cmake'
[0.306s] Level 1:colcon.colcon_core.package_identification:_identify(Past_sims/a_Simulation_2024-04-21_16-28-10) by extension 'python'
[0.307s] Level 1:colcon.colcon_core.package_identification:_identify(Past_sims/a_Simulation_2024-04-21_16-28-10) by extensions ['python_setup_py']
[0.307s] Level 1:colcon.colcon_core.package_identification:_identify(Past_sims/a_Simulation_2024-04-21_16-28-10) by extension 'python_setup_py'
[0.307s] Level 1:colcon.colcon_core.package_identification:_identify(Past_sims/a_Simulation_2024-04-21_16-47-20) by extensions ['ignore', 'ignore_ament_install']
[0.307s] Level 1:colcon.colcon_core.package_identification:_identify(Past_sims/a_Simulation_2024-04-21_16-47-20) by extension 'ignore'
[0.307s] Level 1:colcon.colcon_core.package_identification:_identify(Past_sims/a_Simulation_2024-04-21_16-47-20) by extension 'ignore_ament_install'
[0.307s] Level 1:colcon.colcon_core.package_identification:_identify(Past_sims/a_Simulation_2024-04-21_16-47-20) by extensions ['colcon_pkg']
[0.307s] Level 1:colcon.colcon_core.package_identification:_identify(Past_sims/a_Simulation_2024-04-21_16-47-20) by extension 'colcon_pkg'
[0.307s] Level 1:colcon.colcon_core.package_identification:_identify(Past_sims/a_Simulation_2024-04-21_16-47-20) by extensions ['colcon_meta']
[0.307s] Level 1:colcon.colcon_core.package_identification:_identify(Past_sims/a_Simulation_2024-04-21_16-47-20) by extension 'colcon_meta'
[0.307s] Level 1:colcon.colcon_core.package_identification:_identify(Past_sims/a_Simulation_2024-04-21_16-47-20) by extensions ['ros']
[0.307s] Level 1:colcon.colcon_core.package_identification:_identify(Past_sims/a_Simulation_2024-04-21_16-47-20) by extension 'ros'
[0.307s] Level 1:colcon.colcon_core.package_identification:_identify(Past_sims/a_Simulation_2024-04-21_16-47-20) by extensions ['cmake', 'python']
[0.308s] Level 1:colcon.colcon_core.package_identification:_identify(Past_sims/a_Simulation_2024-04-21_16-47-20) by extension 'cmake'
[0.308s] Level 1:colcon.colcon_core.package_identification:_identify(Past_sims/a_Simulation_2024-04-21_16-47-20) by extension 'python'
[0.308s] Level 1:colcon.colcon_core.package_identification:_identify(Past_sims/a_Simulation_2024-04-21_16-47-20) by extensions ['python_setup_py']
[0.308s] Level 1:colcon.colcon_core.package_identification:_identify(Past_sims/a_Simulation_2024-04-21_16-47-20) by extension 'python_setup_py'
[0.308s] Level 1:colcon.colcon_core.package_identification:_identify(Simple_Herding_Controller) by extensions ['ignore', 'ignore_ament_install']
[0.308s] Level 1:colcon.colcon_core.package_identification:_identify(Simple_Herding_Controller) by extension 'ignore'
[0.308s] Level 1:colcon.colcon_core.package_identification:_identify(Simple_Herding_Controller) by extension 'ignore_ament_install'
[0.308s] Level 1:colcon.colcon_core.package_identification:_identify(Simple_Herding_Controller) by extensions ['colcon_pkg']
[0.308s] Level 1:colcon.colcon_core.package_identification:_identify(Simple_Herding_Controller) by extension 'colcon_pkg'
[0.308s] Level 1:colcon.colcon_core.package_identification:_identify(Simple_Herding_Controller) by extensions ['colcon_meta']
[0.308s] Level 1:colcon.colcon_core.package_identification:_identify(Simple_Herding_Controller) by extension 'colcon_meta'
[0.308s] Level 1:colcon.colcon_core.package_identification:_identify(Simple_Herding_Controller) by extensions ['ros']
[0.308s] Level 1:colcon.colcon_core.package_identification:_identify(Simple_Herding_Controller) by extension 'ros'
[0.309s] Level 1:colcon.colcon_core.package_identification:_identify(Simple_Herding_Controller) by extensions ['cmake', 'python']
[0.309s] Level 1:colcon.colcon_core.package_identification:_identify(Simple_Herding_Controller) by extension 'cmake'
[0.309s] Level 1:colcon.colcon_core.package_identification:_identify(Simple_Herding_Controller) by extension 'python'
[0.309s] Level 1:colcon.colcon_core.package_identification:_identify(Simple_Herding_Controller) by extensions ['python_setup_py']
[0.309s] Level 1:colcon.colcon_core.package_identification:_identify(Simple_Herding_Controller) by extension 'python_setup_py'
[0.309s] Level 1:colcon.colcon_core.package_identification:_identify(build) by extensions ['ignore', 'ignore_ament_install']
[0.309s] Level 1:colcon.colcon_core.package_identification:_identify(build) by extension 'ignore'
[0.309s] Level 1:colcon.colcon_core.package_identification:_identify(build) ignored
[0.309s] Level 1:colcon.colcon_core.package_identification:_identify(install) by extensions ['ignore', 'ignore_ament_install']
[0.310s] Level 1:colcon.colcon_core.package_identification:_identify(install) by extension 'ignore'
[0.310s] Level 1:colcon.colcon_core.package_identification:_identify(install) ignored
[0.310s] Level 1:colcon.colcon_core.package_identification:_identify(log) by extensions ['ignore', 'ignore_ament_install']
[0.310s] Level 1:colcon.colcon_core.package_identification:_identify(log) by extension 'ignore'
[0.310s] Level 1:colcon.colcon_core.package_identification:_identify(log) ignored
[0.310s] Level 1:colcon.colcon_core.package_identification:_identify(multi_agent_tracking_pkg) by extensions ['ignore', 'ignore_ament_install']
[0.310s] Level 1:colcon.colcon_core.package_identification:_identify(multi_agent_tracking_pkg) by extension 'ignore'
[0.310s] Level 1:colcon.colcon_core.package_identification:_identify(multi_agent_tracking_pkg) by extension 'ignore_ament_install'
[0.310s] Level 1:colcon.colcon_core.package_identification:_identify(multi_agent_tracking_pkg) by extensions ['colcon_pkg']
[0.310s] Level 1:colcon.colcon_core.package_identification:_identify(multi_agent_tracking_pkg) by extension 'colcon_pkg'
[0.311s] Level 1:colcon.colcon_core.package_identification:_identify(multi_agent_tracking_pkg) by extensions ['colcon_meta']
[0.311s] Level 1:colcon.colcon_core.package_identification:_identify(multi_agent_tracking_pkg) by extension 'colcon_meta'
[0.311s] Level 1:colcon.colcon_core.package_identification:_identify(multi_agent_tracking_pkg) by extensions ['ros']
[0.311s] Level 1:colcon.colcon_core.package_identification:_identify(multi_agent_tracking_pkg) by extension 'ros'
[0.313s] DEBUG:colcon.colcon_core.package_identification:Package 'multi_agent_tracking_pkg' with type 'ros.ament_python' and name 'multi_agent_tracking_pkg'
[0.314s] Level 1:colcon.colcon_core.package_identification:_identify(src) by extensions ['ignore', 'ignore_ament_install']
[0.314s] Level 1:colcon.colcon_core.package_identification:_identify(src) by extension 'ignore'
[0.314s] Level 1:colcon.colcon_core.package_identification:_identify(src) by extension 'ignore_ament_install'
[0.314s] Level 1:colcon.colcon_core.package_identification:_identify(src) by extensions ['colcon_pkg']
[0.314s] Level 1:colcon.colcon_core.package_identification:_identify(src) by extension 'colcon_pkg'
[0.314s] Level 1:colcon.colcon_core.package_identification:_identify(src) by extensions ['colcon_meta']
[0.314s] Level 1:colcon.colcon_core.package_identification:_identify(src) by extension 'colcon_meta'
[0.314s] Level 1:colcon.colcon_core.package_identification:_identify(src) by extensions ['ros']
[0.314s] Level 1:colcon.colcon_core.package_identification:_identify(src) by extension 'ros'
[0.314s] Level 1:colcon.colcon_core.package_identification:_identify(src) by extensions ['cmake', 'python']
[0.314s] Level 1:colcon.colcon_core.package_identification:_identify(src) by extension 'cmake'
[0.315s] Level 1:colcon.colcon_core.package_identification:_identify(src) by extension 'python'
[0.315s] Level 1:colcon.colcon_core.package_identification:_identify(src) by extensions ['python_setup_py']
[0.315s] Level 1:colcon.colcon_core.package_identification:_identify(src) by extension 'python_setup_py'
[0.315s] Level 1:colcon.colcon_core.package_identification:_identify(src/autonomy-park-air-team-autonomy_park_viz) by extensions ['ignore', 'ignore_ament_install']
[0.315s] Level 1:colcon.colcon_core.package_identification:_identify(src/autonomy-park-air-team-autonomy_park_viz) by extension 'ignore'
[0.315s] Level 1:colcon.colcon_core.package_identification:_identify(src/autonomy-park-air-team-autonomy_park_viz) by extension 'ignore_ament_install'
[0.315s] Level 1:colcon.colcon_core.package_identification:_identify(src/autonomy-park-air-team-autonomy_park_viz) by extensions ['colcon_pkg']
[0.315s] Level 1:colcon.colcon_core.package_identification:_identify(src/autonomy-park-air-team-autonomy_park_viz) by extension 'colcon_pkg'
[0.315s] Level 1:colcon.colcon_core.package_identification:_identify(src/autonomy-park-air-team-autonomy_park_viz) by extensions ['colcon_meta']
[0.315s] Level 1:colcon.colcon_core.package_identification:_identify(src/autonomy-park-air-team-autonomy_park_viz) by extension 'colcon_meta'
[0.315s] Level 1:colcon.colcon_core.package_identification:_identify(src/autonomy-park-air-team-autonomy_park_viz) by extensions ['ros']
[0.315s] Level 1:colcon.colcon_core.package_identification:_identify(src/autonomy-park-air-team-autonomy_park_viz) by extension 'ros'
[0.317s] DEBUG:colcon.colcon_core.package_identification:Package 'src/autonomy-park-air-team-autonomy_park_viz' with type 'ros.ament_cmake' and name 'autonomy_park_viz'
[0.317s] Level 1:colcon.colcon_core.package_identification:_identify(src/common) by extensions ['ignore', 'ignore_ament_install']
[0.317s] Level 1:colcon.colcon_core.package_identification:_identify(src/common) by extension 'ignore'
[0.317s] Level 1:colcon.colcon_core.package_identification:_identify(src/common) by extension 'ignore_ament_install'
[0.317s] Level 1:colcon.colcon_core.package_identification:_identify(src/common) by extensions ['colcon_pkg']
[0.317s] Level 1:colcon.colcon_core.package_identification:_identify(src/common) by extension 'colcon_pkg'
[0.317s] Level 1:colcon.colcon_core.package_identification:_identify(src/common) by extensions ['colcon_meta']
[0.317s] Level 1:colcon.colcon_core.package_identification:_identify(src/common) by extension 'colcon_meta'
[0.317s] Level 1:colcon.colcon_core.package_identification:_identify(src/common) by extensions ['ros']
[0.317s] Level 1:colcon.colcon_core.package_identification:_identify(src/common) by extension 'ros'
[0.317s] Level 1:colcon.colcon_core.package_identification:_identify(src/common) by extensions ['cmake', 'python']
[0.317s] Level 1:colcon.colcon_core.package_identification:_identify(src/common) by extension 'cmake'
[0.318s] Level 1:colcon.colcon_core.package_identification:_identify(src/common) by extension 'python'
[0.318s] Level 1:colcon.colcon_core.package_identification:_identify(src/common) by extensions ['python_setup_py']
[0.318s] Level 1:colcon.colcon_core.package_identification:_identify(src/common) by extension 'python_setup_py'
[0.318s] Level 1:colcon.colcon_core.package_identification:_identify(src/common/apf_collision_avoidance) by extensions ['ignore', 'ignore_ament_install']
[0.318s] Level 1:colcon.colcon_core.package_identification:_identify(src/common/apf_collision_avoidance) by extension 'ignore'
[0.318s] Level 1:colcon.colcon_core.package_identification:_identify(src/common/apf_collision_avoidance) ignored
[0.318s] Level 1:colcon.colcon_core.package_identification:_identify(src/common/emlid_interface) by extensions ['ignore', 'ignore_ament_install']
[0.318s] Level 1:colcon.colcon_core.package_identification:_identify(src/common/emlid_interface) by extension 'ignore'
[0.318s] Level 1:colcon.colcon_core.package_identification:_identify(src/common/emlid_interface) by extension 'ignore_ament_install'
[0.318s] Level 1:colcon.colcon_core.package_identification:_identify(src/common/emlid_interface) by extensions ['colcon_pkg']
[0.319s] Level 1:colcon.colcon_core.package_identification:_identify(src/common/emlid_interface) by extension 'colcon_pkg'
[0.319s] Level 1:colcon.colcon_core.package_identification:_identify(src/common/emlid_interface) by extensions ['colcon_meta']
[0.319s] Level 1:colcon.colcon_core.package_identification:_identify(src/common/emlid_interface) by extension 'colcon_meta'
[0.319s] Level 1:colcon.colcon_core.package_identification:_identify(src/common/emlid_interface) by extensions ['ros']
[0.319s] Level 1:colcon.colcon_core.package_identification:_identify(src/common/emlid_interface) by extension 'ros'
[0.319s] DEBUG:colcon.colcon_core.package_identification:Package 'src/common/emlid_interface' with type 'ros.ament_python' and name 'emlid_interface'
[0.320s] Level 1:colcon.colcon_core.package_identification:_identify(src/common/geodetic_conversion) by extensions ['ignore', 'ignore_ament_install']
[0.320s] Level 1:colcon.colcon_core.package_identification:_identify(src/common/geodetic_conversion) by extension 'ignore'
[0.320s] Level 1:colcon.colcon_core.package_identification:_identify(src/common/geodetic_conversion) by extension 'ignore_ament_install'
[0.320s] Level 1:colcon.colcon_core.package_identification:_identify(src/common/geodetic_conversion) by extensions ['colcon_pkg']
[0.320s] Level 1:colcon.colcon_core.package_identification:_identify(src/common/geodetic_conversion) by extension 'colcon_pkg'
[0.320s] Level 1:colcon.colcon_core.package_identification:_identify(src/common/geodetic_conversion) by extensions ['colcon_meta']
[0.320s] Level 1:colcon.colcon_core.package_identification:_identify(src/common/geodetic_conversion) by extension 'colcon_meta'
[0.320s] Level 1:colcon.colcon_core.package_identification:_identify(src/common/geodetic_conversion) by extensions ['ros']
[0.320s] Level 1:colcon.colcon_core.package_identification:_identify(src/common/geodetic_conversion) by extension 'ros'
[0.321s] DEBUG:colcon.colcon_core.package_identification:Package 'src/common/geodetic_conversion' with type 'ros.ament_python' and name 'geodetic_conversion'
[0.321s] Level 1:colcon.colcon_core.package_identification:_identify(src/common/minimal_startup) by extensions ['ignore', 'ignore_ament_install']
[0.321s] Level 1:colcon.colcon_core.package_identification:_identify(src/common/minimal_startup) by extension 'ignore'
[0.321s] Level 1:colcon.colcon_core.package_identification:_identify(src/common/minimal_startup) by extension 'ignore_ament_install'
[0.322s] Level 1:colcon.colcon_core.package_identification:_identify(src/common/minimal_startup) by extensions ['colcon_pkg']
[0.322s] Level 1:colcon.colcon_core.package_identification:_identify(src/common/minimal_startup) by extension 'colcon_pkg'
[0.322s] Level 1:colcon.colcon_core.package_identification:_identify(src/common/minimal_startup) by extensions ['colcon_meta']
[0.322s] Level 1:colcon.colcon_core.package_identification:_identify(src/common/minimal_startup) by extension 'colcon_meta'
[0.322s] Level 1:colcon.colcon_core.package_identification:_identify(src/common/minimal_startup) by extensions ['ros']
[0.322s] Level 1:colcon.colcon_core.package_identification:_identify(src/common/minimal_startup) by extension 'ros'
[0.323s] DEBUG:colcon.colcon_core.package_identification:Package 'src/common/minimal_startup' with type 'ros.ament_python' and name 'minimal_startup'
[0.323s] Level 1:colcon.colcon_core.package_identification:_identify(src/common/position_broadcaster) by extensions ['ignore', 'ignore_ament_install']
[0.323s] Level 1:colcon.colcon_core.package_identification:_identify(src/common/position_broadcaster) by extension 'ignore'
[0.323s] Level 1:colcon.colcon_core.package_identification:_identify(src/common/position_broadcaster) by extension 'ignore_ament_install'
[0.323s] Level 1:colcon.colcon_core.package_identification:_identify(src/common/position_broadcaster) by extensions ['colcon_pkg']
[0.323s] Level 1:colcon.colcon_core.package_identification:_identify(src/common/position_broadcaster) by extension 'colcon_pkg'
[0.323s] Level 1:colcon.colcon_core.package_identification:_identify(src/common/position_broadcaster) by extensions ['colcon_meta']
[0.323s] Level 1:colcon.colcon_core.package_identification:_identify(src/common/position_broadcaster) by extension 'colcon_meta'
[0.323s] Level 1:colcon.colcon_core.package_identification:_identify(src/common/position_broadcaster) by extensions ['ros']
[0.324s] Level 1:colcon.colcon_core.package_identification:_identify(src/common/position_broadcaster) by extension 'ros'
[0.324s] DEBUG:colcon.colcon_core.package_identification:Package 'src/common/position_broadcaster' with type 'ros.ament_python' and name 'position_broadcaster'
[0.324s] Level 1:colcon.colcon_core.package_identification:_identify(src/common/wpt_control_xy) by extensions ['ignore', 'ignore_ament_install']
[0.324s] Level 1:colcon.colcon_core.package_identification:_identify(src/common/wpt_control_xy) by extension 'ignore'
[0.324s] Level 1:colcon.colcon_core.package_identification:_identify(src/common/wpt_control_xy) by extension 'ignore_ament_install'
[0.325s] Level 1:colcon.colcon_core.package_identification:_identify(src/common/wpt_control_xy) by extensions ['colcon_pkg']
[0.325s] Level 1:colcon.colcon_core.package_identification:_identify(src/common/wpt_control_xy) by extension 'colcon_pkg'
[0.325s] Level 1:colcon.colcon_core.package_identification:_identify(src/common/wpt_control_xy) by extensions ['colcon_meta']
[0.325s] Level 1:colcon.colcon_core.package_identification:_identify(src/common/wpt_control_xy) by extension 'colcon_meta'
[0.325s] Level 1:colcon.colcon_core.package_identification:_identify(src/common/wpt_control_xy) by extensions ['ros']
[0.325s] Level 1:colcon.colcon_core.package_identification:_identify(src/common/wpt_control_xy) by extension 'ros'
[0.325s] DEBUG:colcon.colcon_core.package_identification:Package 'src/common/wpt_control_xy' with type 'ros.ament_python' and name 'wpt_control_xy'
[0.326s] Level 1:colcon.colcon_core.package_identification:_identify(src/estop_button) by extensions ['ignore', 'ignore_ament_install']
[0.326s] Level 1:colcon.colcon_core.package_identification:_identify(src/estop_button) by extension 'ignore'
[0.326s] Level 1:colcon.colcon_core.package_identification:_identify(src/estop_button) by extension 'ignore_ament_install'
[0.326s] Level 1:colcon.colcon_core.package_identification:_identify(src/estop_button) by extensions ['colcon_pkg']
[0.326s] Level 1:colcon.colcon_core.package_identification:_identify(src/estop_button) by extension 'colcon_pkg'
[0.326s] Level 1:colcon.colcon_core.package_identification:_identify(src/estop_button) by extensions ['colcon_meta']
[0.326s] Level 1:colcon.colcon_core.package_identification:_identify(src/estop_button) by extension 'colcon_meta'
[0.326s] Level 1:colcon.colcon_core.package_identification:_identify(src/estop_button) by extensions ['ros']
[0.326s] Level 1:colcon.colcon_core.package_identification:_identify(src/estop_button) by extension 'ros'
[0.327s] DEBUG:colcon.colcon_core.package_identification:Package 'src/estop_button' with type 'ros.ament_python' and name 'estop_button'
[0.327s] Level 1:colcon.colcon_core.package_identification:_identify(src/herding_control) by extensions ['ignore', 'ignore_ament_install']
[0.327s] Level 1:colcon.colcon_core.package_identification:_identify(src/herding_control) by extension 'ignore'
[0.327s] Level 1:colcon.colcon_core.package_identification:_identify(src/herding_control) by extension 'ignore_ament_install'
[0.327s] Level 1:colcon.colcon_core.package_identification:_identify(src/herding_control) by extensions ['colcon_pkg']
[0.327s] Level 1:colcon.colcon_core.package_identification:_identify(src/herding_control) by extension 'colcon_pkg'
[0.327s] Level 1:colcon.colcon_core.package_identification:_identify(src/herding_control) by extensions ['colcon_meta']
[0.327s] Level 1:colcon.colcon_core.package_identification:_identify(src/herding_control) by extension 'colcon_meta'
[0.327s] Level 1:colcon.colcon_core.package_identification:_identify(src/herding_control) by extensions ['ros']
[0.328s] Level 1:colcon.colcon_core.package_identification:_identify(src/herding_control) by extension 'ros'
[0.328s] DEBUG:colcon.colcon_core.package_identification:Package 'src/herding_control' with type 'ros.ament_python' and name 'herding_control'
[0.328s] Level 1:colcon.colcon_core.package_identification:_identify(src/herding_v1_package) by extensions ['ignore', 'ignore_ament_install']
[0.329s] Level 1:colcon.colcon_core.package_identification:_identify(src/herding_v1_package) by extension 'ignore'
[0.329s] Level 1:colcon.colcon_core.package_identification:_identify(src/herding_v1_package) by extension 'ignore_ament_install'
[0.329s] Level 1:colcon.colcon_core.package_identification:_identify(src/herding_v1_package) by extensions ['colcon_pkg']
[0.329s] Level 1:colcon.colcon_core.package_identification:_identify(src/herding_v1_package) by extension 'colcon_pkg'
[0.329s] Level 1:colcon.colcon_core.package_identification:_identify(src/herding_v1_package) by extensions ['colcon_meta']
[0.329s] Level 1:colcon.colcon_core.package_identification:_identify(src/herding_v1_package) by extension 'colcon_meta'
[0.329s] Level 1:colcon.colcon_core.package_identification:_identify(src/herding_v1_package) by extensions ['ros']
[0.329s] Level 1:colcon.colcon_core.package_identification:_identify(src/herding_v1_package) by extension 'ros'
[0.330s] DEBUG:colcon.colcon_core.package_identification:Package 'src/herding_v1_package' with type 'ros.ament_python' and name 'herding_v1_package'
[0.330s] Level 1:colcon.colcon_core.package_identification:_identify(src/jhyv_experiment_pkg) by extensions ['ignore', 'ignore_ament_install']
[0.330s] Level 1:colcon.colcon_core.package_identification:_identify(src/jhyv_experiment_pkg) by extension 'ignore'
[0.330s] Level 1:colcon.colcon_core.package_identification:_identify(src/jhyv_experiment_pkg) by extension 'ignore_ament_install'
[0.330s] Level 1:colcon.colcon_core.package_identification:_identify(src/jhyv_experiment_pkg) by extensions ['colcon_pkg']
[0.330s] Level 1:colcon.colcon_core.package_identification:_identify(src/jhyv_experiment_pkg) by extension 'colcon_pkg'
[0.330s] Level 1:colcon.colcon_core.package_identification:_identify(src/jhyv_experiment_pkg) by extensions ['colcon_meta']
[0.330s] Level 1:colcon.colcon_core.package_identification:_identify(src/jhyv_experiment_pkg) by extension 'colcon_meta'
[0.330s] Level 1:colcon.colcon_core.package_identification:_identify(src/jhyv_experiment_pkg) by extensions ['ros']
[0.330s] Level 1:colcon.colcon_core.package_identification:_identify(src/jhyv_experiment_pkg) by extension 'ros'
[0.331s] DEBUG:colcon.colcon_core.package_identification:Package 'src/jhyv_experiment_pkg' with type 'ros.ament_python' and name 'jhyv_experiment_pkg'
[0.331s] Level 1:colcon.colcon_core.package_identification:_identify(src/matplotlib_sim) by extensions ['ignore', 'ignore_ament_install']
[0.331s] Level 1:colcon.colcon_core.package_identification:_identify(src/matplotlib_sim) by extension 'ignore'
[0.331s] Level 1:colcon.colcon_core.package_identification:_identify(src/matplotlib_sim) by extension 'ignore_ament_install'
[0.331s] Level 1:colcon.colcon_core.package_identification:_identify(src/matplotlib_sim) by extensions ['colcon_pkg']
[0.331s] Level 1:colcon.colcon_core.package_identification:_identify(src/matplotlib_sim) by extension 'colcon_pkg'
[0.332s] Level 1:colcon.colcon_core.package_identification:_identify(src/matplotlib_sim) by extensions ['colcon_meta']
[0.332s] Level 1:colcon.colcon_core.package_identification:_identify(src/matplotlib_sim) by extension 'colcon_meta'
[0.332s] Level 1:colcon.colcon_core.package_identification:_identify(src/matplotlib_sim) by extensions ['ros']
[0.332s] Level 1:colcon.colcon_core.package_identification:_identify(src/matplotlib_sim) by extension 'ros'
[0.332s] DEBUG:colcon.colcon_core.package_identification:Package 'src/matplotlib_sim' with type 'ros.ament_python' and name 'matplotlib_sim'
[0.332s] Level 1:colcon.colcon_core.package_identification:_identify(src/single_integrator_agent) by extensions ['ignore', 'ignore_ament_install']
[0.333s] Level 1:colcon.colcon_core.package_identification:_identify(src/single_integrator_agent) by extension 'ignore'
[0.333s] Level 1:colcon.colcon_core.package_identification:_identify(src/single_integrator_agent) by extension 'ignore_ament_install'
[0.333s] Level 1:colcon.colcon_core.package_identification:_identify(src/single_integrator_agent) by extensions ['colcon_pkg']
[0.333s] Level 1:colcon.colcon_core.package_identification:_identify(src/single_integrator_agent) by extension 'colcon_pkg'
[0.333s] Level 1:colcon.colcon_core.package_identification:_identify(src/single_integrator_agent) by extensions ['colcon_meta']
[0.333s] Level 1:colcon.colcon_core.package_identification:_identify(src/single_integrator_agent) by extension 'colcon_meta'
[0.333s] Level 1:colcon.colcon_core.package_identification:_identify(src/single_integrator_agent) by extensions ['ros']
[0.333s] Level 1:colcon.colcon_core.package_identification:_identify(src/single_integrator_agent) by extension 'ros'
[0.334s] DEBUG:colcon.colcon_core.package_identification:Package 'src/single_integrator_agent' with type 'ros.ament_python' and name 'single_integrator_agent'
[0.334s] Level 1:colcon.colcon_core.package_identification:_identify(src/test_herding_pkg) by extensions ['ignore', 'ignore_ament_install']
[0.334s] Level 1:colcon.colcon_core.package_identification:_identify(src/test_herding_pkg) by extension 'ignore'
[0.334s] Level 1:colcon.colcon_core.package_identification:_identify(src/test_herding_pkg) by extension 'ignore_ament_install'
[0.334s] Level 1:colcon.colcon_core.package_identification:_identify(src/test_herding_pkg) by extensions ['colcon_pkg']
[0.334s] Level 1:colcon.colcon_core.package_identification:_identify(src/test_herding_pkg) by extension 'colcon_pkg'
[0.334s] Level 1:colcon.colcon_core.package_identification:_identify(src/test_herding_pkg) by extensions ['colcon_meta']
[0.334s] Level 1:colcon.colcon_core.package_identification:_identify(src/test_herding_pkg) by extension 'colcon_meta'
[0.334s] Level 1:colcon.colcon_core.package_identification:_identify(src/test_herding_pkg) by extensions ['ros']
[0.334s] Level 1:colcon.colcon_core.package_identification:_identify(src/test_herding_pkg) by extension 'ros'
[0.335s] DEBUG:colcon.colcon_core.package_identification:Package 'src/test_herding_pkg' with type 'ros.ament_python' and name 'test_herding_pkg'
[0.335s] Level 1:colcon.colcon_core.package_identification:_identify(src/uf_interfaces) by extensions ['ignore', 'ignore_ament_install']
[0.335s] Level 1:colcon.colcon_core.package_identification:_identify(src/uf_interfaces) by extension 'ignore'
[0.335s] Level 1:colcon.colcon_core.package_identification:_identify(src/uf_interfaces) by extension 'ignore_ament_install'
[0.335s] Level 1:colcon.colcon_core.package_identification:_identify(src/uf_interfaces) by extensions ['colcon_pkg']
[0.335s] Level 1:colcon.colcon_core.package_identification:_identify(src/uf_interfaces) by extension 'colcon_pkg'
[0.335s] Level 1:colcon.colcon_core.package_identification:_identify(src/uf_interfaces) by extensions ['colcon_meta']
[0.335s] Level 1:colcon.colcon_core.package_identification:_identify(src/uf_interfaces) by extension 'colcon_meta'
[0.336s] Level 1:colcon.colcon_core.package_identification:_identify(src/uf_interfaces) by extensions ['ros']
[0.336s] Level 1:colcon.colcon_core.package_identification:_identify(src/uf_interfaces) by extension 'ros'
[0.336s] DEBUG:colcon.colcon_core.package_identification:Package 'src/uf_interfaces' with type 'ros.ament_cmake' and name 'uf_interfaces'
[0.336s] Level 1:colcon.colcon_core.package_identification:_identify(src/vehicle_position_checker) by extensions ['ignore', 'ignore_ament_install']
[0.337s] Level 1:colcon.colcon_core.package_identification:_identify(src/vehicle_position_checker) by extension 'ignore'
[0.337s] Level 1:colcon.colcon_core.package_identification:_identify(src/vehicle_position_checker) by extension 'ignore_ament_install'
[0.337s] Level 1:colcon.colcon_core.package_identification:_identify(src/vehicle_position_checker) by extensions ['colcon_pkg']
[0.337s] Level 1:colcon.colcon_core.package_identification:_identify(src/vehicle_position_checker) by extension 'colcon_pkg'
[0.337s] Level 1:colcon.colcon_core.package_identification:_identify(src/vehicle_position_checker) by extensions ['colcon_meta']
[0.337s] Level 1:colcon.colcon_core.package_identification:_identify(src/vehicle_position_checker) by extension 'colcon_meta'
[0.337s] Level 1:colcon.colcon_core.package_identification:_identify(src/vehicle_position_checker) by extensions ['ros']
[0.337s] Level 1:colcon.colcon_core.package_identification:_identify(src/vehicle_position_checker) by extension 'ros'
[0.338s] DEBUG:colcon.colcon_core.package_identification:Package 'src/vehicle_position_checker' with type 'ros.ament_python' and name 'vehicle_position_checker'
[0.338s] Level 1:colcon.colcon_core.package_identification:_identify(src/wind_speed_package) by extensions ['ignore', 'ignore_ament_install']
[0.338s] Level 1:colcon.colcon_core.package_identification:_identify(src/wind_speed_package) by extension 'ignore'
[0.338s] Level 1:colcon.colcon_core.package_identification:_identify(src/wind_speed_package) by extension 'ignore_ament_install'
[0.338s] Level 1:colcon.colcon_core.package_identification:_identify(src/wind_speed_package) by extensions ['colcon_pkg']
[0.338s] Level 1:colcon.colcon_core.package_identification:_identify(src/wind_speed_package) by extension 'colcon_pkg'
[0.338s] Level 1:colcon.colcon_core.package_identification:_identify(src/wind_speed_package) by extensions ['colcon_meta']
[0.338s] Level 1:colcon.colcon_core.package_identification:_identify(src/wind_speed_package) by extension 'colcon_meta'
[0.338s] Level 1:colcon.colcon_core.package_identification:_identify(src/wind_speed_package) by extensions ['ros']
[0.338s] Level 1:colcon.colcon_core.package_identification:_identify(src/wind_speed_package) by extension 'ros'
[0.339s] DEBUG:colcon.colcon_core.package_identification:Package 'src/wind_speed_package' with type 'ros.ament_python' and name 'wind_speed_package'
[0.339s] Level 1:colcon.colcon_core.package_discovery:discover_packages(recursive) using defaults
[0.339s] Level 1:colcon.colcon_core.package_discovery:discover_packages(ignore) discover
[0.339s] Level 1:colcon.colcon_core.package_discovery:discover_packages(ignore) using defaults
[0.339s] Level 1:colcon.colcon_core.package_discovery:discover_packages(path) discover
[0.339s] Level 1:colcon.colcon_core.package_discovery:discover_packages(path) using defaults
[0.370s] INFO:colcon.colcon_core.package_selection:Skipping not selected package 'autonomy_park_viz' in 'src/autonomy-park-air-team-autonomy_park_viz'
[0.370s] INFO:colcon.colcon_core.package_selection:Skipping not selected package 'emlid_interface' in 'src/common/emlid_interface'
[0.370s] INFO:colcon.colcon_core.package_selection:Skipping not selected package 'estop_button' in 'src/estop_button'
[0.370s] INFO:colcon.colcon_core.package_selection:Skipping not selected package 'geodetic_conversion' in 'src/common/geodetic_conversion'
[0.370s] INFO:colcon.colcon_core.package_selection:Skipping not selected package 'herding_control' in 'src/herding_control'
[0.370s] INFO:colcon.colcon_core.package_selection:Skipping not selected package 'herding_v1_package' in 'src/herding_v1_package'
[0.370s] INFO:colcon.colcon_core.package_selection:Skipping not selected package 'jhyv_experiment_pkg' in 'src/jhyv_experiment_pkg'
[0.370s] INFO:colcon.colcon_core.package_selection:Skipping not selected package 'minimal_startup' in 'src/common/minimal_startup'
[0.370s] INFO:colcon.colcon_core.package_selection:Skipping not selected package 'multi_agent_tracking_pkg' in 'multi_agent_tracking_pkg'
[0.370s] INFO:colcon.colcon_core.package_selection:Skipping not selected package 'position_broadcaster' in 'src/common/position_broadcaster'
[0.370s] INFO:colcon.colcon_core.package_selection:Skipping not selected package 'single_integrator_agent' in 'src/single_integrator_agent'
[0.370s] INFO:colcon.colcon_core.package_selection:Skipping not selected package 'test_herding_pkg' in 'src/test_herding_pkg'
[0.370s] INFO:colcon.colcon_core.package_selection:Skipping not selected package 'uf_interfaces' in 'src/uf_interfaces'
[0.370s] INFO:colcon.colcon_core.package_selection:Skipping not selected package 'vehicle_position_checker' in 'src/vehicle_position_checker'
[0.370s] INFO:colcon.colcon_core.package_selection:Skipping not selected package 'wind_speed_package' in 'src/wind_speed_package'
[0.370s] INFO:colcon.colcon_core.package_selection:Skipping not selected package 'wpt_control_xy' in 'src/common/wpt_control_xy'
[0.371s] Level 1:colcon.colcon_core.package_discovery:discover_packages(prefix_path) check parameters
[0.371s] Level 1:colcon.colcon_core.package_discovery:discover_packages(prefix_path) discover
[0.373s] DEBUG:colcon.colcon_installed_package_information.package_discovery:Found 17 installed packages in /home/wyatt/ros2_ws/install
[0.375s] DEBUG:colcon.colcon_installed_package_information.package_discovery:Found 310 installed packages in /opt/ros/humble
[0.376s] Level 1:colcon.colcon_core.package_discovery:discover_packages(prefix_path) using defaults
[0.414s] Level 5:colcon.colcon_core.verb:set package 'matplotlib_sim' build argument 'cmake_args' from command line to 'None'
[0.414s] Level 5:colcon.colcon_core.verb:set package 'matplotlib_sim' build argument 'cmake_target' from command line to 'None'
[0.414s] Level 5:colcon.colcon_core.verb:set package 'matplotlib_sim' build argument 'cmake_target_skip_unavailable' from command line to 'False'
[0.414s] Level 5:colcon.colcon_core.verb:set package 'matplotlib_sim' build argument 'cmake_clean_cache' from command line to 'False'
[0.415s] Level 5:colcon.colcon_core.verb:set package 'matplotlib_sim' build argument 'cmake_clean_first' from command line to 'False'
[0.415s] Level 5:colcon.colcon_core.verb:set package 'matplotlib_sim' build argument 'cmake_force_configure' from command line to 'False'
[0.415s] Level 5:colcon.colcon_core.verb:set package 'matplotlib_sim' build argument 'ament_cmake_args' from command line to 'None'
[0.415s] Level 5:colcon.colcon_core.verb:set package 'matplotlib_sim' build argument 'catkin_cmake_args' from command line to 'None'
[0.415s] Level 5:colcon.colcon_core.verb:set package 'matplotlib_sim' build argument 'catkin_skip_building_tests' from command line to 'False'
[0.415s] DEBUG:colcon.colcon_core.verb:Building package 'matplotlib_sim' with the following arguments: {'ament_cmake_args': None, 'build_base': '/home/wyatt/ros2_ws/build/matplotlib_sim', 'catkin_cmake_args': None, 'catkin_skip_building_tests': False, 'cmake_args': None, 'cmake_clean_cache': False, 'cmake_clean_first': False, 'cmake_force_configure': False, 'cmake_target': None, 'cmake_target_skip_unavailable': False, 'install_base': '/home/wyatt/ros2_ws/install/matplotlib_sim', 'merge_install': False, 'path': '/home/wyatt/ros2_ws/src/matplotlib_sim', 'symlink_install': False, 'test_result_base': None}
[0.415s] INFO:colcon.colcon_core.executor:Executing jobs using 'parallel' executor
[0.416s] DEBUG:colcon.colcon_parallel_executor.executor.parallel:run_until_complete
[0.416s] INFO:colcon.colcon_ros.task.ament_python.build:Building ROS package in '/home/wyatt/ros2_ws/src/matplotlib_sim' with build type 'ament_python'
[0.416s] Level 1:colcon.colcon_core.shell:create_environment_hook('matplotlib_sim', 'ament_prefix_path')
[0.419s] INFO:colcon.colcon_core.plugin_system:Skipping extension 'colcon_core.shell.bat': Not used on non-Windows systems
[0.419s] INFO:colcon.colcon_core.shell:Creating environment hook '/home/wyatt/ros2_ws/install/matplotlib_sim/share/matplotlib_sim/hook/ament_prefix_path.ps1'
[0.420s] INFO:colcon.colcon_core.shell:Creating environment descriptor '/home/wyatt/ros2_ws/install/matplotlib_sim/share/matplotlib_sim/hook/ament_prefix_path.dsv'
[0.420s] INFO:colcon.colcon_core.shell:Creating environment hook '/home/wyatt/ros2_ws/install/matplotlib_sim/share/matplotlib_sim/hook/ament_prefix_path.sh'
[0.421s] INFO:colcon.colcon_core.shell:Skip shell extension 'powershell' for command environment: Not usable outside of PowerShell
[0.421s] DEBUG:colcon.colcon_core.shell:Skip shell extension 'dsv' for command environment
[0.705s] INFO:colcon.colcon_core.task.python.build:Building Python package in '/home/wyatt/ros2_ws/src/matplotlib_sim'
[0.705s] INFO:colcon.colcon_core.shell:Skip shell extension 'powershell' for command environment: Not usable outside of PowerShell
[0.705s] DEBUG:colcon.colcon_core.shell:Skip shell extension 'dsv' for command environment
[1.067s] DEBUG:colcon.colcon_core.event_handler.log_command:Invoking command in '/home/wyatt/ros2_ws/src/matplotlib_sim': PYTHONPATH=/home/wyatt/ros2_ws/build/matplotlib_sim/prefix_override:/usr/lib/python3/dist-packages/colcon_core/task/python/colcon_distutils_commands:/home/wyatt/ros2_ws/install/matplotlib_sim/lib/python3.10/site-packages:${PYTHONPATH} /usr/bin/python3 -W ignore:setup.py install is deprecated -W ignore:easy_install command is deprecated setup.py egg_info --egg-base ../../build/matplotlib_sim build --build-base /home/wyatt/ros2_ws/build/matplotlib_sim/build install --record /home/wyatt/ros2_ws/build/matplotlib_sim/install.log --single-version-externally-managed install_data
[1.383s] DEBUG:colcon.colcon_core.event_handler.log_command:Invoked command in '/home/wyatt/ros2_ws/src/matplotlib_sim' returned '0': PYTHONPATH=/home/wyatt/ros2_ws/build/matplotlib_sim/prefix_override:/usr/lib/python3/dist-packages/colcon_core/task/python/colcon_distutils_commands:/home/wyatt/ros2_ws/install/matplotlib_sim/lib/python3.10/site-packages:${PYTHONPATH} /usr/bin/python3 -W ignore:setup.py install is deprecated -W ignore:easy_install command is deprecated setup.py egg_info --egg-base ../../build/matplotlib_sim build --build-base /home/wyatt/ros2_ws/build/matplotlib_sim/build install --record /home/wyatt/ros2_ws/build/matplotlib_sim/install.log --single-version-externally-managed install_data
[1.385s] Level 1:colcon.colcon_core.environment:checking '/home/wyatt/ros2_ws/install/matplotlib_sim' for CMake module files
[1.386s] Level 1:colcon.colcon_core.environment:checking '/home/wyatt/ros2_ws/install/matplotlib_sim' for CMake config files
[1.386s] Level 1:colcon.colcon_core.environment:checking '/home/wyatt/ros2_ws/install/matplotlib_sim/lib'
[1.387s] Level 1:colcon.colcon_core.environment:checking '/home/wyatt/ros2_ws/install/matplotlib_sim/bin'
[1.387s] Level 1:colcon.colcon_core.environment:checking '/home/wyatt/ros2_ws/install/matplotlib_sim/lib/pkgconfig/matplotlib_sim.pc'
[1.387s] Level 1:colcon.colcon_core.environment:checking '/home/wyatt/ros2_ws/install/matplotlib_sim/lib/python3.10/site-packages'
[1.387s] Level 1:colcon.colcon_core.shell:create_environment_hook('matplotlib_sim', 'pythonpath')
[1.387s] INFO:colcon.colcon_core.shell:Creating environment hook '/home/wyatt/ros2_ws/install/matplotlib_sim/share/matplotlib_sim/hook/pythonpath.ps1'
[1.388s] INFO:colcon.colcon_core.shell:Creating environment descriptor '/home/wyatt/ros2_ws/install/matplotlib_sim/share/matplotlib_sim/hook/pythonpath.dsv'
[1.388s] INFO:colcon.colcon_core.shell:Creating environment hook '/home/wyatt/ros2_ws/install/matplotlib_sim/share/matplotlib_sim/hook/pythonpath.sh'
[1.388s] Level 1:colcon.colcon_core.environment:checking '/home/wyatt/ros2_ws/install/matplotlib_sim/bin'
[1.388s] Level 1:colcon.colcon_core.environment:create_environment_scripts_only(matplotlib_sim)
[1.389s] INFO:colcon.colcon_core.shell:Creating package script '/home/wyatt/ros2_ws/install/matplotlib_sim/share/matplotlib_sim/package.ps1'
[1.390s] INFO:colcon.colcon_core.shell:Creating package descriptor '/home/wyatt/ros2_ws/install/matplotlib_sim/share/matplotlib_sim/package.dsv'
[1.390s] INFO:colcon.colcon_core.shell:Creating package script '/home/wyatt/ros2_ws/install/matplotlib_sim/share/matplotlib_sim/package.sh'
[1.391s] INFO:colcon.colcon_core.shell:Creating package script '/home/wyatt/ros2_ws/install/matplotlib_sim/share/matplotlib_sim/package.bash'
[1.391s] INFO:colcon.colcon_core.shell:Creating package script '/home/wyatt/ros2_ws/install/matplotlib_sim/share/matplotlib_sim/package.zsh'
[1.392s] Level 1:colcon.colcon_core.environment:create_file_with_runtime_dependencies(/home/wyatt/ros2_ws/install/matplotlib_sim/share/colcon-core/packages/matplotlib_sim)
[1.392s] DEBUG:colcon.colcon_parallel_executor.executor.parallel:closing loop
[1.393s] DEBUG:colcon.colcon_parallel_executor.executor.parallel:loop closed
[1.393s] DEBUG:colcon.colcon_parallel_executor.executor.parallel:run_until_complete finished with '0'
[1.393s] DEBUG:colcon.colcon_core.event_reactor:joining thread
[1.399s] INFO:colcon.colcon_core.plugin_system:Skipping extension 'colcon_notification.desktop_notification.terminal_notifier': Not used on non-Darwin systems
[1.399s] INFO:colcon.colcon_core.plugin_system:Skipping extension 'colcon_notification.desktop_notification.win32': Not used on non-Windows systems
[1.400s] INFO:colcon.colcon_notification.desktop_notification:Sending desktop notification using 'notify2'
[1.410s] DEBUG:colcon.colcon_core.event_reactor:joined thread
[1.410s] INFO:colcon.colcon_core.shell:Creating prefix script '/home/wyatt/ros2_ws/install/local_setup.ps1'
[1.411s] INFO:colcon.colcon_core.shell:Creating prefix util module '/home/wyatt/ros2_ws/install/_local_setup_util_ps1.py'
[1.412s] INFO:colcon.colcon_core.shell:Creating prefix chain script '/home/wyatt/ros2_ws/install/setup.ps1'
[1.414s] INFO:colcon.colcon_core.shell:Creating prefix script '/home/wyatt/ros2_ws/install/local_setup.sh'
[1.414s] INFO:colcon.colcon_core.shell:Creating prefix util module '/home/wyatt/ros2_ws/install/_local_setup_util_sh.py'
[1.415s] INFO:colcon.colcon_core.shell:Creating prefix chain script '/home/wyatt/ros2_ws/install/setup.sh'
[1.416s] INFO:colcon.colcon_core.shell:Creating prefix script '/home/wyatt/ros2_ws/install/local_setup.bash'
[1.417s] INFO:colcon.colcon_core.shell:Creating prefix chain script '/home/wyatt/ros2_ws/install/setup.bash'
[1.418s] INFO:colcon.colcon_core.shell:Creating prefix script '/home/wyatt/ros2_ws/install/local_setup.zsh'
[1.419s] INFO:colcon.colcon_core.shell:Creating prefix chain script '/home/wyatt/ros2_ws/install/setup.zsh'
