[2.058s] Invoking command in '/home/wyatt/git_ros2/ros2_ws/src/vehicle_position_checker': PYTHONPATH=/home/wyatt/git_ros2/ros2_ws/build/vehicle_position_checker/prefix_override:/home/wyatt/git_ros2/ros2_ws/install/vehicle_position_checker/lib/python3.10/site-packages:${PYTHONPATH} /usr/bin/python3 setup.py egg_info --egg-base ../../build/vehicle_position_checker build --build-base /home/wyatt/git_ros2/ros2_ws/build/vehicle_position_checker/build install --record /home/wyatt/git_ros2/ros2_ws/build/vehicle_position_checker/install.log --single-version-externally-managed
[2.329s] running egg_info
[2.330s] writing ../../build/vehicle_position_checker/vehicle_position_checker.egg-info/PKG-INFO
[2.330s] writing dependency_links to ../../build/vehicle_position_checker/vehicle_position_checker.egg-info/dependency_links.txt
[2.330s] writing entry points to ../../build/vehicle_position_checker/vehicle_position_checker.egg-info/entry_points.txt
[2.330s] writing requirements to ../../build/vehicle_position_checker/vehicle_position_checker.egg-info/requires.txt
[2.331s] writing top-level names to ../../build/vehicle_position_checker/vehicle_position_checker.egg-info/top_level.txt
[2.332s] reading manifest file '../../build/vehicle_position_checker/vehicle_position_checker.egg-info/SOURCES.txt'
[2.334s] writing manifest file '../../build/vehicle_position_checker/vehicle_position_checker.egg-info/SOURCES.txt'
[2.334s] running build
[2.334s] running build_py
[2.334s] running install
[2.335s] /usr/lib/python3/dist-packages/setuptools/command/install.py:34: SetuptoolsDeprecationWarning: setup.py install is deprecated. Use build and pip and other standards-based tools.
[2.335s]   warnings.warn(
[2.337s] running install_lib
[2.337s] running install_data
[2.338s] running install_egg_info
[2.338s] removing '/home/wyatt/git_ros2/ros2_ws/install/vehicle_position_checker/lib/python3.10/site-packages/vehicle_position_checker-0.0.0-py3.10.egg-info' (and everything under it)
[2.338s] Copying ../../build/vehicle_position_checker/vehicle_position_checker.egg-info to /home/wyatt/git_ros2/ros2_ws/install/vehicle_position_checker/lib/python3.10/site-packages/vehicle_position_checker-0.0.0-py3.10.egg-info
[2.338s] running install_scripts
[2.362s] Installing vehicle_positon_checker_node script to /home/wyatt/git_ros2/ros2_ws/install/vehicle_position_checker/lib/vehicle_position_checker
[2.363s] writing list of installed files to '/home/wyatt/git_ros2/ros2_ws/build/vehicle_position_checker/install.log'
[2.547s] Invoked command in '/home/wyatt/git_ros2/ros2_ws/src/vehicle_position_checker' returned '0': PYTHONPATH=/home/wyatt/git_ros2/ros2_ws/build/vehicle_position_checker/prefix_override:/home/wyatt/git_ros2/ros2_ws/install/vehicle_position_checker/lib/python3.10/site-packages:${PYTHONPATH} /usr/bin/python3 setup.py egg_info --egg-base ../../build/vehicle_position_checker build --build-base /home/wyatt/git_ros2/ros2_ws/build/vehicle_position_checker/build install --record /home/wyatt/git_ros2/ros2_ws/build/vehicle_position_checker/install.log --single-version-externally-managed
