[1.447s] Invoking command in '/home/wyatt/ros2_ws/src/common/emlid_interface': PYTHONPATH=/home/wyatt/ros2_ws/build/emlid_interface/prefix_override:/usr/lib/python3/dist-packages/colcon_core/task/python/colcon_distutils_commands:/home/wyatt/ros2_ws/install/emlid_interface/lib/python3.10/site-packages:${PYTHONPATH} /usr/bin/python3 -W ignore:setup.py install is deprecated -W ignore:easy_install command is deprecated setup.py egg_info --egg-base ../../../build/emlid_interface build --build-base /home/wyatt/ros2_ws/build/emlid_interface/build install --record /home/wyatt/ros2_ws/build/emlid_interface/install.log --single-version-externally-managed install_data
[1.917s] running egg_info
[1.920s] writing ../../../build/emlid_interface/emlid_interface.egg-info/PKG-INFO
[1.922s] writing dependency_links to ../../../build/emlid_interface/emlid_interface.egg-info/dependency_links.txt
[1.922s] writing entry points to ../../../build/emlid_interface/emlid_interface.egg-info/entry_points.txt
[1.923s] writing requirements to ../../../build/emlid_interface/emlid_interface.egg-info/requires.txt
[1.924s] writing top-level names to ../../../build/emlid_interface/emlid_interface.egg-info/top_level.txt
[1.930s] reading manifest file '../../../build/emlid_interface/emlid_interface.egg-info/SOURCES.txt'
[1.932s] writing manifest file '../../../build/emlid_interface/emlid_interface.egg-info/SOURCES.txt'
[1.937s] running build
[1.938s] running build_py
[1.939s] running install
[1.939s] running install_lib
[1.940s] running install_data
[1.941s] running install_egg_info
[1.943s] removing '/home/wyatt/ros2_ws/install/emlid_interface/lib/python3.10/site-packages/emlid_interface-0.0.0-py3.10.egg-info' (and everything under it)
[1.943s] Copying ../../../build/emlid_interface/emlid_interface.egg-info to /home/wyatt/ros2_ws/install/emlid_interface/lib/python3.10/site-packages/emlid_interface-0.0.0-py3.10.egg-info
[1.944s] running install_scripts
[1.983s] Installing emlid_interface_node script to /home/wyatt/ros2_ws/install/emlid_interface/lib/emlid_interface
[1.984s] writing list of installed files to '/home/wyatt/ros2_ws/build/emlid_interface/install.log'
[2.031s] Invoked command in '/home/wyatt/ros2_ws/src/common/emlid_interface' returned '0': PYTHONPATH=/home/wyatt/ros2_ws/build/emlid_interface/prefix_override:/usr/lib/python3/dist-packages/colcon_core/task/python/colcon_distutils_commands:/home/wyatt/ros2_ws/install/emlid_interface/lib/python3.10/site-packages:${PYTHONPATH} /usr/bin/python3 -W ignore:setup.py install is deprecated -W ignore:easy_install command is deprecated setup.py egg_info --egg-base ../../../build/emlid_interface build --build-base /home/wyatt/ros2_ws/build/emlid_interface/build install --record /home/wyatt/ros2_ws/build/emlid_interface/install.log --single-version-externally-managed install_data
