running egg_info
creating ../../build/matplotlib_sim/matplotlib_sim.egg-info
writing ../../build/matplotlib_sim/matplotlib_sim.egg-info/PKG-INFO
writing dependency_links to ../../build/matplotlib_sim/matplotlib_sim.egg-info/dependency_links.txt
writing entry points to ../../build/matplotlib_sim/matplotlib_sim.egg-info/entry_points.txt
writing requirements to ../../build/matplotlib_sim/matplotlib_sim.egg-info/requires.txt
writing top-level names to ../../build/matplotlib_sim/matplotlib_sim.egg-info/top_level.txt
writing manifest file '../../build/matplotlib_sim/matplotlib_sim.egg-info/SOURCES.txt'
reading manifest file '../../build/matplotlib_sim/matplotlib_sim.egg-info/SOURCES.txt'
writing manifest file '../../build/matplotlib_sim/matplotlib_sim.egg-info/SOURCES.txt'
running build
running build_py
creating /home/wyatt/Documents/GitHub/ros2_ws/build/matplotlib_sim/build
creating /home/wyatt/Documents/GitHub/ros2_ws/build/matplotlib_sim/build/lib
creating /home/wyatt/Documents/GitHub/ros2_ws/build/matplotlib_sim/build/lib/matplotlib_sim
copying matplotlib_sim/__init__.py -> /home/wyatt/Documents/GitHub/ros2_ws/build/matplotlib_sim/build/lib/matplotlib_sim
copying matplotlib_sim/matplotlib_sim_node.py -> /home/wyatt/Documents/GitHub/ros2_ws/build/matplotlib_sim/build/lib/matplotlib_sim
running install
running install_lib
creating /home/wyatt/Documents/GitHub/ros2_ws/install/matplotlib_sim/lib/python3.12/site-packages/matplotlib_sim
copying /home/wyatt/Documents/GitHub/ros2_ws/build/matplotlib_sim/build/lib/matplotlib_sim/__init__.py -> /home/wyatt/Documents/GitHub/ros2_ws/install/matplotlib_sim/lib/python3.12/site-packages/matplotlib_sim
copying /home/wyatt/Documents/GitHub/ros2_ws/build/matplotlib_sim/build/lib/matplotlib_sim/matplotlib_sim_node.py -> /home/wyatt/Documents/GitHub/ros2_ws/install/matplotlib_sim/lib/python3.12/site-packages/matplotlib_sim
byte-compiling /home/wyatt/Documents/GitHub/ros2_ws/install/matplotlib_sim/lib/python3.12/site-packages/matplotlib_sim/__init__.py to __init__.cpython-312.pyc
byte-compiling /home/wyatt/Documents/GitHub/ros2_ws/install/matplotlib_sim/lib/python3.12/site-packages/matplotlib_sim/matplotlib_sim_node.py to matplotlib_sim_node.cpython-312.pyc
running install_data
creating /home/wyatt/Documents/GitHub/ros2_ws/install/matplotlib_sim/share/ament_index
creating /home/wyatt/Documents/GitHub/ros2_ws/install/matplotlib_sim/share/ament_index/resource_index
creating /home/wyatt/Documents/GitHub/ros2_ws/install/matplotlib_sim/share/ament_index/resource_index/packages
copying resource/matplotlib_sim -> /home/wyatt/Documents/GitHub/ros2_ws/install/matplotlib_sim/share/ament_index/resource_index/packages
copying package.xml -> /home/wyatt/Documents/GitHub/ros2_ws/install/matplotlib_sim/share/matplotlib_sim
creating /home/wyatt/Documents/GitHub/ros2_ws/install/matplotlib_sim/share/matplotlib_sim/launch
copying launch/matplotlib_demo_launch.py -> /home/wyatt/Documents/GitHub/ros2_ws/install/matplotlib_sim/share/matplotlib_sim/launch
copying launch/matplotlib_herding_launch.py -> /home/wyatt/Documents/GitHub/ros2_ws/install/matplotlib_sim/share/matplotlib_sim/launch
copying launch/matplotlib_sim_launch.py -> /home/wyatt/Documents/GitHub/ros2_ws/install/matplotlib_sim/share/matplotlib_sim/launch
copying launch/matplotlib_static_launch.py -> /home/wyatt/Documents/GitHub/ros2_ws/install/matplotlib_sim/share/matplotlib_sim/launch
running install_egg_info
Copying ../../build/matplotlib_sim/matplotlib_sim.egg-info to /home/wyatt/Documents/GitHub/ros2_ws/install/matplotlib_sim/lib/python3.12/site-packages/matplotlib_sim-0.0.0-py3.12.egg-info
running install_scripts
Installing matplotlib_sim_node script to /home/wyatt/Documents/GitHub/ros2_ws/install/matplotlib_sim/lib/matplotlib_sim
writing list of installed files to '/home/wyatt/Documents/GitHub/ros2_ws/build/matplotlib_sim/install.log'
