[1.586s] Invoking command in '/home/wyatt/git_ros2/ros2_ws/build/uf_interfaces': CMAKE_PREFIX_PATH=/opt/ros/humble /usr/bin/cmake /home/wyatt/git_ros2/ros2_ws/src/uf_interfaces -DCMAKE_INSTALL_PREFIX=/home/wyatt/git_ros2/ros2_ws/install/uf_interfaces
[1.831s] -- The C compiler identification is GNU 11.4.0
[1.996s] -- The CXX compiler identification is GNU 11.4.0
[2.027s] -- Detecting C compiler ABI info
[2.141s] -- Detecting C compiler ABI info - done
[2.151s] -- Check for working C compiler: /usr/bin/cc - skipped
[2.154s] -- Detecting C compile features
[2.155s] -- Detecting C compile features - done
[2.163s] -- Detecting CXX compiler ABI info
[2.370s] -- Detecting CXX compiler ABI info - done
[2.391s] -- Check for working CXX compiler: /usr/bin/c++ - skipped
[2.391s] -- Detecting CXX compile features
[2.391s] -- Detecting CXX compile features - done
[2.410s] -- Found ament_cmake: 1.3.8 (/opt/ros/humble/share/ament_cmake/cmake)
[2.626s] -- Found Python3: /usr/bin/python3 (found version "3.10.12") found components: Interpreter 
[2.754s] -- Found std_msgs: 4.2.3 (/opt/ros/humble/share/std_msgs/cmake)
[2.832s] -- Found rosidl_generator_c: 3.1.5 (/opt/ros/humble/share/rosidl_generator_c/cmake)
[2.845s] -- Found rosidl_adapter: 3.1.5 (/opt/ros/humble/share/rosidl_adapter/cmake)
[2.864s] -- Found rosidl_generator_cpp: 3.1.5 (/opt/ros/humble/share/rosidl_generator_cpp/cmake)
[2.889s] -- Using all available rosidl_typesupport_c: rosidl_typesupport_fastrtps_c;rosidl_typesupport_introspection_c
[2.921s] -- Using all available rosidl_typesupport_cpp: rosidl_typesupport_fastrtps_cpp;rosidl_typesupport_introspection_cpp
[2.990s] -- Found rosidl_default_generators: 1.2.0 (/opt/ros/humble/share/rosidl_default_generators/cmake)
[3.434s] -- Found ament_cmake_ros: 0.10.0 (/opt/ros/humble/share/ament_cmake_ros/cmake)
[3.834s] -- Using all available rosidl_typesupport_c: rosidl_typesupport_fastrtps_c;rosidl_typesupport_introspection_c
[3.959s] -- Using all available rosidl_typesupport_cpp: rosidl_typesupport_fastrtps_cpp;rosidl_typesupport_introspection_cpp
[3.979s] -- Found PythonInterp: /usr/bin/python3 (found suitable version "3.10.12", minimum required is "3.6") 
[3.981s] -- Found python_cmake_module: 0.10.0 (/opt/ros/humble/share/python_cmake_module/cmake)
[4.005s] -- Found PythonLibs: /usr/lib/x86_64-linux-gnu/libpython3.10.so (found suitable version "3.10.12", minimum required is "3.5") 
[4.005s] -- Using PYTHON_EXECUTABLE: /usr/bin/python3
[4.005s] -- Using PYTHON_INCLUDE_DIRS: /usr/include/python3.10
[4.006s] -- Using PYTHON_LIBRARIES: /usr/lib/x86_64-linux-gnu/libpython3.10.so
[4.029s] -- Found PythonExtra: .so  
[4.074s] -- Found ament_lint_auto: 0.12.10 (/opt/ros/humble/share/ament_lint_auto/cmake)
[4.111s] -- Added test 'copyright' to check source files copyright and LICENSE
[4.114s] -- Added test 'lint_cmake' to check CMake code style
[4.119s] -- Added test 'xmllint' to check XML markup files
[4.125s] -- Configuring done
[4.177s] -- Generating done
[4.179s] -- Build files have been written to: /home/wyatt/git_ros2/ros2_ws/build/uf_interfaces
[4.187s] Invoked command in '/home/wyatt/git_ros2/ros2_ws/build/uf_interfaces' returned '0': CMAKE_PREFIX_PATH=/opt/ros/humble /usr/bin/cmake /home/wyatt/git_ros2/ros2_ws/src/uf_interfaces -DCMAKE_INSTALL_PREFIX=/home/wyatt/git_ros2/ros2_ws/install/uf_interfaces
[4.189s] Invoking command in '/home/wyatt/git_ros2/ros2_ws/build/uf_interfaces': CMAKE_PREFIX_PATH=/opt/ros/humble /usr/bin/cmake --build /home/wyatt/git_ros2/ros2_ws/build/uf_interfaces -- -j8 -l8
[4.243s] [  1%] [34m[1mGenerating C code for ROS interfaces[0m
[4.255s] [  3%] [34m[1mGenerating C++ code for ROS interfaces[0m
[4.265s] [  3%] Built target ament_cmake_python_copy_uf_interfaces
[4.517s] running egg_info
[4.518s] creating uf_interfaces.egg-info
[4.518s] writing uf_interfaces.egg-info/PKG-INFO
[4.518s] writing dependency_links to uf_interfaces.egg-info/dependency_links.txt
[4.518s] writing top-level names to uf_interfaces.egg-info/top_level.txt
[4.518s] writing manifest file 'uf_interfaces.egg-info/SOURCES.txt'
[4.525s] reading manifest file 'uf_interfaces.egg-info/SOURCES.txt'
[4.525s] writing manifest file 'uf_interfaces.egg-info/SOURCES.txt'
[4.554s] [  3%] Built target ament_cmake_python_build_uf_interfaces_egg
[5.070s] [  9%] [32mBuilding C object CMakeFiles/uf_interfaces__rosidl_generator_c.dir/rosidl_generator_c/uf_interfaces/action/detail/herd__functions.c.o[0m
[5.070s] [  9%] [32mBuilding C object CMakeFiles/uf_interfaces__rosidl_generator_c.dir/rosidl_generator_c/uf_interfaces/action/detail/defend__functions.c.o[0m
[5.070s] [  9%] [32mBuilding C object CMakeFiles/uf_interfaces__rosidl_generator_c.dir/rosidl_generator_c/uf_interfaces/msg/detail/position__functions.c.o[0m
[5.071s] [  9%] [32mBuilding C object CMakeFiles/uf_interfaces__rosidl_generator_c.dir/rosidl_generator_c/uf_interfaces/srv/detail/geo_conv__functions.c.o[0m
[5.071s] [ 11%] [32mBuilding C object CMakeFiles/uf_interfaces__rosidl_generator_c.dir/rosidl_generator_c/uf_interfaces/srv/detail/task_assign__functions.c.o[0m
[5.144s] [ 11%] Built target uf_interfaces__cpp
[5.161s] [ 12%] [34m[1mGenerating C++ type support dispatch for ROS interfaces[0m
[5.161s] [ 14%] [34m[1mGenerating C++ type support for eProsima Fast-RTPS[0m
[5.164s] [ 15%] [34m[1mGenerating C++ introspection for ROS interfaces[0m
[5.260s] [ 17%] [32m[1mLinking C shared library libuf_interfaces__rosidl_generator_c.so[0m
[5.319s] [ 17%] Built target uf_interfaces__rosidl_generator_c
[5.335s] [ 20%] [34m[1mGenerating C type support for eProsima Fast-RTPS[0m
[5.337s] [ 20%] [34m[1mGenerating C introspection for ROS interfaces[0m
[5.345s] [ 22%] [34m[1mGenerating C type support dispatch for ROS interfaces[0m
[5.766s] [ 23%] [32mBuilding CXX object CMakeFiles/uf_interfaces__rosidl_typesupport_cpp.dir/rosidl_typesupport_cpp/uf_interfaces/action/defend__type_support.cpp.o[0m
[5.768s] [ 25%] [32mBuilding CXX object CMakeFiles/uf_interfaces__rosidl_typesupport_cpp.dir/rosidl_typesupport_cpp/uf_interfaces/action/herd__type_support.cpp.o[0m
[5.769s] [ 26%] [32mBuilding CXX object CMakeFiles/uf_interfaces__rosidl_typesupport_cpp.dir/rosidl_typesupport_cpp/uf_interfaces/msg/position__type_support.cpp.o[0m
[5.953s] [ 28%] [32mBuilding CXX object CMakeFiles/uf_interfaces__rosidl_typesupport_introspection_cpp.dir/rosidl_typesupport_introspection_cpp/uf_interfaces/action/detail/defend__type_support.cpp.o[0m
[5.980s] [ 30%] [32mBuilding CXX object CMakeFiles/uf_interfaces__rosidl_typesupport_c.dir/rosidl_typesupport_c/uf_interfaces/action/defend__type_support.cpp.o[0m
[6.081s] [ 31%] [32mBuilding CXX object CMakeFiles/uf_interfaces__rosidl_typesupport_c.dir/rosidl_typesupport_c/uf_interfaces/action/herd__type_support.cpp.o[0m
[6.160s] [ 33%] [32mBuilding CXX object CMakeFiles/uf_interfaces__rosidl_typesupport_c.dir/rosidl_typesupport_c/uf_interfaces/msg/position__type_support.cpp.o[0m
[6.196s] [ 34%] [32mBuilding CXX object CMakeFiles/uf_interfaces__rosidl_typesupport_c.dir/rosidl_typesupport_c/uf_interfaces/srv/task_assign__type_support.cpp.o[0m
[6.198s] [ 36%] [32mBuilding CXX object CMakeFiles/uf_interfaces__rosidl_typesupport_cpp.dir/rosidl_typesupport_cpp/uf_interfaces/srv/task_assign__type_support.cpp.o[0m
[6.203s] [ 38%] [32mBuilding CXX object CMakeFiles/uf_interfaces__rosidl_typesupport_fastrtps_cpp.dir/rosidl_typesupport_fastrtps_cpp/uf_interfaces/action/detail/dds_fastrtps/defend__type_support.cpp.o[0m
[6.216s] [ 39%] [32mBuilding C object CMakeFiles/uf_interfaces__rosidl_typesupport_introspection_c.dir/rosidl_typesupport_introspection_c/uf_interfaces/action/detail/defend__type_support.c.o[0m
[6.252s] [ 41%] [32mBuilding CXX object CMakeFiles/uf_interfaces__rosidl_typesupport_c.dir/rosidl_typesupport_c/uf_interfaces/srv/geo_conv__type_support.cpp.o[0m
[6.288s] [ 42%] [32mBuilding C object CMakeFiles/uf_interfaces__rosidl_typesupport_introspection_c.dir/rosidl_typesupport_introspection_c/uf_interfaces/action/detail/herd__type_support.c.o[0m
[6.305s] [ 44%] [32m[1mLinking CXX shared library libuf_interfaces__rosidl_typesupport_c.so[0m
[6.314s] [ 46%] [32mBuilding CXX object CMakeFiles/uf_interfaces__rosidl_typesupport_fastrtps_c.dir/rosidl_typesupport_fastrtps_c/uf_interfaces/action/detail/defend__type_support_c.cpp.o[0m
[6.366s] [ 47%] [32mBuilding C object CMakeFiles/uf_interfaces__rosidl_typesupport_introspection_c.dir/rosidl_typesupport_introspection_c/uf_interfaces/msg/detail/position__type_support.c.o[0m
[6.375s] [ 47%] Built target uf_interfaces__rosidl_typesupport_c
[6.386s] [ 49%] [32mBuilding CXX object CMakeFiles/uf_interfaces__rosidl_typesupport_introspection_cpp.dir/rosidl_typesupport_introspection_cpp/uf_interfaces/action/detail/herd__type_support.cpp.o[0m
[6.408s] [ 50%] [32mBuilding CXX object CMakeFiles/uf_interfaces__rosidl_typesupport_fastrtps_c.dir/rosidl_typesupport_fastrtps_c/uf_interfaces/action/detail/herd__type_support_c.cpp.o[0m
[6.430s] [ 52%] [32mBuilding C object CMakeFiles/uf_interfaces__rosidl_typesupport_introspection_c.dir/rosidl_typesupport_introspection_c/uf_interfaces/srv/detail/task_assign__type_support.c.o[0m
[6.433s] [ 53%] [32mBuilding CXX object CMakeFiles/uf_interfaces__rosidl_typesupport_fastrtps_c.dir/rosidl_typesupport_fastrtps_c/uf_interfaces/msg/detail/position__type_support_c.cpp.o[0m
[6.489s] [ 55%] [32mBuilding C object CMakeFiles/uf_interfaces__rosidl_typesupport_introspection_c.dir/rosidl_typesupport_introspection_c/uf_interfaces/srv/detail/geo_conv__type_support.c.o[0m
[6.545s] [ 57%] [32mBuilding CXX object CMakeFiles/uf_interfaces__rosidl_typesupport_cpp.dir/rosidl_typesupport_cpp/uf_interfaces/srv/geo_conv__type_support.cpp.o[0m
[6.548s] [ 58%] [32m[1mLinking C shared library libuf_interfaces__rosidl_typesupport_introspection_c.so[0m
[6.611s] [ 58%] Built target uf_interfaces__rosidl_typesupport_introspection_c
[6.634s] [ 60%] [32mBuilding CXX object CMakeFiles/uf_interfaces__rosidl_typesupport_fastrtps_c.dir/rosidl_typesupport_fastrtps_c/uf_interfaces/srv/detail/task_assign__type_support_c.cpp.o[0m
[6.694s] [ 61%] [32mBuilding CXX object CMakeFiles/uf_interfaces__rosidl_typesupport_introspection_cpp.dir/rosidl_typesupport_introspection_cpp/uf_interfaces/msg/detail/position__type_support.cpp.o[0m
[6.812s] [ 63%] [32mBuilding CXX object CMakeFiles/uf_interfaces__rosidl_typesupport_fastrtps_c.dir/rosidl_typesupport_fastrtps_c/uf_interfaces/srv/detail/geo_conv__type_support_c.cpp.o[0m
[6.851s] [ 65%] [32m[1mLinking CXX shared library libuf_interfaces__rosidl_typesupport_cpp.so[0m
[6.914s] [ 65%] Built target uf_interfaces__rosidl_typesupport_cpp
[6.917s] [ 66%] [32mBuilding CXX object CMakeFiles/uf_interfaces__rosidl_typesupport_fastrtps_cpp.dir/rosidl_typesupport_fastrtps_cpp/uf_interfaces/action/detail/dds_fastrtps/herd__type_support.cpp.o[0m
[6.929s] [ 68%] [32mBuilding CXX object CMakeFiles/uf_interfaces__rosidl_typesupport_introspection_cpp.dir/rosidl_typesupport_introspection_cpp/uf_interfaces/srv/detail/task_assign__type_support.cpp.o[0m
[6.952s] [ 69%] [32mBuilding CXX object CMakeFiles/uf_interfaces__rosidl_typesupport_fastrtps_cpp.dir/rosidl_typesupport_fastrtps_cpp/uf_interfaces/msg/detail/dds_fastrtps/position__type_support.cpp.o[0m
[7.004s] [ 71%] [32mBuilding CXX object CMakeFiles/uf_interfaces__rosidl_typesupport_fastrtps_cpp.dir/rosidl_typesupport_fastrtps_cpp/uf_interfaces/srv/detail/dds_fastrtps/task_assign__type_support.cpp.o[0m
[7.077s] [ 73%] [32mBuilding CXX object CMakeFiles/uf_interfaces__rosidl_typesupport_fastrtps_cpp.dir/rosidl_typesupport_fastrtps_cpp/uf_interfaces/srv/detail/dds_fastrtps/geo_conv__type_support.cpp.o[0m
[7.097s] [ 74%] [32mBuilding CXX object CMakeFiles/uf_interfaces__rosidl_typesupport_introspection_cpp.dir/rosidl_typesupport_introspection_cpp/uf_interfaces/srv/detail/geo_conv__type_support.cpp.o[0m
[7.176s] [ 76%] [32m[1mLinking CXX shared library libuf_interfaces__rosidl_typesupport_fastrtps_c.so[0m
[7.262s] [ 76%] Built target uf_interfaces__rosidl_typesupport_fastrtps_c
[7.534s] [ 77%] [32m[1mLinking CXX shared library libuf_interfaces__rosidl_typesupport_introspection_cpp.so[0m
[7.615s] [ 77%] Built target uf_interfaces__rosidl_typesupport_introspection_cpp
[7.618s] [ 79%] [32m[1mLinking CXX shared library libuf_interfaces__rosidl_typesupport_fastrtps_cpp.so[0m
[7.698s] [ 79%] Built target uf_interfaces__rosidl_typesupport_fastrtps_cpp
[7.721s] [ 79%] Built target uf_interfaces
[7.746s] [ 80%] [34m[1mGenerating Python code for ROS interfaces[0m
[8.910s] [ 80%] Built target uf_interfaces__py
[8.935s] [ 82%] [32mBuilding C object CMakeFiles/uf_interfaces__rosidl_generator_py.dir/rosidl_generator_py/uf_interfaces/action/_herd_s.c.o[0m
[8.937s] [ 84%] [32mBuilding C object CMakeFiles/uf_interfaces__rosidl_generator_py.dir/rosidl_generator_py/uf_interfaces/action/_defend_s.c.o[0m
[8.937s] [ 85%] [32mBuilding C object CMakeFiles/uf_interfaces__rosidl_generator_py.dir/rosidl_generator_py/uf_interfaces/msg/_position_s.c.o[0m
[8.937s] [ 87%] [32mBuilding C object CMakeFiles/uf_interfaces__rosidl_generator_py.dir/rosidl_generator_py/uf_interfaces/srv/_task_assign_s.c.o[0m
[8.938s] [ 88%] [32mBuilding C object CMakeFiles/uf_interfaces__rosidl_generator_py.dir/rosidl_generator_py/uf_interfaces/srv/_geo_conv_s.c.o[0m
[9.139s] [ 90%] [32m[1mLinking C shared library rosidl_generator_py/uf_interfaces/libuf_interfaces__rosidl_generator_py.so[0m
[9.195s] [ 90%] Built target uf_interfaces__rosidl_generator_py
[9.220s] [ 92%] [32mBuilding C object CMakeFiles/uf_interfaces__rosidl_typesupport_fastrtps_c__pyext.dir/rosidl_generator_py/uf_interfaces/_uf_interfaces_s.ep.rosidl_typesupport_fastrtps_c.c.o[0m
[9.222s] [ 93%] [32mBuilding C object CMakeFiles/uf_interfaces__rosidl_typesupport_introspection_c__pyext.dir/rosidl_generator_py/uf_interfaces/_uf_interfaces_s.ep.rosidl_typesupport_introspection_c.c.o[0m
[9.222s] [ 95%] [32mBuilding C object CMakeFiles/uf_interfaces__rosidl_typesupport_c__pyext.dir/rosidl_generator_py/uf_interfaces/_uf_interfaces_s.ep.rosidl_typesupport_c.c.o[0m
[9.364s] [ 98%] [32m[1mLinking C shared library rosidl_generator_py/uf_interfaces/uf_interfaces_s__rosidl_typesupport_fastrtps_c.cpython-310-x86_64-linux-gnu.so[0m
[9.364s] [ 98%] [32m[1mLinking C shared library rosidl_generator_py/uf_interfaces/uf_interfaces_s__rosidl_typesupport_introspection_c.cpython-310-x86_64-linux-gnu.so[0m
[9.370s] [100%] [32m[1mLinking C shared library rosidl_generator_py/uf_interfaces/uf_interfaces_s__rosidl_typesupport_c.cpython-310-x86_64-linux-gnu.so[0m
[9.414s] [100%] Built target uf_interfaces__rosidl_typesupport_introspection_c__pyext
[9.419s] [100%] Built target uf_interfaces__rosidl_typesupport_fastrtps_c__pyext
[9.423s] [100%] Built target uf_interfaces__rosidl_typesupport_c__pyext
[9.436s] Invoked command in '/home/wyatt/git_ros2/ros2_ws/build/uf_interfaces' returned '0': CMAKE_PREFIX_PATH=/opt/ros/humble /usr/bin/cmake --build /home/wyatt/git_ros2/ros2_ws/build/uf_interfaces -- -j8 -l8
[9.718s] Invoking command in '/home/wyatt/git_ros2/ros2_ws/build/uf_interfaces': CMAKE_PREFIX_PATH=/opt/ros/humble /usr/bin/cmake --install /home/wyatt/git_ros2/ros2_ws/build/uf_interfaces
[9.725s] -- Install configuration: ""
[9.725s] -- Installing: /home/wyatt/git_ros2/ros2_ws/install/uf_interfaces/share/ament_index/resource_index/rosidl_interfaces/uf_interfaces
[9.726s] -- Installing: /home/wyatt/git_ros2/ros2_ws/install/uf_interfaces/include/uf_interfaces/uf_interfaces
[9.726s] -- Installing: /home/wyatt/git_ros2/ros2_ws/install/uf_interfaces/include/uf_interfaces/uf_interfaces/action
[9.727s] -- Installing: /home/wyatt/git_ros2/ros2_ws/install/uf_interfaces/include/uf_interfaces/uf_interfaces/action/defend.h
[9.727s] -- Installing: /home/wyatt/git_ros2/ros2_ws/install/uf_interfaces/include/uf_interfaces/uf_interfaces/action/detail
[9.727s] -- Installing: /home/wyatt/git_ros2/ros2_ws/install/uf_interfaces/include/uf_interfaces/uf_interfaces/action/detail/herd__struct.h
[9.727s] -- Installing: /home/wyatt/git_ros2/ros2_ws/install/uf_interfaces/include/uf_interfaces/uf_interfaces/action/detail/herd__functions.h
[9.727s] -- Installing: /home/wyatt/git_ros2/ros2_ws/install/uf_interfaces/include/uf_interfaces/uf_interfaces/action/detail/defend__struct.h
[9.728s] -- Installing: /home/wyatt/git_ros2/ros2_ws/install/uf_interfaces/include/uf_interfaces/uf_interfaces/action/detail/herd__functions.c
[9.729s] -- Installing: /home/wyatt/git_ros2/ros2_ws/install/uf_interfaces/include/uf_interfaces/uf_interfaces/action/detail/defend__type_support.h
[9.729s] -- Installing: /home/wyatt/git_ros2/ros2_ws/install/uf_interfaces/include/uf_interfaces/uf_interfaces/action/detail/defend__functions.c
[9.729s] -- Installing: /home/wyatt/git_ros2/ros2_ws/install/uf_interfaces/include/uf_interfaces/uf_interfaces/action/detail/defend__functions.h
[9.729s] -- Installing: /home/wyatt/git_ros2/ros2_ws/install/uf_interfaces/include/uf_interfaces/uf_interfaces/action/detail/herd__type_support.h
[9.729s] -- Installing: /home/wyatt/git_ros2/ros2_ws/install/uf_interfaces/include/uf_interfaces/uf_interfaces/action/herd.h
[9.729s] -- Installing: /home/wyatt/git_ros2/ros2_ws/install/uf_interfaces/include/uf_interfaces/uf_interfaces/srv
[9.729s] -- Installing: /home/wyatt/git_ros2/ros2_ws/install/uf_interfaces/include/uf_interfaces/uf_interfaces/srv/detail
[9.729s] -- Installing: /home/wyatt/git_ros2/ros2_ws/install/uf_interfaces/include/uf_interfaces/uf_interfaces/srv/detail/task_assign__struct.h
[9.729s] -- Installing: /home/wyatt/git_ros2/ros2_ws/install/uf_interfaces/include/uf_interfaces/uf_interfaces/srv/detail/task_assign__functions.h
[9.729s] -- Installing: /home/wyatt/git_ros2/ros2_ws/install/uf_interfaces/include/uf_interfaces/uf_interfaces/srv/detail/task_assign__functions.c
[9.729s] -- Installing: /home/wyatt/git_ros2/ros2_ws/install/uf_interfaces/include/uf_interfaces/uf_interfaces/srv/detail/geo_conv__functions.c
[9.729s] -- Installing: /home/wyatt/git_ros2/ros2_ws/install/uf_interfaces/include/uf_interfaces/uf_interfaces/srv/detail/geo_conv__struct.h
[9.729s] -- Installing: /home/wyatt/git_ros2/ros2_ws/install/uf_interfaces/include/uf_interfaces/uf_interfaces/srv/detail/geo_conv__functions.h
[9.730s] -- Installing: /home/wyatt/git_ros2/ros2_ws/install/uf_interfaces/include/uf_interfaces/uf_interfaces/srv/detail/task_assign__type_support.h
[9.730s] -- Installing: /home/wyatt/git_ros2/ros2_ws/install/uf_interfaces/include/uf_interfaces/uf_interfaces/srv/detail/geo_conv__type_support.h
[9.730s] -- Installing: /home/wyatt/git_ros2/ros2_ws/install/uf_interfaces/include/uf_interfaces/uf_interfaces/srv/task_assign.h
[9.730s] -- Installing: /home/wyatt/git_ros2/ros2_ws/install/uf_interfaces/include/uf_interfaces/uf_interfaces/srv/geo_conv.h
[9.730s] -- Installing: /home/wyatt/git_ros2/ros2_ws/install/uf_interfaces/include/uf_interfaces/uf_interfaces/msg
[9.730s] -- Installing: /home/wyatt/git_ros2/ros2_ws/install/uf_interfaces/include/uf_interfaces/uf_interfaces/msg/detail
[9.730s] -- Installing: /home/wyatt/git_ros2/ros2_ws/install/uf_interfaces/include/uf_interfaces/uf_interfaces/msg/detail/position__type_support.h
[9.730s] -- Installing: /home/wyatt/git_ros2/ros2_ws/install/uf_interfaces/include/uf_interfaces/uf_interfaces/msg/detail/position__functions.c
[9.730s] -- Installing: /home/wyatt/git_ros2/ros2_ws/install/uf_interfaces/include/uf_interfaces/uf_interfaces/msg/detail/position__functions.h
[9.730s] -- Installing: /home/wyatt/git_ros2/ros2_ws/install/uf_interfaces/include/uf_interfaces/uf_interfaces/msg/detail/position__struct.h
[9.730s] -- Installing: /home/wyatt/git_ros2/ros2_ws/install/uf_interfaces/include/uf_interfaces/uf_interfaces/msg/rosidl_generator_c__visibility_control.h
[9.730s] -- Installing: /home/wyatt/git_ros2/ros2_ws/install/uf_interfaces/include/uf_interfaces/uf_interfaces/msg/position.h
[9.732s] -- Installing: /home/wyatt/git_ros2/ros2_ws/install/uf_interfaces/share/uf_interfaces/environment/library_path.sh
[9.732s] -- Installing: /home/wyatt/git_ros2/ros2_ws/install/uf_interfaces/share/uf_interfaces/environment/library_path.dsv
[9.733s] -- Installing: /home/wyatt/git_ros2/ros2_ws/install/uf_interfaces/lib/libuf_interfaces__rosidl_generator_c.so
[9.733s] -- Set runtime path of "/home/wyatt/git_ros2/ros2_ws/install/uf_interfaces/lib/libuf_interfaces__rosidl_generator_c.so" to ""
[9.733s] -- Up-to-date: /home/wyatt/git_ros2/ros2_ws/install/uf_interfaces/include/uf_interfaces/uf_interfaces
[9.733s] -- Up-to-date: /home/wyatt/git_ros2/ros2_ws/install/uf_interfaces/include/uf_interfaces/uf_interfaces/action
[9.733s] -- Up-to-date: /home/wyatt/git_ros2/ros2_ws/install/uf_interfaces/include/uf_interfaces/uf_interfaces/action/detail
[9.733s] -- Installing: /home/wyatt/git_ros2/ros2_ws/install/uf_interfaces/include/uf_interfaces/uf_interfaces/action/detail/herd__rosidl_typesupport_fastrtps_c.h
[9.733s] -- Installing: /home/wyatt/git_ros2/ros2_ws/install/uf_interfaces/include/uf_interfaces/uf_interfaces/action/detail/defend__rosidl_typesupport_fastrtps_c.h
[9.733s] -- Up-to-date: /home/wyatt/git_ros2/ros2_ws/install/uf_interfaces/include/uf_interfaces/uf_interfaces/srv
[9.733s] -- Up-to-date: /home/wyatt/git_ros2/ros2_ws/install/uf_interfaces/include/uf_interfaces/uf_interfaces/srv/detail
[9.733s] -- Installing: /home/wyatt/git_ros2/ros2_ws/install/uf_interfaces/include/uf_interfaces/uf_interfaces/srv/detail/geo_conv__rosidl_typesupport_fastrtps_c.h
[9.733s] -- Installing: /home/wyatt/git_ros2/ros2_ws/install/uf_interfaces/include/uf_interfaces/uf_interfaces/srv/detail/task_assign__rosidl_typesupport_fastrtps_c.h
[9.733s] -- Up-to-date: /home/wyatt/git_ros2/ros2_ws/install/uf_interfaces/include/uf_interfaces/uf_interfaces/msg
[9.733s] -- Up-to-date: /home/wyatt/git_ros2/ros2_ws/install/uf_interfaces/include/uf_interfaces/uf_interfaces/msg/detail
[9.733s] -- Installing: /home/wyatt/git_ros2/ros2_ws/install/uf_interfaces/include/uf_interfaces/uf_interfaces/msg/detail/position__rosidl_typesupport_fastrtps_c.h
[9.733s] -- Installing: /home/wyatt/git_ros2/ros2_ws/install/uf_interfaces/include/uf_interfaces/uf_interfaces/msg/rosidl_typesupport_fastrtps_c__visibility_control.h
[9.733s] -- Installing: /home/wyatt/git_ros2/ros2_ws/install/uf_interfaces/lib/libuf_interfaces__rosidl_typesupport_fastrtps_c.so
[9.734s] -- Set runtime path of "/home/wyatt/git_ros2/ros2_ws/install/uf_interfaces/lib/libuf_interfaces__rosidl_typesupport_fastrtps_c.so" to ""
[9.734s] -- Up-to-date: /home/wyatt/git_ros2/ros2_ws/install/uf_interfaces/include/uf_interfaces/uf_interfaces
[9.734s] -- Up-to-date: /home/wyatt/git_ros2/ros2_ws/install/uf_interfaces/include/uf_interfaces/uf_interfaces/action
[9.735s] -- Installing: /home/wyatt/git_ros2/ros2_ws/install/uf_interfaces/include/uf_interfaces/uf_interfaces/action/herd.hpp
[9.735s] -- Up-to-date: /home/wyatt/git_ros2/ros2_ws/install/uf_interfaces/include/uf_interfaces/uf_interfaces/action/detail
[9.735s] -- Installing: /home/wyatt/git_ros2/ros2_ws/install/uf_interfaces/include/uf_interfaces/uf_interfaces/action/detail/herd__builder.hpp
[9.735s] -- Installing: /home/wyatt/git_ros2/ros2_ws/install/uf_interfaces/include/uf_interfaces/uf_interfaces/action/detail/defend__struct.hpp
[9.735s] -- Installing: /home/wyatt/git_ros2/ros2_ws/install/uf_interfaces/include/uf_interfaces/uf_interfaces/action/detail/defend__traits.hpp
[9.735s] -- Installing: /home/wyatt/git_ros2/ros2_ws/install/uf_interfaces/include/uf_interfaces/uf_interfaces/action/detail/herd__struct.hpp
[9.735s] -- Installing: /home/wyatt/git_ros2/ros2_ws/install/uf_interfaces/include/uf_interfaces/uf_interfaces/action/detail/herd__traits.hpp
[9.736s] -- Installing: /home/wyatt/git_ros2/ros2_ws/install/uf_interfaces/include/uf_interfaces/uf_interfaces/action/detail/defend__builder.hpp
[9.736s] -- Installing: /home/wyatt/git_ros2/ros2_ws/install/uf_interfaces/include/uf_interfaces/uf_interfaces/action/defend.hpp
[9.736s] -- Up-to-date: /home/wyatt/git_ros2/ros2_ws/install/uf_interfaces/include/uf_interfaces/uf_interfaces/srv
[9.736s] -- Installing: /home/wyatt/git_ros2/ros2_ws/install/uf_interfaces/include/uf_interfaces/uf_interfaces/srv/task_assign.hpp
[9.736s] -- Installing: /home/wyatt/git_ros2/ros2_ws/install/uf_interfaces/include/uf_interfaces/uf_interfaces/srv/geo_conv.hpp
[9.736s] -- Up-to-date: /home/wyatt/git_ros2/ros2_ws/install/uf_interfaces/include/uf_interfaces/uf_interfaces/srv/detail
[9.736s] -- Installing: /home/wyatt/git_ros2/ros2_ws/install/uf_interfaces/include/uf_interfaces/uf_interfaces/srv/detail/task_assign__builder.hpp
[9.736s] -- Installing: /home/wyatt/git_ros2/ros2_ws/install/uf_interfaces/include/uf_interfaces/uf_interfaces/srv/detail/task_assign__traits.hpp
[9.736s] -- Installing: /home/wyatt/git_ros2/ros2_ws/install/uf_interfaces/include/uf_interfaces/uf_interfaces/srv/detail/geo_conv__traits.hpp
[9.736s] -- Installing: /home/wyatt/git_ros2/ros2_ws/install/uf_interfaces/include/uf_interfaces/uf_interfaces/srv/detail/task_assign__struct.hpp
[9.736s] -- Installing: /home/wyatt/git_ros2/ros2_ws/install/uf_interfaces/include/uf_interfaces/uf_interfaces/srv/detail/geo_conv__builder.hpp
[9.736s] -- Installing: /home/wyatt/git_ros2/ros2_ws/install/uf_interfaces/include/uf_interfaces/uf_interfaces/srv/detail/geo_conv__struct.hpp
[9.737s] -- Up-to-date: /home/wyatt/git_ros2/ros2_ws/install/uf_interfaces/include/uf_interfaces/uf_interfaces/msg
[9.737s] -- Installing: /home/wyatt/git_ros2/ros2_ws/install/uf_interfaces/include/uf_interfaces/uf_interfaces/msg/position.hpp
[9.737s] -- Up-to-date: /home/wyatt/git_ros2/ros2_ws/install/uf_interfaces/include/uf_interfaces/uf_interfaces/msg/detail
[9.737s] -- Installing: /home/wyatt/git_ros2/ros2_ws/install/uf_interfaces/include/uf_interfaces/uf_interfaces/msg/detail/position__builder.hpp
[9.737s] -- Installing: /home/wyatt/git_ros2/ros2_ws/install/uf_interfaces/include/uf_interfaces/uf_interfaces/msg/detail/position__struct.hpp
[9.737s] -- Installing: /home/wyatt/git_ros2/ros2_ws/install/uf_interfaces/include/uf_interfaces/uf_interfaces/msg/detail/position__traits.hpp
[9.737s] -- Up-to-date: /home/wyatt/git_ros2/ros2_ws/install/uf_interfaces/include/uf_interfaces/uf_interfaces
[9.737s] -- Up-to-date: /home/wyatt/git_ros2/ros2_ws/install/uf_interfaces/include/uf_interfaces/uf_interfaces/action
[9.737s] -- Up-to-date: /home/wyatt/git_ros2/ros2_ws/install/uf_interfaces/include/uf_interfaces/uf_interfaces/action/detail
[9.738s] -- Installing: /home/wyatt/git_ros2/ros2_ws/install/uf_interfaces/include/uf_interfaces/uf_interfaces/action/detail/defend__rosidl_typesupport_fastrtps_cpp.hpp
[9.738s] -- Installing: /home/wyatt/git_ros2/ros2_ws/install/uf_interfaces/include/uf_interfaces/uf_interfaces/action/detail/herd__rosidl_typesupport_fastrtps_cpp.hpp
[9.738s] -- Installing: /home/wyatt/git_ros2/ros2_ws/install/uf_interfaces/include/uf_interfaces/uf_interfaces/action/detail/dds_fastrtps
[9.738s] -- Up-to-date: /home/wyatt/git_ros2/ros2_ws/install/uf_interfaces/include/uf_interfaces/uf_interfaces/srv
[9.738s] -- Up-to-date: /home/wyatt/git_ros2/ros2_ws/install/uf_interfaces/include/uf_interfaces/uf_interfaces/srv/detail
[9.738s] -- Installing: /home/wyatt/git_ros2/ros2_ws/install/uf_interfaces/include/uf_interfaces/uf_interfaces/srv/detail/geo_conv__rosidl_typesupport_fastrtps_cpp.hpp
[9.738s] -- Installing: /home/wyatt/git_ros2/ros2_ws/install/uf_interfaces/include/uf_interfaces/uf_interfaces/srv/detail/task_assign__rosidl_typesupport_fastrtps_cpp.hpp
[9.738s] -- Installing: /home/wyatt/git_ros2/ros2_ws/install/uf_interfaces/include/uf_interfaces/uf_interfaces/srv/detail/dds_fastrtps
[9.738s] -- Up-to-date: /home/wyatt/git_ros2/ros2_ws/install/uf_interfaces/include/uf_interfaces/uf_interfaces/msg
[9.738s] -- Installing: /home/wyatt/git_ros2/ros2_ws/install/uf_interfaces/include/uf_interfaces/uf_interfaces/msg/rosidl_typesupport_fastrtps_cpp__visibility_control.h
[9.738s] -- Up-to-date: /home/wyatt/git_ros2/ros2_ws/install/uf_interfaces/include/uf_interfaces/uf_interfaces/msg/detail
[9.738s] -- Installing: /home/wyatt/git_ros2/ros2_ws/install/uf_interfaces/include/uf_interfaces/uf_interfaces/msg/detail/position__rosidl_typesupport_fastrtps_cpp.hpp
[9.739s] -- Installing: /home/wyatt/git_ros2/ros2_ws/install/uf_interfaces/include/uf_interfaces/uf_interfaces/msg/detail/dds_fastrtps
[9.739s] -- Installing: /home/wyatt/git_ros2/ros2_ws/install/uf_interfaces/lib/libuf_interfaces__rosidl_typesupport_fastrtps_cpp.so
[9.739s] -- Set runtime path of "/home/wyatt/git_ros2/ros2_ws/install/uf_interfaces/lib/libuf_interfaces__rosidl_typesupport_fastrtps_cpp.so" to ""
[9.739s] -- Up-to-date: /home/wyatt/git_ros2/ros2_ws/install/uf_interfaces/include/uf_interfaces/uf_interfaces
[9.740s] -- Up-to-date: /home/wyatt/git_ros2/ros2_ws/install/uf_interfaces/include/uf_interfaces/uf_interfaces/action
[9.740s] -- Up-to-date: /home/wyatt/git_ros2/ros2_ws/install/uf_interfaces/include/uf_interfaces/uf_interfaces/action/detail
[9.740s] -- Installing: /home/wyatt/git_ros2/ros2_ws/install/uf_interfaces/include/uf_interfaces/uf_interfaces/action/detail/defend__rosidl_typesupport_introspection_c.h
[9.740s] -- Installing: /home/wyatt/git_ros2/ros2_ws/install/uf_interfaces/include/uf_interfaces/uf_interfaces/action/detail/herd__type_support.c
[9.740s] -- Installing: /home/wyatt/git_ros2/ros2_ws/install/uf_interfaces/include/uf_interfaces/uf_interfaces/action/detail/herd__rosidl_typesupport_introspection_c.h
[9.740s] -- Installing: /home/wyatt/git_ros2/ros2_ws/install/uf_interfaces/include/uf_interfaces/uf_interfaces/action/detail/defend__type_support.c
[9.740s] -- Up-to-date: /home/wyatt/git_ros2/ros2_ws/install/uf_interfaces/include/uf_interfaces/uf_interfaces/srv
[9.740s] -- Up-to-date: /home/wyatt/git_ros2/ros2_ws/install/uf_interfaces/include/uf_interfaces/uf_interfaces/srv/detail
[9.741s] -- Installing: /home/wyatt/git_ros2/ros2_ws/install/uf_interfaces/include/uf_interfaces/uf_interfaces/srv/detail/task_assign__rosidl_typesupport_introspection_c.h
[9.741s] -- Installing: /home/wyatt/git_ros2/ros2_ws/install/uf_interfaces/include/uf_interfaces/uf_interfaces/srv/detail/geo_conv__rosidl_typesupport_introspection_c.h
[9.741s] -- Installing: /home/wyatt/git_ros2/ros2_ws/install/uf_interfaces/include/uf_interfaces/uf_interfaces/srv/detail/geo_conv__type_support.c
[9.741s] -- Installing: /home/wyatt/git_ros2/ros2_ws/install/uf_interfaces/include/uf_interfaces/uf_interfaces/srv/detail/task_assign__type_support.c
[9.741s] -- Up-to-date: /home/wyatt/git_ros2/ros2_ws/install/uf_interfaces/include/uf_interfaces/uf_interfaces/msg
[9.741s] -- Installing: /home/wyatt/git_ros2/ros2_ws/install/uf_interfaces/include/uf_interfaces/uf_interfaces/msg/rosidl_typesupport_introspection_c__visibility_control.h
[9.741s] -- Up-to-date: /home/wyatt/git_ros2/ros2_ws/install/uf_interfaces/include/uf_interfaces/uf_interfaces/msg/detail
[9.741s] -- Installing: /home/wyatt/git_ros2/ros2_ws/install/uf_interfaces/include/uf_interfaces/uf_interfaces/msg/detail/position__rosidl_typesupport_introspection_c.h
[9.741s] -- Installing: /home/wyatt/git_ros2/ros2_ws/install/uf_interfaces/include/uf_interfaces/uf_interfaces/msg/detail/position__type_support.c
[9.742s] -- Installing: /home/wyatt/git_ros2/ros2_ws/install/uf_interfaces/lib/libuf_interfaces__rosidl_typesupport_introspection_c.so
[9.742s] -- Set runtime path of "/home/wyatt/git_ros2/ros2_ws/install/uf_interfaces/lib/libuf_interfaces__rosidl_typesupport_introspection_c.so" to ""
[9.742s] -- Installing: /home/wyatt/git_ros2/ros2_ws/install/uf_interfaces/lib/libuf_interfaces__rosidl_typesupport_c.so
[9.742s] -- Set runtime path of "/home/wyatt/git_ros2/ros2_ws/install/uf_interfaces/lib/libuf_interfaces__rosidl_typesupport_c.so" to ""
[9.742s] -- Up-to-date: /home/wyatt/git_ros2/ros2_ws/install/uf_interfaces/include/uf_interfaces/uf_interfaces
[9.743s] -- Up-to-date: /home/wyatt/git_ros2/ros2_ws/install/uf_interfaces/include/uf_interfaces/uf_interfaces/action
[9.743s] -- Up-to-date: /home/wyatt/git_ros2/ros2_ws/install/uf_interfaces/include/uf_interfaces/uf_interfaces/action/detail
[9.743s] -- Installing: /home/wyatt/git_ros2/ros2_ws/install/uf_interfaces/include/uf_interfaces/uf_interfaces/action/detail/defend__type_support.cpp
[9.743s] -- Installing: /home/wyatt/git_ros2/ros2_ws/install/uf_interfaces/include/uf_interfaces/uf_interfaces/action/detail/defend__rosidl_typesupport_introspection_cpp.hpp
[9.743s] -- Installing: /home/wyatt/git_ros2/ros2_ws/install/uf_interfaces/include/uf_interfaces/uf_interfaces/action/detail/herd__rosidl_typesupport_introspection_cpp.hpp
[9.743s] -- Installing: /home/wyatt/git_ros2/ros2_ws/install/uf_interfaces/include/uf_interfaces/uf_interfaces/action/detail/herd__type_support.cpp
[9.743s] -- Up-to-date: /home/wyatt/git_ros2/ros2_ws/install/uf_interfaces/include/uf_interfaces/uf_interfaces/srv
[9.743s] -- Up-to-date: /home/wyatt/git_ros2/ros2_ws/install/uf_interfaces/include/uf_interfaces/uf_interfaces/srv/detail
[9.744s] -- Installing: /home/wyatt/git_ros2/ros2_ws/install/uf_interfaces/include/uf_interfaces/uf_interfaces/srv/detail/geo_conv__rosidl_typesupport_introspection_cpp.hpp
[9.744s] -- Installing: /home/wyatt/git_ros2/ros2_ws/install/uf_interfaces/include/uf_interfaces/uf_interfaces/srv/detail/task_assign__rosidl_typesupport_introspection_cpp.hpp
[9.744s] -- Installing: /home/wyatt/git_ros2/ros2_ws/install/uf_interfaces/include/uf_interfaces/uf_interfaces/srv/detail/task_assign__type_support.cpp
[9.744s] -- Installing: /home/wyatt/git_ros2/ros2_ws/install/uf_interfaces/include/uf_interfaces/uf_interfaces/srv/detail/geo_conv__type_support.cpp
[9.744s] -- Up-to-date: /home/wyatt/git_ros2/ros2_ws/install/uf_interfaces/include/uf_interfaces/uf_interfaces/msg
[9.744s] -- Up-to-date: /home/wyatt/git_ros2/ros2_ws/install/uf_interfaces/include/uf_interfaces/uf_interfaces/msg/detail
[9.744s] -- Installing: /home/wyatt/git_ros2/ros2_ws/install/uf_interfaces/include/uf_interfaces/uf_interfaces/msg/detail/position__rosidl_typesupport_introspection_cpp.hpp
[9.744s] -- Installing: /home/wyatt/git_ros2/ros2_ws/install/uf_interfaces/include/uf_interfaces/uf_interfaces/msg/detail/position__type_support.cpp
[9.744s] -- Installing: /home/wyatt/git_ros2/ros2_ws/install/uf_interfaces/lib/libuf_interfaces__rosidl_typesupport_introspection_cpp.so
[9.745s] -- Set runtime path of "/home/wyatt/git_ros2/ros2_ws/install/uf_interfaces/lib/libuf_interfaces__rosidl_typesupport_introspection_cpp.so" to ""
[9.745s] -- Installing: /home/wyatt/git_ros2/ros2_ws/install/uf_interfaces/lib/libuf_interfaces__rosidl_typesupport_cpp.so
[9.746s] -- Set runtime path of "/home/wyatt/git_ros2/ros2_ws/install/uf_interfaces/lib/libuf_interfaces__rosidl_typesupport_cpp.so" to ""
[9.746s] -- Installing: /home/wyatt/git_ros2/ros2_ws/install/uf_interfaces/share/uf_interfaces/environment/pythonpath.sh
[9.746s] -- Installing: /home/wyatt/git_ros2/ros2_ws/install/uf_interfaces/share/uf_interfaces/environment/pythonpath.dsv
[9.746s] -- Installing: /home/wyatt/git_ros2/ros2_ws/install/uf_interfaces/local/lib/python3.10/dist-packages/uf_interfaces-0.0.0-py3.10.egg-info
[9.746s] -- Installing: /home/wyatt/git_ros2/ros2_ws/install/uf_interfaces/local/lib/python3.10/dist-packages/uf_interfaces-0.0.0-py3.10.egg-info/dependency_links.txt
[9.747s] -- Installing: /home/wyatt/git_ros2/ros2_ws/install/uf_interfaces/local/lib/python3.10/dist-packages/uf_interfaces-0.0.0-py3.10.egg-info/PKG-INFO
[9.747s] -- Installing: /home/wyatt/git_ros2/ros2_ws/install/uf_interfaces/local/lib/python3.10/dist-packages/uf_interfaces-0.0.0-py3.10.egg-info/SOURCES.txt
[9.747s] -- Installing: /home/wyatt/git_ros2/ros2_ws/install/uf_interfaces/local/lib/python3.10/dist-packages/uf_interfaces-0.0.0-py3.10.egg-info/top_level.txt
[9.747s] -- Installing: /home/wyatt/git_ros2/ros2_ws/install/uf_interfaces/local/lib/python3.10/dist-packages/uf_interfaces
[9.747s] -- Installing: /home/wyatt/git_ros2/ros2_ws/install/uf_interfaces/local/lib/python3.10/dist-packages/uf_interfaces/_uf_interfaces_s.ep.rosidl_typesupport_introspection_c.c
[9.748s] -- Installing: /home/wyatt/git_ros2/ros2_ws/install/uf_interfaces/local/lib/python3.10/dist-packages/uf_interfaces/__init__.py
[9.748s] -- Installing: /home/wyatt/git_ros2/ros2_ws/install/uf_interfaces/local/lib/python3.10/dist-packages/uf_interfaces/_uf_interfaces_s.ep.rosidl_typesupport_c.c
[9.748s] -- Installing: /home/wyatt/git_ros2/ros2_ws/install/uf_interfaces/local/lib/python3.10/dist-packages/uf_interfaces/action
[9.748s] -- Installing: /home/wyatt/git_ros2/ros2_ws/install/uf_interfaces/local/lib/python3.10/dist-packages/uf_interfaces/action/_defend.py
[9.748s] -- Installing: /home/wyatt/git_ros2/ros2_ws/install/uf_interfaces/local/lib/python3.10/dist-packages/uf_interfaces/action/__init__.py
[9.748s] -- Installing: /home/wyatt/git_ros2/ros2_ws/install/uf_interfaces/local/lib/python3.10/dist-packages/uf_interfaces/action/_herd_s.c
[9.749s] -- Installing: /home/wyatt/git_ros2/ros2_ws/install/uf_interfaces/local/lib/python3.10/dist-packages/uf_interfaces/action/_herd.py
[9.749s] -- Installing: /home/wyatt/git_ros2/ros2_ws/install/uf_interfaces/local/lib/python3.10/dist-packages/uf_interfaces/action/_defend_s.c
[9.749s] -- Installing: /home/wyatt/git_ros2/ros2_ws/install/uf_interfaces/local/lib/python3.10/dist-packages/uf_interfaces/srv
[9.749s] -- Installing: /home/wyatt/git_ros2/ros2_ws/install/uf_interfaces/local/lib/python3.10/dist-packages/uf_interfaces/srv/_task_assign_s.c
[9.750s] -- Installing: /home/wyatt/git_ros2/ros2_ws/install/uf_interfaces/local/lib/python3.10/dist-packages/uf_interfaces/srv/_task_assign.py
[9.750s] -- Installing: /home/wyatt/git_ros2/ros2_ws/install/uf_interfaces/local/lib/python3.10/dist-packages/uf_interfaces/srv/__init__.py
[9.750s] -- Installing: /home/wyatt/git_ros2/ros2_ws/install/uf_interfaces/local/lib/python3.10/dist-packages/uf_interfaces/srv/_geo_conv.py
[9.751s] -- Installing: /home/wyatt/git_ros2/ros2_ws/install/uf_interfaces/local/lib/python3.10/dist-packages/uf_interfaces/srv/_geo_conv_s.c
[9.751s] -- Installing: /home/wyatt/git_ros2/ros2_ws/install/uf_interfaces/local/lib/python3.10/dist-packages/uf_interfaces/uf_interfaces_s__rosidl_typesupport_fastrtps_c.cpython-310-x86_64-linux-gnu.so
[9.751s] -- Installing: /home/wyatt/git_ros2/ros2_ws/install/uf_interfaces/local/lib/python3.10/dist-packages/uf_interfaces/_uf_interfaces_s.ep.rosidl_typesupport_fastrtps_c.c
[9.751s] -- Installing: /home/wyatt/git_ros2/ros2_ws/install/uf_interfaces/local/lib/python3.10/dist-packages/uf_interfaces/uf_interfaces_s__rosidl_typesupport_c.cpython-310-x86_64-linux-gnu.so
[9.751s] -- Installing: /home/wyatt/git_ros2/ros2_ws/install/uf_interfaces/local/lib/python3.10/dist-packages/uf_interfaces/libuf_interfaces__rosidl_generator_py.so
[9.753s] -- Installing: /home/wyatt/git_ros2/ros2_ws/install/uf_interfaces/local/lib/python3.10/dist-packages/uf_interfaces/msg
[9.753s] -- Installing: /home/wyatt/git_ros2/ros2_ws/install/uf_interfaces/local/lib/python3.10/dist-packages/uf_interfaces/msg/__init__.py
[9.753s] -- Installing: /home/wyatt/git_ros2/ros2_ws/install/uf_interfaces/local/lib/python3.10/dist-packages/uf_interfaces/msg/_position.py
[9.753s] -- Installing: /home/wyatt/git_ros2/ros2_ws/install/uf_interfaces/local/lib/python3.10/dist-packages/uf_interfaces/msg/_position_s.c
[9.753s] -- Installing: /home/wyatt/git_ros2/ros2_ws/install/uf_interfaces/local/lib/python3.10/dist-packages/uf_interfaces/uf_interfaces_s__rosidl_typesupport_introspection_c.cpython-310-x86_64-linux-gnu.so
[9.796s] Listing '/home/wyatt/git_ros2/ros2_ws/install/uf_interfaces/local/lib/python3.10/dist-packages/uf_interfaces'...
[9.796s] Compiling '/home/wyatt/git_ros2/ros2_ws/install/uf_interfaces/local/lib/python3.10/dist-packages/uf_interfaces/__init__.py'...
[9.796s] Listing '/home/wyatt/git_ros2/ros2_ws/install/uf_interfaces/local/lib/python3.10/dist-packages/uf_interfaces/action'...
[9.796s] Compiling '/home/wyatt/git_ros2/ros2_ws/install/uf_interfaces/local/lib/python3.10/dist-packages/uf_interfaces/action/__init__.py'...
[9.796s] Compiling '/home/wyatt/git_ros2/ros2_ws/install/uf_interfaces/local/lib/python3.10/dist-packages/uf_interfaces/action/_defend.py'...
[9.796s] Compiling '/home/wyatt/git_ros2/ros2_ws/install/uf_interfaces/local/lib/python3.10/dist-packages/uf_interfaces/action/_herd.py'...
[9.796s] Listing '/home/wyatt/git_ros2/ros2_ws/install/uf_interfaces/local/lib/python3.10/dist-packages/uf_interfaces/msg'...
[9.796s] Compiling '/home/wyatt/git_ros2/ros2_ws/install/uf_interfaces/local/lib/python3.10/dist-packages/uf_interfaces/msg/__init__.py'...
[9.796s] Compiling '/home/wyatt/git_ros2/ros2_ws/install/uf_interfaces/local/lib/python3.10/dist-packages/uf_interfaces/msg/_position.py'...
[9.796s] Listing '/home/wyatt/git_ros2/ros2_ws/install/uf_interfaces/local/lib/python3.10/dist-packages/uf_interfaces/srv'...
[9.796s] Compiling '/home/wyatt/git_ros2/ros2_ws/install/uf_interfaces/local/lib/python3.10/dist-packages/uf_interfaces/srv/__init__.py'...
[9.797s] Compiling '/home/wyatt/git_ros2/ros2_ws/install/uf_interfaces/local/lib/python3.10/dist-packages/uf_interfaces/srv/_geo_conv.py'...
[9.797s] Compiling '/home/wyatt/git_ros2/ros2_ws/install/uf_interfaces/local/lib/python3.10/dist-packages/uf_interfaces/srv/_task_assign.py'...
[9.800s] -- Installing: /home/wyatt/git_ros2/ros2_ws/install/uf_interfaces/local/lib/python3.10/dist-packages/uf_interfaces/uf_interfaces_s__rosidl_typesupport_fastrtps_c.cpython-310-x86_64-linux-gnu.so
[9.800s] -- Set runtime path of "/home/wyatt/git_ros2/ros2_ws/install/uf_interfaces/local/lib/python3.10/dist-packages/uf_interfaces/uf_interfaces_s__rosidl_typesupport_fastrtps_c.cpython-310-x86_64-linux-gnu.so" to ""
[9.801s] -- Installing: /home/wyatt/git_ros2/ros2_ws/install/uf_interfaces/local/lib/python3.10/dist-packages/uf_interfaces/uf_interfaces_s__rosidl_typesupport_introspection_c.cpython-310-x86_64-linux-gnu.so
[9.801s] -- Set runtime path of "/home/wyatt/git_ros2/ros2_ws/install/uf_interfaces/local/lib/python3.10/dist-packages/uf_interfaces/uf_interfaces_s__rosidl_typesupport_introspection_c.cpython-310-x86_64-linux-gnu.so" to ""
[9.802s] -- Installing: /home/wyatt/git_ros2/ros2_ws/install/uf_interfaces/local/lib/python3.10/dist-packages/uf_interfaces/uf_interfaces_s__rosidl_typesupport_c.cpython-310-x86_64-linux-gnu.so
[9.802s] -- Set runtime path of "/home/wyatt/git_ros2/ros2_ws/install/uf_interfaces/local/lib/python3.10/dist-packages/uf_interfaces/uf_interfaces_s__rosidl_typesupport_c.cpython-310-x86_64-linux-gnu.so" to ""
[9.802s] -- Installing: /home/wyatt/git_ros2/ros2_ws/install/uf_interfaces/lib/libuf_interfaces__rosidl_generator_py.so
[9.803s] -- Set runtime path of "/home/wyatt/git_ros2/ros2_ws/install/uf_interfaces/lib/libuf_interfaces__rosidl_generator_py.so" to ""
[9.803s] -- Installing: /home/wyatt/git_ros2/ros2_ws/install/uf_interfaces/share/uf_interfaces/action/Defend.idl
[9.803s] -- Installing: /home/wyatt/git_ros2/ros2_ws/install/uf_interfaces/share/uf_interfaces/action/Herd.idl
[9.803s] -- Installing: /home/wyatt/git_ros2/ros2_ws/install/uf_interfaces/share/uf_interfaces/msg/Position.idl
[9.803s] -- Installing: /home/wyatt/git_ros2/ros2_ws/install/uf_interfaces/share/uf_interfaces/srv/TaskAssign.idl
[9.804s] -- Installing: /home/wyatt/git_ros2/ros2_ws/install/uf_interfaces/share/uf_interfaces/srv/GeoConv.idl
[9.804s] -- Installing: /home/wyatt/git_ros2/ros2_ws/install/uf_interfaces/share/uf_interfaces/action/Defend.action
[9.804s] -- Installing: /home/wyatt/git_ros2/ros2_ws/install/uf_interfaces/share/uf_interfaces/action/Herd.action
[9.804s] -- Installing: /home/wyatt/git_ros2/ros2_ws/install/uf_interfaces/share/uf_interfaces/msg/Position.msg
[9.804s] -- Installing: /home/wyatt/git_ros2/ros2_ws/install/uf_interfaces/share/uf_interfaces/srv/TaskAssign.srv
[9.805s] -- Installing: /home/wyatt/git_ros2/ros2_ws/install/uf_interfaces/share/uf_interfaces/srv/TaskAssign_Request.msg
[9.805s] -- Installing: /home/wyatt/git_ros2/ros2_ws/install/uf_interfaces/share/uf_interfaces/srv/TaskAssign_Response.msg
[9.805s] -- Installing: /home/wyatt/git_ros2/ros2_ws/install/uf_interfaces/share/uf_interfaces/srv/GeoConv.srv
[9.805s] -- Installing: /home/wyatt/git_ros2/ros2_ws/install/uf_interfaces/share/uf_interfaces/srv/GeoConv_Request.msg
[9.805s] -- Installing: /home/wyatt/git_ros2/ros2_ws/install/uf_interfaces/share/uf_interfaces/srv/GeoConv_Response.msg
[9.806s] -- Installing: /home/wyatt/git_ros2/ros2_ws/install/uf_interfaces/share/ament_index/resource_index/package_run_dependencies/uf_interfaces
[9.806s] -- Installing: /home/wyatt/git_ros2/ros2_ws/install/uf_interfaces/share/ament_index/resource_index/parent_prefix_path/uf_interfaces
[9.806s] -- Installing: /home/wyatt/git_ros2/ros2_ws/install/uf_interfaces/share/uf_interfaces/environment/ament_prefix_path.sh
[9.806s] -- Installing: /home/wyatt/git_ros2/ros2_ws/install/uf_interfaces/share/uf_interfaces/environment/ament_prefix_path.dsv
[9.806s] -- Installing: /home/wyatt/git_ros2/ros2_ws/install/uf_interfaces/share/uf_interfaces/environment/path.sh
[9.807s] -- Installing: /home/wyatt/git_ros2/ros2_ws/install/uf_interfaces/share/uf_interfaces/environment/path.dsv
[9.807s] -- Installing: /home/wyatt/git_ros2/ros2_ws/install/uf_interfaces/share/uf_interfaces/local_setup.bash
[9.807s] -- Installing: /home/wyatt/git_ros2/ros2_ws/install/uf_interfaces/share/uf_interfaces/local_setup.sh
[9.807s] -- Installing: /home/wyatt/git_ros2/ros2_ws/install/uf_interfaces/share/uf_interfaces/local_setup.zsh
[9.807s] -- Installing: /home/wyatt/git_ros2/ros2_ws/install/uf_interfaces/share/uf_interfaces/local_setup.dsv
[9.807s] -- Installing: /home/wyatt/git_ros2/ros2_ws/install/uf_interfaces/share/uf_interfaces/package.dsv
[9.808s] -- Installing: /home/wyatt/git_ros2/ros2_ws/install/uf_interfaces/share/ament_index/resource_index/packages/uf_interfaces
[9.809s] -- Installing: /home/wyatt/git_ros2/ros2_ws/install/uf_interfaces/share/uf_interfaces/cmake/export_uf_interfaces__rosidl_generator_cExport.cmake
[9.809s] -- Installing: /home/wyatt/git_ros2/ros2_ws/install/uf_interfaces/share/uf_interfaces/cmake/export_uf_interfaces__rosidl_generator_cExport-noconfig.cmake
[9.809s] -- Installing: /home/wyatt/git_ros2/ros2_ws/install/uf_interfaces/share/uf_interfaces/cmake/export_uf_interfaces__rosidl_typesupport_fastrtps_cExport.cmake
[9.809s] -- Installing: /home/wyatt/git_ros2/ros2_ws/install/uf_interfaces/share/uf_interfaces/cmake/export_uf_interfaces__rosidl_typesupport_fastrtps_cExport-noconfig.cmake
[9.809s] -- Installing: /home/wyatt/git_ros2/ros2_ws/install/uf_interfaces/share/uf_interfaces/cmake/export_uf_interfaces__rosidl_generator_cppExport.cmake
[9.810s] -- Installing: /home/wyatt/git_ros2/ros2_ws/install/uf_interfaces/share/uf_interfaces/cmake/export_uf_interfaces__rosidl_typesupport_fastrtps_cppExport.cmake
[9.810s] -- Installing: /home/wyatt/git_ros2/ros2_ws/install/uf_interfaces/share/uf_interfaces/cmake/export_uf_interfaces__rosidl_typesupport_fastrtps_cppExport-noconfig.cmake
[9.810s] -- Installing: /home/wyatt/git_ros2/ros2_ws/install/uf_interfaces/share/uf_interfaces/cmake/uf_interfaces__rosidl_typesupport_introspection_cExport.cmake
[9.810s] -- Installing: /home/wyatt/git_ros2/ros2_ws/install/uf_interfaces/share/uf_interfaces/cmake/uf_interfaces__rosidl_typesupport_introspection_cExport-noconfig.cmake
[9.810s] -- Installing: /home/wyatt/git_ros2/ros2_ws/install/uf_interfaces/share/uf_interfaces/cmake/uf_interfaces__rosidl_typesupport_cExport.cmake
[9.811s] -- Installing: /home/wyatt/git_ros2/ros2_ws/install/uf_interfaces/share/uf_interfaces/cmake/uf_interfaces__rosidl_typesupport_cExport-noconfig.cmake
[9.811s] -- Installing: /home/wyatt/git_ros2/ros2_ws/install/uf_interfaces/share/uf_interfaces/cmake/uf_interfaces__rosidl_typesupport_introspection_cppExport.cmake
[9.811s] -- Installing: /home/wyatt/git_ros2/ros2_ws/install/uf_interfaces/share/uf_interfaces/cmake/uf_interfaces__rosidl_typesupport_introspection_cppExport-noconfig.cmake
[9.811s] -- Installing: /home/wyatt/git_ros2/ros2_ws/install/uf_interfaces/share/uf_interfaces/cmake/uf_interfaces__rosidl_typesupport_cppExport.cmake
[9.811s] -- Installing: /home/wyatt/git_ros2/ros2_ws/install/uf_interfaces/share/uf_interfaces/cmake/uf_interfaces__rosidl_typesupport_cppExport-noconfig.cmake
[9.812s] -- Installing: /home/wyatt/git_ros2/ros2_ws/install/uf_interfaces/share/uf_interfaces/cmake/export_uf_interfaces__rosidl_generator_pyExport.cmake
[9.812s] -- Installing: /home/wyatt/git_ros2/ros2_ws/install/uf_interfaces/share/uf_interfaces/cmake/export_uf_interfaces__rosidl_generator_pyExport-noconfig.cmake
[9.812s] -- Installing: /home/wyatt/git_ros2/ros2_ws/install/uf_interfaces/share/uf_interfaces/cmake/rosidl_cmake-extras.cmake
[9.812s] -- Installing: /home/wyatt/git_ros2/ros2_ws/install/uf_interfaces/share/uf_interfaces/cmake/ament_cmake_export_dependencies-extras.cmake
[9.812s] -- Installing: /home/wyatt/git_ros2/ros2_ws/install/uf_interfaces/share/uf_interfaces/cmake/ament_cmake_export_include_directories-extras.cmake
[9.812s] -- Installing: /home/wyatt/git_ros2/ros2_ws/install/uf_interfaces/share/uf_interfaces/cmake/ament_cmake_export_libraries-extras.cmake
[9.813s] -- Installing: /home/wyatt/git_ros2/ros2_ws/install/uf_interfaces/share/uf_interfaces/cmake/ament_cmake_export_targets-extras.cmake
[9.813s] -- Installing: /home/wyatt/git_ros2/ros2_ws/install/uf_interfaces/share/uf_interfaces/cmake/rosidl_cmake_export_typesupport_targets-extras.cmake
[9.813s] -- Installing: /home/wyatt/git_ros2/ros2_ws/install/uf_interfaces/share/uf_interfaces/cmake/rosidl_cmake_export_typesupport_libraries-extras.cmake
[9.813s] -- Installing: /home/wyatt/git_ros2/ros2_ws/install/uf_interfaces/share/uf_interfaces/cmake/uf_interfacesConfig.cmake
[9.813s] -- Installing: /home/wyatt/git_ros2/ros2_ws/install/uf_interfaces/share/uf_interfaces/cmake/uf_interfacesConfig-version.cmake
[9.813s] -- Installing: /home/wyatt/git_ros2/ros2_ws/install/uf_interfaces/share/uf_interfaces/package.xml
[9.817s] Invoked command in '/home/wyatt/git_ros2/ros2_ws/build/uf_interfaces' returned '0': CMAKE_PREFIX_PATH=/opt/ros/humble /usr/bin/cmake --install /home/wyatt/git_ros2/ros2_ws/build/uf_interfaces
