running egg_info
creating ../../build/herding_v1_package/herding_v1_package.egg-info
writing ../../build/herding_v1_package/herding_v1_package.egg-info/PKG-INFO
writing dependency_links to ../../build/herding_v1_package/herding_v1_package.egg-info/dependency_links.txt
writing entry points to ../../build/herding_v1_package/herding_v1_package.egg-info/entry_points.txt
writing requirements to ../../build/herding_v1_package/herding_v1_package.egg-info/requires.txt
writing top-level names to ../../build/herding_v1_package/herding_v1_package.egg-info/top_level.txt
writing manifest file '../../build/herding_v1_package/herding_v1_package.egg-info/SOURCES.txt'
reading manifest file '../../build/herding_v1_package/herding_v1_package.egg-info/SOURCES.txt'
writing manifest file '../../build/herding_v1_package/herding_v1_package.egg-info/SOURCES.txt'
running build
running build_py
creating /home/wyatt/Documents/GitHub/ros2_ws/build/herding_v1_package/build
creating /home/wyatt/Documents/GitHub/ros2_ws/build/herding_v1_package/build/lib
creating /home/wyatt/Documents/GitHub/ros2_ws/build/herding_v1_package/build/lib/herding_v1_package
copying herding_v1_package/__init__.py -> /home/wyatt/Documents/GitHub/ros2_ws/build/herding_v1_package/build/lib/herding_v1_package
copying herding_v1_package/simulation.py -> /home/wyatt/Documents/GitHub/ros2_ws/build/herding_v1_package/build/lib/herding_v1_package
copying herding_v1_package/herding_node.py -> /home/wyatt/Documents/GitHub/ros2_ws/build/herding_v1_package/build/lib/herding_v1_package
running install
running install_lib
creating /home/wyatt/Documents/GitHub/ros2_ws/install/herding_v1_package/lib/python3.12/site-packages/herding_v1_package
copying /home/wyatt/Documents/GitHub/ros2_ws/build/herding_v1_package/build/lib/herding_v1_package/__init__.py -> /home/wyatt/Documents/GitHub/ros2_ws/install/herding_v1_package/lib/python3.12/site-packages/herding_v1_package
copying /home/wyatt/Documents/GitHub/ros2_ws/build/herding_v1_package/build/lib/herding_v1_package/simulation.py -> /home/wyatt/Documents/GitHub/ros2_ws/install/herding_v1_package/lib/python3.12/site-packages/herding_v1_package
copying /home/wyatt/Documents/GitHub/ros2_ws/build/herding_v1_package/build/lib/herding_v1_package/herding_node.py -> /home/wyatt/Documents/GitHub/ros2_ws/install/herding_v1_package/lib/python3.12/site-packages/herding_v1_package
byte-compiling /home/wyatt/Documents/GitHub/ros2_ws/install/herding_v1_package/lib/python3.12/site-packages/herding_v1_package/__init__.py to __init__.cpython-312.pyc
byte-compiling /home/wyatt/Documents/GitHub/ros2_ws/install/herding_v1_package/lib/python3.12/site-packages/herding_v1_package/simulation.py to simulation.cpython-312.pyc
byte-compiling /home/wyatt/Documents/GitHub/ros2_ws/install/herding_v1_package/lib/python3.12/site-packages/herding_v1_package/herding_node.py to herding_node.cpython-312.pyc
running install_data
creating /home/wyatt/Documents/GitHub/ros2_ws/install/herding_v1_package/share/ament_index
creating /home/wyatt/Documents/GitHub/ros2_ws/install/herding_v1_package/share/ament_index/resource_index
creating /home/wyatt/Documents/GitHub/ros2_ws/install/herding_v1_package/share/ament_index/resource_index/packages
copying resource/herding_v1_package -> /home/wyatt/Documents/GitHub/ros2_ws/install/herding_v1_package/share/ament_index/resource_index/packages
copying package.xml -> /home/wyatt/Documents/GitHub/ros2_ws/install/herding_v1_package/share/herding_v1_package
running install_egg_info
Copying ../../build/herding_v1_package/herding_v1_package.egg-info to /home/wyatt/Documents/GitHub/ros2_ws/install/herding_v1_package/lib/python3.12/site-packages/herding_v1_package-0.0.0-py3.12.egg-info
running install_scripts
Installing herding_node script to /home/wyatt/Documents/GitHub/ros2_ws/install/herding_v1_package/lib/herding_v1_package
writing list of installed files to '/home/wyatt/Documents/GitHub/ros2_ws/build/herding_v1_package/install.log'
