[2.299s] Invoking command in '/home/wyatt/Documents/GitHub/ros2_ws/src/herding_v1_package': DEBUGINFOD_URLS=https://debuginfod.ubuntu.com PYTHONPATH=/home/wyatt/Documents/GitHub/ros2_ws/build/herding_v1_package/prefix_override:/usr/lib/python3/dist-packages/colcon_core/task/python/colcon_distutils_commands:/home/wyatt/Documents/GitHub/ros2_ws/install/herding_v1_package/lib/python3.12/site-packages:${PYTHONPATH} /usr/bin/python3 -W ignore:setup.py install is deprecated setup.py egg_info --egg-base ../../build/herding_v1_package build --build-base /home/wyatt/Documents/GitHub/ros2_ws/build/herding_v1_package/build install --record /home/wyatt/Documents/GitHub/ros2_ws/build/herding_v1_package/install.log --single-version-externally-managed install_data
[2.882s] running egg_info
[2.882s] creating ../../build/herding_v1_package/herding_v1_package.egg-info
[2.926s] writing ../../build/herding_v1_package/herding_v1_package.egg-info/PKG-INFO
[2.926s] writing dependency_links to ../../build/herding_v1_package/herding_v1_package.egg-info/dependency_links.txt
[2.926s] writing entry points to ../../build/herding_v1_package/herding_v1_package.egg-info/entry_points.txt
[2.926s] writing requirements to ../../build/herding_v1_package/herding_v1_package.egg-info/requires.txt
[2.927s] writing top-level names to ../../build/herding_v1_package/herding_v1_package.egg-info/top_level.txt
[2.927s] writing manifest file '../../build/herding_v1_package/herding_v1_package.egg-info/SOURCES.txt'
[3.011s] reading manifest file '../../build/herding_v1_package/herding_v1_package.egg-info/SOURCES.txt'
[3.014s] writing manifest file '../../build/herding_v1_package/herding_v1_package.egg-info/SOURCES.txt'
[3.014s] running build
[3.014s] running build_py
[3.015s] creating /home/wyatt/Documents/GitHub/ros2_ws/build/herding_v1_package/build
[3.018s] creating /home/wyatt/Documents/GitHub/ros2_ws/build/herding_v1_package/build/lib
[3.018s] creating /home/wyatt/Documents/GitHub/ros2_ws/build/herding_v1_package/build/lib/herding_v1_package
[3.018s] copying herding_v1_package/__init__.py -> /home/wyatt/Documents/GitHub/ros2_ws/build/herding_v1_package/build/lib/herding_v1_package
[3.018s] copying herding_v1_package/simulation.py -> /home/wyatt/Documents/GitHub/ros2_ws/build/herding_v1_package/build/lib/herding_v1_package
[3.018s] copying herding_v1_package/herding_node.py -> /home/wyatt/Documents/GitHub/ros2_ws/build/herding_v1_package/build/lib/herding_v1_package
[3.019s] running install
[3.037s] running install_lib
[3.093s] creating /home/wyatt/Documents/GitHub/ros2_ws/install/herding_v1_package/lib/python3.12/site-packages/herding_v1_package
[3.093s] copying /home/wyatt/Documents/GitHub/ros2_ws/build/herding_v1_package/build/lib/herding_v1_package/__init__.py -> /home/wyatt/Documents/GitHub/ros2_ws/install/herding_v1_package/lib/python3.12/site-packages/herding_v1_package
[3.093s] copying /home/wyatt/Documents/GitHub/ros2_ws/build/herding_v1_package/build/lib/herding_v1_package/simulation.py -> /home/wyatt/Documents/GitHub/ros2_ws/install/herding_v1_package/lib/python3.12/site-packages/herding_v1_package
[3.093s] copying /home/wyatt/Documents/GitHub/ros2_ws/build/herding_v1_package/build/lib/herding_v1_package/herding_node.py -> /home/wyatt/Documents/GitHub/ros2_ws/install/herding_v1_package/lib/python3.12/site-packages/herding_v1_package
[3.094s] byte-compiling /home/wyatt/Documents/GitHub/ros2_ws/install/herding_v1_package/lib/python3.12/site-packages/herding_v1_package/__init__.py to __init__.cpython-312.pyc
[3.096s] byte-compiling /home/wyatt/Documents/GitHub/ros2_ws/install/herding_v1_package/lib/python3.12/site-packages/herding_v1_package/simulation.py to simulation.cpython-312.pyc
[3.097s] byte-compiling /home/wyatt/Documents/GitHub/ros2_ws/install/herding_v1_package/lib/python3.12/site-packages/herding_v1_package/herding_node.py to herding_node.cpython-312.pyc
[3.105s] running install_data
[3.105s] creating /home/wyatt/Documents/GitHub/ros2_ws/install/herding_v1_package/share/ament_index
[3.105s] creating /home/wyatt/Documents/GitHub/ros2_ws/install/herding_v1_package/share/ament_index/resource_index
[3.105s] creating /home/wyatt/Documents/GitHub/ros2_ws/install/herding_v1_package/share/ament_index/resource_index/packages
[3.106s] copying resource/herding_v1_package -> /home/wyatt/Documents/GitHub/ros2_ws/install/herding_v1_package/share/ament_index/resource_index/packages
[3.108s] copying package.xml -> /home/wyatt/Documents/GitHub/ros2_ws/install/herding_v1_package/share/herding_v1_package
[3.108s] running install_egg_info
[3.208s] Copying ../../build/herding_v1_package/herding_v1_package.egg-info to /home/wyatt/Documents/GitHub/ros2_ws/install/herding_v1_package/lib/python3.12/site-packages/herding_v1_package-0.0.0-py3.12.egg-info
[3.214s] running install_scripts
[3.592s] Installing herding_node script to /home/wyatt/Documents/GitHub/ros2_ws/install/herding_v1_package/lib/herding_v1_package
[3.593s] writing list of installed files to '/home/wyatt/Documents/GitHub/ros2_ws/build/herding_v1_package/install.log'
[3.656s] Invoked command in '/home/wyatt/Documents/GitHub/ros2_ws/src/herding_v1_package' returned '0': DEBUGINFOD_URLS=https://debuginfod.ubuntu.com PYTHONPATH=/home/wyatt/Documents/GitHub/ros2_ws/build/herding_v1_package/prefix_override:/usr/lib/python3/dist-packages/colcon_core/task/python/colcon_distutils_commands:/home/wyatt/Documents/GitHub/ros2_ws/install/herding_v1_package/lib/python3.12/site-packages:${PYTHONPATH} /usr/bin/python3 -W ignore:setup.py install is deprecated setup.py egg_info --egg-base ../../build/herding_v1_package build --build-base /home/wyatt/Documents/GitHub/ros2_ws/build/herding_v1_package/build install --record /home/wyatt/Documents/GitHub/ros2_ws/build/herding_v1_package/install.log --single-version-externally-managed install_data
