[1.486s] Invoking command in '/home/wyatt/ros2_ws/src/common/geodetic_conversion': PYTHONPATH=/home/wyatt/ros2_ws/build/geodetic_conversion/prefix_override:/usr/lib/python3/dist-packages/colcon_core/task/python/colcon_distutils_commands:/home/wyatt/ros2_ws/install/geodetic_conversion/lib/python3.10/site-packages:${PYTHONPATH} /usr/bin/python3 -W ignore:setup.py install is deprecated setup.py egg_info --egg-base ../../../build/geodetic_conversion build --build-base /home/wyatt/ros2_ws/build/geodetic_conversion/build install --record /home/wyatt/ros2_ws/build/geodetic_conversion/install.log --single-version-externally-managed install_data
[1.982s] running egg_info
[1.983s] creating ../../../build/geodetic_conversion/geodetic_conversion.egg-info
[1.983s] writing ../../../build/geodetic_conversion/geodetic_conversion.egg-info/PKG-INFO
[1.983s] writing dependency_links to ../../../build/geodetic_conversion/geodetic_conversion.egg-info/dependency_links.txt
[1.983s] writing entry points to ../../../build/geodetic_conversion/geodetic_conversion.egg-info/entry_points.txt
[1.983s] writing requirements to ../../../build/geodetic_conversion/geodetic_conversion.egg-info/requires.txt
[1.983s] writing top-level names to ../../../build/geodetic_conversion/geodetic_conversion.egg-info/top_level.txt
[1.983s] writing manifest file '../../../build/geodetic_conversion/geodetic_conversion.egg-info/SOURCES.txt'
[1.983s] reading manifest file '../../../build/geodetic_conversion/geodetic_conversion.egg-info/SOURCES.txt'
[1.985s] writing manifest file '../../../build/geodetic_conversion/geodetic_conversion.egg-info/SOURCES.txt'
[1.985s] running build
[1.985s] running build_py
[1.987s] creating /home/wyatt/ros2_ws/build/geodetic_conversion/build
[1.987s] creating /home/wyatt/ros2_ws/build/geodetic_conversion/build/lib
[1.988s] creating /home/wyatt/ros2_ws/build/geodetic_conversion/build/lib/geodetic_conversion
[1.988s] copying geodetic_conversion/geodetic_conversion_node.py -> /home/wyatt/ros2_ws/build/geodetic_conversion/build/lib/geodetic_conversion
[1.988s] copying geodetic_conversion/__init__.py -> /home/wyatt/ros2_ws/build/geodetic_conversion/build/lib/geodetic_conversion
[1.988s] running install
[1.988s] running install_lib
[1.989s] creating /home/wyatt/ros2_ws/install/geodetic_conversion/lib/python3.10/site-packages/geodetic_conversion
[1.989s] copying /home/wyatt/ros2_ws/build/geodetic_conversion/build/lib/geodetic_conversion/geodetic_conversion_node.py -> /home/wyatt/ros2_ws/install/geodetic_conversion/lib/python3.10/site-packages/geodetic_conversion
[1.989s] copying /home/wyatt/ros2_ws/build/geodetic_conversion/build/lib/geodetic_conversion/__init__.py -> /home/wyatt/ros2_ws/install/geodetic_conversion/lib/python3.10/site-packages/geodetic_conversion
[1.991s] byte-compiling /home/wyatt/ros2_ws/install/geodetic_conversion/lib/python3.10/site-packages/geodetic_conversion/geodetic_conversion_node.py to geodetic_conversion_node.cpython-310.pyc
[1.993s] byte-compiling /home/wyatt/ros2_ws/install/geodetic_conversion/lib/python3.10/site-packages/geodetic_conversion/__init__.py to __init__.cpython-310.pyc
[1.993s] running install_data
[1.993s] creating /home/wyatt/ros2_ws/install/geodetic_conversion/share/ament_index
[1.994s] creating /home/wyatt/ros2_ws/install/geodetic_conversion/share/ament_index/resource_index
[1.995s] creating /home/wyatt/ros2_ws/install/geodetic_conversion/share/ament_index/resource_index/packages
[1.995s] copying resource/geodetic_conversion -> /home/wyatt/ros2_ws/install/geodetic_conversion/share/ament_index/resource_index/packages
[1.996s] copying package.xml -> /home/wyatt/ros2_ws/install/geodetic_conversion/share/geodetic_conversion
[1.996s] running install_egg_info
[1.997s] Copying ../../../build/geodetic_conversion/geodetic_conversion.egg-info to /home/wyatt/ros2_ws/install/geodetic_conversion/lib/python3.10/site-packages/geodetic_conversion-0.0.0-py3.10.egg-info
[2.000s] running install_scripts
[2.044s] Installing geodetic_conversion_node script to /home/wyatt/ros2_ws/install/geodetic_conversion/lib/geodetic_conversion
[2.044s] writing list of installed files to '/home/wyatt/ros2_ws/build/geodetic_conversion/install.log'
[2.108s] Invoked command in '/home/wyatt/ros2_ws/src/common/geodetic_conversion' returned '0': PYTHONPATH=/home/wyatt/ros2_ws/build/geodetic_conversion/prefix_override:/usr/lib/python3/dist-packages/colcon_core/task/python/colcon_distutils_commands:/home/wyatt/ros2_ws/install/geodetic_conversion/lib/python3.10/site-packages:${PYTHONPATH} /usr/bin/python3 -W ignore:setup.py install is deprecated setup.py egg_info --egg-base ../../../build/geodetic_conversion build --build-base /home/wyatt/ros2_ws/build/geodetic_conversion/build install --record /home/wyatt/ros2_ws/build/geodetic_conversion/install.log --single-version-externally-managed install_data
