[1.565s] Invoking command in '/home/wyatt/ros2_ws/src/herding_v1_package': PYTHONPATH=/home/wyatt/ros2_ws/build/herding_v1_package/prefix_override:/usr/lib/python3/dist-packages/colcon_core/task/python/colcon_distutils_commands:/home/wyatt/ros2_ws/install/herding_v1_package/lib/python3.10/site-packages:${PYTHONPATH} /usr/bin/python3 -W ignore:setup.py install is deprecated setup.py egg_info --egg-base ../../build/herding_v1_package build --build-base /home/wyatt/ros2_ws/build/herding_v1_package/build install --record /home/wyatt/ros2_ws/build/herding_v1_package/install.log --single-version-externally-managed install_data
[2.060s] running egg_info
[2.061s] creating ../../build/herding_v1_package/herding_v1_package.egg-info
[2.061s] writing ../../build/herding_v1_package/herding_v1_package.egg-info/PKG-INFO
[2.063s] writing dependency_links to ../../build/herding_v1_package/herding_v1_package.egg-info/dependency_links.txt
[2.063s] writing entry points to ../../build/herding_v1_package/herding_v1_package.egg-info/entry_points.txt
[2.064s] writing requirements to ../../build/herding_v1_package/herding_v1_package.egg-info/requires.txt
[2.064s] writing top-level names to ../../build/herding_v1_package/herding_v1_package.egg-info/top_level.txt
[2.065s] writing manifest file '../../build/herding_v1_package/herding_v1_package.egg-info/SOURCES.txt'
[2.068s] reading manifest file '../../build/herding_v1_package/herding_v1_package.egg-info/SOURCES.txt'
[2.069s] writing manifest file '../../build/herding_v1_package/herding_v1_package.egg-info/SOURCES.txt'
[2.070s] running build
[2.070s] running build_py
[2.070s] creating /home/wyatt/ros2_ws/build/herding_v1_package/build
[2.070s] creating /home/wyatt/ros2_ws/build/herding_v1_package/build/lib
[2.070s] creating /home/wyatt/ros2_ws/build/herding_v1_package/build/lib/herding_v1_package
[2.071s] copying herding_v1_package/__init__.py -> /home/wyatt/ros2_ws/build/herding_v1_package/build/lib/herding_v1_package
[2.071s] copying herding_v1_package/herding_node.py -> /home/wyatt/ros2_ws/build/herding_v1_package/build/lib/herding_v1_package
[2.072s] copying herding_v1_package/simulation.py -> /home/wyatt/ros2_ws/build/herding_v1_package/build/lib/herding_v1_package
[2.073s] running install
[2.073s] running install_lib
[2.075s] creating /home/wyatt/ros2_ws/install/herding_v1_package/lib/python3.10/site-packages/herding_v1_package
[2.075s] copying /home/wyatt/ros2_ws/build/herding_v1_package/build/lib/herding_v1_package/__init__.py -> /home/wyatt/ros2_ws/install/herding_v1_package/lib/python3.10/site-packages/herding_v1_package
[2.075s] copying /home/wyatt/ros2_ws/build/herding_v1_package/build/lib/herding_v1_package/herding_node.py -> /home/wyatt/ros2_ws/install/herding_v1_package/lib/python3.10/site-packages/herding_v1_package
[2.076s] copying /home/wyatt/ros2_ws/build/herding_v1_package/build/lib/herding_v1_package/simulation.py -> /home/wyatt/ros2_ws/install/herding_v1_package/lib/python3.10/site-packages/herding_v1_package
[2.077s] byte-compiling /home/wyatt/ros2_ws/install/herding_v1_package/lib/python3.10/site-packages/herding_v1_package/__init__.py to __init__.cpython-310.pyc
[2.077s] byte-compiling /home/wyatt/ros2_ws/install/herding_v1_package/lib/python3.10/site-packages/herding_v1_package/herding_node.py to herding_node.cpython-310.pyc
[2.079s] byte-compiling /home/wyatt/ros2_ws/install/herding_v1_package/lib/python3.10/site-packages/herding_v1_package/simulation.py to simulation.cpython-310.pyc
[2.080s] running install_data
[2.081s] creating /home/wyatt/ros2_ws/install/herding_v1_package/share/ament_index
[2.082s] creating /home/wyatt/ros2_ws/install/herding_v1_package/share/ament_index/resource_index
[2.082s] creating /home/wyatt/ros2_ws/install/herding_v1_package/share/ament_index/resource_index/packages
[2.082s] copying resource/herding_v1_package -> /home/wyatt/ros2_ws/install/herding_v1_package/share/ament_index/resource_index/packages
[2.082s] copying package.xml -> /home/wyatt/ros2_ws/install/herding_v1_package/share/herding_v1_package
[2.083s] running install_egg_info
[2.086s] Copying ../../build/herding_v1_package/herding_v1_package.egg-info to /home/wyatt/ros2_ws/install/herding_v1_package/lib/python3.10/site-packages/herding_v1_package-0.0.0-py3.10.egg-info
[2.087s] running install_scripts
[2.123s] Installing herding_node script to /home/wyatt/ros2_ws/install/herding_v1_package/lib/herding_v1_package
[2.125s] writing list of installed files to '/home/wyatt/ros2_ws/build/herding_v1_package/install.log'
[2.170s] Invoked command in '/home/wyatt/ros2_ws/src/herding_v1_package' returned '0': PYTHONPATH=/home/wyatt/ros2_ws/build/herding_v1_package/prefix_override:/usr/lib/python3/dist-packages/colcon_core/task/python/colcon_distutils_commands:/home/wyatt/ros2_ws/install/herding_v1_package/lib/python3.10/site-packages:${PYTHONPATH} /usr/bin/python3 -W ignore:setup.py install is deprecated setup.py egg_info --egg-base ../../build/herding_v1_package build --build-base /home/wyatt/ros2_ws/build/herding_v1_package/build install --record /home/wyatt/ros2_ws/build/herding_v1_package/install.log --single-version-externally-managed install_data
