[0.702s] DEBUG:colcon:Command line arguments: ['/usr/bin/colcon', 'build']
[0.702s] DEBUG:colcon:Parsed command line arguments: Namespace(log_base=None, log_level=None, verb_name='build', build_base='build', install_base='install', merge_install=False, symlink_install=False, test_result_base=None, continue_on_error=False, executor='parallel', parallel_workers=8, event_handlers=None, ignore_user_meta=False, metas=['./colcon.meta'], base_paths=['.'], packages_ignore=None, packages_ignore_regex=None, paths=None, packages_up_to=None, packages_up_to_regex=None, packages_above=None, packages_above_and_dependencies=None, packages_above_depth=None, packages_select_by_dep=None, packages_skip_by_dep=None, packages_skip_up_to=None, packages_select_build_failed=False, packages_skip_build_finished=False, packages_select_test_failures=False, packages_skip_test_passed=False, packages_select=None, packages_skip=None, packages_select_regex=None, packages_skip_regex=None, packages_start=None, packages_end=None, allow_overriding=[], cmake_args=None, cmake_target=None, cmake_target_skip_unavailable=False, cmake_clean_cache=False, cmake_clean_first=False, cmake_force_configure=False, ament_cmake_args=None, catkin_cmake_args=None, catkin_skip_building_tests=False, verb_parser=<colcon_defaults.argument_parser.defaults.DefaultArgumentsDecorator object at 0x7f97d6678d60>, verb_extension=<colcon_core.verb.build.BuildVerb object at 0x7f97d6679a20>, main=<bound method BuildVerb.main of <colcon_core.verb.build.BuildVerb object at 0x7f97d6679a20>>)
[0.750s] Level 1:colcon.colcon_core.package_discovery:discover_packages(colcon_meta) check parameters
[0.750s] Level 1:colcon.colcon_core.package_discovery:discover_packages(recursive) check parameters
[0.751s] Level 1:colcon.colcon_core.package_discovery:discover_packages(ignore) check parameters
[0.751s] Level 1:colcon.colcon_core.package_discovery:discover_packages(path) check parameters
[0.751s] Level 1:colcon.colcon_core.package_discovery:discover_packages(colcon_meta) discover
[0.751s] Level 1:colcon.colcon_core.package_discovery:discover_packages(recursive) discover
[0.751s] INFO:colcon.colcon_core.package_discovery:Crawling recursively for packages in '/home/wyatt/git_ros2/ros2_ws'
[0.752s] Level 1:colcon.colcon_core.package_identification:_identify(.) by extensions ['ignore', 'ignore_ament_install']
[0.752s] Level 1:colcon.colcon_core.package_identification:_identify(.) by extension 'ignore'
[0.752s] Level 1:colcon.colcon_core.package_identification:_identify(.) by extension 'ignore_ament_install'
[0.752s] Level 1:colcon.colcon_core.package_identification:_identify(.) by extensions ['colcon_pkg']
[0.752s] Level 1:colcon.colcon_core.package_identification:_identify(.) by extension 'colcon_pkg'
[0.753s] Level 1:colcon.colcon_core.package_identification:_identify(.) by extensions ['colcon_meta']
[0.753s] Level 1:colcon.colcon_core.package_identification:_identify(.) by extension 'colcon_meta'
[0.753s] Level 1:colcon.colcon_core.package_identification:_identify(.) by extensions ['ros']
[0.753s] Level 1:colcon.colcon_core.package_identification:_identify(.) by extension 'ros'
[0.765s] Level 1:colcon.colcon_core.package_identification:_identify(.) by extensions ['cmake', 'python']
[0.766s] Level 1:colcon.colcon_core.package_identification:_identify(.) by extension 'cmake'
[0.766s] Level 1:colcon.colcon_core.package_identification:_identify(.) by extension 'python'
[0.767s] Level 1:colcon.colcon_core.package_identification:_identify(.) by extensions ['python_setup_py']
[0.767s] Level 1:colcon.colcon_core.package_identification:_identify(.) by extension 'python_setup_py'
[0.768s] Level 1:colcon.colcon_core.package_identification:_identify(Simulation_2024-03-19_14-20-50) by extensions ['ignore', 'ignore_ament_install']
[0.768s] Level 1:colcon.colcon_core.package_identification:_identify(Simulation_2024-03-19_14-20-50) by extension 'ignore'
[0.768s] Level 1:colcon.colcon_core.package_identification:_identify(Simulation_2024-03-19_14-20-50) by extension 'ignore_ament_install'
[0.769s] Level 1:colcon.colcon_core.package_identification:_identify(Simulation_2024-03-19_14-20-50) by extensions ['colcon_pkg']
[0.769s] Level 1:colcon.colcon_core.package_identification:_identify(Simulation_2024-03-19_14-20-50) by extension 'colcon_pkg'
[0.769s] Level 1:colcon.colcon_core.package_identification:_identify(Simulation_2024-03-19_14-20-50) by extensions ['colcon_meta']
[0.769s] Level 1:colcon.colcon_core.package_identification:_identify(Simulation_2024-03-19_14-20-50) by extension 'colcon_meta'
[0.769s] Level 1:colcon.colcon_core.package_identification:_identify(Simulation_2024-03-19_14-20-50) by extensions ['ros']
[0.769s] Level 1:colcon.colcon_core.package_identification:_identify(Simulation_2024-03-19_14-20-50) by extension 'ros'
[0.769s] Level 1:colcon.colcon_core.package_identification:_identify(Simulation_2024-03-19_14-20-50) by extensions ['cmake', 'python']
[0.769s] Level 1:colcon.colcon_core.package_identification:_identify(Simulation_2024-03-19_14-20-50) by extension 'cmake'
[0.769s] Level 1:colcon.colcon_core.package_identification:_identify(Simulation_2024-03-19_14-20-50) by extension 'python'
[0.770s] Level 1:colcon.colcon_core.package_identification:_identify(Simulation_2024-03-19_14-20-50) by extensions ['python_setup_py']
[0.770s] Level 1:colcon.colcon_core.package_identification:_identify(Simulation_2024-03-19_14-20-50) by extension 'python_setup_py'
[0.770s] Level 1:colcon.colcon_core.package_identification:_identify(Simulation_2024-03-19_14-34-46) by extensions ['ignore', 'ignore_ament_install']
[0.770s] Level 1:colcon.colcon_core.package_identification:_identify(Simulation_2024-03-19_14-34-46) by extension 'ignore'
[0.770s] Level 1:colcon.colcon_core.package_identification:_identify(Simulation_2024-03-19_14-34-46) by extension 'ignore_ament_install'
[0.770s] Level 1:colcon.colcon_core.package_identification:_identify(Simulation_2024-03-19_14-34-46) by extensions ['colcon_pkg']
[0.771s] Level 1:colcon.colcon_core.package_identification:_identify(Simulation_2024-03-19_14-34-46) by extension 'colcon_pkg'
[0.771s] Level 1:colcon.colcon_core.package_identification:_identify(Simulation_2024-03-19_14-34-46) by extensions ['colcon_meta']
[0.771s] Level 1:colcon.colcon_core.package_identification:_identify(Simulation_2024-03-19_14-34-46) by extension 'colcon_meta'
[0.771s] Level 1:colcon.colcon_core.package_identification:_identify(Simulation_2024-03-19_14-34-46) by extensions ['ros']
[0.771s] Level 1:colcon.colcon_core.package_identification:_identify(Simulation_2024-03-19_14-34-46) by extension 'ros'
[0.771s] Level 1:colcon.colcon_core.package_identification:_identify(Simulation_2024-03-19_14-34-46) by extensions ['cmake', 'python']
[0.771s] Level 1:colcon.colcon_core.package_identification:_identify(Simulation_2024-03-19_14-34-46) by extension 'cmake'
[0.771s] Level 1:colcon.colcon_core.package_identification:_identify(Simulation_2024-03-19_14-34-46) by extension 'python'
[0.772s] Level 1:colcon.colcon_core.package_identification:_identify(Simulation_2024-03-19_14-34-46) by extensions ['python_setup_py']
[0.772s] Level 1:colcon.colcon_core.package_identification:_identify(Simulation_2024-03-19_14-34-46) by extension 'python_setup_py'
[0.772s] Level 1:colcon.colcon_core.package_identification:_identify(Simulation_2024-03-19_14-36-08) by extensions ['ignore', 'ignore_ament_install']
[0.772s] Level 1:colcon.colcon_core.package_identification:_identify(Simulation_2024-03-19_14-36-08) by extension 'ignore'
[0.772s] Level 1:colcon.colcon_core.package_identification:_identify(Simulation_2024-03-19_14-36-08) by extension 'ignore_ament_install'
[0.773s] Level 1:colcon.colcon_core.package_identification:_identify(Simulation_2024-03-19_14-36-08) by extensions ['colcon_pkg']
[0.773s] Level 1:colcon.colcon_core.package_identification:_identify(Simulation_2024-03-19_14-36-08) by extension 'colcon_pkg'
[0.773s] Level 1:colcon.colcon_core.package_identification:_identify(Simulation_2024-03-19_14-36-08) by extensions ['colcon_meta']
[0.773s] Level 1:colcon.colcon_core.package_identification:_identify(Simulation_2024-03-19_14-36-08) by extension 'colcon_meta'
[0.773s] Level 1:colcon.colcon_core.package_identification:_identify(Simulation_2024-03-19_14-36-08) by extensions ['ros']
[0.773s] Level 1:colcon.colcon_core.package_identification:_identify(Simulation_2024-03-19_14-36-08) by extension 'ros'
[0.773s] Level 1:colcon.colcon_core.package_identification:_identify(Simulation_2024-03-19_14-36-08) by extensions ['cmake', 'python']
[0.773s] Level 1:colcon.colcon_core.package_identification:_identify(Simulation_2024-03-19_14-36-08) by extension 'cmake'
[0.773s] Level 1:colcon.colcon_core.package_identification:_identify(Simulation_2024-03-19_14-36-08) by extension 'python'
[0.773s] Level 1:colcon.colcon_core.package_identification:_identify(Simulation_2024-03-19_14-36-08) by extensions ['python_setup_py']
[0.773s] Level 1:colcon.colcon_core.package_identification:_identify(Simulation_2024-03-19_14-36-08) by extension 'python_setup_py'
[0.773s] Level 1:colcon.colcon_core.package_identification:_identify(a_NO-DELETE-Simulation_2024-02-25_13-50-01) by extensions ['ignore', 'ignore_ament_install']
[0.773s] Level 1:colcon.colcon_core.package_identification:_identify(a_NO-DELETE-Simulation_2024-02-25_13-50-01) by extension 'ignore'
[0.773s] Level 1:colcon.colcon_core.package_identification:_identify(a_NO-DELETE-Simulation_2024-02-25_13-50-01) by extension 'ignore_ament_install'
[0.773s] Level 1:colcon.colcon_core.package_identification:_identify(a_NO-DELETE-Simulation_2024-02-25_13-50-01) by extensions ['colcon_pkg']
[0.773s] Level 1:colcon.colcon_core.package_identification:_identify(a_NO-DELETE-Simulation_2024-02-25_13-50-01) by extension 'colcon_pkg'
[0.773s] Level 1:colcon.colcon_core.package_identification:_identify(a_NO-DELETE-Simulation_2024-02-25_13-50-01) by extensions ['colcon_meta']
[0.773s] Level 1:colcon.colcon_core.package_identification:_identify(a_NO-DELETE-Simulation_2024-02-25_13-50-01) by extension 'colcon_meta'
[0.774s] Level 1:colcon.colcon_core.package_identification:_identify(a_NO-DELETE-Simulation_2024-02-25_13-50-01) by extensions ['ros']
[0.774s] Level 1:colcon.colcon_core.package_identification:_identify(a_NO-DELETE-Simulation_2024-02-25_13-50-01) by extension 'ros'
[0.774s] Level 1:colcon.colcon_core.package_identification:_identify(a_NO-DELETE-Simulation_2024-02-25_13-50-01) by extensions ['cmake', 'python']
[0.774s] Level 1:colcon.colcon_core.package_identification:_identify(a_NO-DELETE-Simulation_2024-02-25_13-50-01) by extension 'cmake'
[0.774s] Level 1:colcon.colcon_core.package_identification:_identify(a_NO-DELETE-Simulation_2024-02-25_13-50-01) by extension 'python'
[0.774s] Level 1:colcon.colcon_core.package_identification:_identify(a_NO-DELETE-Simulation_2024-02-25_13-50-01) by extensions ['python_setup_py']
[0.774s] Level 1:colcon.colcon_core.package_identification:_identify(a_NO-DELETE-Simulation_2024-02-25_13-50-01) by extension 'python_setup_py'
[0.774s] Level 1:colcon.colcon_core.package_identification:_identify(a_NO-DELETE-rosbag2_2024_02_29-14_30_00) by extensions ['ignore', 'ignore_ament_install']
[0.774s] Level 1:colcon.colcon_core.package_identification:_identify(a_NO-DELETE-rosbag2_2024_02_29-14_30_00) by extension 'ignore'
[0.774s] Level 1:colcon.colcon_core.package_identification:_identify(a_NO-DELETE-rosbag2_2024_02_29-14_30_00) by extension 'ignore_ament_install'
[0.774s] Level 1:colcon.colcon_core.package_identification:_identify(a_NO-DELETE-rosbag2_2024_02_29-14_30_00) by extensions ['colcon_pkg']
[0.774s] Level 1:colcon.colcon_core.package_identification:_identify(a_NO-DELETE-rosbag2_2024_02_29-14_30_00) by extension 'colcon_pkg'
[0.774s] Level 1:colcon.colcon_core.package_identification:_identify(a_NO-DELETE-rosbag2_2024_02_29-14_30_00) by extensions ['colcon_meta']
[0.774s] Level 1:colcon.colcon_core.package_identification:_identify(a_NO-DELETE-rosbag2_2024_02_29-14_30_00) by extension 'colcon_meta'
[0.774s] Level 1:colcon.colcon_core.package_identification:_identify(a_NO-DELETE-rosbag2_2024_02_29-14_30_00) by extensions ['ros']
[0.774s] Level 1:colcon.colcon_core.package_identification:_identify(a_NO-DELETE-rosbag2_2024_02_29-14_30_00) by extension 'ros'
[0.775s] Level 1:colcon.colcon_core.package_identification:_identify(a_NO-DELETE-rosbag2_2024_02_29-14_30_00) by extensions ['cmake', 'python']
[0.775s] Level 1:colcon.colcon_core.package_identification:_identify(a_NO-DELETE-rosbag2_2024_02_29-14_30_00) by extension 'cmake'
[0.775s] Level 1:colcon.colcon_core.package_identification:_identify(a_NO-DELETE-rosbag2_2024_02_29-14_30_00) by extension 'python'
[0.775s] Level 1:colcon.colcon_core.package_identification:_identify(a_NO-DELETE-rosbag2_2024_02_29-14_30_00) by extensions ['python_setup_py']
[0.775s] Level 1:colcon.colcon_core.package_identification:_identify(a_NO-DELETE-rosbag2_2024_02_29-14_30_00) by extension 'python_setup_py'
[0.775s] Level 1:colcon.colcon_core.package_identification:_identify(build) by extensions ['ignore', 'ignore_ament_install']
[0.775s] Level 1:colcon.colcon_core.package_identification:_identify(build) by extension 'ignore'
[0.775s] Level 1:colcon.colcon_core.package_identification:_identify(build) ignored
[0.776s] Level 1:colcon.colcon_core.package_identification:_identify(install) by extensions ['ignore', 'ignore_ament_install']
[0.776s] Level 1:colcon.colcon_core.package_identification:_identify(install) by extension 'ignore'
[0.776s] Level 1:colcon.colcon_core.package_identification:_identify(install) ignored
[0.776s] Level 1:colcon.colcon_core.package_identification:_identify(log) by extensions ['ignore', 'ignore_ament_install']
[0.776s] Level 1:colcon.colcon_core.package_identification:_identify(log) by extension 'ignore'
[0.776s] Level 1:colcon.colcon_core.package_identification:_identify(log) ignored
[0.776s] Level 1:colcon.colcon_core.package_identification:_identify(src) by extensions ['ignore', 'ignore_ament_install']
[0.776s] Level 1:colcon.colcon_core.package_identification:_identify(src) by extension 'ignore'
[0.776s] Level 1:colcon.colcon_core.package_identification:_identify(src) by extension 'ignore_ament_install'
[0.776s] Level 1:colcon.colcon_core.package_identification:_identify(src) by extensions ['colcon_pkg']
[0.776s] Level 1:colcon.colcon_core.package_identification:_identify(src) by extension 'colcon_pkg'
[0.776s] Level 1:colcon.colcon_core.package_identification:_identify(src) by extensions ['colcon_meta']
[0.776s] Level 1:colcon.colcon_core.package_identification:_identify(src) by extension 'colcon_meta'
[0.776s] Level 1:colcon.colcon_core.package_identification:_identify(src) by extensions ['ros']
[0.776s] Level 1:colcon.colcon_core.package_identification:_identify(src) by extension 'ros'
[0.776s] Level 1:colcon.colcon_core.package_identification:_identify(src) by extensions ['cmake', 'python']
[0.776s] Level 1:colcon.colcon_core.package_identification:_identify(src) by extension 'cmake'
[0.776s] Level 1:colcon.colcon_core.package_identification:_identify(src) by extension 'python'
[0.776s] Level 1:colcon.colcon_core.package_identification:_identify(src) by extensions ['python_setup_py']
[0.777s] Level 1:colcon.colcon_core.package_identification:_identify(src) by extension 'python_setup_py'
[0.777s] Level 1:colcon.colcon_core.package_identification:_identify(src/estop_button) by extensions ['ignore', 'ignore_ament_install']
[0.777s] Level 1:colcon.colcon_core.package_identification:_identify(src/estop_button) by extension 'ignore'
[0.777s] Level 1:colcon.colcon_core.package_identification:_identify(src/estop_button) by extension 'ignore_ament_install'
[0.777s] Level 1:colcon.colcon_core.package_identification:_identify(src/estop_button) by extensions ['colcon_pkg']
[0.777s] Level 1:colcon.colcon_core.package_identification:_identify(src/estop_button) by extension 'colcon_pkg'
[0.777s] Level 1:colcon.colcon_core.package_identification:_identify(src/estop_button) by extensions ['colcon_meta']
[0.777s] Level 1:colcon.colcon_core.package_identification:_identify(src/estop_button) by extension 'colcon_meta'
[0.777s] Level 1:colcon.colcon_core.package_identification:_identify(src/estop_button) by extensions ['ros']
[0.777s] Level 1:colcon.colcon_core.package_identification:_identify(src/estop_button) by extension 'ros'
[0.781s] DEBUG:colcon.colcon_core.package_identification:Package 'src/estop_button' with type 'ros.ament_python' and name 'estop_button'
[0.781s] Level 1:colcon.colcon_core.package_identification:_identify(src/herding_v1_package) by extensions ['ignore', 'ignore_ament_install']
[0.781s] Level 1:colcon.colcon_core.package_identification:_identify(src/herding_v1_package) by extension 'ignore'
[0.781s] Level 1:colcon.colcon_core.package_identification:_identify(src/herding_v1_package) by extension 'ignore_ament_install'
[0.781s] Level 1:colcon.colcon_core.package_identification:_identify(src/herding_v1_package) by extensions ['colcon_pkg']
[0.781s] Level 1:colcon.colcon_core.package_identification:_identify(src/herding_v1_package) by extension 'colcon_pkg'
[0.781s] Level 1:colcon.colcon_core.package_identification:_identify(src/herding_v1_package) by extensions ['colcon_meta']
[0.781s] Level 1:colcon.colcon_core.package_identification:_identify(src/herding_v1_package) by extension 'colcon_meta'
[0.781s] Level 1:colcon.colcon_core.package_identification:_identify(src/herding_v1_package) by extensions ['ros']
[0.781s] Level 1:colcon.colcon_core.package_identification:_identify(src/herding_v1_package) by extension 'ros'
[0.782s] DEBUG:colcon.colcon_core.package_identification:Package 'src/herding_v1_package' with type 'ros.ament_python' and name 'herding_v1_package'
[0.782s] Level 1:colcon.colcon_core.package_identification:_identify(src/test_herding_pkg) by extensions ['ignore', 'ignore_ament_install']
[0.782s] Level 1:colcon.colcon_core.package_identification:_identify(src/test_herding_pkg) by extension 'ignore'
[0.782s] Level 1:colcon.colcon_core.package_identification:_identify(src/test_herding_pkg) by extension 'ignore_ament_install'
[0.783s] Level 1:colcon.colcon_core.package_identification:_identify(src/test_herding_pkg) by extensions ['colcon_pkg']
[0.783s] Level 1:colcon.colcon_core.package_identification:_identify(src/test_herding_pkg) by extension 'colcon_pkg'
[0.783s] Level 1:colcon.colcon_core.package_identification:_identify(src/test_herding_pkg) by extensions ['colcon_meta']
[0.783s] Level 1:colcon.colcon_core.package_identification:_identify(src/test_herding_pkg) by extension 'colcon_meta'
[0.783s] Level 1:colcon.colcon_core.package_identification:_identify(src/test_herding_pkg) by extensions ['ros']
[0.783s] Level 1:colcon.colcon_core.package_identification:_identify(src/test_herding_pkg) by extension 'ros'
[0.783s] DEBUG:colcon.colcon_core.package_identification:Package 'src/test_herding_pkg' with type 'ros.ament_python' and name 'test_herding_pkg'
[0.784s] Level 1:colcon.colcon_core.package_identification:_identify(src/uf_interfaces) by extensions ['ignore', 'ignore_ament_install']
[0.784s] Level 1:colcon.colcon_core.package_identification:_identify(src/uf_interfaces) by extension 'ignore'
[0.784s] Level 1:colcon.colcon_core.package_identification:_identify(src/uf_interfaces) by extension 'ignore_ament_install'
[0.784s] Level 1:colcon.colcon_core.package_identification:_identify(src/uf_interfaces) by extensions ['colcon_pkg']
[0.784s] Level 1:colcon.colcon_core.package_identification:_identify(src/uf_interfaces) by extension 'colcon_pkg'
[0.784s] Level 1:colcon.colcon_core.package_identification:_identify(src/uf_interfaces) by extensions ['colcon_meta']
[0.784s] Level 1:colcon.colcon_core.package_identification:_identify(src/uf_interfaces) by extension 'colcon_meta'
[0.784s] Level 1:colcon.colcon_core.package_identification:_identify(src/uf_interfaces) by extensions ['ros']
[0.784s] Level 1:colcon.colcon_core.package_identification:_identify(src/uf_interfaces) by extension 'ros'
[0.785s] DEBUG:colcon.colcon_core.package_identification:Package 'src/uf_interfaces' with type 'ros.ament_cmake' and name 'uf_interfaces'
[0.785s] Level 1:colcon.colcon_core.package_identification:_identify(src/vehicle_position_checker) by extensions ['ignore', 'ignore_ament_install']
[0.785s] Level 1:colcon.colcon_core.package_identification:_identify(src/vehicle_position_checker) by extension 'ignore'
[0.785s] Level 1:colcon.colcon_core.package_identification:_identify(src/vehicle_position_checker) by extension 'ignore_ament_install'
[0.785s] Level 1:colcon.colcon_core.package_identification:_identify(src/vehicle_position_checker) by extensions ['colcon_pkg']
[0.785s] Level 1:colcon.colcon_core.package_identification:_identify(src/vehicle_position_checker) by extension 'colcon_pkg'
[0.786s] Level 1:colcon.colcon_core.package_identification:_identify(src/vehicle_position_checker) by extensions ['colcon_meta']
[0.786s] Level 1:colcon.colcon_core.package_identification:_identify(src/vehicle_position_checker) by extension 'colcon_meta'
[0.786s] Level 1:colcon.colcon_core.package_identification:_identify(src/vehicle_position_checker) by extensions ['ros']
[0.786s] Level 1:colcon.colcon_core.package_identification:_identify(src/vehicle_position_checker) by extension 'ros'
[0.786s] DEBUG:colcon.colcon_core.package_identification:Package 'src/vehicle_position_checker' with type 'ros.ament_python' and name 'vehicle_position_checker'
[0.786s] Level 1:colcon.colcon_core.package_identification:_identify(src/wind_speed_package) by extensions ['ignore', 'ignore_ament_install']
[0.787s] Level 1:colcon.colcon_core.package_identification:_identify(src/wind_speed_package) by extension 'ignore'
[0.787s] Level 1:colcon.colcon_core.package_identification:_identify(src/wind_speed_package) by extension 'ignore_ament_install'
[0.787s] Level 1:colcon.colcon_core.package_identification:_identify(src/wind_speed_package) by extensions ['colcon_pkg']
[0.787s] Level 1:colcon.colcon_core.package_identification:_identify(src/wind_speed_package) by extension 'colcon_pkg'
[0.787s] Level 1:colcon.colcon_core.package_identification:_identify(src/wind_speed_package) by extensions ['colcon_meta']
[0.787s] Level 1:colcon.colcon_core.package_identification:_identify(src/wind_speed_package) by extension 'colcon_meta'
[0.787s] Level 1:colcon.colcon_core.package_identification:_identify(src/wind_speed_package) by extensions ['ros']
[0.787s] Level 1:colcon.colcon_core.package_identification:_identify(src/wind_speed_package) by extension 'ros'
[0.787s] DEBUG:colcon.colcon_core.package_identification:Package 'src/wind_speed_package' with type 'ros.ament_python' and name 'wind_speed_package'
[0.788s] Level 1:colcon.colcon_core.package_discovery:discover_packages(recursive) using defaults
[0.788s] Level 1:colcon.colcon_core.package_discovery:discover_packages(ignore) discover
[0.788s] Level 1:colcon.colcon_core.package_discovery:discover_packages(ignore) using defaults
[0.788s] Level 1:colcon.colcon_core.package_discovery:discover_packages(path) discover
[0.788s] Level 1:colcon.colcon_core.package_discovery:discover_packages(path) using defaults
[0.892s] Level 1:colcon.colcon_core.package_discovery:discover_packages(prefix_path) check parameters
[0.892s] Level 1:colcon.colcon_core.package_discovery:discover_packages(prefix_path) discover
[0.923s] DEBUG:colcon.colcon_installed_package_information.package_discovery:Found 6 installed packages in /home/wyatt/git_ros2/ros2_ws/install
[0.934s] DEBUG:colcon.colcon_installed_package_information.package_discovery:Found 280 installed packages in /opt/ros/humble
[0.935s] Level 1:colcon.colcon_core.package_discovery:discover_packages(prefix_path) using defaults
[1.007s] Level 5:colcon.colcon_core.verb:set package 'estop_button' build argument 'cmake_args' from command line to 'None'
[1.007s] Level 5:colcon.colcon_core.verb:set package 'estop_button' build argument 'cmake_target' from command line to 'None'
[1.007s] Level 5:colcon.colcon_core.verb:set package 'estop_button' build argument 'cmake_target_skip_unavailable' from command line to 'False'
[1.007s] Level 5:colcon.colcon_core.verb:set package 'estop_button' build argument 'cmake_clean_cache' from command line to 'False'
[1.007s] Level 5:colcon.colcon_core.verb:set package 'estop_button' build argument 'cmake_clean_first' from command line to 'False'
[1.007s] Level 5:colcon.colcon_core.verb:set package 'estop_button' build argument 'cmake_force_configure' from command line to 'False'
[1.007s] Level 5:colcon.colcon_core.verb:set package 'estop_button' build argument 'ament_cmake_args' from command line to 'None'
[1.007s] Level 5:colcon.colcon_core.verb:set package 'estop_button' build argument 'catkin_cmake_args' from command line to 'None'
[1.007s] Level 5:colcon.colcon_core.verb:set package 'estop_button' build argument 'catkin_skip_building_tests' from command line to 'False'
[1.007s] DEBUG:colcon.colcon_core.verb:Building package 'estop_button' with the following arguments: {'ament_cmake_args': None, 'build_base': '/home/wyatt/git_ros2/ros2_ws/build/estop_button', 'catkin_cmake_args': None, 'catkin_skip_building_tests': False, 'cmake_args': None, 'cmake_clean_cache': False, 'cmake_clean_first': False, 'cmake_force_configure': False, 'cmake_target': None, 'cmake_target_skip_unavailable': False, 'install_base': '/home/wyatt/git_ros2/ros2_ws/install/estop_button', 'merge_install': False, 'path': '/home/wyatt/git_ros2/ros2_ws/src/estop_button', 'symlink_install': False, 'test_result_base': None}
[1.019s] Level 5:colcon.colcon_core.verb:set package 'herding_v1_package' build argument 'cmake_args' from command line to 'None'
[1.019s] Level 5:colcon.colcon_core.verb:set package 'herding_v1_package' build argument 'cmake_target' from command line to 'None'
[1.019s] Level 5:colcon.colcon_core.verb:set package 'herding_v1_package' build argument 'cmake_target_skip_unavailable' from command line to 'False'
[1.019s] Level 5:colcon.colcon_core.verb:set package 'herding_v1_package' build argument 'cmake_clean_cache' from command line to 'False'
[1.019s] Level 5:colcon.colcon_core.verb:set package 'herding_v1_package' build argument 'cmake_clean_first' from command line to 'False'
[1.019s] Level 5:colcon.colcon_core.verb:set package 'herding_v1_package' build argument 'cmake_force_configure' from command line to 'False'
[1.019s] Level 5:colcon.colcon_core.verb:set package 'herding_v1_package' build argument 'ament_cmake_args' from command line to 'None'
[1.019s] Level 5:colcon.colcon_core.verb:set package 'herding_v1_package' build argument 'catkin_cmake_args' from command line to 'None'
[1.019s] Level 5:colcon.colcon_core.verb:set package 'herding_v1_package' build argument 'catkin_skip_building_tests' from command line to 'False'
[1.019s] DEBUG:colcon.colcon_core.verb:Building package 'herding_v1_package' with the following arguments: {'ament_cmake_args': None, 'build_base': '/home/wyatt/git_ros2/ros2_ws/build/herding_v1_package', 'catkin_cmake_args': None, 'catkin_skip_building_tests': False, 'cmake_args': None, 'cmake_clean_cache': False, 'cmake_clean_first': False, 'cmake_force_configure': False, 'cmake_target': None, 'cmake_target_skip_unavailable': False, 'install_base': '/home/wyatt/git_ros2/ros2_ws/install/herding_v1_package', 'merge_install': False, 'path': '/home/wyatt/git_ros2/ros2_ws/src/herding_v1_package', 'symlink_install': False, 'test_result_base': None}
[1.029s] Level 5:colcon.colcon_core.verb:set package 'test_herding_pkg' build argument 'cmake_args' from command line to 'None'
[1.029s] Level 5:colcon.colcon_core.verb:set package 'test_herding_pkg' build argument 'cmake_target' from command line to 'None'
[1.029s] Level 5:colcon.colcon_core.verb:set package 'test_herding_pkg' build argument 'cmake_target_skip_unavailable' from command line to 'False'
[1.029s] Level 5:colcon.colcon_core.verb:set package 'test_herding_pkg' build argument 'cmake_clean_cache' from command line to 'False'
[1.029s] Level 5:colcon.colcon_core.verb:set package 'test_herding_pkg' build argument 'cmake_clean_first' from command line to 'False'
[1.029s] Level 5:colcon.colcon_core.verb:set package 'test_herding_pkg' build argument 'cmake_force_configure' from command line to 'False'
[1.029s] Level 5:colcon.colcon_core.verb:set package 'test_herding_pkg' build argument 'ament_cmake_args' from command line to 'None'
[1.029s] Level 5:colcon.colcon_core.verb:set package 'test_herding_pkg' build argument 'catkin_cmake_args' from command line to 'None'
[1.029s] Level 5:colcon.colcon_core.verb:set package 'test_herding_pkg' build argument 'catkin_skip_building_tests' from command line to 'False'
[1.029s] DEBUG:colcon.colcon_core.verb:Building package 'test_herding_pkg' with the following arguments: {'ament_cmake_args': None, 'build_base': '/home/wyatt/git_ros2/ros2_ws/build/test_herding_pkg', 'catkin_cmake_args': None, 'catkin_skip_building_tests': False, 'cmake_args': None, 'cmake_clean_cache': False, 'cmake_clean_first': False, 'cmake_force_configure': False, 'cmake_target': None, 'cmake_target_skip_unavailable': False, 'install_base': '/home/wyatt/git_ros2/ros2_ws/install/test_herding_pkg', 'merge_install': False, 'path': '/home/wyatt/git_ros2/ros2_ws/src/test_herding_pkg', 'symlink_install': False, 'test_result_base': None}
[1.038s] Level 5:colcon.colcon_core.verb:set package 'uf_interfaces' build argument 'cmake_args' from command line to 'None'
[1.038s] Level 5:colcon.colcon_core.verb:set package 'uf_interfaces' build argument 'cmake_target' from command line to 'None'
[1.038s] Level 5:colcon.colcon_core.verb:set package 'uf_interfaces' build argument 'cmake_target_skip_unavailable' from command line to 'False'
[1.038s] Level 5:colcon.colcon_core.verb:set package 'uf_interfaces' build argument 'cmake_clean_cache' from command line to 'False'
[1.038s] Level 5:colcon.colcon_core.verb:set package 'uf_interfaces' build argument 'cmake_clean_first' from command line to 'False'
[1.038s] Level 5:colcon.colcon_core.verb:set package 'uf_interfaces' build argument 'cmake_force_configure' from command line to 'False'
[1.038s] Level 5:colcon.colcon_core.verb:set package 'uf_interfaces' build argument 'ament_cmake_args' from command line to 'None'
[1.038s] Level 5:colcon.colcon_core.verb:set package 'uf_interfaces' build argument 'catkin_cmake_args' from command line to 'None'
[1.038s] Level 5:colcon.colcon_core.verb:set package 'uf_interfaces' build argument 'catkin_skip_building_tests' from command line to 'False'
[1.038s] DEBUG:colcon.colcon_core.verb:Building package 'uf_interfaces' with the following arguments: {'ament_cmake_args': None, 'build_base': '/home/wyatt/git_ros2/ros2_ws/build/uf_interfaces', 'catkin_cmake_args': None, 'catkin_skip_building_tests': False, 'cmake_args': None, 'cmake_clean_cache': False, 'cmake_clean_first': False, 'cmake_force_configure': False, 'cmake_target': None, 'cmake_target_skip_unavailable': False, 'install_base': '/home/wyatt/git_ros2/ros2_ws/install/uf_interfaces', 'merge_install': False, 'path': '/home/wyatt/git_ros2/ros2_ws/src/uf_interfaces', 'symlink_install': False, 'test_result_base': None}
[1.047s] Level 5:colcon.colcon_core.verb:set package 'vehicle_position_checker' build argument 'cmake_args' from command line to 'None'
[1.048s] Level 5:colcon.colcon_core.verb:set package 'vehicle_position_checker' build argument 'cmake_target' from command line to 'None'
[1.048s] Level 5:colcon.colcon_core.verb:set package 'vehicle_position_checker' build argument 'cmake_target_skip_unavailable' from command line to 'False'
[1.048s] Level 5:colcon.colcon_core.verb:set package 'vehicle_position_checker' build argument 'cmake_clean_cache' from command line to 'False'
[1.048s] Level 5:colcon.colcon_core.verb:set package 'vehicle_position_checker' build argument 'cmake_clean_first' from command line to 'False'
[1.048s] Level 5:colcon.colcon_core.verb:set package 'vehicle_position_checker' build argument 'cmake_force_configure' from command line to 'False'
[1.048s] Level 5:colcon.colcon_core.verb:set package 'vehicle_position_checker' build argument 'ament_cmake_args' from command line to 'None'
[1.048s] Level 5:colcon.colcon_core.verb:set package 'vehicle_position_checker' build argument 'catkin_cmake_args' from command line to 'None'
[1.048s] Level 5:colcon.colcon_core.verb:set package 'vehicle_position_checker' build argument 'catkin_skip_building_tests' from command line to 'False'
[1.048s] DEBUG:colcon.colcon_core.verb:Building package 'vehicle_position_checker' with the following arguments: {'ament_cmake_args': None, 'build_base': '/home/wyatt/git_ros2/ros2_ws/build/vehicle_position_checker', 'catkin_cmake_args': None, 'catkin_skip_building_tests': False, 'cmake_args': None, 'cmake_clean_cache': False, 'cmake_clean_first': False, 'cmake_force_configure': False, 'cmake_target': None, 'cmake_target_skip_unavailable': False, 'install_base': '/home/wyatt/git_ros2/ros2_ws/install/vehicle_position_checker', 'merge_install': False, 'path': '/home/wyatt/git_ros2/ros2_ws/src/vehicle_position_checker', 'symlink_install': False, 'test_result_base': None}
[1.057s] Level 5:colcon.colcon_core.verb:set package 'wind_speed_package' build argument 'cmake_args' from command line to 'None'
[1.057s] Level 5:colcon.colcon_core.verb:set package 'wind_speed_package' build argument 'cmake_target' from command line to 'None'
[1.057s] Level 5:colcon.colcon_core.verb:set package 'wind_speed_package' build argument 'cmake_target_skip_unavailable' from command line to 'False'
[1.057s] Level 5:colcon.colcon_core.verb:set package 'wind_speed_package' build argument 'cmake_clean_cache' from command line to 'False'
[1.057s] Level 5:colcon.colcon_core.verb:set package 'wind_speed_package' build argument 'cmake_clean_first' from command line to 'False'
[1.057s] Level 5:colcon.colcon_core.verb:set package 'wind_speed_package' build argument 'cmake_force_configure' from command line to 'False'
[1.057s] Level 5:colcon.colcon_core.verb:set package 'wind_speed_package' build argument 'ament_cmake_args' from command line to 'None'
[1.057s] Level 5:colcon.colcon_core.verb:set package 'wind_speed_package' build argument 'catkin_cmake_args' from command line to 'None'
[1.057s] Level 5:colcon.colcon_core.verb:set package 'wind_speed_package' build argument 'catkin_skip_building_tests' from command line to 'False'
[1.057s] DEBUG:colcon.colcon_core.verb:Building package 'wind_speed_package' with the following arguments: {'ament_cmake_args': None, 'build_base': '/home/wyatt/git_ros2/ros2_ws/build/wind_speed_package', 'catkin_cmake_args': None, 'catkin_skip_building_tests': False, 'cmake_args': None, 'cmake_clean_cache': False, 'cmake_clean_first': False, 'cmake_force_configure': False, 'cmake_target': None, 'cmake_target_skip_unavailable': False, 'install_base': '/home/wyatt/git_ros2/ros2_ws/install/wind_speed_package', 'merge_install': False, 'path': '/home/wyatt/git_ros2/ros2_ws/src/wind_speed_package', 'symlink_install': False, 'test_result_base': None}
[1.066s] INFO:colcon.colcon_core.executor:Executing jobs using 'parallel' executor
[1.076s] DEBUG:colcon.colcon_parallel_executor.executor.parallel:run_until_complete
[1.076s] INFO:colcon.colcon_ros.task.ament_python.build:Building ROS package in '/home/wyatt/git_ros2/ros2_ws/src/estop_button' with build type 'ament_python'
[1.077s] Level 1:colcon.colcon_core.shell:create_environment_hook('estop_button', 'ament_prefix_path')
[1.087s] INFO:colcon.colcon_core.plugin_system:Skipping extension 'colcon_core.shell.bat': Not used on non-Windows systems
[1.088s] INFO:colcon.colcon_core.shell:Creating environment hook '/home/wyatt/git_ros2/ros2_ws/install/estop_button/share/estop_button/hook/ament_prefix_path.ps1'
[1.088s] INFO:colcon.colcon_core.shell:Creating environment descriptor '/home/wyatt/git_ros2/ros2_ws/install/estop_button/share/estop_button/hook/ament_prefix_path.dsv'
[1.089s] INFO:colcon.colcon_core.shell:Creating environment hook '/home/wyatt/git_ros2/ros2_ws/install/estop_button/share/estop_button/hook/ament_prefix_path.sh'
[1.098s] INFO:colcon.colcon_core.shell:Skip shell extension 'powershell' for command environment: Not usable outside of PowerShell
[1.099s] DEBUG:colcon.colcon_core.shell:Skip shell extension 'dsv' for command environment
[1.127s] INFO:colcon.colcon_ros.task.ament_python.build:Building ROS package in '/home/wyatt/git_ros2/ros2_ws/src/herding_v1_package' with build type 'ament_python'
[1.128s] Level 1:colcon.colcon_core.shell:create_environment_hook('herding_v1_package', 'ament_prefix_path')
[1.137s] INFO:colcon.colcon_core.shell:Creating environment hook '/home/wyatt/git_ros2/ros2_ws/install/herding_v1_package/share/herding_v1_package/hook/ament_prefix_path.ps1'
[1.138s] INFO:colcon.colcon_core.shell:Creating environment descriptor '/home/wyatt/git_ros2/ros2_ws/install/herding_v1_package/share/herding_v1_package/hook/ament_prefix_path.dsv'
[1.138s] INFO:colcon.colcon_core.shell:Creating environment hook '/home/wyatt/git_ros2/ros2_ws/install/herding_v1_package/share/herding_v1_package/hook/ament_prefix_path.sh'
[1.147s] INFO:colcon.colcon_core.shell:Skip shell extension 'powershell' for command environment: Not usable outside of PowerShell
[1.147s] DEBUG:colcon.colcon_core.shell:Skip shell extension 'dsv' for command environment
[1.176s] INFO:colcon.colcon_ros.task.ament_python.build:Building ROS package in '/home/wyatt/git_ros2/ros2_ws/src/test_herding_pkg' with build type 'ament_python'
[1.177s] Level 1:colcon.colcon_core.shell:create_environment_hook('test_herding_pkg', 'ament_prefix_path')
[1.186s] INFO:colcon.colcon_core.shell:Creating environment hook '/home/wyatt/git_ros2/ros2_ws/install/test_herding_pkg/share/test_herding_pkg/hook/ament_prefix_path.ps1'
[1.186s] INFO:colcon.colcon_core.shell:Creating environment descriptor '/home/wyatt/git_ros2/ros2_ws/install/test_herding_pkg/share/test_herding_pkg/hook/ament_prefix_path.dsv'
[1.186s] INFO:colcon.colcon_core.shell:Creating environment hook '/home/wyatt/git_ros2/ros2_ws/install/test_herding_pkg/share/test_herding_pkg/hook/ament_prefix_path.sh'
[1.196s] INFO:colcon.colcon_core.shell:Skip shell extension 'powershell' for command environment: Not usable outside of PowerShell
[1.196s] DEBUG:colcon.colcon_core.shell:Skip shell extension 'dsv' for command environment
[1.234s] INFO:colcon.colcon_ros.task.ament_cmake.build:Building ROS package in '/home/wyatt/git_ros2/ros2_ws/src/uf_interfaces' with build type 'ament_cmake'
[1.235s] INFO:colcon.colcon_cmake.task.cmake.build:Building CMake package in '/home/wyatt/git_ros2/ros2_ws/src/uf_interfaces'
[1.245s] INFO:colcon.colcon_core.shell:Skip shell extension 'powershell' for command environment: Not usable outside of PowerShell
[1.245s] DEBUG:colcon.colcon_core.shell:Skip shell extension 'dsv' for command environment
[1.287s] INFO:colcon.colcon_ros.task.ament_python.build:Building ROS package in '/home/wyatt/git_ros2/ros2_ws/src/vehicle_position_checker' with build type 'ament_python'
[1.287s] Level 1:colcon.colcon_core.shell:create_environment_hook('vehicle_position_checker', 'ament_prefix_path')
[1.298s] INFO:colcon.colcon_core.shell:Creating environment hook '/home/wyatt/git_ros2/ros2_ws/install/vehicle_position_checker/share/vehicle_position_checker/hook/ament_prefix_path.ps1'
[1.299s] INFO:colcon.colcon_core.shell:Creating environment descriptor '/home/wyatt/git_ros2/ros2_ws/install/vehicle_position_checker/share/vehicle_position_checker/hook/ament_prefix_path.dsv'
[1.300s] INFO:colcon.colcon_core.shell:Creating environment hook '/home/wyatt/git_ros2/ros2_ws/install/vehicle_position_checker/share/vehicle_position_checker/hook/ament_prefix_path.sh'
[1.311s] INFO:colcon.colcon_core.shell:Skip shell extension 'powershell' for command environment: Not usable outside of PowerShell
[1.311s] DEBUG:colcon.colcon_core.shell:Skip shell extension 'dsv' for command environment
[1.350s] INFO:colcon.colcon_ros.task.ament_python.build:Building ROS package in '/home/wyatt/git_ros2/ros2_ws/src/wind_speed_package' with build type 'ament_python'
[1.350s] Level 1:colcon.colcon_core.shell:create_environment_hook('wind_speed_package', 'ament_prefix_path')
[1.371s] INFO:colcon.colcon_core.shell:Creating environment hook '/home/wyatt/git_ros2/ros2_ws/install/wind_speed_package/share/wind_speed_package/hook/ament_prefix_path.ps1'
[1.372s] INFO:colcon.colcon_core.shell:Creating environment descriptor '/home/wyatt/git_ros2/ros2_ws/install/wind_speed_package/share/wind_speed_package/hook/ament_prefix_path.dsv'
[1.374s] INFO:colcon.colcon_core.shell:Creating environment hook '/home/wyatt/git_ros2/ros2_ws/install/wind_speed_package/share/wind_speed_package/hook/ament_prefix_path.sh'
[1.387s] INFO:colcon.colcon_core.shell:Skip shell extension 'powershell' for command environment: Not usable outside of PowerShell
[1.387s] DEBUG:colcon.colcon_core.shell:Skip shell extension 'dsv' for command environment
[1.709s] INFO:colcon.colcon_core.task.python.build:Building Python package in '/home/wyatt/git_ros2/ros2_ws/src/estop_button'
[1.722s] INFO:colcon.colcon_core.shell:Skip shell extension 'powershell' for command environment: Not usable outside of PowerShell
[1.722s] DEBUG:colcon.colcon_core.shell:Skip shell extension 'dsv' for command environment
[2.027s] INFO:colcon.colcon_core.task.python.build:Building Python package in '/home/wyatt/git_ros2/ros2_ws/src/herding_v1_package'
[2.037s] INFO:colcon.colcon_core.shell:Skip shell extension 'powershell' for command environment: Not usable outside of PowerShell
[2.037s] DEBUG:colcon.colcon_core.shell:Skip shell extension 'dsv' for command environment
[2.317s] INFO:colcon.colcon_core.task.python.build:Building Python package in '/home/wyatt/git_ros2/ros2_ws/src/test_herding_pkg'
[2.327s] INFO:colcon.colcon_core.shell:Skip shell extension 'powershell' for command environment: Not usable outside of PowerShell
[2.327s] DEBUG:colcon.colcon_core.shell:Skip shell extension 'dsv' for command environment
[2.363s] DEBUG:colcon.colcon_core.event_handler.log_command:Invoking command in '/home/wyatt/git_ros2/ros2_ws/build/uf_interfaces': CMAKE_PREFIX_PATH=${CMAKE_PREFIX_PATH}:/home/wyatt/git_ros2/ros2_ws/install/wind_speed_package:/home/wyatt/git_ros2/ros2_ws/install/vehicle_position_checker:/home/wyatt/git_ros2/ros2_ws/install/test_herding_pkg:/home/wyatt/git_ros2/ros2_ws/install/herding_v1_package:/home/wyatt/git_ros2/ros2_ws/install/estop_button:/opt/ros/humble /usr/bin/cmake --build /home/wyatt/git_ros2/ros2_ws/build/uf_interfaces -- -j8 -l8
[2.632s] INFO:colcon.colcon_core.task.python.build:Building Python package in '/home/wyatt/git_ros2/ros2_ws/src/vehicle_position_checker'
[2.652s] INFO:colcon.colcon_core.shell:Skip shell extension 'powershell' for command environment: Not usable outside of PowerShell
[2.652s] DEBUG:colcon.colcon_core.shell:Skip shell extension 'dsv' for command environment
[2.893s] INFO:colcon.colcon_core.task.python.build:Building Python package in '/home/wyatt/git_ros2/ros2_ws/src/wind_speed_package'
[2.903s] INFO:colcon.colcon_core.shell:Skip shell extension 'powershell' for command environment: Not usable outside of PowerShell
[2.903s] DEBUG:colcon.colcon_core.shell:Skip shell extension 'dsv' for command environment
[2.941s] DEBUG:colcon.colcon_core.event_handler.log_command:Invoked command in '/home/wyatt/git_ros2/ros2_ws/build/uf_interfaces' returned '0': CMAKE_PREFIX_PATH=${CMAKE_PREFIX_PATH}:/home/wyatt/git_ros2/ros2_ws/install/wind_speed_package:/home/wyatt/git_ros2/ros2_ws/install/vehicle_position_checker:/home/wyatt/git_ros2/ros2_ws/install/test_herding_pkg:/home/wyatt/git_ros2/ros2_ws/install/herding_v1_package:/home/wyatt/git_ros2/ros2_ws/install/estop_button:/opt/ros/humble /usr/bin/cmake --build /home/wyatt/git_ros2/ros2_ws/build/uf_interfaces -- -j8 -l8
[3.304s] DEBUG:colcon.colcon_core.event_handler.log_command:Invoking command in '/home/wyatt/git_ros2/ros2_ws/build/uf_interfaces': CMAKE_PREFIX_PATH=${CMAKE_PREFIX_PATH}:/home/wyatt/git_ros2/ros2_ws/install/wind_speed_package:/home/wyatt/git_ros2/ros2_ws/install/vehicle_position_checker:/home/wyatt/git_ros2/ros2_ws/install/test_herding_pkg:/home/wyatt/git_ros2/ros2_ws/install/herding_v1_package:/home/wyatt/git_ros2/ros2_ws/install/estop_button:/opt/ros/humble /usr/bin/cmake --install /home/wyatt/git_ros2/ros2_ws/build/uf_interfaces
[3.324s] DEBUG:colcon.colcon_core.event_handler.log_command:Invoking command in '/home/wyatt/git_ros2/ros2_ws/src/wind_speed_package': PYTHONPATH=/home/wyatt/git_ros2/ros2_ws/build/wind_speed_package/prefix_override:/home/wyatt/git_ros2/ros2_ws/install/wind_speed_package/lib/python3.10/site-packages:${PYTHONPATH} /usr/bin/python3 setup.py egg_info --egg-base ../../build/wind_speed_package build --build-base /home/wyatt/git_ros2/ros2_ws/build/wind_speed_package/build install --record /home/wyatt/git_ros2/ros2_ws/build/wind_speed_package/install.log --single-version-externally-managed
[3.381s] Level 1:colcon.colcon_core.environment:create_environment_scripts_only(uf_interfaces)
[3.414s] Level 1:colcon.colcon_core.environment:checking '/home/wyatt/git_ros2/ros2_ws/install/uf_interfaces' for CMake module files
[3.415s] Level 1:colcon.colcon_core.environment:checking '/home/wyatt/git_ros2/ros2_ws/install/uf_interfaces' for CMake config files
[3.415s] Level 1:colcon.colcon_core.shell:create_environment_hook('uf_interfaces', 'cmake_prefix_path')
[3.429s] DEBUG:colcon.colcon_core.event_handler.log_command:Invoking command in '/home/wyatt/git_ros2/ros2_ws/src/vehicle_position_checker': PYTHONPATH=/home/wyatt/git_ros2/ros2_ws/build/vehicle_position_checker/prefix_override:/home/wyatt/git_ros2/ros2_ws/install/vehicle_position_checker/lib/python3.10/site-packages:${PYTHONPATH} /usr/bin/python3 setup.py egg_info --egg-base ../../build/vehicle_position_checker build --build-base /home/wyatt/git_ros2/ros2_ws/build/vehicle_position_checker/build install --record /home/wyatt/git_ros2/ros2_ws/build/vehicle_position_checker/install.log --single-version-externally-managed
[3.430s] DEBUG:colcon.colcon_core.event_handler.log_command:Invoking command in '/home/wyatt/git_ros2/ros2_ws/src/test_herding_pkg': PYTHONPATH=/home/wyatt/git_ros2/ros2_ws/build/test_herding_pkg/prefix_override:/home/wyatt/git_ros2/ros2_ws/install/test_herding_pkg/lib/python3.10/site-packages:${PYTHONPATH} /usr/bin/python3 setup.py egg_info --egg-base ../../build/test_herding_pkg build --build-base /home/wyatt/git_ros2/ros2_ws/build/test_herding_pkg/build install --record /home/wyatt/git_ros2/ros2_ws/build/test_herding_pkg/install.log --single-version-externally-managed
[3.442s] DEBUG:colcon.colcon_core.event_handler.log_command:Invoked command in '/home/wyatt/git_ros2/ros2_ws/build/uf_interfaces' returned '0': CMAKE_PREFIX_PATH=${CMAKE_PREFIX_PATH}:/home/wyatt/git_ros2/ros2_ws/install/wind_speed_package:/home/wyatt/git_ros2/ros2_ws/install/vehicle_position_checker:/home/wyatt/git_ros2/ros2_ws/install/test_herding_pkg:/home/wyatt/git_ros2/ros2_ws/install/herding_v1_package:/home/wyatt/git_ros2/ros2_ws/install/estop_button:/opt/ros/humble /usr/bin/cmake --install /home/wyatt/git_ros2/ros2_ws/build/uf_interfaces
[3.447s] INFO:colcon.colcon_core.shell:Creating environment hook '/home/wyatt/git_ros2/ros2_ws/install/uf_interfaces/share/uf_interfaces/hook/cmake_prefix_path.ps1'
[3.447s] INFO:colcon.colcon_core.shell:Creating environment descriptor '/home/wyatt/git_ros2/ros2_ws/install/uf_interfaces/share/uf_interfaces/hook/cmake_prefix_path.dsv'
[3.447s] INFO:colcon.colcon_core.shell:Creating environment hook '/home/wyatt/git_ros2/ros2_ws/install/uf_interfaces/share/uf_interfaces/hook/cmake_prefix_path.sh'
[3.448s] Level 1:colcon.colcon_core.environment:checking '/home/wyatt/git_ros2/ros2_ws/install/uf_interfaces/lib'
[3.448s] Level 1:colcon.colcon_core.shell:create_environment_hook('uf_interfaces', 'ld_library_path_lib')
[3.458s] INFO:colcon.colcon_core.shell:Creating environment hook '/home/wyatt/git_ros2/ros2_ws/install/uf_interfaces/share/uf_interfaces/hook/ld_library_path_lib.ps1'
[3.458s] INFO:colcon.colcon_core.shell:Creating environment descriptor '/home/wyatt/git_ros2/ros2_ws/install/uf_interfaces/share/uf_interfaces/hook/ld_library_path_lib.dsv'
[3.459s] INFO:colcon.colcon_core.shell:Creating environment hook '/home/wyatt/git_ros2/ros2_ws/install/uf_interfaces/share/uf_interfaces/hook/ld_library_path_lib.sh'
[3.459s] Level 1:colcon.colcon_core.environment:checking '/home/wyatt/git_ros2/ros2_ws/install/uf_interfaces/bin'
[3.459s] Level 1:colcon.colcon_core.environment:checking '/home/wyatt/git_ros2/ros2_ws/install/uf_interfaces/lib/pkgconfig/uf_interfaces.pc'
[3.459s] Level 1:colcon.colcon_core.environment:checking '/home/wyatt/git_ros2/ros2_ws/install/uf_interfaces/lib/python3.10/site-packages'
[3.459s] Level 1:colcon.colcon_core.environment:checking '/home/wyatt/git_ros2/ros2_ws/install/uf_interfaces/bin'
[3.469s] INFO:colcon.colcon_core.shell:Creating package script '/home/wyatt/git_ros2/ros2_ws/install/uf_interfaces/share/uf_interfaces/package.ps1'
[3.470s] INFO:colcon.colcon_core.shell:Creating package descriptor '/home/wyatt/git_ros2/ros2_ws/install/uf_interfaces/share/uf_interfaces/package.dsv'
[3.471s] INFO:colcon.colcon_core.shell:Creating package script '/home/wyatt/git_ros2/ros2_ws/install/uf_interfaces/share/uf_interfaces/package.sh'
[3.472s] INFO:colcon.colcon_core.shell:Creating package script '/home/wyatt/git_ros2/ros2_ws/install/uf_interfaces/share/uf_interfaces/package.bash'
[3.472s] INFO:colcon.colcon_core.shell:Creating package script '/home/wyatt/git_ros2/ros2_ws/install/uf_interfaces/share/uf_interfaces/package.zsh'
[3.473s] Level 1:colcon.colcon_core.environment:create_file_with_runtime_dependencies(/home/wyatt/git_ros2/ros2_ws/install/uf_interfaces/share/colcon-core/packages/uf_interfaces)
[3.479s] DEBUG:colcon.colcon_core.event_handler.log_command:Invoking command in '/home/wyatt/git_ros2/ros2_ws/src/herding_v1_package': PYTHONPATH=/home/wyatt/git_ros2/ros2_ws/build/herding_v1_package/prefix_override:/home/wyatt/git_ros2/ros2_ws/install/herding_v1_package/lib/python3.10/site-packages:${PYTHONPATH} /usr/bin/python3 setup.py egg_info --egg-base ../../build/herding_v1_package build --build-base /home/wyatt/git_ros2/ros2_ws/build/herding_v1_package/build install --record /home/wyatt/git_ros2/ros2_ws/build/herding_v1_package/install.log --single-version-externally-managed
[3.481s] DEBUG:colcon.colcon_core.event_handler.log_command:Invoking command in '/home/wyatt/git_ros2/ros2_ws/src/estop_button': PYTHONPATH=/home/wyatt/git_ros2/ros2_ws/build/estop_button/prefix_override:/home/wyatt/git_ros2/ros2_ws/install/estop_button/lib/python3.10/site-packages:${PYTHONPATH} /usr/bin/python3 setup.py egg_info --egg-base ../../build/estop_button build --build-base /home/wyatt/git_ros2/ros2_ws/build/estop_button/build install --record /home/wyatt/git_ros2/ros2_ws/build/estop_button/install.log --single-version-externally-managed
[3.639s] DEBUG:colcon.colcon_core.event_handler.log_command:Invoked command in '/home/wyatt/git_ros2/ros2_ws/src/wind_speed_package' returned '0': PYTHONPATH=/home/wyatt/git_ros2/ros2_ws/build/wind_speed_package/prefix_override:/home/wyatt/git_ros2/ros2_ws/install/wind_speed_package/lib/python3.10/site-packages:${PYTHONPATH} /usr/bin/python3 setup.py egg_info --egg-base ../../build/wind_speed_package build --build-base /home/wyatt/git_ros2/ros2_ws/build/wind_speed_package/build install --record /home/wyatt/git_ros2/ros2_ws/build/wind_speed_package/install.log --single-version-externally-managed
[3.656s] Level 1:colcon.colcon_core.environment:checking '/home/wyatt/git_ros2/ros2_ws/install/wind_speed_package' for CMake module files
[3.657s] Level 1:colcon.colcon_core.environment:checking '/home/wyatt/git_ros2/ros2_ws/install/wind_speed_package' for CMake config files
[3.658s] Level 1:colcon.colcon_core.environment:checking '/home/wyatt/git_ros2/ros2_ws/install/wind_speed_package/lib'
[3.658s] Level 1:colcon.colcon_core.environment:checking '/home/wyatt/git_ros2/ros2_ws/install/wind_speed_package/bin'
[3.658s] Level 1:colcon.colcon_core.environment:checking '/home/wyatt/git_ros2/ros2_ws/install/wind_speed_package/lib/pkgconfig/wind_speed_package.pc'
[3.658s] Level 1:colcon.colcon_core.environment:checking '/home/wyatt/git_ros2/ros2_ws/install/wind_speed_package/lib/python3.10/site-packages'
[3.658s] Level 1:colcon.colcon_core.shell:create_environment_hook('wind_speed_package', 'pythonpath')
[3.676s] INFO:colcon.colcon_core.shell:Creating environment hook '/home/wyatt/git_ros2/ros2_ws/install/wind_speed_package/share/wind_speed_package/hook/pythonpath.ps1'
[3.676s] INFO:colcon.colcon_core.shell:Creating environment descriptor '/home/wyatt/git_ros2/ros2_ws/install/wind_speed_package/share/wind_speed_package/hook/pythonpath.dsv'
[3.677s] INFO:colcon.colcon_core.shell:Creating environment hook '/home/wyatt/git_ros2/ros2_ws/install/wind_speed_package/share/wind_speed_package/hook/pythonpath.sh'
[3.687s] Level 1:colcon.colcon_core.environment:checking '/home/wyatt/git_ros2/ros2_ws/install/wind_speed_package/bin'
[3.688s] Level 1:colcon.colcon_core.environment:create_environment_scripts_only(wind_speed_package)
[3.733s] INFO:colcon.colcon_core.shell:Creating package script '/home/wyatt/git_ros2/ros2_ws/install/wind_speed_package/share/wind_speed_package/package.ps1'
[3.736s] INFO:colcon.colcon_core.shell:Creating package descriptor '/home/wyatt/git_ros2/ros2_ws/install/wind_speed_package/share/wind_speed_package/package.dsv'
[3.737s] INFO:colcon.colcon_core.shell:Creating package script '/home/wyatt/git_ros2/ros2_ws/install/wind_speed_package/share/wind_speed_package/package.sh'
[3.741s] INFO:colcon.colcon_core.shell:Creating package script '/home/wyatt/git_ros2/ros2_ws/install/wind_speed_package/share/wind_speed_package/package.bash'
[3.746s] INFO:colcon.colcon_core.shell:Creating package script '/home/wyatt/git_ros2/ros2_ws/install/wind_speed_package/share/wind_speed_package/package.zsh'
[3.751s] Level 1:colcon.colcon_core.environment:create_file_with_runtime_dependencies(/home/wyatt/git_ros2/ros2_ws/install/wind_speed_package/share/colcon-core/packages/wind_speed_package)
[3.761s] DEBUG:colcon.colcon_core.event_handler.log_command:Invoked command in '/home/wyatt/git_ros2/ros2_ws/src/test_herding_pkg' returned '0': PYTHONPATH=/home/wyatt/git_ros2/ros2_ws/build/test_herding_pkg/prefix_override:/home/wyatt/git_ros2/ros2_ws/install/test_herding_pkg/lib/python3.10/site-packages:${PYTHONPATH} /usr/bin/python3 setup.py egg_info --egg-base ../../build/test_herding_pkg build --build-base /home/wyatt/git_ros2/ros2_ws/build/test_herding_pkg/build install --record /home/wyatt/git_ros2/ros2_ws/build/test_herding_pkg/install.log --single-version-externally-managed
[3.778s] Level 1:colcon.colcon_core.environment:checking '/home/wyatt/git_ros2/ros2_ws/install/test_herding_pkg' for CMake module files
[3.780s] Level 1:colcon.colcon_core.environment:checking '/home/wyatt/git_ros2/ros2_ws/install/test_herding_pkg' for CMake config files
[3.782s] Level 1:colcon.colcon_core.environment:checking '/home/wyatt/git_ros2/ros2_ws/install/test_herding_pkg/lib'
[3.782s] Level 1:colcon.colcon_core.environment:checking '/home/wyatt/git_ros2/ros2_ws/install/test_herding_pkg/bin'
[3.782s] Level 1:colcon.colcon_core.environment:checking '/home/wyatt/git_ros2/ros2_ws/install/test_herding_pkg/lib/pkgconfig/test_herding_pkg.pc'
[3.783s] Level 1:colcon.colcon_core.environment:checking '/home/wyatt/git_ros2/ros2_ws/install/test_herding_pkg/lib/python3.10/site-packages'
[3.783s] Level 1:colcon.colcon_core.shell:create_environment_hook('test_herding_pkg', 'pythonpath')
[3.811s] INFO:colcon.colcon_core.shell:Creating environment hook '/home/wyatt/git_ros2/ros2_ws/install/test_herding_pkg/share/test_herding_pkg/hook/pythonpath.ps1'
[3.817s] INFO:colcon.colcon_core.shell:Creating environment descriptor '/home/wyatt/git_ros2/ros2_ws/install/test_herding_pkg/share/test_herding_pkg/hook/pythonpath.dsv'
[3.818s] INFO:colcon.colcon_core.shell:Creating environment hook '/home/wyatt/git_ros2/ros2_ws/install/test_herding_pkg/share/test_herding_pkg/hook/pythonpath.sh'
[3.819s] Level 1:colcon.colcon_core.environment:checking '/home/wyatt/git_ros2/ros2_ws/install/test_herding_pkg/bin'
[3.820s] Level 1:colcon.colcon_core.environment:create_environment_scripts_only(test_herding_pkg)
[3.844s] INFO:colcon.colcon_core.shell:Creating package script '/home/wyatt/git_ros2/ros2_ws/install/test_herding_pkg/share/test_herding_pkg/package.ps1'
[3.845s] INFO:colcon.colcon_core.shell:Creating package descriptor '/home/wyatt/git_ros2/ros2_ws/install/test_herding_pkg/share/test_herding_pkg/package.dsv'
[3.845s] INFO:colcon.colcon_core.shell:Creating package script '/home/wyatt/git_ros2/ros2_ws/install/test_herding_pkg/share/test_herding_pkg/package.sh'
[3.846s] INFO:colcon.colcon_core.shell:Creating package script '/home/wyatt/git_ros2/ros2_ws/install/test_herding_pkg/share/test_herding_pkg/package.bash'
[3.846s] INFO:colcon.colcon_core.shell:Creating package script '/home/wyatt/git_ros2/ros2_ws/install/test_herding_pkg/share/test_herding_pkg/package.zsh'
[3.847s] Level 1:colcon.colcon_core.environment:create_file_with_runtime_dependencies(/home/wyatt/git_ros2/ros2_ws/install/test_herding_pkg/share/colcon-core/packages/test_herding_pkg)
[3.849s] DEBUG:colcon.colcon_core.event_handler.log_command:Invoked command in '/home/wyatt/git_ros2/ros2_ws/src/vehicle_position_checker' returned '0': PYTHONPATH=/home/wyatt/git_ros2/ros2_ws/build/vehicle_position_checker/prefix_override:/home/wyatt/git_ros2/ros2_ws/install/vehicle_position_checker/lib/python3.10/site-packages:${PYTHONPATH} /usr/bin/python3 setup.py egg_info --egg-base ../../build/vehicle_position_checker build --build-base /home/wyatt/git_ros2/ros2_ws/build/vehicle_position_checker/build install --record /home/wyatt/git_ros2/ros2_ws/build/vehicle_position_checker/install.log --single-version-externally-managed
[3.863s] Level 1:colcon.colcon_core.environment:checking '/home/wyatt/git_ros2/ros2_ws/install/vehicle_position_checker' for CMake module files
[3.864s] Level 1:colcon.colcon_core.environment:checking '/home/wyatt/git_ros2/ros2_ws/install/vehicle_position_checker' for CMake config files
[3.864s] Level 1:colcon.colcon_core.environment:checking '/home/wyatt/git_ros2/ros2_ws/install/vehicle_position_checker/lib'
[3.864s] Level 1:colcon.colcon_core.environment:checking '/home/wyatt/git_ros2/ros2_ws/install/vehicle_position_checker/bin'
[3.865s] Level 1:colcon.colcon_core.environment:checking '/home/wyatt/git_ros2/ros2_ws/install/vehicle_position_checker/lib/pkgconfig/vehicle_position_checker.pc'
[3.865s] Level 1:colcon.colcon_core.environment:checking '/home/wyatt/git_ros2/ros2_ws/install/vehicle_position_checker/lib/python3.10/site-packages'
[3.865s] Level 1:colcon.colcon_core.shell:create_environment_hook('vehicle_position_checker', 'pythonpath')
[3.884s] INFO:colcon.colcon_core.shell:Creating environment hook '/home/wyatt/git_ros2/ros2_ws/install/vehicle_position_checker/share/vehicle_position_checker/hook/pythonpath.ps1'
[3.885s] INFO:colcon.colcon_core.shell:Creating environment descriptor '/home/wyatt/git_ros2/ros2_ws/install/vehicle_position_checker/share/vehicle_position_checker/hook/pythonpath.dsv'
[3.886s] INFO:colcon.colcon_core.shell:Creating environment hook '/home/wyatt/git_ros2/ros2_ws/install/vehicle_position_checker/share/vehicle_position_checker/hook/pythonpath.sh'
[3.888s] Level 1:colcon.colcon_core.environment:checking '/home/wyatt/git_ros2/ros2_ws/install/vehicle_position_checker/bin'
[3.888s] Level 1:colcon.colcon_core.environment:create_environment_scripts_only(vehicle_position_checker)
[3.905s] INFO:colcon.colcon_core.shell:Creating package script '/home/wyatt/git_ros2/ros2_ws/install/vehicle_position_checker/share/vehicle_position_checker/package.ps1'
[3.906s] INFO:colcon.colcon_core.shell:Creating package descriptor '/home/wyatt/git_ros2/ros2_ws/install/vehicle_position_checker/share/vehicle_position_checker/package.dsv'
[3.907s] INFO:colcon.colcon_core.shell:Creating package script '/home/wyatt/git_ros2/ros2_ws/install/vehicle_position_checker/share/vehicle_position_checker/package.sh'
[3.907s] INFO:colcon.colcon_core.shell:Creating package script '/home/wyatt/git_ros2/ros2_ws/install/vehicle_position_checker/share/vehicle_position_checker/package.bash'
[3.908s] INFO:colcon.colcon_core.shell:Creating package script '/home/wyatt/git_ros2/ros2_ws/install/vehicle_position_checker/share/vehicle_position_checker/package.zsh'
[3.908s] Level 1:colcon.colcon_core.environment:create_file_with_runtime_dependencies(/home/wyatt/git_ros2/ros2_ws/install/vehicle_position_checker/share/colcon-core/packages/vehicle_position_checker)
[3.912s] DEBUG:colcon.colcon_core.event_handler.log_command:Invoked command in '/home/wyatt/git_ros2/ros2_ws/src/estop_button' returned '0': PYTHONPATH=/home/wyatt/git_ros2/ros2_ws/build/estop_button/prefix_override:/home/wyatt/git_ros2/ros2_ws/install/estop_button/lib/python3.10/site-packages:${PYTHONPATH} /usr/bin/python3 setup.py egg_info --egg-base ../../build/estop_button build --build-base /home/wyatt/git_ros2/ros2_ws/build/estop_button/build install --record /home/wyatt/git_ros2/ros2_ws/build/estop_button/install.log --single-version-externally-managed
[3.926s] Level 1:colcon.colcon_core.environment:checking '/home/wyatt/git_ros2/ros2_ws/install/estop_button' for CMake module files
[3.931s] Level 1:colcon.colcon_core.environment:checking '/home/wyatt/git_ros2/ros2_ws/install/estop_button' for CMake config files
[3.931s] Level 1:colcon.colcon_core.environment:checking '/home/wyatt/git_ros2/ros2_ws/install/estop_button/lib'
[3.932s] Level 1:colcon.colcon_core.environment:checking '/home/wyatt/git_ros2/ros2_ws/install/estop_button/bin'
[3.932s] Level 1:colcon.colcon_core.environment:checking '/home/wyatt/git_ros2/ros2_ws/install/estop_button/lib/pkgconfig/estop_button.pc'
[3.932s] Level 1:colcon.colcon_core.environment:checking '/home/wyatt/git_ros2/ros2_ws/install/estop_button/lib/python3.10/site-packages'
[3.932s] Level 1:colcon.colcon_core.shell:create_environment_hook('estop_button', 'pythonpath')
[3.950s] INFO:colcon.colcon_core.shell:Creating environment hook '/home/wyatt/git_ros2/ros2_ws/install/estop_button/share/estop_button/hook/pythonpath.ps1'
[3.952s] INFO:colcon.colcon_core.shell:Creating environment descriptor '/home/wyatt/git_ros2/ros2_ws/install/estop_button/share/estop_button/hook/pythonpath.dsv'
[3.953s] INFO:colcon.colcon_core.shell:Creating environment hook '/home/wyatt/git_ros2/ros2_ws/install/estop_button/share/estop_button/hook/pythonpath.sh'
[3.954s] Level 1:colcon.colcon_core.environment:checking '/home/wyatt/git_ros2/ros2_ws/install/estop_button/bin'
[3.954s] Level 1:colcon.colcon_core.environment:create_environment_scripts_only(estop_button)
[3.970s] INFO:colcon.colcon_core.shell:Creating package script '/home/wyatt/git_ros2/ros2_ws/install/estop_button/share/estop_button/package.ps1'
[3.975s] INFO:colcon.colcon_core.shell:Creating package descriptor '/home/wyatt/git_ros2/ros2_ws/install/estop_button/share/estop_button/package.dsv'
[3.976s] INFO:colcon.colcon_core.shell:Creating package script '/home/wyatt/git_ros2/ros2_ws/install/estop_button/share/estop_button/package.sh'
[3.976s] INFO:colcon.colcon_core.shell:Creating package script '/home/wyatt/git_ros2/ros2_ws/install/estop_button/share/estop_button/package.bash'
[3.977s] INFO:colcon.colcon_core.shell:Creating package script '/home/wyatt/git_ros2/ros2_ws/install/estop_button/share/estop_button/package.zsh'
[3.978s] Level 1:colcon.colcon_core.environment:create_file_with_runtime_dependencies(/home/wyatt/git_ros2/ros2_ws/install/estop_button/share/colcon-core/packages/estop_button)
[3.983s] DEBUG:colcon.colcon_core.event_handler.log_command:Invoked command in '/home/wyatt/git_ros2/ros2_ws/src/herding_v1_package' returned '0': PYTHONPATH=/home/wyatt/git_ros2/ros2_ws/build/herding_v1_package/prefix_override:/home/wyatt/git_ros2/ros2_ws/install/herding_v1_package/lib/python3.10/site-packages:${PYTHONPATH} /usr/bin/python3 setup.py egg_info --egg-base ../../build/herding_v1_package build --build-base /home/wyatt/git_ros2/ros2_ws/build/herding_v1_package/build install --record /home/wyatt/git_ros2/ros2_ws/build/herding_v1_package/install.log --single-version-externally-managed
[4.001s] Level 1:colcon.colcon_core.environment:checking '/home/wyatt/git_ros2/ros2_ws/install/herding_v1_package' for CMake module files
[4.003s] Level 1:colcon.colcon_core.environment:checking '/home/wyatt/git_ros2/ros2_ws/install/herding_v1_package' for CMake config files
[4.004s] Level 1:colcon.colcon_core.environment:checking '/home/wyatt/git_ros2/ros2_ws/install/herding_v1_package/lib'
[4.004s] Level 1:colcon.colcon_core.environment:checking '/home/wyatt/git_ros2/ros2_ws/install/herding_v1_package/bin'
[4.004s] Level 1:colcon.colcon_core.environment:checking '/home/wyatt/git_ros2/ros2_ws/install/herding_v1_package/lib/pkgconfig/herding_v1_package.pc'
[4.005s] Level 1:colcon.colcon_core.environment:checking '/home/wyatt/git_ros2/ros2_ws/install/herding_v1_package/lib/python3.10/site-packages'
[4.005s] Level 1:colcon.colcon_core.shell:create_environment_hook('herding_v1_package', 'pythonpath')
[4.023s] INFO:colcon.colcon_core.shell:Creating environment hook '/home/wyatt/git_ros2/ros2_ws/install/herding_v1_package/share/herding_v1_package/hook/pythonpath.ps1'
[4.024s] INFO:colcon.colcon_core.shell:Creating environment descriptor '/home/wyatt/git_ros2/ros2_ws/install/herding_v1_package/share/herding_v1_package/hook/pythonpath.dsv'
[4.024s] INFO:colcon.colcon_core.shell:Creating environment hook '/home/wyatt/git_ros2/ros2_ws/install/herding_v1_package/share/herding_v1_package/hook/pythonpath.sh'
[4.025s] Level 1:colcon.colcon_core.environment:checking '/home/wyatt/git_ros2/ros2_ws/install/herding_v1_package/bin'
[4.025s] Level 1:colcon.colcon_core.environment:create_environment_scripts_only(herding_v1_package)
[4.040s] INFO:colcon.colcon_core.shell:Creating package script '/home/wyatt/git_ros2/ros2_ws/install/herding_v1_package/share/herding_v1_package/package.ps1'
[4.041s] INFO:colcon.colcon_core.shell:Creating package descriptor '/home/wyatt/git_ros2/ros2_ws/install/herding_v1_package/share/herding_v1_package/package.dsv'
[4.041s] INFO:colcon.colcon_core.shell:Creating package script '/home/wyatt/git_ros2/ros2_ws/install/herding_v1_package/share/herding_v1_package/package.sh'
[4.042s] INFO:colcon.colcon_core.shell:Creating package script '/home/wyatt/git_ros2/ros2_ws/install/herding_v1_package/share/herding_v1_package/package.bash'
[4.042s] INFO:colcon.colcon_core.shell:Creating package script '/home/wyatt/git_ros2/ros2_ws/install/herding_v1_package/share/herding_v1_package/package.zsh'
[4.043s] Level 1:colcon.colcon_core.environment:create_file_with_runtime_dependencies(/home/wyatt/git_ros2/ros2_ws/install/herding_v1_package/share/colcon-core/packages/herding_v1_package)
[4.063s] Level 1:colcon.colcon_core.environment:create_environment_scripts_only(uf_interfaces)
[4.078s] Level 1:colcon.colcon_core.environment:checking '/home/wyatt/git_ros2/ros2_ws/install/uf_interfaces' for CMake module files
[4.079s] Level 1:colcon.colcon_core.environment:checking '/home/wyatt/git_ros2/ros2_ws/install/uf_interfaces' for CMake config files
[4.079s] Level 1:colcon.colcon_core.shell:create_environment_hook('uf_interfaces', 'cmake_prefix_path')
[4.093s] INFO:colcon.colcon_core.shell:Creating environment hook '/home/wyatt/git_ros2/ros2_ws/install/uf_interfaces/share/uf_interfaces/hook/cmake_prefix_path.ps1'
[4.094s] INFO:colcon.colcon_core.shell:Creating environment descriptor '/home/wyatt/git_ros2/ros2_ws/install/uf_interfaces/share/uf_interfaces/hook/cmake_prefix_path.dsv'
[4.095s] INFO:colcon.colcon_core.shell:Creating environment hook '/home/wyatt/git_ros2/ros2_ws/install/uf_interfaces/share/uf_interfaces/hook/cmake_prefix_path.sh'
[4.096s] Level 1:colcon.colcon_core.environment:checking '/home/wyatt/git_ros2/ros2_ws/install/uf_interfaces/lib'
[4.097s] Level 1:colcon.colcon_core.shell:create_environment_hook('uf_interfaces', 'ld_library_path_lib')
[4.109s] INFO:colcon.colcon_core.shell:Creating environment hook '/home/wyatt/git_ros2/ros2_ws/install/uf_interfaces/share/uf_interfaces/hook/ld_library_path_lib.ps1'
[4.110s] INFO:colcon.colcon_core.shell:Creating environment descriptor '/home/wyatt/git_ros2/ros2_ws/install/uf_interfaces/share/uf_interfaces/hook/ld_library_path_lib.dsv'
[4.110s] INFO:colcon.colcon_core.shell:Creating environment hook '/home/wyatt/git_ros2/ros2_ws/install/uf_interfaces/share/uf_interfaces/hook/ld_library_path_lib.sh'
[4.110s] Level 1:colcon.colcon_core.environment:checking '/home/wyatt/git_ros2/ros2_ws/install/uf_interfaces/bin'
[4.111s] Level 1:colcon.colcon_core.environment:checking '/home/wyatt/git_ros2/ros2_ws/install/uf_interfaces/lib/pkgconfig/uf_interfaces.pc'
[4.111s] Level 1:colcon.colcon_core.environment:checking '/home/wyatt/git_ros2/ros2_ws/install/uf_interfaces/lib/python3.10/site-packages'
[4.111s] Level 1:colcon.colcon_core.environment:checking '/home/wyatt/git_ros2/ros2_ws/install/uf_interfaces/bin'
[4.129s] INFO:colcon.colcon_core.shell:Creating package script '/home/wyatt/git_ros2/ros2_ws/install/uf_interfaces/share/uf_interfaces/package.ps1'
[4.130s] INFO:colcon.colcon_core.shell:Creating package descriptor '/home/wyatt/git_ros2/ros2_ws/install/uf_interfaces/share/uf_interfaces/package.dsv'
[4.130s] INFO:colcon.colcon_core.shell:Creating package script '/home/wyatt/git_ros2/ros2_ws/install/uf_interfaces/share/uf_interfaces/package.sh'
[4.131s] INFO:colcon.colcon_core.shell:Creating package script '/home/wyatt/git_ros2/ros2_ws/install/uf_interfaces/share/uf_interfaces/package.bash'
[4.131s] INFO:colcon.colcon_core.shell:Creating package script '/home/wyatt/git_ros2/ros2_ws/install/uf_interfaces/share/uf_interfaces/package.zsh'
[4.132s] Level 1:colcon.colcon_core.environment:create_file_with_runtime_dependencies(/home/wyatt/git_ros2/ros2_ws/install/uf_interfaces/share/colcon-core/packages/uf_interfaces)
[4.132s] DEBUG:colcon.colcon_parallel_executor.executor.parallel:closing loop
[4.133s] DEBUG:colcon.colcon_parallel_executor.executor.parallel:loop closed
[4.133s] DEBUG:colcon.colcon_parallel_executor.executor.parallel:run_until_complete finished with '0'
[4.133s] DEBUG:colcon.colcon_core.event_reactor:joining thread
[4.155s] INFO:colcon.colcon_core.plugin_system:Skipping extension 'colcon_notification.desktop_notification.terminal_notifier': Not used on non-Darwin systems
[4.156s] INFO:colcon.colcon_core.plugin_system:Skipping extension 'colcon_notification.desktop_notification.win32': Not used on non-Windows systems
[4.156s] INFO:colcon.colcon_notification.desktop_notification:Sending desktop notification using 'notify2'
[4.172s] DEBUG:colcon.colcon_core.event_reactor:joined thread
[4.183s] INFO:colcon.colcon_core.shell:Creating prefix script '/home/wyatt/git_ros2/ros2_ws/install/local_setup.ps1'
[4.184s] INFO:colcon.colcon_core.shell:Creating prefix util module '/home/wyatt/git_ros2/ros2_ws/install/_local_setup_util_ps1.py'
[4.185s] INFO:colcon.colcon_core.shell:Creating prefix chain script '/home/wyatt/git_ros2/ros2_ws/install/setup.ps1'
[4.196s] INFO:colcon.colcon_core.shell:Creating prefix script '/home/wyatt/git_ros2/ros2_ws/install/local_setup.sh'
[4.196s] INFO:colcon.colcon_core.shell:Creating prefix util module '/home/wyatt/git_ros2/ros2_ws/install/_local_setup_util_sh.py'
[4.197s] INFO:colcon.colcon_core.shell:Creating prefix chain script '/home/wyatt/git_ros2/ros2_ws/install/setup.sh'
[4.214s] INFO:colcon.colcon_core.shell:Creating prefix script '/home/wyatt/git_ros2/ros2_ws/install/local_setup.bash'
[4.215s] INFO:colcon.colcon_core.shell:Creating prefix chain script '/home/wyatt/git_ros2/ros2_ws/install/setup.bash'
[4.234s] INFO:colcon.colcon_core.shell:Creating prefix script '/home/wyatt/git_ros2/ros2_ws/install/local_setup.zsh'
[4.235s] INFO:colcon.colcon_core.shell:Creating prefix chain script '/home/wyatt/git_ros2/ros2_ws/install/setup.zsh'
