[2.159s] Invoking command in '/home/wyatt/ros2_ws/src/vehicle_position_checker': PYTHONPATH=/home/wyatt/ros2_ws/build/vehicle_position_checker/prefix_override:/usr/lib/python3/dist-packages/colcon_core/task/python/colcon_distutils_commands:/home/wyatt/ros2_ws/install/vehicle_position_checker/lib/python3.10/site-packages:${PYTHONPATH} /usr/bin/python3 -W ignore:setup.py install is deprecated setup.py egg_info --egg-base ../../build/vehicle_position_checker build --build-base /home/wyatt/ros2_ws/build/vehicle_position_checker/build install --record /home/wyatt/ros2_ws/build/vehicle_position_checker/install.log --single-version-externally-managed install_data
[2.637s] running egg_info
[2.637s] creating ../../build/vehicle_position_checker/vehicle_position_checker.egg-info
[2.638s] writing ../../build/vehicle_position_checker/vehicle_position_checker.egg-info/PKG-INFO
[2.641s] writing dependency_links to ../../build/vehicle_position_checker/vehicle_position_checker.egg-info/dependency_links.txt
[2.641s] writing entry points to ../../build/vehicle_position_checker/vehicle_position_checker.egg-info/entry_points.txt
[2.641s] writing requirements to ../../build/vehicle_position_checker/vehicle_position_checker.egg-info/requires.txt
[2.641s] writing top-level names to ../../build/vehicle_position_checker/vehicle_position_checker.egg-info/top_level.txt
[2.642s] writing manifest file '../../build/vehicle_position_checker/vehicle_position_checker.egg-info/SOURCES.txt'
[2.646s] reading manifest file '../../build/vehicle_position_checker/vehicle_position_checker.egg-info/SOURCES.txt'
[2.647s] writing manifest file '../../build/vehicle_position_checker/vehicle_position_checker.egg-info/SOURCES.txt'
[2.647s] running build
[2.647s] running build_py
[2.647s] creating /home/wyatt/ros2_ws/build/vehicle_position_checker/build
[2.647s] creating /home/wyatt/ros2_ws/build/vehicle_position_checker/build/lib
[2.647s] creating /home/wyatt/ros2_ws/build/vehicle_position_checker/build/lib/vehicle_position_checker
[2.647s] copying vehicle_position_checker/__init__.py -> /home/wyatt/ros2_ws/build/vehicle_position_checker/build/lib/vehicle_position_checker
[2.647s] copying vehicle_position_checker/vehicle_position_checker.py -> /home/wyatt/ros2_ws/build/vehicle_position_checker/build/lib/vehicle_position_checker
[2.651s] running install
[2.651s] running install_lib
[2.651s] creating /home/wyatt/ros2_ws/install/vehicle_position_checker/lib/python3.10/site-packages/vehicle_position_checker
[2.651s] copying /home/wyatt/ros2_ws/build/vehicle_position_checker/build/lib/vehicle_position_checker/__init__.py -> /home/wyatt/ros2_ws/install/vehicle_position_checker/lib/python3.10/site-packages/vehicle_position_checker
[2.651s] copying /home/wyatt/ros2_ws/build/vehicle_position_checker/build/lib/vehicle_position_checker/vehicle_position_checker.py -> /home/wyatt/ros2_ws/install/vehicle_position_checker/lib/python3.10/site-packages/vehicle_position_checker
[2.655s] byte-compiling /home/wyatt/ros2_ws/install/vehicle_position_checker/lib/python3.10/site-packages/vehicle_position_checker/__init__.py to __init__.cpython-310.pyc
[2.655s] byte-compiling /home/wyatt/ros2_ws/install/vehicle_position_checker/lib/python3.10/site-packages/vehicle_position_checker/vehicle_position_checker.py to vehicle_position_checker.cpython-310.pyc
[2.655s] running install_data
[2.655s] creating /home/wyatt/ros2_ws/install/vehicle_position_checker/share/ament_index
[2.655s] creating /home/wyatt/ros2_ws/install/vehicle_position_checker/share/ament_index/resource_index
[2.655s] creating /home/wyatt/ros2_ws/install/vehicle_position_checker/share/ament_index/resource_index/packages
[2.656s] copying resource/vehicle_position_checker -> /home/wyatt/ros2_ws/install/vehicle_position_checker/share/ament_index/resource_index/packages
[2.656s] copying package.xml -> /home/wyatt/ros2_ws/install/vehicle_position_checker/share/vehicle_position_checker
[2.657s] running install_egg_info
[2.662s] Copying ../../build/vehicle_position_checker/vehicle_position_checker.egg-info to /home/wyatt/ros2_ws/install/vehicle_position_checker/lib/python3.10/site-packages/vehicle_position_checker-0.0.0-py3.10.egg-info
[2.663s] running install_scripts
[2.704s] Installing vehicle_positon_checker_node script to /home/wyatt/ros2_ws/install/vehicle_position_checker/lib/vehicle_position_checker
[2.704s] writing list of installed files to '/home/wyatt/ros2_ws/build/vehicle_position_checker/install.log'
[2.760s] Invoked command in '/home/wyatt/ros2_ws/src/vehicle_position_checker' returned '0': PYTHONPATH=/home/wyatt/ros2_ws/build/vehicle_position_checker/prefix_override:/usr/lib/python3/dist-packages/colcon_core/task/python/colcon_distutils_commands:/home/wyatt/ros2_ws/install/vehicle_position_checker/lib/python3.10/site-packages:${PYTHONPATH} /usr/bin/python3 -W ignore:setup.py install is deprecated setup.py egg_info --egg-base ../../build/vehicle_position_checker build --build-base /home/wyatt/ros2_ws/build/vehicle_position_checker/build install --record /home/wyatt/ros2_ws/build/vehicle_position_checker/install.log --single-version-externally-managed install_data
