[3.380s] Invoking command in '/home/wyatt/ros2_ws/src/common/minimal_startup': PYTHONPATH=/home/wyatt/ros2_ws/build/minimal_startup/prefix_override:/usr/lib/python3/dist-packages/colcon_core/task/python/colcon_distutils_commands:/home/wyatt/ros2_ws/install/minimal_startup/lib/python3.10/site-packages:${PYTHONPATH} /usr/bin/python3 -W ignore:setup.py install is deprecated -W ignore:easy_install command is deprecated setup.py egg_info --egg-base ../../../build/minimal_startup build --build-base /home/wyatt/ros2_ws/build/minimal_startup/build install --record /home/wyatt/ros2_ws/build/minimal_startup/install.log --single-version-externally-managed install_data
[4.184s] running egg_info
[4.185s] creating ../../../build/minimal_startup/minimal_startup.egg-info
[4.185s] writing ../../../build/minimal_startup/minimal_startup.egg-info/PKG-INFO
[4.185s] writing dependency_links to ../../../build/minimal_startup/minimal_startup.egg-info/dependency_links.txt
[4.186s] writing entry points to ../../../build/minimal_startup/minimal_startup.egg-info/entry_points.txt
[4.186s] writing requirements to ../../../build/minimal_startup/minimal_startup.egg-info/requires.txt
[4.186s] writing top-level names to ../../../build/minimal_startup/minimal_startup.egg-info/top_level.txt
[4.186s] writing manifest file '../../../build/minimal_startup/minimal_startup.egg-info/SOURCES.txt'
[4.190s] reading manifest file '../../../build/minimal_startup/minimal_startup.egg-info/SOURCES.txt'
[4.192s] writing manifest file '../../../build/minimal_startup/minimal_startup.egg-info/SOURCES.txt'
[4.192s] running build
[4.194s] running build_py
[4.194s] creating /home/wyatt/ros2_ws/build/minimal_startup/build
[4.195s] creating /home/wyatt/ros2_ws/build/minimal_startup/build/lib
[4.195s] creating /home/wyatt/ros2_ws/build/minimal_startup/build/lib/minimal_startup
[4.195s] copying minimal_startup/__init__.py -> /home/wyatt/ros2_ws/build/minimal_startup/build/lib/minimal_startup
[4.195s] running install
[4.195s] running install_lib
[4.196s] creating /home/wyatt/ros2_ws/install/minimal_startup/lib/python3.10/site-packages/minimal_startup
[4.196s] copying /home/wyatt/ros2_ws/build/minimal_startup/build/lib/minimal_startup/__init__.py -> /home/wyatt/ros2_ws/install/minimal_startup/lib/python3.10/site-packages/minimal_startup
[4.199s] byte-compiling /home/wyatt/ros2_ws/install/minimal_startup/lib/python3.10/site-packages/minimal_startup/__init__.py to __init__.cpython-310.pyc
[4.201s] running install_data
[4.202s] creating /home/wyatt/ros2_ws/install/minimal_startup/share/ament_index
[4.202s] creating /home/wyatt/ros2_ws/install/minimal_startup/share/ament_index/resource_index
[4.202s] creating /home/wyatt/ros2_ws/install/minimal_startup/share/ament_index/resource_index/packages
[4.203s] copying resource/minimal_startup -> /home/wyatt/ros2_ws/install/minimal_startup/share/ament_index/resource_index/packages
[4.203s] copying package.xml -> /home/wyatt/ros2_ws/install/minimal_startup/share/minimal_startup
[4.203s] copying launch/unitree_minimal_startup_launch.py -> /home/wyatt/ros2_ws/install/minimal_startup/share/minimal_startup
[4.203s] copying launch/clearpath_minimal_startup_launch.py -> /home/wyatt/ros2_ws/install/minimal_startup/share/minimal_startup
[4.207s] copying launch/unitree_b1_minimal_startup_launch.py -> /home/wyatt/ros2_ws/install/minimal_startup/share/minimal_startup
[4.207s] copying launch/mag_launch.py -> /home/wyatt/ros2_ws/install/minimal_startup/share/minimal_startup
[4.207s] copying launch/include/imu_0.launch.py -> /home/wyatt/ros2_ws/install/minimal_startup/share/minimal_startup
[4.207s] copying launch/include/sensors_service.launch.py -> /home/wyatt/ros2_ws/install/minimal_startup/share/minimal_startup
[4.208s] copying launch/include/microstrain_imu.launch.py -> /home/wyatt/ros2_ws/install/minimal_startup/share/minimal_startup
[4.208s] running install_egg_info
[4.212s] Copying ../../../build/minimal_startup/minimal_startup.egg-info to /home/wyatt/ros2_ws/install/minimal_startup/lib/python3.10/site-packages/minimal_startup-0.0.0-py3.10.egg-info
[4.218s] running install_scripts
[4.267s] writing list of installed files to '/home/wyatt/ros2_ws/build/minimal_startup/install.log'
[4.324s] Invoked command in '/home/wyatt/ros2_ws/src/common/minimal_startup' returned '0': PYTHONPATH=/home/wyatt/ros2_ws/build/minimal_startup/prefix_override:/usr/lib/python3/dist-packages/colcon_core/task/python/colcon_distutils_commands:/home/wyatt/ros2_ws/install/minimal_startup/lib/python3.10/site-packages:${PYTHONPATH} /usr/bin/python3 -W ignore:setup.py install is deprecated -W ignore:easy_install command is deprecated setup.py egg_info --egg-base ../../../build/minimal_startup build --build-base /home/wyatt/ros2_ws/build/minimal_startup/build install --record /home/wyatt/ros2_ws/build/minimal_startup/install.log --single-version-externally-managed install_data
