[4.257s] Invoking command in '/home/wyatt/ros2_ws/src/estop_button': PYTHONPATH=/home/wyatt/ros2_ws/build/estop_button/prefix_override:/home/wyatt/ros2_ws/install/estop_button/lib/python3.10/site-packages:${PYTHONPATH} /usr/bin/python3 setup.py egg_info --egg-base ../../build/estop_button build --build-base /home/wyatt/ros2_ws/build/estop_button/build install --record /home/wyatt/ros2_ws/build/estop_button/install.log --single-version-externally-managed
[5.055s] running egg_info
[5.057s] writing ../../build/estop_button/estop_button.egg-info/PKG-INFO
[5.057s] writing dependency_links to ../../build/estop_button/estop_button.egg-info/dependency_links.txt
[5.057s] writing entry points to ../../build/estop_button/estop_button.egg-info/entry_points.txt
[5.058s] writing requirements to ../../build/estop_button/estop_button.egg-info/requires.txt
[5.058s] writing top-level names to ../../build/estop_button/estop_button.egg-info/top_level.txt
[5.063s] reading manifest file '../../build/estop_button/estop_button.egg-info/SOURCES.txt'
[5.067s] writing manifest file '../../build/estop_button/estop_button.egg-info/SOURCES.txt'
[5.068s] running build
[5.068s] running build_py
[5.071s] running install
[5.071s] running install_lib
[5.073s] running install_data
[5.073s] running install_egg_info
[5.076s] removing '/home/wyatt/ros2_ws/install/estop_button/lib/python3.10/site-packages/estop_button-0.0.0-py3.10.egg-info' (and everything under it)
[5.081s] Copying ../../build/estop_button/estop_button.egg-info to /home/wyatt/ros2_ws/install/estop_button/lib/python3.10/site-packages/estop_button-0.0.0-py3.10.egg-info
[5.082s] running install_scripts
[5.119s] writing list of installed files to '/home/wyatt/ros2_ws/build/estop_button/install.log'
[5.780s] Invoked command in '/home/wyatt/ros2_ws/src/estop_button' returned '0': PYTHONPATH=/home/wyatt/ros2_ws/build/estop_button/prefix_override:/home/wyatt/ros2_ws/install/estop_button/lib/python3.10/site-packages:${PYTHONPATH} /usr/bin/python3 setup.py egg_info --egg-base ../../build/estop_button build --build-base /home/wyatt/ros2_ws/build/estop_button/build install --record /home/wyatt/ros2_ws/build/estop_button/install.log --single-version-externally-managed
