[1.856s] Invoking command in '/home/wyatt/ros2_ws/src/estop_button': PYTHONPATH=/home/wyatt/ros2_ws/build/estop_button/prefix_override:/usr/lib/python3/dist-packages/colcon_core/task/python/colcon_distutils_commands:/home/wyatt/ros2_ws/install/estop_button/lib/python3.10/site-packages:${PYTHONPATH} /usr/bin/python3 -W ignore:setup.py install is deprecated setup.py egg_info --egg-base ../../build/estop_button build --build-base /home/wyatt/ros2_ws/build/estop_button/build install --record /home/wyatt/ros2_ws/build/estop_button/install.log --single-version-externally-managed install_data
[2.577s] running egg_info
[2.578s] creating ../../build/estop_button/estop_button.egg-info
[2.578s] writing ../../build/estop_button/estop_button.egg-info/PKG-INFO
[2.579s] writing dependency_links to ../../build/estop_button/estop_button.egg-info/dependency_links.txt
[2.579s] writing entry points to ../../build/estop_button/estop_button.egg-info/entry_points.txt
[2.579s] writing requirements to ../../build/estop_button/estop_button.egg-info/requires.txt
[2.579s] writing top-level names to ../../build/estop_button/estop_button.egg-info/top_level.txt
[2.579s] writing manifest file '../../build/estop_button/estop_button.egg-info/SOURCES.txt'
[2.583s] reading manifest file '../../build/estop_button/estop_button.egg-info/SOURCES.txt'
[2.585s] writing manifest file '../../build/estop_button/estop_button.egg-info/SOURCES.txt'
[2.585s] running build
[2.586s] running build_py
[2.588s] creating /home/wyatt/ros2_ws/build/estop_button/build
[2.588s] creating /home/wyatt/ros2_ws/build/estop_button/build/lib
[2.588s] creating /home/wyatt/ros2_ws/build/estop_button/build/lib/estop_button
[2.588s] copying estop_button/estop_button.py -> /home/wyatt/ros2_ws/build/estop_button/build/lib/estop_button
[2.588s] copying estop_button/__init__.py -> /home/wyatt/ros2_ws/build/estop_button/build/lib/estop_button
[2.588s] running install
[2.590s] running install_lib
[2.591s] creating /home/wyatt/ros2_ws/install/estop_button/lib/python3.10/site-packages/estop_button
[2.591s] copying /home/wyatt/ros2_ws/build/estop_button/build/lib/estop_button/estop_button.py -> /home/wyatt/ros2_ws/install/estop_button/lib/python3.10/site-packages/estop_button
[2.591s] copying /home/wyatt/ros2_ws/build/estop_button/build/lib/estop_button/__init__.py -> /home/wyatt/ros2_ws/install/estop_button/lib/python3.10/site-packages/estop_button
[2.591s] byte-compiling /home/wyatt/ros2_ws/install/estop_button/lib/python3.10/site-packages/estop_button/estop_button.py to estop_button.cpython-310.pyc
[2.591s] byte-compiling /home/wyatt/ros2_ws/install/estop_button/lib/python3.10/site-packages/estop_button/__init__.py to __init__.cpython-310.pyc
[2.591s] running install_data
[2.591s] creating /home/wyatt/ros2_ws/install/estop_button/share/ament_index
[2.591s] creating /home/wyatt/ros2_ws/install/estop_button/share/ament_index/resource_index
[2.591s] creating /home/wyatt/ros2_ws/install/estop_button/share/ament_index/resource_index/packages
[2.592s] copying resource/estop_button -> /home/wyatt/ros2_ws/install/estop_button/share/ament_index/resource_index/packages
[2.592s] copying package.xml -> /home/wyatt/ros2_ws/install/estop_button/share/estop_button
[2.592s] running install_egg_info
[2.596s] Copying ../../build/estop_button/estop_button.egg-info to /home/wyatt/ros2_ws/install/estop_button/lib/python3.10/site-packages/estop_button-0.0.0-py3.10.egg-info
[2.596s] running install_scripts
[2.635s] writing list of installed files to '/home/wyatt/ros2_ws/build/estop_button/install.log'
[3.155s] Invoked command in '/home/wyatt/ros2_ws/src/estop_button' returned '0': PYTHONPATH=/home/wyatt/ros2_ws/build/estop_button/prefix_override:/usr/lib/python3/dist-packages/colcon_core/task/python/colcon_distutils_commands:/home/wyatt/ros2_ws/install/estop_button/lib/python3.10/site-packages:${PYTHONPATH} /usr/bin/python3 -W ignore:setup.py install is deprecated setup.py egg_info --egg-base ../../build/estop_button build --build-base /home/wyatt/ros2_ws/build/estop_button/build install --record /home/wyatt/ros2_ws/build/estop_button/install.log --single-version-externally-managed install_data
