[2.333s] Invoking command in '/home/wyatt/ros2_ws/src/herding_control': PYTHONPATH=/home/wyatt/ros2_ws/build/herding_control/prefix_override:/usr/lib/python3/dist-packages/colcon_core/task/python/colcon_distutils_commands:/home/wyatt/ros2_ws/install/herding_control/lib/python3.10/site-packages:${PYTHONPATH} /usr/bin/python3 -W ignore:setup.py install is deprecated -W ignore:easy_install command is deprecated setup.py egg_info --egg-base ../../build/herding_control build --build-base /home/wyatt/ros2_ws/build/herding_control/build install --record /home/wyatt/ros2_ws/build/herding_control/install.log --single-version-externally-managed install_data
[3.783s] running egg_info
[3.783s] creating ../../build/herding_control/herding_control.egg-info
[3.784s] writing ../../build/herding_control/herding_control.egg-info/PKG-INFO
[3.791s] writing dependency_links to ../../build/herding_control/herding_control.egg-info/dependency_links.txt
[3.791s] writing entry points to ../../build/herding_control/herding_control.egg-info/entry_points.txt
[3.791s] writing requirements to ../../build/herding_control/herding_control.egg-info/requires.txt
[3.791s] writing top-level names to ../../build/herding_control/herding_control.egg-info/top_level.txt
[3.791s] writing manifest file '../../build/herding_control/herding_control.egg-info/SOURCES.txt'
[3.797s] reading manifest file '../../build/herding_control/herding_control.egg-info/SOURCES.txt'
[3.799s] writing manifest file '../../build/herding_control/herding_control.egg-info/SOURCES.txt'
[3.803s] running build
[3.803s] running build_py
[3.805s] creating /home/wyatt/ros2_ws/build/herding_control/build
[3.805s] creating /home/wyatt/ros2_ws/build/herding_control/build/lib
[3.805s] creating /home/wyatt/ros2_ws/build/herding_control/build/lib/herding_control
[3.805s] copying herding_control/herding_agent_node.py -> /home/wyatt/ros2_ws/build/herding_control/build/lib/herding_control
[3.805s] copying herding_control/__init__.py -> /home/wyatt/ros2_ws/build/herding_control/build/lib/herding_control
[3.805s] copying herding_control/herding_target_node.py -> /home/wyatt/ros2_ws/build/herding_control/build/lib/herding_control
[3.817s] running install
[3.817s] running install_lib
[3.818s] creating /home/wyatt/ros2_ws/install/herding_control/lib/python3.10/site-packages/herding_control
[3.819s] copying /home/wyatt/ros2_ws/build/herding_control/build/lib/herding_control/herding_agent_node.py -> /home/wyatt/ros2_ws/install/herding_control/lib/python3.10/site-packages/herding_control
[3.822s] copying /home/wyatt/ros2_ws/build/herding_control/build/lib/herding_control/__init__.py -> /home/wyatt/ros2_ws/install/herding_control/lib/python3.10/site-packages/herding_control
[3.822s] copying /home/wyatt/ros2_ws/build/herding_control/build/lib/herding_control/herding_target_node.py -> /home/wyatt/ros2_ws/install/herding_control/lib/python3.10/site-packages/herding_control
[3.822s] byte-compiling /home/wyatt/ros2_ws/install/herding_control/lib/python3.10/site-packages/herding_control/herding_agent_node.py to herding_agent_node.cpython-310.pyc
[3.825s] byte-compiling /home/wyatt/ros2_ws/install/herding_control/lib/python3.10/site-packages/herding_control/__init__.py to __init__.cpython-310.pyc
[3.825s] byte-compiling /home/wyatt/ros2_ws/install/herding_control/lib/python3.10/site-packages/herding_control/herding_target_node.py to herding_target_node.cpython-310.pyc
[3.835s] running install_data
[3.835s] creating /home/wyatt/ros2_ws/install/herding_control/share/ament_index
[3.841s] creating /home/wyatt/ros2_ws/install/herding_control/share/ament_index/resource_index
[3.841s] creating /home/wyatt/ros2_ws/install/herding_control/share/ament_index/resource_index/packages
[3.841s] copying resource/herding_control -> /home/wyatt/ros2_ws/install/herding_control/share/ament_index/resource_index/packages
[3.841s] copying package.xml -> /home/wyatt/ros2_ws/install/herding_control/share/herding_control
[3.842s] running install_egg_info
[3.848s] Copying ../../build/herding_control/herding_control.egg-info to /home/wyatt/ros2_ws/install/herding_control/lib/python3.10/site-packages/herding_control-0.0.0-py3.10.egg-info
[3.859s] running install_scripts
[3.981s] Installing herding_agent_node script to /home/wyatt/ros2_ws/install/herding_control/lib/herding_control
[3.982s] Installing herding_target_node script to /home/wyatt/ros2_ws/install/herding_control/lib/herding_control
[3.982s] writing list of installed files to '/home/wyatt/ros2_ws/build/herding_control/install.log'
[4.855s] Invoked command in '/home/wyatt/ros2_ws/src/herding_control' returned '0': PYTHONPATH=/home/wyatt/ros2_ws/build/herding_control/prefix_override:/usr/lib/python3/dist-packages/colcon_core/task/python/colcon_distutils_commands:/home/wyatt/ros2_ws/install/herding_control/lib/python3.10/site-packages:${PYTHONPATH} /usr/bin/python3 -W ignore:setup.py install is deprecated -W ignore:easy_install command is deprecated setup.py egg_info --egg-base ../../build/herding_control build --build-base /home/wyatt/ros2_ws/build/herding_control/build install --record /home/wyatt/ros2_ws/build/herding_control/install.log --single-version-externally-managed install_data
