[0.158s] DEBUG:colcon:Command line arguments: ['/usr/bin/colcon', 'build']
[0.158s] DEBUG:colcon:Parsed command line arguments: Namespace(log_base=None, log_level=None, verb_name='build', build_base='build', install_base='install', merge_install=False, symlink_install=False, test_result_base=None, continue_on_error=False, executor='parallel', parallel_workers=4, event_handlers=None, ignore_user_meta=False, metas=['./colcon.meta'], base_paths=['.'], packages_ignore=None, packages_ignore_regex=None, paths=None, packages_up_to=None, packages_up_to_regex=None, packages_above=None, packages_above_and_dependencies=None, packages_above_depth=None, packages_select_by_dep=None, packages_skip_by_dep=None, packages_skip_up_to=None, packages_select_build_failed=False, packages_skip_build_finished=False, packages_select_test_failures=False, packages_skip_test_passed=False, packages_select=None, packages_skip=None, packages_select_regex=None, packages_skip_regex=None, packages_start=None, packages_end=None, allow_overriding=[], cmake_args=None, cmake_target=None, cmake_target_skip_unavailable=False, cmake_clean_cache=False, cmake_clean_first=False, cmake_force_configure=False, ament_cmake_args=None, catkin_cmake_args=None, catkin_skip_building_tests=False, verb_parser=<colcon_defaults.argument_parser.defaults.DefaultArgumentsDecorator object at 0x702c92da8dc0>, verb_extension=<colcon_core.verb.build.BuildVerb object at 0x702c92f319c0>, main=<bound method BuildVerb.main of <colcon_core.verb.build.BuildVerb object at 0x702c92f319c0>>)
[0.450s] Level 1:colcon.colcon_core.package_discovery:discover_packages(colcon_meta) check parameters
[0.450s] Level 1:colcon.colcon_core.package_discovery:discover_packages(recursive) check parameters
[0.450s] Level 1:colcon.colcon_core.package_discovery:discover_packages(ignore) check parameters
[0.450s] Level 1:colcon.colcon_core.package_discovery:discover_packages(path) check parameters
[0.450s] Level 1:colcon.colcon_core.package_discovery:discover_packages(colcon_meta) discover
[0.450s] Level 1:colcon.colcon_core.package_discovery:discover_packages(recursive) discover
[0.450s] INFO:colcon.colcon_core.package_discovery:Crawling recursively for packages in '/home/wyatt/ros2_ws'
[0.450s] Level 1:colcon.colcon_core.package_identification:_identify(.) by extensions ['ignore', 'ignore_ament_install']
[0.450s] Level 1:colcon.colcon_core.package_identification:_identify(.) by extension 'ignore'
[0.451s] Level 1:colcon.colcon_core.package_identification:_identify(.) by extension 'ignore_ament_install'
[0.451s] Level 1:colcon.colcon_core.package_identification:_identify(.) by extensions ['colcon_pkg']
[0.451s] Level 1:colcon.colcon_core.package_identification:_identify(.) by extension 'colcon_pkg'
[0.451s] Level 1:colcon.colcon_core.package_identification:_identify(.) by extensions ['colcon_meta']
[0.451s] Level 1:colcon.colcon_core.package_identification:_identify(.) by extension 'colcon_meta'
[0.451s] Level 1:colcon.colcon_core.package_identification:_identify(.) by extensions ['ros']
[0.451s] Level 1:colcon.colcon_core.package_identification:_identify(.) by extension 'ros'
[0.466s] Level 1:colcon.colcon_core.package_identification:_identify(.) by extensions ['cmake', 'python']
[0.466s] Level 1:colcon.colcon_core.package_identification:_identify(.) by extension 'cmake'
[0.467s] Level 1:colcon.colcon_core.package_identification:_identify(.) by extension 'python'
[0.467s] Level 1:colcon.colcon_core.package_identification:_identify(.) by extensions ['python_setup_py']
[0.467s] Level 1:colcon.colcon_core.package_identification:_identify(.) by extension 'python_setup_py'
[0.467s] Level 1:colcon.colcon_core.package_identification:_identify(Simulation_2024-04-23_13-59-23) by extensions ['ignore', 'ignore_ament_install']
[0.467s] Level 1:colcon.colcon_core.package_identification:_identify(Simulation_2024-04-23_13-59-23) by extension 'ignore'
[0.467s] Level 1:colcon.colcon_core.package_identification:_identify(Simulation_2024-04-23_13-59-23) by extension 'ignore_ament_install'
[0.467s] Level 1:colcon.colcon_core.package_identification:_identify(Simulation_2024-04-23_13-59-23) by extensions ['colcon_pkg']
[0.467s] Level 1:colcon.colcon_core.package_identification:_identify(Simulation_2024-04-23_13-59-23) by extension 'colcon_pkg'
[0.467s] Level 1:colcon.colcon_core.package_identification:_identify(Simulation_2024-04-23_13-59-23) by extensions ['colcon_meta']
[0.467s] Level 1:colcon.colcon_core.package_identification:_identify(Simulation_2024-04-23_13-59-23) by extension 'colcon_meta'
[0.467s] Level 1:colcon.colcon_core.package_identification:_identify(Simulation_2024-04-23_13-59-23) by extensions ['ros']
[0.467s] Level 1:colcon.colcon_core.package_identification:_identify(Simulation_2024-04-23_13-59-23) by extension 'ros'
[0.468s] Level 1:colcon.colcon_core.package_identification:_identify(Simulation_2024-04-23_13-59-23) by extensions ['cmake', 'python']
[0.468s] Level 1:colcon.colcon_core.package_identification:_identify(Simulation_2024-04-23_13-59-23) by extension 'cmake'
[0.468s] Level 1:colcon.colcon_core.package_identification:_identify(Simulation_2024-04-23_13-59-23) by extension 'python'
[0.468s] Level 1:colcon.colcon_core.package_identification:_identify(Simulation_2024-04-23_13-59-23) by extensions ['python_setup_py']
[0.468s] Level 1:colcon.colcon_core.package_identification:_identify(Simulation_2024-04-23_13-59-23) by extension 'python_setup_py'
[0.468s] Level 1:colcon.colcon_core.package_identification:_identify(Simulation_2024-04-23_14-01-11) by extensions ['ignore', 'ignore_ament_install']
[0.468s] Level 1:colcon.colcon_core.package_identification:_identify(Simulation_2024-04-23_14-01-11) by extension 'ignore'
[0.468s] Level 1:colcon.colcon_core.package_identification:_identify(Simulation_2024-04-23_14-01-11) by extension 'ignore_ament_install'
[0.468s] Level 1:colcon.colcon_core.package_identification:_identify(Simulation_2024-04-23_14-01-11) by extensions ['colcon_pkg']
[0.468s] Level 1:colcon.colcon_core.package_identification:_identify(Simulation_2024-04-23_14-01-11) by extension 'colcon_pkg'
[0.468s] Level 1:colcon.colcon_core.package_identification:_identify(Simulation_2024-04-23_14-01-11) by extensions ['colcon_meta']
[0.469s] Level 1:colcon.colcon_core.package_identification:_identify(Simulation_2024-04-23_14-01-11) by extension 'colcon_meta'
[0.469s] Level 1:colcon.colcon_core.package_identification:_identify(Simulation_2024-04-23_14-01-11) by extensions ['ros']
[0.469s] Level 1:colcon.colcon_core.package_identification:_identify(Simulation_2024-04-23_14-01-11) by extension 'ros'
[0.469s] Level 1:colcon.colcon_core.package_identification:_identify(Simulation_2024-04-23_14-01-11) by extensions ['cmake', 'python']
[0.469s] Level 1:colcon.colcon_core.package_identification:_identify(Simulation_2024-04-23_14-01-11) by extension 'cmake'
[0.469s] Level 1:colcon.colcon_core.package_identification:_identify(Simulation_2024-04-23_14-01-11) by extension 'python'
[0.469s] Level 1:colcon.colcon_core.package_identification:_identify(Simulation_2024-04-23_14-01-11) by extensions ['python_setup_py']
[0.469s] Level 1:colcon.colcon_core.package_identification:_identify(Simulation_2024-04-23_14-01-11) by extension 'python_setup_py'
[0.469s] Level 1:colcon.colcon_core.package_identification:_identify(a_NO-DELETE-rosbag2_2024_02_29-14_30_00) by extensions ['ignore', 'ignore_ament_install']
[0.469s] Level 1:colcon.colcon_core.package_identification:_identify(a_NO-DELETE-rosbag2_2024_02_29-14_30_00) by extension 'ignore'
[0.469s] Level 1:colcon.colcon_core.package_identification:_identify(a_NO-DELETE-rosbag2_2024_02_29-14_30_00) by extension 'ignore_ament_install'
[0.469s] Level 1:colcon.colcon_core.package_identification:_identify(a_NO-DELETE-rosbag2_2024_02_29-14_30_00) by extensions ['colcon_pkg']
[0.470s] Level 1:colcon.colcon_core.package_identification:_identify(a_NO-DELETE-rosbag2_2024_02_29-14_30_00) by extension 'colcon_pkg'
[0.470s] Level 1:colcon.colcon_core.package_identification:_identify(a_NO-DELETE-rosbag2_2024_02_29-14_30_00) by extensions ['colcon_meta']
[0.470s] Level 1:colcon.colcon_core.package_identification:_identify(a_NO-DELETE-rosbag2_2024_02_29-14_30_00) by extension 'colcon_meta'
[0.470s] Level 1:colcon.colcon_core.package_identification:_identify(a_NO-DELETE-rosbag2_2024_02_29-14_30_00) by extensions ['ros']
[0.470s] Level 1:colcon.colcon_core.package_identification:_identify(a_NO-DELETE-rosbag2_2024_02_29-14_30_00) by extension 'ros'
[0.470s] Level 1:colcon.colcon_core.package_identification:_identify(a_NO-DELETE-rosbag2_2024_02_29-14_30_00) by extensions ['cmake', 'python']
[0.470s] Level 1:colcon.colcon_core.package_identification:_identify(a_NO-DELETE-rosbag2_2024_02_29-14_30_00) by extension 'cmake'
[0.470s] Level 1:colcon.colcon_core.package_identification:_identify(a_NO-DELETE-rosbag2_2024_02_29-14_30_00) by extension 'python'
[0.470s] Level 1:colcon.colcon_core.package_identification:_identify(a_NO-DELETE-rosbag2_2024_02_29-14_30_00) by extensions ['python_setup_py']
[0.470s] Level 1:colcon.colcon_core.package_identification:_identify(a_NO-DELETE-rosbag2_2024_02_29-14_30_00) by extension 'python_setup_py'
[0.470s] Level 1:colcon.colcon_core.package_identification:_identify(a_Simulation_2024-04-21_16-28-10) by extensions ['ignore', 'ignore_ament_install']
[0.470s] Level 1:colcon.colcon_core.package_identification:_identify(a_Simulation_2024-04-21_16-28-10) by extension 'ignore'
[0.471s] Level 1:colcon.colcon_core.package_identification:_identify(a_Simulation_2024-04-21_16-28-10) by extension 'ignore_ament_install'
[0.471s] Level 1:colcon.colcon_core.package_identification:_identify(a_Simulation_2024-04-21_16-28-10) by extensions ['colcon_pkg']
[0.471s] Level 1:colcon.colcon_core.package_identification:_identify(a_Simulation_2024-04-21_16-28-10) by extension 'colcon_pkg'
[0.471s] Level 1:colcon.colcon_core.package_identification:_identify(a_Simulation_2024-04-21_16-28-10) by extensions ['colcon_meta']
[0.471s] Level 1:colcon.colcon_core.package_identification:_identify(a_Simulation_2024-04-21_16-28-10) by extension 'colcon_meta'
[0.471s] Level 1:colcon.colcon_core.package_identification:_identify(a_Simulation_2024-04-21_16-28-10) by extensions ['ros']
[0.471s] Level 1:colcon.colcon_core.package_identification:_identify(a_Simulation_2024-04-21_16-28-10) by extension 'ros'
[0.471s] Level 1:colcon.colcon_core.package_identification:_identify(a_Simulation_2024-04-21_16-28-10) by extensions ['cmake', 'python']
[0.471s] Level 1:colcon.colcon_core.package_identification:_identify(a_Simulation_2024-04-21_16-28-10) by extension 'cmake'
[0.471s] Level 1:colcon.colcon_core.package_identification:_identify(a_Simulation_2024-04-21_16-28-10) by extension 'python'
[0.471s] Level 1:colcon.colcon_core.package_identification:_identify(a_Simulation_2024-04-21_16-28-10) by extensions ['python_setup_py']
[0.471s] Level 1:colcon.colcon_core.package_identification:_identify(a_Simulation_2024-04-21_16-28-10) by extension 'python_setup_py'
[0.471s] Level 1:colcon.colcon_core.package_identification:_identify(a_Simulation_2024-04-21_16-47-20) by extensions ['ignore', 'ignore_ament_install']
[0.472s] Level 1:colcon.colcon_core.package_identification:_identify(a_Simulation_2024-04-21_16-47-20) by extension 'ignore'
[0.472s] Level 1:colcon.colcon_core.package_identification:_identify(a_Simulation_2024-04-21_16-47-20) by extension 'ignore_ament_install'
[0.472s] Level 1:colcon.colcon_core.package_identification:_identify(a_Simulation_2024-04-21_16-47-20) by extensions ['colcon_pkg']
[0.472s] Level 1:colcon.colcon_core.package_identification:_identify(a_Simulation_2024-04-21_16-47-20) by extension 'colcon_pkg'
[0.472s] Level 1:colcon.colcon_core.package_identification:_identify(a_Simulation_2024-04-21_16-47-20) by extensions ['colcon_meta']
[0.472s] Level 1:colcon.colcon_core.package_identification:_identify(a_Simulation_2024-04-21_16-47-20) by extension 'colcon_meta'
[0.472s] Level 1:colcon.colcon_core.package_identification:_identify(a_Simulation_2024-04-21_16-47-20) by extensions ['ros']
[0.472s] Level 1:colcon.colcon_core.package_identification:_identify(a_Simulation_2024-04-21_16-47-20) by extension 'ros'
[0.472s] Level 1:colcon.colcon_core.package_identification:_identify(a_Simulation_2024-04-21_16-47-20) by extensions ['cmake', 'python']
[0.472s] Level 1:colcon.colcon_core.package_identification:_identify(a_Simulation_2024-04-21_16-47-20) by extension 'cmake'
[0.472s] Level 1:colcon.colcon_core.package_identification:_identify(a_Simulation_2024-04-21_16-47-20) by extension 'python'
[0.472s] Level 1:colcon.colcon_core.package_identification:_identify(a_Simulation_2024-04-21_16-47-20) by extensions ['python_setup_py']
[0.472s] Level 1:colcon.colcon_core.package_identification:_identify(a_Simulation_2024-04-21_16-47-20) by extension 'python_setup_py'
[0.473s] Level 1:colcon.colcon_core.package_identification:_identify(build) by extensions ['ignore', 'ignore_ament_install']
[0.473s] Level 1:colcon.colcon_core.package_identification:_identify(build) by extension 'ignore'
[0.473s] Level 1:colcon.colcon_core.package_identification:_identify(build) ignored
[0.473s] Level 1:colcon.colcon_core.package_identification:_identify(install) by extensions ['ignore', 'ignore_ament_install']
[0.473s] Level 1:colcon.colcon_core.package_identification:_identify(install) by extension 'ignore'
[0.473s] Level 1:colcon.colcon_core.package_identification:_identify(install) ignored
[0.473s] Level 1:colcon.colcon_core.package_identification:_identify(log) by extensions ['ignore', 'ignore_ament_install']
[0.473s] Level 1:colcon.colcon_core.package_identification:_identify(log) by extension 'ignore'
[0.473s] Level 1:colcon.colcon_core.package_identification:_identify(log) ignored
[0.474s] Level 1:colcon.colcon_core.package_identification:_identify(src) by extensions ['ignore', 'ignore_ament_install']
[0.474s] Level 1:colcon.colcon_core.package_identification:_identify(src) by extension 'ignore'
[0.474s] Level 1:colcon.colcon_core.package_identification:_identify(src) by extension 'ignore_ament_install'
[0.474s] Level 1:colcon.colcon_core.package_identification:_identify(src) by extensions ['colcon_pkg']
[0.474s] Level 1:colcon.colcon_core.package_identification:_identify(src) by extension 'colcon_pkg'
[0.474s] Level 1:colcon.colcon_core.package_identification:_identify(src) by extensions ['colcon_meta']
[0.474s] Level 1:colcon.colcon_core.package_identification:_identify(src) by extension 'colcon_meta'
[0.474s] Level 1:colcon.colcon_core.package_identification:_identify(src) by extensions ['ros']
[0.474s] Level 1:colcon.colcon_core.package_identification:_identify(src) by extension 'ros'
[0.474s] Level 1:colcon.colcon_core.package_identification:_identify(src) by extensions ['cmake', 'python']
[0.474s] Level 1:colcon.colcon_core.package_identification:_identify(src) by extension 'cmake'
[0.474s] Level 1:colcon.colcon_core.package_identification:_identify(src) by extension 'python'
[0.475s] Level 1:colcon.colcon_core.package_identification:_identify(src) by extensions ['python_setup_py']
[0.475s] Level 1:colcon.colcon_core.package_identification:_identify(src) by extension 'python_setup_py'
[0.475s] Level 1:colcon.colcon_core.package_identification:_identify(src/estop_button) by extensions ['ignore', 'ignore_ament_install']
[0.475s] Level 1:colcon.colcon_core.package_identification:_identify(src/estop_button) by extension 'ignore'
[0.475s] Level 1:colcon.colcon_core.package_identification:_identify(src/estop_button) by extension 'ignore_ament_install'
[0.475s] Level 1:colcon.colcon_core.package_identification:_identify(src/estop_button) by extensions ['colcon_pkg']
[0.475s] Level 1:colcon.colcon_core.package_identification:_identify(src/estop_button) by extension 'colcon_pkg'
[0.475s] Level 1:colcon.colcon_core.package_identification:_identify(src/estop_button) by extensions ['colcon_meta']
[0.475s] Level 1:colcon.colcon_core.package_identification:_identify(src/estop_button) by extension 'colcon_meta'
[0.475s] Level 1:colcon.colcon_core.package_identification:_identify(src/estop_button) by extensions ['ros']
[0.475s] Level 1:colcon.colcon_core.package_identification:_identify(src/estop_button) by extension 'ros'
[0.478s] DEBUG:colcon.colcon_core.package_identification:Package 'src/estop_button' with type 'ros.ament_python' and name 'estop_button'
[0.479s] Level 1:colcon.colcon_core.package_identification:_identify(src/herding_v1_package) by extensions ['ignore', 'ignore_ament_install']
[0.479s] Level 1:colcon.colcon_core.package_identification:_identify(src/herding_v1_package) by extension 'ignore'
[0.479s] Level 1:colcon.colcon_core.package_identification:_identify(src/herding_v1_package) by extension 'ignore_ament_install'
[0.479s] Level 1:colcon.colcon_core.package_identification:_identify(src/herding_v1_package) by extensions ['colcon_pkg']
[0.479s] Level 1:colcon.colcon_core.package_identification:_identify(src/herding_v1_package) by extension 'colcon_pkg'
[0.479s] Level 1:colcon.colcon_core.package_identification:_identify(src/herding_v1_package) by extensions ['colcon_meta']
[0.479s] Level 1:colcon.colcon_core.package_identification:_identify(src/herding_v1_package) by extension 'colcon_meta'
[0.479s] Level 1:colcon.colcon_core.package_identification:_identify(src/herding_v1_package) by extensions ['ros']
[0.479s] Level 1:colcon.colcon_core.package_identification:_identify(src/herding_v1_package) by extension 'ros'
[0.480s] DEBUG:colcon.colcon_core.package_identification:Package 'src/herding_v1_package' with type 'ros.ament_python' and name 'herding_v1_package'
[0.480s] Level 1:colcon.colcon_core.package_identification:_identify(src/matplotlib_sim) by extensions ['ignore', 'ignore_ament_install']
[0.480s] Level 1:colcon.colcon_core.package_identification:_identify(src/matplotlib_sim) by extension 'ignore'
[0.480s] Level 1:colcon.colcon_core.package_identification:_identify(src/matplotlib_sim) by extension 'ignore_ament_install'
[0.480s] Level 1:colcon.colcon_core.package_identification:_identify(src/matplotlib_sim) by extensions ['colcon_pkg']
[0.480s] Level 1:colcon.colcon_core.package_identification:_identify(src/matplotlib_sim) by extension 'colcon_pkg'
[0.481s] Level 1:colcon.colcon_core.package_identification:_identify(src/matplotlib_sim) by extensions ['colcon_meta']
[0.481s] Level 1:colcon.colcon_core.package_identification:_identify(src/matplotlib_sim) by extension 'colcon_meta'
[0.481s] Level 1:colcon.colcon_core.package_identification:_identify(src/matplotlib_sim) by extensions ['ros']
[0.481s] Level 1:colcon.colcon_core.package_identification:_identify(src/matplotlib_sim) by extension 'ros'
[0.481s] DEBUG:colcon.colcon_core.package_identification:Package 'src/matplotlib_sim' with type 'ros.ament_python' and name 'matplotlib_sim'
[0.482s] Level 1:colcon.colcon_core.package_identification:_identify(src/single_integrator_agent) by extensions ['ignore', 'ignore_ament_install']
[0.482s] Level 1:colcon.colcon_core.package_identification:_identify(src/single_integrator_agent) by extension 'ignore'
[0.482s] Level 1:colcon.colcon_core.package_identification:_identify(src/single_integrator_agent) by extension 'ignore_ament_install'
[0.482s] Level 1:colcon.colcon_core.package_identification:_identify(src/single_integrator_agent) by extensions ['colcon_pkg']
[0.482s] Level 1:colcon.colcon_core.package_identification:_identify(src/single_integrator_agent) by extension 'colcon_pkg'
[0.482s] Level 1:colcon.colcon_core.package_identification:_identify(src/single_integrator_agent) by extensions ['colcon_meta']
[0.482s] Level 1:colcon.colcon_core.package_identification:_identify(src/single_integrator_agent) by extension 'colcon_meta'
[0.482s] Level 1:colcon.colcon_core.package_identification:_identify(src/single_integrator_agent) by extensions ['ros']
[0.482s] Level 1:colcon.colcon_core.package_identification:_identify(src/single_integrator_agent) by extension 'ros'
[0.483s] DEBUG:colcon.colcon_core.package_identification:Package 'src/single_integrator_agent' with type 'ros.ament_python' and name 'single_integrator_agent'
[0.483s] Level 1:colcon.colcon_core.package_identification:_identify(src/test_herding_pkg) by extensions ['ignore', 'ignore_ament_install']
[0.483s] Level 1:colcon.colcon_core.package_identification:_identify(src/test_herding_pkg) by extension 'ignore'
[0.483s] Level 1:colcon.colcon_core.package_identification:_identify(src/test_herding_pkg) by extension 'ignore_ament_install'
[0.483s] Level 1:colcon.colcon_core.package_identification:_identify(src/test_herding_pkg) by extensions ['colcon_pkg']
[0.483s] Level 1:colcon.colcon_core.package_identification:_identify(src/test_herding_pkg) by extension 'colcon_pkg'
[0.484s] Level 1:colcon.colcon_core.package_identification:_identify(src/test_herding_pkg) by extensions ['colcon_meta']
[0.484s] Level 1:colcon.colcon_core.package_identification:_identify(src/test_herding_pkg) by extension 'colcon_meta'
[0.484s] Level 1:colcon.colcon_core.package_identification:_identify(src/test_herding_pkg) by extensions ['ros']
[0.484s] Level 1:colcon.colcon_core.package_identification:_identify(src/test_herding_pkg) by extension 'ros'
[0.484s] DEBUG:colcon.colcon_core.package_identification:Package 'src/test_herding_pkg' with type 'ros.ament_python' and name 'test_herding_pkg'
[0.484s] Level 1:colcon.colcon_core.package_identification:_identify(src/uf_interfaces) by extensions ['ignore', 'ignore_ament_install']
[0.485s] Level 1:colcon.colcon_core.package_identification:_identify(src/uf_interfaces) by extension 'ignore'
[0.485s] Level 1:colcon.colcon_core.package_identification:_identify(src/uf_interfaces) by extension 'ignore_ament_install'
[0.485s] Level 1:colcon.colcon_core.package_identification:_identify(src/uf_interfaces) by extensions ['colcon_pkg']
[0.485s] Level 1:colcon.colcon_core.package_identification:_identify(src/uf_interfaces) by extension 'colcon_pkg'
[0.485s] Level 1:colcon.colcon_core.package_identification:_identify(src/uf_interfaces) by extensions ['colcon_meta']
[0.485s] Level 1:colcon.colcon_core.package_identification:_identify(src/uf_interfaces) by extension 'colcon_meta'
[0.485s] Level 1:colcon.colcon_core.package_identification:_identify(src/uf_interfaces) by extensions ['ros']
[0.485s] Level 1:colcon.colcon_core.package_identification:_identify(src/uf_interfaces) by extension 'ros'
[0.486s] DEBUG:colcon.colcon_core.package_identification:Package 'src/uf_interfaces' with type 'ros.ament_cmake' and name 'uf_interfaces'
[0.486s] Level 1:colcon.colcon_core.package_identification:_identify(src/vehicle_position_checker) by extensions ['ignore', 'ignore_ament_install']
[0.487s] Level 1:colcon.colcon_core.package_identification:_identify(src/vehicle_position_checker) by extension 'ignore'
[0.487s] Level 1:colcon.colcon_core.package_identification:_identify(src/vehicle_position_checker) by extension 'ignore_ament_install'
[0.487s] Level 1:colcon.colcon_core.package_identification:_identify(src/vehicle_position_checker) by extensions ['colcon_pkg']
[0.487s] Level 1:colcon.colcon_core.package_identification:_identify(src/vehicle_position_checker) by extension 'colcon_pkg'
[0.487s] Level 1:colcon.colcon_core.package_identification:_identify(src/vehicle_position_checker) by extensions ['colcon_meta']
[0.487s] Level 1:colcon.colcon_core.package_identification:_identify(src/vehicle_position_checker) by extension 'colcon_meta'
[0.487s] Level 1:colcon.colcon_core.package_identification:_identify(src/vehicle_position_checker) by extensions ['ros']
[0.487s] Level 1:colcon.colcon_core.package_identification:_identify(src/vehicle_position_checker) by extension 'ros'
[0.488s] DEBUG:colcon.colcon_core.package_identification:Package 'src/vehicle_position_checker' with type 'ros.ament_python' and name 'vehicle_position_checker'
[0.488s] Level 1:colcon.colcon_core.package_identification:_identify(src/wind_speed_package) by extensions ['ignore', 'ignore_ament_install']
[0.488s] Level 1:colcon.colcon_core.package_identification:_identify(src/wind_speed_package) by extension 'ignore'
[0.488s] Level 1:colcon.colcon_core.package_identification:_identify(src/wind_speed_package) by extension 'ignore_ament_install'
[0.488s] Level 1:colcon.colcon_core.package_identification:_identify(src/wind_speed_package) by extensions ['colcon_pkg']
[0.488s] Level 1:colcon.colcon_core.package_identification:_identify(src/wind_speed_package) by extension 'colcon_pkg'
[0.489s] Level 1:colcon.colcon_core.package_identification:_identify(src/wind_speed_package) by extensions ['colcon_meta']
[0.489s] Level 1:colcon.colcon_core.package_identification:_identify(src/wind_speed_package) by extension 'colcon_meta'
[0.489s] Level 1:colcon.colcon_core.package_identification:_identify(src/wind_speed_package) by extensions ['ros']
[0.489s] Level 1:colcon.colcon_core.package_identification:_identify(src/wind_speed_package) by extension 'ros'
[0.489s] DEBUG:colcon.colcon_core.package_identification:Package 'src/wind_speed_package' with type 'ros.ament_python' and name 'wind_speed_package'
[0.489s] Level 1:colcon.colcon_core.package_discovery:discover_packages(recursive) using defaults
[0.490s] Level 1:colcon.colcon_core.package_discovery:discover_packages(ignore) discover
[0.490s] Level 1:colcon.colcon_core.package_discovery:discover_packages(ignore) using defaults
[0.490s] Level 1:colcon.colcon_core.package_discovery:discover_packages(path) discover
[0.490s] Level 1:colcon.colcon_core.package_discovery:discover_packages(path) using defaults
[0.535s] Level 1:colcon.colcon_core.package_discovery:discover_packages(prefix_path) check parameters
[0.535s] Level 1:colcon.colcon_core.package_discovery:discover_packages(prefix_path) discover
[0.538s] DEBUG:colcon.colcon_installed_package_information.package_discovery:Found 8 installed packages in /home/wyatt/ros2_ws/install
[0.540s] DEBUG:colcon.colcon_installed_package_information.package_discovery:Found 287 installed packages in /opt/ros/humble
[0.543s] Level 1:colcon.colcon_core.package_discovery:discover_packages(prefix_path) using defaults
[0.609s] Level 5:colcon.colcon_core.verb:set package 'estop_button' build argument 'cmake_args' from command line to 'None'
[0.609s] Level 5:colcon.colcon_core.verb:set package 'estop_button' build argument 'cmake_target' from command line to 'None'
[0.609s] Level 5:colcon.colcon_core.verb:set package 'estop_button' build argument 'cmake_target_skip_unavailable' from command line to 'False'
[0.609s] Level 5:colcon.colcon_core.verb:set package 'estop_button' build argument 'cmake_clean_cache' from command line to 'False'
[0.609s] Level 5:colcon.colcon_core.verb:set package 'estop_button' build argument 'cmake_clean_first' from command line to 'False'
[0.609s] Level 5:colcon.colcon_core.verb:set package 'estop_button' build argument 'cmake_force_configure' from command line to 'False'
[0.609s] Level 5:colcon.colcon_core.verb:set package 'estop_button' build argument 'ament_cmake_args' from command line to 'None'
[0.609s] Level 5:colcon.colcon_core.verb:set package 'estop_button' build argument 'catkin_cmake_args' from command line to 'None'
[0.609s] Level 5:colcon.colcon_core.verb:set package 'estop_button' build argument 'catkin_skip_building_tests' from command line to 'False'
[0.610s] DEBUG:colcon.colcon_core.verb:Building package 'estop_button' with the following arguments: {'ament_cmake_args': None, 'build_base': '/home/wyatt/ros2_ws/build/estop_button', 'catkin_cmake_args': None, 'catkin_skip_building_tests': False, 'cmake_args': None, 'cmake_clean_cache': False, 'cmake_clean_first': False, 'cmake_force_configure': False, 'cmake_target': None, 'cmake_target_skip_unavailable': False, 'install_base': '/home/wyatt/ros2_ws/install/estop_button', 'merge_install': False, 'path': '/home/wyatt/ros2_ws/src/estop_button', 'symlink_install': False, 'test_result_base': None}
[0.610s] Level 5:colcon.colcon_core.verb:set package 'herding_v1_package' build argument 'cmake_args' from command line to 'None'
[0.610s] Level 5:colcon.colcon_core.verb:set package 'herding_v1_package' build argument 'cmake_target' from command line to 'None'
[0.610s] Level 5:colcon.colcon_core.verb:set package 'herding_v1_package' build argument 'cmake_target_skip_unavailable' from command line to 'False'
[0.610s] Level 5:colcon.colcon_core.verb:set package 'herding_v1_package' build argument 'cmake_clean_cache' from command line to 'False'
[0.610s] Level 5:colcon.colcon_core.verb:set package 'herding_v1_package' build argument 'cmake_clean_first' from command line to 'False'
[0.610s] Level 5:colcon.colcon_core.verb:set package 'herding_v1_package' build argument 'cmake_force_configure' from command line to 'False'
[0.610s] Level 5:colcon.colcon_core.verb:set package 'herding_v1_package' build argument 'ament_cmake_args' from command line to 'None'
[0.610s] Level 5:colcon.colcon_core.verb:set package 'herding_v1_package' build argument 'catkin_cmake_args' from command line to 'None'
[0.611s] Level 5:colcon.colcon_core.verb:set package 'herding_v1_package' build argument 'catkin_skip_building_tests' from command line to 'False'
[0.611s] DEBUG:colcon.colcon_core.verb:Building package 'herding_v1_package' with the following arguments: {'ament_cmake_args': None, 'build_base': '/home/wyatt/ros2_ws/build/herding_v1_package', 'catkin_cmake_args': None, 'catkin_skip_building_tests': False, 'cmake_args': None, 'cmake_clean_cache': False, 'cmake_clean_first': False, 'cmake_force_configure': False, 'cmake_target': None, 'cmake_target_skip_unavailable': False, 'install_base': '/home/wyatt/ros2_ws/install/herding_v1_package', 'merge_install': False, 'path': '/home/wyatt/ros2_ws/src/herding_v1_package', 'symlink_install': False, 'test_result_base': None}
[0.611s] Level 5:colcon.colcon_core.verb:set package 'matplotlib_sim' build argument 'cmake_args' from command line to 'None'
[0.611s] Level 5:colcon.colcon_core.verb:set package 'matplotlib_sim' build argument 'cmake_target' from command line to 'None'
[0.611s] Level 5:colcon.colcon_core.verb:set package 'matplotlib_sim' build argument 'cmake_target_skip_unavailable' from command line to 'False'
[0.611s] Level 5:colcon.colcon_core.verb:set package 'matplotlib_sim' build argument 'cmake_clean_cache' from command line to 'False'
[0.611s] Level 5:colcon.colcon_core.verb:set package 'matplotlib_sim' build argument 'cmake_clean_first' from command line to 'False'
[0.611s] Level 5:colcon.colcon_core.verb:set package 'matplotlib_sim' build argument 'cmake_force_configure' from command line to 'False'
[0.611s] Level 5:colcon.colcon_core.verb:set package 'matplotlib_sim' build argument 'ament_cmake_args' from command line to 'None'
[0.611s] Level 5:colcon.colcon_core.verb:set package 'matplotlib_sim' build argument 'catkin_cmake_args' from command line to 'None'
[0.612s] Level 5:colcon.colcon_core.verb:set package 'matplotlib_sim' build argument 'catkin_skip_building_tests' from command line to 'False'
[0.612s] DEBUG:colcon.colcon_core.verb:Building package 'matplotlib_sim' with the following arguments: {'ament_cmake_args': None, 'build_base': '/home/wyatt/ros2_ws/build/matplotlib_sim', 'catkin_cmake_args': None, 'catkin_skip_building_tests': False, 'cmake_args': None, 'cmake_clean_cache': False, 'cmake_clean_first': False, 'cmake_force_configure': False, 'cmake_target': None, 'cmake_target_skip_unavailable': False, 'install_base': '/home/wyatt/ros2_ws/install/matplotlib_sim', 'merge_install': False, 'path': '/home/wyatt/ros2_ws/src/matplotlib_sim', 'symlink_install': False, 'test_result_base': None}
[0.612s] Level 5:colcon.colcon_core.verb:set package 'single_integrator_agent' build argument 'cmake_args' from command line to 'None'
[0.612s] Level 5:colcon.colcon_core.verb:set package 'single_integrator_agent' build argument 'cmake_target' from command line to 'None'
[0.612s] Level 5:colcon.colcon_core.verb:set package 'single_integrator_agent' build argument 'cmake_target_skip_unavailable' from command line to 'False'
[0.612s] Level 5:colcon.colcon_core.verb:set package 'single_integrator_agent' build argument 'cmake_clean_cache' from command line to 'False'
[0.612s] Level 5:colcon.colcon_core.verb:set package 'single_integrator_agent' build argument 'cmake_clean_first' from command line to 'False'
[0.612s] Level 5:colcon.colcon_core.verb:set package 'single_integrator_agent' build argument 'cmake_force_configure' from command line to 'False'
[0.612s] Level 5:colcon.colcon_core.verb:set package 'single_integrator_agent' build argument 'ament_cmake_args' from command line to 'None'
[0.612s] Level 5:colcon.colcon_core.verb:set package 'single_integrator_agent' build argument 'catkin_cmake_args' from command line to 'None'
[0.613s] Level 5:colcon.colcon_core.verb:set package 'single_integrator_agent' build argument 'catkin_skip_building_tests' from command line to 'False'
[0.613s] DEBUG:colcon.colcon_core.verb:Building package 'single_integrator_agent' with the following arguments: {'ament_cmake_args': None, 'build_base': '/home/wyatt/ros2_ws/build/single_integrator_agent', 'catkin_cmake_args': None, 'catkin_skip_building_tests': False, 'cmake_args': None, 'cmake_clean_cache': False, 'cmake_clean_first': False, 'cmake_force_configure': False, 'cmake_target': None, 'cmake_target_skip_unavailable': False, 'install_base': '/home/wyatt/ros2_ws/install/single_integrator_agent', 'merge_install': False, 'path': '/home/wyatt/ros2_ws/src/single_integrator_agent', 'symlink_install': False, 'test_result_base': None}
[0.613s] Level 5:colcon.colcon_core.verb:set package 'test_herding_pkg' build argument 'cmake_args' from command line to 'None'
[0.613s] Level 5:colcon.colcon_core.verb:set package 'test_herding_pkg' build argument 'cmake_target' from command line to 'None'
[0.613s] Level 5:colcon.colcon_core.verb:set package 'test_herding_pkg' build argument 'cmake_target_skip_unavailable' from command line to 'False'
[0.613s] Level 5:colcon.colcon_core.verb:set package 'test_herding_pkg' build argument 'cmake_clean_cache' from command line to 'False'
[0.613s] Level 5:colcon.colcon_core.verb:set package 'test_herding_pkg' build argument 'cmake_clean_first' from command line to 'False'
[0.613s] Level 5:colcon.colcon_core.verb:set package 'test_herding_pkg' build argument 'cmake_force_configure' from command line to 'False'
[0.613s] Level 5:colcon.colcon_core.verb:set package 'test_herding_pkg' build argument 'ament_cmake_args' from command line to 'None'
[0.614s] Level 5:colcon.colcon_core.verb:set package 'test_herding_pkg' build argument 'catkin_cmake_args' from command line to 'None'
[0.614s] Level 5:colcon.colcon_core.verb:set package 'test_herding_pkg' build argument 'catkin_skip_building_tests' from command line to 'False'
[0.614s] DEBUG:colcon.colcon_core.verb:Building package 'test_herding_pkg' with the following arguments: {'ament_cmake_args': None, 'build_base': '/home/wyatt/ros2_ws/build/test_herding_pkg', 'catkin_cmake_args': None, 'catkin_skip_building_tests': False, 'cmake_args': None, 'cmake_clean_cache': False, 'cmake_clean_first': False, 'cmake_force_configure': False, 'cmake_target': None, 'cmake_target_skip_unavailable': False, 'install_base': '/home/wyatt/ros2_ws/install/test_herding_pkg', 'merge_install': False, 'path': '/home/wyatt/ros2_ws/src/test_herding_pkg', 'symlink_install': False, 'test_result_base': None}
[0.614s] Level 5:colcon.colcon_core.verb:set package 'uf_interfaces' build argument 'cmake_args' from command line to 'None'
[0.614s] Level 5:colcon.colcon_core.verb:set package 'uf_interfaces' build argument 'cmake_target' from command line to 'None'
[0.614s] Level 5:colcon.colcon_core.verb:set package 'uf_interfaces' build argument 'cmake_target_skip_unavailable' from command line to 'False'
[0.614s] Level 5:colcon.colcon_core.verb:set package 'uf_interfaces' build argument 'cmake_clean_cache' from command line to 'False'
[0.614s] Level 5:colcon.colcon_core.verb:set package 'uf_interfaces' build argument 'cmake_clean_first' from command line to 'False'
[0.614s] Level 5:colcon.colcon_core.verb:set package 'uf_interfaces' build argument 'cmake_force_configure' from command line to 'False'
[0.614s] Level 5:colcon.colcon_core.verb:set package 'uf_interfaces' build argument 'ament_cmake_args' from command line to 'None'
[0.615s] Level 5:colcon.colcon_core.verb:set package 'uf_interfaces' build argument 'catkin_cmake_args' from command line to 'None'
[0.615s] Level 5:colcon.colcon_core.verb:set package 'uf_interfaces' build argument 'catkin_skip_building_tests' from command line to 'False'
[0.615s] DEBUG:colcon.colcon_core.verb:Building package 'uf_interfaces' with the following arguments: {'ament_cmake_args': None, 'build_base': '/home/wyatt/ros2_ws/build/uf_interfaces', 'catkin_cmake_args': None, 'catkin_skip_building_tests': False, 'cmake_args': None, 'cmake_clean_cache': False, 'cmake_clean_first': False, 'cmake_force_configure': False, 'cmake_target': None, 'cmake_target_skip_unavailable': False, 'install_base': '/home/wyatt/ros2_ws/install/uf_interfaces', 'merge_install': False, 'path': '/home/wyatt/ros2_ws/src/uf_interfaces', 'symlink_install': False, 'test_result_base': None}
[0.615s] Level 5:colcon.colcon_core.verb:set package 'vehicle_position_checker' build argument 'cmake_args' from command line to 'None'
[0.615s] Level 5:colcon.colcon_core.verb:set package 'vehicle_position_checker' build argument 'cmake_target' from command line to 'None'
[0.615s] Level 5:colcon.colcon_core.verb:set package 'vehicle_position_checker' build argument 'cmake_target_skip_unavailable' from command line to 'False'
[0.615s] Level 5:colcon.colcon_core.verb:set package 'vehicle_position_checker' build argument 'cmake_clean_cache' from command line to 'False'
[0.615s] Level 5:colcon.colcon_core.verb:set package 'vehicle_position_checker' build argument 'cmake_clean_first' from command line to 'False'
[0.615s] Level 5:colcon.colcon_core.verb:set package 'vehicle_position_checker' build argument 'cmake_force_configure' from command line to 'False'
[0.615s] Level 5:colcon.colcon_core.verb:set package 'vehicle_position_checker' build argument 'ament_cmake_args' from command line to 'None'
[0.616s] Level 5:colcon.colcon_core.verb:set package 'vehicle_position_checker' build argument 'catkin_cmake_args' from command line to 'None'
[0.616s] Level 5:colcon.colcon_core.verb:set package 'vehicle_position_checker' build argument 'catkin_skip_building_tests' from command line to 'False'
[0.616s] DEBUG:colcon.colcon_core.verb:Building package 'vehicle_position_checker' with the following arguments: {'ament_cmake_args': None, 'build_base': '/home/wyatt/ros2_ws/build/vehicle_position_checker', 'catkin_cmake_args': None, 'catkin_skip_building_tests': False, 'cmake_args': None, 'cmake_clean_cache': False, 'cmake_clean_first': False, 'cmake_force_configure': False, 'cmake_target': None, 'cmake_target_skip_unavailable': False, 'install_base': '/home/wyatt/ros2_ws/install/vehicle_position_checker', 'merge_install': False, 'path': '/home/wyatt/ros2_ws/src/vehicle_position_checker', 'symlink_install': False, 'test_result_base': None}
[0.616s] Level 5:colcon.colcon_core.verb:set package 'wind_speed_package' build argument 'cmake_args' from command line to 'None'
[0.616s] Level 5:colcon.colcon_core.verb:set package 'wind_speed_package' build argument 'cmake_target' from command line to 'None'
[0.616s] Level 5:colcon.colcon_core.verb:set package 'wind_speed_package' build argument 'cmake_target_skip_unavailable' from command line to 'False'
[0.616s] Level 5:colcon.colcon_core.verb:set package 'wind_speed_package' build argument 'cmake_clean_cache' from command line to 'False'
[0.616s] Level 5:colcon.colcon_core.verb:set package 'wind_speed_package' build argument 'cmake_clean_first' from command line to 'False'
[0.616s] Level 5:colcon.colcon_core.verb:set package 'wind_speed_package' build argument 'cmake_force_configure' from command line to 'False'
[0.616s] Level 5:colcon.colcon_core.verb:set package 'wind_speed_package' build argument 'ament_cmake_args' from command line to 'None'
[0.617s] Level 5:colcon.colcon_core.verb:set package 'wind_speed_package' build argument 'catkin_cmake_args' from command line to 'None'
[0.617s] Level 5:colcon.colcon_core.verb:set package 'wind_speed_package' build argument 'catkin_skip_building_tests' from command line to 'False'
[0.617s] DEBUG:colcon.colcon_core.verb:Building package 'wind_speed_package' with the following arguments: {'ament_cmake_args': None, 'build_base': '/home/wyatt/ros2_ws/build/wind_speed_package', 'catkin_cmake_args': None, 'catkin_skip_building_tests': False, 'cmake_args': None, 'cmake_clean_cache': False, 'cmake_clean_first': False, 'cmake_force_configure': False, 'cmake_target': None, 'cmake_target_skip_unavailable': False, 'install_base': '/home/wyatt/ros2_ws/install/wind_speed_package', 'merge_install': False, 'path': '/home/wyatt/ros2_ws/src/wind_speed_package', 'symlink_install': False, 'test_result_base': None}
[0.617s] INFO:colcon.colcon_core.executor:Executing jobs using 'parallel' executor
[0.618s] DEBUG:colcon.colcon_parallel_executor.executor.parallel:run_until_complete
[0.619s] INFO:colcon.colcon_ros.task.ament_python.build:Building ROS package in '/home/wyatt/ros2_ws/src/estop_button' with build type 'ament_python'
[0.619s] Level 1:colcon.colcon_core.shell:create_environment_hook('estop_button', 'ament_prefix_path')
[0.623s] INFO:colcon.colcon_core.plugin_system:Skipping extension 'colcon_core.shell.bat': Not used on non-Windows systems
[0.623s] INFO:colcon.colcon_core.shell:Creating environment hook '/home/wyatt/ros2_ws/install/estop_button/share/estop_button/hook/ament_prefix_path.ps1'
[0.624s] INFO:colcon.colcon_core.shell:Creating environment descriptor '/home/wyatt/ros2_ws/install/estop_button/share/estop_button/hook/ament_prefix_path.dsv'
[0.625s] INFO:colcon.colcon_core.shell:Creating environment hook '/home/wyatt/ros2_ws/install/estop_button/share/estop_button/hook/ament_prefix_path.sh'
[0.626s] INFO:colcon.colcon_core.shell:Skip shell extension 'powershell' for command environment: Not usable outside of PowerShell
[0.626s] DEBUG:colcon.colcon_core.shell:Skip shell extension 'dsv' for command environment
[0.632s] INFO:colcon.colcon_ros.task.ament_python.build:Building ROS package in '/home/wyatt/ros2_ws/src/herding_v1_package' with build type 'ament_python'
[0.632s] Level 1:colcon.colcon_core.shell:create_environment_hook('herding_v1_package', 'ament_prefix_path')
[0.632s] INFO:colcon.colcon_core.shell:Creating environment hook '/home/wyatt/ros2_ws/install/herding_v1_package/share/herding_v1_package/hook/ament_prefix_path.ps1'
[0.633s] INFO:colcon.colcon_core.shell:Creating environment descriptor '/home/wyatt/ros2_ws/install/herding_v1_package/share/herding_v1_package/hook/ament_prefix_path.dsv'
[0.634s] INFO:colcon.colcon_core.shell:Creating environment hook '/home/wyatt/ros2_ws/install/herding_v1_package/share/herding_v1_package/hook/ament_prefix_path.sh'
[0.635s] INFO:colcon.colcon_core.shell:Skip shell extension 'powershell' for command environment: Not usable outside of PowerShell
[0.635s] DEBUG:colcon.colcon_core.shell:Skip shell extension 'dsv' for command environment
[0.639s] INFO:colcon.colcon_ros.task.ament_python.build:Building ROS package in '/home/wyatt/ros2_ws/src/matplotlib_sim' with build type 'ament_python'
[0.640s] Level 1:colcon.colcon_core.shell:create_environment_hook('matplotlib_sim', 'ament_prefix_path')
[0.640s] INFO:colcon.colcon_core.shell:Creating environment hook '/home/wyatt/ros2_ws/install/matplotlib_sim/share/matplotlib_sim/hook/ament_prefix_path.ps1'
[0.641s] INFO:colcon.colcon_core.shell:Creating environment descriptor '/home/wyatt/ros2_ws/install/matplotlib_sim/share/matplotlib_sim/hook/ament_prefix_path.dsv'
[0.642s] INFO:colcon.colcon_core.shell:Creating environment hook '/home/wyatt/ros2_ws/install/matplotlib_sim/share/matplotlib_sim/hook/ament_prefix_path.sh'
[0.643s] INFO:colcon.colcon_core.shell:Skip shell extension 'powershell' for command environment: Not usable outside of PowerShell
[0.643s] DEBUG:colcon.colcon_core.shell:Skip shell extension 'dsv' for command environment
[0.649s] INFO:colcon.colcon_ros.task.ament_python.build:Building ROS package in '/home/wyatt/ros2_ws/src/single_integrator_agent' with build type 'ament_python'
[0.649s] Level 1:colcon.colcon_core.shell:create_environment_hook('single_integrator_agent', 'ament_prefix_path')
[0.650s] INFO:colcon.colcon_core.shell:Creating environment hook '/home/wyatt/ros2_ws/install/single_integrator_agent/share/single_integrator_agent/hook/ament_prefix_path.ps1'
[0.652s] INFO:colcon.colcon_core.shell:Creating environment descriptor '/home/wyatt/ros2_ws/install/single_integrator_agent/share/single_integrator_agent/hook/ament_prefix_path.dsv'
[0.653s] INFO:colcon.colcon_core.shell:Creating environment hook '/home/wyatt/ros2_ws/install/single_integrator_agent/share/single_integrator_agent/hook/ament_prefix_path.sh'
[0.654s] INFO:colcon.colcon_core.shell:Skip shell extension 'powershell' for command environment: Not usable outside of PowerShell
[0.654s] DEBUG:colcon.colcon_core.shell:Skip shell extension 'dsv' for command environment
[1.181s] INFO:colcon.colcon_core.task.python.build:Building Python package in '/home/wyatt/ros2_ws/src/estop_button'
[1.182s] INFO:colcon.colcon_core.shell:Skip shell extension 'powershell' for command environment: Not usable outside of PowerShell
[1.182s] DEBUG:colcon.colcon_core.shell:Skip shell extension 'dsv' for command environment
[1.622s] INFO:colcon.colcon_core.task.python.build:Building Python package in '/home/wyatt/ros2_ws/src/herding_v1_package'
[1.623s] INFO:colcon.colcon_core.shell:Skip shell extension 'powershell' for command environment: Not usable outside of PowerShell
[1.623s] DEBUG:colcon.colcon_core.shell:Skip shell extension 'dsv' for command environment
[2.091s] INFO:colcon.colcon_core.task.python.build:Building Python package in '/home/wyatt/ros2_ws/src/matplotlib_sim'
[2.092s] INFO:colcon.colcon_core.shell:Skip shell extension 'powershell' for command environment: Not usable outside of PowerShell
[2.095s] DEBUG:colcon.colcon_core.shell:Skip shell extension 'dsv' for command environment
[2.551s] INFO:colcon.colcon_core.task.python.build:Building Python package in '/home/wyatt/ros2_ws/src/single_integrator_agent'
[2.552s] INFO:colcon.colcon_core.shell:Skip shell extension 'powershell' for command environment: Not usable outside of PowerShell
[2.552s] DEBUG:colcon.colcon_core.shell:Skip shell extension 'dsv' for command environment
[3.551s] DEBUG:colcon.colcon_core.event_handler.log_command:Invoking command in '/home/wyatt/ros2_ws/src/herding_v1_package': PYTHONPATH=/home/wyatt/ros2_ws/build/herding_v1_package/prefix_override:/home/wyatt/ros2_ws/install/herding_v1_package/lib/python3.10/site-packages:${PYTHONPATH} /usr/bin/python3 -W ignore:setup.py install is deprecated setup.py egg_info --egg-base ../../build/herding_v1_package build --build-base /home/wyatt/ros2_ws/build/herding_v1_package/build install --record /home/wyatt/ros2_ws/build/herding_v1_package/install.log --single-version-externally-managed install_data
[3.592s] DEBUG:colcon.colcon_core.event_handler.log_command:Invoking command in '/home/wyatt/ros2_ws/src/matplotlib_sim': PYTHONPATH=/home/wyatt/ros2_ws/build/matplotlib_sim/prefix_override:/home/wyatt/ros2_ws/install/matplotlib_sim/lib/python3.10/site-packages:${PYTHONPATH} /usr/bin/python3 -W ignore:setup.py install is deprecated setup.py egg_info --egg-base ../../build/matplotlib_sim build --build-base /home/wyatt/ros2_ws/build/matplotlib_sim/build install --record /home/wyatt/ros2_ws/build/matplotlib_sim/install.log --single-version-externally-managed install_data
[3.606s] DEBUG:colcon.colcon_core.event_handler.log_command:Invoking command in '/home/wyatt/ros2_ws/src/single_integrator_agent': PYTHONPATH=/home/wyatt/ros2_ws/build/single_integrator_agent/prefix_override:/home/wyatt/ros2_ws/install/single_integrator_agent/lib/python3.10/site-packages:${PYTHONPATH} /usr/bin/python3 -W ignore:setup.py install is deprecated setup.py egg_info --egg-base ../../build/single_integrator_agent build --build-base /home/wyatt/ros2_ws/build/single_integrator_agent/build install --record /home/wyatt/ros2_ws/build/single_integrator_agent/install.log --install-scripts $base/lib/single_integrator_agent --single-version-externally-managed install_data
[3.632s] DEBUG:colcon.colcon_core.event_handler.log_command:Invoking command in '/home/wyatt/ros2_ws/src/estop_button': PYTHONPATH=/home/wyatt/ros2_ws/build/estop_button/prefix_override:/home/wyatt/ros2_ws/install/estop_button/lib/python3.10/site-packages:${PYTHONPATH} /usr/bin/python3 -W ignore:setup.py install is deprecated setup.py egg_info --egg-base ../../build/estop_button build --build-base /home/wyatt/ros2_ws/build/estop_button/build install --record /home/wyatt/ros2_ws/build/estop_button/install.log --single-version-externally-managed install_data
[4.446s] DEBUG:colcon.colcon_core.event_handler.log_command:Invoked command in '/home/wyatt/ros2_ws/src/herding_v1_package' returned '0': PYTHONPATH=/home/wyatt/ros2_ws/build/herding_v1_package/prefix_override:/home/wyatt/ros2_ws/install/herding_v1_package/lib/python3.10/site-packages:${PYTHONPATH} /usr/bin/python3 -W ignore:setup.py install is deprecated setup.py egg_info --egg-base ../../build/herding_v1_package build --build-base /home/wyatt/ros2_ws/build/herding_v1_package/build install --record /home/wyatt/ros2_ws/build/herding_v1_package/install.log --single-version-externally-managed install_data
[4.448s] Level 1:colcon.colcon_core.environment:checking '/home/wyatt/ros2_ws/install/herding_v1_package' for CMake module files
[4.450s] Level 1:colcon.colcon_core.environment:checking '/home/wyatt/ros2_ws/install/herding_v1_package' for CMake config files
[4.451s] Level 1:colcon.colcon_core.environment:checking '/home/wyatt/ros2_ws/install/herding_v1_package/lib'
[4.452s] Level 1:colcon.colcon_core.environment:checking '/home/wyatt/ros2_ws/install/herding_v1_package/bin'
[4.452s] Level 1:colcon.colcon_core.environment:checking '/home/wyatt/ros2_ws/install/herding_v1_package/lib/pkgconfig/herding_v1_package.pc'
[4.452s] Level 1:colcon.colcon_core.environment:checking '/home/wyatt/ros2_ws/install/herding_v1_package/lib/python3.10/site-packages'
[4.453s] Level 1:colcon.colcon_core.shell:create_environment_hook('herding_v1_package', 'pythonpath')
[4.453s] INFO:colcon.colcon_core.shell:Creating environment hook '/home/wyatt/ros2_ws/install/herding_v1_package/share/herding_v1_package/hook/pythonpath.ps1'
[4.455s] INFO:colcon.colcon_core.shell:Creating environment descriptor '/home/wyatt/ros2_ws/install/herding_v1_package/share/herding_v1_package/hook/pythonpath.dsv'
[4.455s] INFO:colcon.colcon_core.shell:Creating environment hook '/home/wyatt/ros2_ws/install/herding_v1_package/share/herding_v1_package/hook/pythonpath.sh'
[4.457s] Level 1:colcon.colcon_core.environment:checking '/home/wyatt/ros2_ws/install/herding_v1_package/bin'
[4.457s] Level 1:colcon.colcon_core.environment:create_environment_scripts_only(herding_v1_package)
[4.458s] INFO:colcon.colcon_core.shell:Creating package script '/home/wyatt/ros2_ws/install/herding_v1_package/share/herding_v1_package/package.ps1'
[4.460s] INFO:colcon.colcon_core.shell:Creating package descriptor '/home/wyatt/ros2_ws/install/herding_v1_package/share/herding_v1_package/package.dsv'
[4.461s] INFO:colcon.colcon_core.shell:Creating package script '/home/wyatt/ros2_ws/install/herding_v1_package/share/herding_v1_package/package.sh'
[4.463s] INFO:colcon.colcon_core.shell:Creating package script '/home/wyatt/ros2_ws/install/herding_v1_package/share/herding_v1_package/package.bash'
[4.466s] INFO:colcon.colcon_core.shell:Creating package script '/home/wyatt/ros2_ws/install/herding_v1_package/share/herding_v1_package/package.zsh'
[4.468s] Level 1:colcon.colcon_core.environment:create_file_with_runtime_dependencies(/home/wyatt/ros2_ws/install/herding_v1_package/share/colcon-core/packages/herding_v1_package)
[4.470s] INFO:colcon.colcon_ros.task.ament_python.build:Building ROS package in '/home/wyatt/ros2_ws/src/test_herding_pkg' with build type 'ament_python'
[4.471s] Level 1:colcon.colcon_core.shell:create_environment_hook('test_herding_pkg', 'ament_prefix_path')
[4.472s] INFO:colcon.colcon_core.shell:Creating environment hook '/home/wyatt/ros2_ws/install/test_herding_pkg/share/test_herding_pkg/hook/ament_prefix_path.ps1'
[4.473s] INFO:colcon.colcon_core.shell:Creating environment descriptor '/home/wyatt/ros2_ws/install/test_herding_pkg/share/test_herding_pkg/hook/ament_prefix_path.dsv'
[4.473s] INFO:colcon.colcon_core.shell:Creating environment hook '/home/wyatt/ros2_ws/install/test_herding_pkg/share/test_herding_pkg/hook/ament_prefix_path.sh'
[4.475s] INFO:colcon.colcon_core.shell:Skip shell extension 'powershell' for command environment: Not usable outside of PowerShell
[4.475s] DEBUG:colcon.colcon_core.shell:Skip shell extension 'dsv' for command environment
[4.974s] INFO:colcon.colcon_core.task.python.build:Building Python package in '/home/wyatt/ros2_ws/src/test_herding_pkg'
[4.974s] INFO:colcon.colcon_core.shell:Skip shell extension 'powershell' for command environment: Not usable outside of PowerShell
[4.974s] DEBUG:colcon.colcon_core.shell:Skip shell extension 'dsv' for command environment
[4.987s] Level 1:colcon.colcon_core.environment:checking '/home/wyatt/ros2_ws/install/matplotlib_sim' for CMake module files
[4.989s] DEBUG:colcon.colcon_core.event_handler.log_command:Invoked command in '/home/wyatt/ros2_ws/src/matplotlib_sim' returned '0': PYTHONPATH=/home/wyatt/ros2_ws/build/matplotlib_sim/prefix_override:/home/wyatt/ros2_ws/install/matplotlib_sim/lib/python3.10/site-packages:${PYTHONPATH} /usr/bin/python3 -W ignore:setup.py install is deprecated setup.py egg_info --egg-base ../../build/matplotlib_sim build --build-base /home/wyatt/ros2_ws/build/matplotlib_sim/build install --record /home/wyatt/ros2_ws/build/matplotlib_sim/install.log --single-version-externally-managed install_data
[4.989s] Level 1:colcon.colcon_core.environment:checking '/home/wyatt/ros2_ws/install/matplotlib_sim' for CMake config files
[4.990s] Level 1:colcon.colcon_core.environment:checking '/home/wyatt/ros2_ws/install/matplotlib_sim/lib'
[4.990s] Level 1:colcon.colcon_core.environment:checking '/home/wyatt/ros2_ws/install/matplotlib_sim/bin'
[4.990s] Level 1:colcon.colcon_core.environment:checking '/home/wyatt/ros2_ws/install/matplotlib_sim/lib/pkgconfig/matplotlib_sim.pc'
[4.991s] Level 1:colcon.colcon_core.environment:checking '/home/wyatt/ros2_ws/install/matplotlib_sim/lib/python3.10/site-packages'
[4.991s] Level 1:colcon.colcon_core.shell:create_environment_hook('matplotlib_sim', 'pythonpath')
[4.991s] INFO:colcon.colcon_core.shell:Creating environment hook '/home/wyatt/ros2_ws/install/matplotlib_sim/share/matplotlib_sim/hook/pythonpath.ps1'
[4.992s] INFO:colcon.colcon_core.shell:Creating environment descriptor '/home/wyatt/ros2_ws/install/matplotlib_sim/share/matplotlib_sim/hook/pythonpath.dsv'
[4.993s] INFO:colcon.colcon_core.shell:Creating environment hook '/home/wyatt/ros2_ws/install/matplotlib_sim/share/matplotlib_sim/hook/pythonpath.sh'
[4.993s] Level 1:colcon.colcon_core.environment:checking '/home/wyatt/ros2_ws/install/matplotlib_sim/bin'
[4.994s] Level 1:colcon.colcon_core.environment:create_environment_scripts_only(matplotlib_sim)
[4.994s] INFO:colcon.colcon_core.shell:Creating package script '/home/wyatt/ros2_ws/install/matplotlib_sim/share/matplotlib_sim/package.ps1'
[4.995s] INFO:colcon.colcon_core.shell:Creating package descriptor '/home/wyatt/ros2_ws/install/matplotlib_sim/share/matplotlib_sim/package.dsv'
[4.996s] INFO:colcon.colcon_core.shell:Creating package script '/home/wyatt/ros2_ws/install/matplotlib_sim/share/matplotlib_sim/package.sh'
[4.996s] INFO:colcon.colcon_core.shell:Creating package script '/home/wyatt/ros2_ws/install/matplotlib_sim/share/matplotlib_sim/package.bash'
[4.997s] INFO:colcon.colcon_core.shell:Creating package script '/home/wyatt/ros2_ws/install/matplotlib_sim/share/matplotlib_sim/package.zsh'
[4.997s] Level 1:colcon.colcon_core.environment:create_file_with_runtime_dependencies(/home/wyatt/ros2_ws/install/matplotlib_sim/share/colcon-core/packages/matplotlib_sim)
[4.998s] Level 1:colcon.colcon_core.environment:checking '/home/wyatt/ros2_ws/install/single_integrator_agent' for CMake module files
[5.000s] DEBUG:colcon.colcon_core.event_handler.log_command:Invoked command in '/home/wyatt/ros2_ws/src/single_integrator_agent' returned '0': PYTHONPATH=/home/wyatt/ros2_ws/build/single_integrator_agent/prefix_override:/home/wyatt/ros2_ws/install/single_integrator_agent/lib/python3.10/site-packages:${PYTHONPATH} /usr/bin/python3 -W ignore:setup.py install is deprecated setup.py egg_info --egg-base ../../build/single_integrator_agent build --build-base /home/wyatt/ros2_ws/build/single_integrator_agent/build install --record /home/wyatt/ros2_ws/build/single_integrator_agent/install.log --install-scripts $base/lib/single_integrator_agent --single-version-externally-managed install_data
[5.000s] Level 1:colcon.colcon_core.environment:checking '/home/wyatt/ros2_ws/install/single_integrator_agent' for CMake config files
[5.001s] Level 1:colcon.colcon_core.environment:checking '/home/wyatt/ros2_ws/install/single_integrator_agent/lib'
[5.001s] Level 1:colcon.colcon_core.environment:checking '/home/wyatt/ros2_ws/install/single_integrator_agent/bin'
[5.001s] Level 1:colcon.colcon_core.environment:checking '/home/wyatt/ros2_ws/install/single_integrator_agent/lib/pkgconfig/single_integrator_agent.pc'
[5.002s] Level 1:colcon.colcon_core.environment:checking '/home/wyatt/ros2_ws/install/single_integrator_agent/lib/python3.10/site-packages'
[5.002s] Level 1:colcon.colcon_core.shell:create_environment_hook('single_integrator_agent', 'pythonpath')
[5.003s] INFO:colcon.colcon_core.shell:Creating environment hook '/home/wyatt/ros2_ws/install/single_integrator_agent/share/single_integrator_agent/hook/pythonpath.ps1'
[5.003s] INFO:colcon.colcon_core.shell:Creating environment descriptor '/home/wyatt/ros2_ws/install/single_integrator_agent/share/single_integrator_agent/hook/pythonpath.dsv'
[5.004s] INFO:colcon.colcon_core.shell:Creating environment hook '/home/wyatt/ros2_ws/install/single_integrator_agent/share/single_integrator_agent/hook/pythonpath.sh'
[5.004s] Level 1:colcon.colcon_core.environment:checking '/home/wyatt/ros2_ws/install/single_integrator_agent/bin'
[5.005s] Level 1:colcon.colcon_core.environment:create_environment_scripts_only(single_integrator_agent)
[5.005s] INFO:colcon.colcon_core.shell:Creating package script '/home/wyatt/ros2_ws/install/single_integrator_agent/share/single_integrator_agent/package.ps1'
[5.006s] INFO:colcon.colcon_core.shell:Creating package descriptor '/home/wyatt/ros2_ws/install/single_integrator_agent/share/single_integrator_agent/package.dsv'
[5.007s] INFO:colcon.colcon_core.shell:Creating package script '/home/wyatt/ros2_ws/install/single_integrator_agent/share/single_integrator_agent/package.sh'
[5.007s] INFO:colcon.colcon_core.shell:Creating package script '/home/wyatt/ros2_ws/install/single_integrator_agent/share/single_integrator_agent/package.bash'
[5.008s] INFO:colcon.colcon_core.shell:Creating package script '/home/wyatt/ros2_ws/install/single_integrator_agent/share/single_integrator_agent/package.zsh'
[5.008s] Level 1:colcon.colcon_core.environment:create_file_with_runtime_dependencies(/home/wyatt/ros2_ws/install/single_integrator_agent/share/colcon-core/packages/single_integrator_agent)
[5.010s] INFO:colcon.colcon_ros.task.ament_cmake.build:Building ROS package in '/home/wyatt/ros2_ws/src/uf_interfaces' with build type 'ament_cmake'
[5.010s] INFO:colcon.colcon_cmake.task.cmake.build:Building CMake package in '/home/wyatt/ros2_ws/src/uf_interfaces'
[5.011s] INFO:colcon.colcon_core.shell:Skip shell extension 'powershell' for command environment: Not usable outside of PowerShell
[5.011s] DEBUG:colcon.colcon_core.shell:Skip shell extension 'dsv' for command environment
[5.017s] INFO:colcon.colcon_ros.task.ament_python.build:Building ROS package in '/home/wyatt/ros2_ws/src/vehicle_position_checker' with build type 'ament_python'
[5.017s] Level 1:colcon.colcon_core.shell:create_environment_hook('vehicle_position_checker', 'ament_prefix_path')
[5.017s] INFO:colcon.colcon_core.shell:Creating environment hook '/home/wyatt/ros2_ws/install/vehicle_position_checker/share/vehicle_position_checker/hook/ament_prefix_path.ps1'
[5.018s] INFO:colcon.colcon_core.shell:Creating environment descriptor '/home/wyatt/ros2_ws/install/vehicle_position_checker/share/vehicle_position_checker/hook/ament_prefix_path.dsv'
[5.019s] INFO:colcon.colcon_core.shell:Creating environment hook '/home/wyatt/ros2_ws/install/vehicle_position_checker/share/vehicle_position_checker/hook/ament_prefix_path.sh'
[5.020s] INFO:colcon.colcon_core.shell:Skip shell extension 'powershell' for command environment: Not usable outside of PowerShell
[5.020s] DEBUG:colcon.colcon_core.shell:Skip shell extension 'dsv' for command environment
[5.026s] Level 1:colcon.colcon_core.environment:checking '/home/wyatt/ros2_ws/install/estop_button' for CMake module files
[5.027s] Level 1:colcon.colcon_core.environment:checking '/home/wyatt/ros2_ws/install/estop_button' for CMake config files
[5.028s] DEBUG:colcon.colcon_core.event_handler.log_command:Invoked command in '/home/wyatt/ros2_ws/src/estop_button' returned '0': PYTHONPATH=/home/wyatt/ros2_ws/build/estop_button/prefix_override:/home/wyatt/ros2_ws/install/estop_button/lib/python3.10/site-packages:${PYTHONPATH} /usr/bin/python3 -W ignore:setup.py install is deprecated setup.py egg_info --egg-base ../../build/estop_button build --build-base /home/wyatt/ros2_ws/build/estop_button/build install --record /home/wyatt/ros2_ws/build/estop_button/install.log --single-version-externally-managed install_data
[5.030s] Level 1:colcon.colcon_core.environment:checking '/home/wyatt/ros2_ws/install/estop_button/lib'
[5.030s] Level 1:colcon.colcon_core.environment:checking '/home/wyatt/ros2_ws/install/estop_button/bin'
[5.031s] Level 1:colcon.colcon_core.environment:checking '/home/wyatt/ros2_ws/install/estop_button/lib/pkgconfig/estop_button.pc'
[5.031s] Level 1:colcon.colcon_core.environment:checking '/home/wyatt/ros2_ws/install/estop_button/lib/python3.10/site-packages'
[5.031s] Level 1:colcon.colcon_core.shell:create_environment_hook('estop_button', 'pythonpath')
[5.032s] INFO:colcon.colcon_core.shell:Creating environment hook '/home/wyatt/ros2_ws/install/estop_button/share/estop_button/hook/pythonpath.ps1'
[5.033s] INFO:colcon.colcon_core.shell:Creating environment descriptor '/home/wyatt/ros2_ws/install/estop_button/share/estop_button/hook/pythonpath.dsv'
[5.034s] INFO:colcon.colcon_core.shell:Creating environment hook '/home/wyatt/ros2_ws/install/estop_button/share/estop_button/hook/pythonpath.sh'
[5.035s] Level 1:colcon.colcon_core.environment:checking '/home/wyatt/ros2_ws/install/estop_button/bin'
[5.035s] Level 1:colcon.colcon_core.environment:create_environment_scripts_only(estop_button)
[5.036s] INFO:colcon.colcon_core.shell:Creating package script '/home/wyatt/ros2_ws/install/estop_button/share/estop_button/package.ps1'
[5.036s] INFO:colcon.colcon_core.shell:Creating package descriptor '/home/wyatt/ros2_ws/install/estop_button/share/estop_button/package.dsv'
[5.037s] INFO:colcon.colcon_core.shell:Creating package script '/home/wyatt/ros2_ws/install/estop_button/share/estop_button/package.sh'
[5.038s] INFO:colcon.colcon_core.shell:Creating package script '/home/wyatt/ros2_ws/install/estop_button/share/estop_button/package.bash'
[5.038s] INFO:colcon.colcon_core.shell:Creating package script '/home/wyatt/ros2_ws/install/estop_button/share/estop_button/package.zsh'
[5.039s] Level 1:colcon.colcon_core.environment:create_file_with_runtime_dependencies(/home/wyatt/ros2_ws/install/estop_button/share/colcon-core/packages/estop_button)
[5.041s] INFO:colcon.colcon_ros.task.ament_python.build:Building ROS package in '/home/wyatt/ros2_ws/src/wind_speed_package' with build type 'ament_python'
[5.041s] Level 1:colcon.colcon_core.shell:create_environment_hook('wind_speed_package', 'ament_prefix_path')
[5.041s] INFO:colcon.colcon_core.shell:Creating environment hook '/home/wyatt/ros2_ws/install/wind_speed_package/share/wind_speed_package/hook/ament_prefix_path.ps1'
[5.042s] INFO:colcon.colcon_core.shell:Creating environment descriptor '/home/wyatt/ros2_ws/install/wind_speed_package/share/wind_speed_package/hook/ament_prefix_path.dsv'
[5.042s] INFO:colcon.colcon_core.shell:Creating environment hook '/home/wyatt/ros2_ws/install/wind_speed_package/share/wind_speed_package/hook/ament_prefix_path.sh'
[5.043s] INFO:colcon.colcon_core.shell:Skip shell extension 'powershell' for command environment: Not usable outside of PowerShell
[5.043s] DEBUG:colcon.colcon_core.shell:Skip shell extension 'dsv' for command environment
[5.059s] DEBUG:colcon.colcon_core.event_handler.log_command:Invoking command in '/home/wyatt/ros2_ws/build/uf_interfaces': CMAKE_PREFIX_PATH=${CMAKE_PREFIX_PATH}:/home/wyatt/ros2_ws/install/wind_speed_package:/home/wyatt/ros2_ws/install/vehicle_position_checker:/home/wyatt/ros2_ws/install/test_herding_pkg:/home/wyatt/ros2_ws/install/single_integrator_agent:/home/wyatt/ros2_ws/install/matplotlib_sim:/home/wyatt/ros2_ws/install/herding_v1_package:/home/wyatt/ros2_ws/install/estop_button:/opt/ros/humble /usr/bin/cmake --build /home/wyatt/ros2_ws/build/uf_interfaces -- -j4 -l4
[5.982s] INFO:colcon.colcon_core.task.python.build:Building Python package in '/home/wyatt/ros2_ws/src/vehicle_position_checker'
[5.983s] INFO:colcon.colcon_core.shell:Skip shell extension 'powershell' for command environment: Not usable outside of PowerShell
[5.983s] DEBUG:colcon.colcon_core.shell:Skip shell extension 'dsv' for command environment
[6.450s] INFO:colcon.colcon_core.task.python.build:Building Python package in '/home/wyatt/ros2_ws/src/wind_speed_package'
[6.452s] INFO:colcon.colcon_core.shell:Skip shell extension 'powershell' for command environment: Not usable outside of PowerShell
[6.452s] DEBUG:colcon.colcon_core.shell:Skip shell extension 'dsv' for command environment
[6.475s] DEBUG:colcon.colcon_core.event_handler.log_command:Invoked command in '/home/wyatt/ros2_ws/build/uf_interfaces' returned '0': CMAKE_PREFIX_PATH=${CMAKE_PREFIX_PATH}:/home/wyatt/ros2_ws/install/wind_speed_package:/home/wyatt/ros2_ws/install/vehicle_position_checker:/home/wyatt/ros2_ws/install/test_herding_pkg:/home/wyatt/ros2_ws/install/single_integrator_agent:/home/wyatt/ros2_ws/install/matplotlib_sim:/home/wyatt/ros2_ws/install/herding_v1_package:/home/wyatt/ros2_ws/install/estop_button:/opt/ros/humble /usr/bin/cmake --build /home/wyatt/ros2_ws/build/uf_interfaces -- -j4 -l4
[6.482s] DEBUG:colcon.colcon_core.event_handler.log_command:Invoking command in '/home/wyatt/ros2_ws/src/test_herding_pkg': PYTHONPATH=/home/wyatt/ros2_ws/build/test_herding_pkg/prefix_override:/home/wyatt/ros2_ws/install/test_herding_pkg/lib/python3.10/site-packages:${PYTHONPATH} /usr/bin/python3 -W ignore:setup.py install is deprecated setup.py egg_info --egg-base ../../build/test_herding_pkg build --build-base /home/wyatt/ros2_ws/build/test_herding_pkg/build install --record /home/wyatt/ros2_ws/build/test_herding_pkg/install.log --single-version-externally-managed install_data
[6.816s] DEBUG:colcon.colcon_core.event_handler.log_command:Invoking command in '/home/wyatt/ros2_ws/build/uf_interfaces': CMAKE_PREFIX_PATH=${CMAKE_PREFIX_PATH}:/home/wyatt/ros2_ws/install/wind_speed_package:/home/wyatt/ros2_ws/install/vehicle_position_checker:/home/wyatt/ros2_ws/install/test_herding_pkg:/home/wyatt/ros2_ws/install/single_integrator_agent:/home/wyatt/ros2_ws/install/matplotlib_sim:/home/wyatt/ros2_ws/install/herding_v1_package:/home/wyatt/ros2_ws/install/estop_button:/opt/ros/humble /usr/bin/cmake --install /home/wyatt/ros2_ws/build/uf_interfaces
[7.085s] Level 1:colcon.colcon_core.environment:create_environment_scripts_only(uf_interfaces)
[7.085s] Level 1:colcon.colcon_core.environment:checking '/home/wyatt/ros2_ws/install/uf_interfaces' for CMake module files
[7.088s] Level 1:colcon.colcon_core.environment:checking '/home/wyatt/ros2_ws/install/uf_interfaces' for CMake config files
[7.089s] Level 1:colcon.colcon_core.shell:create_environment_hook('uf_interfaces', 'cmake_prefix_path')
[7.090s] INFO:colcon.colcon_core.shell:Creating environment hook '/home/wyatt/ros2_ws/install/uf_interfaces/share/uf_interfaces/hook/cmake_prefix_path.ps1'
[7.091s] INFO:colcon.colcon_core.shell:Creating environment descriptor '/home/wyatt/ros2_ws/install/uf_interfaces/share/uf_interfaces/hook/cmake_prefix_path.dsv'
[7.092s] INFO:colcon.colcon_core.shell:Creating environment hook '/home/wyatt/ros2_ws/install/uf_interfaces/share/uf_interfaces/hook/cmake_prefix_path.sh'
[7.093s] Level 1:colcon.colcon_core.environment:checking '/home/wyatt/ros2_ws/install/uf_interfaces/lib'
[7.093s] Level 1:colcon.colcon_core.shell:create_environment_hook('uf_interfaces', 'ld_library_path_lib')
[7.094s] INFO:colcon.colcon_core.shell:Creating environment hook '/home/wyatt/ros2_ws/install/uf_interfaces/share/uf_interfaces/hook/ld_library_path_lib.ps1'
[7.102s] INFO:colcon.colcon_core.shell:Creating environment descriptor '/home/wyatt/ros2_ws/install/uf_interfaces/share/uf_interfaces/hook/ld_library_path_lib.dsv'
[7.103s] INFO:colcon.colcon_core.shell:Creating environment hook '/home/wyatt/ros2_ws/install/uf_interfaces/share/uf_interfaces/hook/ld_library_path_lib.sh'
[7.104s] Level 1:colcon.colcon_core.environment:checking '/home/wyatt/ros2_ws/install/uf_interfaces/bin'
[7.104s] Level 1:colcon.colcon_core.environment:checking '/home/wyatt/ros2_ws/install/uf_interfaces/lib/pkgconfig/uf_interfaces.pc'
[7.105s] Level 1:colcon.colcon_core.environment:checking '/home/wyatt/ros2_ws/install/uf_interfaces/lib/python3.10/site-packages'
[7.105s] Level 1:colcon.colcon_core.environment:checking '/home/wyatt/ros2_ws/install/uf_interfaces/bin'
[7.106s] INFO:colcon.colcon_core.shell:Creating package script '/home/wyatt/ros2_ws/install/uf_interfaces/share/uf_interfaces/package.ps1'
[7.107s] INFO:colcon.colcon_core.shell:Creating package descriptor '/home/wyatt/ros2_ws/install/uf_interfaces/share/uf_interfaces/package.dsv'
[7.108s] INFO:colcon.colcon_core.shell:Creating package script '/home/wyatt/ros2_ws/install/uf_interfaces/share/uf_interfaces/package.sh'
[7.109s] INFO:colcon.colcon_core.shell:Creating package script '/home/wyatt/ros2_ws/install/uf_interfaces/share/uf_interfaces/package.bash'
[7.110s] DEBUG:colcon.colcon_core.event_handler.log_command:Invoked command in '/home/wyatt/ros2_ws/build/uf_interfaces' returned '0': CMAKE_PREFIX_PATH=${CMAKE_PREFIX_PATH}:/home/wyatt/ros2_ws/install/wind_speed_package:/home/wyatt/ros2_ws/install/vehicle_position_checker:/home/wyatt/ros2_ws/install/test_herding_pkg:/home/wyatt/ros2_ws/install/single_integrator_agent:/home/wyatt/ros2_ws/install/matplotlib_sim:/home/wyatt/ros2_ws/install/herding_v1_package:/home/wyatt/ros2_ws/install/estop_button:/opt/ros/humble /usr/bin/cmake --install /home/wyatt/ros2_ws/build/uf_interfaces
[7.111s] INFO:colcon.colcon_core.shell:Creating package script '/home/wyatt/ros2_ws/install/uf_interfaces/share/uf_interfaces/package.zsh'
[7.111s] Level 1:colcon.colcon_core.environment:create_file_with_runtime_dependencies(/home/wyatt/ros2_ws/install/uf_interfaces/share/colcon-core/packages/uf_interfaces)
[7.417s] Level 1:colcon.colcon_core.environment:checking '/home/wyatt/ros2_ws/install/test_herding_pkg' for CMake module files
[7.418s] Level 1:colcon.colcon_core.environment:checking '/home/wyatt/ros2_ws/install/test_herding_pkg' for CMake config files
[7.420s] DEBUG:colcon.colcon_core.event_handler.log_command:Invoked command in '/home/wyatt/ros2_ws/src/test_herding_pkg' returned '0': PYTHONPATH=/home/wyatt/ros2_ws/build/test_herding_pkg/prefix_override:/home/wyatt/ros2_ws/install/test_herding_pkg/lib/python3.10/site-packages:${PYTHONPATH} /usr/bin/python3 -W ignore:setup.py install is deprecated setup.py egg_info --egg-base ../../build/test_herding_pkg build --build-base /home/wyatt/ros2_ws/build/test_herding_pkg/build install --record /home/wyatt/ros2_ws/build/test_herding_pkg/install.log --single-version-externally-managed install_data
[7.422s] Level 1:colcon.colcon_core.environment:checking '/home/wyatt/ros2_ws/install/test_herding_pkg/lib'
[7.422s] Level 1:colcon.colcon_core.environment:checking '/home/wyatt/ros2_ws/install/test_herding_pkg/bin'
[7.423s] Level 1:colcon.colcon_core.environment:checking '/home/wyatt/ros2_ws/install/test_herding_pkg/lib/pkgconfig/test_herding_pkg.pc'
[7.424s] Level 1:colcon.colcon_core.environment:checking '/home/wyatt/ros2_ws/install/test_herding_pkg/lib/python3.10/site-packages'
[7.424s] Level 1:colcon.colcon_core.shell:create_environment_hook('test_herding_pkg', 'pythonpath')
[7.425s] INFO:colcon.colcon_core.shell:Creating environment hook '/home/wyatt/ros2_ws/install/test_herding_pkg/share/test_herding_pkg/hook/pythonpath.ps1'
[7.427s] INFO:colcon.colcon_core.shell:Creating environment descriptor '/home/wyatt/ros2_ws/install/test_herding_pkg/share/test_herding_pkg/hook/pythonpath.dsv'
[7.428s] INFO:colcon.colcon_core.shell:Creating environment hook '/home/wyatt/ros2_ws/install/test_herding_pkg/share/test_herding_pkg/hook/pythonpath.sh'
[7.430s] Level 1:colcon.colcon_core.environment:checking '/home/wyatt/ros2_ws/install/test_herding_pkg/bin'
[7.431s] Level 1:colcon.colcon_core.environment:create_environment_scripts_only(test_herding_pkg)
[7.432s] INFO:colcon.colcon_core.shell:Creating package script '/home/wyatt/ros2_ws/install/test_herding_pkg/share/test_herding_pkg/package.ps1'
[7.434s] INFO:colcon.colcon_core.shell:Creating package descriptor '/home/wyatt/ros2_ws/install/test_herding_pkg/share/test_herding_pkg/package.dsv'
[7.435s] INFO:colcon.colcon_core.shell:Creating package script '/home/wyatt/ros2_ws/install/test_herding_pkg/share/test_herding_pkg/package.sh'
[7.437s] INFO:colcon.colcon_core.shell:Creating package script '/home/wyatt/ros2_ws/install/test_herding_pkg/share/test_herding_pkg/package.bash'
[7.438s] INFO:colcon.colcon_core.shell:Creating package script '/home/wyatt/ros2_ws/install/test_herding_pkg/share/test_herding_pkg/package.zsh'
[7.439s] Level 1:colcon.colcon_core.environment:create_file_with_runtime_dependencies(/home/wyatt/ros2_ws/install/test_herding_pkg/share/colcon-core/packages/test_herding_pkg)
[7.443s] Level 1:colcon.colcon_core.environment:create_environment_scripts_only(uf_interfaces)
[7.443s] Level 1:colcon.colcon_core.environment:checking '/home/wyatt/ros2_ws/install/uf_interfaces' for CMake module files
[7.445s] Level 1:colcon.colcon_core.environment:checking '/home/wyatt/ros2_ws/install/uf_interfaces' for CMake config files
[7.447s] Level 1:colcon.colcon_core.shell:create_environment_hook('uf_interfaces', 'cmake_prefix_path')
[7.447s] INFO:colcon.colcon_core.shell:Creating environment hook '/home/wyatt/ros2_ws/install/uf_interfaces/share/uf_interfaces/hook/cmake_prefix_path.ps1'
[7.448s] INFO:colcon.colcon_core.shell:Creating environment descriptor '/home/wyatt/ros2_ws/install/uf_interfaces/share/uf_interfaces/hook/cmake_prefix_path.dsv'
[7.449s] INFO:colcon.colcon_core.shell:Creating environment hook '/home/wyatt/ros2_ws/install/uf_interfaces/share/uf_interfaces/hook/cmake_prefix_path.sh'
[7.450s] Level 1:colcon.colcon_core.environment:checking '/home/wyatt/ros2_ws/install/uf_interfaces/lib'
[7.450s] Level 1:colcon.colcon_core.shell:create_environment_hook('uf_interfaces', 'ld_library_path_lib')
[7.451s] INFO:colcon.colcon_core.shell:Creating environment hook '/home/wyatt/ros2_ws/install/uf_interfaces/share/uf_interfaces/hook/ld_library_path_lib.ps1'
[7.452s] INFO:colcon.colcon_core.shell:Creating environment descriptor '/home/wyatt/ros2_ws/install/uf_interfaces/share/uf_interfaces/hook/ld_library_path_lib.dsv'
[7.453s] INFO:colcon.colcon_core.shell:Creating environment hook '/home/wyatt/ros2_ws/install/uf_interfaces/share/uf_interfaces/hook/ld_library_path_lib.sh'
[7.453s] Level 1:colcon.colcon_core.environment:checking '/home/wyatt/ros2_ws/install/uf_interfaces/bin'
[7.454s] Level 1:colcon.colcon_core.environment:checking '/home/wyatt/ros2_ws/install/uf_interfaces/lib/pkgconfig/uf_interfaces.pc'
[7.454s] Level 1:colcon.colcon_core.environment:checking '/home/wyatt/ros2_ws/install/uf_interfaces/lib/python3.10/site-packages'
[7.455s] Level 1:colcon.colcon_core.environment:checking '/home/wyatt/ros2_ws/install/uf_interfaces/bin'
[7.456s] INFO:colcon.colcon_core.shell:Creating package script '/home/wyatt/ros2_ws/install/uf_interfaces/share/uf_interfaces/package.ps1'
[7.458s] INFO:colcon.colcon_core.shell:Creating package descriptor '/home/wyatt/ros2_ws/install/uf_interfaces/share/uf_interfaces/package.dsv'
[7.459s] INFO:colcon.colcon_core.shell:Creating package script '/home/wyatt/ros2_ws/install/uf_interfaces/share/uf_interfaces/package.sh'
[7.460s] INFO:colcon.colcon_core.shell:Creating package script '/home/wyatt/ros2_ws/install/uf_interfaces/share/uf_interfaces/package.bash'
[7.461s] INFO:colcon.colcon_core.shell:Creating package script '/home/wyatt/ros2_ws/install/uf_interfaces/share/uf_interfaces/package.zsh'
[7.462s] Level 1:colcon.colcon_core.environment:create_file_with_runtime_dependencies(/home/wyatt/ros2_ws/install/uf_interfaces/share/colcon-core/packages/uf_interfaces)
[7.558s] DEBUG:colcon.colcon_core.event_handler.log_command:Invoking command in '/home/wyatt/ros2_ws/src/wind_speed_package': PYTHONPATH=/home/wyatt/ros2_ws/build/wind_speed_package/prefix_override:/home/wyatt/ros2_ws/install/wind_speed_package/lib/python3.10/site-packages:${PYTHONPATH} /usr/bin/python3 -W ignore:setup.py install is deprecated setup.py egg_info --egg-base ../../build/wind_speed_package build --build-base /home/wyatt/ros2_ws/build/wind_speed_package/build install --record /home/wyatt/ros2_ws/build/wind_speed_package/install.log --single-version-externally-managed install_data
[7.560s] DEBUG:colcon.colcon_core.event_handler.log_command:Invoking command in '/home/wyatt/ros2_ws/src/vehicle_position_checker': PYTHONPATH=/home/wyatt/ros2_ws/build/vehicle_position_checker/prefix_override:/home/wyatt/ros2_ws/install/vehicle_position_checker/lib/python3.10/site-packages:${PYTHONPATH} /usr/bin/python3 -W ignore:setup.py install is deprecated setup.py egg_info --egg-base ../../build/vehicle_position_checker build --build-base /home/wyatt/ros2_ws/build/vehicle_position_checker/build install --record /home/wyatt/ros2_ws/build/vehicle_position_checker/install.log --single-version-externally-managed install_data
[8.104s] Level 1:colcon.colcon_core.environment:checking '/home/wyatt/ros2_ws/install/wind_speed_package' for CMake module files
[8.105s] DEBUG:colcon.colcon_core.event_handler.log_command:Invoked command in '/home/wyatt/ros2_ws/src/wind_speed_package' returned '0': PYTHONPATH=/home/wyatt/ros2_ws/build/wind_speed_package/prefix_override:/home/wyatt/ros2_ws/install/wind_speed_package/lib/python3.10/site-packages:${PYTHONPATH} /usr/bin/python3 -W ignore:setup.py install is deprecated setup.py egg_info --egg-base ../../build/wind_speed_package build --build-base /home/wyatt/ros2_ws/build/wind_speed_package/build install --record /home/wyatt/ros2_ws/build/wind_speed_package/install.log --single-version-externally-managed install_data
[8.105s] Level 1:colcon.colcon_core.environment:checking '/home/wyatt/ros2_ws/install/wind_speed_package' for CMake config files
[8.106s] Level 1:colcon.colcon_core.environment:checking '/home/wyatt/ros2_ws/install/wind_speed_package/lib'
[8.106s] Level 1:colcon.colcon_core.environment:checking '/home/wyatt/ros2_ws/install/wind_speed_package/bin'
[8.106s] Level 1:colcon.colcon_core.environment:checking '/home/wyatt/ros2_ws/install/wind_speed_package/lib/pkgconfig/wind_speed_package.pc'
[8.107s] Level 1:colcon.colcon_core.environment:checking '/home/wyatt/ros2_ws/install/wind_speed_package/lib/python3.10/site-packages'
[8.107s] Level 1:colcon.colcon_core.shell:create_environment_hook('wind_speed_package', 'pythonpath')
[8.107s] INFO:colcon.colcon_core.shell:Creating environment hook '/home/wyatt/ros2_ws/install/wind_speed_package/share/wind_speed_package/hook/pythonpath.ps1'
[8.108s] INFO:colcon.colcon_core.shell:Creating environment descriptor '/home/wyatt/ros2_ws/install/wind_speed_package/share/wind_speed_package/hook/pythonpath.dsv'
[8.110s] INFO:colcon.colcon_core.shell:Creating environment hook '/home/wyatt/ros2_ws/install/wind_speed_package/share/wind_speed_package/hook/pythonpath.sh'
[8.111s] Level 1:colcon.colcon_core.environment:checking '/home/wyatt/ros2_ws/install/wind_speed_package/bin'
[8.111s] Level 1:colcon.colcon_core.environment:create_environment_scripts_only(wind_speed_package)
[8.112s] INFO:colcon.colcon_core.shell:Creating package script '/home/wyatt/ros2_ws/install/wind_speed_package/share/wind_speed_package/package.ps1'
[8.113s] INFO:colcon.colcon_core.shell:Creating package descriptor '/home/wyatt/ros2_ws/install/wind_speed_package/share/wind_speed_package/package.dsv'
[8.115s] INFO:colcon.colcon_core.shell:Creating package script '/home/wyatt/ros2_ws/install/wind_speed_package/share/wind_speed_package/package.sh'
[8.116s] INFO:colcon.colcon_core.shell:Creating package script '/home/wyatt/ros2_ws/install/wind_speed_package/share/wind_speed_package/package.bash'
[8.117s] INFO:colcon.colcon_core.shell:Creating package script '/home/wyatt/ros2_ws/install/wind_speed_package/share/wind_speed_package/package.zsh'
[8.118s] Level 1:colcon.colcon_core.environment:create_file_with_runtime_dependencies(/home/wyatt/ros2_ws/install/wind_speed_package/share/colcon-core/packages/wind_speed_package)
[8.120s] Level 1:colcon.colcon_core.environment:checking '/home/wyatt/ros2_ws/install/vehicle_position_checker' for CMake module files
[8.122s] DEBUG:colcon.colcon_core.event_handler.log_command:Invoked command in '/home/wyatt/ros2_ws/src/vehicle_position_checker' returned '0': PYTHONPATH=/home/wyatt/ros2_ws/build/vehicle_position_checker/prefix_override:/home/wyatt/ros2_ws/install/vehicle_position_checker/lib/python3.10/site-packages:${PYTHONPATH} /usr/bin/python3 -W ignore:setup.py install is deprecated setup.py egg_info --egg-base ../../build/vehicle_position_checker build --build-base /home/wyatt/ros2_ws/build/vehicle_position_checker/build install --record /home/wyatt/ros2_ws/build/vehicle_position_checker/install.log --single-version-externally-managed install_data
[8.122s] Level 1:colcon.colcon_core.environment:checking '/home/wyatt/ros2_ws/install/vehicle_position_checker' for CMake config files
[8.123s] Level 1:colcon.colcon_core.environment:checking '/home/wyatt/ros2_ws/install/vehicle_position_checker/lib'
[8.124s] Level 1:colcon.colcon_core.environment:checking '/home/wyatt/ros2_ws/install/vehicle_position_checker/bin'
[8.124s] Level 1:colcon.colcon_core.environment:checking '/home/wyatt/ros2_ws/install/vehicle_position_checker/lib/pkgconfig/vehicle_position_checker.pc'
[8.124s] Level 1:colcon.colcon_core.environment:checking '/home/wyatt/ros2_ws/install/vehicle_position_checker/lib/python3.10/site-packages'
[8.124s] Level 1:colcon.colcon_core.shell:create_environment_hook('vehicle_position_checker', 'pythonpath')
[8.125s] INFO:colcon.colcon_core.shell:Creating environment hook '/home/wyatt/ros2_ws/install/vehicle_position_checker/share/vehicle_position_checker/hook/pythonpath.ps1'
[8.126s] INFO:colcon.colcon_core.shell:Creating environment descriptor '/home/wyatt/ros2_ws/install/vehicle_position_checker/share/vehicle_position_checker/hook/pythonpath.dsv'
[8.127s] INFO:colcon.colcon_core.shell:Creating environment hook '/home/wyatt/ros2_ws/install/vehicle_position_checker/share/vehicle_position_checker/hook/pythonpath.sh'
[8.128s] Level 1:colcon.colcon_core.environment:checking '/home/wyatt/ros2_ws/install/vehicle_position_checker/bin'
[8.128s] Level 1:colcon.colcon_core.environment:create_environment_scripts_only(vehicle_position_checker)
[8.129s] INFO:colcon.colcon_core.shell:Creating package script '/home/wyatt/ros2_ws/install/vehicle_position_checker/share/vehicle_position_checker/package.ps1'
[8.130s] INFO:colcon.colcon_core.shell:Creating package descriptor '/home/wyatt/ros2_ws/install/vehicle_position_checker/share/vehicle_position_checker/package.dsv'
[8.131s] INFO:colcon.colcon_core.shell:Creating package script '/home/wyatt/ros2_ws/install/vehicle_position_checker/share/vehicle_position_checker/package.sh'
[8.131s] INFO:colcon.colcon_core.shell:Creating package script '/home/wyatt/ros2_ws/install/vehicle_position_checker/share/vehicle_position_checker/package.bash'
[8.132s] INFO:colcon.colcon_core.shell:Creating package script '/home/wyatt/ros2_ws/install/vehicle_position_checker/share/vehicle_position_checker/package.zsh'
[8.133s] Level 1:colcon.colcon_core.environment:create_file_with_runtime_dependencies(/home/wyatt/ros2_ws/install/vehicle_position_checker/share/colcon-core/packages/vehicle_position_checker)
[8.133s] DEBUG:colcon.colcon_parallel_executor.executor.parallel:closing loop
[8.134s] DEBUG:colcon.colcon_parallel_executor.executor.parallel:loop closed
[8.134s] DEBUG:colcon.colcon_parallel_executor.executor.parallel:run_until_complete finished with '0'
[8.134s] DEBUG:colcon.colcon_core.event_reactor:joining thread
[8.145s] INFO:colcon.colcon_core.plugin_system:Skipping extension 'colcon_notification.desktop_notification.terminal_notifier': Not used on non-Darwin systems
[8.145s] INFO:colcon.colcon_core.plugin_system:Skipping extension 'colcon_notification.desktop_notification.win32': Not used on non-Windows systems
[8.145s] INFO:colcon.colcon_notification.desktop_notification:Sending desktop notification using 'notify2'
[8.173s] DEBUG:colcon.colcon_core.event_reactor:joined thread
[8.173s] INFO:colcon.colcon_core.shell:Creating prefix script '/home/wyatt/ros2_ws/install/local_setup.ps1'
[8.175s] INFO:colcon.colcon_core.shell:Creating prefix util module '/home/wyatt/ros2_ws/install/_local_setup_util_ps1.py'
[8.179s] INFO:colcon.colcon_core.shell:Creating prefix chain script '/home/wyatt/ros2_ws/install/setup.ps1'
[8.183s] INFO:colcon.colcon_core.shell:Creating prefix script '/home/wyatt/ros2_ws/install/local_setup.sh'
[8.184s] INFO:colcon.colcon_core.shell:Creating prefix util module '/home/wyatt/ros2_ws/install/_local_setup_util_sh.py'
[8.186s] INFO:colcon.colcon_core.shell:Creating prefix chain script '/home/wyatt/ros2_ws/install/setup.sh'
[8.190s] INFO:colcon.colcon_core.shell:Creating prefix script '/home/wyatt/ros2_ws/install/local_setup.bash'
[8.191s] INFO:colcon.colcon_core.shell:Creating prefix chain script '/home/wyatt/ros2_ws/install/setup.bash'
[8.194s] INFO:colcon.colcon_core.shell:Creating prefix script '/home/wyatt/ros2_ws/install/local_setup.zsh'
[8.195s] INFO:colcon.colcon_core.shell:Creating prefix chain script '/home/wyatt/ros2_ws/install/setup.zsh'
