[1.475s] Invoking command in '/home/wyatt/Documents/GitHub/ros2_ws/src/wind_speed_package': DEBUGINFOD_URLS=https://debuginfod.ubuntu.com PYTHONPATH=/home/wyatt/Documents/GitHub/ros2_ws/build/wind_speed_package/prefix_override:/usr/lib/python3/dist-packages/colcon_core/task/python/colcon_distutils_commands:/home/wyatt/Documents/GitHub/ros2_ws/install/wind_speed_package/lib/python3.12/site-packages:${PYTHONPATH} /usr/bin/python3 -W ignore:setup.py install is deprecated setup.py egg_info --egg-base ../../build/wind_speed_package build --build-base /home/wyatt/Documents/GitHub/ros2_ws/build/wind_speed_package/build install --record /home/wyatt/Documents/GitHub/ros2_ws/build/wind_speed_package/install.log --single-version-externally-managed install_data
[1.846s] running egg_info
[1.846s] creating ../../build/wind_speed_package/wind_speed_package.egg-info
[1.870s] writing ../../build/wind_speed_package/wind_speed_package.egg-info/PKG-INFO
[1.871s] writing dependency_links to ../../build/wind_speed_package/wind_speed_package.egg-info/dependency_links.txt
[1.872s] writing entry points to ../../build/wind_speed_package/wind_speed_package.egg-info/entry_points.txt
[1.872s] writing requirements to ../../build/wind_speed_package/wind_speed_package.egg-info/requires.txt
[1.872s] writing top-level names to ../../build/wind_speed_package/wind_speed_package.egg-info/top_level.txt
[1.872s] writing manifest file '../../build/wind_speed_package/wind_speed_package.egg-info/SOURCES.txt'
[1.925s] reading manifest file '../../build/wind_speed_package/wind_speed_package.egg-info/SOURCES.txt'
[1.927s] writing manifest file '../../build/wind_speed_package/wind_speed_package.egg-info/SOURCES.txt'
[1.927s] running build
[1.927s] running build_py
[1.927s] creating /home/wyatt/Documents/GitHub/ros2_ws/build/wind_speed_package/build
[1.927s] creating /home/wyatt/Documents/GitHub/ros2_ws/build/wind_speed_package/build/lib
[1.927s] creating /home/wyatt/Documents/GitHub/ros2_ws/build/wind_speed_package/build/lib/wind_speed_package
[1.928s] copying wind_speed_package/wind_speed_node.py -> /home/wyatt/Documents/GitHub/ros2_ws/build/wind_speed_package/build/lib/wind_speed_package
[1.928s] copying wind_speed_package/__init__.py -> /home/wyatt/Documents/GitHub/ros2_ws/build/wind_speed_package/build/lib/wind_speed_package
[1.928s] running install
[1.936s] running install_lib
[1.960s] creating /home/wyatt/Documents/GitHub/ros2_ws/install/wind_speed_package/lib/python3.12/site-packages/wind_speed_package
[1.960s] copying /home/wyatt/Documents/GitHub/ros2_ws/build/wind_speed_package/build/lib/wind_speed_package/wind_speed_node.py -> /home/wyatt/Documents/GitHub/ros2_ws/install/wind_speed_package/lib/python3.12/site-packages/wind_speed_package
[1.960s] copying /home/wyatt/Documents/GitHub/ros2_ws/build/wind_speed_package/build/lib/wind_speed_package/__init__.py -> /home/wyatt/Documents/GitHub/ros2_ws/install/wind_speed_package/lib/python3.12/site-packages/wind_speed_package
[1.961s] byte-compiling /home/wyatt/Documents/GitHub/ros2_ws/install/wind_speed_package/lib/python3.12/site-packages/wind_speed_package/wind_speed_node.py to wind_speed_node.cpython-312.pyc
[1.962s] byte-compiling /home/wyatt/Documents/GitHub/ros2_ws/install/wind_speed_package/lib/python3.12/site-packages/wind_speed_package/__init__.py to __init__.cpython-312.pyc
[1.962s] running install_data
[1.962s] creating /home/wyatt/Documents/GitHub/ros2_ws/install/wind_speed_package/share/ament_index
[1.962s] creating /home/wyatt/Documents/GitHub/ros2_ws/install/wind_speed_package/share/ament_index/resource_index
[1.962s] creating /home/wyatt/Documents/GitHub/ros2_ws/install/wind_speed_package/share/ament_index/resource_index/packages
[1.963s] copying resource/wind_speed_package -> /home/wyatt/Documents/GitHub/ros2_ws/install/wind_speed_package/share/ament_index/resource_index/packages
[1.963s] copying package.xml -> /home/wyatt/Documents/GitHub/ros2_ws/install/wind_speed_package/share/wind_speed_package
[1.963s] running install_egg_info
[1.993s] Copying ../../build/wind_speed_package/wind_speed_package.egg-info to /home/wyatt/Documents/GitHub/ros2_ws/install/wind_speed_package/lib/python3.12/site-packages/wind_speed_package-0.0.0-py3.12.egg-info
[1.995s] running install_scripts
[2.198s] Installing wind_speed_node script to /home/wyatt/Documents/GitHub/ros2_ws/install/wind_speed_package/lib/wind_speed_package
[2.198s] writing list of installed files to '/home/wyatt/Documents/GitHub/ros2_ws/build/wind_speed_package/install.log'
[2.244s] Invoked command in '/home/wyatt/Documents/GitHub/ros2_ws/src/wind_speed_package' returned '0': DEBUGINFOD_URLS=https://debuginfod.ubuntu.com PYTHONPATH=/home/wyatt/Documents/GitHub/ros2_ws/build/wind_speed_package/prefix_override:/usr/lib/python3/dist-packages/colcon_core/task/python/colcon_distutils_commands:/home/wyatt/Documents/GitHub/ros2_ws/install/wind_speed_package/lib/python3.12/site-packages:${PYTHONPATH} /usr/bin/python3 -W ignore:setup.py install is deprecated setup.py egg_info --egg-base ../../build/wind_speed_package build --build-base /home/wyatt/Documents/GitHub/ros2_ws/build/wind_speed_package/build install --record /home/wyatt/Documents/GitHub/ros2_ws/build/wind_speed_package/install.log --single-version-externally-managed install_data
