[1.091s] Invoking command in '/home/wyatt/ros2_ws/src/wind_speed_package': PYTHONPATH=/home/wyatt/ros2_ws/build/wind_speed_package/prefix_override:/usr/lib/python3/dist-packages/colcon_core/task/python/colcon_distutils_commands:/home/wyatt/ros2_ws/install/wind_speed_package/lib/python3.10/site-packages:${PYTHONPATH} /usr/bin/python3 -W ignore:setup.py install is deprecated setup.py egg_info --egg-base ../../build/wind_speed_package build --build-base /home/wyatt/ros2_ws/build/wind_speed_package/build install --record /home/wyatt/ros2_ws/build/wind_speed_package/install.log --single-version-externally-managed install_data
[1.420s] running egg_info
[1.422s] writing ../../build/wind_speed_package/wind_speed_package.egg-info/PKG-INFO
[1.422s] writing dependency_links to ../../build/wind_speed_package/wind_speed_package.egg-info/dependency_links.txt
[1.423s] writing entry points to ../../build/wind_speed_package/wind_speed_package.egg-info/entry_points.txt
[1.423s] writing requirements to ../../build/wind_speed_package/wind_speed_package.egg-info/requires.txt
[1.423s] writing top-level names to ../../build/wind_speed_package/wind_speed_package.egg-info/top_level.txt
[1.425s] reading manifest file '../../build/wind_speed_package/wind_speed_package.egg-info/SOURCES.txt'
[1.427s] writing manifest file '../../build/wind_speed_package/wind_speed_package.egg-info/SOURCES.txt'
[1.427s] running build
[1.427s] running build_py
[1.428s] running install
[1.428s] running install_lib
[1.430s] running install_data
[1.430s] running install_egg_info
[1.433s] removing '/home/wyatt/ros2_ws/install/wind_speed_package/lib/python3.10/site-packages/wind_speed_package-0.0.0-py3.10.egg-info' (and everything under it)
[1.433s] Copying ../../build/wind_speed_package/wind_speed_package.egg-info to /home/wyatt/ros2_ws/install/wind_speed_package/lib/python3.10/site-packages/wind_speed_package-0.0.0-py3.10.egg-info
[1.434s] running install_scripts
[1.463s] Installing wind_speed_node script to /home/wyatt/ros2_ws/install/wind_speed_package/lib/wind_speed_package
[1.463s] writing list of installed files to '/home/wyatt/ros2_ws/build/wind_speed_package/install.log'
[1.492s] Invoked command in '/home/wyatt/ros2_ws/src/wind_speed_package' returned '0': PYTHONPATH=/home/wyatt/ros2_ws/build/wind_speed_package/prefix_override:/usr/lib/python3/dist-packages/colcon_core/task/python/colcon_distutils_commands:/home/wyatt/ros2_ws/install/wind_speed_package/lib/python3.10/site-packages:${PYTHONPATH} /usr/bin/python3 -W ignore:setup.py install is deprecated setup.py egg_info --egg-base ../../build/wind_speed_package build --build-base /home/wyatt/ros2_ws/build/wind_speed_package/build install --record /home/wyatt/ros2_ws/build/wind_speed_package/install.log --single-version-externally-managed install_data
