[1.724s] Invoking command in '/home/wyatt/ros2_ws/src/common/position_broadcaster': PYTHONPATH=/home/wyatt/ros2_ws/build/position_broadcaster/prefix_override:/usr/lib/python3/dist-packages/colcon_core/task/python/colcon_distutils_commands:/home/wyatt/ros2_ws/install/position_broadcaster/lib/python3.10/site-packages:${PYTHONPATH} /usr/bin/python3 -W ignore:setup.py install is deprecated -W ignore:easy_install command is deprecated setup.py egg_info --egg-base ../../../build/position_broadcaster build --build-base /home/wyatt/ros2_ws/build/position_broadcaster/build install --record /home/wyatt/ros2_ws/build/position_broadcaster/install.log --single-version-externally-managed install_data
[2.214s] running egg_info
[2.215s] creating ../../../build/position_broadcaster/position_broadcaster.egg-info
[2.215s] writing ../../../build/position_broadcaster/position_broadcaster.egg-info/PKG-INFO
[2.217s] writing dependency_links to ../../../build/position_broadcaster/position_broadcaster.egg-info/dependency_links.txt
[2.217s] writing entry points to ../../../build/position_broadcaster/position_broadcaster.egg-info/entry_points.txt
[2.217s] writing requirements to ../../../build/position_broadcaster/position_broadcaster.egg-info/requires.txt
[2.218s] writing top-level names to ../../../build/position_broadcaster/position_broadcaster.egg-info/top_level.txt
[2.218s] writing manifest file '../../../build/position_broadcaster/position_broadcaster.egg-info/SOURCES.txt'
[2.219s] reading manifest file '../../../build/position_broadcaster/position_broadcaster.egg-info/SOURCES.txt'
[2.220s] writing manifest file '../../../build/position_broadcaster/position_broadcaster.egg-info/SOURCES.txt'
[2.220s] running build
[2.220s] running build_py
[2.221s] creating /home/wyatt/ros2_ws/build/position_broadcaster/build
[2.221s] creating /home/wyatt/ros2_ws/build/position_broadcaster/build/lib
[2.221s] creating /home/wyatt/ros2_ws/build/position_broadcaster/build/lib/position_broadcaster
[2.222s] copying position_broadcaster/__init__.py -> /home/wyatt/ros2_ws/build/position_broadcaster/build/lib/position_broadcaster
[2.222s] copying position_broadcaster/position_broadcaster_node.py -> /home/wyatt/ros2_ws/build/position_broadcaster/build/lib/position_broadcaster
[2.222s] running install
[2.222s] running install_lib
[2.224s] creating /home/wyatt/ros2_ws/install/position_broadcaster/lib/python3.10/site-packages/position_broadcaster
[2.225s] copying /home/wyatt/ros2_ws/build/position_broadcaster/build/lib/position_broadcaster/__init__.py -> /home/wyatt/ros2_ws/install/position_broadcaster/lib/python3.10/site-packages/position_broadcaster
[2.225s] copying /home/wyatt/ros2_ws/build/position_broadcaster/build/lib/position_broadcaster/position_broadcaster_node.py -> /home/wyatt/ros2_ws/install/position_broadcaster/lib/python3.10/site-packages/position_broadcaster
[2.225s] byte-compiling /home/wyatt/ros2_ws/install/position_broadcaster/lib/python3.10/site-packages/position_broadcaster/__init__.py to __init__.cpython-310.pyc
[2.226s] byte-compiling /home/wyatt/ros2_ws/install/position_broadcaster/lib/python3.10/site-packages/position_broadcaster/position_broadcaster_node.py to position_broadcaster_node.cpython-310.pyc
[2.228s] running install_data
[2.228s] creating /home/wyatt/ros2_ws/install/position_broadcaster/share/ament_index
[2.228s] creating /home/wyatt/ros2_ws/install/position_broadcaster/share/ament_index/resource_index
[2.229s] creating /home/wyatt/ros2_ws/install/position_broadcaster/share/ament_index/resource_index/packages
[2.229s] copying resource/position_broadcaster -> /home/wyatt/ros2_ws/install/position_broadcaster/share/ament_index/resource_index/packages
[2.229s] copying package.xml -> /home/wyatt/ros2_ws/install/position_broadcaster/share/position_broadcaster
[2.229s] creating /home/wyatt/ros2_ws/install/position_broadcaster/share/position_broadcaster/launch
[2.229s] copying launch/position_broadcaster_launch.py -> /home/wyatt/ros2_ws/install/position_broadcaster/share/position_broadcaster/launch
[2.229s] running install_egg_info
[2.233s] Copying ../../../build/position_broadcaster/position_broadcaster.egg-info to /home/wyatt/ros2_ws/install/position_broadcaster/lib/python3.10/site-packages/position_broadcaster-0.0.0-py3.10.egg-info
[2.235s] running install_scripts
[2.292s] Installing position_broadcaster_node script to /home/wyatt/ros2_ws/install/position_broadcaster/lib/position_broadcaster
[2.292s] writing list of installed files to '/home/wyatt/ros2_ws/build/position_broadcaster/install.log'
[2.877s] Invoked command in '/home/wyatt/ros2_ws/src/common/position_broadcaster' returned '0': PYTHONPATH=/home/wyatt/ros2_ws/build/position_broadcaster/prefix_override:/usr/lib/python3/dist-packages/colcon_core/task/python/colcon_distutils_commands:/home/wyatt/ros2_ws/install/position_broadcaster/lib/python3.10/site-packages:${PYTHONPATH} /usr/bin/python3 -W ignore:setup.py install is deprecated -W ignore:easy_install command is deprecated setup.py egg_info --egg-base ../../../build/position_broadcaster build --build-base /home/wyatt/ros2_ws/build/position_broadcaster/build install --record /home/wyatt/ros2_ws/build/position_broadcaster/install.log --single-version-externally-managed install_data
