[1.707s] Invoking command in '/home/wyatt/ros2_ws/src/estop_button': PYTHONPATH=/home/wyatt/ros2_ws/build/estop_button/prefix_override:/usr/lib/python3/dist-packages/colcon_core/task/python/colcon_distutils_commands:/home/wyatt/ros2_ws/install/estop_button/lib/python3.10/site-packages:${PYTHONPATH} /usr/bin/python3 -W ignore:setup.py install is deprecated setup.py egg_info --egg-base ../../build/estop_button build --build-base /home/wyatt/ros2_ws/build/estop_button/build install --record /home/wyatt/ros2_ws/build/estop_button/install.log --single-version-externally-managed install_data
[2.177s] running egg_info
[2.178s] creating ../../build/estop_button/estop_button.egg-info
[2.179s] writing ../../build/estop_button/estop_button.egg-info/PKG-INFO
[2.180s] writing dependency_links to ../../build/estop_button/estop_button.egg-info/dependency_links.txt
[2.180s] writing entry points to ../../build/estop_button/estop_button.egg-info/entry_points.txt
[2.181s] writing requirements to ../../build/estop_button/estop_button.egg-info/requires.txt
[2.181s] writing top-level names to ../../build/estop_button/estop_button.egg-info/top_level.txt
[2.184s] writing manifest file '../../build/estop_button/estop_button.egg-info/SOURCES.txt'
[2.185s] reading manifest file '../../build/estop_button/estop_button.egg-info/SOURCES.txt'
[2.187s] writing manifest file '../../build/estop_button/estop_button.egg-info/SOURCES.txt'
[2.187s] running build
[2.187s] running build_py
[2.187s] creating /home/wyatt/ros2_ws/build/estop_button/build
[2.188s] creating /home/wyatt/ros2_ws/build/estop_button/build/lib
[2.188s] creating /home/wyatt/ros2_ws/build/estop_button/build/lib/estop_button
[2.188s] copying estop_button/estop_button.py -> /home/wyatt/ros2_ws/build/estop_button/build/lib/estop_button
[2.188s] copying estop_button/__init__.py -> /home/wyatt/ros2_ws/build/estop_button/build/lib/estop_button
[2.188s] running install
[2.188s] running install_lib
[2.192s] creating /home/wyatt/ros2_ws/install/estop_button/lib/python3.10/site-packages/estop_button
[2.192s] copying /home/wyatt/ros2_ws/build/estop_button/build/lib/estop_button/estop_button.py -> /home/wyatt/ros2_ws/install/estop_button/lib/python3.10/site-packages/estop_button
[2.192s] copying /home/wyatt/ros2_ws/build/estop_button/build/lib/estop_button/__init__.py -> /home/wyatt/ros2_ws/install/estop_button/lib/python3.10/site-packages/estop_button
[2.192s] byte-compiling /home/wyatt/ros2_ws/install/estop_button/lib/python3.10/site-packages/estop_button/estop_button.py to estop_button.cpython-310.pyc
[2.193s] byte-compiling /home/wyatt/ros2_ws/install/estop_button/lib/python3.10/site-packages/estop_button/__init__.py to __init__.cpython-310.pyc
[2.193s] running install_data
[2.193s] creating /home/wyatt/ros2_ws/install/estop_button/share/ament_index
[2.193s] creating /home/wyatt/ros2_ws/install/estop_button/share/ament_index/resource_index
[2.193s] creating /home/wyatt/ros2_ws/install/estop_button/share/ament_index/resource_index/packages
[2.193s] copying resource/estop_button -> /home/wyatt/ros2_ws/install/estop_button/share/ament_index/resource_index/packages
[2.193s] copying package.xml -> /home/wyatt/ros2_ws/install/estop_button/share/estop_button
[2.193s] running install_egg_info
[2.195s] Copying ../../build/estop_button/estop_button.egg-info to /home/wyatt/ros2_ws/install/estop_button/lib/python3.10/site-packages/estop_button-0.0.0-py3.10.egg-info
[2.196s] running install_scripts
[2.232s] writing list of installed files to '/home/wyatt/ros2_ws/build/estop_button/install.log'
[2.748s] Invoked command in '/home/wyatt/ros2_ws/src/estop_button' returned '0': PYTHONPATH=/home/wyatt/ros2_ws/build/estop_button/prefix_override:/usr/lib/python3/dist-packages/colcon_core/task/python/colcon_distutils_commands:/home/wyatt/ros2_ws/install/estop_button/lib/python3.10/site-packages:${PYTHONPATH} /usr/bin/python3 -W ignore:setup.py install is deprecated setup.py egg_info --egg-base ../../build/estop_button build --build-base /home/wyatt/ros2_ws/build/estop_button/build install --record /home/wyatt/ros2_ws/build/estop_button/install.log --single-version-externally-managed install_data
