running egg_info
creating ../../../build/emlid_interface/emlid_interface.egg-info
writing ../../../build/emlid_interface/emlid_interface.egg-info/PKG-INFO
writing dependency_links to ../../../build/emlid_interface/emlid_interface.egg-info/dependency_links.txt
writing entry points to ../../../build/emlid_interface/emlid_interface.egg-info/entry_points.txt
writing requirements to ../../../build/emlid_interface/emlid_interface.egg-info/requires.txt
writing top-level names to ../../../build/emlid_interface/emlid_interface.egg-info/top_level.txt
writing manifest file '../../../build/emlid_interface/emlid_interface.egg-info/SOURCES.txt'
reading manifest file '../../../build/emlid_interface/emlid_interface.egg-info/SOURCES.txt'
writing manifest file '../../../build/emlid_interface/emlid_interface.egg-info/SOURCES.txt'
running build
running build_py
creating /home/wyatt/ros2_ws/build/emlid_interface/build
creating /home/wyatt/ros2_ws/build/emlid_interface/build/lib
creating /home/wyatt/ros2_ws/build/emlid_interface/build/lib/emlid_interface
copying emlid_interface/emlid_interface_node.py -> /home/wyatt/ros2_ws/build/emlid_interface/build/lib/emlid_interface
copying emlid_interface/__init__.py -> /home/wyatt/ros2_ws/build/emlid_interface/build/lib/emlid_interface
running install
running install_lib
creating /home/wyatt/ros2_ws/install/emlid_interface/lib/python3.10/site-packages/emlid_interface
copying /home/wyatt/ros2_ws/build/emlid_interface/build/lib/emlid_interface/emlid_interface_node.py -> /home/wyatt/ros2_ws/install/emlid_interface/lib/python3.10/site-packages/emlid_interface
copying /home/wyatt/ros2_ws/build/emlid_interface/build/lib/emlid_interface/__init__.py -> /home/wyatt/ros2_ws/install/emlid_interface/lib/python3.10/site-packages/emlid_interface
byte-compiling /home/wyatt/ros2_ws/install/emlid_interface/lib/python3.10/site-packages/emlid_interface/emlid_interface_node.py to emlid_interface_node.cpython-310.pyc
byte-compiling /home/wyatt/ros2_ws/install/emlid_interface/lib/python3.10/site-packages/emlid_interface/__init__.py to __init__.cpython-310.pyc
running install_data
creating /home/wyatt/ros2_ws/install/emlid_interface/share/ament_index
creating /home/wyatt/ros2_ws/install/emlid_interface/share/ament_index/resource_index
creating /home/wyatt/ros2_ws/install/emlid_interface/share/ament_index/resource_index/packages
copying resource/emlid_interface -> /home/wyatt/ros2_ws/install/emlid_interface/share/ament_index/resource_index/packages
copying package.xml -> /home/wyatt/ros2_ws/install/emlid_interface/share/emlid_interface
creating /home/wyatt/ros2_ws/install/emlid_interface/share/emlid_interface/launch
copying launch/emlid_interface_launch.py -> /home/wyatt/ros2_ws/install/emlid_interface/share/emlid_interface/launch
running install_egg_info
Copying ../../../build/emlid_interface/emlid_interface.egg-info to /home/wyatt/ros2_ws/install/emlid_interface/lib/python3.10/site-packages/emlid_interface-0.0.0-py3.10.egg-info
running install_scripts
Installing emlid_interface_node script to /home/wyatt/ros2_ws/install/emlid_interface/lib/emlid_interface
writing list of installed files to '/home/wyatt/ros2_ws/build/emlid_interface/install.log'
