[3.065s] Invoking command in '/home/wyatt/ros2_ws/src/vehicle_position_checker': PYTHONPATH=/home/wyatt/ros2_ws/build/vehicle_position_checker/prefix_override:/home/wyatt/ros2_ws/install/vehicle_position_checker/lib/python3.10/site-packages:${PYTHONPATH} /usr/bin/python3 -W ignore:setup.py install is deprecated setup.py egg_info --egg-base ../../build/vehicle_position_checker build --build-base /home/wyatt/ros2_ws/build/vehicle_position_checker/build install --record /home/wyatt/ros2_ws/build/vehicle_position_checker/install.log --single-version-externally-managed install_data
[4.316s] running egg_info
[4.319s] writing ../../build/vehicle_position_checker/vehicle_position_checker.egg-info/PKG-INFO
[4.322s] writing dependency_links to ../../build/vehicle_position_checker/vehicle_position_checker.egg-info/dependency_links.txt
[4.326s] writing entry points to ../../build/vehicle_position_checker/vehicle_position_checker.egg-info/entry_points.txt
[4.326s] writing requirements to ../../build/vehicle_position_checker/vehicle_position_checker.egg-info/requires.txt
[4.329s] writing top-level names to ../../build/vehicle_position_checker/vehicle_position_checker.egg-info/top_level.txt
[4.341s] reading manifest file '../../build/vehicle_position_checker/vehicle_position_checker.egg-info/SOURCES.txt'
[4.359s] writing manifest file '../../build/vehicle_position_checker/vehicle_position_checker.egg-info/SOURCES.txt'
[4.359s] running build
[4.360s] running build_py
[4.364s] running install
[4.364s] running install_lib
[4.366s] running install_data
[4.366s] running install_egg_info
[4.377s] removing '/home/wyatt/ros2_ws/install/vehicle_position_checker/lib/python3.10/site-packages/vehicle_position_checker-0.0.0-py3.10.egg-info' (and everything under it)
[4.377s] Copying ../../build/vehicle_position_checker/vehicle_position_checker.egg-info to /home/wyatt/ros2_ws/install/vehicle_position_checker/lib/python3.10/site-packages/vehicle_position_checker-0.0.0-py3.10.egg-info
[4.379s] running install_scripts
[4.432s] Installing vehicle_positon_checker_node script to /home/wyatt/ros2_ws/install/vehicle_position_checker/lib/vehicle_position_checker
[4.435s] writing list of installed files to '/home/wyatt/ros2_ws/build/vehicle_position_checker/install.log'
[4.524s] Invoked command in '/home/wyatt/ros2_ws/src/vehicle_position_checker' returned '0': PYTHONPATH=/home/wyatt/ros2_ws/build/vehicle_position_checker/prefix_override:/home/wyatt/ros2_ws/install/vehicle_position_checker/lib/python3.10/site-packages:${PYTHONPATH} /usr/bin/python3 -W ignore:setup.py install is deprecated setup.py egg_info --egg-base ../../build/vehicle_position_checker build --build-base /home/wyatt/ros2_ws/build/vehicle_position_checker/build install --record /home/wyatt/ros2_ws/build/vehicle_position_checker/install.log --single-version-externally-managed install_data
