[1.973s] Invoking command in '/home/wyatt/ros2_ws/src/estop_button': PYTHONPATH=/home/wyatt/ros2_ws/build/estop_button/prefix_override:/usr/lib/python3/dist-packages/colcon_core/task/python/colcon_distutils_commands:/home/wyatt/ros2_ws/install/estop_button/lib/python3.10/site-packages:${PYTHONPATH} /usr/bin/python3 -W ignore:setup.py install is deprecated setup.py egg_info --egg-base ../../build/estop_button build --build-base /home/wyatt/ros2_ws/build/estop_button/build install --record /home/wyatt/ros2_ws/build/estop_button/install.log --single-version-externally-managed install_data
[2.523s] running egg_info
[2.524s] writing ../../build/estop_button/estop_button.egg-info/PKG-INFO
[2.525s] writing dependency_links to ../../build/estop_button/estop_button.egg-info/dependency_links.txt
[2.526s] writing entry points to ../../build/estop_button/estop_button.egg-info/entry_points.txt
[2.527s] writing requirements to ../../build/estop_button/estop_button.egg-info/requires.txt
[2.527s] writing top-level names to ../../build/estop_button/estop_button.egg-info/top_level.txt
[2.529s] reading manifest file '../../build/estop_button/estop_button.egg-info/SOURCES.txt'
[2.532s] writing manifest file '../../build/estop_button/estop_button.egg-info/SOURCES.txt'
[2.533s] running build
[2.534s] running build_py
[2.534s] running install
[2.534s] running install_lib
[2.534s] running install_data
[2.534s] running install_egg_info
[2.539s] removing '/home/wyatt/ros2_ws/install/estop_button/lib/python3.10/site-packages/estop_button-0.0.0-py3.10.egg-info' (and everything under it)
[2.540s] Copying ../../build/estop_button/estop_button.egg-info to /home/wyatt/ros2_ws/install/estop_button/lib/python3.10/site-packages/estop_button-0.0.0-py3.10.egg-info
[2.540s] running install_scripts
[2.582s] writing list of installed files to '/home/wyatt/ros2_ws/build/estop_button/install.log'
[2.629s] Invoked command in '/home/wyatt/ros2_ws/src/estop_button' returned '0': PYTHONPATH=/home/wyatt/ros2_ws/build/estop_button/prefix_override:/usr/lib/python3/dist-packages/colcon_core/task/python/colcon_distutils_commands:/home/wyatt/ros2_ws/install/estop_button/lib/python3.10/site-packages:${PYTHONPATH} /usr/bin/python3 -W ignore:setup.py install is deprecated setup.py egg_info --egg-base ../../build/estop_button build --build-base /home/wyatt/ros2_ws/build/estop_button/build install --record /home/wyatt/ros2_ws/build/estop_button/install.log --single-version-externally-managed install_data
