[2.431s] Invoking command in '/home/wyatt/ros2_ws/src/wind_speed_package': PYTHONPATH=/home/wyatt/ros2_ws/build/wind_speed_package/prefix_override:/home/wyatt/ros2_ws/install/wind_speed_package/lib/python3.10/site-packages:${PYTHONPATH} /usr/bin/python3 setup.py egg_info --egg-base ../../build/wind_speed_package build --build-base /home/wyatt/ros2_ws/build/wind_speed_package/build install --record /home/wyatt/ros2_ws/build/wind_speed_package/install.log --single-version-externally-managed
[3.049s] running egg_info
[3.050s] writing ../../build/wind_speed_package/wind_speed_package.egg-info/PKG-INFO
[3.051s] writing dependency_links to ../../build/wind_speed_package/wind_speed_package.egg-info/dependency_links.txt
[3.051s] writing entry points to ../../build/wind_speed_package/wind_speed_package.egg-info/entry_points.txt
[3.051s] writing requirements to ../../build/wind_speed_package/wind_speed_package.egg-info/requires.txt
[3.052s] writing top-level names to ../../build/wind_speed_package/wind_speed_package.egg-info/top_level.txt
[3.056s] reading manifest file '../../build/wind_speed_package/wind_speed_package.egg-info/SOURCES.txt'
[3.061s] writing manifest file '../../build/wind_speed_package/wind_speed_package.egg-info/SOURCES.txt'
[3.062s] running build
[3.062s] running build_py
[3.062s] running install
[3.063s] running install_lib
[3.067s] running install_data
[3.068s] running install_egg_info
[3.072s] removing '/home/wyatt/ros2_ws/install/wind_speed_package/lib/python3.10/site-packages/wind_speed_package-0.0.0-py3.10.egg-info' (and everything under it)
[3.072s] Copying ../../build/wind_speed_package/wind_speed_package.egg-info to /home/wyatt/ros2_ws/install/wind_speed_package/lib/python3.10/site-packages/wind_speed_package-0.0.0-py3.10.egg-info
[3.078s] running install_scripts
[3.126s] Installing wind_speed_node script to /home/wyatt/ros2_ws/install/wind_speed_package/lib/wind_speed_package
[3.126s] writing list of installed files to '/home/wyatt/ros2_ws/build/wind_speed_package/install.log'
[3.183s] Invoked command in '/home/wyatt/ros2_ws/src/wind_speed_package' returned '0': PYTHONPATH=/home/wyatt/ros2_ws/build/wind_speed_package/prefix_override:/home/wyatt/ros2_ws/install/wind_speed_package/lib/python3.10/site-packages:${PYTHONPATH} /usr/bin/python3 setup.py egg_info --egg-base ../../build/wind_speed_package build --build-base /home/wyatt/ros2_ws/build/wind_speed_package/build install --record /home/wyatt/ros2_ws/build/wind_speed_package/install.log --single-version-externally-managed
