[0.616s] Invoking command in '/home/wyatt/ros2_ws/src/herding_control': PYTHONPATH=/home/wyatt/ros2_ws/build/herding_control/prefix_override:/usr/lib/python3/dist-packages/colcon_core/task/python/colcon_distutils_commands:/home/wyatt/ros2_ws/install/herding_control/lib/python3.10/site-packages:${PYTHONPATH} /usr/bin/python3 -W ignore:setup.py install is deprecated setup.py egg_info --egg-base ../../build/herding_control build --build-base /home/wyatt/ros2_ws/build/herding_control/build install --record /home/wyatt/ros2_ws/build/herding_control/install.log --single-version-externally-managed install_data
[0.857s] running egg_info
[0.858s] writing ../../build/herding_control/herding_control.egg-info/PKG-INFO
[0.858s] writing dependency_links to ../../build/herding_control/herding_control.egg-info/dependency_links.txt
[0.858s] writing entry points to ../../build/herding_control/herding_control.egg-info/entry_points.txt
[0.858s] writing requirements to ../../build/herding_control/herding_control.egg-info/requires.txt
[0.859s] writing top-level names to ../../build/herding_control/herding_control.egg-info/top_level.txt
[0.861s] reading manifest file '../../build/herding_control/herding_control.egg-info/SOURCES.txt'
[0.861s] writing manifest file '../../build/herding_control/herding_control.egg-info/SOURCES.txt'
[0.861s] running build
[0.861s] running build_py
[0.862s] copying herding_control/herding_control_node.py -> /home/wyatt/ros2_ws/build/herding_control/build/lib/herding_control
[0.862s] running install
[0.862s] running install_lib
[0.863s] copying /home/wyatt/ros2_ws/build/herding_control/build/lib/herding_control/herding_control_node.py -> /home/wyatt/ros2_ws/install/herding_control/lib/python3.10/site-packages/herding_control
[0.864s] byte-compiling /home/wyatt/ros2_ws/install/herding_control/lib/python3.10/site-packages/herding_control/herding_control_node.py to herding_control_node.cpython-310.pyc
[0.866s] running install_data
[0.866s] running install_egg_info
[0.868s] removing '/home/wyatt/ros2_ws/install/herding_control/lib/python3.10/site-packages/herding_control-0.0.0-py3.10.egg-info' (and everything under it)
[0.868s] Copying ../../build/herding_control/herding_control.egg-info to /home/wyatt/ros2_ws/install/herding_control/lib/python3.10/site-packages/herding_control-0.0.0-py3.10.egg-info
[0.869s] running install_scripts
[0.890s] Installing herding_control_node script to /home/wyatt/ros2_ws/install/herding_control/lib/herding_control
[0.890s] writing list of installed files to '/home/wyatt/ros2_ws/build/herding_control/install.log'
[0.913s] Invoked command in '/home/wyatt/ros2_ws/src/herding_control' returned '0': PYTHONPATH=/home/wyatt/ros2_ws/build/herding_control/prefix_override:/usr/lib/python3/dist-packages/colcon_core/task/python/colcon_distutils_commands:/home/wyatt/ros2_ws/install/herding_control/lib/python3.10/site-packages:${PYTHONPATH} /usr/bin/python3 -W ignore:setup.py install is deprecated setup.py egg_info --egg-base ../../build/herding_control build --build-base /home/wyatt/ros2_ws/build/herding_control/build install --record /home/wyatt/ros2_ws/build/herding_control/install.log --single-version-externally-managed install_data
