-- The C compiler identification is GNU 11.3.0
-- The CXX compiler identification is GNU 11.3.0
-- Detecting C compiler ABI info
-- Detecting C compiler ABI info - done
-- Check for working C compiler: /usr/bin/cc - skipped
-- Detecting C compile features
-- Detecting C compile features - done
-- Detecting CXX compiler ABI info
-- Detecting CXX compiler ABI info - done
-- Check for working CXX compiler: /usr/bin/c++ - skipped
-- Detecting CXX compile features
-- Detecting CXX compile features - done
-- Found ament_cmake: 1.3.3 (/opt/ros/humble/share/ament_cmake/cmake)
-- Found Python3: /usr/bin/python3.10 (found version "3.10.6") found components: Interpreter 
-- Override CMake install command with custom implementation using symlinks instead of copying resources
-- Found std_msgs: 4.2.3 (/opt/ros/humble/share/std_msgs/cmake)
-- Found rosidl_generator_c: 3.1.4 (/opt/ros/humble/share/rosidl_generator_c/cmake)
-- Found rosidl_adapter: 3.1.4 (/opt/ros/humble/share/rosidl_adapter/cmake)
-- Found rosidl_generator_cpp: 3.1.4 (/opt/ros/humble/share/rosidl_generator_cpp/cmake)
-- Using all available rosidl_typesupport_c: rosidl_typesupport_fastrtps_c;rosidl_typesupport_introspection_c
-- Using all available rosidl_typesupport_cpp: rosidl_typesupport_fastrtps_cpp;rosidl_typesupport_introspection_cpp
-- Found rosidl_default_generators: 1.2.0 (/opt/ros/humble/share/rosidl_default_generators/cmake)
-- Found ament_cmake_ros: 0.10.0 (/opt/ros/humble/share/ament_cmake_ros/cmake)
-- Using all available rosidl_typesupport_c: rosidl_typesupport_fastrtps_c;rosidl_typesupport_introspection_c
-- Using all available rosidl_typesupport_cpp: rosidl_typesupport_fastrtps_cpp;rosidl_typesupport_introspection_cpp
-- Found PythonInterp: /usr/bin/python3 (found suitable version "3.10.6", minimum required is "3.6") 
-- Found python_cmake_module: 0.10.0 (/opt/ros/humble/share/python_cmake_module/cmake)
-- Found PythonLibs: /usr/lib/x86_64-linux-gnu/libpython3.10.so (found suitable version "3.10.6", minimum required is "3.5") 
-- Using PYTHON_EXECUTABLE: /usr/bin/python3
-- Using PYTHON_INCLUDE_DIRS: /usr/include/python3.10
-- Using PYTHON_LIBRARIES: /usr/lib/x86_64-linux-gnu/libpython3.10.so
-- Found PythonExtra: .so  
-- Found ament_lint_auto: 0.12.5 (/opt/ros/humble/share/ament_lint_auto/cmake)
-- Added test 'copyright' to check source files copyright and LICENSE
-- Added test 'lint_cmake' to check CMake code style
-- Added test 'xmllint' to check XML markup files
-- Configuring done
-- Generating done
-- Build files have been written to: /home/wyatt/ros2_ws/build/uf_interfaces
[  1%] [34m[1mGenerating C code for ROS interfaces[0m
[  3%] [34m[1mGenerating C++ code for ROS interfaces[0m
[  3%] Built target ament_cmake_python_symlink_uf_interfaces
running egg_info
creating uf_interfaces.egg-info
writing uf_interfaces.egg-info/PKG-INFO
writing dependency_links to uf_interfaces.egg-info/dependency_links.txt
writing top-level names to uf_interfaces.egg-info/top_level.txt
writing manifest file 'uf_interfaces.egg-info/SOURCES.txt'
reading manifest file 'uf_interfaces.egg-info/SOURCES.txt'
writing manifest file 'uf_interfaces.egg-info/SOURCES.txt'
[  3%] Built target ament_cmake_python_build_uf_interfaces_egg
[  7%] [32mBuilding C object CMakeFiles/uf_interfaces__rosidl_generator_c.dir/rosidl_generator_c/uf_interfaces/action/detail/herd__functions.c.o[0m
[  7%] [32mBuilding C object CMakeFiles/uf_interfaces__rosidl_generator_c.dir/rosidl_generator_c/uf_interfaces/msg/detail/position__functions.c.o[0m
[  7%] [32mBuilding C object CMakeFiles/uf_interfaces__rosidl_generator_c.dir/rosidl_generator_c/uf_interfaces/action/detail/defend__functions.c.o[0m
[  9%] [32mBuilding C object CMakeFiles/uf_interfaces__rosidl_generator_c.dir/rosidl_generator_c/uf_interfaces/srv/detail/task_assign__functions.c.o[0m
[ 11%] [32mBuilding C object CMakeFiles/uf_interfaces__rosidl_generator_c.dir/rosidl_generator_c/uf_interfaces/srv/detail/geo_conv__functions.c.o[0m
[ 12%] [32m[1mLinking C shared library libuf_interfaces__rosidl_generator_c.so[0m
[ 12%] Built target uf_interfaces__cpp
[ 14%] [34m[1mGenerating C++ type support dispatch for ROS interfaces[0m
[ 15%] [34m[1mGenerating C++ introspection for ROS interfaces[0m
[ 17%] [34m[1mGenerating C++ type support for eProsima Fast-RTPS[0m
[ 17%] Built target uf_interfaces__rosidl_generator_c
[ 19%] [34m[1mGenerating C type support for eProsima Fast-RTPS[0m
[ 20%] [32mBuilding CXX object CMakeFiles/uf_interfaces__rosidl_typesupport_cpp.dir/rosidl_typesupport_cpp/uf_interfaces/action/defend__type_support.cpp.o[0m
[ 22%] [32mBuilding CXX object CMakeFiles/uf_interfaces__rosidl_typesupport_introspection_cpp.dir/rosidl_typesupport_introspection_cpp/uf_interfaces/action/detail/defend__type_support.cpp.o[0m
[ 23%] [32mBuilding CXX object CMakeFiles/uf_interfaces__rosidl_typesupport_fastrtps_c.dir/rosidl_typesupport_fastrtps_c/uf_interfaces/action/detail/defend__type_support_c.cpp.o[0m
[ 25%] [32mBuilding CXX object CMakeFiles/uf_interfaces__rosidl_typesupport_fastrtps_cpp.dir/rosidl_typesupport_fastrtps_cpp/uf_interfaces/action/detail/dds_fastrtps/defend__type_support.cpp.o[0m
[ 26%] [32mBuilding CXX object CMakeFiles/uf_interfaces__rosidl_typesupport_cpp.dir/rosidl_typesupport_cpp/uf_interfaces/action/herd__type_support.cpp.o[0m
[ 28%] [32mBuilding CXX object CMakeFiles/uf_interfaces__rosidl_typesupport_fastrtps_c.dir/rosidl_typesupport_fastrtps_c/uf_interfaces/action/detail/herd__type_support_c.cpp.o[0m
[ 30%] [32mBuilding CXX object CMakeFiles/uf_interfaces__rosidl_typesupport_introspection_cpp.dir/rosidl_typesupport_introspection_cpp/uf_interfaces/action/detail/herd__type_support.cpp.o[0m
[ 31%] [32mBuilding CXX object CMakeFiles/uf_interfaces__rosidl_typesupport_fastrtps_cpp.dir/rosidl_typesupport_fastrtps_cpp/uf_interfaces/action/detail/dds_fastrtps/herd__type_support.cpp.o[0m
[ 33%] [32mBuilding CXX object CMakeFiles/uf_interfaces__rosidl_typesupport_cpp.dir/rosidl_typesupport_cpp/uf_interfaces/msg/position__type_support.cpp.o[0m
[ 34%] [32mBuilding CXX object CMakeFiles/uf_interfaces__rosidl_typesupport_fastrtps_c.dir/rosidl_typesupport_fastrtps_c/uf_interfaces/msg/detail/position__type_support_c.cpp.o[0m
[ 36%] [32mBuilding CXX object CMakeFiles/uf_interfaces__rosidl_typesupport_cpp.dir/rosidl_typesupport_cpp/uf_interfaces/srv/task_assign__type_support.cpp.o[0m
[ 38%] [32mBuilding CXX object CMakeFiles/uf_interfaces__rosidl_typesupport_introspection_cpp.dir/rosidl_typesupport_introspection_cpp/uf_interfaces/msg/detail/position__type_support.cpp.o[0m
[ 39%] [32mBuilding CXX object CMakeFiles/uf_interfaces__rosidl_typesupport_fastrtps_c.dir/rosidl_typesupport_fastrtps_c/uf_interfaces/srv/detail/task_assign__type_support_c.cpp.o[0m
[ 41%] [32mBuilding CXX object CMakeFiles/uf_interfaces__rosidl_typesupport_fastrtps_cpp.dir/rosidl_typesupport_fastrtps_cpp/uf_interfaces/msg/detail/dds_fastrtps/position__type_support.cpp.o[0m
[ 42%] [32mBuilding CXX object CMakeFiles/uf_interfaces__rosidl_typesupport_cpp.dir/rosidl_typesupport_cpp/uf_interfaces/srv/geo_conv__type_support.cpp.o[0m
[ 44%] [32m[1mLinking CXX shared library libuf_interfaces__rosidl_typesupport_cpp.so[0m
[ 44%] Built target uf_interfaces__rosidl_typesupport_cpp
[ 46%] [34m[1mGenerating C introspection for ROS interfaces[0m
[ 47%] [32mBuilding CXX object CMakeFiles/uf_interfaces__rosidl_typesupport_introspection_cpp.dir/rosidl_typesupport_introspection_cpp/uf_interfaces/srv/detail/task_assign__type_support.cpp.o[0m
[ 49%] [32mBuilding CXX object CMakeFiles/uf_interfaces__rosidl_typesupport_fastrtps_c.dir/rosidl_typesupport_fastrtps_c/uf_interfaces/srv/detail/geo_conv__type_support_c.cpp.o[0m
[ 50%] [32mBuilding CXX object CMakeFiles/uf_interfaces__rosidl_typesupport_fastrtps_cpp.dir/rosidl_typesupport_fastrtps_cpp/uf_interfaces/srv/detail/dds_fastrtps/task_assign__type_support.cpp.o[0m
[ 52%] [32mBuilding CXX object CMakeFiles/uf_interfaces__rosidl_typesupport_introspection_cpp.dir/rosidl_typesupport_introspection_cpp/uf_interfaces/srv/detail/geo_conv__type_support.cpp.o[0m
[ 53%] [32m[1mLinking CXX shared library libuf_interfaces__rosidl_typesupport_fastrtps_c.so[0m
[ 55%] [32mBuilding CXX object CMakeFiles/uf_interfaces__rosidl_typesupport_fastrtps_cpp.dir/rosidl_typesupport_fastrtps_cpp/uf_interfaces/srv/detail/dds_fastrtps/geo_conv__type_support.cpp.o[0m
[ 55%] Built target uf_interfaces__rosidl_typesupport_fastrtps_c
[ 57%] [34m[1mGenerating C type support dispatch for ROS interfaces[0m
[ 58%] [32mBuilding C object CMakeFiles/uf_interfaces__rosidl_typesupport_introspection_c.dir/rosidl_typesupport_introspection_c/uf_interfaces/action/detail/defend__type_support.c.o[0m
[ 60%] [32mBuilding C object CMakeFiles/uf_interfaces__rosidl_typesupport_introspection_c.dir/rosidl_typesupport_introspection_c/uf_interfaces/action/detail/herd__type_support.c.o[0m
[ 61%] [32m[1mLinking CXX shared library libuf_interfaces__rosidl_typesupport_introspection_cpp.so[0m
[ 63%] [32mBuilding C object CMakeFiles/uf_interfaces__rosidl_typesupport_introspection_c.dir/rosidl_typesupport_introspection_c/uf_interfaces/msg/detail/position__type_support.c.o[0m
[ 65%] [32mBuilding C object CMakeFiles/uf_interfaces__rosidl_typesupport_introspection_c.dir/rosidl_typesupport_introspection_c/uf_interfaces/srv/detail/task_assign__type_support.c.o[0m
[ 66%] [32mBuilding C object CMakeFiles/uf_interfaces__rosidl_typesupport_introspection_c.dir/rosidl_typesupport_introspection_c/uf_interfaces/srv/detail/geo_conv__type_support.c.o[0m
[ 66%] Built target uf_interfaces__rosidl_typesupport_introspection_cpp
[ 68%] [32m[1mLinking CXX shared library libuf_interfaces__rosidl_typesupport_fastrtps_cpp.so[0m
[ 69%] [32m[1mLinking C shared library libuf_interfaces__rosidl_typesupport_introspection_c.so[0m
[ 69%] Built target uf_interfaces__rosidl_typesupport_introspection_c
[ 69%] Built target uf_interfaces__rosidl_typesupport_fastrtps_cpp
[ 73%] [32mBuilding CXX object CMakeFiles/uf_interfaces__rosidl_typesupport_c.dir/rosidl_typesupport_c/uf_interfaces/msg/position__type_support.cpp.o[0m
[ 73%] [32mBuilding CXX object CMakeFiles/uf_interfaces__rosidl_typesupport_c.dir/rosidl_typesupport_c/uf_interfaces/srv/task_assign__type_support.cpp.o[0m
[ 76%] [32mBuilding CXX object CMakeFiles/uf_interfaces__rosidl_typesupport_c.dir/rosidl_typesupport_c/uf_interfaces/action/herd__type_support.cpp.o[0m
[ 76%] [32mBuilding CXX object CMakeFiles/uf_interfaces__rosidl_typesupport_c.dir/rosidl_typesupport_c/uf_interfaces/action/defend__type_support.cpp.o[0m
[ 77%] [32mBuilding CXX object CMakeFiles/uf_interfaces__rosidl_typesupport_c.dir/rosidl_typesupport_c/uf_interfaces/srv/geo_conv__type_support.cpp.o[0m
[ 79%] [32m[1mLinking CXX shared library libuf_interfaces__rosidl_typesupport_c.so[0m
[ 79%] Built target uf_interfaces__rosidl_typesupport_c
[ 79%] Built target uf_interfaces
[ 80%] [34m[1mGenerating Python code for ROS interfaces[0m
[ 80%] Built target uf_interfaces__py
[ 85%] [32mBuilding C object CMakeFiles/uf_interfaces__rosidl_generator_py.dir/rosidl_generator_py/uf_interfaces/action/_herd_s.c.o[0m
[ 85%] [32mBuilding C object CMakeFiles/uf_interfaces__rosidl_generator_py.dir/rosidl_generator_py/uf_interfaces/action/_defend_s.c.o[0m
[ 85%] [32mBuilding C object CMakeFiles/uf_interfaces__rosidl_generator_py.dir/rosidl_generator_py/uf_interfaces/msg/_position_s.c.o[0m
[ 87%] [32mBuilding C object CMakeFiles/uf_interfaces__rosidl_generator_py.dir/rosidl_generator_py/uf_interfaces/srv/_task_assign_s.c.o[0m
[ 88%] [32mBuilding C object CMakeFiles/uf_interfaces__rosidl_generator_py.dir/rosidl_generator_py/uf_interfaces/srv/_geo_conv_s.c.o[0m
[ 90%] [32m[1mLinking C shared library rosidl_generator_py/uf_interfaces/libuf_interfaces__rosidl_generator_py.so[0m
[ 90%] Built target uf_interfaces__rosidl_generator_py
[ 93%] [32mBuilding C object CMakeFiles/uf_interfaces__rosidl_typesupport_c__pyext.dir/rosidl_generator_py/uf_interfaces/_uf_interfaces_s.ep.rosidl_typesupport_c.c.o[0m
[ 93%] [32mBuilding C object CMakeFiles/uf_interfaces__rosidl_typesupport_introspection_c__pyext.dir/rosidl_generator_py/uf_interfaces/_uf_interfaces_s.ep.rosidl_typesupport_introspection_c.c.o[0m
[ 95%] [32mBuilding C object CMakeFiles/uf_interfaces__rosidl_typesupport_fastrtps_c__pyext.dir/rosidl_generator_py/uf_interfaces/_uf_interfaces_s.ep.rosidl_typesupport_fastrtps_c.c.o[0m
[ 96%] [32m[1mLinking C shared library rosidl_generator_py/uf_interfaces/uf_interfaces_s__rosidl_typesupport_fastrtps_c.cpython-310-x86_64-linux-gnu.so[0m
[ 96%] Built target uf_interfaces__rosidl_typesupport_fastrtps_c__pyext
[100%] [32m[1mLinking C shared library rosidl_generator_py/uf_interfaces/uf_interfaces_s__rosidl_typesupport_c.cpython-310-x86_64-linux-gnu.so[0m
[100%] [32m[1mLinking C shared library rosidl_generator_py/uf_interfaces/uf_interfaces_s__rosidl_typesupport_introspection_c.cpython-310-x86_64-linux-gnu.so[0m
[100%] Built target uf_interfaces__rosidl_typesupport_introspection_c__pyext
[100%] Built target uf_interfaces__rosidl_typesupport_c__pyext
-- Install configuration: ""
-- Execute custom install script
-- Symlinking: /home/wyatt/ros2_ws/install/uf_interfaces/share/ament_index/resource_index/rosidl_interfaces/uf_interfaces
-- Symlinking: /home/wyatt/ros2_ws/install/uf_interfaces/include/uf_interfaces/uf_interfaces/action/defend.h
-- Symlinking: /home/wyatt/ros2_ws/install/uf_interfaces/include/uf_interfaces/uf_interfaces/action/detail/defend__functions.h
-- Symlinking: /home/wyatt/ros2_ws/install/uf_interfaces/include/uf_interfaces/uf_interfaces/action/detail/defend__struct.h
-- Symlinking: /home/wyatt/ros2_ws/install/uf_interfaces/include/uf_interfaces/uf_interfaces/action/detail/defend__type_support.h
-- Symlinking: /home/wyatt/ros2_ws/install/uf_interfaces/include/uf_interfaces/uf_interfaces/action/detail/herd__functions.h
-- Symlinking: /home/wyatt/ros2_ws/install/uf_interfaces/include/uf_interfaces/uf_interfaces/action/detail/herd__struct.h
-- Symlinking: /home/wyatt/ros2_ws/install/uf_interfaces/include/uf_interfaces/uf_interfaces/action/detail/herd__type_support.h
-- Symlinking: /home/wyatt/ros2_ws/install/uf_interfaces/include/uf_interfaces/uf_interfaces/action/herd.h
-- Symlinking: /home/wyatt/ros2_ws/install/uf_interfaces/include/uf_interfaces/uf_interfaces/msg/detail/position__functions.h
-- Symlinking: /home/wyatt/ros2_ws/install/uf_interfaces/include/uf_interfaces/uf_interfaces/msg/detail/position__struct.h
-- Symlinking: /home/wyatt/ros2_ws/install/uf_interfaces/include/uf_interfaces/uf_interfaces/msg/detail/position__type_support.h
-- Symlinking: /home/wyatt/ros2_ws/install/uf_interfaces/include/uf_interfaces/uf_interfaces/msg/position.h
-- Symlinking: /home/wyatt/ros2_ws/install/uf_interfaces/include/uf_interfaces/uf_interfaces/msg/rosidl_generator_c__visibility_control.h
-- Symlinking: /home/wyatt/ros2_ws/install/uf_interfaces/include/uf_interfaces/uf_interfaces/srv/detail/geo_conv__functions.h
-- Symlinking: /home/wyatt/ros2_ws/install/uf_interfaces/include/uf_interfaces/uf_interfaces/srv/detail/geo_conv__struct.h
-- Symlinking: /home/wyatt/ros2_ws/install/uf_interfaces/include/uf_interfaces/uf_interfaces/srv/detail/geo_conv__type_support.h
-- Symlinking: /home/wyatt/ros2_ws/install/uf_interfaces/include/uf_interfaces/uf_interfaces/srv/detail/task_assign__functions.h
-- Symlinking: /home/wyatt/ros2_ws/install/uf_interfaces/include/uf_interfaces/uf_interfaces/srv/detail/task_assign__struct.h
-- Symlinking: /home/wyatt/ros2_ws/install/uf_interfaces/include/uf_interfaces/uf_interfaces/srv/detail/task_assign__type_support.h
-- Symlinking: /home/wyatt/ros2_ws/install/uf_interfaces/include/uf_interfaces/uf_interfaces/srv/geo_conv.h
-- Symlinking: /home/wyatt/ros2_ws/install/uf_interfaces/include/uf_interfaces/uf_interfaces/srv/task_assign.h
-- Symlinking: /home/wyatt/ros2_ws/install/uf_interfaces/share/uf_interfaces/environment/library_path.sh
-- Symlinking: /home/wyatt/ros2_ws/install/uf_interfaces/share/uf_interfaces/environment/library_path.dsv
-- Symlinking: /home/wyatt/ros2_ws/install/uf_interfaces/include/uf_interfaces/uf_interfaces/action/detail/defend__rosidl_typesupport_fastrtps_c.h
-- Symlinking: /home/wyatt/ros2_ws/install/uf_interfaces/include/uf_interfaces/uf_interfaces/action/detail/herd__rosidl_typesupport_fastrtps_c.h
-- Symlinking: /home/wyatt/ros2_ws/install/uf_interfaces/include/uf_interfaces/uf_interfaces/msg/detail/position__rosidl_typesupport_fastrtps_c.h
-- Symlinking: /home/wyatt/ros2_ws/install/uf_interfaces/include/uf_interfaces/uf_interfaces/msg/rosidl_typesupport_fastrtps_c__visibility_control.h
-- Symlinking: /home/wyatt/ros2_ws/install/uf_interfaces/include/uf_interfaces/uf_interfaces/srv/detail/geo_conv__rosidl_typesupport_fastrtps_c.h
-- Symlinking: /home/wyatt/ros2_ws/install/uf_interfaces/include/uf_interfaces/uf_interfaces/srv/detail/task_assign__rosidl_typesupport_fastrtps_c.h
-- Symlinking: /home/wyatt/ros2_ws/install/uf_interfaces/include/uf_interfaces/uf_interfaces/action/defend.hpp
-- Symlinking: /home/wyatt/ros2_ws/install/uf_interfaces/include/uf_interfaces/uf_interfaces/action/detail/defend__builder.hpp
-- Symlinking: /home/wyatt/ros2_ws/install/uf_interfaces/include/uf_interfaces/uf_interfaces/action/detail/defend__struct.hpp
-- Symlinking: /home/wyatt/ros2_ws/install/uf_interfaces/include/uf_interfaces/uf_interfaces/action/detail/defend__traits.hpp
-- Symlinking: /home/wyatt/ros2_ws/install/uf_interfaces/include/uf_interfaces/uf_interfaces/action/detail/herd__builder.hpp
-- Symlinking: /home/wyatt/ros2_ws/install/uf_interfaces/include/uf_interfaces/uf_interfaces/action/detail/herd__struct.hpp
-- Symlinking: /home/wyatt/ros2_ws/install/uf_interfaces/include/uf_interfaces/uf_interfaces/action/detail/herd__traits.hpp
-- Symlinking: /home/wyatt/ros2_ws/install/uf_interfaces/include/uf_interfaces/uf_interfaces/action/herd.hpp
-- Symlinking: /home/wyatt/ros2_ws/install/uf_interfaces/include/uf_interfaces/uf_interfaces/msg/detail/position__builder.hpp
-- Symlinking: /home/wyatt/ros2_ws/install/uf_interfaces/include/uf_interfaces/uf_interfaces/msg/detail/position__struct.hpp
-- Symlinking: /home/wyatt/ros2_ws/install/uf_interfaces/include/uf_interfaces/uf_interfaces/msg/detail/position__traits.hpp
-- Symlinking: /home/wyatt/ros2_ws/install/uf_interfaces/include/uf_interfaces/uf_interfaces/msg/position.hpp
-- Symlinking: /home/wyatt/ros2_ws/install/uf_interfaces/include/uf_interfaces/uf_interfaces/srv/detail/geo_conv__builder.hpp
-- Symlinking: /home/wyatt/ros2_ws/install/uf_interfaces/include/uf_interfaces/uf_interfaces/srv/detail/geo_conv__struct.hpp
-- Symlinking: /home/wyatt/ros2_ws/install/uf_interfaces/include/uf_interfaces/uf_interfaces/srv/detail/geo_conv__traits.hpp
-- Symlinking: /home/wyatt/ros2_ws/install/uf_interfaces/include/uf_interfaces/uf_interfaces/srv/detail/task_assign__builder.hpp
-- Symlinking: /home/wyatt/ros2_ws/install/uf_interfaces/include/uf_interfaces/uf_interfaces/srv/detail/task_assign__struct.hpp
-- Symlinking: /home/wyatt/ros2_ws/install/uf_interfaces/include/uf_interfaces/uf_interfaces/srv/detail/task_assign__traits.hpp
-- Symlinking: /home/wyatt/ros2_ws/install/uf_interfaces/include/uf_interfaces/uf_interfaces/srv/geo_conv.hpp
-- Symlinking: /home/wyatt/ros2_ws/install/uf_interfaces/include/uf_interfaces/uf_interfaces/srv/task_assign.hpp
-- Symlinking: /home/wyatt/ros2_ws/install/uf_interfaces/include/uf_interfaces/uf_interfaces/action/detail/defend__rosidl_typesupport_fastrtps_cpp.hpp
-- Symlinking: /home/wyatt/ros2_ws/install/uf_interfaces/include/uf_interfaces/uf_interfaces/action/detail/herd__rosidl_typesupport_fastrtps_cpp.hpp
-- Symlinking: /home/wyatt/ros2_ws/install/uf_interfaces/include/uf_interfaces/uf_interfaces/msg/detail/position__rosidl_typesupport_fastrtps_cpp.hpp
-- Symlinking: /home/wyatt/ros2_ws/install/uf_interfaces/include/uf_interfaces/uf_interfaces/msg/rosidl_typesupport_fastrtps_cpp__visibility_control.h
-- Symlinking: /home/wyatt/ros2_ws/install/uf_interfaces/include/uf_interfaces/uf_interfaces/srv/detail/geo_conv__rosidl_typesupport_fastrtps_cpp.hpp
-- Symlinking: /home/wyatt/ros2_ws/install/uf_interfaces/include/uf_interfaces/uf_interfaces/srv/detail/task_assign__rosidl_typesupport_fastrtps_cpp.hpp
-- Symlinking: /home/wyatt/ros2_ws/install/uf_interfaces/include/uf_interfaces/uf_interfaces/action/detail/defend__rosidl_typesupport_introspection_c.h
-- Symlinking: /home/wyatt/ros2_ws/install/uf_interfaces/include/uf_interfaces/uf_interfaces/action/detail/herd__rosidl_typesupport_introspection_c.h
-- Symlinking: /home/wyatt/ros2_ws/install/uf_interfaces/include/uf_interfaces/uf_interfaces/msg/detail/position__rosidl_typesupport_introspection_c.h
-- Symlinking: /home/wyatt/ros2_ws/install/uf_interfaces/include/uf_interfaces/uf_interfaces/msg/rosidl_typesupport_introspection_c__visibility_control.h
-- Symlinking: /home/wyatt/ros2_ws/install/uf_interfaces/include/uf_interfaces/uf_interfaces/srv/detail/geo_conv__rosidl_typesupport_introspection_c.h
-- Symlinking: /home/wyatt/ros2_ws/install/uf_interfaces/include/uf_interfaces/uf_interfaces/srv/detail/task_assign__rosidl_typesupport_introspection_c.h
-- Symlinking: /home/wyatt/ros2_ws/install/uf_interfaces/include/uf_interfaces/uf_interfaces/action/detail/defend__rosidl_typesupport_introspection_cpp.hpp
-- Symlinking: /home/wyatt/ros2_ws/install/uf_interfaces/include/uf_interfaces/uf_interfaces/action/detail/herd__rosidl_typesupport_introspection_cpp.hpp
-- Symlinking: /home/wyatt/ros2_ws/install/uf_interfaces/include/uf_interfaces/uf_interfaces/msg/detail/position__rosidl_typesupport_introspection_cpp.hpp
-- Symlinking: /home/wyatt/ros2_ws/install/uf_interfaces/include/uf_interfaces/uf_interfaces/srv/detail/geo_conv__rosidl_typesupport_introspection_cpp.hpp
-- Symlinking: /home/wyatt/ros2_ws/install/uf_interfaces/include/uf_interfaces/uf_interfaces/srv/detail/task_assign__rosidl_typesupport_introspection_cpp.hpp
-- Symlinking: /home/wyatt/ros2_ws/install/uf_interfaces/share/uf_interfaces/environment/pythonpath.sh
-- Symlinking: /home/wyatt/ros2_ws/install/uf_interfaces/share/uf_interfaces/environment/pythonpath.dsv
-- Symlinking: /home/wyatt/ros2_ws/install/uf_interfaces/local/lib/python3.10/dist-packages/uf_interfaces-0.0.0-py3.10.egg-info/PKG-INFO
-- Symlinking: /home/wyatt/ros2_ws/install/uf_interfaces/local/lib/python3.10/dist-packages/uf_interfaces-0.0.0-py3.10.egg-info/SOURCES.txt
-- Symlinking: /home/wyatt/ros2_ws/install/uf_interfaces/local/lib/python3.10/dist-packages/uf_interfaces-0.0.0-py3.10.egg-info/dependency_links.txt
-- Symlinking: /home/wyatt/ros2_ws/install/uf_interfaces/local/lib/python3.10/dist-packages/uf_interfaces-0.0.0-py3.10.egg-info/top_level.txt
-- Symlinking: /home/wyatt/ros2_ws/install/uf_interfaces/local/lib/python3.10/dist-packages/uf_interfaces/__init__.py
-- Symlinking: /home/wyatt/ros2_ws/install/uf_interfaces/local/lib/python3.10/dist-packages/uf_interfaces/_uf_interfaces_s.ep.rosidl_typesupport_c.c
-- Symlinking: /home/wyatt/ros2_ws/install/uf_interfaces/local/lib/python3.10/dist-packages/uf_interfaces/_uf_interfaces_s.ep.rosidl_typesupport_fastrtps_c.c
-- Symlinking: /home/wyatt/ros2_ws/install/uf_interfaces/local/lib/python3.10/dist-packages/uf_interfaces/_uf_interfaces_s.ep.rosidl_typesupport_introspection_c.c
-- Symlinking: /home/wyatt/ros2_ws/install/uf_interfaces/local/lib/python3.10/dist-packages/uf_interfaces/action/__init__.py
-- Symlinking: /home/wyatt/ros2_ws/install/uf_interfaces/local/lib/python3.10/dist-packages/uf_interfaces/action/_defend.py
-- Symlinking: /home/wyatt/ros2_ws/install/uf_interfaces/local/lib/python3.10/dist-packages/uf_interfaces/action/_defend_s.c
-- Symlinking: /home/wyatt/ros2_ws/install/uf_interfaces/local/lib/python3.10/dist-packages/uf_interfaces/action/_herd.py
-- Symlinking: /home/wyatt/ros2_ws/install/uf_interfaces/local/lib/python3.10/dist-packages/uf_interfaces/action/_herd_s.c
-- Symlinking: /home/wyatt/ros2_ws/install/uf_interfaces/local/lib/python3.10/dist-packages/uf_interfaces/libuf_interfaces__rosidl_generator_py.so
-- Symlinking: /home/wyatt/ros2_ws/install/uf_interfaces/local/lib/python3.10/dist-packages/uf_interfaces/msg/__init__.py
-- Symlinking: /home/wyatt/ros2_ws/install/uf_interfaces/local/lib/python3.10/dist-packages/uf_interfaces/msg/_position.py
-- Symlinking: /home/wyatt/ros2_ws/install/uf_interfaces/local/lib/python3.10/dist-packages/uf_interfaces/msg/_position_s.c
-- Symlinking: /home/wyatt/ros2_ws/install/uf_interfaces/local/lib/python3.10/dist-packages/uf_interfaces/srv/__init__.py
-- Symlinking: /home/wyatt/ros2_ws/install/uf_interfaces/local/lib/python3.10/dist-packages/uf_interfaces/srv/_geo_conv.py
-- Symlinking: /home/wyatt/ros2_ws/install/uf_interfaces/local/lib/python3.10/dist-packages/uf_interfaces/srv/_geo_conv_s.c
-- Symlinking: /home/wyatt/ros2_ws/install/uf_interfaces/local/lib/python3.10/dist-packages/uf_interfaces/srv/_task_assign.py
-- Symlinking: /home/wyatt/ros2_ws/install/uf_interfaces/local/lib/python3.10/dist-packages/uf_interfaces/srv/_task_assign_s.c
-- Symlinking: /home/wyatt/ros2_ws/install/uf_interfaces/local/lib/python3.10/dist-packages/uf_interfaces/uf_interfaces_s__rosidl_typesupport_c.cpython-310-x86_64-linux-gnu.so
-- Symlinking: /home/wyatt/ros2_ws/install/uf_interfaces/local/lib/python3.10/dist-packages/uf_interfaces/uf_interfaces_s__rosidl_typesupport_fastrtps_c.cpython-310-x86_64-linux-gnu.so
-- Symlinking: /home/wyatt/ros2_ws/install/uf_interfaces/local/lib/python3.10/dist-packages/uf_interfaces/uf_interfaces_s__rosidl_typesupport_introspection_c.cpython-310-x86_64-linux-gnu.so
-- Up-to-date symlink: /home/wyatt/ros2_ws/install/uf_interfaces/local/lib/python3.10/dist-packages/uf_interfaces/uf_interfaces_s__rosidl_typesupport_fastrtps_c.cpython-310-x86_64-linux-gnu.so
-- Up-to-date symlink: /home/wyatt/ros2_ws/install/uf_interfaces/local/lib/python3.10/dist-packages/uf_interfaces/uf_interfaces_s__rosidl_typesupport_introspection_c.cpython-310-x86_64-linux-gnu.so
-- Up-to-date symlink: /home/wyatt/ros2_ws/install/uf_interfaces/local/lib/python3.10/dist-packages/uf_interfaces/uf_interfaces_s__rosidl_typesupport_c.cpython-310-x86_64-linux-gnu.so
-- Symlinking: /home/wyatt/ros2_ws/install/uf_interfaces/share/uf_interfaces/action/Defend.idl
-- Symlinking: /home/wyatt/ros2_ws/install/uf_interfaces/share/uf_interfaces/action/Herd.idl
-- Symlinking: /home/wyatt/ros2_ws/install/uf_interfaces/share/uf_interfaces/msg/Position.idl
-- Symlinking: /home/wyatt/ros2_ws/install/uf_interfaces/share/uf_interfaces/srv/TaskAssign.idl
-- Symlinking: /home/wyatt/ros2_ws/install/uf_interfaces/share/uf_interfaces/srv/GeoConv.idl
-- Symlinking: /home/wyatt/ros2_ws/install/uf_interfaces/share/uf_interfaces/action/Defend.action
-- Symlinking: /home/wyatt/ros2_ws/install/uf_interfaces/share/uf_interfaces/action/Herd.action
-- Symlinking: /home/wyatt/ros2_ws/install/uf_interfaces/share/uf_interfaces/msg/Position.msg
-- Symlinking: /home/wyatt/ros2_ws/install/uf_interfaces/share/uf_interfaces/srv/TaskAssign.srv
-- Symlinking: /home/wyatt/ros2_ws/install/uf_interfaces/share/uf_interfaces/srv/TaskAssign_Request.msg
-- Symlinking: /home/wyatt/ros2_ws/install/uf_interfaces/share/uf_interfaces/srv/TaskAssign_Response.msg
-- Symlinking: /home/wyatt/ros2_ws/install/uf_interfaces/share/uf_interfaces/srv/GeoConv.srv
-- Symlinking: /home/wyatt/ros2_ws/install/uf_interfaces/share/uf_interfaces/srv/GeoConv_Request.msg
-- Symlinking: /home/wyatt/ros2_ws/install/uf_interfaces/share/uf_interfaces/srv/GeoConv_Response.msg
-- Symlinking: /home/wyatt/ros2_ws/install/uf_interfaces/share/ament_index/resource_index/package_run_dependencies/uf_interfaces
-- Symlinking: /home/wyatt/ros2_ws/install/uf_interfaces/share/ament_index/resource_index/parent_prefix_path/uf_interfaces
-- Symlinking: /home/wyatt/ros2_ws/install/uf_interfaces/share/uf_interfaces/environment/ament_prefix_path.sh
-- Symlinking: /home/wyatt/ros2_ws/install/uf_interfaces/share/uf_interfaces/environment/ament_prefix_path.dsv
-- Symlinking: /home/wyatt/ros2_ws/install/uf_interfaces/share/uf_interfaces/environment/path.sh
-- Symlinking: /home/wyatt/ros2_ws/install/uf_interfaces/share/uf_interfaces/environment/path.dsv
-- Symlinking: /home/wyatt/ros2_ws/install/uf_interfaces/share/uf_interfaces/local_setup.bash
-- Symlinking: /home/wyatt/ros2_ws/install/uf_interfaces/share/uf_interfaces/local_setup.sh
-- Symlinking: /home/wyatt/ros2_ws/install/uf_interfaces/share/uf_interfaces/local_setup.zsh
-- Symlinking: /home/wyatt/ros2_ws/install/uf_interfaces/share/uf_interfaces/local_setup.dsv
-- Symlinking: /home/wyatt/ros2_ws/install/uf_interfaces/share/uf_interfaces/package.dsv
-- Symlinking: /home/wyatt/ros2_ws/install/uf_interfaces/share/ament_index/resource_index/packages/uf_interfaces
-- Symlinking: /home/wyatt/ros2_ws/install/uf_interfaces/share/uf_interfaces/cmake/rosidl_cmake-extras.cmake
-- Symlinking: /home/wyatt/ros2_ws/install/uf_interfaces/share/uf_interfaces/cmake/ament_cmake_export_dependencies-extras.cmake
-- Symlinking: /home/wyatt/ros2_ws/install/uf_interfaces/share/uf_interfaces/cmake/ament_cmake_export_include_directories-extras.cmake
-- Symlinking: /home/wyatt/ros2_ws/install/uf_interfaces/share/uf_interfaces/cmake/ament_cmake_export_libraries-extras.cmake
-- Symlinking: /home/wyatt/ros2_ws/install/uf_interfaces/share/uf_interfaces/cmake/ament_cmake_export_targets-extras.cmake
-- Symlinking: /home/wyatt/ros2_ws/install/uf_interfaces/share/uf_interfaces/cmake/rosidl_cmake_export_typesupport_targets-extras.cmake
-- Symlinking: /home/wyatt/ros2_ws/install/uf_interfaces/share/uf_interfaces/cmake/rosidl_cmake_export_typesupport_libraries-extras.cmake
-- Symlinking: /home/wyatt/ros2_ws/install/uf_interfaces/share/uf_interfaces/cmake/uf_interfacesConfig.cmake
-- Symlinking: /home/wyatt/ros2_ws/install/uf_interfaces/share/uf_interfaces/cmake/uf_interfacesConfig-version.cmake
-- Symlinking: /home/wyatt/ros2_ws/install/uf_interfaces/share/uf_interfaces/package.xml
-- Installing: /home/wyatt/ros2_ws/install/uf_interfaces/lib/libuf_interfaces__rosidl_generator_c.so
-- Set runtime path of "/home/wyatt/ros2_ws/install/uf_interfaces/lib/libuf_interfaces__rosidl_generator_c.so" to ""
-- Installing: /home/wyatt/ros2_ws/install/uf_interfaces/lib/libuf_interfaces__rosidl_typesupport_fastrtps_c.so
-- Set runtime path of "/home/wyatt/ros2_ws/install/uf_interfaces/lib/libuf_interfaces__rosidl_typesupport_fastrtps_c.so" to ""
-- Installing: /home/wyatt/ros2_ws/install/uf_interfaces/lib/libuf_interfaces__rosidl_typesupport_fastrtps_cpp.so
-- Set runtime path of "/home/wyatt/ros2_ws/install/uf_interfaces/lib/libuf_interfaces__rosidl_typesupport_fastrtps_cpp.so" to ""
-- Installing: /home/wyatt/ros2_ws/install/uf_interfaces/lib/libuf_interfaces__rosidl_typesupport_introspection_c.so
-- Set runtime path of "/home/wyatt/ros2_ws/install/uf_interfaces/lib/libuf_interfaces__rosidl_typesupport_introspection_c.so" to ""
-- Installing: /home/wyatt/ros2_ws/install/uf_interfaces/lib/libuf_interfaces__rosidl_typesupport_c.so
-- Set runtime path of "/home/wyatt/ros2_ws/install/uf_interfaces/lib/libuf_interfaces__rosidl_typesupport_c.so" to ""
-- Installing: /home/wyatt/ros2_ws/install/uf_interfaces/lib/libuf_interfaces__rosidl_typesupport_introspection_cpp.so
-- Set runtime path of "/home/wyatt/ros2_ws/install/uf_interfaces/lib/libuf_interfaces__rosidl_typesupport_introspection_cpp.so" to ""
-- Installing: /home/wyatt/ros2_ws/install/uf_interfaces/lib/libuf_interfaces__rosidl_typesupport_cpp.so
-- Set runtime path of "/home/wyatt/ros2_ws/install/uf_interfaces/lib/libuf_interfaces__rosidl_typesupport_cpp.so" to ""
Listing '/home/wyatt/ros2_ws/install/uf_interfaces/local/lib/python3.10/dist-packages/uf_interfaces'...
Compiling '/home/wyatt/ros2_ws/install/uf_interfaces/local/lib/python3.10/dist-packages/uf_interfaces/__init__.py'...
Listing '/home/wyatt/ros2_ws/install/uf_interfaces/local/lib/python3.10/dist-packages/uf_interfaces/action'...
Compiling '/home/wyatt/ros2_ws/install/uf_interfaces/local/lib/python3.10/dist-packages/uf_interfaces/action/__init__.py'...
Compiling '/home/wyatt/ros2_ws/install/uf_interfaces/local/lib/python3.10/dist-packages/uf_interfaces/action/_defend.py'...
Compiling '/home/wyatt/ros2_ws/install/uf_interfaces/local/lib/python3.10/dist-packages/uf_interfaces/action/_herd.py'...
Listing '/home/wyatt/ros2_ws/install/uf_interfaces/local/lib/python3.10/dist-packages/uf_interfaces/msg'...
Compiling '/home/wyatt/ros2_ws/install/uf_interfaces/local/lib/python3.10/dist-packages/uf_interfaces/msg/__init__.py'...
Compiling '/home/wyatt/ros2_ws/install/uf_interfaces/local/lib/python3.10/dist-packages/uf_interfaces/msg/_position.py'...
Listing '/home/wyatt/ros2_ws/install/uf_interfaces/local/lib/python3.10/dist-packages/uf_interfaces/srv'...
Compiling '/home/wyatt/ros2_ws/install/uf_interfaces/local/lib/python3.10/dist-packages/uf_interfaces/srv/__init__.py'...
Compiling '/home/wyatt/ros2_ws/install/uf_interfaces/local/lib/python3.10/dist-packages/uf_interfaces/srv/_geo_conv.py'...
Compiling '/home/wyatt/ros2_ws/install/uf_interfaces/local/lib/python3.10/dist-packages/uf_interfaces/srv/_task_assign.py'...
-- Installing: /home/wyatt/ros2_ws/install/uf_interfaces/lib/libuf_interfaces__rosidl_generator_py.so
-- Set runtime path of "/home/wyatt/ros2_ws/install/uf_interfaces/lib/libuf_interfaces__rosidl_generator_py.so" to ""
-- Installing: /home/wyatt/ros2_ws/install/uf_interfaces/share/uf_interfaces/cmake/export_uf_interfaces__rosidl_generator_cExport.cmake
-- Installing: /home/wyatt/ros2_ws/install/uf_interfaces/share/uf_interfaces/cmake/export_uf_interfaces__rosidl_generator_cExport-noconfig.cmake
-- Installing: /home/wyatt/ros2_ws/install/uf_interfaces/share/uf_interfaces/cmake/export_uf_interfaces__rosidl_typesupport_fastrtps_cExport.cmake
-- Installing: /home/wyatt/ros2_ws/install/uf_interfaces/share/uf_interfaces/cmake/export_uf_interfaces__rosidl_typesupport_fastrtps_cExport-noconfig.cmake
-- Installing: /home/wyatt/ros2_ws/install/uf_interfaces/share/uf_interfaces/cmake/export_uf_interfaces__rosidl_generator_cppExport.cmake
-- Installing: /home/wyatt/ros2_ws/install/uf_interfaces/share/uf_interfaces/cmake/export_uf_interfaces__rosidl_typesupport_fastrtps_cppExport.cmake
-- Installing: /home/wyatt/ros2_ws/install/uf_interfaces/share/uf_interfaces/cmake/export_uf_interfaces__rosidl_typesupport_fastrtps_cppExport-noconfig.cmake
-- Installing: /home/wyatt/ros2_ws/install/uf_interfaces/share/uf_interfaces/cmake/uf_interfaces__rosidl_typesupport_introspection_cExport.cmake
-- Installing: /home/wyatt/ros2_ws/install/uf_interfaces/share/uf_interfaces/cmake/uf_interfaces__rosidl_typesupport_introspection_cExport-noconfig.cmake
-- Installing: /home/wyatt/ros2_ws/install/uf_interfaces/share/uf_interfaces/cmake/uf_interfaces__rosidl_typesupport_cExport.cmake
-- Installing: /home/wyatt/ros2_ws/install/uf_interfaces/share/uf_interfaces/cmake/uf_interfaces__rosidl_typesupport_cExport-noconfig.cmake
-- Installing: /home/wyatt/ros2_ws/install/uf_interfaces/share/uf_interfaces/cmake/uf_interfaces__rosidl_typesupport_introspection_cppExport.cmake
-- Installing: /home/wyatt/ros2_ws/install/uf_interfaces/share/uf_interfaces/cmake/uf_interfaces__rosidl_typesupport_introspection_cppExport-noconfig.cmake
-- Installing: /home/wyatt/ros2_ws/install/uf_interfaces/share/uf_interfaces/cmake/uf_interfaces__rosidl_typesupport_cppExport.cmake
-- Installing: /home/wyatt/ros2_ws/install/uf_interfaces/share/uf_interfaces/cmake/uf_interfaces__rosidl_typesupport_cppExport-noconfig.cmake
-- Installing: /home/wyatt/ros2_ws/install/uf_interfaces/share/uf_interfaces/cmake/export_uf_interfaces__rosidl_generator_pyExport.cmake
-- Installing: /home/wyatt/ros2_ws/install/uf_interfaces/share/uf_interfaces/cmake/export_uf_interfaces__rosidl_generator_pyExport-noconfig.cmake
