[1.573s] Invoking command in '/home/wyatt/ros2_ws/src/common/emlid_interface': PYTHONPATH=/home/wyatt/ros2_ws/build/emlid_interface/prefix_override:/usr/lib/python3/dist-packages/colcon_core/task/python/colcon_distutils_commands:/home/wyatt/ros2_ws/install/emlid_interface/lib/python3.10/site-packages:${PYTHONPATH} /usr/bin/python3 -W ignore:setup.py install is deprecated -W ignore:easy_install command is deprecated setup.py egg_info --egg-base ../../../build/emlid_interface build --build-base /home/wyatt/ros2_ws/build/emlid_interface/build install --record /home/wyatt/ros2_ws/build/emlid_interface/install.log --single-version-externally-managed install_data
[2.049s] running egg_info
[2.051s] creating ../../../build/emlid_interface/emlid_interface.egg-info
[2.051s] writing ../../../build/emlid_interface/emlid_interface.egg-info/PKG-INFO
[2.052s] writing dependency_links to ../../../build/emlid_interface/emlid_interface.egg-info/dependency_links.txt
[2.053s] writing entry points to ../../../build/emlid_interface/emlid_interface.egg-info/entry_points.txt
[2.053s] writing requirements to ../../../build/emlid_interface/emlid_interface.egg-info/requires.txt
[2.054s] writing top-level names to ../../../build/emlid_interface/emlid_interface.egg-info/top_level.txt
[2.054s] writing manifest file '../../../build/emlid_interface/emlid_interface.egg-info/SOURCES.txt'
[2.057s] reading manifest file '../../../build/emlid_interface/emlid_interface.egg-info/SOURCES.txt'
[2.059s] writing manifest file '../../../build/emlid_interface/emlid_interface.egg-info/SOURCES.txt'
[2.060s] running build
[2.060s] running build_py
[2.061s] creating /home/wyatt/ros2_ws/build/emlid_interface/build
[2.061s] creating /home/wyatt/ros2_ws/build/emlid_interface/build/lib
[2.061s] creating /home/wyatt/ros2_ws/build/emlid_interface/build/lib/emlid_interface
[2.062s] copying emlid_interface/emlid_interface_node.py -> /home/wyatt/ros2_ws/build/emlid_interface/build/lib/emlid_interface
[2.062s] copying emlid_interface/__init__.py -> /home/wyatt/ros2_ws/build/emlid_interface/build/lib/emlid_interface
[2.063s] running install
[2.064s] running install_lib
[2.065s] creating /home/wyatt/ros2_ws/install/emlid_interface/lib/python3.10/site-packages/emlid_interface
[2.066s] copying /home/wyatt/ros2_ws/build/emlid_interface/build/lib/emlid_interface/emlid_interface_node.py -> /home/wyatt/ros2_ws/install/emlid_interface/lib/python3.10/site-packages/emlid_interface
[2.068s] copying /home/wyatt/ros2_ws/build/emlid_interface/build/lib/emlid_interface/__init__.py -> /home/wyatt/ros2_ws/install/emlid_interface/lib/python3.10/site-packages/emlid_interface
[2.068s] byte-compiling /home/wyatt/ros2_ws/install/emlid_interface/lib/python3.10/site-packages/emlid_interface/emlid_interface_node.py to emlid_interface_node.cpython-310.pyc
[2.071s] byte-compiling /home/wyatt/ros2_ws/install/emlid_interface/lib/python3.10/site-packages/emlid_interface/__init__.py to __init__.cpython-310.pyc
[2.072s] running install_data
[2.072s] creating /home/wyatt/ros2_ws/install/emlid_interface/share/ament_index
[2.073s] creating /home/wyatt/ros2_ws/install/emlid_interface/share/ament_index/resource_index
[2.073s] creating /home/wyatt/ros2_ws/install/emlid_interface/share/ament_index/resource_index/packages
[2.074s] copying resource/emlid_interface -> /home/wyatt/ros2_ws/install/emlid_interface/share/ament_index/resource_index/packages
[2.075s] copying package.xml -> /home/wyatt/ros2_ws/install/emlid_interface/share/emlid_interface
[2.077s] creating /home/wyatt/ros2_ws/install/emlid_interface/share/emlid_interface/launch
[2.078s] copying launch/emlid_interface_launch.py -> /home/wyatt/ros2_ws/install/emlid_interface/share/emlid_interface/launch
[2.078s] running install_egg_info
[2.082s] Copying ../../../build/emlid_interface/emlid_interface.egg-info to /home/wyatt/ros2_ws/install/emlid_interface/lib/python3.10/site-packages/emlid_interface-0.0.0-py3.10.egg-info
[2.082s] running install_scripts
[2.126s] Installing emlid_interface_node script to /home/wyatt/ros2_ws/install/emlid_interface/lib/emlid_interface
[2.127s] writing list of installed files to '/home/wyatt/ros2_ws/build/emlid_interface/install.log'
[2.762s] Invoked command in '/home/wyatt/ros2_ws/src/common/emlid_interface' returned '0': PYTHONPATH=/home/wyatt/ros2_ws/build/emlid_interface/prefix_override:/usr/lib/python3/dist-packages/colcon_core/task/python/colcon_distutils_commands:/home/wyatt/ros2_ws/install/emlid_interface/lib/python3.10/site-packages:${PYTHONPATH} /usr/bin/python3 -W ignore:setup.py install is deprecated -W ignore:easy_install command is deprecated setup.py egg_info --egg-base ../../../build/emlid_interface build --build-base /home/wyatt/ros2_ws/build/emlid_interface/build install --record /home/wyatt/ros2_ws/build/emlid_interface/install.log --single-version-externally-managed install_data
