[1.463s] Invoking command in '/home/wyatt/ros2_ws/src/herding_control': PYTHONPATH=/home/wyatt/ros2_ws/build/herding_control/prefix_override:/usr/lib/python3/dist-packages/colcon_core/task/python/colcon_distutils_commands:/home/wyatt/ros2_ws/install/herding_control/lib/python3.10/site-packages:${PYTHONPATH} /usr/bin/python3 -W ignore:setup.py install is deprecated -W ignore:easy_install command is deprecated setup.py egg_info --egg-base ../../build/herding_control build --build-base /home/wyatt/ros2_ws/build/herding_control/build install --record /home/wyatt/ros2_ws/build/herding_control/install.log --single-version-externally-managed install_data
[1.770s] running egg_info
[1.770s] writing ../../build/herding_control/herding_control.egg-info/PKG-INFO
[1.770s] writing dependency_links to ../../build/herding_control/herding_control.egg-info/dependency_links.txt
[1.770s] writing entry points to ../../build/herding_control/herding_control.egg-info/entry_points.txt
[1.771s] writing requirements to ../../build/herding_control/herding_control.egg-info/requires.txt
[1.771s] writing top-level names to ../../build/herding_control/herding_control.egg-info/top_level.txt
[1.771s] reading manifest file '../../build/herding_control/herding_control.egg-info/SOURCES.txt'
[1.771s] writing manifest file '../../build/herding_control/herding_control.egg-info/SOURCES.txt'
[1.771s] running build
[1.771s] running build_py
[1.772s] running install
[1.772s] running install_lib
[1.772s] running install_data
[1.772s] running install_egg_info
[1.773s] removing '/home/wyatt/ros2_ws/install/herding_control/lib/python3.10/site-packages/herding_control-0.0.0-py3.10.egg-info' (and everything under it)
[1.773s] Copying ../../build/herding_control/herding_control.egg-info to /home/wyatt/ros2_ws/install/herding_control/lib/python3.10/site-packages/herding_control-0.0.0-py3.10.egg-info
[1.773s] running install_scripts
[1.782s] Installing herding_agent_node script to /home/wyatt/ros2_ws/install/herding_control/lib/herding_control
[1.783s] Installing herding_target_node script to /home/wyatt/ros2_ws/install/herding_control/lib/herding_control
[1.783s] writing list of installed files to '/home/wyatt/ros2_ws/build/herding_control/install.log'
[2.093s] Invoked command in '/home/wyatt/ros2_ws/src/herding_control' returned '0': PYTHONPATH=/home/wyatt/ros2_ws/build/herding_control/prefix_override:/usr/lib/python3/dist-packages/colcon_core/task/python/colcon_distutils_commands:/home/wyatt/ros2_ws/install/herding_control/lib/python3.10/site-packages:${PYTHONPATH} /usr/bin/python3 -W ignore:setup.py install is deprecated -W ignore:easy_install command is deprecated setup.py egg_info --egg-base ../../build/herding_control build --build-base /home/wyatt/ros2_ws/build/herding_control/build install --record /home/wyatt/ros2_ws/build/herding_control/install.log --single-version-externally-managed install_data
