[2.951s] Invoking command in '/home/wyatt/ros2_ws/src/estop_button': PYTHONPATH=/home/wyatt/ros2_ws/build/estop_button/prefix_override:/home/wyatt/ros2_ws/install/estop_button/lib/python3.10/site-packages:${PYTHONPATH} /usr/bin/python3 -W ignore:setup.py install is deprecated setup.py egg_info --egg-base ../../build/estop_button build --build-base /home/wyatt/ros2_ws/build/estop_button/build install --record /home/wyatt/ros2_ws/build/estop_button/install.log --single-version-externally-managed install_data
[3.873s] running egg_info
[3.876s] creating ../../build/estop_button/estop_button.egg-info
[3.876s] writing ../../build/estop_button/estop_button.egg-info/PKG-INFO
[3.876s] writing dependency_links to ../../build/estop_button/estop_button.egg-info/dependency_links.txt
[3.877s] writing entry points to ../../build/estop_button/estop_button.egg-info/entry_points.txt
[3.877s] writing requirements to ../../build/estop_button/estop_button.egg-info/requires.txt
[3.877s] writing top-level names to ../../build/estop_button/estop_button.egg-info/top_level.txt
[3.877s] writing manifest file '../../build/estop_button/estop_button.egg-info/SOURCES.txt'
[3.882s] reading manifest file '../../build/estop_button/estop_button.egg-info/SOURCES.txt'
[3.883s] writing manifest file '../../build/estop_button/estop_button.egg-info/SOURCES.txt'
[3.883s] running build
[3.883s] running build_py
[3.883s] creating /home/wyatt/ros2_ws/build/estop_button/build
[3.883s] creating /home/wyatt/ros2_ws/build/estop_button/build/lib
[3.884s] creating /home/wyatt/ros2_ws/build/estop_button/build/lib/estop_button
[3.884s] copying estop_button/__init__.py -> /home/wyatt/ros2_ws/build/estop_button/build/lib/estop_button
[3.884s] copying estop_button/estop_button.py -> /home/wyatt/ros2_ws/build/estop_button/build/lib/estop_button
[3.884s] running install
[3.895s] running install_lib
[3.895s] creating /home/wyatt/ros2_ws/install/estop_button/lib/python3.10/site-packages/estop_button
[3.898s] copying /home/wyatt/ros2_ws/build/estop_button/build/lib/estop_button/__init__.py -> /home/wyatt/ros2_ws/install/estop_button/lib/python3.10/site-packages/estop_button
[3.898s] copying /home/wyatt/ros2_ws/build/estop_button/build/lib/estop_button/estop_button.py -> /home/wyatt/ros2_ws/install/estop_button/lib/python3.10/site-packages/estop_button
[3.898s] byte-compiling /home/wyatt/ros2_ws/install/estop_button/lib/python3.10/site-packages/estop_button/__init__.py to __init__.cpython-310.pyc
[3.899s] byte-compiling /home/wyatt/ros2_ws/install/estop_button/lib/python3.10/site-packages/estop_button/estop_button.py to estop_button.cpython-310.pyc
[3.899s] running install_data
[3.899s] creating /home/wyatt/ros2_ws/install/estop_button/share/ament_index
[3.899s] creating /home/wyatt/ros2_ws/install/estop_button/share/ament_index/resource_index
[3.900s] creating /home/wyatt/ros2_ws/install/estop_button/share/ament_index/resource_index/packages
[3.900s] copying resource/estop_button -> /home/wyatt/ros2_ws/install/estop_button/share/ament_index/resource_index/packages
[3.900s] copying package.xml -> /home/wyatt/ros2_ws/install/estop_button/share/estop_button
[3.900s] running install_egg_info
[3.900s] Copying ../../build/estop_button/estop_button.egg-info to /home/wyatt/ros2_ws/install/estop_button/lib/python3.10/site-packages/estop_button-0.0.0-py3.10.egg-info
[3.901s] running install_scripts
[3.944s] writing list of installed files to '/home/wyatt/ros2_ws/build/estop_button/install.log'
[4.023s] Invoked command in '/home/wyatt/ros2_ws/src/estop_button' returned '0': PYTHONPATH=/home/wyatt/ros2_ws/build/estop_button/prefix_override:/home/wyatt/ros2_ws/install/estop_button/lib/python3.10/site-packages:${PYTHONPATH} /usr/bin/python3 -W ignore:setup.py install is deprecated setup.py egg_info --egg-base ../../build/estop_button build --build-base /home/wyatt/ros2_ws/build/estop_button/build install --record /home/wyatt/ros2_ws/build/estop_button/install.log --single-version-externally-managed install_data
