[4.065s] Invoking command in '/home/wyatt/ros2_ws/src/estop_button': PYTHONPATH=/home/wyatt/ros2_ws/build/estop_button/prefix_override:/home/wyatt/ros2_ws/install/estop_button/lib/python3.10/site-packages:${PYTHONPATH} /usr/bin/python3 setup.py egg_info --egg-base ../../build/estop_button build --build-base /home/wyatt/ros2_ws/build/estop_button/build install --record /home/wyatt/ros2_ws/build/estop_button/install.log --single-version-externally-managed
[4.833s] running egg_info
[4.834s] writing ../../build/estop_button/estop_button.egg-info/PKG-INFO
[4.836s] writing dependency_links to ../../build/estop_button/estop_button.egg-info/dependency_links.txt
[4.837s] writing entry points to ../../build/estop_button/estop_button.egg-info/entry_points.txt
[4.840s] writing requirements to ../../build/estop_button/estop_button.egg-info/requires.txt
[4.842s] writing top-level names to ../../build/estop_button/estop_button.egg-info/top_level.txt
[4.849s] reading manifest file '../../build/estop_button/estop_button.egg-info/SOURCES.txt'
[4.853s] writing manifest file '../../build/estop_button/estop_button.egg-info/SOURCES.txt'
[4.855s] running build
[4.856s] running build_py
[4.858s] running install
[4.859s] running install_lib
[4.863s] running install_data
[4.865s] running install_egg_info
[4.870s] removing '/home/wyatt/ros2_ws/install/estop_button/lib/python3.10/site-packages/estop_button-0.0.0-py3.10.egg-info' (and everything under it)
[4.880s] Copying ../../build/estop_button/estop_button.egg-info to /home/wyatt/ros2_ws/install/estop_button/lib/python3.10/site-packages/estop_button-0.0.0-py3.10.egg-info
[4.897s] running install_scripts
[4.945s] writing list of installed files to '/home/wyatt/ros2_ws/build/estop_button/install.log'
[5.495s] Invoked command in '/home/wyatt/ros2_ws/src/estop_button' returned '0': PYTHONPATH=/home/wyatt/ros2_ws/build/estop_button/prefix_override:/home/wyatt/ros2_ws/install/estop_button/lib/python3.10/site-packages:${PYTHONPATH} /usr/bin/python3 setup.py egg_info --egg-base ../../build/estop_button build --build-base /home/wyatt/ros2_ws/build/estop_button/build install --record /home/wyatt/ros2_ws/build/estop_button/install.log --single-version-externally-managed
